ERROR: logger: /software/python-anaconda-2021.05-el8-x86_64/lib/libuuid.so.1: no version information available (required by /lib64/libblkid.so.1)
      while executing
  "exec logger -t modulecmd "[get-env USER]: $command [join $args]""
      (procedure "module" line 2)
      invoked from within
  "module autoinit"
      ("eval" body line 1)
      invoked from within
  "eval $execcmdlist"
  Please report this issue at https://github.com/cea-hpc/modules/issues
ERROR: logger: /software/python-anaconda-2021.05-el8-x86_64/lib/libuuid.so.1: no version information available (required by /lib64/libblkid.so.1)
      while executing
  "exec logger -t modulecmd "[get-env USER]: $command [join $args]""
      (procedure "module" line 2)
      invoked from within
  "module load python/anaconda-2021.05"
      ("eval" body line 1)
      invoked from within
  "eval $execcmdlist"
  Please report this issue at https://github.com/cea-hpc/modules/issues
Traceback (most recent call last):
  File "/project/nicho/caleb/git/intermittent_control_project/code/python_switching_models/HMM_param_search.py", line 45, in <module>
    folderpath_base = folderpath_base_base + "data/python_switching_models/"
NameError: name 'folderpath_base_base' is not defined
