Processed spikes from trial 10.
Processed spikes from trial 20.
Processed spikes from trial 30.
Processed spikes from trial 40.
Processed spikes from trial 50.
Processed spikes from trial 60.
Processed spikes from trial 70.
Processed spikes from trial 80.
Processed spikes from trial 90.
Processed spikes from trial 100.
Processed spikes from trial 110.
Processed spikes from trial 120.
Processed spikes from trial 130.
Processed spikes from trial 140.
Processed spikes from trial 150.
Processed spikes from trial 160.
Processed spikes from trial 170.
Processed spikes from trial 180.
Processed spikes from trial 190.
Processed spikes from trial 200.
Processed spikes from trial 210.
Processed spikes from trial 220.
Processed spikes from trial 230.
Processed spikes from trial 240.
Processed spikes from trial 250.
Processed spikes from trial 260.
Processed spikes from trial 270.
Processed spikes from trial 280.
Processed spikes from trial 290.
Processed spikes from trial 300.
Processed Kinematics from trial 10
Processed Kinematics from trial 20
Processed Kinematics from trial 30
Processed Kinematics from trial 40
Processed Kinematics from trial 50
Processed Kinematics from trial 60
Processed Kinematics from trial 70
Processed Kinematics from trial 80
Processed Kinematics from trial 90
Processed Kinematics from trial 100
Processed Kinematics from trial 110
Processed Kinematics from trial 120
Processed Kinematics from trial 130
Processed Kinematics from trial 140
Processed Kinematics from trial 150
Processed Kinematics from trial 160
Processed Kinematics from trial 170
Processed Kinematics from trial 180
Processed Kinematics from trial 190
Processed Kinematics from trial 200
Processed Kinematics from trial 210
Processed Kinematics from trial 220
Processed Kinematics from trial 230
Processed Kinematics from trial 240
Processed Kinematics from trial 250
Processed Kinematics from trial 260
Processed Kinematics from trial 270
Processed Kinematics from trial 280
Processed Kinematics from trial 290
Processed Kinematics from trial 300
Processed spikes from trial 10.
Processed spikes from trial 20.
Processed spikes from trial 30.
Processed spikes from trial 40.
Processed spikes from trial 50.
Processed spikes from trial 60.
Processed spikes from trial 70.
Processed spikes from trial 80.
Processed spikes from trial 90.
Processed spikes from trial 100.
Processed spikes from trial 110.
Processed spikes from trial 120.
Processed spikes from trial 130.
Processed spikes from trial 140.
Processed spikes from trial 150.
Processed spikes from trial 160.
Processed spikes from trial 170.
Processed spikes from trial 180.
Processed spikes from trial 190.
Processed spikes from trial 200.
Processed spikes from trial 210.
Processed spikes from trial 220.
Processed spikes from trial 230.
Processed spikes from trial 240.
Processed spikes from trial 250.
Processed spikes from trial 260.
Processed spikes from trial 270.
Processed spikes from trial 280.
Processed spikes from trial 290.
Processed spikes from trial 300.
Processed Kinematics from trial 10
Processed Kinematics from trial 20
Processed Kinematics from trial 30
Processed Kinematics from trial 40
Processed Kinematics from trial 50
Processed Kinematics from trial 60
Processed Kinematics from trial 70
Processed Kinematics from trial 80
Processed Kinematics from trial 90
Processed Kinematics from trial 100
Processed Kinematics from trial 110
Processed Kinematics from trial 120
Processed Kinematics from trial 130
Processed Kinematics from trial 140
Processed Kinematics from trial 150
Processed Kinematics from trial 160
Processed Kinematics from trial 170
Processed Kinematics from trial 180
Processed Kinematics from trial 190
Processed Kinematics from trial 200
Processed Kinematics from trial 210
Processed Kinematics from trial 220
Processed Kinematics from trial 230
Processed Kinematics from trial 240
Processed Kinematics from trial 250
Processed Kinematics from trial 260
Processed Kinematics from trial 270
Processed Kinematics from trial 280
Processed Kinematics from trial 290
Processed Kinematics from trial 300
Traceback (most recent call last):
  File "/dali/nicho/caleb/git/intermittent_control_project/code/python_switching_models/run_param_search.py", line 26, in <module>
    run_rslds(
  File "/dali/nicho/caleb/git/intermittent_control_project/code/python_switching_models/run_rslds.py", line 114, in run_rslds
    trial_classification, neuron_classification = assign_trials_to_HMM_group(
  File "/dali/nicho/caleb/git/intermittent_control_project/code/python_switching_models/assign_trials_to_HMM_group.py", line 50, in assign_trials_to_HMM_group
    fold_test_trials = multifold_shuffled_order[test_mask]
IndexError: boolean index did not match indexed array along dimension 0; dimension is 304 but corresponding boolean dimension is 305
Processed spikes from trial 10.
Processed spikes from trial 20.
Processed spikes from trial 30.
Processed spikes from trial 40.
Processed spikes from trial 50.
Processed spikes from trial 60.
Processed spikes from trial 70.
Processed spikes from trial 80.
Processed spikes from trial 90.
Processed spikes from trial 100.
Processed spikes from trial 110.
Processed spikes from trial 120.
Processed spikes from trial 130.
Processed spikes from trial 140.
Processed spikes from trial 150.
Processed spikes from trial 160.
Processed spikes from trial 170.
Processed spikes from trial 180.
Processed spikes from trial 190.
Processed spikes from trial 200.
Processed spikes from trial 210.
Processed spikes from trial 220.
Processed spikes from trial 230.
Processed spikes from trial 240.
Processed spikes from trial 250.
Processed spikes from trial 260.
Processed spikes from trial 270.
Processed spikes from trial 280.
Processed spikes from trial 290.
Processed spikes from trial 300.
Processed Kinematics from trial 10
Processed Kinematics from trial 20
Processed Kinematics from trial 30
Processed Kinematics from trial 40
Processed Kinematics from trial 50
Processed Kinematics from trial 60
Processed Kinematics from trial 70
Processed Kinematics from trial 80
Processed Kinematics from trial 90
Processed Kinematics from trial 100
Processed Kinematics from trial 110
Processed Kinematics from trial 120
Processed Kinematics from trial 130
Processed Kinematics from trial 140
Processed Kinematics from trial 150
Processed Kinematics from trial 160
Processed Kinematics from trial 170
Processed Kinematics from trial 180
Processed Kinematics from trial 190
Processed Kinematics from trial 200
Processed Kinematics from trial 210
Processed Kinematics from trial 220
Processed Kinematics from trial 230
Processed Kinematics from trial 240
Processed Kinematics from trial 250
Processed Kinematics from trial 260
Processed Kinematics from trial 270
Processed Kinematics from trial 280
Processed Kinematics from trial 290
Processed Kinematics from trial 300
Traceback (most recent call last):
  File "/dali/nicho/caleb/git/intermittent_control_project/code/python_switching_models/run_param_search.py", line 26, in <module>
    run_rslds(
  File "/dali/nicho/caleb/git/intermittent_control_project/code/python_switching_models/run_rslds.py", line 114, in run_rslds
    trial_classification, neuron_classification = assign_trials_to_HMM_group(
  File "/dali/nicho/caleb/git/intermittent_control_project/code/python_switching_models/assign_trials_to_HMM_group.py", line 50, in assign_trials_to_HMM_group
    fold_test_trials = multifold_shuffled_order[test_mask]
IndexError: boolean index did not match indexed array along dimension 0; dimension is 304 but corresponding boolean dimension is 305
Processed spikes from trial 10.
Processed spikes from trial 20.
Processed spikes from trial 30.
Processed spikes from trial 40.
Processed spikes from trial 50.
Processed spikes from trial 60.
Processed spikes from trial 70.
Processed spikes from trial 80.
Processed spikes from trial 90.
Processed spikes from trial 100.
Processed spikes from trial 110.
Processed spikes from trial 120.
Processed spikes from trial 130.
Processed spikes from trial 140.
Processed spikes from trial 150.
Processed spikes from trial 160.
Processed spikes from trial 170.
Processed spikes from trial 180.
Processed spikes from trial 190.
Processed spikes from trial 200.
Processed spikes from trial 210.
Processed spikes from trial 220.
Processed spikes from trial 230.
Processed spikes from trial 240.
Processed spikes from trial 250.
Processed spikes from trial 260.
Processed spikes from trial 270.
Processed spikes from trial 280.
Processed spikes from trial 290.
Processed spikes from trial 300.
Processed Kinematics from trial 10
Processed Kinematics from trial 20
Processed Kinematics from trial 30
Processed Kinematics from trial 40
Processed Kinematics from trial 50
Processed Kinematics from trial 60
Processed Kinematics from trial 70
Processed Kinematics from trial 80
Processed Kinematics from trial 90
Processed Kinematics from trial 100
Processed Kinematics from trial 110
Processed Kinematics from trial 120
Processed Kinematics from trial 130
Processed Kinematics from trial 140
Processed Kinematics from trial 150
Processed Kinematics from trial 160
Processed Kinematics from trial 170
Processed Kinematics from trial 180
Processed Kinematics from trial 190
Processed Kinematics from trial 200
Processed Kinematics from trial 210
Processed Kinematics from trial 220
Processed Kinematics from trial 230
Processed Kinematics from trial 240
Processed Kinematics from trial 250
Processed Kinematics from trial 260
Processed Kinematics from trial 270
Processed Kinematics from trial 280
Processed Kinematics from trial 290
Processed Kinematics from trial 300
Processed spikes from trial 10.
Processed spikes from trial 20.
Processed spikes from trial 30.
Processed spikes from trial 40.
Processed spikes from trial 50.
Processed spikes from trial 60.
Processed spikes from trial 70.
Processed spikes from trial 80.
Processed spikes from trial 90.
Processed spikes from trial 100.
Processed spikes from trial 110.
Processed spikes from trial 120.
Processed spikes from trial 130.
Processed spikes from trial 140.
Processed spikes from trial 150.
Processed spikes from trial 160.
Processed spikes from trial 170.
Processed spikes from trial 180.
Processed spikes from trial 190.
Processed spikes from trial 200.
Processed spikes from trial 210.
Processed spikes from trial 220.
Processed spikes from trial 230.
Processed spikes from trial 240.
Processed spikes from trial 250.
Processed spikes from trial 260.
Processed spikes from trial 270.
Processed spikes from trial 280.
Processed spikes from trial 290.
Processed spikes from trial 300.
Processed Kinematics from trial 10
Processed Kinematics from trial 20
Processed Kinematics from trial 30
Processed Kinematics from trial 40
Processed Kinematics from trial 50
Processed Kinematics from trial 60
Processed Kinematics from trial 70
Processed Kinematics from trial 80
Processed Kinematics from trial 90
Processed Kinematics from trial 100
Processed Kinematics from trial 110
Processed Kinematics from trial 120
Processed Kinematics from trial 130
Processed Kinematics from trial 140
Processed Kinematics from trial 150
Processed Kinematics from trial 160
Processed Kinematics from trial 170
Processed Kinematics from trial 180
Processed Kinematics from trial 190
Processed Kinematics from trial 200
Processed Kinematics from trial 210
Processed Kinematics from trial 220
Processed Kinematics from trial 230
Processed Kinematics from trial 240
Processed Kinematics from trial 250
Processed Kinematics from trial 260
Processed Kinematics from trial 270
Processed Kinematics from trial 280
Processed Kinematics from trial 290
Processed Kinematics from trial 300
Traceback (most recent call last):
  File "/dali/nicho/caleb/git/intermittent_control_project/code/python_switching_models/run_param_search.py", line 26, in <module>
    run_rslds(
  File "/dali/nicho/caleb/git/intermittent_control_project/code/python_switching_models/run_rslds.py", line 114, in run_rslds
    trial_classification, neuron_classification = assign_trials_to_HMM_group(
  File "/dali/nicho/caleb/git/intermittent_control_project/code/python_switching_models/assign_trials_to_HMM_group.py", line 50, in assign_trials_to_HMM_group
    fold_test_trials = multifold_shuffled_order[test_mask]
IndexError: boolean index did not match indexed array along dimension 0; dimension is 304 but corresponding boolean dimension is 305
Traceback (most recent call last):
  File "/dali/nicho/caleb/git/intermittent_control_project/code/python_switching_models/run_param_search.py", line 26, in <module>
    run_rslds(
  File "/dali/nicho/caleb/git/intermittent_control_project/code/python_switching_models/run_rslds.py", line 114, in run_rslds
    trial_classification, neuron_classification = assign_trials_to_HMM_group(
  File "/dali/nicho/caleb/git/intermittent_control_project/code/python_switching_models/assign_trials_to_HMM_group.py", line 50, in assign_trials_to_HMM_group
    fold_test_trials = multifold_shuffled_order[test_mask]
IndexError: boolean index did not match indexed array along dimension 0; dimension is 304 but corresponding boolean dimension is 305
Traceback (most recent call last):
  File "/dali/nicho/caleb/git/intermittent_control_project/code/python_switching_models/run_param_search.py", line 26, in <module>
    run_rslds(
  File "/dali/nicho/caleb/git/intermittent_control_project/code/python_switching_models/run_rslds.py", line 114, in run_rslds
    trial_classification, neuron_classification = assign_trials_to_HMM_group(
  File "/dali/nicho/caleb/git/intermittent_control_project/code/python_switching_models/assign_trials_to_HMM_group.py", line 50, in assign_trials_to_HMM_group
    fold_test_trials = multifold_shuffled_order[test_mask]
IndexError: boolean index did not match indexed array along dimension 0; dimension is 304 but corresponding boolean dimension is 305
