My SLURM_ARRAY_TASK_ID:  17

                            < M A T L A B (R) >
                  Copyright 1984-2014 The MathWorks, Inc.
                   R2014b (8.4.0.150421) 64-bit (glnxa64)
                             September 15, 2014

 
For online documentation, see http://www.mathworks.com/support
For product information, visit www.mathworks.com.
 
    ----------------------------------------------------
	Your MATLAB license will expire in 50 days.
	Please contact your system administrator or
	MathWorks to renew this license.
    ----------------------------------------------------
Itr 58, LL= -8503982.075523 (23.331989). Anneal status: T=2.30, dE=63.76, candidate was rejected
Itr 59, LL= -8503754.262444 (26.788989). Anneal status: T=0.00, dE=119.76, candidate was rejected
Itr 60, LL= -8503520.207156 (27.523760). Anneal status: T=0.00, dE=50.06, candidate was rejected
Itr 61, LL= -8503267.271630 (29.744802). Anneal status: T=0.00, dE=57.10, candidate was rejected
Itr 62, LL= -8502996.259345 (31.871547). Anneal status: T=0.00, dE=217.44, candidate was rejected
Itr 63, LL= -8502719.400500 (32.560151). Anneal status: T=0.00, dE=108.66, candidate was rejected
Itr 64, LL= -8502448.464081 (31.864678). Anneal status: T=0.00, dE=72.21, candidate was rejected
Itr 65, LL= -8502207.025083 (28.396408). Anneal status: T=0.00, dE=44.49, candidate was rejected
Itr 66, LL= -8501984.206158 (26.207186). Anneal status: T=0.00, dE=17.46, candidate was rejected
Itr 67, LL= -8501785.328603 (23.391899). Anneal status: T=0.00, dE=69.28, candidate was rejected
Itr 68, LL= -8501529.472916 (30.094348). Anneal status: T=0.00, dE=140.66, candidate was rejected
Itr 69, LL= -8501146.560521 (45.040413). Anneal status: T=0.00, dE=47.35, candidate was rejected
Itr 70, LL= -8500789.767467 (41.969992). Anneal status: T=0.00, dE=45.91, candidate was rejected
Itr 71, LL= -8500527.862973 (30.809431). Anneal status: T=0.00, dE=53.73, candidate was rejected
Itr 72, LL= -8500336.764733 (22.480750). Anneal status: T=0.00, dE=56.81, candidate was rejected
Itr 73, LL= -8500179.079830 (18.550430). Anneal status: T=0.00, dE=46.99, candidate was rejected
Itr 74, LL= -8500025.053223 (18.120396). Anneal status: T=0.00, dE=52.58, candidate was rejected
Itr 75, LL= -8499891.890819 (15.666119). Anneal status: T=0.00, dE=105.60, candidate was rejected
Itr 76, LL= -8499797.560706 (11.097802). Anneal status: T=0.00, dE=120.36, candidate was rejected
Itr 77, LL= -8499725.349137 (8.495681). Anneal status: T=0.00, dE=96.56, candidate was rejected
Itr 78, LL= -8499663.814186 (7.239640). Anneal status: T=0.00, dE=51.51, candidate was rejected
Itr 79, LL= -8499612.782256 (6.003994). Anneal status: T=0.00, dE=84.49, candidate was rejected
Itr 80, LL= -8499565.734452 (5.535288). Anneal status: T=0.00, dE=105.24, candidate was rejected
Itr 81, LL= -8499514.835382 (5.988432). Anneal status: T=0.00, dE=22.86, candidate was rejected
Itr 82, LL= -8499443.854555 (8.351162). Anneal status: T=0.00, dE=65.80, candidate was rejected
Itr 83, LL= -8499331.572481 (13.210520). Anneal status: T=0.00, dE=73.83, candidate was rejected
Itr 84, LL= -8499239.994150 (10.774769). Anneal status: T=0.00, dE=72.97, candidate was rejected
Itr 85, LL= -8499178.530977 (7.231608). Anneal status: T=0.00, dE=66.73, candidate was rejected
Itr 86, LL= -8499134.440988 (5.187559). Anneal status: T=0.00, dE=109.43, candidate was rejected
Itr 87, LL= -8499090.610271 (5.157080). Anneal status: T=0.00, dE=34.52, candidate was rejected
Itr 88, LL= -8499033.906350 (6.671763). Anneal status: T=0.00, dE=15.86, candidate was rejected
Itr 89, LL= -8498994.688642 (4.614372). Anneal status: T=0.00, dE=67.22, candidate was rejected
Itr 90, LL= -8498942.303120 (6.163732). Anneal status: T=0.00, dE=54.47, candidate was rejected
Itr 91, LL= -8498860.096940 (9.672519). Anneal status: T=0.00, dE=105.41, candidate was rejected
Itr 92, LL= -8498747.684331 (13.226787). Anneal status: T=0.00, dE=106.92, candidate was rejected
Itr 93, LL= -8498709.303024 (4.516113). Anneal status: T=0.00, dE=64.74, candidate was rejected
Itr 94, LL= -8498679.786445 (3.473066). Anneal status: T=0.00, dE=29.07, candidate was rejected
Itr 95, LL= -8498660.640408 (2.252825). Anneal status: T=0.00, dE=55.01, candidate was rejected
Itr 96, LL= -8498612.313911 (5.686366). Anneal status: T=0.00, dE=30.05, candidate was rejected
Itr 97, LL= -8498551.451004 (7.161511). Anneal status: T=0.00, dE=51.03, candidate was rejected
Itr 98, LL= -8498501.201924 (5.912664). Anneal status: T=0.00, dE=109.68, candidate was rejected
Itr 99, LL= -8498473.768389 (3.228044). Anneal status: T=0.00, dE=72.16, candidate was rejected
Itr 100, LL= -8498454.775002 (2.234917). Anneal status: T=0.00, dE=35.08, candidate was rejected
Itr 101, LL= -8498427.407394 (3.220304). Anneal status: T=0.00, dE=36.69, candidate was rejected
Itr 102, LL= -8498376.731450 (5.962979). Anneal status: T=0.00, dE=19.02, candidate was rejected
Itr 103, LL= -8498335.856802 (4.809701). Anneal status: T=0.00, dE=60.08, candidate was rejected
Itr 104, LL= -8498319.356742 (1.941564). Anneal status: T=0.00, dE=67.96, candidate was rejected
Itr 105, LL= -8498306.639241 (1.496473). Anneal status: T=0.00, dE=53.94, candidate was rejected
Itr 106, LL= -8498280.193254 (3.111913). Anneal status: T=0.00, dE=144.47, candidate was rejected
Itr 107, LL= -8498261.567281 (2.191734). Anneal status: T=0.00, dE=127.81, candidate was rejected
Itr 108, LL= -8498235.825265 (3.029092). Anneal status: T=0.00, dE=53.16, candidate was rejected
Itr 109, LL= -8498219.229048 (1.952901). Anneal status: T=0.00, dE=29.35, candidate was rejected
Itr 110, LL= -8498201.732575 (2.058840). Anneal status: T=0.00, dE=23.77, candidate was rejected
Itr 111, LL= -8498178.277444 (2.760011). Anneal status: T=0.00, dE=157.89, candidate was rejected
Itr 112, LL= -8498174.572601 (0.435957). Anneal status: T=0.00, dE=120.36, candidate was rejected
Itr 113, LL= -8498171.167833 (0.400647). Anneal status: T=0.00, dE=82.25, candidate was rejected
Itr 114, LL= -8498162.758824 (0.989508). Anneal status: T=0.00, dE=61.77, candidate was rejected
-- Annealing statistics:
Portion of times candidate was better: 0.000000
Portion of times candidate was chosen by chance: 0.026316
--
EM for 17 states, 131 emission nodes. 25 observed values.
            gibbs: 0
    nGibbsItrPcnt: 0.8000
     annealParams: {}
           maxItr: 500
      convergeEps: 1.0000e-06
           minItr: 5
       parametric: 0
        initprobs: []
      persistBias: 0
          obsVals: []

- Initalized simulated annealing with params:
                     type: 'linear'
    max_chance_accpetance: 0.2000
             min_duration: 5
        min_init_duration: 5
             max_duration: 11
              converge_th: 1.0000e-06

--
Itr 1, LL= -32087227.009970 (Inf). Anneal status: T=NaN, dE=143.15, collecting statistics
Itr 2, LL= -8989203.342727 (Inf). Anneal status: T=NaN, dE=-520.14, collecting statistics
Itr 3, LL= -8732976.663461 (Inf). Anneal status: T=NaN, dE=-139.88, collecting statistics
Itr 4, LL= -8609081.365156 (14187.063939). Anneal status: T=NaN, dE=-649.73, collecting statistics
Itr 5, LL= -8567136.714842 (4872.140073). Anneal status: T=NaN, dE=-363.67, collecting statistics
Itr 6, LL= -8548473.229688 (2178.497411). Anneal status: T=NaN, dE=5.85, collecting statistics
Itr 7, LL= -8539327.237654 (1069.897722). Anneal status: T=NaN, dE=-5.69, collecting statistics
Itr 8, LL= -8534386.258571 (578.614561). Anneal status: T=NaN, dE=22.96, collecting statistics
Itr 9, LL= -8531349.193441 (355.862160). Anneal status: T=2.24, dE=104.22, candidate was rejected
Itr 10, LL= -8529327.382558 (236.986066). Anneal status: T=2.24, dE=31.31, candidate was rejected
Itr 11, LL= -8527817.359013 (177.038995). Anneal status: T=2.24, dE=114.41, candidate was rejected
Itr 12, LL= -8526624.082891 (139.927495). Anneal status: T=2.24, dE=11.99, candidate was rejected
Itr 13, LL= -8525682.450504 (110.434373). Anneal status: T=2.24, dE=26.62, candidate was rejected
Itr 14, LL= -8524859.531004 (96.522420). Anneal status: T=2.02, dE=103.33, candidate was rejected
Itr 15, LL= -8524103.383491 (88.699117). Anneal status: T=2.02, dE=49.12, candidate was rejected
Itr 16, LL= -8523371.205045 (85.895069). Anneal status: T=2.02, dE=12.97, candidate was rejected
Itr 17, LL= -8522731.953304 (74.999871). Anneal status: T=2.02, dE=19.16, candidate was rejected
Itr 18, LL= -8522169.777897 (65.961878). Anneal status: T=2.02, dE=41.42, candidate was rejected
Itr 19, LL= -8521607.107022 (66.024368). Anneal status: T=1.79, dE=83.73, candidate was rejected
Itr 20, LL= -8521061.892947 (63.980194). Anneal status: T=1.79, dE=30.47, candidate was rejected
Itr 21, LL= -8520555.952319 (59.375303). Anneal status: T=1.79, dE=90.07, candidate was rejected
Itr 22, LL= -8520095.722700 (54.014036). Anneal status: T=1.79, dE=16.45, candidate was rejected
Itr 23, LL= -8519633.109859 (54.296672). Anneal status: T=1.79, dE=24.83, candidate was rejected
Itr 24, LL= -8519141.945255 (57.650910). Anneal status: T=1.57, dE=254.41, candidate was rejected
Itr 25, LL= -8518702.685439 (51.561509). Anneal status: T=1.57, dE=25.04, candidate was rejected
Itr 26, LL= -8518279.920330 (49.627875). Anneal status: T=1.57, dE=61.07, candidate was rejected
Itr 27, LL= -8517880.111507 (46.935394). Anneal status: T=1.57, dE=42.52, candidate was rejected
Itr 28, LL= -8517489.791110 (45.823655). Anneal status: T=1.57, dE=50.42, candidate was rejected
Itr 29, LL= -8517134.972735 (41.657623). Anneal status: T=1.34, dE=106.46, candidate was rejected
Itr 30, LL= -8516822.600506 (36.675740). Anneal status: T=1.34, dE=87.54, candidate was rejected
Itr 31, LL= -8516533.279246 (33.970563). Anneal status: T=1.34, dE=2.77, candidate was rejected
Itr 32, LL= -8516315.333293 (25.590924). Anneal status: T=1.34, dE=31.67, candidate was rejected
Itr 33, LL= -8516065.878035 (29.291454). Anneal status: T=1.34, dE=69.44, candidate was rejected
Itr 34, LL= -8515841.235663 (26.378656). Anneal status: T=1.12, dE=108.62, candidate was rejected
Itr 35, LL= -8515669.319716 (20.187782). Anneal status: T=1.12, dE=82.15, candidate was rejected
Itr 36, LL= -8515515.589206 (18.052663). Anneal status: T=1.12, dE=87.03, candidate was rejected
Itr 37, LL= -8515362.627998 (17.962648). Anneal status: T=1.12, dE=55.27, candidate was rejected
Itr 38, LL= -8515210.321633 (17.886069). Anneal status: T=1.12, dE=11.21, candidate was rejected
Itr 39, LL= -8515077.409089 (15.608839). Anneal status: T=0.90, dE=83.52, candidate was rejected
Itr 40, LL= -8514964.260871 (13.287985). Anneal status: T=0.90, dE=118.92, candidate was rejected
Itr 41, LL= -8514813.395843 (17.717635). Anneal status: T=0.90, dE=46.60, candidate was rejected
Itr 42, LL= -8514704.079921 (12.838323). Anneal status: T=0.90, dE=35.86, candidate was rejected
Itr 43, LL= -8514615.068350 (10.453865). Anneal status: T=0.90, dE=74.02, candidate was rejected
Itr 44, LL= -8514487.910897 (14.934022). Anneal status: T=0.67, dE=48.98, candidate was rejected
Itr 45, LL= -8514411.191237 (9.010484). Anneal status: T=0.67, dE=207.70, candidate was rejected
Itr 46, LL= -8514349.611813 (7.232376). Anneal status: T=0.67, dE=43.20, candidate was rejected
Itr 47, LL= -8514282.197767 (7.917698). Anneal status: T=0.67, dE=17.14, candidate was rejected
Itr 48, LL= -8514180.248326 (11.973933). Anneal status: T=0.67, dE=194.71, candidate was rejected
Itr 49, LL= -8514066.752845 (13.330171). Anneal status: T=0.45, dE=70.10, candidate was rejected
Itr 50, LL= -8513985.461838 (9.547847). Anneal status: T=0.45, dE=199.49, candidate was rejected
Itr 51, LL= -8513936.046295 (5.804044). Anneal status: T=0.45, dE=36.49, candidate was rejected
Itr 52, LL= -8513854.264017 (9.605696). Anneal status: T=0.45, dE=63.99, candidate was rejected
Itr 53, LL= -8513785.397016 (8.088816). Anneal status: T=0.45, dE=19.54, candidate was rejected
Itr 54, LL= -8513738.687929 (5.486289). Anneal status: T=0.22, dE=20.28, candidate was rejected
Itr 55, LL= -8513704.643442 (3.998770). Anneal status: T=0.22, dE=33.08, candidate was rejected
Itr 56, LL= -8513677.496829 (3.188578). Anneal status: T=0.22, dE=89.40, candidate was rejected
Itr 57, LL= -8513651.834688 (3.014225). Anneal status: T=0.22, dE=48.06, candidate was rejected
Itr 58, LL= -8513588.030849 (7.494297). Anneal status: T=0.22, dE=31.86, candidate was rejected
Itr 59, LL= -8513555.066264 (3.871997). Anneal status: T=0.00, dE=57.47, candidate was rejected
Itr 60, LL= -8513533.678643 (2.512184). Anneal status: T=0.00, dE=18.11, candidate was rejected
Itr 61, LL= -8513506.406624 (3.203372). Anneal status: T=0.00, dE=24.28, candidate was rejected
Itr 62, LL= -8513463.610700 (5.026827). Anneal status: T=0.00, dE=88.14, candidate was rejected
Itr 63, LL= -8513442.672992 (2.459364). Anneal status: T=0.00, dE=68.48, candidate was rejected
Itr 64, LL= -8513426.247746 (1.929331). Anneal status: T=0.00, dE=30.33, candidate was rejected
Itr 65, LL= -8513398.135815 (3.302070). Anneal status: T=0.00, dE=15.72, candidate was rejected
Itr 66, LL= -8513381.886798 (1.908641). Anneal status: T=0.00, dE=69.21, candidate was rejected
Itr 67, LL= -8513359.007928 (2.687401). Anneal status: T=0.00, dE=55.43, candidate was rejected
Itr 68, LL= -8513333.805179 (2.960377). Anneal status: T=0.00, dE=135.83, candidate was rejected
Itr 69, LL= -8513309.599575 (2.843258). Anneal status: T=0.00, dE=57.55, candidate was rejected
Itr 70, LL= -8513292.379396 (2.022736). Anneal status: T=0.00, dE=87.75, candidate was rejected
Itr 71, LL= -8513264.701129 (3.251183). Anneal status: T=0.00, dE=81.87, candidate was rejected
Itr 72, LL= -8513257.926703 (0.795749). Anneal status: T=0.00, dE=13.83, candidate was rejected
Itr 73, LL= -8513245.377841 (1.474038). Anneal status: T=0.00, dE=47.83, candidate was rejected
Itr 74, LL= -8513228.306541 (2.005264). Anneal status: T=0.00, dE=203.03, candidate was rejected
Itr 75, LL= -8513216.974196 (1.331145). Anneal status: T=0.00, dE=136.84, candidate was rejected
Itr 76, LL= -8513207.404891 (1.124053). Anneal status: T=0.00, dE=14.11, candidate was rejected
Itr 77, LL= -8513188.375486 (2.235280). Anneal status: T=0.00, dE=33.11, candidate was rejected
Itr 78, LL= -8513156.719642 (3.718447). Anneal status: T=0.00, dE=29.64, candidate was rejected
Itr 79, LL= -8513128.783488 (3.281527). Anneal status: T=0.00, dE=26.23, candidate was rejected
Itr 80, LL= -8513111.340650 (2.048934). Anneal status: T=0.00, dE=60.77, candidate was rejected
Itr 81, LL= -8513102.939163 (0.986888). Anneal status: T=0.00, dE=133.94, candidate was rejected
Itr 82, LL= -8513084.826094 (2.127669). Anneal status: T=0.00, dE=143.05, candidate was rejected
Itr 83, LL= -8513070.586237 (1.672702). Anneal status: T=0.00, dE=99.11, candidate was rejected
Itr 84, LL= -8513051.340291 (2.260753). Anneal status: T=0.00, dE=293.32, candidate was rejected
Itr 85, LL= -8513036.712126 (1.718322). Anneal status: T=0.00, dE=74.08, candidate was rejected
Itr 86, LL= -8513026.320281 (1.220698). Anneal status: T=0.00, dE=47.88, candidate was rejected
Itr 87, LL= -8513015.045002 (1.324474). Anneal status: T=0.00, dE=128.32, candidate was rejected
Itr 88, LL= -8513003.105109 (1.402546). Anneal status: T=0.00, dE=22.74, candidate was rejected
Itr 89, LL= -8512986.415835 (1.960445). Anneal status: T=0.00, dE=49.71, candidate was rejected
Itr 90, LL= -8512979.362614 (0.828525). Anneal status: T=0.00, dE=61.53, candidate was rejected
Itr 91, LL= -8512972.726184 (0.779566). Anneal status: T=0.00, dE=31.81, candidate was rejected
Itr 92, LL= -8512964.856565 (0.924427). Anneal status: T=0.00, dE=91.45, candidate was rejected
-- Annealing statistics:
Portion of times candidate was better: 0.000000
Portion of times candidate was chosen by chance: 0.000000
--
>> 