My SLURM_ARRAY_TASK_ID:  12

                            < M A T L A B (R) >
                  Copyright 1984-2014 The MathWorks, Inc.
                   R2014b (8.4.0.150421) 64-bit (glnxa64)
                             September 15, 2014

 
For online documentation, see http://www.mathworks.com/support
For product information, visit www.mathworks.com.
 
    ----------------------------------------------------
	Your MATLAB license will expire in 50 days.
	Please contact your system administrator or
	MathWorks to renew this license.
    ----------------------------------------------------
Itr 45, LL= -8547083.818604 (1.171117). Anneal status: T=0.47, dE=110.50, candidate was rejected
Itr 46, LL= -8547073.371254 (1.222329). Anneal status: T=0.47, dE=39.38, candidate was rejected
Itr 47, LL= -8547057.892966 (1.810946). Anneal status: T=0.31, dE=103.43, candidate was rejected
Itr 48, LL= -8547046.963734 (1.278713). Anneal status: T=0.31, dE=25.50, candidate was rejected
Itr 49, LL= -8547035.998625 (1.282912). Anneal status: T=0.31, dE=67.54, candidate was rejected
Itr 50, LL= -8547029.081519 (0.809299). Anneal status: T=0.31, dE=27.60, candidate was rejected
Itr 51, LL= -8547022.309995 (0.792266). Anneal status: T=0.31, dE=36.64, candidate was rejected
Itr 52, LL= -8547016.357014 (0.696498). Anneal status: T=0.16, dE=21.98, candidate was rejected
-- Annealing statistics:
Portion of times candidate was better: 0.000000
Portion of times candidate was chosen by chance: 0.000000
--
>> 