My SLURM_ARRAY_TASK_ID:  24

                            < M A T L A B (R) >
                  Copyright 1984-2014 The MathWorks, Inc.
                   R2014b (8.4.0.150421) 64-bit (glnxa64)
                             September 15, 2014

 
For online documentation, see http://www.mathworks.com/support
For product information, visit www.mathworks.com.
 
    ----------------------------------------------------
	Your MATLAB license will expire in 50 days.
	Please contact your system administrator or
	MathWorks to renew this license.
    ----------------------------------------------------
Itr 143, LL= -8475073.710425 (3.453388). Anneal status: T=0.00, dE=135.94, candidate was rejected
Itr 144, LL= -8475051.941408 (2.568593). Anneal status: T=0.00, dE=121.69, candidate was rejected
Itr 145, LL= -8475025.982072 (3.063030). Anneal status: T=0.00, dE=101.52, candidate was rejected
Itr 146, LL= -8474983.666509 (4.992971). Anneal status: T=0.00, dE=72.39, candidate was rejected
Itr 147, LL= -8474941.050925 (5.028397). Anneal status: T=0.00, dE=82.15, candidate was rejected
Itr 148, LL= -8474910.264842 (3.632601). Anneal status: T=0.00, dE=37.92, candidate was rejected
Itr 149, LL= -8474889.309299 (2.472657). Anneal status: T=0.00, dE=75.33, candidate was rejected
Itr 150, LL= -8474866.767269 (2.659861). Anneal status: T=0.00, dE=21.54, candidate was rejected
Itr 151, LL= -8474848.718390 (2.129695). Anneal status: T=0.00, dE=21.48, candidate was rejected
Itr 152, LL= -8474830.507455 (2.148821). Anneal status: T=0.00, dE=123.43, candidate was rejected
Itr 153, LL= -8474797.813335 (3.857790). Anneal status: T=0.00, dE=169.14, candidate was rejected
Itr 154, LL= -8474769.227283 (3.373066). Anneal status: T=0.00, dE=53.01, candidate was rejected
Itr 155, LL= -8474738.861614 (3.583067). Anneal status: T=0.00, dE=6.70, candidate was rejected
Itr 156, LL= -8474689.660828 (5.805581). Anneal status: T=0.00, dE=133.38, candidate was rejected
Itr 157, LL= -8474652.849283 (4.343704). Anneal status: T=0.00, dE=79.95, candidate was rejected
Itr 158, LL= -8474628.839292 (2.833153). Anneal status: T=0.00, dE=24.78, candidate was rejected
Itr 159, LL= -8474605.991047 (2.696076). Anneal status: T=0.00, dE=29.93, candidate was rejected
Itr 160, LL= -8474583.645768 (2.636734). Anneal status: T=0.00, dE=66.88, candidate was rejected
Itr 161, LL= -8474556.740857 (3.174777). Anneal status: T=0.00, dE=30.43, candidate was rejected
Itr 162, LL= -8474530.203781 (3.131382). Anneal status: T=0.00, dE=23.33, candidate was rejected
Itr 163, LL= -8474508.953562 (2.507539). Anneal status: T=0.00, dE=32.94, candidate was rejected
Itr 164, LL= -8474479.340852 (3.494328). Anneal status: T=0.00, dE=58.60, candidate was rejected
Itr 165, LL= -8474451.017582 (3.342184). Anneal status: T=0.00, dE=65.18, candidate was rejected
Itr 166, LL= -8474427.569920 (2.766865). Anneal status: T=0.00, dE=59.27, candidate was rejected
Itr 167, LL= -8474402.423718 (2.967304). Anneal status: T=0.00, dE=119.58, candidate was rejected
Itr 168, LL= -8474371.850415 (3.607724). Anneal status: T=0.00, dE=26.65, candidate was rejected
Itr 169, LL= -8474334.458572 (4.412344). Anneal status: T=0.00, dE=47.73, candidate was rejected
Itr 170, LL= -8474301.534834 (3.885112). Anneal status: T=0.00, dE=31.82, candidate was rejected
Itr 171, LL= -8474278.587943 (2.707821). Anneal status: T=0.00, dE=59.44, candidate was rejected
Itr 172, LL= -8474256.651969 (2.588536). Anneal status: T=0.00, dE=21.86, candidate was rejected
Itr 173, LL= -8474235.241613 (2.526517). Anneal status: T=0.00, dE=52.85, candidate was rejected
Itr 174, LL= -8474210.368562 (2.935138). Anneal status: T=0.00, dE=53.82, candidate was rejected
Itr 175, LL= -8474181.311552 (3.428875). Anneal status: T=0.00, dE=6.59, candidate was rejected
Itr 176, LL= -8474162.935248 (2.168505). Anneal status: T=0.00, dE=87.17, candidate was rejected
Itr 177, LL= -8474143.244533 (2.323618). Anneal status: T=0.00, dE=5.39, candidate was rejected
Itr 178, LL= -8474129.220201 (1.654956). Anneal status: T=0.00, dE=52.65, candidate was rejected
Itr 179, LL= -8474114.490385 (1.738210). Anneal status: T=0.00, dE=103.44, candidate was rejected
Itr 180, LL= -8474093.597074 (2.465545). Anneal status: T=0.00, dE=48.21, candidate was rejected
Itr 181, LL= -8474078.340429 (1.800387). Anneal status: T=0.00, dE=113.51, candidate was rejected
Itr 182, LL= -8474067.980437 (1.222551). Anneal status: T=0.00, dE=178.75, candidate was rejected
Itr 183, LL= -8474060.418622 (0.892348). Anneal status: T=0.00, dE=13.98, candidate was rejected
Itr 184, LL= -8474050.820880 (1.132603). Anneal status: T=0.00, dE=12.62, candidate was rejected
Itr 185, LL= -8474030.051875 (2.450895). Anneal status: T=0.00, dE=37.57, candidate was rejected
Itr 186, LL= -8474015.265655 (1.744886). Anneal status: T=0.00, dE=31.46, candidate was rejected
Itr 187, LL= -8473998.699984 (1.954879). Anneal status: T=0.00, dE=16.80, candidate was rejected
Itr 188, LL= -8473991.863495 (0.806761). Anneal status: T=0.00, dE=26.13, candidate was rejected
Itr 189, LL= -8473985.347379 (0.768955). Anneal status: T=0.00, dE=151.66, candidate was rejected
Itr 190, LL= -8473976.796065 (1.009125). Anneal status: T=0.00, dE=76.63, candidate was rejected
Itr 191, LL= -8473973.542701 (0.383924). Anneal status: T=0.00, dE=114.99, candidate was rejected
Itr 192, LL= -8473970.558139 (0.352203). Anneal status: T=0.00, dE=58.68, candidate was rejected
Itr 193, LL= -8473965.821138 (0.559006). Anneal status: T=0.00, dE=70.16, candidate was rejected
-- Annealing statistics:
Portion of times candidate was better: 0.000000
Portion of times candidate was chosen by chance: 0.005181
--
Your MATLAB session has timed out.  All license keys have been returned.
EM for 24 states, 131 emission nodes. 25 observed values.
            gibbs: 0
    nGibbsItrPcnt: 0.8000
     annealParams: {}
           maxItr: 500
      convergeEps: 1.0000e-06
           minItr: 5
       parametric: 0
        initprobs: []
      persistBias: 0
          obsVals: []

- Initalized simulated annealing with params:
                     type: 'linear'
    max_chance_accpetance: 0.2000
             min_duration: 5
        min_init_duration: 5
             max_duration: 11
              converge_th: 1.0000e-06

--
Itr 1, LL= -32063239.948664 (Inf). Anneal status: T=NaN, dE=-12090.01, collecting statistics
Itr 2, LL= -8954602.365890 (Inf). Anneal status: T=NaN, dE=-1289.90, collecting statistics
Itr 3, LL= -8695092.638494 (Inf). Anneal status: T=NaN, dE=-737.02, collecting statistics
Itr 4, LL= -8575933.674329 (13704.162695). Anneal status: T=NaN, dE=-144.99, collecting statistics
Itr 5, LL= -8536847.647614 (4557.640975). Anneal status: T=NaN, dE=-11.79, collecting statistics
Itr 6, LL= -8518021.873608 (2205.237200). Anneal status: T=NaN, dE=-410.30, collecting statistics
Itr 7, LL= -8507264.875137 (1262.851708). Anneal status: T=NaN, dE=-53.42, collecting statistics
Itr 8, LL= -8501051.362465 (730.377244). Anneal status: T=NaN, dE=17.38, collecting statistics
Itr 9, LL= -8496944.612286 (483.087327). Anneal status: T=NaN, dE=38.75, collecting statistics
Itr 10, LL= -8493601.290903 (393.473364). Anneal status: T=NaN, dE=39.40, collecting statistics
Itr 11, LL= -8490591.783265 (354.326455). Anneal status: T=8.63, dE=97.43, candidate was rejected
Itr 12, LL= -8487709.852861 (339.426329). Anneal status: T=8.63, dE=194.73, candidate was rejected
Itr 13, LL= -8485266.298453 (287.893254). Anneal status: T=8.63, dE=21.28, candidate was rejected
Itr 14, LL= -8483316.690262 (229.763937). Anneal status: T=8.63, dE=86.11, candidate was rejected
Itr 15, LL= -8481819.649475 (176.468808). Anneal status: T=8.63, dE=28.77, candidate was rejected
Itr 16, LL= -8480528.296480 (152.249523). Anneal status: T=7.77, dE=33.08, candidate was rejected
Itr 17, LL= -8479456.730836 (126.356001). Anneal status: T=7.77, dE=43.74, candidate was rejected
Itr 18, LL= -8478497.804008 (113.088239). Anneal status: T=7.77, dE=55.04, candidate was rejected
Itr 19, LL= -8477646.597996 (100.395852). Anneal status: T=7.77, dE=68.45, candidate was rejected
Itr 20, LL= -8476979.695048 (78.666047). Anneal status: T=7.77, dE=72.80, candidate was rejected
Itr 21, LL= -8476490.235132 (57.739895). Anneal status: T=6.91, dE=89.69, candidate was rejected
Itr 22, LL= -8476029.865892 (54.311304). Anneal status: T=6.91, dE=33.15, candidate was rejected
Itr 23, LL= -8475606.672286 (49.928282). Anneal status: T=6.91, dE=40.76, candidate was rejected
Itr 24, LL= -8475242.589927 (42.956495). Anneal status: T=6.91, dE=129.67, candidate was rejected
Itr 25, LL= -8474919.601823 (38.109600). Anneal status: T=6.91, dE=15.29, candidate was rejected
Itr 26, LL= -8474644.484624 (32.462514). Anneal status: T=6.04, dE=67.00, candidate was rejected
Itr 27, LL= -8474407.203402 (27.998959). Anneal status: T=6.04, dE=9.66, candidate was rejected
Itr 28, LL= -8474125.402120 (33.253215). Anneal status: T=6.04, dE=53.56, candidate was rejected
Itr 29, LL= -8473905.148630 (25.991295). Anneal status: T=6.04, dE=83.53, candidate was rejected
Itr 30, LL= -8473703.924394 (23.746340). Anneal status: T=6.04, dE=45.90, candidate was rejected
Itr 31, LL= -8473529.648486 (20.566674). Anneal status: T=5.18, dE=44.61, candidate was rejected
Itr 32, LL= -8473366.862675 (19.211098). Anneal status: T=5.18, dE=113.77, candidate was rejected
Itr 33, LL= -8473216.734251 (17.717683). Anneal status: T=5.18, dE=46.97, candidate was rejected
Itr 34, LL= -8473077.662677 (16.413079). Anneal status: T=5.18, dE=33.10, candidate was rejected
Itr 35, LL= -8472927.589774 (17.711735). Anneal status: T=5.18, dE=100.41, candidate was rejected
Itr 36, LL= -8472754.838992 (20.388559). Anneal status: T=4.32, dE=99.44, candidate was rejected
Itr 37, LL= -8472553.440832 (23.770092). Anneal status: T=4.32, dE=68.43, candidate was rejected
Itr 38, LL= -8472386.422292 (19.712893). Anneal status: T=4.32, dE=46.72, candidate was rejected
Itr 39, LL= -8472260.916843 (14.813471). Anneal status: T=4.32, dE=136.93, candidate was rejected
Itr 40, LL= -8472168.804652 (10.872209). Anneal status: T=4.32, dE=44.94, candidate was rejected
Itr 41, LL= -8472097.558058 (8.409487). Anneal status: T=3.45, dE=48.34, candidate was rejected
Itr 42, LL= -8472016.251501 (9.596981). Anneal status: T=3.45, dE=45.65, candidate was rejected
Itr 43, LL= -8471949.033390 (7.934134). Anneal status: T=3.45, dE=7.38, candidate was rejected
Itr 44, LL= -8471881.276806 (7.997756). Anneal status: T=3.45, dE=68.05, candidate was rejected
Itr 45, LL= -8471806.172656 (8.865109). Anneal status: T=3.45, dE=7.97, candidate was rejected
Itr 46, LL= -8471747.355501 (6.942694). Anneal status: T=2.59, dE=79.25, candidate was rejected
Itr 47, LL= -8471682.794399 (7.620754). Anneal status: T=2.59, dE=23.21, candidate was rejected
Itr 48, LL= -8471624.104037 (6.927828). Anneal status: T=2.59, dE=102.36, candidate was rejected
Itr 49, LL= -8471565.532495 (6.913850). Anneal status: T=2.59, dE=28.95, candidate was rejected
Itr 50, LL= -8471488.059805 (9.145026). Anneal status: T=2.59, dE=88.41, candidate was rejected
Itr 51, LL= -8471404.330509 (9.883659). Anneal status: T=1.73, dE=30.97, candidate was rejected
Itr 52, LL= -8471279.066341 (14.786706). Anneal status: T=1.73, dE=99.74, candidate was rejected
Itr 53, LL= -8471039.459435 (28.284620). Anneal status: T=1.73, dE=52.25, candidate was rejected
Itr 54, LL= -8470741.356752 (35.190803). Anneal status: T=1.73, dE=41.33, candidate was rejected
Itr 55, LL= -8470411.652974 (38.922659). Anneal status: T=1.73, dE=7.13, candidate was rejected
Itr 56, LL= -8469984.406693 (50.439849). Anneal status: T=0.86, dE=64.22, candidate was rejected
Itr 57, LL= -8469566.334375 (49.359278). Anneal status: T=0.86, dE=45.51, candidate was rejected
Itr 58, LL= -8469181.693486 (45.414473). Anneal status: T=0.86, dE=71.13, candidate was rejected
Itr 59, LL= -8468798.662223 (45.226478). Anneal status: T=0.86, dE=103.22, candidate was rejected
Itr 60, LL= -8468495.917903 (35.748201). Anneal status: T=0.86, dE=73.80, candidate was rejected
Itr 61, LL= -8468249.479369 (29.100626). Anneal status: T=0.00, dE=19.16, candidate was rejected
Itr 62, LL= -8467996.414363 (29.883981). Anneal status: T=0.00, dE=19.99, candidate was rejected
Itr 63, LL= -8467820.227356 (20.806221). Anneal status: T=0.00, dE=32.65, candidate was rejected
Itr 64, LL= -8467652.836897 (19.767833). Anneal status: T=0.00, dE=67.25, candidate was rejected
Itr 65, LL= -8467469.784594 (21.617833). Anneal status: T=0.00, dE=59.25, candidate was rejected
Itr 66, LL= -8467370.466904 (11.729323). Anneal status: T=0.00, dE=49.56, candidate was rejected
Itr 67, LL= -8467288.162533 (9.720181). Anneal status: T=0.00, dE=52.88, candidate was rejected
Itr 68, LL= -8467173.493593 (13.542581). Anneal status: T=0.00, dE=95.40, candidate was rejected
Itr 69, LL= -8467081.837305 (10.824898). Anneal status: T=0.00, dE=46.26, candidate was rejected
Itr 70, LL= -8467022.789172 (6.973847). Anneal status: T=0.00, dE=83.53, candidate was rejected
Itr 71, LL= -8466938.138254 (9.997719). Anneal status: T=0.00, dE=58.24, candidate was rejected
Itr 72, LL= -8466850.541566 (10.345734). Anneal status: T=0.00, dE=39.19, candidate was rejected
Itr 73, LL= -8466775.820224 (8.825164). Anneal status: T=0.00, dE=87.37, candidate was rejected
Itr 74, LL= -8466722.108367 (6.343838). Anneal status: T=0.00, dE=94.10, candidate was rejected
Itr 75, LL= -8466671.986227 (5.919899). Anneal status: T=0.00, dE=43.16, candidate was rejected
Itr 76, LL= -8466637.722542 (4.046889). Anneal status: T=0.00, dE=57.49, candidate was rejected
Itr 77, LL= -8466609.883321 (3.288108). Anneal status: T=0.00, dE=96.64, candidate was rejected
Itr 78, LL= -8466585.062497 (2.931613). Anneal status: T=0.00, dE=77.47, candidate was rejected
Itr 79, LL= -8466547.573634 (4.427861). Anneal status: T=0.00, dE=45.78, candidate was rejected
Itr 80, LL= -8466510.850511 (4.337438). Anneal status: T=0.00, dE=126.90, candidate was rejected
Itr 81, LL= -8466482.962237 (3.293951). Anneal status: T=0.00, dE=34.11, candidate was rejected
Itr 82, LL= -8466420.944848 (7.325047). Anneal status: T=0.00, dE=21.33, candidate was rejected
Itr 83, LL= -8466381.353093 (4.676327). Anneal status: T=0.00, dE=60.26, candidate was rejected
Itr 84, LL= -8466328.420269 (6.252119). Anneal status: T=0.00, dE=66.35, candidate was rejected
Itr 85, LL= -8466304.257964 (2.853930). Anneal status: T=0.00, dE=77.07, candidate was rejected
Itr 86, LL= -8466272.309851 (3.773561). Anneal status: T=0.00, dE=64.51, candidate was rejected
Itr 87, LL= -8466250.099116 (2.623437). Anneal status: T=0.00, dE=99.61, candidate was rejected
Itr 88, LL= -8466216.983015 (3.911543). Anneal status: T=0.00, dE=24.04, candidate was rejected
Itr 89, LL= -8466200.023990 (2.003141). Anneal status: T=0.00, dE=55.37, candidate was rejected
