My SLURM_ARRAY_TASK_ID:  28

                            < M A T L A B (R) >
                  Copyright 1984-2014 The MathWorks, Inc.
                   R2014b (8.4.0.150421) 64-bit (glnxa64)
                             September 15, 2014

 
For online documentation, see http://www.mathworks.com/support
For product information, visit www.mathworks.com.
 
    ----------------------------------------------------
	Your MATLAB license will expire in 50 days.
	Please contact your system administrator or
	MathWorks to renew this license.
    ----------------------------------------------------
Itr 131, LL= -8448786.130038 (1.911921). Anneal status: T=0.00, dE=42.08, candidate was rejected
Itr 132, LL= -8448755.003325 (3.684164). Anneal status: T=0.00, dE=73.26, candidate was rejected
Itr 133, LL= -8448728.582225 (3.127218). Anneal status: T=0.00, dE=59.82, candidate was rejected
Itr 134, LL= -8448718.505107 (1.192738). Anneal status: T=0.00, dE=30.01, candidate was rejected
Itr 135, LL= -8448694.655556 (2.822860). Anneal status: T=0.00, dE=78.32, candidate was rejected
Itr 136, LL= -8448663.307799 (3.710367). Anneal status: T=0.00, dE=16.80, candidate was rejected
Itr 137, LL= -8448657.514758 (0.685675). Anneal status: T=0.00, dE=36.69, candidate was rejected
Itr 138, LL= -8448645.369380 (1.437551). Anneal status: T=0.00, dE=45.60, candidate was rejected
Itr 139, LL= -8448638.774710 (0.780559). Anneal status: T=0.00, dE=15.36, candidate was rejected
Itr 140, LL= -8448631.846302 (0.820062). Anneal status: T=0.00, dE=110.83, candidate was rejected
Itr 141, LL= -8448625.545802 (0.745742). Anneal status: T=0.00, dE=129.14, candidate was rejected
-- Annealing statistics:
Portion of times candidate was better: 0.000000
Portion of times candidate was chosen by chance: 0.000000
--
Your MATLAB session has timed out.  All license keys have been returned.
EM for 28 states, 131 emission nodes. 25 observed values.
            gibbs: 0
    nGibbsItrPcnt: 0.8000
     annealParams: {}
           maxItr: 500
      convergeEps: 1.0000e-06
           minItr: 5
       parametric: 0
        initprobs: []
      persistBias: 0
          obsVals: []

- Initalized simulated annealing with params:
                     type: 'linear'
    max_chance_accpetance: 0.2000
             min_duration: 5
        min_init_duration: 5
             max_duration: 11
              converge_th: 1.0000e-06

--
Itr 1, LL= -32014213.429259 (Inf). Anneal status: T=NaN, dE=-419.22, collecting statistics
Itr 2, LL= -8900763.370914 (Inf). Anneal status: T=NaN, dE=44.47, collecting statistics
Itr 3, LL= -8666864.987801 (Inf). Anneal status: T=NaN, dE=57.64, collecting statistics
Itr 4, LL= -8563928.074862 (11877.064323). Anneal status: T=NaN, dE=-523.41, collecting statistics
Itr 5, LL= -8525462.774612 (4491.548728). Anneal status: T=NaN, dE=33.75, collecting statistics
Itr 6, LL= -8505931.587688 (2290.923958). Anneal status: T=NaN, dE=-18.27, collecting statistics
Itr 7, LL= -8494644.397300 (1326.978741). Anneal status: T=20.20, dE=36.81, candidate was chosen by chance
Itr 8, LL= -8487127.536558 (884.894104). Anneal status: T=20.20, dE=36.40, candidate was rejected
Itr 9, LL= -8482145.707642 (586.986456). Anneal status: T=20.20, dE=27.64, candidate was chosen by chance
Itr 10, LL= -8478491.954960 (430.758066). Anneal status: T=20.20, dE=124.58, candidate was rejected
Itr 11, LL= -8475715.475045 (327.473321). Anneal status: T=20.20, dE=73.10, candidate was rejected
Itr 12, LL= -8473366.042154 (277.195819). Anneal status: T=18.18, dE=76.70, candidate was rejected
Itr 13, LL= -8471527.991953 (216.920901). Anneal status: T=18.18, dE=67.90, candidate was chosen by chance
Itr 14, LL= -8470049.055616 (174.577283). Anneal status: T=18.18, dE=2.84, candidate was chosen by chance
Itr 15, LL= -8468782.881024 (149.488460). Anneal status: T=18.18, dE=44.76, candidate was rejected
Itr 16, LL= -8467786.904988 (117.605570). Anneal status: T=18.18, dE=70.64, candidate was rejected
Itr 17, LL= -8466925.265820 (101.754942). Anneal status: T=16.16, dE=93.27, candidate was rejected
Itr 18, LL= -8466193.893334 (86.379939). Anneal status: T=16.16, dE=26.44, candidate was rejected
Itr 19, LL= -8465482.263378 (84.055476). Anneal status: T=16.16, dE=66.57, candidate was rejected
Itr 20, LL= -8464895.105213 (69.359092). Anneal status: T=16.16, dE=24.52, candidate was rejected
Itr 21, LL= -8464411.247587 (57.160499). Anneal status: T=16.16, dE=95.38, candidate was rejected
Itr 22, LL= -8464019.856105 (46.239658). Anneal status: T=14.14, dE=46.09, candidate was rejected
Itr 23, LL= -8463660.988597 (42.399181). Anneal status: T=14.14, dE=59.00, candidate was rejected
Itr 24, LL= -8463295.236762 (43.214377). Anneal status: T=14.14, dE=63.88, candidate was rejected
Itr 25, LL= -8462934.689952 (42.601233). Anneal status: T=14.14, dE=30.04, candidate was rejected
Itr 26, LL= -8462527.178081 (48.152548). Anneal status: T=14.14, dE=55.91, candidate was rejected
Itr 27, LL= -8462039.589717 (57.617347). Anneal status: T=12.12, dE=21.99, candidate was rejected
Itr 28, LL= -8461606.462913 (51.184682). Anneal status: T=12.12, dE=40.53, candidate was rejected
Itr 29, LL= -8461306.242414 (35.480319). Anneal status: T=12.12, dE=11.71, candidate was chosen by chance
Itr 30, LL= -8460979.886318 (38.570415). Anneal status: T=12.12, dE=24.64, candidate was rejected
Itr 31, LL= -8460731.939404 (29.304752). Anneal status: T=12.12, dE=120.28, candidate was rejected
Itr 32, LL= -8460516.445486 (25.469891). Anneal status: T=10.10, dE=25.37, candidate was rejected
Itr 33, LL= -8460307.782917 (24.663101). Anneal status: T=10.10, dE=41.20, candidate was rejected
Itr 34, LL= -8460141.224021 (19.687097). Anneal status: T=10.10, dE=21.70, candidate was chosen by chance
Itr 35, LL= -8459982.383176 (18.775200). Anneal status: T=10.10, dE=57.70, candidate was rejected
Itr 36, LL= -8459810.213427 (20.351077). Anneal status: T=10.10, dE=43.71, candidate was rejected
Itr 37, LL= -8459656.839262 (18.129741). Anneal status: T=8.08, dE=20.23, candidate was rejected
Itr 38, LL= -8459516.528227 (16.585901). Anneal status: T=8.08, dE=32.47, candidate was rejected
Itr 39, LL= -8459354.739472 (19.125059). Anneal status: T=8.08, dE=27.29, candidate was rejected
Itr 40, LL= -8459200.877382 (18.188396). Anneal status: T=8.08, dE=42.99, candidate was rejected
Itr 41, LL= -8459071.386251 (15.307726). Anneal status: T=8.08, dE=50.22, candidate was rejected
Itr 42, LL= -8458935.669813 (16.043893). Anneal status: T=6.06, dE=42.46, candidate was rejected
Itr 43, LL= -8458788.894650 (17.351493). Anneal status: T=6.06, dE=15.04, candidate was rejected
Itr 44, LL= -8458671.769622 (13.846548). Anneal status: T=6.06, dE=57.70, candidate was rejected
Itr 45, LL= -8458565.533270 (12.559460). Anneal status: T=6.06, dE=65.65, candidate was rejected
Itr 46, LL= -8458461.456361 (12.304321). Anneal status: T=6.06, dE=69.54, candidate was rejected
Itr 47, LL= -8458340.207090 (14.334672). Anneal status: T=4.04, dE=58.50, candidate was rejected
Itr 48, LL= -8458239.880510 (11.861261). Anneal status: T=4.04, dE=49.13, candidate was rejected
Itr 49, LL= -8458177.687416 (7.352959). Anneal status: T=4.04, dE=51.82, candidate was rejected
Itr 50, LL= -8458100.681506 (9.104315). Anneal status: T=4.04, dE=33.98, candidate was rejected
Itr 51, LL= -8458029.861011 (8.373097). Anneal status: T=4.04, dE=33.37, candidate was rejected
Itr 52, LL= -8457951.992960 (9.206405). Anneal status: T=2.02, dE=56.77, candidate was rejected
Itr 53, LL= -8457878.747215 (8.659986). Anneal status: T=2.02, dE=46.38, candidate was rejected
Itr 54, LL= -8457825.156686 (6.336167). Anneal status: T=2.02, dE=32.31, candidate was rejected
Itr 55, LL= -8457773.913098 (6.058719). Anneal status: T=2.02, dE=80.06, candidate was rejected
Itr 56, LL= -8457729.567048 (5.243230). Anneal status: T=2.02, dE=62.90, candidate was rejected
Itr 57, LL= -8457692.797596 (4.347438). Anneal status: T=0.00, dE=45.47, candidate was rejected
Itr 58, LL= -8457654.360494 (4.544632). Anneal status: T=0.00, dE=59.22, candidate was rejected
Itr 59, LL= -8457619.501969 (4.121536). Anneal status: T=0.00, dE=64.43, candidate was rejected
Itr 60, LL= -8457569.904234 (5.864267). Anneal status: T=0.00, dE=66.87, candidate was rejected
Itr 61, LL= -8457527.825798 (4.975239). Anneal status: T=0.00, dE=46.79, candidate was rejected
Itr 62, LL= -8457488.968341 (4.594423). Anneal status: T=0.00, dE=51.36, candidate was rejected
Itr 63, LL= -8457419.961239 (8.159290). Anneal status: T=0.00, dE=37.41, candidate was rejected
Itr 64, LL= -8457344.469141 (8.926138). Anneal status: T=0.00, dE=90.07, candidate was rejected
Itr 65, LL= -8457294.866283 (5.865063). Anneal status: T=0.00, dE=54.79, candidate was rejected
Itr 66, LL= -8457238.986543 (6.607283). Anneal status: T=0.00, dE=131.21, candidate was rejected
Itr 67, LL= -8457199.750434 (4.639352). Anneal status: T=0.00, dE=84.27, candidate was rejected
Itr 68, LL= -8457156.115696 (5.159478). Anneal status: T=0.00, dE=67.32, candidate was rejected
Itr 69, LL= -8457098.735084 (6.784859). Anneal status: T=0.00, dE=53.43, candidate was rejected
Itr 70, LL= -8457044.395813 (6.425285). Anneal status: T=0.00, dE=91.29, candidate was rejected
Itr 71, LL= -8456996.027934 (5.719242). Anneal status: T=0.00, dE=36.23, candidate was rejected
Itr 72, LL= -8456938.130107 (6.846146). Anneal status: T=0.00, dE=55.85, candidate was rejected
Itr 73, LL= -8456887.104731 (6.033552). Anneal status: T=0.00, dE=108.39, candidate was rejected
Itr 74, LL= -8456848.629718 (4.549548). Anneal status: T=0.00, dE=79.43, candidate was rejected
Itr 75, LL= -8456767.115892 (9.638795). Anneal status: T=0.00, dE=30.43, candidate was rejected
Itr 76, LL= -8456689.287794 (9.203056). Anneal status: T=0.00, dE=51.79, candidate was rejected
Itr 77, LL= -8456627.435383 (7.314022). Anneal status: T=0.00, dE=71.38, candidate was rejected
Itr 78, LL= -8456582.446742 (5.319927). Anneal status: T=0.00, dE=49.46, candidate was rejected
Itr 79, LL= -8456544.827821 (4.448478). Anneal status: T=0.00, dE=35.98, candidate was rejected
Itr 80, LL= -8456509.894241 (4.130952). Anneal status: T=0.00, dE=28.36, candidate was rejected
Itr 81, LL= -8456450.955321 (6.969651). Anneal status: T=0.00, dE=37.74, candidate was rejected
Itr 82, LL= -8456414.537338 (4.306533). Anneal status: T=0.00, dE=42.25, candidate was rejected
Itr 83, LL= -8456382.496049 (3.788992). Anneal status: T=0.00, dE=131.53, candidate was rejected
Itr 84, LL= -8456331.910060 (5.981989). Anneal status: T=0.00, dE=28.38, candidate was rejected
Itr 85, LL= -8456293.815505 (4.504856). Anneal status: T=0.00, dE=101.93, candidate was rejected
Itr 86, LL= -8456260.158052 (3.980166). Anneal status: T=0.00, dE=94.04, candidate was rejected
Itr 87, LL= -8456238.129509 (2.604998). Anneal status: T=0.00, dE=36.43, candidate was rejected
Itr 88, LL= -8456204.846524 (3.935909). Anneal status: T=0.00, dE=39.75, candidate was rejected
Itr 89, LL= -8456152.856722 (6.148125). Anneal status: T=0.00, dE=36.63, candidate was rejected
Itr 90, LL= -8456092.907665 (7.089401). Anneal status: T=0.00, dE=41.15, candidate was rejected
Itr 91, LL= -8456022.655695 (8.307852). Anneal status: T=0.00, dE=41.32, candidate was rejected
Itr 92, LL= -8455954.648071 (8.042507). Anneal status: T=0.00, dE=132.59, candidate was rejected
Itr 93, LL= -8455879.445328 (8.893466). Anneal status: T=0.00, dE=60.61, candidate was rejected
Itr 94, LL= -8455769.099404 (13.049609). Anneal status: T=0.00, dE=70.13, candidate was rejected
Itr 95, LL= -8455684.692723 (9.982141). Anneal status: T=0.00, dE=69.34, candidate was rejected
Itr 96, LL= -8455573.540847 (13.145225). Anneal status: T=0.00, dE=16.42, candidate was rejected
Itr 97, LL= -8455412.930541 (18.994608). Anneal status: T=0.00, dE=107.67, candidate was rejected
Itr 98, LL= -8455211.181954 (23.860288). Anneal status: T=0.00, dE=22.89, candidate was rejected
Itr 99, LL= -8455022.087901 (22.364202). Anneal status: T=0.00, dE=59.51, candidate was rejected
Itr 100, LL= -8454836.614707 (21.936453). Anneal status: T=0.00, dE=50.77, candidate was rejected
Itr 101, LL= -8454665.411611 (20.249131). Anneal status: T=0.00, dE=25.45, candidate was rejected
Itr 102, LL= -8454508.238551 (18.590098). Anneal status: T=0.00, dE=38.56, candidate was rejected
Itr 103, LL= -8454374.264919 (15.846413). Anneal status: T=0.00, dE=43.36, candidate was rejected
Itr 104, LL= -8454191.794305 (21.582983). Anneal status: T=0.00, dE=41.89, candidate was rejected
Itr 105, LL= -8454031.393300 (18.972956). Anneal status: T=0.00, dE=50.57, candidate was rejected
Itr 106, LL= -8453851.806895 (21.242694). Anneal status: T=0.00, dE=56.44, candidate was rejected
Itr 107, LL= -8453662.479650 (22.395383). Anneal status: T=0.00, dE=42.75, candidate was rejected
Itr 108, LL= -8453558.004944 (12.358514). Anneal status: T=0.00, dE=105.15, candidate was rejected
Itr 109, LL= -8453446.661313 (13.171215). Anneal status: T=0.00, dE=29.31, candidate was rejected
Itr 110, LL= -8453294.227921 (18.032100). Anneal status: T=0.00, dE=71.30, candidate was rejected
Itr 111, LL= -8453184.508955 (12.979433). Anneal status: T=0.00, dE=23.23, candidate was rejected
Itr 112, LL= -8453109.125429 (8.917767). Anneal status: T=0.00, dE=72.27, candidate was rejected
Itr 113, LL= -8453052.761322 (6.667855). Anneal status: T=0.00, dE=52.32, candidate was rejected
Itr 114, LL= -8452977.259788 (8.931866). Anneal status: T=0.00, dE=57.49, candidate was rejected
Itr 115, LL= -8452894.210204 (9.824891). Anneal status: T=0.00, dE=34.82, candidate was rejected
