
------------------------------------------------------------------------
       Segmentation violation detected at Mon Aug 31 16:06:45 2020
------------------------------------------------------------------------

Configuration:
  Crash Decoding     : Disabled
  Current Visual     : None
  Default Encoding   : US-ASCII
  GNU C Library      : 2.17 stable
  MATLAB Architecture: glnxa64
  MATLAB Root        : /software/matlab-2014b-x86_64
  MATLAB Version     : 8.4.0.150421 (R2014b)
  Operating System   : Linux 3.10.0-1127.8.2.el7.x86_64 #1 SMP Wed May 13 10:45:47 CDT 2020 x86_64
  Processor ID       : x86 Family 6 Model 79 Stepping 1, GenuineIntel
  Software OpenGL    : 0
  Window System      : No active display

Fault Count: 1


Abnormal termination:
Segmentation violation

Register State (from fault):
  RAX = 00007fb911062cd0  RBX = 00000000017ba3e8
  RCX = 00007fb90f5e6300  RDX = 0000000000000040
  RSP = 00007fb8f1e12cb0  RBP = 00007fb8f1e12cc0
  RSI = 00007fb8f1e12cf8  RDI = 000000000186aec0

   R8 = 00007fb8ec04d898   R9 = 00000000000000e7
  R10 = 00007fb8f1e12dd0  R11 = 0000000000000206
  R12 = 00007fb911062cd0  R13 = 00007fb8ec04d8c0
  R14 = 00007fb8ec04d8e8  R15 = 000000000000001f

  RIP = 00007fb910c889c3  EFL = 0000000000010206

   CS = 0033   FS = 0000   GS = 0000

Stack Trace (from fault):
[  0] 0x00007fb910c889c3 /software/matlab-2014b-x86_64/bin/glnxa64/libmwservices.so+02308547 _ZN16LMIsBusyRegistry17isLMAnyModuleBusyEv+00000035
[  1] 0x00007fb910c9e688 /software/matlab-2014b-x86_64/bin/glnxa64/libmwservices.so+02397832
[  2] 0x00007fb910c9ea1b /software/matlab-2014b-x86_64/bin/glnxa64/libmwservices.so+02398747
[  3] 0x00007fb910c9ecd3 /software/matlab-2014b-x86_64/bin/glnxa64/libmwservices.so+02399443
[  4] 0x00007fb90dd5c409 /software/matlab-2014b-x86_64/bin/glnxa64/libboost_thread.so.1.49.0+00058377
[  5] 0x00007fb90f3d6ea5                             /lib64/libpthread.so.0+00032421
[  6] 0x00007fb90f0ff8cd                                   /lib64/libc.so.6+01042637 clone+00000109


If this problem is reproducible, please submit a Service Request via:
    http://www.mathworks.com/support/contact_us/

A technical support engineer might contact you with further information.

Thank you for your help.** This crash report has been saved to disk as /home/calebsponheim/matlab_crash_dump.28599-1 **



MATLAB is exiting because of fatal error
/tmp/slurmd/job4200825/slurm_script: line 13: 28599 Killed                  matlab -nojvm -nodisplay -nosplash -r "addpath(genpath('./')); midway_train_HMM_log_likelihood('./data/Bx190228CT3.mat',$SLURM_ARRAY_TASK_ID,4)"
