HDF5-DIAG: Error detected in HDF5 (1.8.6) thread 0:
  #000: H5Gdeprec.c line 875 in H5Gget_objinfo(): cannot stat object
    major: Invalid arguments to routine
    minor: Unable to initialize object
  #001: H5Gdeprec.c line 1002 in H5G_get_objinfo(): name doesn't exist
    major: Symbol table
    minor: Object already exists
  #002: H5Gtraverse.c line 929 in H5G_traverse(): internal path traversal failed
    major: Symbol table
    minor: Object not found
  #003: H5Gtraverse.c line 718 in H5G_traverse_real(): traversal operator failed
    major: Symbol table
    minor: Callback failed
  #004: H5Gdeprec.c line 926 in H5G_get_objinfo_cb(): unable to get object info
    major: Object header
    minor: Can't get value
  #005: H5O.c line 2794 in H5O_get_info(): unable to determine object class
    major: Object header
    minor: Can't get value
  #006: H5O.c line 2410 in H5O_obj_class_real(): unable to determine object type
    major: Object header
    minor: Unable to initialize object
{Error using load
Cannot read file
/project2/nicho/caleb/git/intermittent_control_project/data/Bx190228CT3.mat.

Error in midway_train_HMM_log_likelihood (line 3)
load(filepath,'meta','data')
} 
