My SLURM_ARRAY_TASK_ID:  27

                            < M A T L A B (R) >
                  Copyright 1984-2014 The MathWorks, Inc.
                   R2014b (8.4.0.150421) 64-bit (glnxa64)
                             September 15, 2014

 
For online documentation, see http://www.mathworks.com/support
For product information, visit www.mathworks.com.
 
    ----------------------------------------------------
	Your MATLAB license will expire in 50 days.
	Please contact your system administrator or
	MathWorks to renew this license.
    ----------------------------------------------------
Itr 136, LL= -8455723.166053 (3.386799). Anneal status: T=0.00, dE=71.00, candidate was rejected
Itr 137, LL= -8455697.056042 (3.087851). Anneal status: T=0.00, dE=22.55, candidate was rejected
Itr 138, LL= -8455686.887168 (1.202606). Anneal status: T=0.00, dE=128.72, candidate was rejected
Itr 139, LL= -8455677.747563 (1.080883). Anneal status: T=0.00, dE=108.58, candidate was rejected
Itr 140, LL= -8455668.249170 (1.123315). Anneal status: T=0.00, dE=53.96, candidate was rejected
Itr 141, LL= -8455656.685941 (1.367512). Anneal status: T=0.00, dE=103.19, candidate was rejected
Itr 142, LL= -8455636.344625 (2.405646). Anneal status: T=0.00, dE=104.18, candidate was rejected
Itr 143, LL= -8455611.348151 (2.956191). Anneal status: T=0.00, dE=67.59, candidate was rejected
Itr 144, LL= -8455595.679390 (1.853061). Anneal status: T=0.00, dE=33.38, candidate was rejected
Itr 145, LL= -8455587.058659 (1.019530). Anneal status: T=0.00, dE=28.12, candidate was rejected
Itr 146, LL= -8455575.406640 (1.378026). Anneal status: T=0.00, dE=105.89, candidate was rejected
Itr 147, LL= -8455555.948133 (2.301263). Anneal status: T=0.00, dE=124.19, candidate was rejected
Itr 148, LL= -8455539.042709 (1.999327). Anneal status: T=0.00, dE=122.62, candidate was rejected
Itr 149, LL= -8455529.606795 (1.115945). Anneal status: T=0.00, dE=47.16, candidate was rejected
Itr 150, LL= -8455524.181064 (0.641678). Anneal status: T=0.00, dE=29.61, candidate was rejected
Itr 151, LL= -8455516.989087 (0.850565). Anneal status: T=0.00, dE=42.62, candidate was rejected
Itr 152, LL= -8455504.323383 (1.497922). Anneal status: T=0.00, dE=45.05, candidate was rejected
Itr 153, LL= -8455498.880195 (0.643745). Anneal status: T=0.00, dE=64.24, candidate was rejected
Itr 154, LL= -8455494.775034 (0.485502). Anneal status: T=0.00, dE=19.92, candidate was rejected
Itr 155, LL= -8455490.930861 (0.454636). Anneal status: T=0.00, dE=70.17, candidate was rejected
-- Annealing statistics:
Portion of times candidate was better: 0.000000
Portion of times candidate was chosen by chance: 0.000000
--
Your MATLAB session has timed out.  All license keys have been returned.
EM for 27 states, 131 emission nodes. 25 observed values.
            gibbs: 0
    nGibbsItrPcnt: 0.8000
     annealParams: {}
           maxItr: 500
      convergeEps: 1.0000e-06
           minItr: 5
       parametric: 0
        initprobs: []
      persistBias: 0
          obsVals: []

- Initalized simulated annealing with params:
                     type: 'linear'
    max_chance_accpetance: 0.2000
             min_duration: 5
        min_init_duration: 5
             max_duration: 11
              converge_th: 1.0000e-06

--
Itr 1, LL= -32118860.609898 (Inf). Anneal status: T=NaN, dE=-2629.66, collecting statistics
Itr 2, LL= -8946742.785505 (Inf). Anneal status: T=NaN, dE=-1223.55, collecting statistics
Itr 3, LL= -8698627.583597 (Inf). Anneal status: T=NaN, dE=-9.89, collecting statistics
Itr 4, LL= -8572595.501596 (14488.731790). Anneal status: T=NaN, dE=-41.60, collecting statistics
Itr 5, LL= -8530667.013052 (4890.991128). Anneal status: T=NaN, dE=-418.01, collecting statistics
Itr 6, LL= -8509792.270271 (2447.023515). Anneal status: T=NaN, dE=6.12, collecting statistics
Itr 7, LL= -8495985.802640 (1622.421229). Anneal status: T=NaN, dE=103.90, collecting statistics
Itr 8, LL= -8485917.665661 (1185.046352). Anneal status: T=NaN, dE=152.35, collecting statistics
Itr 9, LL= -8478961.175158 (819.768795). Anneal status: T=16.34, dE=86.14, candidate was rejected
Itr 10, LL= -8474122.704873 (570.644232). Anneal status: T=16.34, dE=28.33, candidate was rejected
Itr 11, LL= -8470582.258609 (417.795020). Anneal status: T=16.34, dE=57.42, candidate was rejected
Itr 12, LL= -8467928.302760 (313.314453). Anneal status: T=16.34, dE=95.70, candidate was rejected
Itr 13, LL= -8465861.959329 (244.019949). Anneal status: T=16.34, dE=47.28, candidate was rejected
Itr 14, LL= -8464078.319619 (210.686132). Anneal status: T=14.71, dE=10.73, candidate was chosen by chance
Itr 15, LL= -8462843.853908 (145.847624). Anneal status: T=14.71, dE=73.45, candidate was rejected
Itr 16, LL= -8461793.745055 (124.084630). Anneal status: T=14.71, dE=71.89, candidate was rejected
Itr 17, LL= -8460906.056245 (104.905513). Anneal status: T=14.71, dE=96.39, candidate was rejected
Itr 18, LL= -8460032.326943 (103.266636). Anneal status: T=14.71, dE=112.72, candidate was rejected
Itr 19, LL= -8459295.368463 (87.110599). Anneal status: T=13.08, dE=46.31, candidate was rejected
Itr 20, LL= -8458657.966112 (75.349343). Anneal status: T=13.08, dE=68.47, candidate was rejected
Itr 21, LL= -8458077.435929 (68.631476). Anneal status: T=13.08, dE=10.76, candidate was rejected
Itr 22, LL= -8457598.259570 (56.653106). Anneal status: T=13.08, dE=90.85, candidate was rejected
Itr 23, LL= -8457155.036508 (52.405310). Anneal status: T=13.08, dE=64.08, candidate was rejected
Itr 24, LL= -8456802.844494 (41.644266). Anneal status: T=11.44, dE=43.93, candidate was rejected
Itr 25, LL= -8456505.039029 (35.214900). Anneal status: T=11.44, dE=77.39, candidate was rejected
Itr 26, LL= -8456240.012421 (31.339969). Anneal status: T=11.44, dE=90.72, candidate was rejected
Itr 27, LL= -8456022.442600 (25.728908). Anneal status: T=11.44, dE=25.51, candidate was rejected
Itr 28, LL= -8455830.838262 (22.658920). Anneal status: T=11.44, dE=70.62, candidate was rejected
Itr 29, LL= -8455597.080638 (27.644548). Anneal status: T=9.81, dE=110.45, candidate was rejected
Itr 30, LL= -8455406.615580 (22.525323). Anneal status: T=9.81, dE=35.73, candidate was rejected
Itr 31, LL= -8455223.456615 (21.661757). Anneal status: T=9.81, dE=129.43, candidate was rejected
Itr 32, LL= -8455081.987997 (16.731505). Anneal status: T=9.81, dE=49.33, candidate was rejected
Itr 33, LL= -8454952.746210 (15.285693). Anneal status: T=9.81, dE=62.80, candidate was rejected
Itr 34, LL= -8454847.633752 (12.432057). Anneal status: T=8.17, dE=22.86, candidate was rejected
Itr 35, LL= -8454759.460604 (10.428709). Anneal status: T=8.17, dE=30.16, candidate was rejected
Itr 36, LL= -8454658.086764 (11.990151). Anneal status: T=8.17, dE=120.52, candidate was rejected
Itr 37, LL= -8454552.895766 (12.441780). Anneal status: T=8.17, dE=48.54, candidate was rejected
Itr 38, LL= -8454471.675078 (9.606740). Anneal status: T=8.17, dE=40.11, candidate was rejected
Itr 39, LL= -8454311.628229 (18.930438). Anneal status: T=6.54, dE=89.97, candidate was rejected
Itr 40, LL= -8454188.995994 (14.505289). Anneal status: T=6.54, dE=106.60, candidate was rejected
Itr 41, LL= -8454073.192264 (13.697793). Anneal status: T=6.54, dE=21.31, candidate was rejected
Itr 42, LL= -8453956.916769 (13.753784). Anneal status: T=6.54, dE=60.10, candidate was rejected
Itr 43, LL= -8453872.716188 (9.959902). Anneal status: T=6.54, dE=139.13, candidate was rejected
Itr 44, LL= -8453769.220219 (12.242433). Anneal status: T=4.90, dE=96.70, candidate was rejected
Itr 45, LL= -8453686.255588 (9.813922). Anneal status: T=4.90, dE=46.96, candidate was rejected
Itr 46, LL= -8453586.533381 (11.796298). Anneal status: T=4.90, dE=79.73, candidate was rejected
Itr 47, LL= -8453491.704322 (11.217613). Anneal status: T=4.90, dE=40.34, candidate was rejected
Itr 48, LL= -8453410.480545 (9.608311). Anneal status: T=4.90, dE=50.68, candidate was rejected
Itr 49, LL= -8453348.362942 (7.348230). Anneal status: T=3.27, dE=63.85, candidate was rejected
Itr 50, LL= -8453277.910643 (8.334248). Anneal status: T=3.27, dE=71.35, candidate was rejected
Itr 51, LL= -8453222.074648 (6.605248). Anneal status: T=3.27, dE=89.62, candidate was rejected
Itr 52, LL= -8453158.783370 (7.487237). Anneal status: T=3.27, dE=168.64, candidate was rejected
Itr 53, LL= -8453111.001895 (5.652499). Anneal status: T=3.27, dE=50.29, candidate was rejected
Itr 54, LL= -8453063.884262 (5.573999). Anneal status: T=1.63, dE=69.60, candidate was rejected
Itr 55, LL= -8453029.095243 (4.115551). Anneal status: T=1.63, dE=54.36, candidate was rejected
Itr 56, LL= -8452980.467062 (5.752752). Anneal status: T=1.63, dE=63.63, candidate was rejected
Itr 57, LL= -8452929.499564 (6.029530). Anneal status: T=1.63, dE=133.54, candidate was rejected
Itr 58, LL= -8452907.485125 (2.604356). Anneal status: T=1.63, dE=30.79, candidate was rejected
Itr 59, LL= -8452877.385690 (3.560838). Anneal status: T=0.00, dE=21.77, candidate was rejected
Itr 60, LL= -8452850.110491 (3.226735). Anneal status: T=0.00, dE=40.98, candidate was rejected
Itr 61, LL= -8452808.659843 (4.903748). Anneal status: T=0.00, dE=99.80, candidate was rejected
Itr 62, LL= -8452772.383304 (4.291655). Anneal status: T=0.00, dE=66.55, candidate was rejected
Itr 63, LL= -8452741.612953 (3.640267). Anneal status: T=0.00, dE=45.14, candidate was rejected
Itr 64, LL= -8452709.766644 (3.767572). Anneal status: T=0.00, dE=126.06, candidate was rejected
Itr 65, LL= -8452666.615946 (5.104954). Anneal status: T=0.00, dE=45.27, candidate was rejected
Itr 66, LL= -8452627.372517 (4.642728). Anneal status: T=0.00, dE=76.13, candidate was rejected
Itr 67, LL= -8452597.223808 (3.566786). Anneal status: T=0.00, dE=66.97, candidate was rejected
Itr 68, LL= -8452564.836380 (3.831654). Anneal status: T=0.00, dE=60.38, candidate was rejected
Itr 69, LL= -8452542.046119 (2.696254). Anneal status: T=0.00, dE=39.36, candidate was rejected
Itr 70, LL= -8452524.124204 (2.120299). Anneal status: T=0.00, dE=65.07, candidate was rejected
Itr 71, LL= -8452505.537793 (2.198918). Anneal status: T=0.00, dE=76.05, candidate was rejected
Itr 72, LL= -8452479.440737 (3.087493). Anneal status: T=0.00, dE=83.58, candidate was rejected
Itr 73, LL= -8452440.104373 (4.653826). Anneal status: T=0.00, dE=216.06, candidate was rejected
Itr 74, LL= -8452404.488590 (4.213669). Anneal status: T=0.00, dE=84.45, candidate was rejected
Itr 75, LL= -8452387.665092 (1.990380). Anneal status: T=0.00, dE=57.21, candidate was rejected
Itr 76, LL= -8452373.480171 (1.678215). Anneal status: T=0.00, dE=56.41, candidate was rejected
Itr 77, LL= -8452357.701704 (1.866750). Anneal status: T=0.00, dE=33.32, candidate was rejected
Itr 78, LL= -8452341.161521 (1.956872). Anneal status: T=0.00, dE=85.51, candidate was rejected
Itr 79, LL= -8452313.773499 (3.240288). Anneal status: T=0.00, dE=115.51, candidate was rejected
Itr 80, LL= -8452256.621787 (6.761665). Anneal status: T=0.00, dE=56.61, candidate was rejected
Itr 81, LL= -8452237.968823 (2.206862). Anneal status: T=0.00, dE=28.82, candidate was rejected
Itr 82, LL= -8452224.273140 (1.620362). Anneal status: T=0.00, dE=92.23, candidate was rejected
Itr 83, LL= -8452203.950961 (2.404359). Anneal status: T=0.00, dE=29.33, candidate was rejected
Itr 84, LL= -8452188.256057 (1.856901). Anneal status: T=0.00, dE=44.42, candidate was rejected
Itr 85, LL= -8452177.321711 (1.293670). Anneal status: T=0.00, dE=52.44, candidate was rejected
Itr 86, LL= -8452162.855036 (1.711592). Anneal status: T=0.00, dE=99.49, candidate was rejected
Itr 87, LL= -8452148.984196 (1.641100). Anneal status: T=0.00, dE=17.64, candidate was rejected
Itr 88, LL= -8452137.420019 (1.368194). Anneal status: T=0.00, dE=23.79, candidate was rejected
Itr 89, LL= -8452128.698479 (1.031874). Anneal status: T=0.00, dE=135.77, candidate was rejected
Itr 90, LL= -8452115.845377 (1.520694). Anneal status: T=0.00, dE=62.44, candidate was rejected
Itr 91, LL= -8452101.848212 (1.656055). Anneal status: T=0.00, dE=246.72, candidate was rejected
Itr 92, LL= -8452087.961554 (1.642983). Anneal status: T=0.00, dE=42.70, candidate was rejected
Itr 93, LL= -8452071.376746 (1.962214). Anneal status: T=0.00, dE=58.67, candidate was rejected
Itr 94, LL= -8452059.360042 (1.421747). Anneal status: T=0.00, dE=57.75, candidate was rejected
Itr 95, LL= -8452053.487567 (0.694798). Anneal status: T=0.00, dE=43.30, candidate was rejected
Itr 96, LL= -8452047.812892 (0.671396). Anneal status: T=0.00, dE=45.70, candidate was rejected
Itr 97, LL= -8452031.850081 (1.888632). Anneal status: T=0.00, dE=130.24, candidate was rejected
Itr 98, LL= -8452012.989783 (2.231451). Anneal status: T=0.00, dE=107.40, candidate was rejected
Itr 99, LL= -8452005.135827 (0.929241). Anneal status: T=0.00, dE=36.04, candidate was rejected
Itr 100, LL= -8451998.572560 (0.776534). Anneal status: T=0.00, dE=70.52, candidate was rejected
Itr 101, LL= -8451987.965256 (1.255005). Anneal status: T=0.00, dE=124.77, candidate was rejected
Itr 102, LL= -8451981.937480 (0.713178). Anneal status: T=0.00, dE=65.52, candidate was rejected
Itr 103, LL= -8451978.182647 (0.444255). Anneal status: T=0.00, dE=33.66, candidate was rejected
Itr 104, LL= -8451973.729087 (0.526925). Anneal status: T=0.00, dE=16.67, candidate was rejected
-- Annealing statistics:
Portion of times candidate was better: 0.000000
Portion of times candidate was chosen by chance: 0.009615
--
EM for 27 states, 131 emission nodes. 25 observed values.
            gibbs: 0
    nGibbsItrPcnt: 0.8000
     annealParams: {}
           maxItr: 500
      convergeEps: 1.0000e-06
           minItr: 5
       parametric: 0
        initprobs: []
      persistBias: 0
          obsVals: []

- Initalized simulated annealing with params:
                     type: 'linear'
    max_chance_accpetance: 0.2000
             min_duration: 5
        min_init_duration: 5
             max_duration: 11
              converge_th: 1.0000e-06

--
Itr 1, LL= -32175158.155802 (Inf). Anneal status: T=NaN, dE=512.74, collecting statistics
Itr 2, LL= -8925242.612705 (Inf). Anneal status: T=NaN, dE=-1082.73, collecting statistics
Itr 3, LL= -8684033.729284 (Inf). Anneal status: T=NaN, dE=-751.66, collecting statistics
Itr 4, LL= -8574865.047843 (12571.195005). Anneal status: T=NaN, dE=-150.13, collecting statistics
