My SLURM_ARRAY_TASK_ID:  24

                            < M A T L A B (R) >
                  Copyright 1984-2014 The MathWorks, Inc.
                   R2014b (8.4.0.150421) 64-bit (glnxa64)
                             September 15, 2014

 
For online documentation, see http://www.mathworks.com/support
For product information, visit www.mathworks.com.
 
EM for 24 states, 131 emission nodes. 25 observed values.
            gibbs: 0
    nGibbsItrPcnt: 0.8000
     annealParams: {}
           maxItr: 500
      convergeEps: 1.0000e-06
           minItr: 5
       parametric: 0
        initprobs: []
      persistBias: 0
          obsVals: []

- Initalized simulated annealing with params:
                     type: 'linear'
    max_chance_accpetance: 0.2000
             min_duration: 5
        min_init_duration: 5
             max_duration: 11
              converge_th: 1.0000e-06

--
Itr 1, LL= -15295435.777523 (Inf). Anneal status: T=NaN, dE=-49.23, collecting statistics
Itr 2, LL= -4169549.855739 (Inf). Anneal status: T=NaN, dE=-260.27, collecting statistics
Itr 3, LL= -4045493.689306 (Inf). Anneal status: T=NaN, dE=-244.66, collecting statistics
Itr 4, LL= -3996601.052920 (12085.703289). Anneal status: T=NaN, dE=-502.01, collecting statistics
Itr 5, LL= -3973224.506666 (5849.106765). Anneal status: T=NaN, dE=-106.16, collecting statistics
Itr 6, LL= -3961045.486372 (3065.273627). Anneal status: T=NaN, dE=-45.40, collecting statistics
Itr 7, LL= -3954324.425450 (1696.789634). Anneal status: T=NaN, dE=-27.21, collecting statistics
Itr 8, LL= -3950639.145604 (931.961936). Anneal status: T=NaN, dE=-39.59, collecting statistics
Itr 9, LL= -3948280.052396 (597.142164). Anneal status: T=NaN, dE=19.55, collecting statistics
Itr 10, LL= -3946209.580976 (524.398318). Anneal status: T=NaN, dE=-1.08, collecting statistics
Itr 11, LL= -3944393.060013 (460.320448). Anneal status: T=NaN, dE=5.65, collecting statistics
Itr 12, LL= -3942772.111745 (410.949985). Anneal status: T=NaN, dE=-0.48, collecting statistics
Itr 13, LL= -3941315.766713 (369.370836). Anneal status: T=NaN, dE=9.22, collecting statistics
Itr 14, LL= -3939830.159472 (376.931799). Anneal status: T=0.26, dE=52.35, candidate was rejected
Itr 15, LL= -3938376.386212 (368.993891). Anneal status: T=0.26, dE=1.82, candidate was rejected
Itr 16, LL= -3937108.541156 (321.920744). Anneal status: T=0.26, dE=4.13, candidate was rejected
Itr 17, LL= -3935924.543508 (300.727713). Anneal status: T=0.26, dE=10.18, candidate was rejected
Itr 18, LL= -3934975.540870 (241.113016). Anneal status: T=0.26, dE=7.24, candidate was rejected
Itr 19, LL= -3934074.440996 (228.997579). Anneal status: T=0.24, dE=22.53, candidate was rejected
Itr 20, LL= -3933424.312635 (165.255735). Anneal status: T=0.24, dE=7.76, candidate was rejected
Itr 21, LL= -3932814.478157 (155.039078). Anneal status: T=0.24, dE=6.23, candidate was rejected
Itr 22, LL= -3932206.219478 (154.662439). Anneal status: T=0.24, dE=13.93, candidate was rejected
Itr 23, LL= -3931620.527534 (148.947413). Anneal status: T=0.24, dE=17.03, candidate was rejected
Itr 24, LL= -3931087.732904 (135.515273). Anneal status: T=0.21, dE=28.11, candidate was rejected
Itr 25, LL= -3930684.210452 (102.649058). Anneal status: T=0.21, dE=37.50, candidate was rejected
Itr 26, LL= -3930333.782828 (89.151813). Anneal status: T=0.21, dE=11.10, candidate was rejected
Itr 27, LL= -3930052.926105 (71.458746). Anneal status: T=0.21, dE=12.33, candidate was rejected
Itr 28, LL= -3929776.752075 (70.272344). Anneal status: T=0.21, dE=7.39, candidate was rejected
Itr 29, LL= -3929560.455469 (55.040431). Anneal status: T=0.18, dE=6.67, candidate was rejected
Itr 30, LL= -3929321.160621 (60.896085). Anneal status: T=0.18, dE=15.84, candidate was rejected
Itr 31, LL= -3929150.272878 (43.490398). Anneal status: T=0.18, dE=2.52, candidate was rejected
Itr 32, LL= -3929009.726229 (35.770240). Anneal status: T=0.18, dE=24.20, candidate was rejected
Itr 33, LL= -3928850.300746 (40.576505). Anneal status: T=0.18, dE=11.43, candidate was rejected
Itr 34, LL= -3928720.904071 (32.934998). Anneal status: T=0.16, dE=18.96, candidate was rejected
Itr 35, LL= -3928616.295900 (26.626521). Anneal status: T=0.16, dE=58.25, candidate was rejected
Itr 36, LL= -3928513.284245 (26.220849). Anneal status: T=0.16, dE=9.37, candidate was rejected
Itr 37, LL= -3928395.482309 (29.986391). Anneal status: T=0.16, dE=24.48, candidate was rejected
Itr 38, LL= -3928301.184374 (24.004186). Anneal status: T=0.16, dE=9.27, candidate was rejected
Itr 39, LL= -3928219.326714 (20.837929). Anneal status: T=0.13, dE=36.85, candidate was rejected
Itr 40, LL= -3928129.240366 (22.933126). Anneal status: T=0.13, dE=7.05, candidate was rejected
Itr 41, LL= -3928062.423859 (17.009753). Anneal status: T=0.13, dE=46.66, candidate was rejected
Itr 42, LL= -3927998.797014 (16.198023). Anneal status: T=0.13, dE=21.12, candidate was rejected
Itr 43, LL= -3927968.802972 (7.635960). Anneal status: T=0.13, dE=3.97, candidate was rejected
Itr 44, LL= -3927909.506988 (15.095839). Anneal status: T=0.10, dE=25.59, candidate was rejected
Itr 45, LL= -3927829.598601 (20.343744). Anneal status: T=0.10, dE=4.14, candidate was rejected
Itr 46, LL= -3927803.457919 (6.655249). Anneal status: T=0.10, dE=51.04, candidate was rejected
Itr 47, LL= -3927778.146772 (6.444097). Anneal status: T=0.10, dE=44.70, candidate was rejected
Itr 48, LL= -3927749.478310 (7.298901). Anneal status: T=0.10, dE=3.43, candidate was rejected
Itr 49, LL= -3927721.958338 (7.006550). Anneal status: T=0.08, dE=6.34, candidate was rejected
Itr 50, LL= -3927692.501229 (7.499795). Anneal status: T=0.08, dE=2.83, candidate was rejected
Itr 51, LL= -3927677.870741 (3.724957). Anneal status: T=0.08, dE=24.88, candidate was rejected
Itr 52, LL= -3927659.791204 (4.603111). Anneal status: T=0.08, dE=19.51, candidate was rejected
Itr 53, LL= -3927630.799184 (7.381500). Anneal status: T=0.08, dE=3.99, candidate was rejected
Itr 54, LL= -3927612.549814 (4.646407). Anneal status: T=0.05, dE=61.31, candidate was rejected
Itr 55, LL= -3927597.534940 (3.822901). Anneal status: T=0.05, dE=36.54, candidate was rejected
Itr 56, LL= -3927565.079314 (8.263481). Anneal status: T=0.05, dE=6.57, candidate was rejected
Itr 57, LL= -3927516.354467 (12.405866). Anneal status: T=0.05, dE=2.75, candidate was rejected
Itr 58, LL= -3927482.420719 (8.640002). Anneal status: T=0.05, dE=11.57, candidate was rejected
Itr 59, LL= -3927440.904675 (10.570651). Anneal status: T=0.03, dE=11.32, candidate was rejected
Itr 60, LL= -3927411.810897 (7.407821). Anneal status: T=0.03, dE=3.77, candidate was rejected
Itr 61, LL= -3927400.010047 (3.004739). Anneal status: T=0.03, dE=26.80, candidate was rejected
Itr 62, LL= -3927377.217918 (5.803363). Anneal status: T=0.03, dE=6.70, candidate was rejected
Itr 63, LL= -3927341.419556 (9.115081). Anneal status: T=0.03, dE=24.50, candidate was rejected
Itr 64, LL= -3927322.625010 (4.785565). Anneal status: T=0.00, dE=3.44, candidate was rejected
Itr 65, LL= -3927292.338781 (7.711673). Anneal status: T=0.00, dE=4.78, candidate was rejected
Itr 66, LL= -3927256.943772 (9.012573). Anneal status: T=0.00, dE=7.48, candidate was rejected
Itr 67, LL= -3927239.483575 (4.445901). Anneal status: T=0.00, dE=7.26, candidate was rejected
Itr 68, LL= -3927204.761731 (8.841285). Anneal status: T=0.00, dE=4.74, candidate was rejected
Itr 69, LL= -3927183.430342 (5.431698). Anneal status: T=0.00, dE=11.07, candidate was rejected
Itr 70, LL= -3927151.096549 (8.233329). Anneal status: T=0.00, dE=12.74, candidate was rejected
Itr 71, LL= -3927124.625307 (6.740571). Anneal status: T=0.00, dE=25.03, candidate was rejected
Itr 72, LL= -3927117.156994 (1.901726). Anneal status: T=0.00, dE=46.34, candidate was rejected
Itr 73, LL= -3927113.784280 (0.858827). Anneal status: T=0.00, dE=1.28, candidate was rejected
Itr 74, LL= -3927094.309138 (4.959149). Anneal status: T=0.00, dE=1.94, candidate was rejected
Itr 75, LL= -3927077.199788 (4.356745). Anneal status: T=0.00, dE=40.67, candidate was rejected
Itr 76, LL= -3927058.538022 (4.752075). Anneal status: T=0.00, dE=27.03, candidate was rejected
Itr 77, LL= -3927046.445612 (3.079254). Anneal status: T=0.00, dE=8.91, candidate was rejected
Itr 78, LL= -3927023.346210 (5.882131). Anneal status: T=0.00, dE=21.72, candidate was rejected
Itr 79, LL= -3927010.497102 (3.271971). Anneal status: T=0.00, dE=6.96, candidate was rejected
Itr 80, LL= -3927000.476464 (2.551722). Anneal status: T=0.00, dE=9.78, candidate was rejected
Itr 81, LL= -3926993.173320 (1.859726). Anneal status: T=0.00, dE=5.46, candidate was rejected
Itr 82, LL= -3926981.779477 (2.901417). Anneal status: T=0.00, dE=4.40, candidate was rejected
Itr 83, LL= -3926963.202289 (4.730653). Anneal status: T=0.00, dE=6.99, candidate was rejected
Itr 84, LL= -3926946.941761 (4.140738). Anneal status: T=0.00, dE=9.17, candidate was rejected
Itr 85, LL= -3926943.074472 (0.984808). Anneal status: T=0.00, dE=6.24, candidate was rejected
Itr 86, LL= -3926937.969778 (1.299915). Anneal status: T=0.00, dE=12.54, candidate was rejected
Itr 87, LL= -3926933.757682 (1.072616). Anneal status: T=0.00, dE=14.89, candidate was rejected
Itr 88, LL= -3926918.728078 (3.827313). Anneal status: T=0.00, dE=12.52, candidate was rejected
Itr 89, LL= -3926905.600232 (3.343040). Anneal status: T=0.00, dE=6.85, candidate was rejected
Itr 90, LL= -3926878.137074 (6.993588). Anneal status: T=0.00, dE=26.56, candidate was rejected
Itr 91, LL= -3926870.644372 (1.908056). Anneal status: T=0.00, dE=22.17, candidate was rejected
Itr 92, LL= -3926858.995155 (2.966540). Anneal status: T=0.00, dE=17.29, candidate was rejected
Itr 93, LL= -3926841.581381 (4.434530). Anneal status: T=0.00, dE=37.22, candidate was rejected
Itr 94, LL= -3926836.980164 (1.171735). Anneal status: T=0.00, dE=6.89, candidate was rejected
Itr 95, LL= -3926829.345858 (1.944136). Anneal status: T=0.00, dE=6.67, candidate was rejected
Itr 96, LL= -3926816.839449 (3.184862). Anneal status: T=0.00, dE=29.23, candidate was rejected
Itr 97, LL= -3926806.653742 (2.593884). Anneal status: T=0.00, dE=36.84, candidate was rejected
Itr 98, LL= -3926797.951156 (2.216199). Anneal status: T=0.00, dE=9.77, candidate was rejected
Itr 99, LL= -3926789.149635 (2.241399). Anneal status: T=0.00, dE=15.28, candidate was rejected
Itr 100, LL= -3926786.129996 (0.768984). Anneal status: T=0.00, dE=36.93, candidate was rejected
Itr 101, LL= -3926783.212721 (0.742917). Anneal status: T=0.00, dE=3.15, candidate was rejected
Itr 102, LL= -3926779.388421 (0.973902). Anneal status: T=0.00, dE=14.35, candidate was rejected
-- Annealing statistics:
Portion of times candidate was better: 0.000000
Portion of times candidate was chosen by chance: 0.000000
--
EM for 24 states, 131 emission nodes. 25 observed values.
            gibbs: 0
    nGibbsItrPcnt: 0.8000
     annealParams: {}
           maxItr: 500
      convergeEps: 1.0000e-06
           minItr: 5
       parametric: 0
        initprobs: []
      persistBias: 0
          obsVals: []

- Initalized simulated annealing with params:
                     type: 'linear'
    max_chance_accpetance: 0.2000
             min_duration: 5
        min_init_duration: 5
             max_duration: 11
              converge_th: 1.0000e-06

--
Itr 1, LL= -15381245.407248 (Inf). Anneal status: T=NaN, dE=183.08, collecting statistics
Itr 2, LL= -4159706.768674 (Inf). Anneal status: T=NaN, dE=-735.91, collecting statistics
Itr 3, LL= -4023764.500675 (Inf). Anneal status: T=NaN, dE=-491.75, collecting statistics
Itr 4, LL= -3975788.138630 (11923.252973). Anneal status: T=NaN, dE=-226.43, collecting statistics
Itr 5, LL= -3954562.477049 (5338.730546). Anneal status: T=NaN, dE=-118.20, collecting statistics
Itr 6, LL= -3943698.373629 (2747.232717). Anneal status: T=NaN, dE=-114.76, collecting statistics
Itr 7, LL= -3937984.163145 (1448.947141). Anneal status: T=NaN, dE=-78.71, collecting statistics
Itr 8, LL= -3934469.724968 (892.445991). Anneal status: T=NaN, dE=8.24, collecting statistics
Itr 9, LL= -3932131.229348 (594.361066). Anneal status: T=NaN, dE=37.80, collecting statistics
Itr 10, LL= -3930435.690963 (431.200864). Anneal status: T=7.15, dE=4.99, candidate was rejected
Itr 11, LL= -3929135.939078 (330.689009). Anneal status: T=7.15, dE=12.08, candidate was rejected
Itr 12, LL= -3928189.732828 (240.817896). Anneal status: T=7.15, dE=3.78, candidate was rejected
Itr 13, LL= -3927541.767297 (164.952707). Anneal status: T=7.15, dE=8.96, candidate was chosen by chance
Itr 14, LL= -3927074.992710 (118.846499). Anneal status: T=7.15, dE=8.01, candidate was rejected
Itr 15, LL= -3926657.436133 (106.327630). Anneal status: T=6.44, dE=16.27, candidate was rejected
Itr 16, LL= -3926238.888526 (106.591322). Anneal status: T=6.44, dE=22.66, candidate was rejected
Itr 17, LL= -3925880.536448 (91.271084). Anneal status: T=6.44, dE=47.59, candidate was rejected
Itr 18, LL= -3925544.595035 (85.570972). Anneal status: T=6.44, dE=9.65, candidate was chosen by chance
Itr 19, LL= -3925129.594040 (105.718069). Anneal status: T=6.44, dE=16.79, candidate was rejected
Itr 20, LL= -3924692.411016 (111.380532). Anneal status: T=5.72, dE=10.10, candidate was rejected
Itr 21, LL= -3924323.582083 (93.976520). Anneal status: T=5.72, dE=9.45, candidate was rejected
Itr 22, LL= -3923936.756051 (98.571390). Anneal status: T=5.72, dE=59.74, candidate was rejected
Itr 23, LL= -3923528.308343 (104.091307). Anneal status: T=5.72, dE=21.35, candidate was rejected
Itr 24, LL= -3923131.379746 (101.166238). Anneal status: T=5.72, dE=16.34, candidate was rejected
Itr 25, LL= -3922789.044047 (87.260830). Anneal status: T=5.01, dE=24.02, candidate was rejected
Itr 26, LL= -3922499.514285 (73.807120). Anneal status: T=5.01, dE=6.93, candidate was chosen by chance
Itr 27, LL= -3922222.911699 (70.516921). Anneal status: T=5.01, dE=62.44, candidate was rejected
Itr 28, LL= -3921997.034466 (57.589086). Anneal status: T=5.01, dE=14.49, candidate was rejected
Itr 29, LL= -3921791.716700 (52.350311). Anneal status: T=5.01, dE=1.98, candidate was chosen by chance
Itr 30, LL= -3921569.190655 (56.740914). Anneal status: T=4.29, dE=9.22, candidate was rejected
Itr 31, LL= -3921326.180766 (61.967513). Anneal status: T=4.29, dE=4.61, candidate was rejected
Itr 32, LL= -3921119.040829 (52.823950). Anneal status: T=4.29, dE=26.34, candidate was rejected
Itr 33, LL= -3920966.745310 (38.839810). Anneal status: T=4.29, dE=10.95, candidate was rejected
Itr 34, LL= -3920857.792217 (27.787304). Anneal status: T=4.29, dE=6.64, candidate was rejected
Itr 35, LL= -3920765.495727 (23.539872). Anneal status: T=3.58, dE=11.32, candidate was rejected
Itr 36, LL= -3920640.966649 (31.761420). Anneal status: T=3.58, dE=13.95, candidate was rejected
Itr 37, LL= -3920529.924441 (28.322463). Anneal status: T=3.58, dE=30.74, candidate was rejected
Itr 38, LL= -3920438.505718 (23.317951). Anneal status: T=3.58, dE=47.76, candidate was rejected
Itr 39, LL= -3920348.531470 (22.950047). Anneal status: T=3.58, dE=16.58, candidate was rejected
Itr 40, LL= -3920260.216879 (22.527230). Anneal status: T=2.86, dE=9.92, candidate was rejected
Itr 41, LL= -3920166.315257 (23.952905). Anneal status: T=2.86, dE=3.89, candidate was rejected
Itr 42, LL= -3920077.308551 (22.704829). Anneal status: T=2.86, dE=5.39, candidate was rejected
Itr 43, LL= -3920006.494047 (18.064568). Anneal status: T=2.86, dE=8.43, candidate was rejected
Itr 44, LL= -3919944.682065 (15.768337). Anneal status: T=2.86, dE=17.51, candidate was rejected
Itr 45, LL= -3919868.280537 (19.490461). Anneal status: T=2.15, dE=19.32, candidate was rejected
Itr 46, LL= -3919810.974092 (14.619482). Anneal status: T=2.15, dE=9.73, candidate was rejected
Itr 47, LL= -3919769.656852 (10.540620). Anneal status: T=2.15, dE=31.20, candidate was rejected
Itr 48, LL= -3919692.101774 (19.785621). Anneal status: T=2.15, dE=13.73, candidate was rejected
Itr 49, LL= -3919651.005063 (10.484678). Anneal status: T=2.15, dE=5.58, candidate was rejected
Itr 50, LL= -3919623.224339 (7.087550). Anneal status: T=1.43, dE=25.66, candidate was rejected
Itr 51, LL= -3919604.963272 (4.658883). Anneal status: T=1.43, dE=9.36, candidate was rejected
Itr 52, LL= -3919590.406762 (3.713770). Anneal status: T=1.43, dE=5.49, candidate was rejected
Itr 53, LL= -3919557.719358 (8.339495). Anneal status: T=1.43, dE=20.59, candidate was rejected
Itr 54, LL= -3919505.426178 (13.341602). Anneal status: T=1.43, dE=9.05, candidate was rejected
Itr 55, LL= -3919478.656205 (6.829937). Anneal status: T=0.72, dE=10.25, candidate was rejected
Itr 56, LL= -3919450.056499 (7.296814). Anneal status: T=0.72, dE=72.96, candidate was rejected
Itr 57, LL= -3919426.543597 (5.999031). Anneal status: T=0.72, dE=13.25, candidate was rejected
Itr 58, LL= -3919397.972226 (7.289681). Anneal status: T=0.72, dE=8.15, candidate was rejected
Itr 59, LL= -3919379.889183 (4.613730). Anneal status: T=0.72, dE=3.80, candidate was rejected
Itr 60, LL= -3919357.023423 (5.834025). Anneal status: T=0.00, dE=24.75, candidate was rejected
Itr 61, LL= -3919333.289324 (6.055610). Anneal status: T=0.00, dE=33.33, candidate was rejected
Itr 62, LL= -3919325.030357 (2.107238). Anneal status: T=0.00, dE=7.11, candidate was rejected
Itr 63, LL= -3919314.726120 (2.629085). Anneal status: T=0.00, dE=39.83, candidate was rejected
Itr 64, LL= -3919303.139226 (2.956357). Anneal status: T=0.00, dE=69.42, candidate was rejected
Itr 65, LL= -3919290.956444 (3.108405). Anneal status: T=0.00, dE=13.24, candidate was rejected
Itr 66, LL= -3919275.435274 (3.960198). Anneal status: T=0.00, dE=12.83, candidate was rejected
Itr 67, LL= -3919257.129936 (4.670592). Anneal status: T=0.00, dE=10.23, candidate was rejected
Itr 68, LL= -3919243.488047 (3.480733). Anneal status: T=0.00, dE=32.72, candidate was rejected
Itr 69, LL= -3919228.999545 (3.696760). Anneal status: T=0.00, dE=5.81, candidate was rejected
Itr 70, LL= -3919221.494459 (1.914939). Anneal status: T=0.00, dE=49.66, candidate was rejected
Itr 71, LL= -3919212.821627 (2.212897). Anneal status: T=0.00, dE=21.92, candidate was rejected
Itr 72, LL= -3919163.049129 (12.699616). Anneal status: T=0.00, dE=22.13, candidate was rejected
Itr 73, LL= -3919147.354628 (4.004554). Anneal status: T=0.00, dE=5.12, candidate was rejected
Itr 74, LL= -3919135.024496 (3.146126). Anneal status: T=0.00, dE=6.22, candidate was rejected
Itr 75, LL= -3919128.662059 (1.623429). Anneal status: T=0.00, dE=8.55, candidate was rejected
Itr 76, LL= -3919115.118136 (3.455851). Anneal status: T=0.00, dE=13.50, candidate was rejected
Itr 77, LL= -3919100.529227 (3.722501). Anneal status: T=0.00, dE=5.77, candidate was rejected
Itr 78, LL= -3919090.870188 (2.464606). Anneal status: T=0.00, dE=14.69, candidate was rejected
Itr 79, LL= -3919077.938243 (3.299731). Anneal status: T=0.00, dE=10.61, candidate was rejected
Itr 80, LL= -3919075.073246 (0.731038). Anneal status: T=0.00, dE=30.12, candidate was rejected
Itr 81, LL= -3919055.504467 (4.993214). Anneal status: T=0.00, dE=3.05, candidate was rejected
Itr 82, LL= -3919032.590405 (5.846833). Anneal status: T=0.00, dE=6.71, candidate was rejected
Itr 83, LL= -3919021.145831 (2.920255). Anneal status: T=0.00, dE=6.04, candidate was rejected
Itr 84, LL= -3919012.637424 (2.171054). Anneal status: T=0.00, dE=26.01, candidate was rejected
Itr 85, LL= -3919004.797246 (2.000549). Anneal status: T=0.00, dE=11.49, candidate was rejected
Itr 86, LL= -3919000.509597 (1.094066). Anneal status: T=0.00, dE=11.95, candidate was rejected
Itr 87, LL= -3918997.192754 (0.846349). Anneal status: T=0.00, dE=5.46, candidate was rejected
Itr 88, LL= -3918988.092834 (2.322002). Anneal status: T=0.00, dE=15.38, candidate was rejected
Itr 89, LL= -3918979.883391 (2.094786). Anneal status: T=0.00, dE=6.25, candidate was rejected
Itr 90, LL= -3918975.086992 (1.223890). Anneal status: T=0.00, dE=17.12, candidate was rejected
Itr 91, LL= -3918970.689797 (1.122027). Anneal status: T=0.00, dE=9.86, candidate was rejected
Itr 92, LL= -3918964.666374 (1.536991). Anneal status: T=0.00, dE=11.31, candidate was rejected
Itr 93, LL= -3918962.077840 (0.660515). Anneal status: T=0.00, dE=102.93, candidate was rejected
Itr 94, LL= -3918959.893414 (0.557399). Anneal status: T=0.00, dE=51.56, candidate was rejected
Itr 95, LL= -3918956.777098 (0.795190). Anneal status: T=0.00, dE=16.18, candidate was rejected
-- Annealing statistics:
Portion of times candidate was better: 0.000000
Portion of times candidate was chosen by chance: 0.042105
--
Your MATLAB session has timed out.  All license keys have been returned.
EM for 24 states, 131 emission nodes. 25 observed values.
            gibbs: 0
    nGibbsItrPcnt: 0.8000
     annealParams: {}
           maxItr: 500
      convergeEps: 1.0000e-06
           minItr: 5
       parametric: 0
        initprobs: []
      persistBias: 0
          obsVals: []

- Initalized simulated annealing with params:
                     type: 'linear'
    max_chance_accpetance: 0.2000
             min_duration: 5
        min_init_duration: 5
             max_duration: 11
              converge_th: 1.0000e-06

--
Itr 1, LL= -15199449.356939 (Inf). Anneal status: T=NaN, dE=-79.28, collecting statistics
Itr 2, LL= -4154899.962374 (Inf). Anneal status: T=NaN, dE=-1049.40, collecting statistics
Itr 3, LL= -4026533.017170 (Inf). Anneal status: T=NaN, dE=-323.80, collecting statistics
Itr 4, LL= -3979391.083350 (11707.822491). Anneal status: T=NaN, dE=-401.94, collecting statistics
Itr 5, LL= -3962614.661296 (4215.826418). Anneal status: T=NaN, dE=-12.65, collecting statistics
Itr 6, LL= -3956622.362370 (1512.208337). Anneal status: T=NaN, dE=168.78, collecting statistics
Itr 7, LL= -3953579.704592 (769.003837). Anneal status: T=NaN, dE=-3.56, collecting statistics
Itr 8, LL= -3951286.257447 (580.093818). Anneal status: T=NaN, dE=-6.89, collecting statistics
Itr 9, LL= -3949035.451470 (569.638804). Anneal status: T=NaN, dE=36.10, collecting statistics
Itr 10, LL= -3947127.066410 (483.253464). Anneal status: T=NaN, dE=0.04, collecting statistics
Itr 11, LL= -3945706.342707 (359.938679). Anneal status: T=6.05, dE=2.83, candidate was chosen by chance
Itr 12, LL= -3944549.253675 (293.252698). Anneal status: T=6.05, dE=15.20, candidate was rejected
Itr 13, LL= -3943689.836829 (217.874538). Anneal status: T=6.05, dE=4.88, candidate was rejected
Itr 14, LL= -3943036.939551 (165.554926). Anneal status: T=6.05, dE=11.53, candidate was rejected
Itr 15, LL= -3942283.114575 (191.178776). Anneal status: T=6.05, dE=15.62, candidate was rejected
Itr 16, LL= -3941685.696628 (151.541107). Anneal status: T=5.44, dE=23.67, candidate was rejected
Itr 17, LL= -3941181.206826 (127.988338). Anneal status: T=5.44, dE=5.56, candidate was rejected
Itr 18, LL= -3940749.803349 (109.460452). Anneal status: T=5.44, dE=6.37, candidate was rejected
Itr 19, LL= -3940421.207606 (83.384066). Anneal status: T=5.44, dE=31.24, candidate was rejected
Itr 20, LL= -3940049.513471 (94.328529). Anneal status: T=5.44, dE=1.67, candidate was chosen by chance
Itr 21, LL= -3939704.319860 (87.611490). Anneal status: T=4.84, dE=19.55, candidate was rejected
Itr 22, LL= -3939453.232321 (63.732585). Anneal status: T=4.84, dE=31.46, candidate was rejected
Itr 23, LL= -3939222.156740 (58.656765). Anneal status: T=4.84, dE=11.74, candidate was rejected
Itr 24, LL= -3939032.652071 (48.107129). Anneal status: T=4.84, dE=14.61, candidate was rejected
Itr 25, LL= -3938808.038368 (57.022554). Anneal status: T=4.84, dE=6.09, candidate was rejected
Itr 26, LL= -3938661.164238 (37.288979). Anneal status: T=4.23, dE=9.18, candidate was rejected
Itr 27, LL= -3938505.122026 (39.618085). Anneal status: T=4.23, dE=53.73, candidate was rejected
Itr 28, LL= -3938386.640927 (30.082759). Anneal status: T=4.23, dE=29.24, candidate was rejected
Itr 29, LL= -3938210.156358 (44.811387). Anneal status: T=4.23, dE=7.97, candidate was rejected
Itr 30, LL= -3938046.352591 (41.593455). Anneal status: T=4.23, dE=7.75, candidate was rejected
Itr 31, LL= -3937891.219802 (39.393338). Anneal status: T=3.63, dE=3.31, candidate was rejected
Itr 32, LL= -3937748.199464 (36.319017). Anneal status: T=3.63, dE=17.30, candidate was rejected
Itr 33, LL= -3937579.061474 (42.952973). Anneal status: T=3.63, dE=1.71, candidate was rejected
Itr 34, LL= -3937441.082497 (35.041576). Anneal status: T=3.63, dE=50.85, candidate was rejected
Itr 35, LL= -3937333.550212 (27.310195). Anneal status: T=3.63, dE=17.02, candidate was rejected
Itr 36, LL= -3937151.550166 (46.224188). Anneal status: T=3.02, dE=10.01, candidate was rejected
Itr 37, LL= -3937012.760499 (35.251289). Anneal status: T=3.02, dE=7.52, candidate was rejected
Itr 38, LL= -3936912.144802 (25.556355). Anneal status: T=3.02, dE=44.70, candidate was rejected
Itr 39, LL= -3936768.987349 (36.362877). Anneal status: T=3.02, dE=24.57, candidate was rejected
Itr 40, LL= -3936647.090298 (30.963730). Anneal status: T=3.02, dE=9.10, candidate was rejected
Itr 41, LL= -3936533.743031 (28.792844). Anneal status: T=2.42, dE=72.97, candidate was rejected
Itr 42, LL= -3936416.596870 (29.758709). Anneal status: T=2.42, dE=15.79, candidate was rejected
Itr 43, LL= -3936337.701792 (20.042360). Anneal status: T=2.42, dE=6.21, candidate was rejected
Itr 44, LL= -3936252.837970 (21.559080). Anneal status: T=2.42, dE=26.05, candidate was rejected
Itr 45, LL= -3936165.753128 (22.123793). Anneal status: T=2.42, dE=21.69, candidate was rejected
Itr 46, LL= -3936043.067269 (31.168875). Anneal status: T=1.81, dE=28.28, candidate was rejected
Itr 47, LL= -3935897.298815 (37.034263). Anneal status: T=1.81, dE=12.20, candidate was rejected
Itr 48, LL= -3935791.765436 (26.813042). Anneal status: T=1.81, dE=10.72, candidate was rejected
Itr 49, LL= -3935713.150763 (19.974297). Anneal status: T=1.81, dE=12.58, candidate was rejected
Itr 50, LL= -3935614.897127 (24.964633). Anneal status: T=1.81, dE=10.69, candidate was rejected
Itr 51, LL= -3935506.539311 (27.532627). Anneal status: T=1.21, dE=8.28, candidate was rejected
Itr 52, LL= -3935418.044652 (22.486218). Anneal status: T=1.21, dE=15.99, candidate was rejected
Itr 53, LL= -3935299.280945 (30.178168). Anneal status: T=1.21, dE=7.73, candidate was rejected
Itr 54, LL= -3935196.204471 (26.192791). Anneal status: T=1.21, dE=79.91, candidate was rejected
Itr 55, LL= -3935091.189496 (26.686084). Anneal status: T=1.21, dE=7.70, candidate was rejected
Itr 56, LL= -3934987.587872 (26.327630). Anneal status: T=0.60, dE=26.90, candidate was rejected
Itr 57, LL= -3934898.407696 (22.663395). Anneal status: T=0.60, dE=39.27, candidate was rejected
Itr 58, LL= -3934783.350974 (29.240074). Anneal status: T=0.60, dE=6.46, candidate was rejected
Itr 59, LL= -3934668.026038 (29.309094). Anneal status: T=0.60, dE=9.91, candidate was rejected
Itr 60, LL= -3934511.685244 (39.734177). Anneal status: T=0.60, dE=25.17, candidate was rejected
Itr 61, LL= -3934430.559345 (20.619052). Anneal status: T=0.00, dE=10.92, candidate was rejected
Itr 62, LL= -3934338.057576 (23.510840). Anneal status: T=0.00, dE=4.79, candidate was rejected
Itr 63, LL= -3934251.155071 (22.088215). Anneal status: T=0.00, dE=11.53, candidate was rejected
Itr 64, LL= -3934176.249178 (19.039428). Anneal status: T=0.00, dE=6.13, candidate was rejected
Itr 65, LL= -3934101.770204 (18.931276). Anneal status: T=0.00, dE=36.58, candidate was rejected
Itr 66, LL= -3934033.147186 (17.443122). Anneal status: T=0.00, dE=11.08, candidate was rejected
Itr 67, LL= -3933958.012979 (19.098519). Anneal status: T=0.00, dE=10.56, candidate was rejected
Itr 68, LL= -3933882.285872 (19.249597). Anneal status: T=0.00, dE=11.35, candidate was rejected
Itr 69, LL= -3933827.695026 (13.877092). Anneal status: T=0.00, dE=5.46, candidate was rejected
Itr 70, LL= -3933742.806031 (21.579236). Anneal status: T=0.00, dE=3.89, candidate was rejected
Itr 71, LL= -3933662.069215 (20.524173). Anneal status: T=0.00, dE=2.54, candidate was rejected
Itr 72, LL= -3933598.934200 (16.049933). Anneal status: T=0.00, dE=7.54, candidate was rejected
Itr 73, LL= -3933530.329493 (17.440697). Anneal status: T=0.00, dE=8.74, candidate was rejected
Itr 74, LL= -3933427.675669 (26.097123). Anneal status: T=0.00, dE=8.12, candidate was rejected
Itr 75, LL= -3933326.665876 (25.679840). Anneal status: T=0.00, dE=4.21, candidate was rejected
Itr 76, LL= -3933251.366558 (19.143927). Anneal status: T=0.00, dE=25.02, candidate was rejected
Itr 77, LL= -3933153.084879 (24.987388). Anneal status: T=0.00, dE=4.38, candidate was rejected
Itr 78, LL= -3933055.308700 (24.859490). Anneal status: T=0.00, dE=11.62, candidate was rejected
Itr 79, LL= -3932941.907512 (28.832848). Anneal status: T=0.00, dE=34.41, candidate was rejected
Itr 80, LL= -3932836.057701 (26.913647). Anneal status: T=0.00, dE=8.63, candidate was rejected
Itr 81, LL= -3932718.944832 (29.778223). Anneal status: T=0.00, dE=2.86, candidate was rejected
Itr 82, LL= -3932629.808312 (22.665368). Anneal status: T=0.00, dE=15.00, candidate was rejected
Itr 83, LL= -3932564.771983 (16.537618). Anneal status: T=0.00, dE=31.87, candidate was rejected
Itr 84, LL= -3932469.636219 (24.191786). Anneal status: T=0.00, dE=6.24, candidate was rejected
Itr 85, LL= -3932390.840119 (20.037307). Anneal status: T=0.00, dE=14.28, candidate was rejected
Itr 86, LL= -3932332.080544 (14.942455). Anneal status: T=0.00, dE=18.97, candidate was rejected
Itr 87, LL= -3932191.556253 (35.735611). Anneal status: T=0.00, dE=2.33, candidate was rejected
Itr 88, LL= -3932013.933637 (45.171405). Anneal status: T=0.00, dE=14.59, candidate was rejected
Itr 89, LL= -3931900.617382 (28.818884). Anneal status: T=0.00, dE=34.02, candidate was rejected
Itr 90, LL= -3931792.678913 (27.451983). Anneal status: T=0.00, dE=12.06, candidate was rejected
Itr 91, LL= -3931689.167464 (26.326782). Anneal status: T=0.00, dE=4.15, candidate was rejected
Itr 92, LL= -3931615.469763 (18.744539). Anneal status: T=0.00, dE=12.93, candidate was rejected
Itr 93, LL= -3931573.289513 (10.728478). Anneal status: T=0.00, dE=12.44, candidate was rejected
Itr 94, LL= -3931537.207344 (9.177539). Anneal status: T=0.00, dE=24.21, candidate was rejected
Itr 95, LL= -3931418.674683 (30.149190). Anneal status: T=0.00, dE=6.23, candidate was rejected
Itr 96, LL= -3931328.192981 (23.015026). Anneal status: T=0.00, dE=9.54, candidate was rejected
Itr 97, LL= -3931255.549306 (18.478151). Anneal status: T=0.00, dE=2.99, candidate was rejected
Itr 98, LL= -3931189.069901 (16.910476). Anneal status: T=0.00, dE=1.58, candidate was rejected
Itr 99, LL= -3931110.941362 (19.874022). Anneal status: T=0.00, dE=10.38, candidate was rejected
Itr 100, LL= -3931073.490588 (9.526766). Anneal status: T=0.00, dE=2.66, candidate was rejected
Itr 101, LL= -3931002.052389 (18.172695). Anneal status: T=0.00, dE=6.40, candidate was rejected
Itr 102, LL= -3930804.266606 (50.314342). Anneal status: T=0.00, dE=5.44, candidate was rejected
Itr 103, LL= -3930672.027416 (33.641764). Anneal status: T=0.00, dE=3.99, candidate was rejected
Itr 104, LL= -3930625.118339 (11.934111). Anneal status: T=0.00, dE=57.56, candidate was rejected
Itr 105, LL= -3930539.922466 (21.674891). Anneal status: T=0.00, dE=13.30, candidate was rejected
Itr 106, LL= -3930334.056448 (52.376015). Anneal status: T=0.00, dE=6.33, candidate was rejected
Itr 107, LL= -3930283.065832 (12.973609). Anneal status: T=0.00, dE=15.02, candidate was rejected
Itr 108, LL= -3930216.470402 (16.944182). Anneal status: T=0.00, dE=76.57, candidate was rejected
Itr 109, LL= -3930141.181755 (19.156361). Anneal status: T=0.00, dE=9.30, candidate was rejected
Itr 110, LL= -3930061.044245 (20.390491). Anneal status: T=0.00, dE=7.00, candidate was rejected
Itr 111, LL= -3930005.605931 (14.106222). Anneal status: T=0.00, dE=56.98, candidate was rejected
Itr 112, LL= -3929939.134749 (16.913763). Anneal status: T=0.00, dE=6.40, candidate was rejected
Itr 113, LL= -3929917.107259 (5.605046). Anneal status: T=0.00, dE=6.71, candidate was rejected
Itr 114, LL= -3929901.809238 (3.892708). Anneal status: T=0.00, dE=52.10, candidate was rejected
Itr 115, LL= -3929865.708629 (9.186135). Anneal status: T=0.00, dE=3.96, candidate was rejected
Itr 116, LL= -3929829.510702 (9.210983). Anneal status: T=0.00, dE=20.84, candidate was rejected
Itr 117, LL= -3929796.811827 (8.320685). Anneal status: T=0.00, dE=27.96, candidate was rejected
Itr 118, LL= -3929770.160125 (6.781954). Anneal status: T=0.00, dE=55.22, candidate was rejected
Itr 119, LL= -3929754.084413 (4.090751). Anneal status: T=0.00, dE=39.87, candidate was rejected
Itr 120, LL= -3929703.476614 (12.878108). Anneal status: T=0.00, dE=9.74, candidate was rejected
Itr 121, LL= -3929684.032084 (4.948091). Anneal status: T=0.00, dE=105.61, candidate was rejected
Itr 122, LL= -3929646.743013 (9.489076). Anneal status: T=0.00, dE=24.49, candidate was rejected
Itr 123, LL= -3929625.765528 (5.338262). Anneal status: T=0.00, dE=8.66, candidate was rejected
Itr 124, LL= -3929583.929459 (10.646324). Anneal status: T=0.00, dE=3.08, candidate was rejected
Itr 125, LL= -3929566.649978 (4.397280). Anneal status: T=0.00, dE=15.68, candidate was rejected
Itr 126, LL= -3929543.933856 (5.780821). Anneal status: T=0.00, dE=6.00, candidate was rejected
Itr 127, LL= -3929522.531751 (5.446460). Anneal status: T=0.00, dE=8.57, candidate was rejected
Itr 128, LL= -3929473.312252 (12.525567). Anneal status: T=0.00, dE=10.58, candidate was rejected
Itr 129, LL= -3929440.640795 (8.314462). Anneal status: T=0.00, dE=41.92, candidate was rejected
Itr 130, LL= -3929423.058242 (4.474569). Anneal status: T=0.00, dE=13.55, candidate was rejected
Itr 131, LL= -3929388.991423 (8.669675). Anneal status: T=0.00, dE=14.37, candidate was rejected
Itr 132, LL= -3929372.514837 (4.193167). Anneal status: T=0.00, dE=21.64, candidate was rejected
Itr 133, LL= -3929355.511912 (4.327135). Anneal status: T=0.00, dE=15.93, candidate was rejected
Itr 134, LL= -3929347.905522 (1.935786). Anneal status: T=0.00, dE=23.11, candidate was rejected
Itr 135, LL= -3929345.957255 (0.495825). Anneal status: T=0.00, dE=8.23, candidate was rejected
Itr 136, LL= -3929343.594776 (0.601240). Anneal status: T=0.00, dE=18.08, candidate was rejected
Itr 137, LL= -3929339.457368 (1.052951). Anneal status: T=0.00, dE=9.36, candidate was rejected
Itr 138, LL= -3929327.101202 (3.144591). Anneal status: T=0.00, dE=17.51, candidate was rejected
Itr 139, LL= -3929309.407526 (4.502979). Anneal status: T=0.00, dE=17.59, candidate was rejected
Itr 140, LL= -3929298.791976 (2.701633). Anneal status: T=0.00, dE=14.24, candidate was rejected
Itr 141, LL= -3929296.647936 (0.545655). Anneal status: T=0.00, dE=14.43, candidate was rejected
Itr 142, LL= -3929284.332730 (3.134201). Anneal status: T=0.00, dE=31.09, candidate was rejected
Itr 143, LL= -3929269.421003 (3.795024). Anneal status: T=0.00, dE=3.93, candidate was rejected
Itr 144, LL= -3929259.575910 (2.505578). Anneal status: T=0.00, dE=6.98, candidate was rejected
Itr 145, LL= -3929246.116226 (3.425501). Anneal status: T=0.00, dE=10.77, candidate was rejected
Itr 146, LL= -3929241.859873 (1.083249). Anneal status: T=0.00, dE=14.19, candidate was rejected
Itr 147, LL= -3929236.121476 (1.460434). Anneal status: T=0.00, dE=8.56, candidate was rejected
Itr 148, LL= -3929233.458618 (0.677704). Anneal status: T=0.00, dE=7.17, candidate was rejected
Itr 149, LL= -3929231.747663 (0.435442). Anneal status: T=0.00, dE=5.17, candidate was rejected
Itr 150, LL= -3929227.759671 (1.014955). Anneal status: T=0.00, dE=6.06, candidate was rejected
Itr 151, LL= -3929222.804794 (1.261031). Anneal status: T=0.00, dE=5.67, candidate was rejected
Itr 152, LL= -3929221.351430 (0.369886). Anneal status: T=0.00, dE=15.36, candidate was rejected
Itr 153, LL= -3929219.639543 (0.435681). Anneal status: T=0.00, dE=45.77, candidate was rejected
Itr 154, LL= -3929214.312729 (1.355693). Anneal status: T=0.00, dE=12.19, candidate was rejected
Itr 155, LL= -3929196.568670 (4.515931). Anneal status: T=0.00, dE=26.53, candidate was rejected
Itr 156, LL= -3929186.389871 (2.590555). Anneal status: T=0.00, dE=11.67, candidate was rejected
Itr 157, LL= -3929173.037996 (3.398127). Anneal status: T=0.00, dE=44.93, candidate was rejected
Itr 158, LL= -3929149.305380 (6.040105). Anneal status: T=0.00, dE=5.18, candidate was rejected
Itr 159, LL= -3929126.818430 (5.723109). Anneal status: T=0.00, dE=6.81, candidate was rejected
Itr 160, LL= -3929118.866340 (2.023882). Anneal status: T=0.00, dE=6.88, candidate was rejected
Itr 161, LL= -3929104.350921 (3.694319). Anneal status: T=0.00, dE=28.83, candidate was rejected
Itr 162, LL= -3929094.652474 (2.468361). Anneal status: T=0.00, dE=23.60, candidate was rejected
Itr 163, LL= -3929088.939972 (1.453898). Anneal status: T=0.00, dE=18.07, candidate was rejected
Itr 164, LL= -3929082.093585 (1.742487). Anneal status: T=0.00, dE=13.64, candidate was rejected
Itr 165, LL= -3929066.548783 (3.956344). Anneal status: T=0.00, dE=12.09, candidate was rejected
Itr 166, LL= -3929055.354949 (2.848980). Anneal status: T=0.00, dE=4.29, candidate was rejected
Itr 167, LL= -3929044.914665 (2.657200). Anneal status: T=0.00, dE=7.67, candidate was rejected
Itr 168, LL= -3929042.321808 (0.659921). Anneal status: T=0.00, dE=2.74, candidate was rejected
Itr 169, LL= -3929039.184690 (0.798443). Anneal status: T=0.00, dE=6.54, candidate was rejected
Itr 170, LL= -3929033.212495 (1.520014). Anneal status: T=0.00, dE=6.72, candidate was rejected
Itr 171, LL= -3929023.393451 (2.499099). Anneal status: T=0.00, dE=16.74, candidate was rejected
Itr 172, LL= -3929013.658554 (2.477689). Anneal status: T=0.00, dE=57.95, candidate was rejected
Itr 173, LL= -3929011.653122 (0.510416). Anneal status: T=0.00, dE=10.20, candidate was rejected
Itr 174, LL= -3928999.642457 (3.056917). Anneal status: T=0.00, dE=5.66, candidate was rejected
Itr 175, LL= -3928990.850247 (2.237773). Anneal status: T=0.00, dE=12.81, candidate was rejected
Itr 176, LL= -3928977.751604 (3.333844). Anneal status: T=0.00, dE=3.86, candidate was rejected
Itr 177, LL= -3928969.183468 (2.180755). Anneal status: T=0.00, dE=21.16, candidate was rejected
Itr 178, LL= -3928966.625436 (0.651069). Anneal status: T=0.00, dE=16.63, candidate was rejected
Itr 179, LL= -3928962.033821 (1.168657). Anneal status: T=0.00, dE=15.51, candidate was rejected
Itr 180, LL= -3928954.814031 (1.837582). Anneal status: T=0.00, dE=2.58, candidate was rejected
Itr 181, LL= -3928950.009287 (1.222906). Anneal status: T=0.00, dE=22.08, candidate was rejected
Itr 182, LL= -3928946.099614 (0.995094). Anneal status: T=0.00, dE=8.51, candidate was rejected
Itr 183, LL= -3928943.257457 (0.723389). Anneal status: T=0.00, dE=0.23, candidate was rejected
Itr 184, LL= -3928936.318524 (1.766107). Anneal status: T=0.00, dE=6.95, candidate was rejected
Itr 185, LL= -3928934.016106 (0.586016). Anneal status: T=0.00, dE=6.20, candidate was rejected
Itr 186, LL= -3928915.426491 (4.731465). Anneal status: T=0.00, dE=57.73, candidate was rejected
Itr 187, LL= -3928888.205205 (6.928448). Anneal status: T=0.00, dE=17.25, candidate was rejected
Itr 188, LL= -3928885.432175 (0.705805). Anneal status: T=0.00, dE=4.24, candidate was rejected
Itr 189, LL= -3928884.297160 (0.288890). Anneal status: T=0.00, dE=6.52, candidate was rejected
Itr 190, LL= -3928883.703874 (0.151006). Anneal status: T=0.00, dE=51.28, candidate was rejected
-- Annealing statistics:
Portion of times candidate was better: 0.000000
Portion of times candidate was chosen by chance: 0.010526
--
EM for 24 states, 131 emission nodes. 25 observed values.
            gibbs: 0
    nGibbsItrPcnt: 0.8000
     annealParams: {}
           maxItr: 500
      convergeEps: 1.0000e-06
           minItr: 5
       parametric: 0
        initprobs: []
      persistBias: 0
          obsVals: []

- Initalized simulated annealing with params:
                     type: 'linear'
    max_chance_accpetance: 0.2000
             min_duration: 5
        min_init_duration: 5
             max_duration: 11
              converge_th: 1.0000e-06

--
Itr 1, LL= -15360186.141996 (Inf). Anneal status: T=NaN, dE=293.76, collecting statistics
Itr 2, LL= -4143335.629606 (Inf). Anneal status: T=NaN, dE=-634.26, collecting statistics
Itr 3, LL= -4032771.217367 (Inf). Anneal status: T=NaN, dE=-216.57, collecting statistics
Itr 4, LL= -3990796.586064 (10408.383972). Anneal status: T=NaN, dE=-241.44, collecting statistics
Itr 5, LL= -3966841.487625 (6002.585680). Anneal status: T=NaN, dE=-173.20, collecting statistics
Itr 6, LL= -3954108.411398 (3209.877750). Anneal status: T=NaN, dE=-39.34, collecting statistics
Itr 7, LL= -3946151.431583 (2012.332235). Anneal status: T=NaN, dE=-10.62, collecting statistics
Itr 8, LL= -3940909.968648 (1328.246781). Anneal status: T=NaN, dE=15.87, collecting statistics
Itr 9, LL= -3937793.074539 (790.907210). Anneal status: T=NaN, dE=7.10, collecting statistics
Itr 10, LL= -3935769.003024 (514.011650). Anneal status: T=4.04, dE=10.16, candidate was rejected
Itr 11, LL= -3934449.423722 (335.278646). Anneal status: T=4.04, dE=6.94, candidate was rejected
Itr 12, LL= -3933545.160144 (229.832305). Anneal status: T=4.04, dE=13.08, candidate was rejected
Itr 13, LL= -3932797.921427 (189.965714). Anneal status: T=4.04, dE=12.45, candidate was chosen by chance
Itr 14, LL= -3932083.461366 (181.667117). Anneal status: T=4.04, dE=41.87, candidate was rejected
Itr 15, LL= -3931491.891165 (150.447010). Anneal status: T=3.64, dE=7.14, candidate was rejected
Itr 16, LL= -3930974.653586 (131.562672). Anneal status: T=3.64, dE=67.75, candidate was rejected
Itr 17, LL= -3930440.083258 (135.989259). Anneal status: T=3.64, dE=17.73, candidate was rejected
Itr 18, LL= -3930000.222213 (111.911398). Anneal status: T=3.64, dE=10.14, candidate was rejected
Itr 19, LL= -3929675.937370 (82.515222). Anneal status: T=3.64, dE=3.30, candidate was rejected
Itr 20, LL= -3929431.739902 (62.141884). Anneal status: T=3.23, dE=2.08, candidate was chosen by chance
Itr 21, LL= -3929181.033290 (63.802257). Anneal status: T=3.23, dE=15.66, candidate was rejected
Itr 22, LL= -3929014.944121 (42.270684). Anneal status: T=3.23, dE=4.41, candidate was chosen by chance
Itr 23, LL= -3928874.854308 (35.655200). Anneal status: T=3.23, dE=4.30, candidate was chosen by chance
Itr 24, LL= -3928721.162506 (39.118528). Anneal status: T=3.23, dE=5.99, candidate was rejected
Itr 25, LL= -3928611.376332 (27.944506). Anneal status: T=2.83, dE=4.07, candidate was chosen by chance
Itr 26, LL= -3928465.706977 (37.079095). Anneal status: T=2.83, dE=30.47, candidate was rejected
Itr 27, LL= -3928342.614845 (31.333386). Anneal status: T=2.83, dE=25.94, candidate was rejected
Itr 28, LL= -3928234.831303 (27.437409). Anneal status: T=2.83, dE=62.65, candidate was rejected
Itr 29, LL= -3928135.807422 (25.208239). Anneal status: T=2.83, dE=8.84, candidate was rejected
Itr 30, LL= -3928026.227867 (27.896071). Anneal status: T=2.43, dE=65.37, candidate was rejected
Itr 31, LL= -3927940.962115 (21.707022). Anneal status: T=2.43, dE=59.64, candidate was rejected
Itr 32, LL= -3927842.368269 (25.100644). Anneal status: T=2.43, dE=7.38, candidate was rejected
Itr 33, LL= -3927734.830852 (27.378241). Anneal status: T=2.43, dE=8.56, candidate was rejected
Itr 34, LL= -3927638.496252 (24.526758). Anneal status: T=2.43, dE=8.81, candidate was rejected
Itr 35, LL= -3927504.724924 (34.058972). Anneal status: T=2.02, dE=28.42, candidate was rejected
Itr 36, LL= -3927388.294618 (29.644854). Anneal status: T=2.02, dE=11.49, candidate was rejected
Itr 37, LL= -3927276.763487 (28.398295). Anneal status: T=2.02, dE=8.33, candidate was rejected
Itr 38, LL= -3927128.067347 (37.862404). Anneal status: T=2.02, dE=16.45, candidate was rejected
Itr 39, LL= -3926938.904070 (48.168349). Anneal status: T=2.02, dE=8.35, candidate was rejected
Itr 40, LL= -3926776.395743 (41.382953). Anneal status: T=1.62, dE=7.32, candidate was rejected
Itr 41, LL= -3926525.573326 (63.874892). Anneal status: T=1.62, dE=0.35, candidate was rejected
Itr 42, LL= -3926430.812250 (24.133569). Anneal status: T=1.62, dE=7.89, candidate was rejected
Itr 43, LL= -3926360.431262 (17.924928). Anneal status: T=1.62, dE=18.45, candidate was rejected
Itr 44, LL= -3926280.850973 (20.268208). Anneal status: T=1.62, dE=8.81, candidate was rejected
Itr 45, LL= -3926227.648603 (13.550322). Anneal status: T=1.21, dE=12.42, candidate was rejected
Itr 46, LL= -3926195.931408 (8.078287). Anneal status: T=1.21, dE=22.93, candidate was rejected
Itr 47, LL= -3926116.911431 (20.126346). Anneal status: T=1.21, dE=22.34, candidate was rejected
Itr 48, LL= -3926056.764583 (15.319678). Anneal status: T=1.21, dE=7.67, candidate was rejected
Itr 49, LL= -3925993.260998 (16.174902). Anneal status: T=1.21, dE=8.75, candidate was rejected
Itr 50, LL= -3925927.406006 (16.774097). Anneal status: T=0.81, dE=8.66, candidate was rejected
Itr 51, LL= -3925885.214346 (10.746928). Anneal status: T=0.81, dE=2.60, candidate was rejected
Itr 52, LL= -3925817.424991 (17.267279). Anneal status: T=0.81, dE=12.12, candidate was rejected
Itr 53, LL= -3925731.442055 (21.901919). Anneal status: T=0.81, dE=8.60, candidate was rejected
Itr 54, LL= -3925657.695068 (18.785540). Anneal status: T=0.81, dE=28.29, candidate was rejected
Itr 55, LL= -3925586.854583 (18.045508). Anneal status: T=0.40, dE=16.55, candidate was rejected
Itr 56, LL= -3925525.445196 (15.643365). Anneal status: T=0.40, dE=22.06, candidate was rejected
Itr 57, LL= -3925486.902211 (9.818554). Anneal status: T=0.40, dE=8.64, candidate was rejected
Itr 58, LL= -3925430.609264 (14.340373). Anneal status: T=0.40, dE=5.97, candidate was rejected
Itr 59, LL= -3925338.587278 (23.442520). Anneal status: T=0.40, dE=7.89, candidate was rejected
Itr 60, LL= -3925284.322411 (13.824251). Anneal status: T=0.00, dE=18.64, candidate was rejected
Itr 61, LL= -3925203.367893 (20.623861). Anneal status: T=0.00, dE=2.63, candidate was rejected
Itr 62, LL= -3925159.967778 (11.056781). Anneal status: T=0.00, dE=17.99, candidate was rejected
Itr 63, LL= -3925137.078004 (5.831552). Anneal status: T=0.00, dE=6.39, candidate was rejected
Itr 64, LL= -3925107.849489 (7.446495). Anneal status: T=0.00, dE=11.35, candidate was rejected
Itr 65, LL= -3925065.131264 (10.883325). Anneal status: T=0.00, dE=32.91, candidate was rejected
Itr 66, LL= -3925014.096195 (13.002350). Anneal status: T=0.00, dE=7.09, candidate was rejected
Itr 67, LL= -3924987.625460 (6.744112). Anneal status: T=0.00, dE=27.02, candidate was rejected
Itr 68, LL= -3924976.348717 (2.873064). Anneal status: T=0.00, dE=24.76, candidate was rejected
Itr 69, LL= -3924956.678807 (5.011472). Anneal status: T=0.00, dE=15.04, candidate was rejected
Itr 70, LL= -3924915.018650 (10.614170). Anneal status: T=0.00, dE=9.66, candidate was rejected
Itr 71, LL= -3924886.235816 (7.333365). Anneal status: T=0.00, dE=9.42, candidate was rejected
Itr 72, LL= -3924879.669248 (1.673059). Anneal status: T=0.00, dE=13.31, candidate was rejected
Itr 73, LL= -3924867.084424 (3.206423). Anneal status: T=0.00, dE=4.25, candidate was rejected
Itr 74, LL= -3924841.870732 (6.424088). Anneal status: T=0.00, dE=45.75, candidate was rejected
Itr 75, LL= -3924785.766621 (14.294617). Anneal status: T=0.00, dE=6.93, candidate was rejected
Itr 76, LL= -3924778.107907 (1.951371). Anneal status: T=0.00, dE=7.97, candidate was rejected
Itr 77, LL= -3924775.315040 (0.711599). Anneal status: T=0.00, dE=7.04, candidate was rejected
Itr 78, LL= -3924771.890856 (0.872453). Anneal status: T=0.00, dE=22.88, candidate was rejected
Itr 79, LL= -3924758.289149 (3.465605). Anneal status: T=0.00, dE=9.55, candidate was rejected
Itr 80, LL= -3924750.296541 (2.036459). Anneal status: T=0.00, dE=9.25, candidate was rejected
Itr 81, LL= -3924731.281655 (4.844865). Anneal status: T=0.00, dE=55.20, candidate was rejected
Itr 82, LL= -3924709.070018 (5.659403). Anneal status: T=0.00, dE=0.91, candidate was rejected
Itr 83, LL= -3924699.488206 (2.441407). Anneal status: T=0.00, dE=22.35, candidate was rejected
Itr 84, LL= -3924689.291106 (2.598186). Anneal status: T=0.00, dE=16.22, candidate was rejected
Itr 85, LL= -3924678.177760 (2.831650). Anneal status: T=0.00, dE=7.42, candidate was rejected
Itr 86, LL= -3924654.876976 (5.936992). Anneal status: T=0.00, dE=22.54, candidate was rejected
Itr 87, LL= -3924627.047186 (7.091016). Anneal status: T=0.00, dE=22.99, candidate was rejected
Itr 88, LL= -3924608.500559 (4.725704). Anneal status: T=0.00, dE=4.78, candidate was rejected
Itr 89, LL= -3924600.295241 (2.090735). Anneal status: T=0.00, dE=12.20, candidate was rejected
Itr 90, LL= -3924598.096637 (0.560211). Anneal status: T=0.00, dE=74.10, candidate was rejected
Itr 91, LL= -3924591.378451 (1.711815). Anneal status: T=0.00, dE=10.43, candidate was rejected
Itr 92, LL= -3924586.357102 (1.279458). Anneal status: T=0.00, dE=14.54, candidate was rejected
Itr 93, LL= -3924585.703615 (0.166511). Anneal status: T=0.00, dE=6.44, candidate was rejected
Itr 94, LL= -3924584.874880 (0.211165). Anneal status: T=0.00, dE=10.26, candidate was rejected
Itr 95, LL= -3924573.865679 (2.805189). Anneal status: T=0.00, dE=3.21, candidate was rejected
Itr 96, LL= -3924559.748579 (3.597104). Anneal status: T=0.00, dE=15.91, candidate was rejected
Itr 97, LL= -3924556.366599 (0.861748). Anneal status: T=0.00, dE=4.82, candidate was rejected
Itr 98, LL= -3924533.378112 (5.857601). Anneal status: T=0.00, dE=25.24, candidate was rejected
Itr 99, LL= -3924520.900030 (3.179507). Anneal status: T=0.00, dE=71.56, candidate was rejected
Itr 100, LL= -3924514.180455 (1.712203). Anneal status: T=0.00, dE=9.86, candidate was rejected
Itr 101, LL= -3924510.700389 (0.886751). Anneal status: T=0.00, dE=14.21, candidate was rejected
Itr 102, LL= -3924496.105507 (3.718905). Anneal status: T=0.00, dE=2.48, candidate was rejected
Itr 103, LL= -3924474.341141 (5.545773). Anneal status: T=0.00, dE=6.81, candidate was rejected
Itr 104, LL= -3924468.021903 (1.610213). Anneal status: T=0.00, dE=7.19, candidate was rejected
Itr 105, LL= -3924459.418186 (2.192327). Anneal status: T=0.00, dE=7.02, candidate was rejected
Itr 106, LL= -3924440.667247 (4.777967). Anneal status: T=0.00, dE=10.61, candidate was rejected
Itr 107, LL= -3924421.763054 (4.817042). Anneal status: T=0.00, dE=43.64, candidate was rejected
Itr 108, LL= -3924410.814246 (2.789916). Anneal status: T=0.00, dE=2.00, candidate was rejected
Itr 109, LL= -3924404.596290 (1.584431). Anneal status: T=0.00, dE=11.41, candidate was rejected
Itr 110, LL= -3924383.497314 (5.376351). Anneal status: T=0.00, dE=3.60, candidate was rejected
Itr 111, LL= -3924357.686650 (6.576998). Anneal status: T=0.00, dE=4.67, candidate was rejected
Itr 112, LL= -3924346.816601 (2.769893). Anneal status: T=0.00, dE=2.78, candidate was rejected
Itr 113, LL= -3924334.588682 (3.115912). Anneal status: T=0.00, dE=22.68, candidate was rejected
Itr 114, LL= -3924331.220772 (0.858212). Anneal status: T=0.00, dE=15.06, candidate was rejected
Itr 115, LL= -3924323.213485 (2.040421). Anneal status: T=0.00, dE=11.86, candidate was rejected
Itr 116, LL= -3924300.914004 (5.682376). Anneal status: T=0.00, dE=6.55, candidate was rejected
Itr 117, LL= -3924290.488863 (2.656560). Anneal status: T=0.00, dE=7.79, candidate was rejected
Itr 118, LL= -3924286.838176 (0.930279). Anneal status: T=0.00, dE=32.81, candidate was rejected
Itr 119, LL= -3924282.318589 (1.151697). Anneal status: T=0.00, dE=33.93, candidate was rejected
Itr 120, LL= -3924276.609314 (1.454858). Anneal status: T=0.00, dE=9.17, candidate was rejected
Itr 121, LL= -3924274.488545 (0.540423). Anneal status: T=0.00, dE=21.88, candidate was rejected
Itr 122, LL= -3924270.833119 (0.931491). Anneal status: T=0.00, dE=11.66, candidate was rejected
Itr 123, LL= -3924265.845984 (1.270844). Anneal status: T=0.00, dE=5.59, candidate was rejected
Itr 124, LL= -3924259.297585 (1.668694). Anneal status: T=0.00, dE=7.43, candidate was rejected
Itr 125, LL= -3924256.588827 (0.690260). Anneal status: T=0.00, dE=36.50, candidate was rejected
Itr 126, LL= -3924255.478000 (0.283067). Anneal status: T=0.00, dE=13.01, candidate was rejected
Itr 127, LL= -3924248.036754 (1.896219). Anneal status: T=0.00, dE=1.54, candidate was rejected
Itr 128, LL= -3924242.306447 (1.460231). Anneal status: T=0.00, dE=11.82, candidate was rejected
Itr 129, LL= -3924240.907728 (0.356430). Anneal status: T=0.00, dE=37.27, candidate was rejected
Itr 130, LL= -3924237.797430 (0.792586). Anneal status: T=0.00, dE=48.50, candidate was rejected
Itr 131, LL= -3924235.362014 (0.620609). Anneal status: T=0.00, dE=19.46, candidate was rejected
-- Annealing statistics:
Portion of times candidate was better: 0.000000
Portion of times candidate was chosen by chance: 0.038168
--
EM for 24 states, 131 emission nodes. 25 observed values.
            gibbs: 0
    nGibbsItrPcnt: 0.8000
     annealParams: {}
           maxItr: 500
      convergeEps: 1.0000e-06
           minItr: 5
       parametric: 0
        initprobs: []
      persistBias: 0
          obsVals: []

- Initalized simulated annealing with params:
                     type: 'linear'
    max_chance_accpetance: 0.2000
             min_duration: 5
        min_init_duration: 5
             max_duration: 11
              converge_th: 1.0000e-06

--
Itr 1, LL= -15358259.511417 (Inf). Anneal status: T=NaN, dE=-680.75, collecting statistics
Itr 2, LL= -4151307.303136 (Inf). Anneal status: T=NaN, dE=-1317.19, collecting statistics
Itr 3, LL= -4035646.996085 (Inf). Anneal status: T=NaN, dE=-771.65, collecting statistics
Itr 4, LL= -3984537.166161 (12664.593800). Anneal status: T=NaN, dE=-824.60, collecting statistics
Itr 5, LL= -3958017.615321 (6655.616383). Anneal status: T=NaN, dE=-40.19, collecting statistics
Itr 6, LL= -3943255.200066 (3729.749761). Anneal status: T=NaN, dE=47.51, collecting statistics
Itr 7, LL= -3934695.283991 (2170.774053). Anneal status: T=NaN, dE=-7.80, collecting statistics
Itr 8, LL= -3930590.083443 (1043.333791). Anneal status: T=NaN, dE=0.39, collecting statistics
Itr 9, LL= -3928578.656678 (511.736590). Anneal status: T=NaN, dE=-0.20, collecting statistics
Itr 10, LL= -3927410.377147 (297.379697). Anneal status: T=NaN, dE=4.35, collecting statistics
Itr 11, LL= -3926649.191857 (193.813535). Anneal status: T=2.87, dE=14.16, candidate was rejected
