My SLURM_ARRAY_TASK_ID:  6

                            < M A T L A B (R) >
                  Copyright 1984-2014 The MathWorks, Inc.
                   R2014b (8.4.0.150421) 64-bit (glnxa64)
                             September 15, 2014

 
For online documentation, see http://www.mathworks.com/support
For product information, visit www.mathworks.com.
 
EM for 6 states, 131 emission nodes. 25 observed values.
            gibbs: 0
    nGibbsItrPcnt: 0.8000
     annealParams: {}
           maxItr: 500
      convergeEps: 1.0000e-06
           minItr: 5
       parametric: 0
        initprobs: []
      persistBias: 0
          obsVals: []

- Initalized simulated annealing with params:
                     type: 'linear'
    max_chance_accpetance: 0.2000
             min_duration: 5
        min_init_duration: 5
             max_duration: 11
              converge_th: 1.0000e-06

--
Itr 1, LL= -15284677.652878 (Inf). Anneal status: T=NaN, dE=-723.34, collecting statistics
Itr 2, LL= -4170427.153736 (Inf). Anneal status: T=NaN, dE=-1698.75, collecting statistics
Itr 3, LL= -4069261.254617 (Inf). Anneal status: T=NaN, dE=-225.79, collecting statistics
Itr 4, LL= -4043174.507396 (6410.683804). Anneal status: T=NaN, dE=40.44, collecting statistics
Itr 5, LL= -4031575.689033 (2868.740477). Anneal status: T=NaN, dE=-107.08, collecting statistics
Itr 6, LL= -4027332.718095 (1052.434895). Anneal status: T=NaN, dE=-11.40, collecting statistics
Itr 7, LL= -4025881.812116 (360.264741). Anneal status: T=NaN, dE=192.64, collecting statistics
Itr 8, LL= -4025231.510527 (161.530224). Anneal status: T=NaN, dE=-0.72, collecting statistics
Itr 9, LL= -4024794.548473 (108.555757). Anneal status: T=NaN, dE=25.82, collecting statistics
Itr 10, LL= -4024316.276363 (118.831435). Anneal status: T=10.29, dE=6.14, candidate was rejected
Itr 11, LL= -4023778.783317 (133.561333). Anneal status: T=10.29, dE=0.47, candidate was chosen by chance
Itr 12, LL= -4023331.859541 (111.070663). Anneal status: T=10.29, dE=39.36, candidate was rejected
Itr 13, LL= -4022830.614087 (124.584665). Anneal status: T=10.29, dE=93.21, candidate was rejected
Itr 14, LL= -4022298.569418 (132.256294). Anneal status: T=10.29, dE=97.35, candidate was rejected
Itr 15, LL= -4021742.093701 (138.347690). Anneal status: T=9.26, dE=4.55, candidate was chosen by chance
Itr 16, LL= -4021372.713461 (91.845830). Anneal status: T=9.26, dE=2.61, candidate was chosen by chance
Itr 17, LL= -4021121.985686 (62.348803). Anneal status: T=9.26, dE=8.02, candidate was rejected
Itr 18, LL= -4020795.319599 (81.237547). Anneal status: T=9.26, dE=47.58, candidate was rejected
Itr 19, LL= -4020446.963979 (86.638486). Anneal status: T=9.26, dE=3.01, candidate was chosen by chance
Itr 20, LL= -4020048.619991 (99.079528). Anneal status: T=8.23, dE=11.95, candidate was rejected
Itr 21, LL= -4019725.487928 (80.380138). Anneal status: T=8.23, dE=182.21, candidate was rejected
Itr 22, LL= -4019488.993650 (58.833440). Anneal status: T=8.23, dE=30.77, candidate was rejected
Itr 23, LL= -4019241.253411 (61.634760). Anneal status: T=8.23, dE=5.66, candidate was rejected
Itr 24, LL= -4019028.473279 (52.940373). Anneal status: T=8.23, dE=35.96, candidate was rejected
Itr 25, LL= -4018861.930731 (41.438509). Anneal status: T=7.20, dE=39.53, candidate was rejected
Itr 26, LL= -4018666.697008 (48.579356). Anneal status: T=7.20, dE=2.30, candidate was chosen by chance
Itr 27, LL= -4018465.569988 (50.048197). Anneal status: T=7.20, dE=74.18, candidate was rejected
Itr 28, LL= -4018335.774970 (32.299647). Anneal status: T=7.20, dE=28.70, candidate was rejected
Itr 29, LL= -4018230.605001 (26.172519). Anneal status: T=7.20, dE=4.19, candidate was rejected
Itr 30, LL= -4018101.319317 (32.174780). Anneal status: T=6.18, dE=15.63, candidate was rejected
Itr 31, LL= -4018029.964660 (17.758302). Anneal status: T=6.18, dE=3.15, candidate was rejected
Itr 32, LL= -4018011.324558 (4.639115). Anneal status: T=6.18, dE=4.01, candidate was chosen by chance
Itr 33, LL= -4017845.401959 (41.294707). Anneal status: T=6.18, dE=87.33, candidate was rejected
Itr 34, LL= -4017645.268969 (49.811023). Anneal status: T=6.18, dE=13.37, candidate was rejected
Itr 35, LL= -4017511.387475 (33.323373). Anneal status: T=5.15, dE=68.24, candidate was rejected
Itr 36, LL= -4017413.811568 (24.287649). Anneal status: T=5.15, dE=91.57, candidate was rejected
Itr 37, LL= -4017214.493138 (49.613617). Anneal status: T=5.15, dE=78.83, candidate was rejected
Itr 38, LL= -4017023.741875 (47.483465). Anneal status: T=5.15, dE=3.22, candidate was chosen by chance
Itr 39, LL= -4016865.399340 (39.417874). Anneal status: T=5.15, dE=0.19, candidate was chosen by chance
Itr 40, LL= -4016727.529829 (34.322661). Anneal status: T=4.12, dE=6.69, candidate was chosen by chance
Itr 41, LL= -4016638.848836 (22.077921). Anneal status: T=4.12, dE=109.70, candidate was rejected
Itr 42, LL= -4016426.766142 (52.801036). Anneal status: T=4.12, dE=3.69, candidate was chosen by chance
Itr 43, LL= -4016237.682192 (47.077654). Anneal status: T=4.12, dE=2.24, candidate was chosen by chance
Itr 44, LL= -4015966.695938 (67.472664). Anneal status: T=4.12, dE=29.76, candidate was rejected
Itr 45, LL= -4015300.992068 (165.764291). Anneal status: T=3.09, dE=228.71, candidate was rejected
Itr 46, LL= -4015087.234435 (53.235768). Anneal status: T=3.09, dE=28.78, candidate was rejected
Itr 47, LL= -4014931.014471 (38.908237). Anneal status: T=3.09, dE=18.80, candidate was rejected
Itr 48, LL= -4014754.150567 (44.051543). Anneal status: T=3.09, dE=1.97, candidate was chosen by chance
Itr 49, LL= -4014635.650628 (29.516113). Anneal status: T=3.09, dE=4.95, candidate was rejected
Itr 50, LL= -4014571.281279 (16.033671). Anneal status: T=2.06, dE=12.82, candidate was rejected
Itr 51, LL= -4014537.232268 (8.481357). Anneal status: T=2.06, dE=31.87, candidate was rejected
Itr 52, LL= -4014487.054317 (12.499062). Anneal status: T=2.06, dE=2.20, candidate was chosen by chance
Itr 53, LL= -4014210.244082 (68.952828). Anneal status: T=2.06, dE=55.57, candidate was rejected
Itr 54, LL= -4014033.709911 (43.977311). Anneal status: T=2.06, dE=55.31, candidate was rejected
Itr 55, LL= -4013881.118413 (38.014503). Anneal status: T=1.03, dE=1.61, candidate was rejected
Itr 56, LL= -4013826.343858 (13.646282). Anneal status: T=1.03, dE=56.92, candidate was rejected
Itr 57, LL= -4013671.574612 (38.559029). Anneal status: T=1.03, dE=48.34, candidate was rejected
Itr 58, LL= -4013571.674092 (24.890058). Anneal status: T=1.03, dE=8.92, candidate was rejected
Itr 59, LL= -4013482.700996 (22.168059). Anneal status: T=1.03, dE=28.13, candidate was rejected
Itr 60, LL= -4013457.647784 (6.242263). Anneal status: T=0.00, dE=42.75, candidate was rejected
Itr 61, LL= -4013431.426516 (6.533336). Anneal status: T=0.00, dE=131.59, candidate was rejected
Itr 62, LL= -4013357.785281 (18.348697). Anneal status: T=0.00, dE=1.48, candidate was rejected
Itr 63, LL= -4013292.252907 (16.328565). Anneal status: T=0.00, dE=14.60, candidate was rejected
Itr 64, LL= -4013270.587078 (5.398518). Anneal status: T=0.00, dE=81.78, candidate was rejected
Itr 65, LL= -4013269.224671 (0.339475). Anneal status: T=0.00, dE=24.43, candidate was rejected
Itr 66, LL= -4013250.908599 (4.563878). Anneal status: T=0.00, dE=28.18, candidate was rejected
Itr 67, LL= -4013188.389694 (15.578120). Anneal status: T=0.00, dE=1.32, candidate was rejected
Itr 68, LL= -4013157.234879 (7.763108). Anneal status: T=0.00, dE=16.10, candidate was rejected
Itr 69, LL= -4013135.543157 (5.405151). Anneal status: T=0.00, dE=0.10, candidate was rejected
Itr 70, LL= -4013057.233607 (19.513308). Anneal status: T=0.00, dE=86.88, candidate was rejected
Itr 71, LL= -4013001.906366 (13.786806). Anneal status: T=0.00, dE=31.29, candidate was rejected
Itr 72, LL= -4012963.119635 (9.665266). Anneal status: T=0.00, dE=2.05, candidate was rejected
Itr 73, LL= -4012939.881385 (5.790796). Anneal status: T=0.00, dE=54.67, candidate was rejected
Itr 74, LL= -4012938.959234 (0.229794). Anneal status: T=0.00, dE=31.51, candidate was rejected
Itr 75, LL= -4012919.279557 (4.904056). Anneal status: T=0.00, dE=12.03, candidate was rejected
Itr 76, LL= -4012912.444673 (1.703220). Anneal status: T=0.00, dE=115.22, candidate was rejected
Itr 77, LL= -4012912.153909 (0.072457). Anneal status: T=0.00, dE=43.69, candidate was rejected
Itr 78, LL= -4012906.285005 (1.462505). Anneal status: T=0.00, dE=2.34, candidate was rejected
Itr 79, LL= -4012894.040348 (3.051319). Anneal status: T=0.00, dE=30.91, candidate was rejected
Itr 80, LL= -4012887.330206 (1.672146). Anneal status: T=0.00, dE=21.76, candidate was rejected
Itr 81, LL= -4012871.578764 (3.925214). Anneal status: T=0.00, dE=47.13, candidate was rejected
Itr 82, LL= -4012847.921416 (5.895367). Anneal status: T=0.00, dE=0.31, candidate was rejected
Itr 83, LL= -4012834.242090 (3.408882). Anneal status: T=0.00, dE=4.18, candidate was rejected
Itr 84, LL= -4012813.662150 (5.128530). Anneal status: T=0.00, dE=39.99, candidate was rejected
Itr 85, LL= -4012786.675633 (6.725086). Anneal status: T=0.00, dE=35.93, candidate was rejected
Itr 86, LL= -4012777.233498 (2.353012). Anneal status: T=0.00, dE=6.34, candidate was rejected
Itr 87, LL= -4012774.276698 (0.736846). Anneal status: T=0.00, dE=66.27, candidate was rejected
Itr 88, LL= -4012763.945208 (2.574650). Anneal status: T=0.00, dE=1.48, candidate was rejected
Itr 89, LL= -4012763.272265 (0.167701). Anneal status: T=0.00, dE=133.49, candidate was rejected
Itr 90, LL= -4012755.682616 (1.891377). Anneal status: T=0.00, dE=4.67, candidate was rejected
Itr 91, LL= -4012754.349593 (0.332196). Anneal status: T=0.00, dE=21.68, candidate was rejected
Itr 92, LL= -4012746.587066 (1.934463). Anneal status: T=0.00, dE=3.98, candidate was rejected
Itr 93, LL= -4012715.017458 (7.867332). Anneal status: T=0.00, dE=8.13, candidate was rejected
Itr 94, LL= -4012712.144680 (0.715919). Anneal status: T=0.00, dE=13.33, candidate was rejected
Itr 95, LL= -4012711.795076 (0.087124). Anneal status: T=0.00, dE=24.94, candidate was rejected
Itr 96, LL= -4012711.669214 (0.031366). Anneal status: T=0.00, dE=2.10, candidate was rejected
-- Annealing statistics:
Portion of times candidate was better: 0.000000
Portion of times candidate was chosen by chance: 0.135417
--
EM for 6 states, 131 emission nodes. 25 observed values.
            gibbs: 0
    nGibbsItrPcnt: 0.8000
     annealParams: {}
           maxItr: 500
      convergeEps: 1.0000e-06
           minItr: 5
       parametric: 0
        initprobs: []
      persistBias: 0
          obsVals: []

- Initalized simulated annealing with params:
                     type: 'linear'
    max_chance_accpetance: 0.2000
             min_duration: 5
        min_init_duration: 5
             max_duration: 11
              converge_th: 1.0000e-06

--
Itr 1, LL= -15538445.958484 (Inf). Anneal status: T=NaN, dE=-60.41, collecting statistics
Itr 2, LL= -4191808.224063 (Inf). Anneal status: T=NaN, dE=968.79, collecting statistics
Itr 3, LL= -4089854.409008 (Inf). Anneal status: T=NaN, dE=-359.90, collecting statistics
Itr 4, LL= -4044868.422214 (10999.410320). Anneal status: T=NaN, dE=156.51, collecting statistics
Itr 5, LL= -4029545.125890 (3788.329984). Anneal status: T=NaN, dE=-195.75, collecting statistics
Itr 6, LL= -4023289.672369 (1552.396940). Anneal status: T=NaN, dE=-46.85, collecting statistics
Itr 7, LL= -4020445.741338 (706.867082). Anneal status: T=NaN, dE=-0.72, collecting statistics
Itr 8, LL= -4018928.302339 (377.430538). Anneal status: T=NaN, dE=214.16, collecting statistics
Itr 9, LL= -4018008.421862 (228.887009). Anneal status: T=57.58, dE=40.51, candidate was chosen by chance
Itr 10, LL= -4017129.022952 (218.864377). Anneal status: T=57.58, dE=121.42, candidate was rejected
Itr 11, LL= -4016323.265809 (200.580349). Anneal status: T=57.58, dE=11.72, candidate was rejected
Itr 12, LL= -4015638.603290 (170.469973). Anneal status: T=57.58, dE=20.34, candidate was chosen by chance
Itr 13, LL= -4015080.808682 (138.905580). Anneal status: T=57.58, dE=108.61, candidate was rejected
Itr 14, LL= -4014734.504783 (86.250792). Anneal status: T=51.82, dE=37.80, candidate was chosen by chance
Itr 15, LL= -4014489.029046 (61.143704). Anneal status: T=51.82, dE=1.50, candidate was chosen by chance
Itr 16, LL= -4014366.425898 (30.540163). Anneal status: T=51.82, dE=49.98, candidate was rejected
Itr 17, LL= -4014278.540786 (21.892648). Anneal status: T=51.82, dE=10.01, candidate was chosen by chance
Itr 18, LL= -4014208.602982 (17.422260). Anneal status: T=51.82, dE=79.46, candidate was rejected
Itr 19, LL= -4014159.195113 (12.308247). Anneal status: T=46.06, dE=6.35, candidate was chosen by chance
Itr 20, LL= -4014128.978554 (7.527494). Anneal status: T=46.06, dE=111.21, candidate was rejected
Itr 21, LL= -4014114.655696 (3.568111). Anneal status: T=46.06, dE=96.73, candidate was rejected
Itr 22, LL= -4014101.974914 (3.159048). Anneal status: T=46.06, dE=1.30, candidate was chosen by chance
Itr 23, LL= -4014083.367415 (4.635532). Anneal status: T=46.06, dE=169.02, candidate was rejected
Itr 24, LL= -4014074.728738 (2.152092). Anneal status: T=40.30, dE=2.29, candidate was chosen by chance
Itr 25, LL= -4014064.407277 (2.571317). Anneal status: T=40.30, dE=5.64, candidate was chosen by chance
Itr 26, LL= -4014049.939521 (3.604266). Anneal status: T=40.30, dE=10.21, candidate was rejected
Itr 27, LL= -4014046.080592 (0.961356). Anneal status: T=40.30, dE=0.44, candidate was chosen by chance
Itr 28, LL= -4014072.608100 (-6.608671). Anneal status: T=40.30, dE=28.82, candidate was chosen by chance
Itr 29, LL= -4014049.781589 (5.686621). Anneal status: T=34.55, dE=5.63, candidate was chosen by chance
Itr 30, LL= -4014046.714390 (0.764116). Anneal status: T=34.55, dE=3.72, candidate was chosen by chance
Itr 31, LL= -4014040.679213 (1.503514). Anneal status: T=34.55, dE=7.27, candidate was rejected
Itr 32, LL= -4014038.038353 (0.657906). Anneal status: T=34.55, dE=44.40, candidate was rejected
Itr 33, LL= -4014036.800958 (0.308267). Anneal status: T=34.55, dE=0.45, candidate was chosen by chance
Itr 34, LL= -4014035.220713 (0.393680). Anneal status: T=28.79, dE=80.26, candidate was rejected
-- Annealing statistics:
Portion of times candidate was better: 0.000000
Portion of times candidate was chosen by chance: 0.411765
--
EM for 6 states, 131 emission nodes. 25 observed values.
            gibbs: 0
    nGibbsItrPcnt: 0.8000
     annealParams: {}
           maxItr: 500
      convergeEps: 1.0000e-06
           minItr: 5
       parametric: 0
        initprobs: []
      persistBias: 0
          obsVals: []

- Initalized simulated annealing with params:
                     type: 'linear'
    max_chance_accpetance: 0.2000
             min_duration: 5
        min_init_duration: 5
             max_duration: 11
              converge_th: 1.0000e-06

--
Itr 1, LL= -15435460.042314 (Inf). Anneal status: T=NaN, dE=-2934.66, collecting statistics
Itr 2, LL= -4161396.898715 (Inf). Anneal status: T=NaN, dE=-133.95, collecting statistics
Itr 3, LL= -4073852.319180 (Inf). Anneal status: T=NaN, dE=-470.02, collecting statistics
Itr 4, LL= -4048468.794793 (6230.840590). Anneal status: T=NaN, dE=470.22, collecting statistics
Itr 5, LL= -4038830.756828 (2380.662530). Anneal status: T=NaN, dE=-105.83, collecting statistics
Itr 6, LL= -4035114.144199 (920.219948). Anneal status: T=NaN, dE=-83.01, collecting statistics
Itr 7, LL= -4033272.490135 (456.406931). Anneal status: T=NaN, dE=94.38, collecting statistics
Itr 8, LL= -4032009.465963 (313.151213). Anneal status: T=NaN, dE=3.85, collecting statistics
Itr 9, LL= -4031047.925243 (238.476801). Anneal status: T=18.21, dE=22.84, candidate was rejected
Itr 10, LL= -4030122.414161 (229.595653). Anneal status: T=18.21, dE=5.74, candidate was chosen by chance
Itr 11, LL= -4028811.361029 (325.313476). Anneal status: T=18.21, dE=61.01, candidate was rejected
Itr 12, LL= -4026657.929008 (534.508029). Anneal status: T=18.21, dE=68.15, candidate was rejected
Itr 13, LL= -4024270.999569 (592.781776). Anneal status: T=18.21, dE=99.12, candidate was rejected
Itr 14, LL= -4022404.808872 (463.733853). Anneal status: T=16.39, dE=10.02, candidate was chosen by chance
Itr 15, LL= -4020944.111951 (363.140209). Anneal status: T=16.39, dE=3.84, candidate was rejected
Itr 16, LL= -4019622.620378 (328.652062). Anneal status: T=16.39, dE=35.04, candidate was rejected
Itr 17, LL= -4018647.617144 (242.560888). Anneal status: T=16.39, dE=3.24, candidate was rejected
Itr 18, LL= -4017688.215228 (238.737508). Anneal status: T=16.39, dE=7.88, candidate was rejected
Itr 19, LL= -4016818.025057 (216.589771). Anneal status: T=14.57, dE=104.13, candidate was rejected
Itr 20, LL= -4016335.480246 (120.131111). Anneal status: T=14.57, dE=40.71, candidate was rejected
Itr 21, LL= -4015977.929181 (89.024203). Anneal status: T=14.57, dE=1.02, candidate was chosen by chance
Itr 22, LL= -4015709.792668 (66.767427). Anneal status: T=14.57, dE=29.54, candidate was rejected
Itr 23, LL= -4015446.973260 (65.447809). Anneal status: T=14.57, dE=16.31, candidate was rejected
Itr 24, LL= -4015239.735787 (51.610063). Anneal status: T=12.75, dE=4.82, candidate was rejected
Itr 25, LL= -4015073.386086 (41.429581). Anneal status: T=12.75, dE=3.27, candidate was rejected
Itr 26, LL= -4014804.771598 (66.901514). Anneal status: T=12.75, dE=258.40, candidate was rejected
Itr 27, LL= -4014562.575883 (60.325652). Anneal status: T=12.75, dE=1.16, candidate was chosen by chance
Itr 28, LL= -4014402.226223 (39.942000). Anneal status: T=12.75, dE=39.15, candidate was rejected
Itr 29, LL= -4014252.689324 (37.250104). Anneal status: T=10.92, dE=17.49, candidate was rejected
Itr 30, LL= -4014113.081492 (34.778038). Anneal status: T=10.92, dE=2.17, candidate was chosen by chance
Itr 31, LL= -4013966.203464 (36.590406). Anneal status: T=10.92, dE=4.64, candidate was chosen by chance
Itr 32, LL= -4013840.056041 (31.427126). Anneal status: T=10.92, dE=87.77, candidate was rejected
Itr 33, LL= -4013757.539739 (20.557945). Anneal status: T=10.92, dE=3.07, candidate was chosen by chance
Itr 34, LL= -4013620.059104 (34.252352). Anneal status: T=9.10, dE=96.84, candidate was rejected
Itr 35, LL= -4013420.863216 (49.629981). Anneal status: T=9.10, dE=13.91, candidate was chosen by chance
Itr 36, LL= -4013249.038459 (42.812544). Anneal status: T=9.10, dE=1.27, candidate was chosen by chance
Itr 37, LL= -4013072.875241 (43.895411). Anneal status: T=9.10, dE=16.71, candidate was rejected
Itr 38, LL= -4012871.983212 (50.059402). Anneal status: T=9.10, dE=3.66, candidate was chosen by chance
Itr 39, LL= -4012703.765206 (41.919604). Anneal status: T=7.28, dE=3.81, candidate was chosen by chance
Itr 40, LL= -4012603.044604 (25.100433). Anneal status: T=7.28, dE=35.84, candidate was rejected
Itr 41, LL= -4012481.957256 (30.176757). Anneal status: T=7.28, dE=3.27, candidate was chosen by chance
Itr 42, LL= -4012379.624256 (25.503666). Anneal status: T=7.28, dE=1.01, candidate was chosen by chance
Itr 43, LL= -4012270.216236 (27.267614). Anneal status: T=7.28, dE=13.34, candidate was rejected
Itr 44, LL= -4012224.744078 (11.333274). Anneal status: T=5.46, dE=1.85, candidate was rejected
Itr 45, LL= -4012177.924794 (11.669158). Anneal status: T=5.46, dE=9.60, candidate was rejected
Itr 46, LL= -4012076.340885 (25.318894). Anneal status: T=5.46, dE=48.16, candidate was rejected
Itr 47, LL= -4012011.282943 (16.215530). Anneal status: T=5.46, dE=1.41, candidate was chosen by chance
Itr 48, LL= -4011962.961530 (12.044187). Anneal status: T=5.46, dE=11.27, candidate was rejected
Itr 49, LL= -4011881.166844 (20.387697). Anneal status: T=3.64, dE=220.36, candidate was rejected
Itr 50, LL= -4011788.972875 (22.980234). Anneal status: T=3.64, dE=44.88, candidate was rejected
Itr 51, LL= -4011714.523867 (18.557558). Anneal status: T=3.64, dE=4.37, candidate was chosen by chance
Itr 52, LL= -4011660.403482 (13.490587). Anneal status: T=3.64, dE=81.51, candidate was rejected
Itr 53, LL= -4011591.164256 (17.259493). Anneal status: T=3.64, dE=10.85, candidate was rejected
Itr 54, LL= -4011511.049678 (19.970773). Anneal status: T=1.82, dE=37.90, candidate was rejected
Itr 55, LL= -4011475.052471 (8.973478). Anneal status: T=1.82, dE=24.79, candidate was rejected
Itr 56, LL= -4011388.924044 (21.470513). Anneal status: T=1.82, dE=12.67, candidate was rejected
Itr 57, LL= -4011351.981297 (9.209465). Anneal status: T=1.82, dE=98.79, candidate was rejected
Itr 58, LL= -4011334.342453 (4.397232). Anneal status: T=1.82, dE=56.28, candidate was rejected
Itr 59, LL= -4011299.385416 (8.714566). Anneal status: T=0.00, dE=20.70, candidate was rejected
Itr 60, LL= -4011250.940143 (12.077202). Anneal status: T=0.00, dE=2.32, candidate was rejected
Itr 61, LL= -4011183.396322 (16.838593). Anneal status: T=0.00, dE=51.00, candidate was rejected
Itr 62, LL= -4011103.375902 (19.949330). Anneal status: T=0.00, dE=1.91, candidate was rejected
Itr 63, LL= -4011096.752322 (1.651311). Anneal status: T=0.00, dE=0.80, candidate was rejected
Itr 64, LL= -4011036.083852 (15.125158). Anneal status: T=0.00, dE=209.69, candidate was rejected
Itr 65, LL= -4011017.188907 (4.710739). Anneal status: T=0.00, dE=50.45, candidate was rejected
Itr 66, LL= -4011012.726215 (1.112608). Anneal status: T=0.00, dE=5.87, candidate was rejected
Itr 67, LL= -4011009.981987 (0.684173). Anneal status: T=0.00, dE=3.11, candidate was rejected
Itr 68, LL= -4011006.836818 (0.784134). Anneal status: T=0.00, dE=46.22, candidate was rejected
Itr 69, LL= -4011006.514200 (0.080433). Anneal status: T=0.00, dE=125.59, candidate was rejected
-- Annealing statistics:
Portion of times candidate was better: 0.000000
Portion of times candidate was chosen by chance: 0.217391
--
EM for 6 states, 131 emission nodes. 25 observed values.
            gibbs: 0
    nGibbsItrPcnt: 0.8000
     annealParams: {}
           maxItr: 500
      convergeEps: 1.0000e-06
           minItr: 5
       parametric: 0
        initprobs: []
      persistBias: 0
          obsVals: []

- Initalized simulated annealing with params:
                     type: 'linear'
    max_chance_accpetance: 0.2000
             min_duration: 5
        min_init_duration: 5
             max_duration: 11
              converge_th: 1.0000e-06

--
Itr 1, LL= -15431533.560607 (Inf). Anneal status: T=NaN, dE=-1873.48, collecting statistics
Itr 2, LL= -4199840.710513 (Inf). Anneal status: T=NaN, dE=-523.61, collecting statistics
Itr 3, LL= -4089340.545728 (Inf). Anneal status: T=NaN, dE=480.11, collecting statistics
Itr 4, LL= -4048445.881158 (10000.307901). Anneal status: T=NaN, dE=-53.67, collecting statistics
Itr 5, LL= -4035380.736470 (3227.200035). Anneal status: T=NaN, dE=-19.28, collecting statistics
Itr 6, LL= -4029494.401751 (1458.681374). Anneal status: T=NaN, dE=6.77, collecting statistics
Itr 7, LL= -4026452.465170 (754.917684). Anneal status: T=NaN, dE=76.52, collecting statistics
Itr 8, LL= -4024767.996080 (418.350671). Anneal status: T=12.94, dE=1.54, candidate was chosen by chance
Itr 9, LL= -4023725.231142 (259.086968). Anneal status: T=12.94, dE=51.24, candidate was rejected
Itr 10, LL= -4023017.230324 (175.956552). Anneal status: T=12.94, dE=81.59, candidate was rejected
Itr 11, LL= -4022484.572879 (132.402477). Anneal status: T=12.94, dE=12.42, candidate was chosen by chance
Itr 12, LL= -4022010.211268 (117.927515). Anneal status: T=12.94, dE=131.67, candidate was rejected
Itr 13, LL= -4021387.984952 (154.705305). Anneal status: T=11.64, dE=18.33, candidate was rejected
Itr 14, LL= -4020391.331763 (247.838108). Anneal status: T=11.64, dE=25.39, candidate was rejected
Itr 15, LL= -4018986.588561 (349.404594). Anneal status: T=11.64, dE=31.67, candidate was rejected
Itr 16, LL= -4017382.706963 (399.076126). Anneal status: T=11.64, dE=1.93, candidate was chosen by chance
Itr 17, LL= -4015973.338466 (350.817584). Anneal status: T=11.64, dE=12.99, candidate was chosen by chance
Itr 18, LL= -4015061.179966 (227.132608). Anneal status: T=10.35, dE=6.19, candidate was chosen by chance
Itr 19, LL= -4014418.982650 (159.947081). Anneal status: T=10.35, dE=181.95, candidate was rejected
Itr 20, LL= -4013757.106682 (164.874661). Anneal status: T=10.35, dE=88.72, candidate was rejected
Itr 21, LL= -4013195.230601 (139.987564). Anneal status: T=10.35, dE=24.30, candidate was rejected
Itr 22, LL= -4012835.638486 (89.602447). Anneal status: T=10.35, dE=86.99, candidate was rejected
Itr 23, LL= -4012555.562114 (69.795127). Anneal status: T=9.06, dE=10.45, candidate was rejected
Itr 24, LL= -4012304.592457 (62.546089). Anneal status: T=9.06, dE=1.28, candidate was chosen by chance
Itr 25, LL= -4012123.502029 (45.133769). Anneal status: T=9.06, dE=1.77, candidate was chosen by chance
Itr 26, LL= -4012010.628216 (28.133185). Anneal status: T=9.06, dE=8.97, candidate was rejected
Itr 27, LL= -4011908.247265 (25.518614). Anneal status: T=9.06, dE=104.06, candidate was rejected
Itr 28, LL= -4011827.025763 (20.245105). Anneal status: T=7.76, dE=3.30, candidate was rejected
Itr 29, LL= -4011799.926436 (6.754859). Anneal status: T=7.76, dE=1.91, candidate was chosen by chance
Itr 30, LL= -4011742.801337 (14.239269). Anneal status: T=7.76, dE=24.94, candidate was rejected
Itr 31, LL= -4011710.448662 (8.064494). Anneal status: T=7.76, dE=3.53, candidate was rejected
Itr 32, LL= -4011660.957603 (12.336648). Anneal status: T=7.76, dE=18.52, candidate was rejected
Itr 33, LL= -4011605.611107 (13.796404). Anneal status: T=6.47, dE=55.37, candidate was rejected
Itr 34, LL= -4011590.274366 (3.823093). Anneal status: T=6.47, dE=1.36, candidate was chosen by chance
Itr 35, LL= -4011545.601184 (11.136028). Anneal status: T=6.47, dE=0.72, candidate was chosen by chance
Itr 36, LL= -4011525.857338 (4.921755). Anneal status: T=6.47, dE=31.56, candidate was rejected
Itr 37, LL= -4011499.368590 (6.603160). Anneal status: T=6.47, dE=94.75, candidate was rejected
Itr 38, LL= -4011453.953045 (11.321339). Anneal status: T=5.18, dE=26.94, candidate was rejected
Itr 39, LL= -4011419.592648 (8.565572). Anneal status: T=5.18, dE=38.12, candidate was rejected
Itr 40, LL= -4011399.808171 (4.932039). Anneal status: T=5.18, dE=3.09, candidate was rejected
Itr 41, LL= -4011395.409814 (1.096464). Anneal status: T=5.18, dE=75.86, candidate was rejected
Itr 42, LL= -4011386.170307 (2.303315). Anneal status: T=5.18, dE=2.21, candidate was rejected
Itr 43, LL= -4011376.507896 (2.408746). Anneal status: T=3.88, dE=73.57, candidate was rejected
Itr 44, LL= -4011367.171472 (2.327486). Anneal status: T=3.88, dE=38.16, candidate was rejected
Itr 45, LL= -4011361.758325 (1.349452). Anneal status: T=3.88, dE=43.67, candidate was rejected
Itr 46, LL= -4011350.901321 (2.706563). Anneal status: T=3.88, dE=13.27, candidate was rejected
Itr 47, LL= -4011342.775367 (2.025740). Anneal status: T=3.88, dE=15.39, candidate was rejected
Itr 48, LL= -4011337.101604 (1.414430). Anneal status: T=2.59, dE=6.73, candidate was rejected
Itr 49, LL= -4011317.714397 (4.833103). Anneal status: T=2.59, dE=8.49, candidate was rejected
Itr 50, LL= -4011306.321885 (2.840092). Anneal status: T=2.59, dE=1.42, candidate was chosen by chance
Itr 51, LL= -4011290.657706 (3.905007). Anneal status: T=2.59, dE=23.71, candidate was rejected
Itr 52, LL= -4011280.261230 (2.591803). Anneal status: T=2.59, dE=3.85, candidate was rejected
Itr 53, LL= -4011273.536816 (1.676376). Anneal status: T=1.29, dE=54.30, candidate was rejected
Itr 54, LL= -4011264.081333 (2.357227). Anneal status: T=1.29, dE=75.28, candidate was rejected
Itr 55, LL= -4011250.347003 (3.423941). Anneal status: T=1.29, dE=0.28, candidate was chosen by chance
Itr 56, LL= -4011242.655506 (1.917481). Anneal status: T=1.29, dE=48.37, candidate was rejected
Itr 57, LL= -4011218.881369 (5.926876). Anneal status: T=1.29, dE=69.52, candidate was rejected
Itr 58, LL= -4011213.026287 (1.459677). Anneal status: T=0.00, dE=50.72, candidate was rejected
Itr 59, LL= -4011212.030766 (0.248184). Anneal status: T=0.00, dE=17.84, candidate was rejected
Itr 60, LL= -4011210.637494 (0.347344). Anneal status: T=0.00, dE=109.15, candidate was rejected
Itr 61, LL= -4011209.248036 (0.346394). Anneal status: T=0.00, dE=3.52, candidate was rejected
-- Annealing statistics:
Portion of times candidate was better: 0.000000
Portion of times candidate was chosen by chance: 0.196721
--
EM for 6 states, 131 emission nodes. 25 observed values.
            gibbs: 0
    nGibbsItrPcnt: 0.8000
     annealParams: {}
           maxItr: 500
      convergeEps: 1.0000e-06
           minItr: 5
       parametric: 0
        initprobs: []
      persistBias: 0
          obsVals: []

- Initalized simulated annealing with params:
                     type: 'linear'
    max_chance_accpetance: 0.2000
             min_duration: 5
        min_init_duration: 5
             max_duration: 11
              converge_th: 1.0000e-06

--
Itr 1, LL= -15505412.280132 (Inf). Anneal status: T=NaN, dE=-1117.55, collecting statistics
Itr 2, LL= -4179530.343927 (Inf). Anneal status: T=NaN, dE=-973.69, collecting statistics
Itr 3, LL= -4077685.631460 (Inf). Anneal status: T=NaN, dE=110.67, collecting statistics
Itr 4, LL= -4042839.312509 (8545.611923). Anneal status: T=NaN, dE=550.96, collecting statistics
Itr 5, LL= -4027541.318355 (3783.972840). Anneal status: T=NaN, dE=-8.68, collecting statistics
Itr 6, LL= -4020452.625585 (1760.054636). Anneal status: T=NaN, dE=38.47, collecting statistics
Itr 7, LL= -4017149.156048 (821.666077). Anneal status: T=24.67, dE=48.15, candidate was rejected
Itr 8, LL= -4015285.862170 (463.834875). Anneal status: T=24.67, dE=3.72, candidate was chosen by chance
Itr 9, LL= -4014117.530612 (290.970954). Anneal status: T=24.67, dE=29.24, candidate was rejected
Itr 10, LL= -4013324.541417 (197.550069). Anneal status: T=24.67, dE=43.98, candidate was rejected
Itr 11, LL= -4012742.314195 (145.073546). Anneal status: T=24.67, dE=3.04, candidate was chosen by chance
Itr 12, LL= -4012336.978953 (101.012029). Anneal status: T=22.20, dE=77.77, candidate was rejected
Itr 13, LL= -4012121.335734 (53.745042). Anneal status: T=22.20, dE=12.57, candidate was chosen by chance
Itr 14, LL= -4011954.425209 (41.601565). Anneal status: T=22.20, dE=154.39, candidate was rejected
Itr 15, LL= -4011851.429359 (25.672238). Anneal status: T=22.20, dE=95.30, candidate was rejected
Itr 16, LL= -4011756.715734 (23.608458). Anneal status: T=22.20, dE=120.32, candidate was rejected
Itr 17, LL= -4011681.475918 (18.754830). Anneal status: T=19.74, dE=58.31, candidate was rejected
Itr 18, LL= -4011607.955052 (18.326696). Anneal status: T=19.74, dE=2.33, candidate was chosen by chance
Itr 19, LL= -4011555.220413 (13.145512). Anneal status: T=19.74, dE=82.47, candidate was rejected
Itr 20, LL= -4011527.460143 (6.920077). Anneal status: T=19.74, dE=52.15, candidate was rejected
Itr 21, LL= -4011503.212556 (6.044477). Anneal status: T=19.74, dE=6.00, candidate was chosen by chance
Itr 22, LL= -4011477.227353 (6.477672). Anneal status: T=17.27, dE=14.62, candidate was rejected
Itr 23, LL= -4011460.332936 (4.211520). Anneal status: T=17.27, dE=16.12, candidate was rejected
Itr 24, LL= -4011448.877389 (2.855705). Anneal status: T=17.27, dE=51.14, candidate was rejected
Itr 25, LL= -4011431.353649 (4.368432). Anneal status: T=17.27, dE=104.70, candidate was rejected
Itr 26, LL= -4011415.136349 (4.042771). Anneal status: T=17.27, dE=13.31, candidate was rejected
Itr 27, LL= -4011400.919869 (3.544006). Anneal status: T=14.80, dE=0.43, candidate was chosen by chance
Itr 28, LL= -4011390.087450 (2.700408). Anneal status: T=14.80, dE=0.76, candidate was chosen by chance
Itr 29, LL= -4011381.097030 (2.241223). Anneal status: T=14.80, dE=1.51, candidate was rejected
Itr 30, LL= -4011386.146010 (-1.258664). Anneal status: T=14.80, dE=9.64, candidate was chosen by chance
Itr 31, LL= -4011373.889862 (3.055340). Anneal status: T=14.80, dE=1.64, candidate was chosen by chance
Itr 32, LL= -4011368.452468 (1.355494). Anneal status: T=12.34, dE=67.15, candidate was rejected
Itr 33, LL= -4011366.660372 (0.446754). Anneal status: T=12.34, dE=0.70, candidate was chosen by chance
Itr 34, LL= -4011363.847063 (0.701334). Anneal status: T=12.34, dE=21.12, candidate was rejected
Itr 35, LL= -4011363.614891 (0.057879). Anneal status: T=12.34, dE=2.36, candidate was chosen by chance
-- Annealing statistics:
Portion of times candidate was better: 0.000000
Portion of times candidate was chosen by chance: 0.314286
--
>> 