My SLURM_ARRAY_TASK_ID:  19

                            < M A T L A B (R) >
                  Copyright 1984-2014 The MathWorks, Inc.
                   R2014b (8.4.0.150421) 64-bit (glnxa64)
                             September 15, 2014

 
For online documentation, see http://www.mathworks.com/support
For product information, visit www.mathworks.com.
 
EM for 19 states, 131 emission nodes. 25 observed values.
            gibbs: 0
    nGibbsItrPcnt: 0.8000
     annealParams: {}
           maxItr: 500
      convergeEps: 1.0000e-06
           minItr: 5
       parametric: 0
        initprobs: []
      persistBias: 0
          obsVals: []

- Initalized simulated annealing with params:
                     type: 'linear'
    max_chance_accpetance: 0.2000
             min_duration: 5
        min_init_duration: 5
             max_duration: 11
              converge_th: 1.0000e-06

--
Itr 1, LL= -15327639.767399 (Inf). Anneal status: T=NaN, dE=-444.93, collecting statistics
Itr 2, LL= -4146367.978735 (Inf). Anneal status: T=NaN, dE=-121.59, collecting statistics
Itr 3, LL= -4039104.301079 (Inf). Anneal status: T=NaN, dE=-99.37, collecting statistics
Itr 4, LL= -3989224.261802 (12349.282306). Anneal status: T=NaN, dE=-370.88, collecting statistics
Itr 5, LL= -3968876.056095 (5100.792628). Anneal status: T=NaN, dE=-28.90, collecting statistics
Itr 6, LL= -3960027.248058 (2229.550107). Anneal status: T=NaN, dE=21.22, collecting statistics
Itr 7, LL= -3955295.699519 (1194.827268). Anneal status: T=NaN, dE=-5.31, collecting statistics
Itr 8, LL= -3952421.480544 (726.676131). Anneal status: T=NaN, dE=17.81, collecting statistics
Itr 9, LL= -3950308.812022 (534.525109). Anneal status: T=NaN, dE=89.90, collecting statistics
Itr 10, LL= -3948680.071080 (412.307245). Anneal status: T=NaN, dE=-0.90, collecting statistics
Itr 11, LL= -3947366.061482 (332.771856). Anneal status: T=2.04, dE=22.94, candidate was rejected
Itr 12, LL= -3946253.419121 (281.869567). Anneal status: T=2.04, dE=4.14, candidate was rejected
Itr 13, LL= -3945296.038024 (242.605072). Anneal status: T=2.04, dE=7.14, candidate was rejected
Itr 14, LL= -3944479.160385 (207.051038). Anneal status: T=2.04, dE=9.88, candidate was rejected
Itr 15, LL= -3943816.870387 (167.903029). Anneal status: T=2.04, dE=0.78, candidate was rejected
Itr 16, LL= -3943227.922736 (149.334432). Anneal status: T=1.83, dE=26.41, candidate was rejected
Itr 17, LL= -3942707.404211 (132.003155). Anneal status: T=1.83, dE=7.19, candidate was rejected
Itr 18, LL= -3942338.827019 (93.483273). Anneal status: T=1.83, dE=5.85, candidate was rejected
Itr 19, LL= -3942065.181483 (69.411978). Anneal status: T=1.83, dE=87.66, candidate was rejected
Itr 20, LL= -3941817.195601 (62.907606). Anneal status: T=1.83, dE=18.33, candidate was rejected
Itr 21, LL= -3941624.544588 (48.873655). Anneal status: T=1.63, dE=69.87, candidate was rejected
Itr 22, LL= -3941453.635669 (43.360020). Anneal status: T=1.63, dE=22.62, candidate was rejected
Itr 23, LL= -3941279.798908 (44.104733). Anneal status: T=1.63, dE=54.32, candidate was rejected
Itr 24, LL= -3941132.313615 (37.420660). Anneal status: T=1.63, dE=5.19, candidate was rejected
Itr 25, LL= -3940971.922090 (40.696813). Anneal status: T=1.63, dE=14.43, candidate was rejected
Itr 26, LL= -3940835.614296 (34.587355). Anneal status: T=1.43, dE=11.35, candidate was rejected
Itr 27, LL= -3940729.583061 (26.905775). Anneal status: T=1.43, dE=62.10, candidate was rejected
Itr 28, LL= -3940656.337126 (18.586897). Anneal status: T=1.43, dE=3.09, candidate was chosen by chance
Itr 29, LL= -3940601.915456 (13.810306). Anneal status: T=1.43, dE=78.30, candidate was rejected
Itr 30, LL= -3940500.931128 (25.626625). Anneal status: T=1.43, dE=2.82, candidate was rejected
Itr 31, LL= -3940429.095894 (18.229975). Anneal status: T=1.22, dE=19.81, candidate was rejected
Itr 32, LL= -3940346.398014 (20.987024). Anneal status: T=1.22, dE=11.70, candidate was rejected
Itr 33, LL= -3940280.481027 (16.728729). Anneal status: T=1.22, dE=21.62, candidate was rejected
Itr 34, LL= -3940215.966008 (16.373205). Anneal status: T=1.22, dE=4.95, candidate was rejected
Itr 35, LL= -3940129.732510 (21.885475). Anneal status: T=1.22, dE=30.39, candidate was rejected
Itr 36, LL= -3940069.291257 (15.339914). Anneal status: T=1.02, dE=6.98, candidate was rejected
Itr 37, LL= -3940015.718679 (13.596862). Anneal status: T=1.02, dE=43.79, candidate was rejected
Itr 38, LL= -3939931.895230 (21.274902). Anneal status: T=1.02, dE=25.92, candidate was rejected
Itr 39, LL= -3939847.418550 (21.441152). Anneal status: T=1.02, dE=9.95, candidate was rejected
Itr 40, LL= -3939783.046311 (16.338765). Anneal status: T=1.02, dE=13.65, candidate was rejected
Itr 41, LL= -3939702.326800 (20.488314). Anneal status: T=0.82, dE=50.28, candidate was rejected
Itr 42, LL= -3939489.950523 (53.906681). Anneal status: T=0.82, dE=-1.04, candidate was better
Itr 43, LL= -3938941.514837 (139.214897). Anneal status: T=0.82, dE=42.55, candidate was rejected
Itr 44, LL= -3938192.332996 (190.198773). Anneal status: T=0.82, dE=14.35, candidate was rejected
Itr 45, LL= -3937455.401477 (187.124309). Anneal status: T=0.82, dE=13.93, candidate was rejected
Itr 46, LL= -3936995.825876 (116.718935). Anneal status: T=0.61, dE=14.52, candidate was rejected
Itr 47, LL= -3936655.769631 (86.374551). Anneal status: T=0.61, dE=4.77, candidate was rejected
Itr 48, LL= -3936352.599677 (77.012056). Anneal status: T=0.61, dE=4.39, candidate was rejected
Itr 49, LL= -3936165.352992 (47.568575). Anneal status: T=0.61, dE=8.43, candidate was rejected
Itr 50, LL= -3936091.838408 (18.676701). Anneal status: T=0.61, dE=11.31, candidate was rejected
Itr 51, LL= -3936024.313836 (17.155233). Anneal status: T=0.41, dE=3.17, candidate was rejected
Itr 52, LL= -3935882.881029 (35.932910). Anneal status: T=0.41, dE=4.52, candidate was rejected
Itr 53, LL= -3935802.020860 (20.544353). Anneal status: T=0.41, dE=18.22, candidate was rejected
Itr 54, LL= -3935725.558315 (19.427437). Anneal status: T=0.41, dE=31.85, candidate was rejected
Itr 55, LL= -3935638.524673 (22.113748). Anneal status: T=0.41, dE=18.93, candidate was rejected
Itr 56, LL= -3935598.873020 (10.075024). Anneal status: T=0.20, dE=14.08, candidate was rejected
Itr 57, LL= -3935572.240524 (6.767076). Anneal status: T=0.20, dE=7.66, candidate was rejected
Itr 58, LL= -3935558.001222 (3.618102). Anneal status: T=0.20, dE=9.39, candidate was rejected
Itr 59, LL= -3935543.418502 (3.705375). Anneal status: T=0.20, dE=3.97, candidate was rejected
Itr 60, LL= -3935522.866987 (5.222027). Anneal status: T=0.20, dE=54.57, candidate was rejected
Itr 61, LL= -3935479.665041 (10.977435). Anneal status: T=0.00, dE=6.09, candidate was rejected
Itr 62, LL= -3935395.862086 (21.294216). Anneal status: T=0.00, dE=15.55, candidate was rejected
Itr 63, LL= -3935365.418254 (7.735901). Anneal status: T=0.00, dE=8.57, candidate was rejected
Itr 64, LL= -3935339.205901 (6.660716). Anneal status: T=0.00, dE=6.96, candidate was rejected
Itr 65, LL= -3935301.044707 (9.697053). Anneal status: T=0.00, dE=12.75, candidate was rejected
Itr 66, LL= -3935243.810335 (14.543836). Anneal status: T=0.00, dE=30.01, candidate was rejected
Itr 67, LL= -3935214.855456 (7.357836). Anneal status: T=0.00, dE=6.96, candidate was rejected
Itr 68, LL= -3935200.596019 (3.623547). Anneal status: T=0.00, dE=12.01, candidate was rejected
Itr 69, LL= -3935145.220895 (14.071741). Anneal status: T=0.00, dE=10.66, candidate was rejected
Itr 70, LL= -3935121.191531 (6.106347). Anneal status: T=0.00, dE=11.11, candidate was rejected
Itr 71, LL= -3935090.318685 (7.845463). Anneal status: T=0.00, dE=4.90, candidate was rejected
Itr 72, LL= -3935028.759066 (15.643763). Anneal status: T=0.00, dE=33.13, candidate was rejected
Itr 73, LL= -3935010.789105 (4.566666). Anneal status: T=0.00, dE=67.34, candidate was rejected
Itr 74, LL= -3935006.378331 (1.120905). Anneal status: T=0.00, dE=94.44, candidate was rejected
Itr 75, LL= -3934995.676182 (2.719729). Anneal status: T=0.00, dE=9.60, candidate was rejected
Itr 76, LL= -3934960.519484 (8.934368). Anneal status: T=0.00, dE=4.00, candidate was rejected
Itr 77, LL= -3934935.526450 (6.351534). Anneal status: T=0.00, dE=62.80, candidate was rejected
Itr 78, LL= -3934908.890704 (6.769043). Anneal status: T=0.00, dE=0.57, candidate was rejected
Itr 79, LL= -3934884.331233 (6.241433). Anneal status: T=0.00, dE=3.82, candidate was rejected
Itr 80, LL= -3934882.357252 (0.501662). Anneal status: T=0.00, dE=1.31, candidate was rejected
Itr 81, LL= -3934865.862368 (4.191964). Anneal status: T=0.00, dE=7.85, candidate was rejected
Itr 82, LL= -3934854.273815 (2.945095). Anneal status: T=0.00, dE=8.01, candidate was rejected
Itr 83, LL= -3934841.154076 (3.334238). Anneal status: T=0.00, dE=18.44, candidate was rejected
Itr 84, LL= -3934806.292039 (8.859833). Anneal status: T=0.00, dE=53.23, candidate was rejected
Itr 85, LL= -3934793.918892 (3.144538). Anneal status: T=0.00, dE=5.49, candidate was rejected
Itr 86, LL= -3934767.442406 (6.728812). Anneal status: T=0.00, dE=30.29, candidate was rejected
Itr 87, LL= -3934758.706269 (2.220242). Anneal status: T=0.00, dE=16.32, candidate was rejected
Itr 88, LL= -3934743.401701 (3.889583). Anneal status: T=0.00, dE=4.13, candidate was rejected
Itr 89, LL= -3934725.690593 (4.501210). Anneal status: T=0.00, dE=22.07, candidate was rejected
Itr 90, LL= -3934698.173210 (6.993469). Anneal status: T=0.00, dE=36.25, candidate was rejected
Itr 91, LL= -3934687.761841 (2.646040). Anneal status: T=0.00, dE=56.02, candidate was rejected
Itr 92, LL= -3934665.818457 (5.576906). Anneal status: T=0.00, dE=4.02, candidate was rejected
Itr 93, LL= -3934645.537636 (5.154395). Anneal status: T=0.00, dE=16.95, candidate was rejected
Itr 94, LL= -3934619.691403 (6.568885). Anneal status: T=0.00, dE=4.60, candidate was rejected
Itr 95, LL= -3934606.858171 (3.261620). Anneal status: T=0.00, dE=8.03, candidate was rejected
Itr 96, LL= -3934601.551615 (1.348688). Anneal status: T=0.00, dE=48.38, candidate was rejected
Itr 97, LL= -3934600.692555 (0.218335). Anneal status: T=0.00, dE=27.67, candidate was rejected
Itr 98, LL= -3934595.581724 (1.298945). Anneal status: T=0.00, dE=41.61, candidate was rejected
Itr 99, LL= -3934583.274177 (3.128034). Anneal status: T=0.00, dE=2.78, candidate was rejected
Itr 100, LL= -3934577.433073 (1.484555). Anneal status: T=0.00, dE=16.32, candidate was rejected
Itr 101, LL= -3934570.529556 (1.754576). Anneal status: T=0.00, dE=7.99, candidate was rejected
Itr 102, LL= -3934565.866783 (1.185078). Anneal status: T=0.00, dE=4.85, candidate was rejected
Itr 103, LL= -3934564.899028 (0.245962). Anneal status: T=0.00, dE=16.21, candidate was rejected
Itr 104, LL= -3934564.469240 (0.109234). Anneal status: T=0.00, dE=7.76, candidate was rejected
Itr 105, LL= -3934563.376076 (0.277836). Anneal status: T=0.00, dE=52.05, candidate was rejected
-- Annealing statistics:
Portion of times candidate was better: 0.009524
Portion of times candidate was chosen by chance: 0.009524
--
EM for 19 states, 131 emission nodes. 25 observed values.
            gibbs: 0
    nGibbsItrPcnt: 0.8000
     annealParams: {}
           maxItr: 500
      convergeEps: 1.0000e-06
           minItr: 5
       parametric: 0
        initprobs: []
      persistBias: 0
          obsVals: []

- Initalized simulated annealing with params:
                     type: 'linear'
    max_chance_accpetance: 0.2000
             min_duration: 5
        min_init_duration: 5
             max_duration: 11
              converge_th: 1.0000e-06

--
Itr 1, LL= -15188068.617388 (Inf). Anneal status: T=NaN, dE=-96.55, collecting statistics
Itr 2, LL= -4165892.165616 (Inf). Anneal status: T=NaN, dE=-103.04, collecting statistics
Itr 3, LL= -4053594.326292 (Inf). Anneal status: T=NaN, dE=-700.70, collecting statistics
Itr 4, LL= -3999894.489103 (13247.462096). Anneal status: T=NaN, dE=-426.07, collecting statistics
Itr 5, LL= -3973076.298198 (6704.724582). Anneal status: T=NaN, dE=173.12, collecting statistics
Itr 6, LL= -3958810.796300 (3590.543153). Anneal status: T=NaN, dE=-13.87, collecting statistics
Itr 7, LL= -3951157.873820 (1933.136711). Anneal status: T=NaN, dE=-1.34, collecting statistics
Itr 8, LL= -3946522.600728 (1173.142972). Anneal status: T=NaN, dE=14.26, collecting statistics
Itr 9, LL= -3943456.494930 (776.913275). Anneal status: T=NaN, dE=-4.03, collecting statistics
Itr 10, LL= -3941505.747544 (494.679576). Anneal status: T=NaN, dE=14.39, collecting statistics
Itr 11, LL= -3940129.968878 (349.049007). Anneal status: T=14.12, dE=76.54, candidate was rejected
Itr 12, LL= -3939154.322568 (247.617799). Anneal status: T=14.12, dE=41.90, candidate was rejected
Itr 13, LL= -3938336.419445 (207.634192). Anneal status: T=14.12, dE=11.26, candidate was chosen by chance
Itr 14, LL= -3937566.537936 (195.483937). Anneal status: T=14.12, dE=7.34, candidate was chosen by chance
Itr 15, LL= -3937016.717773 (139.634507). Anneal status: T=14.12, dE=28.44, candidate was chosen by chance
Itr 16, LL= -3936437.221091 (147.191826). Anneal status: T=12.71, dE=4.96, candidate was chosen by chance
Itr 17, LL= -3936023.774260 (105.030719). Anneal status: T=12.71, dE=21.88, candidate was chosen by chance
Itr 18, LL= -3935602.973286 (106.910171). Anneal status: T=12.71, dE=7.01, candidate was rejected
Itr 19, LL= -3935234.597761 (93.600784). Anneal status: T=12.71, dE=4.59, candidate was chosen by chance
Itr 20, LL= -3934923.801868 (78.977729). Anneal status: T=12.71, dE=50.25, candidate was rejected
Itr 21, LL= -3934625.342330 (75.848874). Anneal status: T=11.30, dE=13.77, candidate was rejected
Itr 22, LL= -3934373.942200 (63.894300). Anneal status: T=11.30, dE=7.69, candidate was chosen by chance
Itr 23, LL= -3934122.708697 (63.856031). Anneal status: T=11.30, dE=24.51, candidate was rejected
Itr 24, LL= -3933918.859102 (51.815769). Anneal status: T=11.30, dE=10.83, candidate was rejected
Itr 25, LL= -3933788.904262 (33.034449). Anneal status: T=11.30, dE=9.64, candidate was chosen by chance
Itr 26, LL= -3933666.611132 (31.087873). Anneal status: T=9.89, dE=17.53, candidate was rejected
Itr 27, LL= -3933549.408971 (29.794635). Anneal status: T=9.89, dE=6.14, candidate was rejected
Itr 28, LL= -3933475.079274 (18.896343). Anneal status: T=9.89, dE=46.11, candidate was rejected
Itr 29, LL= -3933398.672374 (19.424783). Anneal status: T=9.89, dE=29.15, candidate was rejected
Itr 30, LL= -3933334.986896 (16.190954). Anneal status: T=9.89, dE=28.62, candidate was rejected
Itr 31, LL= -3933270.940080 (16.283082). Anneal status: T=8.47, dE=6.57, candidate was rejected
Itr 32, LL= -3933227.974225 (10.923696). Anneal status: T=8.47, dE=95.81, candidate was rejected
Itr 33, LL= -3933175.640958 (13.305424). Anneal status: T=8.47, dE=21.74, candidate was rejected
Itr 34, LL= -3933100.650245 (19.066200). Anneal status: T=8.47, dE=44.39, candidate was rejected
Itr 35, LL= -3933047.780282 (13.442311). Anneal status: T=8.47, dE=24.97, candidate was rejected
Itr 36, LL= -3932986.885838 (15.482762). Anneal status: T=7.06, dE=58.32, candidate was rejected
Itr 37, LL= -3932911.352110 (19.205182). Anneal status: T=7.06, dE=23.89, candidate was rejected
Itr 38, LL= -3932842.950879 (17.392009). Anneal status: T=7.06, dE=8.02, candidate was rejected
Itr 39, LL= -3932801.288955 (10.593335). Anneal status: T=7.06, dE=27.12, candidate was rejected
Itr 40, LL= -3932770.964262 (7.710711). Anneal status: T=7.06, dE=28.57, candidate was rejected
Itr 41, LL= -3932740.265083 (7.805992). Anneal status: T=5.65, dE=5.48, candidate was chosen by chance
Itr 42, LL= -3932679.206767 (15.525642). Anneal status: T=5.65, dE=3.93, candidate was chosen by chance
Itr 43, LL= -3932606.711954 (18.433950). Anneal status: T=5.65, dE=25.12, candidate was rejected
Itr 44, LL= -3932564.290446 (10.787122). Anneal status: T=5.65, dE=1.69, candidate was chosen by chance
Itr 45, LL= -3932516.962127 (12.034977). Anneal status: T=5.65, dE=10.57, candidate was rejected
Itr 46, LL= -3932484.071172 (8.363843). Anneal status: T=4.24, dE=8.12, candidate was rejected
Itr 47, LL= -3932464.406655 (5.000533). Anneal status: T=4.24, dE=27.70, candidate was rejected
Itr 48, LL= -3932446.185121 (4.633617). Anneal status: T=4.24, dE=66.61, candidate was rejected
Itr 49, LL= -3932422.800252 (5.946647). Anneal status: T=4.24, dE=46.96, candidate was rejected
Itr 50, LL= -3932402.905223 (5.059229). Anneal status: T=4.24, dE=39.16, candidate was rejected
Itr 51, LL= -3932387.557086 (3.902992). Anneal status: T=2.82, dE=5.42, candidate was rejected
Itr 52, LL= -3932379.201846 (2.124724). Anneal status: T=2.82, dE=21.30, candidate was rejected
Itr 53, LL= -3932354.520428 (6.276459). Anneal status: T=2.82, dE=5.27, candidate was rejected
Itr 54, LL= -3932318.063387 (9.271046). Anneal status: T=2.82, dE=15.09, candidate was rejected
Itr 55, LL= -3932298.932003 (4.865167). Anneal status: T=2.82, dE=8.67, candidate was rejected
Itr 56, LL= -3932282.028429 (4.298649). Anneal status: T=1.41, dE=16.11, candidate was rejected
Itr 57, LL= -3932260.114396 (5.572854). Anneal status: T=1.41, dE=14.81, candidate was rejected
Itr 58, LL= -3932246.945338 (3.348979). Anneal status: T=1.41, dE=31.88, candidate was rejected
Itr 59, LL= -3932241.369496 (1.417979). Anneal status: T=1.41, dE=16.53, candidate was rejected
Itr 60, LL= -3932236.623133 (1.207037). Anneal status: T=1.41, dE=36.97, candidate was rejected
Itr 61, LL= -3932230.268443 (1.616050). Anneal status: T=0.00, dE=36.55, candidate was rejected
Itr 62, LL= -3932220.700453 (2.433222). Anneal status: T=0.00, dE=31.48, candidate was rejected
Itr 63, LL= -3932214.511993 (1.573782). Anneal status: T=0.00, dE=6.92, candidate was rejected
Itr 64, LL= -3932198.855455 (3.981608). Anneal status: T=0.00, dE=9.01, candidate was rejected
Itr 65, LL= -3932167.876785 (7.878205). Anneal status: T=0.00, dE=72.28, candidate was rejected
Itr 66, LL= -3932154.381930 (3.431912). Anneal status: T=0.00, dE=58.77, candidate was rejected
Itr 67, LL= -3932145.949098 (2.144583). Anneal status: T=0.00, dE=11.90, candidate was rejected
Itr 68, LL= -3932139.442623 (1.654688). Anneal status: T=0.00, dE=8.96, candidate was rejected
Itr 69, LL= -3932131.008616 (2.144890). Anneal status: T=0.00, dE=22.57, candidate was rejected
Itr 70, LL= -3932113.780461 (4.381379). Anneal status: T=0.00, dE=19.62, candidate was rejected
Itr 71, LL= -3932098.538630 (3.876244). Anneal status: T=0.00, dE=20.81, candidate was rejected
Itr 72, LL= -3932088.108288 (2.652615). Anneal status: T=0.00, dE=30.30, candidate was rejected
Itr 73, LL= -3932065.038791 (5.866984). Anneal status: T=0.00, dE=15.95, candidate was rejected
Itr 74, LL= -3932052.392455 (3.216207). Anneal status: T=0.00, dE=28.11, candidate was rejected
Itr 75, LL= -3932024.218479 (7.165209). Anneal status: T=0.00, dE=58.37, candidate was rejected
Itr 76, LL= -3932002.704574 (5.471458). Anneal status: T=0.00, dE=2.58, candidate was rejected
Itr 77, LL= -3931998.970011 (0.949787). Anneal status: T=0.00, dE=17.13, candidate was rejected
Itr 78, LL= -3931996.759532 (0.562177). Anneal status: T=0.00, dE=14.77, candidate was rejected
Itr 79, LL= -3931992.074724 (1.191458). Anneal status: T=0.00, dE=23.46, candidate was rejected
Itr 80, LL= -3931981.536331 (2.680166). Anneal status: T=0.00, dE=23.44, candidate was rejected
Itr 81, LL= -3931967.425276 (3.588790). Anneal status: T=0.00, dE=9.12, candidate was rejected
Itr 82, LL= -3931963.974209 (0.877695). Anneal status: T=0.00, dE=42.26, candidate was rejected
Itr 83, LL= -3931960.532752 (0.875251). Anneal status: T=0.00, dE=5.83, candidate was rejected
Itr 84, LL= -3931954.718802 (1.478639). Anneal status: T=0.00, dE=8.89, candidate was rejected
Itr 85, LL= -3931951.995230 (0.692676). Anneal status: T=0.00, dE=34.43, candidate was rejected
Itr 86, LL= -3931942.542041 (2.404198). Anneal status: T=0.00, dE=12.83, candidate was rejected
Itr 87, LL= -3931940.540666 (0.509004). Anneal status: T=0.00, dE=21.70, candidate was rejected
Itr 88, LL= -3931940.254002 (0.072907). Anneal status: T=0.00, dE=11.97, candidate was rejected
Itr 89, LL= -3931939.870686 (0.097488). Anneal status: T=0.00, dE=2.42, candidate was rejected
-- Annealing statistics:
Portion of times candidate was better: 0.000000
Portion of times candidate was chosen by chance: 0.123596
--
EM for 19 states, 131 emission nodes. 25 observed values.
            gibbs: 0
    nGibbsItrPcnt: 0.8000
     annealParams: {}
           maxItr: 500
      convergeEps: 1.0000e-06
           minItr: 5
       parametric: 0
        initprobs: []
      persistBias: 0
          obsVals: []

- Initalized simulated annealing with params:
                     type: 'linear'
    max_chance_accpetance: 0.2000
             min_duration: 5
        min_init_duration: 5
             max_duration: 11
              converge_th: 1.0000e-06

--
Itr 1, LL= -15323767.429707 (Inf). Anneal status: T=NaN, dE=37.90, collecting statistics
Itr 2, LL= -4172229.350166 (Inf). Anneal status: T=NaN, dE=-282.86, collecting statistics
Itr 3, LL= -4054842.813719 (Inf). Anneal status: T=NaN, dE=-129.40, collecting statistics
Itr 4, LL= -4003003.600131 (12784.518653). Anneal status: T=NaN, dE=-713.24, collecting statistics
Itr 5, LL= -3975101.807383 (6970.214253). Anneal status: T=NaN, dE=-274.50, collecting statistics
Itr 6, LL= -3960630.592349 (3640.464002). Anneal status: T=NaN, dE=-14.10, collecting statistics
Itr 7, LL= -3954267.074806 (1606.693024). Anneal status: T=NaN, dE=-25.55, collecting statistics
Itr 8, LL= -3950939.963669 (841.397679). Anneal status: T=NaN, dE=0.51, collecting statistics
Itr 9, LL= -3949106.665193 (464.015777). Anneal status: T=NaN, dE=-0.86, collecting statistics
Itr 10, LL= -3948024.703452 (273.976328). Anneal status: T=NaN, dE=46.86, collecting statistics
Itr 11, LL= -3947167.643509 (217.085760). Anneal status: T=4.92, dE=26.79, candidate was rejected
Itr 12, LL= -3946551.033647 (156.215777). Anneal status: T=4.92, dE=3.94, candidate was rejected
Itr 13, LL= -3946092.876203 (116.090592). Anneal status: T=4.92, dE=11.93, candidate was rejected
Itr 14, LL= -3945735.300971 (90.615007). Anneal status: T=4.92, dE=2.35, candidate was chosen by chance
Itr 15, LL= -3945458.064777 (70.262238). Anneal status: T=4.92, dE=13.26, candidate was rejected
Itr 16, LL= -3945203.535861 (64.511880). Anneal status: T=4.43, dE=4.00, candidate was rejected
Itr 17, LL= -3945008.280330 (49.491878). Anneal status: T=4.43, dE=34.70, candidate was rejected
Itr 18, LL= -3944822.010654 (47.216549). Anneal status: T=4.43, dE=8.02, candidate was rejected
Itr 19, LL= -3944639.139083 (46.357369). Anneal status: T=4.43, dE=139.74, candidate was rejected
Itr 20, LL= -3944490.737569 (37.621062). Anneal status: T=4.43, dE=5.60, candidate was rejected
Itr 21, LL= -3944374.605091 (29.441691). Anneal status: T=3.94, dE=44.43, candidate was rejected
Itr 22, LL= -3944257.898312 (29.588158). Anneal status: T=3.94, dE=9.06, candidate was rejected
Itr 23, LL= -3944134.945171 (31.172693). Anneal status: T=3.94, dE=4.47, candidate was rejected
Itr 24, LL= -3944033.210122 (25.794008). Anneal status: T=3.94, dE=4.95, candidate was chosen by chance
Itr 25, LL= -3943937.467985 (24.275185). Anneal status: T=3.94, dE=27.46, candidate was rejected
Itr 26, LL= -3943846.165563 (23.150069). Anneal status: T=3.45, dE=21.82, candidate was rejected
Itr 27, LL= -3943756.672665 (22.691782). Anneal status: T=3.45, dE=85.82, candidate was rejected
Itr 28, LL= -3943664.355659 (23.408393). Anneal status: T=3.45, dE=39.15, candidate was rejected
Itr 29, LL= -3943586.503167 (19.741156). Anneal status: T=3.45, dE=2.24, candidate was rejected
Itr 30, LL= -3943506.464652 (20.295869). Anneal status: T=3.45, dE=6.38, candidate was rejected
Itr 31, LL= -3943418.303222 (22.356101). Anneal status: T=2.95, dE=11.62, candidate was rejected
Itr 32, LL= -3943349.786401 (17.374982). Anneal status: T=2.95, dE=4.63, candidate was chosen by chance
Itr 33, LL= -3943271.258512 (19.914005). Anneal status: T=2.95, dE=10.38, candidate was rejected
Itr 34, LL= -3943214.282825 (14.448838). Anneal status: T=2.95, dE=16.15, candidate was rejected
Itr 35, LL= -3943153.543561 (15.403490). Anneal status: T=2.95, dE=63.33, candidate was rejected
Itr 36, LL= -3943079.765020 (18.710542). Anneal status: T=2.46, dE=6.36, candidate was rejected
Itr 37, LL= -3942994.208482 (21.697897). Anneal status: T=2.46, dE=21.44, candidate was rejected
Itr 38, LL= -3942929.667778 (16.368450). Anneal status: T=2.46, dE=9.98, candidate was rejected
Itr 39, LL= -3942884.444254 (11.469523). Anneal status: T=2.46, dE=23.72, candidate was rejected
Itr 40, LL= -3942832.892619 (13.074600). Anneal status: T=2.46, dE=9.28, candidate was rejected
Itr 41, LL= -3942762.605649 (17.826515). Anneal status: T=1.97, dE=25.45, candidate was rejected
Itr 42, LL= -3942693.143927 (17.617526). Anneal status: T=1.97, dE=20.14, candidate was rejected
Itr 43, LL= -3942608.033000 (21.587002). Anneal status: T=1.97, dE=10.98, candidate was rejected
Itr 44, LL= -3942529.892347 (19.819534). Anneal status: T=1.97, dE=36.35, candidate was rejected
Itr 45, LL= -3942453.643233 (19.340148). Anneal status: T=1.97, dE=17.51, candidate was rejected
Itr 46, LL= -3942386.188871 (17.109741). Anneal status: T=1.48, dE=6.24, candidate was rejected
Itr 47, LL= -3942317.236959 (17.489893). Anneal status: T=1.48, dE=1.34, candidate was chosen by chance
Itr 48, LL= -3942242.592377 (18.934190). Anneal status: T=1.48, dE=4.16, candidate was rejected
Itr 49, LL= -3942159.371473 (21.110041). Anneal status: T=1.48, dE=9.84, candidate was rejected
Itr 50, LL= -3942092.099769 (17.064684). Anneal status: T=1.48, dE=1.79, candidate was rejected
Itr 51, LL= -3942038.017273 (13.719237). Anneal status: T=0.98, dE=0.91, candidate was chosen by chance
Itr 52, LL= -3941986.296284 (13.120368). Anneal status: T=0.98, dE=10.85, candidate was rejected
Itr 53, LL= -3941911.838606 (18.888365). Anneal status: T=0.98, dE=5.43, candidate was rejected
Itr 54, LL= -3941754.969328 (39.795227). Anneal status: T=0.98, dE=8.09, candidate was rejected
Itr 55, LL= -3941553.598020 (51.086714). Anneal status: T=0.98, dE=2.10, candidate was rejected
Itr 56, LL= -3941414.245479 (35.354724). Anneal status: T=0.49, dE=3.41, candidate was rejected
Itr 57, LL= -3941315.914760 (24.948080). Anneal status: T=0.49, dE=12.48, candidate was rejected
Itr 58, LL= -3941229.260804 (21.986047). Anneal status: T=0.49, dE=18.45, candidate was rejected
Itr 59, LL= -3941138.236879 (23.095313). Anneal status: T=0.49, dE=7.55, candidate was rejected
Itr 60, LL= -3941060.474189 (19.731023). Anneal status: T=0.49, dE=56.35, candidate was rejected
Itr 61, LL= -3940998.773580 (15.655839). Anneal status: T=0.00, dE=60.22, candidate was rejected
Itr 62, LL= -3940939.737359 (14.980015). Anneal status: T=0.00, dE=24.04, candidate was rejected
Itr 63, LL= -3940887.431590 (13.272410). Anneal status: T=0.00, dE=8.59, candidate was rejected
Itr 64, LL= -3940845.150295 (10.728876). Anneal status: T=0.00, dE=18.52, candidate was rejected
Itr 65, LL= -3940811.247296 (8.602977). Anneal status: T=0.00, dE=15.45, candidate was rejected
Itr 66, LL= -3940766.439166 (11.370281). Anneal status: T=0.00, dE=7.12, candidate was rejected
Itr 67, LL= -3940711.573162 (13.922673). Anneal status: T=0.00, dE=38.97, candidate was rejected
Itr 68, LL= -3940661.789986 (12.633042). Anneal status: T=0.00, dE=12.09, candidate was rejected
Itr 69, LL= -3940618.709880 (10.932201). Anneal status: T=0.00, dE=43.04, candidate was rejected
Itr 70, LL= -3940580.709885 (9.643154). Anneal status: T=0.00, dE=28.60, candidate was rejected
Itr 71, LL= -3940554.601124 (6.625613). Anneal status: T=0.00, dE=13.20, candidate was rejected
Itr 72, LL= -3940527.128710 (6.971713). Anneal status: T=0.00, dE=17.01, candidate was rejected
Itr 73, LL= -3940490.592705 (9.271857). Anneal status: T=0.00, dE=4.73, candidate was rejected
Itr 74, LL= -3940471.918307 (4.739105). Anneal status: T=0.00, dE=43.63, candidate was rejected
Itr 75, LL= -3940456.462359 (3.922360). Anneal status: T=0.00, dE=12.04, candidate was rejected
Itr 76, LL= -3940440.895063 (3.950633). Anneal status: T=0.00, dE=66.94, candidate was rejected
Itr 77, LL= -3940420.245990 (5.240295). Anneal status: T=0.00, dE=2.91, candidate was rejected
Itr 78, LL= -3940405.005254 (3.867795). Anneal status: T=0.00, dE=26.89, candidate was rejected
Itr 79, LL= -3940389.580538 (3.914500). Anneal status: T=0.00, dE=19.40, candidate was rejected
Itr 80, LL= -3940380.293543 (2.356872). Anneal status: T=0.00, dE=50.04, candidate was rejected
Itr 81, LL= -3940373.896112 (1.623557). Anneal status: T=0.00, dE=9.88, candidate was rejected
Itr 82, LL= -3940363.039401 (2.755249). Anneal status: T=0.00, dE=11.50, candidate was rejected
Itr 83, LL= -3940353.874583 (2.325882). Anneal status: T=0.00, dE=20.09, candidate was rejected
Itr 84, LL= -3940347.094958 (1.720563). Anneal status: T=0.00, dE=15.71, candidate was rejected
Itr 85, LL= -3940340.834507 (1.588807). Anneal status: T=0.00, dE=6.40, candidate was rejected
Itr 86, LL= -3940336.524762 (1.093749). Anneal status: T=0.00, dE=25.76, candidate was rejected
Itr 87, LL= -3940333.066442 (0.877671). Anneal status: T=0.00, dE=41.85, candidate was rejected
Itr 88, LL= -3940314.808827 (4.633521). Anneal status: T=0.00, dE=42.52, candidate was rejected
Itr 89, LL= -3940282.770750 (8.130842). Anneal status: T=0.00, dE=18.51, candidate was rejected
Itr 90, LL= -3940267.749256 (3.812288). Anneal status: T=0.00, dE=9.65, candidate was rejected
Itr 91, LL= -3940258.365546 (2.381491). Anneal status: T=0.00, dE=10.43, candidate was rejected
Itr 92, LL= -3940240.366953 (4.567871). Anneal status: T=0.00, dE=20.19, candidate was rejected
Itr 93, LL= -3940216.899024 (5.955964). Anneal status: T=0.00, dE=6.47, candidate was rejected
Itr 94, LL= -3940207.797293 (2.309957). Anneal status: T=0.00, dE=6.94, candidate was rejected
Itr 95, LL= -3940198.618797 (2.329445). Anneal status: T=0.00, dE=10.13, candidate was rejected
Itr 96, LL= -3940193.881278 (1.202355). Anneal status: T=0.00, dE=18.21, candidate was rejected
Itr 97, LL= -3940189.336026 (1.153560). Anneal status: T=0.00, dE=15.20, candidate was rejected
Itr 98, LL= -3940182.600982 (1.709320). Anneal status: T=0.00, dE=6.63, candidate was rejected
Itr 99, LL= -3940176.173346 (1.631304). Anneal status: T=0.00, dE=67.76, candidate was rejected
Itr 100, LL= -3940171.932250 (1.076372). Anneal status: T=0.00, dE=2.96, candidate was rejected
Itr 101, LL= -3940164.940673 (1.774435). Anneal status: T=0.00, dE=4.77, candidate was rejected
Itr 102, LL= -3940152.897759 (3.056449). Anneal status: T=0.00, dE=22.85, candidate was rejected
Itr 103, LL= -3940146.716017 (1.568909). Anneal status: T=0.00, dE=45.95, candidate was rejected
Itr 104, LL= -3940135.998068 (2.720190). Anneal status: T=0.00, dE=11.17, candidate was rejected
Itr 105, LL= -3940131.295133 (1.193597). Anneal status: T=0.00, dE=25.08, candidate was rejected
Itr 106, LL= -3940120.642124 (2.703719). Anneal status: T=0.00, dE=98.43, candidate was rejected
Itr 107, LL= -3940110.089699 (2.678198). Anneal status: T=0.00, dE=7.79, candidate was rejected
Itr 108, LL= -3940097.055535 (3.308071). Anneal status: T=0.00, dE=24.89, candidate was rejected
Itr 109, LL= -3940089.569684 (1.899915). Anneal status: T=0.00, dE=21.52, candidate was rejected
Itr 110, LL= -3940077.019155 (3.185341). Anneal status: T=0.00, dE=21.49, candidate was rejected
Itr 111, LL= -3940066.897233 (2.568966). Anneal status: T=0.00, dE=31.83, candidate was rejected
Itr 112, LL= -3940061.156904 (1.456911). Anneal status: T=0.00, dE=30.15, candidate was rejected
Itr 113, LL= -3940054.092135 (1.793061). Anneal status: T=0.00, dE=6.76, candidate was rejected
Itr 114, LL= -3940043.085447 (2.793537). Anneal status: T=0.00, dE=3.39, candidate was rejected
Itr 115, LL= -3940030.462515 (3.203755). Anneal status: T=0.00, dE=20.53, candidate was rejected
Itr 116, LL= -3940024.640759 (1.477592). Anneal status: T=0.00, dE=32.79, candidate was rejected
Itr 117, LL= -3940017.149038 (1.901440). Anneal status: T=0.00, dE=30.86, candidate was rejected
Itr 118, LL= -3940012.755053 (1.115220). Anneal status: T=0.00, dE=29.18, candidate was rejected
Itr 119, LL= -3939999.520744 (3.358951). Anneal status: T=0.00, dE=8.27, candidate was rejected
Itr 120, LL= -3939996.024439 (0.887387). Anneal status: T=0.00, dE=14.81, candidate was rejected
Itr 121, LL= -3939989.473708 (1.662624). Anneal status: T=0.00, dE=58.62, candidate was rejected
Itr 122, LL= -3939985.450142 (1.021212). Anneal status: T=0.00, dE=2.51, candidate was rejected
Itr 123, LL= -3939982.437094 (0.764736). Anneal status: T=0.00, dE=12.71, candidate was rejected
Itr 124, LL= -3939979.588832 (0.722912). Anneal status: T=0.00, dE=2.96, candidate was rejected
Itr 125, LL= -3939978.510080 (0.273796). Anneal status: T=0.00, dE=4.07, candidate was rejected
-- Annealing statistics:
Portion of times candidate was better: 0.000000
Portion of times candidate was chosen by chance: 0.040000
--
Your MATLAB session has timed out.  All license keys have been returned.
EM for 19 states, 131 emission nodes. 25 observed values.
            gibbs: 0
    nGibbsItrPcnt: 0.8000
     annealParams: {}
           maxItr: 500
      convergeEps: 1.0000e-06
           minItr: 5
       parametric: 0
        initprobs: []
      persistBias: 0
          obsVals: []

- Initalized simulated annealing with params:
                     type: 'linear'
    max_chance_accpetance: 0.2000
             min_duration: 5
        min_init_duration: 5
             max_duration: 11
              converge_th: 1.0000e-06

--
Itr 1, LL= -15226315.180361 (Inf). Anneal status: T=NaN, dE=-43.45, collecting statistics
Itr 2, LL= -4151725.071171 (Inf). Anneal status: T=NaN, dE=-1051.47, collecting statistics
Itr 3, LL= -4036694.979246 (Inf). Anneal status: T=NaN, dE=-102.27, collecting statistics
Itr 4, LL= -3994291.392997 (10504.530678). Anneal status: T=NaN, dE=-461.86, collecting statistics
Itr 5, LL= -3974338.126786 (4995.445812). Anneal status: T=NaN, dE=-20.75, collecting statistics
Itr 6, LL= -3965597.062550 (2199.376086). Anneal status: T=NaN, dE=90.50, collecting statistics
Itr 7, LL= -3961694.187071 (984.183571). Anneal status: T=NaN, dE=-4.70, collecting statistics
Itr 8, LL= -3959503.841980 (552.880911). Anneal status: T=NaN, dE=-0.14, collecting statistics
Itr 9, LL= -3958007.463231 (377.920772). Anneal status: T=NaN, dE=-1.17, collecting statistics
Itr 10, LL= -3956940.580931 (269.550351). Anneal status: T=NaN, dE=1.54, collecting statistics
Itr 11, LL= -3956115.988933 (208.391302). Anneal status: T=NaN, dE=0.86, collecting statistics
Itr 12, LL= -3955545.225779 (144.273615). Anneal status: T=1.06, dE=5.27, candidate was rejected
Itr 13, LL= -3955047.441936 (125.844558). Anneal status: T=1.06, dE=24.94, candidate was rejected
Itr 14, LL= -3954574.063254 (119.689761). Anneal status: T=1.06, dE=6.13, candidate was rejected
Itr 15, LL= -3954192.963659 (96.369315). Anneal status: T=1.06, dE=5.53, candidate was rejected
Itr 16, LL= -3953848.274642 (87.170510). Anneal status: T=1.06, dE=8.41, candidate was rejected
Itr 17, LL= -3953555.135709 (74.140157). Anneal status: T=0.95, dE=39.34, candidate was rejected
Itr 18, LL= -3953312.588390 (61.349168). Anneal status: T=0.95, dE=23.07, candidate was rejected
Itr 19, LL= -3953067.533876 (61.987133). Anneal status: T=0.95, dE=4.42, candidate was rejected
Itr 20, LL= -3952842.315109 (56.973165). Anneal status: T=0.95, dE=46.15, candidate was rejected
Itr 21, LL= -3952637.591081 (51.791600). Anneal status: T=0.95, dE=69.80, candidate was rejected
Itr 22, LL= -3952415.505381 (56.186709). Anneal status: T=0.85, dE=14.17, candidate was rejected
Itr 23, LL= -3952189.154109 (57.269099). Anneal status: T=0.85, dE=9.89, candidate was rejected
Itr 24, LL= -3951935.648764 (64.143019). Anneal status: T=0.85, dE=41.74, candidate was rejected
Itr 25, LL= -3951615.260978 (81.071104). Anneal status: T=0.85, dE=39.95, candidate was rejected
Itr 26, LL= -3951257.991200 (90.411074). Anneal status: T=0.85, dE=39.34, candidate was rejected
Itr 27, LL= -3950942.140278 (79.936801). Anneal status: T=0.74, dE=22.66, candidate was rejected
Itr 28, LL= -3950679.879422 (66.379321). Anneal status: T=0.74, dE=16.04, candidate was rejected
Itr 29, LL= -3950488.630673 (48.409072). Anneal status: T=0.74, dE=4.90, candidate was rejected
Itr 30, LL= -3950343.075906 (36.844750). Anneal status: T=0.74, dE=121.69, candidate was rejected
Itr 31, LL= -3950161.254993 (46.026613). Anneal status: T=0.74, dE=27.13, candidate was rejected
Itr 32, LL= -3949974.084940 (47.382889). Anneal status: T=0.63, dE=3.19, candidate was rejected
Itr 33, LL= -3949829.844259 (36.516868). Anneal status: T=0.63, dE=9.77, candidate was rejected
Itr 34, LL= -3949664.316329 (41.907610). Anneal status: T=0.63, dE=5.42, candidate was rejected
Itr 35, LL= -3949501.883655 (41.125691). Anneal status: T=0.63, dE=13.88, candidate was rejected
Itr 36, LL= -3949373.119583 (32.602611). Anneal status: T=0.63, dE=9.35, candidate was rejected
Itr 37, LL= -3949268.506656 (26.488489). Anneal status: T=0.53, dE=115.16, candidate was rejected
Itr 38, LL= -3949163.174814 (26.671228). Anneal status: T=0.53, dE=53.15, candidate was rejected
Itr 39, LL= -3949056.182320 (27.092447). Anneal status: T=0.53, dE=2.08, candidate was rejected
Itr 40, LL= -3948923.397565 (33.624428). Anneal status: T=0.53, dE=6.11, candidate was rejected
Itr 41, LL= -3948827.852381 (24.195249). Anneal status: T=0.53, dE=7.07, candidate was rejected
Itr 42, LL= -3948752.936455 (18.971687). Anneal status: T=0.42, dE=10.94, candidate was rejected
Itr 43, LL= -3948671.982137 (20.501236). Anneal status: T=0.42, dE=12.77, candidate was rejected
Itr 44, LL= -3948596.339937 (19.156365). Anneal status: T=0.42, dE=33.56, candidate was rejected
Itr 45, LL= -3948537.162568 (14.986938). Anneal status: T=0.42, dE=2.71, candidate was rejected
Itr 46, LL= -3948464.260336 (18.463099). Anneal status: T=0.42, dE=9.55, candidate was rejected
Itr 47, LL= -3948390.790520 (18.607188). Anneal status: T=0.32, dE=25.80, candidate was rejected
Itr 48, LL= -3948279.140767 (28.277280). Anneal status: T=0.32, dE=3.51, candidate was rejected
Itr 49, LL= -3948183.588962 (24.200874). Anneal status: T=0.32, dE=7.41, candidate was rejected
Itr 50, LL= -3948116.837751 (16.906815). Anneal status: T=0.32, dE=10.36, candidate was rejected
Itr 51, LL= -3948056.453193 (15.294522). Anneal status: T=0.32, dE=28.43, candidate was rejected
Itr 52, LL= -3947986.709912 (17.665219). Anneal status: T=0.21, dE=23.02, candidate was rejected
Itr 53, LL= -3947878.632563 (27.375307). Anneal status: T=0.21, dE=5.33, candidate was rejected
Itr 54, LL= -3947759.493819 (30.177914). Anneal status: T=0.21, dE=7.83, candidate was rejected
Itr 55, LL= -3947700.257664 (15.005006). Anneal status: T=0.21, dE=48.37, candidate was rejected
Itr 56, LL= -3947627.899709 (18.329141). Anneal status: T=0.21, dE=3.59, candidate was rejected
Itr 57, LL= -3947561.754444 (16.755699). Anneal status: T=0.11, dE=33.05, candidate was rejected
Itr 58, LL= -3947446.120572 (29.292480). Anneal status: T=0.11, dE=133.39, candidate was rejected
Itr 59, LL= -3947309.514019 (34.606312). Anneal status: T=0.11, dE=1.37, candidate was rejected
Itr 60, LL= -3947269.001024 (10.263445). Anneal status: T=0.11, dE=32.84, candidate was rejected
Itr 61, LL= -3947231.761196 (9.434327). Anneal status: T=0.11, dE=18.47, candidate was rejected
Itr 62, LL= -3947205.562801 (6.637157). Anneal status: T=0.00, dE=42.01, candidate was rejected
Itr 63, LL= -3947183.056800 (5.701756). Anneal status: T=0.00, dE=11.36, candidate was rejected
Itr 64, LL= -3947150.402392 (8.272839). Anneal status: T=0.00, dE=27.06, candidate was rejected
Itr 65, LL= -3947108.730420 (10.557483). Anneal status: T=0.00, dE=3.81, candidate was rejected
Itr 66, LL= -3947077.691841 (7.863624). Anneal status: T=0.00, dE=8.65, candidate was rejected
Itr 67, LL= -3947050.064693 (6.999393). Anneal status: T=0.00, dE=3.56, candidate was rejected
Itr 68, LL= -3947030.455465 (4.968072). Anneal status: T=0.00, dE=7.95, candidate was rejected
Itr 69, LL= -3946980.157169 (12.743326). Anneal status: T=0.00, dE=4.30, candidate was rejected
Itr 70, LL= -3946927.341909 (13.381182). Anneal status: T=0.00, dE=4.56, candidate was rejected
Itr 71, LL= -3946906.077168 (5.387670). Anneal status: T=0.00, dE=6.71, candidate was rejected
Itr 72, LL= -3946872.808949 (8.428936). Anneal status: T=0.00, dE=13.63, candidate was rejected
Itr 73, LL= -3946831.616553 (10.436717). Anneal status: T=0.00, dE=12.41, candidate was rejected
Itr 74, LL= -3946803.741711 (7.062587). Anneal status: T=0.00, dE=34.87, candidate was rejected
Itr 75, LL= -3946785.559802 (4.606743). Anneal status: T=0.00, dE=22.81, candidate was rejected
Itr 76, LL= -3946774.989489 (2.678208). Anneal status: T=0.00, dE=40.92, candidate was rejected
Itr 77, LL= -3946756.002189 (4.810839). Anneal status: T=0.00, dE=2.91, candidate was rejected
Itr 78, LL= -3946739.458873 (4.191624). Anneal status: T=0.00, dE=8.71, candidate was rejected
Itr 79, LL= -3946732.727029 (1.705672). Anneal status: T=0.00, dE=28.57, candidate was rejected
Itr 80, LL= -3946726.151248 (1.666133). Anneal status: T=0.00, dE=16.95, candidate was rejected
Itr 81, LL= -3946708.442231 (4.487014). Anneal status: T=0.00, dE=3.91, candidate was rejected
Itr 82, LL= -3946679.828622 (7.249993). Anneal status: T=0.00, dE=3.42, candidate was rejected
Itr 83, LL= -3946645.758231 (8.632672). Anneal status: T=0.00, dE=1.83, candidate was rejected
Itr 84, LL= -3946622.306715 (5.942138). Anneal status: T=0.00, dE=21.68, candidate was rejected
Itr 85, LL= -3946600.733924 (5.466140). Anneal status: T=0.00, dE=1.99, candidate was rejected
Itr 86, LL= -3946570.000605 (7.787289). Anneal status: T=0.00, dE=2.60, candidate was rejected
Itr 87, LL= -3946559.282654 (2.715763). Anneal status: T=0.00, dE=19.20, candidate was rejected
Itr 88, LL= -3946554.533254 (1.203428). Anneal status: T=0.00, dE=7.61, candidate was rejected
Itr 89, LL= -3946552.490886 (0.517507). Anneal status: T=0.00, dE=5.80, candidate was rejected
Itr 90, LL= -3946543.734905 (2.218640). Anneal status: T=0.00, dE=3.59, candidate was rejected
Itr 91, LL= -3946536.581236 (1.812642). Anneal status: T=0.00, dE=26.22, candidate was rejected
Itr 92, LL= -3946524.733095 (3.002162). Anneal status: T=0.00, dE=14.33, candidate was rejected
Itr 93, LL= -3946510.259792 (3.667354). Anneal status: T=0.00, dE=6.98, candidate was rejected
Itr 94, LL= -3946490.867856 (4.913692). Anneal status: T=0.00, dE=4.27, candidate was rejected
Itr 95, LL= -3946479.601339 (2.854819). Anneal status: T=0.00, dE=18.51, candidate was rejected
Itr 96, LL= -3946470.240147 (2.372036). Anneal status: T=0.00, dE=2.57, candidate was rejected
Itr 97, LL= -3946452.592876 (4.471659). Anneal status: T=0.00, dE=3.90, candidate was rejected
Itr 98, LL= -3946446.216674 (1.615679). Anneal status: T=0.00, dE=18.12, candidate was rejected
Itr 99, LL= -3946438.793103 (1.881078). Anneal status: T=0.00, dE=37.81, candidate was rejected
Itr 100, LL= -3946419.551368 (4.875721). Anneal status: T=0.00, dE=11.76, candidate was rejected
Itr 101, LL= -3946404.223561 (3.883978). Anneal status: T=0.00, dE=30.89, candidate was rejected
Itr 102, LL= -3946399.068272 (1.306326). Anneal status: T=0.00, dE=39.22, candidate was rejected
Itr 103, LL= -3946393.036090 (1.528528). Anneal status: T=0.00, dE=68.46, candidate was rejected
Itr 104, LL= -3946384.092698 (2.266219). Anneal status: T=0.00, dE=9.51, candidate was rejected
Itr 105, LL= -3946371.394755 (3.217615). Anneal status: T=0.00, dE=47.37, candidate was rejected
Itr 106, LL= -3946357.963509 (3.403442). Anneal status: T=0.00, dE=10.55, candidate was rejected
Itr 107, LL= -3946352.263198 (1.444449). Anneal status: T=0.00, dE=2.92, candidate was rejected
Itr 108, LL= -3946340.790289 (2.907219). Anneal status: T=0.00, dE=4.62, candidate was rejected
Itr 109, LL= -3946328.358778 (3.150136). Anneal status: T=0.00, dE=73.34, candidate was rejected
Itr 110, LL= -3946318.655884 (2.458714). Anneal status: T=0.00, dE=1.73, candidate was rejected
Itr 111, LL= -3946310.571426 (2.048607). Anneal status: T=0.00, dE=22.56, candidate was rejected
Itr 112, LL= -3946299.808420 (2.727359). Anneal status: T=0.00, dE=6.59, candidate was rejected
Itr 113, LL= -3946274.695789 (6.363589). Anneal status: T=0.00, dE=11.65, candidate was rejected
Itr 114, LL= -3946253.066215 (5.481011). Anneal status: T=0.00, dE=33.27, candidate was rejected
Itr 115, LL= -3946248.893167 (1.057471). Anneal status: T=0.00, dE=11.64, candidate was rejected
Itr 116, LL= -3946246.971504 (0.486959). Anneal status: T=0.00, dE=1.71, candidate was rejected
Itr 117, LL= -3946245.019897 (0.494548). Anneal status: T=0.00, dE=14.34, candidate was rejected
Itr 118, LL= -3946238.664754 (1.610428). Anneal status: T=0.00, dE=12.15, candidate was rejected
Itr 119, LL= -3946232.537120 (1.552778). Anneal status: T=0.00, dE=1.52, candidate was rejected
Itr 120, LL= -3946219.440943 (3.318653). Anneal status: T=0.00, dE=29.44, candidate was rejected
Itr 121, LL= -3946208.808236 (2.694403). Anneal status: T=0.00, dE=46.26, candidate was rejected
Itr 122, LL= -3946189.725942 (4.835602). Anneal status: T=0.00, dE=25.68, candidate was rejected
Itr 123, LL= -3946174.710339 (3.805089). Anneal status: T=0.00, dE=23.47, candidate was rejected
Itr 124, LL= -3946165.607835 (2.306665). Anneal status: T=0.00, dE=7.58, candidate was rejected
Itr 125, LL= -3946162.611769 (0.759235). Anneal status: T=0.00, dE=29.90, candidate was rejected
Itr 126, LL= -3946160.077372 (0.642243). Anneal status: T=0.00, dE=66.73, candidate was rejected
Itr 127, LL= -3946156.169002 (0.990424). Anneal status: T=0.00, dE=17.50, candidate was rejected
-- Annealing statistics:
Portion of times candidate was better: 0.000000
Portion of times candidate was chosen by chance: 0.000000
--
>> 