My SLURM_ARRAY_TASK_ID:  9

                            < M A T L A B (R) >
                  Copyright 1984-2014 The MathWorks, Inc.
                   R2014b (8.4.0.150421) 64-bit (glnxa64)
                             September 15, 2014

 
For online documentation, see http://www.mathworks.com/support
For product information, visit www.mathworks.com.
 
EM for 9 states, 131 emission nodes. 25 observed values.
            gibbs: 0
    nGibbsItrPcnt: 0.8000
     annealParams: {}
           maxItr: 500
      convergeEps: 1.0000e-06
           minItr: 5
       parametric: 0
        initprobs: []
      persistBias: 0
          obsVals: []

- Initalized simulated annealing with params:
                     type: 'linear'
    max_chance_accpetance: 0.2000
             min_duration: 5
        min_init_duration: 5
             max_duration: 11
              converge_th: 1.0000e-06

--
Itr 1, LL= -15455437.818844 (Inf). Anneal status: T=NaN, dE=-3495.08, collecting statistics
Itr 2, LL= -4153156.500420 (Inf). Anneal status: T=NaN, dE=-175.58, collecting statistics
Itr 3, LL= -4051714.387791 (Inf). Anneal status: T=NaN, dE=-1180.34, collecting statistics
Itr 4, LL= -4018801.567197 (8123.183780). Anneal status: T=NaN, dE=53.35, collecting statistics
Itr 5, LL= -4004855.360420 (3470.240206). Anneal status: T=NaN, dE=100.70, collecting statistics
Itr 6, LL= -3995639.219075 (2301.241996). Anneal status: T=NaN, dE=164.98, collecting statistics
Itr 7, LL= -3990961.226254 (1170.774578). Anneal status: T=11.63, dE=14.77, candidate was rejected
Itr 8, LL= -3988751.192002 (553.759891). Anneal status: T=11.63, dE=4.88, candidate was chosen by chance
Itr 9, LL= -3987386.295991 (342.186300). Anneal status: T=11.63, dE=36.55, candidate was rejected
Itr 10, LL= -3986296.236504 (273.376946). Anneal status: T=11.63, dE=94.02, candidate was rejected
Itr 11, LL= -3985267.049284 (258.181319). Anneal status: T=11.63, dE=18.93, candidate was rejected
Itr 12, LL= -3984389.586046 (220.176773). Anneal status: T=10.47, dE=15.63, candidate was rejected
Itr 13, LL= -3983666.511260 (181.476929). Anneal status: T=10.47, dE=54.50, candidate was rejected
Itr 14, LL= -3982993.341240 (168.982523). Anneal status: T=10.47, dE=24.21, candidate was rejected
Itr 15, LL= -3982500.300248 (123.786547). Anneal status: T=10.47, dE=30.02, candidate was rejected
Itr 16, LL= -3982150.539334 (87.824454). Anneal status: T=10.47, dE=15.98, candidate was rejected
Itr 17, LL= -3981980.453864 (42.711964). Anneal status: T=9.31, dE=92.44, candidate was rejected
Itr 18, LL= -3981772.403493 (52.247964). Anneal status: T=9.31, dE=19.91, candidate was rejected
Itr 19, LL= -3981617.379239 (38.933479). Anneal status: T=9.31, dE=36.89, candidate was rejected
Itr 20, LL= -3981505.740788 (28.038468). Anneal status: T=9.31, dE=6.75, candidate was rejected
Itr 21, LL= -3981432.408078 (18.418336). Anneal status: T=9.31, dE=25.94, candidate was rejected
Itr 22, LL= -3981397.961875 (8.651711). Anneal status: T=8.14, dE=1.72, candidate was chosen by chance
Itr 23, LL= -3981325.469023 (18.207889). Anneal status: T=8.14, dE=108.17, candidate was rejected
Itr 24, LL= -3981260.683953 (16.272237). Anneal status: T=8.14, dE=1.87, candidate was rejected
Itr 25, LL= -3981224.530551 (9.080893). Anneal status: T=8.14, dE=59.36, candidate was rejected
Itr 26, LL= -3981197.626624 (6.757701). Anneal status: T=8.14, dE=55.35, candidate was rejected
Itr 27, LL= -3981159.847395 (9.489413). Anneal status: T=6.98, dE=15.46, candidate was rejected
Itr 28, LL= -3981145.168635 (3.687056). Anneal status: T=6.98, dE=12.61, candidate was rejected
Itr 29, LL= -3981129.796944 (3.861123). Anneal status: T=6.98, dE=6.49, candidate was rejected
Itr 30, LL= -3981116.675955 (3.295795). Anneal status: T=6.98, dE=2.02, candidate was chosen by chance
Itr 31, LL= -3981120.728577 (-1.017961). Anneal status: T=6.98, dE=16.49, candidate was chosen by chance
Itr 32, LL= -3981096.143362 (6.175451). Anneal status: T=5.82, dE=8.06, candidate was rejected
Itr 33, LL= -3981083.437954 (3.191434). Anneal status: T=5.82, dE=23.21, candidate was rejected
Itr 34, LL= -3981067.666905 (3.961497). Anneal status: T=5.82, dE=4.99, candidate was rejected
Itr 35, LL= -3981057.895646 (2.454432). Anneal status: T=5.82, dE=20.37, candidate was rejected
Itr 36, LL= -3981043.582464 (3.595321). Anneal status: T=5.82, dE=58.38, candidate was rejected
Itr 37, LL= -3981031.307347 (3.083392). Anneal status: T=4.65, dE=29.71, candidate was rejected
Itr 38, LL= -3981027.714281 (0.902546). Anneal status: T=4.65, dE=30.79, candidate was rejected
Itr 39, LL= -3981024.577015 (0.788054). Anneal status: T=4.65, dE=24.36, candidate was rejected
Itr 40, LL= -3981018.875067 (1.432281). Anneal status: T=4.65, dE=131.84, candidate was rejected
Itr 41, LL= -3981014.274710 (1.155573). Anneal status: T=4.65, dE=171.19, candidate was rejected
Itr 42, LL= -3981012.641477 (0.410256). Anneal status: T=3.49, dE=7.14, candidate was rejected
Itr 43, LL= -3981010.011326 (0.660674). Anneal status: T=3.49, dE=91.63, candidate was rejected
Itr 44, LL= -3981006.328756 (0.925034). Anneal status: T=3.49, dE=38.36, candidate was rejected
-- Annealing statistics:
Portion of times candidate was better: 0.000000
Portion of times candidate was chosen by chance: 0.090909
--
EM for 9 states, 131 emission nodes. 25 observed values.
            gibbs: 0
    nGibbsItrPcnt: 0.8000
     annealParams: {}
           maxItr: 500
      convergeEps: 1.0000e-06
           minItr: 5
       parametric: 0
        initprobs: []
      persistBias: 0
          obsVals: []

- Initalized simulated annealing with params:
                     type: 'linear'
    max_chance_accpetance: 0.2000
             min_duration: 5
        min_init_duration: 5
             max_duration: 11
              converge_th: 1.0000e-06

--
Itr 1, LL= -15293791.439342 (Inf). Anneal status: T=NaN, dE=116.59, collecting statistics
Itr 2, LL= -4179690.345403 (Inf). Anneal status: T=NaN, dE=-779.89, collecting statistics
Itr 3, LL= -4087133.513116 (Inf). Anneal status: T=NaN, dE=-449.03, collecting statistics
Itr 4, LL= -4049894.347445 (9111.316171). Anneal status: T=NaN, dE=-771.01, collecting statistics
Itr 5, LL= -4026669.558254 (5734.665450). Anneal status: T=NaN, dE=39.20, collecting statistics
Itr 6, LL= -4014108.301050 (3119.515277). Anneal status: T=NaN, dE=0.91, collecting statistics
Itr 7, LL= -4006998.420245 (1771.222965). Anneal status: T=8.20, dE=13.60, candidate was rejected
Itr 8, LL= -4002439.170739 (1137.821638). Anneal status: T=8.20, dE=155.65, candidate was rejected
Itr 9, LL= -3999263.718095 (793.379364). Anneal status: T=8.20, dE=18.51, candidate was rejected
Itr 10, LL= -3996832.442684 (607.930755). Anneal status: T=8.20, dE=7.23, candidate was chosen by chance
Itr 11, LL= -3994957.631388 (469.074279). Anneal status: T=8.20, dE=7.76, candidate was rejected
Itr 12, LL= -3993279.141860 (420.152022). Anneal status: T=7.38, dE=53.85, candidate was rejected
Itr 13, LL= -3991980.191307 (325.284185). Anneal status: T=7.38, dE=30.11, candidate was rejected
Itr 14, LL= -3990901.383477 (270.243783). Anneal status: T=7.38, dE=45.20, candidate was rejected
Itr 15, LL= -3989960.816208 (235.677903). Anneal status: T=7.38, dE=78.22, candidate was rejected
Itr 16, LL= -3989109.762495 (213.298765). Anneal status: T=7.38, dE=6.53, candidate was chosen by chance
Itr 17, LL= -3988390.952222 (180.193155). Anneal status: T=6.56, dE=3.70, candidate was rejected
Itr 18, LL= -3987829.576517 (140.752427). Anneal status: T=6.56, dE=8.35, candidate was rejected
Itr 19, LL= -3987365.555141 (116.359380). Anneal status: T=6.56, dE=30.36, candidate was rejected
Itr 20, LL= -3987007.819965 (89.717176). Anneal status: T=6.56, dE=64.83, candidate was rejected
Itr 21, LL= -3986700.680246 (77.035143). Anneal status: T=6.56, dE=37.72, candidate was rejected
Itr 22, LL= -3986382.684492 (79.764141). Anneal status: T=5.74, dE=18.12, candidate was rejected
Itr 23, LL= -3986093.710751 (72.490216). Anneal status: T=5.74, dE=149.42, candidate was rejected
Itr 24, LL= -3985836.134783 (64.618643). Anneal status: T=5.74, dE=44.33, candidate was rejected
Itr 25, LL= -3985627.302767 (52.393528). Anneal status: T=5.74, dE=50.59, candidate was rejected
Itr 26, LL= -3985408.132809 (54.990078). Anneal status: T=5.74, dE=34.48, candidate was rejected
Itr 27, LL= -3985185.112527 (55.959208). Anneal status: T=4.92, dE=8.15, candidate was rejected
Itr 28, LL= -3984913.908880 (68.052961). Anneal status: T=4.92, dE=105.55, candidate was rejected
Itr 29, LL= -3984675.962106 (59.711898). Anneal status: T=4.92, dE=34.01, candidate was rejected
Itr 30, LL= -3984412.367605 (66.152055). Anneal status: T=4.92, dE=24.08, candidate was rejected
Itr 31, LL= -3984145.468405 (66.985838). Anneal status: T=4.92, dE=14.92, candidate was rejected
Itr 32, LL= -3983841.077193 (76.400627). Anneal status: T=4.10, dE=72.96, candidate was rejected
Itr 33, LL= -3983571.281880 (67.722408). Anneal status: T=4.10, dE=16.93, candidate was rejected
Itr 34, LL= -3983325.230647 (61.766494). Anneal status: T=4.10, dE=17.25, candidate was rejected
Itr 35, LL= -3983058.855362 (66.872593). Anneal status: T=4.10, dE=5.26, candidate was rejected
Itr 36, LL= -3982768.135572 (72.989077). Anneal status: T=4.10, dE=54.27, candidate was rejected
Itr 37, LL= -3982514.156376 (63.769516). Anneal status: T=3.28, dE=23.64, candidate was rejected
Itr 38, LL= -3982347.986764 (41.724801). Anneal status: T=3.28, dE=51.22, candidate was rejected
Itr 39, LL= -3982196.123719 (38.134047). Anneal status: T=3.28, dE=12.62, candidate was rejected
Itr 40, LL= -3982086.375915 (27.559618). Anneal status: T=3.28, dE=4.70, candidate was rejected
Itr 41, LL= -3981970.679322 (29.054265). Anneal status: T=3.28, dE=3.32, candidate was rejected
Itr 42, LL= -3981871.830281 (24.824151). Anneal status: T=2.46, dE=86.55, candidate was rejected
Itr 43, LL= -3981770.987875 (25.325377). Anneal status: T=2.46, dE=12.23, candidate was rejected
Itr 44, LL= -3981674.921125 (24.126639). Anneal status: T=2.46, dE=158.57, candidate was rejected
Itr 45, LL= -3981535.451690 (35.027831). Anneal status: T=2.46, dE=44.21, candidate was rejected
Itr 46, LL= -3981418.139165 (29.464142). Anneal status: T=2.46, dE=25.03, candidate was rejected
Itr 47, LL= -3981296.995590 (30.427243). Anneal status: T=1.64, dE=164.28, candidate was rejected
Itr 48, LL= -3981185.782617 (27.933855). Anneal status: T=1.64, dE=47.87, candidate was rejected
Itr 49, LL= -3981083.238809 (25.757102). Anneal status: T=1.64, dE=47.41, candidate was rejected
Itr 50, LL= -3980976.367507 (26.844780). Anneal status: T=1.64, dE=2.59, candidate was rejected
Itr 51, LL= -3980929.507759 (11.770919). Anneal status: T=1.64, dE=30.88, candidate was rejected
Itr 52, LL= -3980901.578744 (7.015702). Anneal status: T=0.82, dE=9.92, candidate was rejected
Itr 53, LL= -3980839.523774 (15.588170). Anneal status: T=0.82, dE=52.44, candidate was rejected
Itr 54, LL= -3980783.549241 (14.060987). Anneal status: T=0.82, dE=2.28, candidate was rejected
Itr 55, LL= -3980728.865732 (13.736871). Anneal status: T=0.82, dE=24.38, candidate was rejected
Itr 56, LL= -3980692.887897 (9.038002). Anneal status: T=0.82, dE=3.16, candidate was rejected
Itr 57, LL= -3980663.300972 (7.432607). Anneal status: T=0.00, dE=39.15, candidate was rejected
Itr 58, LL= -3980590.434800 (18.305033). Anneal status: T=0.00, dE=103.67, candidate was rejected
Itr 59, LL= -3980553.664313 (9.237445). Anneal status: T=0.00, dE=85.96, candidate was rejected
Itr 60, LL= -3980505.210337 (12.172672). Anneal status: T=0.00, dE=16.87, candidate was rejected
Itr 61, LL= -3980457.798097 (11.911111). Anneal status: T=0.00, dE=7.12, candidate was rejected
Itr 62, LL= -3980419.242268 (9.686280). Anneal status: T=0.00, dE=48.58, candidate was rejected
Itr 63, LL= -3980396.125006 (5.807745). Anneal status: T=0.00, dE=93.71, candidate was rejected
Itr 64, LL= -3980372.707048 (5.883323). Anneal status: T=0.00, dE=12.73, candidate was rejected
Itr 65, LL= -3980357.288467 (3.873652). Anneal status: T=0.00, dE=47.82, candidate was rejected
Itr 66, LL= -3980327.392077 (7.510981). Anneal status: T=0.00, dE=0.53, candidate was rejected
Itr 67, LL= -3980300.534277 (6.747636). Anneal status: T=0.00, dE=0.60, candidate was rejected
Itr 68, LL= -3980286.704500 (3.474556). Anneal status: T=0.00, dE=40.44, candidate was rejected
Itr 69, LL= -3980282.866159 (0.964338). Anneal status: T=0.00, dE=63.69, candidate was rejected
Itr 70, LL= -3980277.491928 (1.350213). Anneal status: T=0.00, dE=6.59, candidate was rejected
Itr 71, LL= -3980252.320914 (6.323934). Anneal status: T=0.00, dE=3.69, candidate was rejected
Itr 72, LL= -3980235.189017 (4.304224). Anneal status: T=0.00, dE=10.21, candidate was rejected
Itr 73, LL= -3980220.678800 (3.645568). Anneal status: T=0.00, dE=70.49, candidate was rejected
Itr 74, LL= -3980207.272561 (3.368215). Anneal status: T=0.00, dE=32.87, candidate was rejected
Itr 75, LL= -3980199.313972 (1.999541). Anneal status: T=0.00, dE=2.44, candidate was rejected
Itr 76, LL= -3980187.209078 (3.041278). Anneal status: T=0.00, dE=46.99, candidate was rejected
Itr 77, LL= -3980170.430751 (4.215462). Anneal status: T=0.00, dE=34.53, candidate was rejected
Itr 78, LL= -3980149.379342 (5.289072). Anneal status: T=0.00, dE=2.13, candidate was rejected
Itr 79, LL= -3980140.134733 (2.322679). Anneal status: T=0.00, dE=29.71, candidate was rejected
Itr 80, LL= -3980121.231804 (4.749312). Anneal status: T=0.00, dE=18.68, candidate was rejected
Itr 81, LL= -3980103.799576 (4.379823). Anneal status: T=0.00, dE=17.37, candidate was rejected
Itr 82, LL= -3980088.472922 (3.850818). Anneal status: T=0.00, dE=2.59, candidate was rejected
Itr 83, LL= -3980063.034802 (6.391345). Anneal status: T=0.00, dE=52.68, candidate was rejected
Itr 84, LL= -3980027.684631 (8.881812). Anneal status: T=0.00, dE=11.96, candidate was rejected
Itr 85, LL= -3980008.771015 (4.752132). Anneal status: T=0.00, dE=85.37, candidate was rejected
Itr 86, LL= -3979994.238002 (3.651503). Anneal status: T=0.00, dE=42.81, candidate was rejected
Itr 87, LL= -3979983.120466 (2.793355). Anneal status: T=0.00, dE=21.40, candidate was rejected
Itr 88, LL= -3979979.479759 (0.914754). Anneal status: T=0.00, dE=45.87, candidate was rejected
Itr 89, LL= -3979972.897520 (1.653837). Anneal status: T=0.00, dE=46.98, candidate was rejected
Itr 90, LL= -3979966.282268 (1.662135). Anneal status: T=0.00, dE=5.98, candidate was rejected
Itr 91, LL= -3979951.183277 (3.793748). Anneal status: T=0.00, dE=36.98, candidate was rejected
Itr 92, LL= -3979945.203161 (1.502560). Anneal status: T=0.00, dE=4.86, candidate was rejected
Itr 93, LL= -3979940.842810 (1.095580). Anneal status: T=0.00, dE=36.94, candidate was rejected
Itr 94, LL= -3979933.413755 (1.866624). Anneal status: T=0.00, dE=5.66, candidate was rejected
Itr 95, LL= -3979919.397180 (3.521812). Anneal status: T=0.00, dE=61.45, candidate was rejected
Itr 96, LL= -3979903.806763 (3.917269). Anneal status: T=0.00, dE=82.68, candidate was rejected
Itr 97, LL= -3979898.404924 (1.357279). Anneal status: T=0.00, dE=9.55, candidate was rejected
Itr 98, LL= -3979885.665533 (3.200934). Anneal status: T=0.00, dE=12.40, candidate was rejected
Itr 99, LL= -3979881.177581 (1.127658). Anneal status: T=0.00, dE=2.19, candidate was rejected
Itr 100, LL= -3979869.479650 (2.939266). Anneal status: T=0.00, dE=71.75, candidate was rejected
Itr 101, LL= -3979859.796128 (2.433126). Anneal status: T=0.00, dE=19.94, candidate was rejected
Itr 102, LL= -3979857.006640 (0.700901). Anneal status: T=0.00, dE=21.02, candidate was rejected
Itr 103, LL= -3979851.080555 (1.489019). Anneal status: T=0.00, dE=8.19, candidate was rejected
Itr 104, LL= -3979844.475422 (1.659643). Anneal status: T=0.00, dE=22.51, candidate was rejected
Itr 105, LL= -3979835.279476 (2.310629). Anneal status: T=0.00, dE=25.33, candidate was rejected
Itr 106, LL= -3979820.044615 (3.828013). Anneal status: T=0.00, dE=69.28, candidate was rejected
Itr 107, LL= -3979804.336238 (3.947007). Anneal status: T=0.00, dE=38.59, candidate was rejected
Itr 108, LL= -3979796.666659 (1.927125). Anneal status: T=0.00, dE=3.59, candidate was rejected
Itr 109, LL= -3979788.001647 (2.177250). Anneal status: T=0.00, dE=40.84, candidate was rejected
Itr 110, LL= -3979772.163894 (3.979547). Anneal status: T=0.00, dE=34.69, candidate was rejected
Itr 111, LL= -3979767.544422 (1.160738). Anneal status: T=0.00, dE=27.36, candidate was rejected
Itr 112, LL= -3979764.787825 (0.692653). Anneal status: T=0.00, dE=44.06, candidate was rejected
Itr 113, LL= -3979757.463313 (1.840438). Anneal status: T=0.00, dE=12.96, candidate was rejected
Itr 114, LL= -3979756.734900 (0.183030). Anneal status: T=0.00, dE=25.58, candidate was rejected
Itr 115, LL= -3979755.875266 (0.216002). Anneal status: T=0.00, dE=7.58, candidate was rejected
Itr 116, LL= -3979753.956769 (0.482064). Anneal status: T=0.00, dE=94.96, candidate was rejected
-- Annealing statistics:
Portion of times candidate was better: 0.000000
Portion of times candidate was chosen by chance: 0.017241
--
EM for 9 states, 131 emission nodes. 25 observed values.
            gibbs: 0
    nGibbsItrPcnt: 0.8000
     annealParams: {}
           maxItr: 500
      convergeEps: 1.0000e-06
           minItr: 5
       parametric: 0
        initprobs: []
      persistBias: 0
          obsVals: []

- Initalized simulated annealing with params:
                     type: 'linear'
    max_chance_accpetance: 0.2000
             min_duration: 5
        min_init_duration: 5
             max_duration: 11
              converge_th: 1.0000e-06

--
Itr 1, LL= -15488891.610161 (Inf). Anneal status: T=NaN, dE=406.06, collecting statistics
Itr 2, LL= -4174933.070732 (Inf). Anneal status: T=NaN, dE=-313.45, collecting statistics
Itr 3, LL= -4069857.845760 (Inf). Anneal status: T=NaN, dE=470.55, collecting statistics
Itr 4, LL= -4040613.876464 (7185.501412). Anneal status: T=NaN, dE=-120.28, collecting statistics
Itr 5, LL= -4023114.271600 (4330.927280). Anneal status: T=NaN, dE=-247.07, collecting statistics
Itr 6, LL= -4012563.049625 (2622.650331). Anneal status: T=NaN, dE=-37.46, collecting statistics
Itr 7, LL= -4006128.164884 (1603.684394). Anneal status: T=NaN, dE=-74.46, collecting statistics
Itr 8, LL= -4001168.181145 (1238.099116). Anneal status: T=NaN, dE=-22.65, collecting statistics
Itr 9, LL= -3997675.170892 (872.997609). Anneal status: T=NaN, dE=-8.28, collecting statistics
Itr 10, LL= -3995371.222343 (576.322100). Anneal status: T=NaN, dE=70.53, collecting statistics
Itr 11, LL= -3993813.743549 (389.820797). Anneal status: T=14.03, dE=37.96, candidate was rejected
Itr 12, LL= -3992554.278695 (315.353929). Anneal status: T=14.03, dE=5.61, candidate was chosen by chance
Itr 13, LL= -3991510.389499 (261.458987). Anneal status: T=14.03, dE=21.81, candidate was chosen by chance
Itr 14, LL= -3990732.415051 (194.907284). Anneal status: T=14.03, dE=0.81, candidate was chosen by chance
Itr 15, LL= -3990177.340955 (139.090783). Anneal status: T=14.03, dE=15.79, candidate was rejected
Itr 16, LL= -3989741.886386 (109.131633). Anneal status: T=12.63, dE=28.15, candidate was rejected
Itr 17, LL= -3989441.987202 (75.167565). Anneal status: T=12.63, dE=3.01, candidate was rejected
Itr 18, LL= -3989269.196828 (43.311915). Anneal status: T=12.63, dE=41.04, candidate was rejected
Itr 19, LL= -3989139.913504 (32.407771). Anneal status: T=12.63, dE=3.75, candidate was chosen by chance
Itr 20, LL= -3989070.360806 (17.435512). Anneal status: T=12.63, dE=3.40, candidate was chosen by chance
Itr 21, LL= -3989017.043922 (13.365742). Anneal status: T=11.23, dE=4.18, candidate was chosen by chance
Itr 22, LL= -3988904.235368 (28.279787). Anneal status: T=11.23, dE=25.64, candidate was rejected
Itr 23, LL= -3988828.595513 (18.962565). Anneal status: T=11.23, dE=1.96, candidate was rejected
Itr 24, LL= -3988784.304941 (11.103654). Anneal status: T=11.23, dE=3.26, candidate was chosen by chance
Itr 25, LL= -3988735.038656 (12.351203). Anneal status: T=11.23, dE=4.58, candidate was rejected
Itr 26, LL= -3988718.927598 (4.039140). Anneal status: T=9.82, dE=25.21, candidate was rejected
Itr 27, LL= -3988695.591670 (5.850482). Anneal status: T=9.82, dE=24.53, candidate was rejected
Itr 28, LL= -3988670.946802 (6.178679). Anneal status: T=9.82, dE=38.60, candidate was rejected
Itr 29, LL= -3988650.764261 (5.059966). Anneal status: T=9.82, dE=50.64, candidate was rejected
Itr 30, LL= -3988639.990167 (2.701188). Anneal status: T=9.82, dE=43.52, candidate was rejected
Itr 31, LL= -3988632.683521 (1.831864). Anneal status: T=8.42, dE=3.40, candidate was chosen by chance
Itr 32, LL= -3988626.892549 (1.451869). Anneal status: T=8.42, dE=0.99, candidate was chosen by chance
Itr 33, LL= -3988614.715786 (3.052871). Anneal status: T=8.42, dE=1.47, candidate was chosen by chance
Itr 34, LL= -3988577.037495 (9.446460). Anneal status: T=8.42, dE=101.97, candidate was rejected
Itr 35, LL= -3988548.326026 (7.198424). Anneal status: T=8.42, dE=4.04, candidate was rejected
Itr 36, LL= -3988541.418126 (1.731933). Anneal status: T=7.02, dE=1.47, candidate was rejected
Itr 37, LL= -3988528.502235 (3.238249). Anneal status: T=7.02, dE=12.66, candidate was rejected
Itr 38, LL= -3988514.378705 (3.541038). Anneal status: T=7.02, dE=38.72, candidate was rejected
Itr 39, LL= -3988504.445044 (2.490567). Anneal status: T=7.02, dE=11.66, candidate was rejected
Itr 40, LL= -3988495.105835 (2.341531). Anneal status: T=7.02, dE=20.43, candidate was rejected
Itr 41, LL= -3988490.845977 (1.068036). Anneal status: T=5.61, dE=85.10, candidate was rejected
Itr 42, LL= -3988485.927202 (1.233242). Anneal status: T=5.61, dE=11.66, candidate was rejected
Itr 43, LL= -3988467.039038 (4.735673). Anneal status: T=5.61, dE=42.25, candidate was rejected
Itr 44, LL= -3988463.224329 (0.956435). Anneal status: T=5.61, dE=15.13, candidate was rejected
Itr 45, LL= -3988454.799240 (2.112365). Anneal status: T=5.61, dE=41.63, candidate was rejected
Itr 46, LL= -3988446.558173 (2.066230). Anneal status: T=4.21, dE=26.30, candidate was rejected
Itr 47, LL= -3988445.053381 (0.377288). Anneal status: T=4.21, dE=75.40, candidate was rejected
Itr 48, LL= -3988443.015042 (0.511061). Anneal status: T=4.21, dE=202.71, candidate was rejected
Itr 49, LL= -3988436.857002 (1.543971). Anneal status: T=4.21, dE=1.48, candidate was chosen by chance
Itr 50, LL= -3988433.444032 (0.855716). Anneal status: T=4.21, dE=26.26, candidate was rejected
Itr 51, LL= -3988432.314707 (0.283150). Anneal status: T=2.81, dE=30.06, candidate was rejected
Itr 52, LL= -3988425.702146 (1.657935). Anneal status: T=2.81, dE=205.08, candidate was rejected
Itr 53, LL= -3988422.287134 (0.856231). Anneal status: T=2.81, dE=47.91, candidate was rejected
Itr 54, LL= -3988409.373101 (3.237880). Anneal status: T=2.81, dE=20.54, candidate was rejected
Itr 55, LL= -3988409.142132 (0.057910). Anneal status: T=2.81, dE=1.68, candidate was chosen by chance
Itr 56, LL= -3988407.412465 (0.433673). Anneal status: T=1.40, dE=65.23, candidate was rejected
Itr 57, LL= -3988402.186665 (1.310247). Anneal status: T=1.40, dE=39.76, candidate was rejected
Itr 58, LL= -3988394.850399 (1.839400). Anneal status: T=1.40, dE=1.20, candidate was rejected
Itr 59, LL= -3988394.027836 (0.206239). Anneal status: T=1.40, dE=42.83, candidate was rejected
Itr 60, LL= -3988380.525131 (3.385499). Anneal status: T=1.40, dE=5.42, candidate was rejected
Itr 61, LL= -3988369.326638 (2.807780). Anneal status: T=0.00, dE=66.51, candidate was rejected
Itr 62, LL= -3988367.482716 (0.462325). Anneal status: T=0.00, dE=4.01, candidate was rejected
Itr 63, LL= -3988365.386725 (0.525526). Anneal status: T=0.00, dE=1.40, candidate was rejected
Itr 64, LL= -3988361.828626 (0.892120). Anneal status: T=0.00, dE=2.08, candidate was rejected
-- Annealing statistics:
Portion of times candidate was better: 0.000000
Portion of times candidate was chosen by chance: 0.187500
--
EM for 9 states, 131 emission nodes. 25 observed values.
            gibbs: 0
    nGibbsItrPcnt: 0.8000
     annealParams: {}
           maxItr: 500
      convergeEps: 1.0000e-06
           minItr: 5
       parametric: 0
        initprobs: []
      persistBias: 0
          obsVals: []

- Initalized simulated annealing with params:
                     type: 'linear'
    max_chance_accpetance: 0.2000
             min_duration: 5
        min_init_duration: 5
             max_duration: 11
              converge_th: 1.0000e-06

--
Itr 1, LL= -15440044.668938 (Inf). Anneal status: T=NaN, dE=275.21, collecting statistics
Itr 2, LL= -4162156.565806 (Inf). Anneal status: T=NaN, dE=532.76, collecting statistics
Itr 3, LL= -4066501.182223 (Inf). Anneal status: T=NaN, dE=-309.16, collecting statistics
Itr 4, LL= -4021101.587827 (11164.288995). Anneal status: T=NaN, dE=-321.76, collecting statistics
Itr 5, LL= -4002099.927560 (4725.486251). Anneal status: T=NaN, dE=190.38, collecting statistics
Itr 6, LL= -3995775.147149 (1580.365440). Anneal status: T=24.89, dE=18.59, candidate was rejected
Itr 7, LL= -3993001.083384 (694.249216). Anneal status: T=24.89, dE=61.45, candidate was rejected
Itr 8, LL= -3991172.606393 (457.920485). Anneal status: T=24.89, dE=-0.59, candidate was better
Itr 9, LL= -3989901.257681 (318.540148). Anneal status: T=24.89, dE=81.63, candidate was chosen by chance
Itr 10, LL= -3988811.608621 (273.101761). Anneal status: T=24.89, dE=46.66, candidate was rejected
Itr 11, LL= -3988050.534126 (190.802316). Anneal status: T=22.40, dE=43.85, candidate was rejected
Itr 12, LL= -3987446.365585 (151.494705). Anneal status: T=22.40, dE=6.19, candidate was rejected
Itr 13, LL= -3986929.822668 (129.542286). Anneal status: T=22.40, dE=73.77, candidate was rejected
Itr 14, LL= -3986499.100355 (108.033583). Anneal status: T=22.40, dE=26.49, candidate was rejected
Itr 15, LL= -3986168.436909 (82.945822). Anneal status: T=22.40, dE=19.62, candidate was chosen by chance
Itr 16, LL= -3985891.005569 (69.598499). Anneal status: T=19.91, dE=5.11, candidate was rejected
Itr 17, LL= -3985725.668383 (41.480609). Anneal status: T=19.91, dE=77.71, candidate was rejected
Itr 18, LL= -3985629.233932 (24.194954). Anneal status: T=19.91, dE=16.71, candidate was rejected
Itr 19, LL= -3985553.461340 (19.011450). Anneal status: T=19.91, dE=22.66, candidate was rejected
Itr 20, LL= -3985494.177749 (14.874620). Anneal status: T=19.91, dE=68.78, candidate was rejected
Itr 21, LL= -3985427.997562 (16.605265). Anneal status: T=17.42, dE=85.97, candidate was rejected
Itr 22, LL= -3985397.729007 (7.594806). Anneal status: T=17.42, dE=4.39, candidate was chosen by chance
Itr 23, LL= -3985387.376353 (2.597646). Anneal status: T=17.42, dE=26.20, candidate was chosen by chance
Itr 24, LL= -3985345.833042 (10.423908). Anneal status: T=17.42, dE=23.86, candidate was rejected
Itr 25, LL= -3985340.789138 (1.265612). Anneal status: T=17.42, dE=10.37, candidate was chosen by chance
Itr 26, LL= -3985317.696047 (5.794509). Anneal status: T=14.93, dE=54.07, candidate was rejected
Itr 27, LL= -3985295.283704 (5.623728). Anneal status: T=14.93, dE=82.29, candidate was rejected
Itr 28, LL= -3985279.709464 (3.907926). Anneal status: T=14.93, dE=28.42, candidate was rejected
Itr 29, LL= -3985286.361667 (-1.669193). Anneal status: T=14.93, dE=16.21, candidate was chosen by chance
Itr 30, LL= -3985281.055201 (1.331514). Anneal status: T=14.93, dE=29.49, candidate was chosen by chance
Itr 31, LL= -3985242.473527 (9.681042). Anneal status: T=12.44, dE=5.72, candidate was chosen by chance
Itr 32, LL= -3985225.829892 (4.176317). Anneal status: T=12.44, dE=3.22, candidate was chosen by chance
Itr 33, LL= -3985205.860097 (5.010957). Anneal status: T=12.44, dE=68.17, candidate was rejected
Itr 34, LL= -3985183.438635 (5.626174). Anneal status: T=12.44, dE=46.35, candidate was rejected
Itr 35, LL= -3985158.832454 (6.174416). Anneal status: T=12.44, dE=82.42, candidate was rejected
Itr 36, LL= -3985150.540161 (2.080794). Anneal status: T=9.95, dE=38.71, candidate was rejected
Itr 37, LL= -3985143.086454 (1.870370). Anneal status: T=9.95, dE=4.30, candidate was chosen by chance
Itr 38, LL= -3985132.540205 (2.646392). Anneal status: T=9.95, dE=30.77, candidate was rejected
Itr 39, LL= -3985124.708849 (1.965143). Anneal status: T=9.95, dE=58.44, candidate was rejected
Itr 40, LL= -3985116.445347 (2.073587). Anneal status: T=9.95, dE=16.70, candidate was chosen by chance
Itr 41, LL= -3985085.290943 (7.817690). Anneal status: T=7.47, dE=6.27, candidate was rejected
Itr 42, LL= -3985076.674979 (2.162052). Anneal status: T=7.47, dE=1.48, candidate was chosen by chance
Itr 43, LL= -3985070.216308 (1.620715). Anneal status: T=7.47, dE=19.10, candidate was rejected
Itr 44, LL= -3985066.037903 (1.048515). Anneal status: T=7.47, dE=20.98, candidate was rejected
Itr 45, LL= -3985064.242236 (0.450599). Anneal status: T=7.47, dE=9.13, candidate was rejected
Itr 46, LL= -3985063.423857 (0.205362). Anneal status: T=4.98, dE=70.38, candidate was rejected
Itr 47, LL= -3985062.676856 (0.187450). Anneal status: T=4.98, dE=18.25, candidate was rejected
-- Annealing statistics:
Portion of times candidate was better: 0.021277
Portion of times candidate was chosen by chance: 0.255319
--
>> 