My SLURM_ARRAY_TASK_ID:  21

                            < M A T L A B (R) >
                  Copyright 1984-2014 The MathWorks, Inc.
                   R2014b (8.4.0.150421) 64-bit (glnxa64)
                             September 15, 2014

 
For online documentation, see http://www.mathworks.com/support
For product information, visit www.mathworks.com.
 
EM for 21 states, 131 emission nodes. 25 observed values.
            gibbs: 0
    nGibbsItrPcnt: 0.8000
     annealParams: {}
           maxItr: 500
      convergeEps: 1.0000e-06
           minItr: 5
       parametric: 0
        initprobs: []
      persistBias: 0
          obsVals: []

- Initalized simulated annealing with params:
                     type: 'linear'
    max_chance_accpetance: 0.2000
             min_duration: 5
        min_init_duration: 5
             max_duration: 11
              converge_th: 1.0000e-06

--
Itr 1, LL= -15213935.393439 (Inf). Anneal status: T=NaN, dE=-844.25, collecting statistics
Itr 2, LL= -4150541.084519 (Inf). Anneal status: T=NaN, dE=-778.94, collecting statistics
Itr 3, LL= -4046953.432375 (Inf). Anneal status: T=NaN, dE=-3.89, collecting statistics
Itr 4, LL= -3997089.605939 (12321.324490). Anneal status: T=NaN, dE=-123.74, collecting statistics
Itr 5, LL= -3967723.140872 (7346.961905). Anneal status: T=NaN, dE=-240.43, collecting statistics
Itr 6, LL= -3953328.462121 (3627.944350). Anneal status: T=NaN, dE=30.17, collecting statistics
Itr 7, LL= -3945915.588595 (1875.096794). Anneal status: T=NaN, dE=-32.05, collecting statistics
Itr 8, LL= -3942035.904369 (983.215211). Anneal status: T=NaN, dE=1.41, collecting statistics
Itr 9, LL= -3939631.395118 (609.966350). Anneal status: T=NaN, dE=3.77, collecting statistics
Itr 10, LL= -3937755.226934 (476.229372). Anneal status: T=0.30, dE=27.45, candidate was rejected
Itr 11, LL= -3936319.651379 (364.566986). Anneal status: T=0.30, dE=35.99, candidate was rejected
Itr 12, LL= -3935166.943358 (292.839028). Anneal status: T=0.30, dE=44.47, candidate was rejected
Itr 13, LL= -3934247.947552 (233.534135). Anneal status: T=0.30, dE=4.79, candidate was rejected
Itr 14, LL= -3933467.303406 (198.422712). Anneal status: T=0.30, dE=6.78, candidate was rejected
Itr 15, LL= -3932799.381097 (169.804973). Anneal status: T=0.27, dE=5.64, candidate was rejected
Itr 16, LL= -3932321.465147 (121.520552). Anneal status: T=0.27, dE=8.33, candidate was rejected
Itr 17, LL= -3931932.084366 (99.020587). Anneal status: T=0.27, dE=102.38, candidate was rejected
Itr 18, LL= -3931567.395656 (92.750511). Anneal status: T=0.27, dE=27.17, candidate was rejected
Itr 19, LL= -3931236.263976 (84.223834). Anneal status: T=0.27, dE=12.43, candidate was rejected
Itr 20, LL= -3930904.320325 (84.437472). Anneal status: T=0.24, dE=21.05, candidate was rejected
Itr 21, LL= -3930626.321358 (70.721377). Anneal status: T=0.24, dE=6.28, candidate was rejected
Itr 22, LL= -3930420.662548 (52.322147). Anneal status: T=0.24, dE=31.20, candidate was rejected
Itr 23, LL= -3930224.035476 (50.026979). Anneal status: T=0.24, dE=5.86, candidate was rejected
Itr 24, LL= -3930055.263069 (42.942185). Anneal status: T=0.24, dE=4.26, candidate was rejected
Itr 25, LL= -3929879.868285 (44.629088). Anneal status: T=0.21, dE=18.79, candidate was rejected
Itr 26, LL= -3929711.538171 (42.833399). Anneal status: T=0.21, dE=14.82, candidate was rejected
Itr 27, LL= -3929586.457378 (31.829510). Anneal status: T=0.21, dE=10.02, candidate was rejected
Itr 28, LL= -3929496.116121 (22.990016). Anneal status: T=0.21, dE=13.90, candidate was rejected
Itr 29, LL= -3929401.079155 (24.185535). Anneal status: T=0.21, dE=6.59, candidate was rejected
Itr 30, LL= -3929306.518414 (24.064925). Anneal status: T=0.18, dE=19.23, candidate was rejected
Itr 31, LL= -3929215.527865 (23.156898). Anneal status: T=0.18, dE=28.92, candidate was rejected
Itr 32, LL= -3929120.785860 (24.112194). Anneal status: T=0.18, dE=12.48, candidate was rejected
Itr 33, LL= -3929009.852609 (28.233607). Anneal status: T=0.18, dE=34.14, candidate was rejected
Itr 34, LL= -3928918.565254 (23.234188). Anneal status: T=0.18, dE=55.14, candidate was rejected
Itr 35, LL= -3928804.162523 (29.118122). Anneal status: T=0.15, dE=7.31, candidate was rejected
Itr 36, LL= -3928703.733699 (25.562186). Anneal status: T=0.15, dE=9.51, candidate was rejected
Itr 37, LL= -3928628.794820 (19.074709). Anneal status: T=0.15, dE=17.93, candidate was rejected
Itr 38, LL= -3928545.878908 (21.105560). Anneal status: T=0.15, dE=15.62, candidate was rejected
Itr 39, LL= -3928494.164916 (13.163647). Anneal status: T=0.15, dE=22.72, candidate was rejected
Itr 40, LL= -3928450.966810 (10.996098). Anneal status: T=0.12, dE=52.49, candidate was rejected
Itr 41, LL= -3928407.277612 (11.121228). Anneal status: T=0.12, dE=9.27, candidate was rejected
Itr 42, LL= -3928351.603041 (14.172301). Anneal status: T=0.12, dE=15.16, candidate was rejected
Itr 43, LL= -3928308.719210 (10.916495). Anneal status: T=0.12, dE=22.96, candidate was rejected
Itr 44, LL= -3928264.780096 (11.185250). Anneal status: T=0.12, dE=9.75, candidate was rejected
Itr 45, LL= -3928223.213644 (10.581377). Anneal status: T=0.09, dE=13.68, candidate was rejected
Itr 46, LL= -3928165.666596 (14.649638). Anneal status: T=0.09, dE=26.48, candidate was rejected
Itr 47, LL= -3928106.546913 (15.050201). Anneal status: T=0.09, dE=63.71, candidate was rejected
Itr 48, LL= -3928045.199614 (15.617524). Anneal status: T=0.09, dE=11.06, candidate was rejected
Itr 49, LL= -3927997.914961 (12.037706). Anneal status: T=0.09, dE=6.61, candidate was rejected
Itr 50, LL= -3927913.153160 (21.578881). Anneal status: T=0.06, dE=9.45, candidate was rejected
Itr 51, LL= -3927865.616331 (12.102312). Anneal status: T=0.06, dE=23.62, candidate was rejected
Itr 52, LL= -3927824.481084 (10.472672). Anneal status: T=0.06, dE=7.12, candidate was rejected
Itr 53, LL= -3927778.965161 (11.588075). Anneal status: T=0.06, dE=13.79, candidate was rejected
Itr 54, LL= -3927711.074692 (17.284697). Anneal status: T=0.06, dE=40.61, candidate was rejected
Itr 55, LL= -3927675.357129 (9.093735). Anneal status: T=0.03, dE=22.87, candidate was rejected
Itr 56, LL= -3927645.668081 (7.558936). Anneal status: T=0.03, dE=6.86, candidate was rejected
Itr 57, LL= -3927609.616671 (9.178886). Anneal status: T=0.03, dE=4.71, candidate was rejected
Itr 58, LL= -3927570.247563 (10.023682). Anneal status: T=0.03, dE=23.79, candidate was rejected
Itr 59, LL= -3927532.454223 (9.622575). Anneal status: T=0.03, dE=7.48, candidate was rejected
Itr 60, LL= -3927513.831929 (4.741474). Anneal status: T=0.00, dE=43.41, candidate was rejected
Itr 61, LL= -3927497.322288 (4.203586). Anneal status: T=0.00, dE=5.01, candidate was rejected
Itr 62, LL= -3927475.319751 (5.602178). Anneal status: T=0.00, dE=4.03, candidate was rejected
Itr 63, LL= -3927454.508146 (5.298978). Anneal status: T=0.00, dE=34.99, candidate was rejected
Itr 64, LL= -3927409.121507 (11.556248). Anneal status: T=0.00, dE=33.18, candidate was rejected
Itr 65, LL= -3927371.473244 (9.586030). Anneal status: T=0.00, dE=22.76, candidate was rejected
Itr 66, LL= -3927342.957563 (7.260755). Anneal status: T=0.00, dE=37.57, candidate was rejected
Itr 67, LL= -3927330.222969 (3.242547). Anneal status: T=0.00, dE=32.33, candidate was rejected
Itr 68, LL= -3927321.523871 (2.215016). Anneal status: T=0.00, dE=5.55, candidate was rejected
Itr 69, LL= -3927309.110443 (3.160787). Anneal status: T=0.00, dE=3.13, candidate was rejected
Itr 70, LL= -3927277.982619 (7.925993). Anneal status: T=0.00, dE=23.20, candidate was rejected
Itr 71, LL= -3927248.191991 (7.585566). Anneal status: T=0.00, dE=8.28, candidate was rejected
Itr 72, LL= -3927217.759020 (7.749185). Anneal status: T=0.00, dE=37.79, candidate was rejected
Itr 73, LL= -3927198.175556 (4.986600). Anneal status: T=0.00, dE=10.51, candidate was rejected
Itr 74, LL= -3927188.403145 (2.488393). Anneal status: T=0.00, dE=44.63, candidate was rejected
Itr 75, LL= -3927182.550664 (1.490247). Anneal status: T=0.00, dE=6.61, candidate was rejected
Itr 76, LL= -3927178.901954 (0.929091). Anneal status: T=0.00, dE=17.80, candidate was rejected
Itr 77, LL= -3927175.528356 (0.859038). Anneal status: T=0.00, dE=14.82, candidate was rejected
Itr 78, LL= -3927161.500467 (3.572005). Anneal status: T=0.00, dE=4.12, candidate was rejected
Itr 79, LL= -3927151.049134 (2.661294). Anneal status: T=0.00, dE=6.84, candidate was rejected
Itr 80, LL= -3927132.744680 (4.661001). Anneal status: T=0.00, dE=21.20, candidate was rejected
Itr 81, LL= -3927118.375173 (3.659033). Anneal status: T=0.00, dE=26.59, candidate was rejected
Itr 82, LL= -3927108.635124 (2.480202). Anneal status: T=0.00, dE=7.49, candidate was rejected
Itr 83, LL= -3927099.043130 (2.442508). Anneal status: T=0.00, dE=16.29, candidate was rejected
Itr 84, LL= -3927091.262503 (1.981266). Anneal status: T=0.00, dE=10.06, candidate was rejected
Itr 85, LL= -3927086.439084 (1.228242). Anneal status: T=0.00, dE=35.15, candidate was rejected
Itr 86, LL= -3927077.031195 (2.395641). Anneal status: T=0.00, dE=9.39, candidate was rejected
Itr 87, LL= -3927058.080097 (4.825751). Anneal status: T=0.00, dE=8.69, candidate was rejected
Itr 88, LL= -3927038.183495 (5.066541). Anneal status: T=0.00, dE=11.13, candidate was rejected
Itr 89, LL= -3927026.582582 (2.954113). Anneal status: T=0.00, dE=6.76, candidate was rejected
Itr 90, LL= -3927010.232104 (4.163577). Anneal status: T=0.00, dE=28.66, candidate was rejected
Itr 91, LL= -3926990.196925 (5.101891). Anneal status: T=0.00, dE=76.84, candidate was rejected
Itr 92, LL= -3926974.967873 (3.878047). Anneal status: T=0.00, dE=8.83, candidate was rejected
Itr 93, LL= -3926967.456061 (1.912875). Anneal status: T=0.00, dE=18.72, candidate was rejected
Itr 94, LL= -3926960.997996 (1.644543). Anneal status: T=0.00, dE=30.50, candidate was rejected
Itr 95, LL= -3926942.639449 (4.675001). Anneal status: T=0.00, dE=23.18, candidate was rejected
Itr 96, LL= -3926901.662749 (10.434759). Anneal status: T=0.00, dE=10.75, candidate was rejected
Itr 97, LL= -3926871.009853 (7.805873). Anneal status: T=0.00, dE=10.67, candidate was rejected
Itr 98, LL= -3926863.826513 (1.829278). Anneal status: T=0.00, dE=24.92, candidate was rejected
Itr 99, LL= -3926853.111427 (2.728662). Anneal status: T=0.00, dE=10.22, candidate was rejected
Itr 100, LL= -3926845.605981 (1.911313). Anneal status: T=0.00, dE=39.87, candidate was rejected
Itr 101, LL= -3926833.161311 (3.169126). Anneal status: T=0.00, dE=30.07, candidate was rejected
Itr 102, LL= -3926813.089754 (5.111385). Anneal status: T=0.00, dE=35.28, candidate was rejected
Itr 103, LL= -3926807.636140 (1.388814). Anneal status: T=0.00, dE=19.85, candidate was rejected
Itr 104, LL= -3926803.650122 (1.015078). Anneal status: T=0.00, dE=17.22, candidate was rejected
Itr 105, LL= -3926796.943175 (1.707991). Anneal status: T=0.00, dE=3.22, candidate was rejected
Itr 106, LL= -3926785.488904 (2.916950). Anneal status: T=0.00, dE=26.63, candidate was rejected
Itr 107, LL= -3926780.292893 (1.323222). Anneal status: T=0.00, dE=18.85, candidate was rejected
Itr 108, LL= -3926774.101534 (1.576701). Anneal status: T=0.00, dE=22.01, candidate was rejected
Itr 109, LL= -3926763.774970 (2.629783). Anneal status: T=0.00, dE=16.65, candidate was rejected
Itr 110, LL= -3926755.559838 (2.092087). Anneal status: T=0.00, dE=7.51, candidate was rejected
Itr 111, LL= -3926748.673477 (1.753703). Anneal status: T=0.00, dE=38.39, candidate was rejected
Itr 112, LL= -3926743.125603 (1.412842). Anneal status: T=0.00, dE=31.86, candidate was rejected
Itr 113, LL= -3926736.277399 (1.743991). Anneal status: T=0.00, dE=11.45, candidate was rejected
Itr 114, LL= -3926733.291097 (0.760505). Anneal status: T=0.00, dE=8.88, candidate was rejected
Itr 115, LL= -3926731.879346 (0.359523). Anneal status: T=0.00, dE=7.73, candidate was rejected
Itr 116, LL= -3926730.541783 (0.340630). Anneal status: T=0.00, dE=6.93, candidate was rejected
-- Annealing statistics:
Portion of times candidate was better: 0.000000
Portion of times candidate was chosen by chance: 0.000000
--
EM for 21 states, 131 emission nodes. 25 observed values.
            gibbs: 0
    nGibbsItrPcnt: 0.8000
     annealParams: {}
           maxItr: 500
      convergeEps: 1.0000e-06
           minItr: 5
       parametric: 0
        initprobs: []
      persistBias: 0
          obsVals: []

- Initalized simulated annealing with params:
                     type: 'linear'
    max_chance_accpetance: 0.2000
             min_duration: 5
        min_init_duration: 5
             max_duration: 11
              converge_th: 1.0000e-06

--
Itr 1, LL= -15414373.507451 (Inf). Anneal status: T=NaN, dE=-711.46, collecting statistics
Itr 2, LL= -4164685.897854 (Inf). Anneal status: T=NaN, dE=-657.46, collecting statistics
Itr 3, LL= -4046595.021713 (Inf). Anneal status: T=NaN, dE=-344.37, collecting statistics
Itr 4, LL= -3998987.379438 (11764.864539). Anneal status: T=NaN, dE=-13.32, collecting statistics
Itr 5, LL= -3971161.842945 (6958.145614). Anneal status: T=NaN, dE=-356.25, collecting statistics
Itr 6, LL= -3955183.256563 (4023.655296). Anneal status: T=NaN, dE=-97.46, collecting statistics
Itr 7, LL= -3947468.556676 (1950.529062). Anneal status: T=NaN, dE=-0.96, collecting statistics
Itr 8, LL= -3943221.912108 (1075.789334). Anneal status: T=NaN, dE=66.92, collecting statistics
Itr 9, LL= -3940574.863101 (671.290905). Anneal status: T=NaN, dE=48.37, collecting statistics
Itr 10, LL= -3939072.931847 (381.145215). Anneal status: T=NaN, dE=42.42, collecting statistics
Itr 11, LL= -3938065.603234 (255.727332). Anneal status: T=21.22, dE=34.33, candidate was rejected
Itr 12, LL= -3937223.139843 (213.928227). Anneal status: T=21.22, dE=18.19, candidate was rejected
Itr 13, LL= -3936529.154184 (176.262720). Anneal status: T=21.22, dE=12.86, candidate was chosen by chance
Itr 14, LL= -3936010.322811 (131.799195). Anneal status: T=21.22, dE=19.04, candidate was chosen by chance
Itr 15, LL= -3935533.858430 (121.052625). Anneal status: T=21.22, dE=6.01, candidate was chosen by chance
Itr 16, LL= -3935113.120317 (106.907507). Anneal status: T=19.10, dE=12.77, candidate was chosen by chance
Itr 17, LL= -3934716.300305 (100.840815). Anneal status: T=19.10, dE=5.84, candidate was rejected
Itr 18, LL= -3934382.999999 (84.707583). Anneal status: T=19.10, dE=12.86, candidate was chosen by chance
Itr 19, LL= -3934068.094254 (80.039423). Anneal status: T=19.10, dE=13.55, candidate was chosen by chance
Itr 20, LL= -3933781.781556 (72.777769). Anneal status: T=19.10, dE=14.81, candidate was rejected
Itr 21, LL= -3933567.365398 (54.506368). Anneal status: T=16.98, dE=9.07, candidate was chosen by chance
Itr 22, LL= -3933349.404120 (55.410587). Anneal status: T=16.98, dE=69.85, candidate was rejected
Itr 23, LL= -3933158.206086 (48.609471). Anneal status: T=16.98, dE=12.50, candidate was chosen by chance
Itr 24, LL= -3932962.980906 (49.635730). Anneal status: T=16.98, dE=10.84, candidate was chosen by chance
Itr 25, LL= -3932774.588884 (47.900787). Anneal status: T=16.98, dE=26.27, candidate was rejected
Itr 26, LL= -3932634.317392 (35.667310). Anneal status: T=14.86, dE=6.18, candidate was chosen by chance
Itr 27, LL= -3932491.818552 (36.234958). Anneal status: T=14.86, dE=5.95, candidate was chosen by chance
Itr 28, LL= -3932340.277707 (38.535578). Anneal status: T=14.86, dE=39.44, candidate was rejected
Itr 29, LL= -3932200.638754 (35.510394). Anneal status: T=14.86, dE=8.70, candidate was rejected
Itr 30, LL= -3932108.476486 (23.437835). Anneal status: T=14.86, dE=14.45, candidate was rejected
Itr 31, LL= -3932008.290223 (25.479018). Anneal status: T=12.73, dE=42.25, candidate was rejected
Itr 32, LL= -3931902.305512 (26.954346). Anneal status: T=12.73, dE=45.22, candidate was rejected
Itr 33, LL= -3931830.882582 (18.164981). Anneal status: T=12.73, dE=23.77, candidate was chosen by chance
Itr 34, LL= -3931718.015084 (28.706092). Anneal status: T=12.73, dE=12.35, candidate was rejected
Itr 35, LL= -3931640.254530 (19.777755). Anneal status: T=12.73, dE=11.15, candidate was rejected
Itr 36, LL= -3931587.649228 (13.379989). Anneal status: T=10.61, dE=8.27, candidate was chosen by chance
Itr 37, LL= -3931515.048233 (18.466076). Anneal status: T=10.61, dE=14.84, candidate was rejected
Itr 38, LL= -3931452.911952 (15.804666). Anneal status: T=10.61, dE=16.18, candidate was rejected
Itr 39, LL= -3931369.925788 (21.108269). Anneal status: T=10.61, dE=14.33, candidate was chosen by chance
Itr 40, LL= -3931308.331068 (15.667496). Anneal status: T=10.61, dE=11.21, candidate was chosen by chance
Itr 41, LL= -3931239.280993 (17.564146). Anneal status: T=8.49, dE=3.91, candidate was chosen by chance
Itr 42, LL= -3931179.632411 (15.172972). Anneal status: T=8.49, dE=4.95, candidate was rejected
Itr 43, LL= -3931141.407503 (9.723521). Anneal status: T=8.49, dE=5.49, candidate was chosen by chance
Itr 44, LL= -3931114.388495 (6.873070). Anneal status: T=8.49, dE=15.83, candidate was chosen by chance
Itr 45, LL= -3931074.267721 (10.205954). Anneal status: T=8.49, dE=12.91, candidate was chosen by chance
Itr 46, LL= -3931023.490501 (12.916881). Anneal status: T=6.37, dE=6.05, candidate was rejected
Itr 47, LL= -3930954.996745 (17.423899). Anneal status: T=6.37, dE=12.16, candidate was rejected
Itr 48, LL= -3930928.349065 (6.778933). Anneal status: T=6.37, dE=20.97, candidate was rejected
Itr 49, LL= -3930893.856901 (8.774559). Anneal status: T=6.37, dE=55.31, candidate was rejected
Itr 50, LL= -3930853.501899 (10.266113). Anneal status: T=6.37, dE=12.29, candidate was rejected
Itr 51, LL= -3930807.681763 (11.656536). Anneal status: T=4.24, dE=12.20, candidate was rejected
Itr 52, LL= -3930768.547162 (9.955868). Anneal status: T=4.24, dE=36.85, candidate was rejected
Itr 53, LL= -3930735.826941 (8.324128). Anneal status: T=4.24, dE=10.41, candidate was rejected
Itr 54, LL= -3930701.414488 (8.754710). Anneal status: T=4.24, dE=10.62, candidate was rejected
Itr 55, LL= -3930661.362033 (10.189646). Anneal status: T=4.24, dE=22.40, candidate was rejected
Itr 56, LL= -3930620.559988 (10.380453). Anneal status: T=2.12, dE=16.63, candidate was rejected
Itr 57, LL= -3930594.728801 (6.571783). Anneal status: T=2.12, dE=25.00, candidate was rejected
Itr 58, LL= -3930563.411234 (7.967641). Anneal status: T=2.12, dE=29.45, candidate was rejected
Itr 59, LL= -3930524.641596 (9.863634). Anneal status: T=2.12, dE=18.69, candidate was rejected
Itr 60, LL= -3930494.688075 (7.620744). Anneal status: T=2.12, dE=3.44, candidate was chosen by chance
Itr 61, LL= -3930448.788772 (11.677742). Anneal status: T=0.00, dE=4.28, candidate was rejected
Itr 62, LL= -3930416.150937 (8.303844). Anneal status: T=0.00, dE=10.20, candidate was rejected
Itr 63, LL= -3930393.688123 (5.715124). Anneal status: T=0.00, dE=7.00, candidate was rejected
Itr 64, LL= -3930382.870607 (2.752273). Anneal status: T=0.00, dE=11.27, candidate was rejected
Itr 65, LL= -3930369.127185 (3.496713). Anneal status: T=0.00, dE=9.30, candidate was rejected
Itr 66, LL= -3930358.596245 (2.679377). Anneal status: T=0.00, dE=15.69, candidate was rejected
Itr 67, LL= -3930342.834554 (4.010243). Anneal status: T=0.00, dE=12.66, candidate was rejected
Itr 68, LL= -3930321.113129 (5.526598). Anneal status: T=0.00, dE=3.64, candidate was rejected
Itr 69, LL= -3930267.664760 (13.598983). Anneal status: T=0.00, dE=17.34, candidate was rejected
Itr 70, LL= -3930239.530065 (7.158468). Anneal status: T=0.00, dE=17.77, candidate was rejected
Itr 71, LL= -3930208.591005 (7.872054). Anneal status: T=0.00, dE=39.57, candidate was rejected
Itr 72, LL= -3930167.481089 (10.459983). Anneal status: T=0.00, dE=21.62, candidate was rejected
Itr 73, LL= -3930142.354333 (6.393304). Anneal status: T=0.00, dE=39.12, candidate was rejected
Itr 74, LL= -3930112.370107 (7.629298). Anneal status: T=0.00, dE=8.49, candidate was rejected
Itr 75, LL= -3930093.587323 (4.779198). Anneal status: T=0.00, dE=19.60, candidate was rejected
Itr 76, LL= -3930077.571248 (4.075240). Anneal status: T=0.00, dE=9.02, candidate was rejected
Itr 77, LL= -3930068.960246 (2.191051). Anneal status: T=0.00, dE=20.19, candidate was rejected
Itr 78, LL= -3930061.302936 (1.948391). Anneal status: T=0.00, dE=3.17, candidate was rejected
Itr 79, LL= -3930034.874336 (6.724730). Anneal status: T=0.00, dE=5.14, candidate was rejected
Itr 80, LL= -3930011.842718 (5.860411). Anneal status: T=0.00, dE=9.53, candidate was rejected
Itr 81, LL= -3930003.124432 (2.218387). Anneal status: T=0.00, dE=15.41, candidate was rejected
Itr 82, LL= -3929996.737556 (1.625158). Anneal status: T=0.00, dE=13.65, candidate was rejected
Itr 83, LL= -3929991.893542 (1.232575). Anneal status: T=0.00, dE=4.67, candidate was rejected
Itr 84, LL= -3929981.522379 (2.638978). Anneal status: T=0.00, dE=59.87, candidate was rejected
Itr 85, LL= -3929968.642527 (3.277331). Anneal status: T=0.00, dE=10.21, candidate was rejected
Itr 86, LL= -3929957.003699 (2.961558). Anneal status: T=0.00, dE=7.34, candidate was rejected
Itr 87, LL= -3929944.533437 (3.173129). Anneal status: T=0.00, dE=4.83, candidate was rejected
Itr 88, LL= -3929931.124364 (3.412026). Anneal status: T=0.00, dE=4.80, candidate was rejected
Itr 89, LL= -3929921.542888 (2.438077). Anneal status: T=0.00, dE=45.65, candidate was rejected
Itr 90, LL= -3929915.730598 (1.478984). Anneal status: T=0.00, dE=6.45, candidate was rejected
Itr 91, LL= -3929898.852455 (4.294785). Anneal status: T=0.00, dE=24.32, candidate was rejected
Itr 92, LL= -3929869.295707 (7.520995). Anneal status: T=0.00, dE=16.46, candidate was rejected
Itr 93, LL= -3929860.118739 (2.335184). Anneal status: T=0.00, dE=9.78, candidate was rejected
Itr 94, LL= -3929856.120244 (1.017465). Anneal status: T=0.00, dE=4.82, candidate was rejected
Itr 95, LL= -3929850.859711 (1.338607). Anneal status: T=0.00, dE=2.82, candidate was rejected
Itr 96, LL= -3929842.173654 (2.210276). Anneal status: T=0.00, dE=12.14, candidate was rejected
Itr 97, LL= -3929832.164637 (2.546926). Anneal status: T=0.00, dE=7.35, candidate was rejected
Itr 98, LL= -3929824.902207 (1.848025). Anneal status: T=0.00, dE=3.68, candidate was rejected
Itr 99, LL= -3929818.896887 (1.528139). Anneal status: T=0.00, dE=23.49, candidate was rejected
Itr 100, LL= -3929813.152670 (1.461700). Anneal status: T=0.00, dE=17.76, candidate was rejected
Itr 101, LL= -3929806.978632 (1.571077). Anneal status: T=0.00, dE=18.28, candidate was rejected
Itr 102, LL= -3929802.632023 (1.106062). Anneal status: T=0.00, dE=34.66, candidate was rejected
Itr 103, LL= -3929798.127551 (1.146234). Anneal status: T=0.00, dE=18.42, candidate was rejected
Itr 104, LL= -3929793.410644 (1.200293). Anneal status: T=0.00, dE=29.10, candidate was rejected
Itr 105, LL= -3929790.577115 (0.721038). Anneal status: T=0.00, dE=72.08, candidate was rejected
Itr 106, LL= -3929787.625069 (0.751197). Anneal status: T=0.00, dE=14.69, candidate was rejected
Itr 107, LL= -3929781.929287 (1.449387). Anneal status: T=0.00, dE=12.00, candidate was rejected
Itr 108, LL= -3929775.365229 (1.670336). Anneal status: T=0.00, dE=39.38, candidate was rejected
Itr 109, LL= -3929768.541155 (1.736505). Anneal status: T=0.00, dE=7.70, candidate was rejected
Itr 110, LL= -3929753.541793 (3.816856). Anneal status: T=0.00, dE=8.54, candidate was rejected
Itr 111, LL= -3929747.224090 (1.607659). Anneal status: T=0.00, dE=38.83, candidate was rejected
Itr 112, LL= -3929744.272986 (0.750965). Anneal status: T=0.00, dE=20.47, candidate was rejected
Itr 113, LL= -3929742.021301 (0.572985). Anneal status: T=0.00, dE=6.06, candidate was rejected
Itr 114, LL= -3929736.421418 (1.425000). Anneal status: T=0.00, dE=44.01, candidate was rejected
Itr 115, LL= -3929722.448580 (3.555668). Anneal status: T=0.00, dE=2.82, candidate was rejected
Itr 116, LL= -3929712.437700 (2.547478). Anneal status: T=0.00, dE=39.16, candidate was rejected
Itr 117, LL= -3929707.563055 (1.240458). Anneal status: T=0.00, dE=20.37, candidate was rejected
Itr 118, LL= -3929702.779086 (1.217386). Anneal status: T=0.00, dE=13.70, candidate was rejected
Itr 119, LL= -3929693.920606 (2.254237). Anneal status: T=0.00, dE=15.44, candidate was rejected
Itr 120, LL= -3929686.895388 (1.787727). Anneal status: T=0.00, dE=1.39, candidate was rejected
Itr 121, LL= -3929683.360734 (0.899475). Anneal status: T=0.00, dE=8.71, candidate was rejected
Itr 122, LL= -3929681.203177 (0.549041). Anneal status: T=0.00, dE=9.27, candidate was rejected
Itr 123, LL= -3929679.550608 (0.420535). Anneal status: T=0.00, dE=25.38, candidate was rejected
-- Annealing statistics:
Portion of times candidate was better: 0.000000
Portion of times candidate was chosen by chance: 0.162602
--
Your MATLAB session has timed out.  All license keys have been returned.
EM for 21 states, 131 emission nodes. 25 observed values.
            gibbs: 0
    nGibbsItrPcnt: 0.8000
     annealParams: {}
           maxItr: 500
      convergeEps: 1.0000e-06
           minItr: 5
       parametric: 0
        initprobs: []
      persistBias: 0
          obsVals: []

- Initalized simulated annealing with params:
                     type: 'linear'
    max_chance_accpetance: 0.2000
             min_duration: 5
        min_init_duration: 5
             max_duration: 11
              converge_th: 1.0000e-06

--
Itr 1, LL= -15330023.822710 (Inf). Anneal status: T=NaN, dE=-1289.20, collecting statistics
Itr 2, LL= -4148364.841584 (Inf). Anneal status: T=NaN, dE=-2200.86, collecting statistics
Itr 3, LL= -4047456.333222 (Inf). Anneal status: T=NaN, dE=-220.99, collecting statistics
Itr 4, LL= -4011764.542351 (8818.326359). Anneal status: T=NaN, dE=-316.24, collecting statistics
Itr 5, LL= -3986561.223777 (6282.352393). Anneal status: T=NaN, dE=-166.47, collecting statistics
Itr 6, LL= -3969635.254125 (4245.756857). Anneal status: T=NaN, dE=-166.15, collecting statistics
Itr 7, LL= -3961106.256617 (2148.559493). Anneal status: T=NaN, dE=-61.64, collecting statistics
Itr 8, LL= -3955946.473791 (1302.611566). Anneal status: T=NaN, dE=-13.01, collecting statistics
Itr 9, LL= -3952530.033566 (863.621449). Anneal status: T=NaN, dE=14.91, collecting statistics
Itr 10, LL= -3950108.234491 (612.721233). Anneal status: T=NaN, dE=-7.37, collecting statistics
Itr 11, LL= -3948250.050590 (470.413414). Anneal status: T=NaN, dE=-0.68, collecting statistics
Itr 12, LL= -3946695.074549 (393.839301). Anneal status: T=NaN, dE=12.05, collecting statistics
Itr 13, LL= -3945077.316253 (409.902023). Anneal status: T=NaN, dE=5.79, collecting statistics
Itr 14, LL= -3943477.890245 (405.423235). Anneal status: T=3.45, dE=6.78, candidate was rejected
Itr 15, LL= -3942224.424657 (317.857897). Anneal status: T=3.45, dE=10.59, candidate was rejected
Itr 16, LL= -3941050.773199 (297.713000). Anneal status: T=3.45, dE=37.70, candidate was rejected
Itr 17, LL= -3940178.482726 (221.334492). Anneal status: T=3.45, dE=4.04, candidate was rejected
Itr 18, LL= -3939558.405451 (157.372890). Anneal status: T=3.45, dE=7.34, candidate was rejected
Itr 19, LL= -3938944.870903 (155.736883). Anneal status: T=3.11, dE=13.48, candidate was rejected
Itr 20, LL= -3938375.214649 (144.621535). Anneal status: T=3.11, dE=12.73, candidate was rejected
Itr 21, LL= -3937833.085453 (137.653008). Anneal status: T=3.11, dE=6.59, candidate was rejected
Itr 22, LL= -3937327.027522 (128.511778). Anneal status: T=3.11, dE=46.34, candidate was rejected
Itr 23, LL= -3936778.065232 (139.425119). Anneal status: T=3.11, dE=13.07, candidate was rejected
Itr 24, LL= -3936247.469168 (134.779268). Anneal status: T=2.76, dE=26.95, candidate was rejected
Itr 25, LL= -3935703.642443 (138.158672). Anneal status: T=2.76, dE=6.31, candidate was rejected
Itr 26, LL= -3935231.412142 (119.986245). Anneal status: T=2.76, dE=17.63, candidate was rejected
Itr 27, LL= -3934728.986403 (127.673747). Anneal status: T=2.76, dE=9.13, candidate was rejected
Itr 28, LL= -3934287.643040 (112.166140). Anneal status: T=2.76, dE=5.76, candidate was chosen by chance
Itr 29, LL= -3933818.578669 (119.224727). Anneal status: T=2.42, dE=4.62, candidate was rejected
Itr 30, LL= -3933484.914101 (84.819511). Anneal status: T=2.42, dE=60.36, candidate was rejected
Itr 31, LL= -3933184.428559 (76.391685). Anneal status: T=2.42, dE=27.05, candidate was rejected
Itr 32, LL= -3932866.666418 (80.790043). Anneal status: T=2.42, dE=10.49, candidate was rejected
Itr 33, LL= -3932635.241490 (58.843828). Anneal status: T=2.42, dE=4.47, candidate was rejected
Itr 34, LL= -3932448.206637 (47.559675). Anneal status: T=2.07, dE=24.00, candidate was rejected
Itr 35, LL= -3932234.580481 (54.323959). Anneal status: T=2.07, dE=28.39, candidate was rejected
Itr 36, LL= -3932014.744795 (55.906046). Anneal status: T=2.07, dE=21.12, candidate was rejected
Itr 37, LL= -3931820.112514 (49.499377). Anneal status: T=2.07, dE=25.90, candidate was rejected
Itr 38, LL= -3931637.753428 (46.380323). Anneal status: T=2.07, dE=33.44, candidate was rejected
Itr 39, LL= -3931503.306575 (34.196145). Anneal status: T=1.73, dE=25.36, candidate was rejected
Itr 40, LL= -3931388.854221 (29.111600). Anneal status: T=1.73, dE=2.95, candidate was rejected
Itr 41, LL= -3931275.523883 (28.827049). Anneal status: T=1.73, dE=20.59, candidate was rejected
Itr 42, LL= -3931159.427178 (29.531561). Anneal status: T=1.73, dE=6.17, candidate was rejected
Itr 43, LL= -3931058.716383 (25.618598). Anneal status: T=1.73, dE=27.42, candidate was rejected
Itr 44, LL= -3930949.861172 (27.691067). Anneal status: T=1.38, dE=9.77, candidate was rejected
Itr 45, LL= -3930856.547482 (23.738204). Anneal status: T=1.38, dE=24.16, candidate was rejected
Itr 46, LL= -3930761.473228 (24.186651). Anneal status: T=1.38, dE=8.96, candidate was rejected
Itr 47, LL= -3930658.815804 (26.116422). Anneal status: T=1.38, dE=18.51, candidate was rejected
Itr 48, LL= -3930527.978098 (33.286457). Anneal status: T=1.38, dE=20.01, candidate was rejected
Itr 49, LL= -3930397.090695 (33.300209). Anneal status: T=1.04, dE=16.80, candidate was rejected
Itr 50, LL= -3930283.866633 (28.807283). Anneal status: T=1.04, dE=9.28, candidate was rejected
Itr 51, LL= -3930186.724936 (24.716204). Anneal status: T=1.04, dE=3.27, candidate was rejected
Itr 52, LL= -3930132.328192 (13.840753). Anneal status: T=1.04, dE=23.16, candidate was rejected
Itr 53, LL= -3930070.279072 (15.788048). Anneal status: T=1.04, dE=10.64, candidate was rejected
Itr 54, LL= -3930011.513323 (14.952849). Anneal status: T=0.69, dE=20.99, candidate was rejected
Itr 55, LL= -3929960.450031 (12.993166). Anneal status: T=0.69, dE=13.59, candidate was rejected
Itr 56, LL= -3929899.779432 (15.437967). Anneal status: T=0.69, dE=10.26, candidate was rejected
Itr 57, LL= -3929849.720043 (12.738083). Anneal status: T=0.69, dE=10.17, candidate was rejected
Itr 58, LL= -3929811.405831 (9.749536). Anneal status: T=0.69, dE=8.03, candidate was rejected
Itr 59, LL= -3929788.303964 (5.878620). Anneal status: T=0.35, dE=12.05, candidate was rejected
Itr 60, LL= -3929744.367734 (11.180305). Anneal status: T=0.35, dE=8.77, candidate was rejected
Itr 61, LL= -3929684.220240 (15.305701). Anneal status: T=0.35, dE=3.43, candidate was rejected
Itr 62, LL= -3929668.461131 (4.010273). Anneal status: T=0.35, dE=17.20, candidate was rejected
Itr 63, LL= -3929643.642133 (6.315800). Anneal status: T=0.35, dE=17.11, candidate was rejected
Itr 64, LL= -3929621.939498 (5.522800). Anneal status: T=0.00, dE=12.81, candidate was rejected
Itr 65, LL= -3929595.017004 (6.851166). Anneal status: T=0.00, dE=11.86, candidate was rejected
Itr 66, LL= -3929584.438772 (2.691940). Anneal status: T=0.00, dE=14.25, candidate was rejected
Itr 67, LL= -3929560.042929 (6.208250). Anneal status: T=0.00, dE=8.11, candidate was rejected
Itr 68, LL= -3929546.359336 (3.482220). Anneal status: T=0.00, dE=5.22, candidate was rejected
Itr 69, LL= -3929510.320921 (9.171139). Anneal status: T=0.00, dE=18.53, candidate was rejected
Itr 70, LL= -3929442.499337 (17.259551). Anneal status: T=0.00, dE=35.62, candidate was rejected
Itr 71, LL= -3929393.025200 (12.590625). Anneal status: T=0.00, dE=6.90, candidate was rejected
Itr 72, LL= -3929381.292219 (2.985953). Anneal status: T=0.00, dE=63.86, candidate was rejected
Itr 73, LL= -3929365.513345 (4.015613). Anneal status: T=0.00, dE=6.22, candidate was rejected
Itr 74, LL= -3929336.980834 (7.261353). Anneal status: T=0.00, dE=37.84, candidate was rejected
Itr 75, LL= -3929297.025014 (10.168591). Anneal status: T=0.00, dE=5.64, candidate was rejected
Itr 76, LL= -3929267.749437 (7.450589). Anneal status: T=0.00, dE=36.95, candidate was rejected
Itr 77, LL= -3929250.700106 (4.339060). Anneal status: T=0.00, dE=3.73, candidate was rejected
Itr 78, LL= -3929232.316294 (4.678707). Anneal status: T=0.00, dE=24.54, candidate was rejected
Itr 79, LL= -3929221.246082 (2.817398). Anneal status: T=0.00, dE=19.25, candidate was rejected
Itr 80, LL= -3929208.858074 (3.152790). Anneal status: T=0.00, dE=15.89, candidate was rejected
Itr 81, LL= -3929201.245131 (1.937526). Anneal status: T=0.00, dE=10.88, candidate was rejected
Itr 82, LL= -3929188.256245 (3.305732). Anneal status: T=0.00, dE=33.00, candidate was rejected
Itr 83, LL= -3929170.180832 (4.600292). Anneal status: T=0.00, dE=8.28, candidate was rejected
Itr 84, LL= -3929153.232672 (4.313420). Anneal status: T=0.00, dE=45.11, candidate was rejected
Itr 85, LL= -3929134.277837 (4.824153). Anneal status: T=0.00, dE=17.55, candidate was rejected
Itr 86, LL= -3929124.610657 (2.460384). Anneal status: T=0.00, dE=35.20, candidate was rejected
Itr 87, LL= -3929110.013920 (3.715010). Anneal status: T=0.00, dE=80.52, candidate was rejected
Itr 88, LL= -3929092.775089 (4.387464). Anneal status: T=0.00, dE=4.89, candidate was rejected
Itr 89, LL= -3929067.319068 (6.478855). Anneal status: T=0.00, dE=30.99, candidate was rejected
Itr 90, LL= -3929057.174719 (2.581872). Anneal status: T=0.00, dE=13.12, candidate was rejected
Itr 91, LL= -3929035.452997 (5.528482). Anneal status: T=0.00, dE=3.55, candidate was rejected
Itr 92, LL= -3929023.344398 (3.081825). Anneal status: T=0.00, dE=15.40, candidate was rejected
Itr 93, LL= -3929019.492809 (0.980292). Anneal status: T=0.00, dE=44.29, candidate was rejected
Itr 94, LL= -3929015.342870 (1.056228). Anneal status: T=0.00, dE=39.86, candidate was rejected
Itr 95, LL= -3929005.270323 (2.563631). Anneal status: T=0.00, dE=18.68, candidate was rejected
Itr 96, LL= -3928986.912604 (4.672358). Anneal status: T=0.00, dE=7.24, candidate was rejected
Itr 97, LL= -3928971.021011 (4.044705). Anneal status: T=0.00, dE=38.95, candidate was rejected
Itr 98, LL= -3928962.151605 (2.257437). Anneal status: T=0.00, dE=11.33, candidate was rejected
Itr 99, LL= -3928950.394578 (2.992400). Anneal status: T=0.00, dE=35.73, candidate was rejected
Itr 100, LL= -3928938.336083 (3.069139). Anneal status: T=0.00, dE=3.34, candidate was rejected
Itr 101, LL= -3928927.701124 (2.706828). Anneal status: T=0.00, dE=54.97, candidate was rejected
Itr 102, LL= -3928918.456923 (2.352856). Anneal status: T=0.00, dE=8.15, candidate was rejected
Itr 103, LL= -3928910.922512 (1.917681). Anneal status: T=0.00, dE=18.68, candidate was rejected
Itr 104, LL= -3928904.157171 (1.721938). Anneal status: T=0.00, dE=56.85, candidate was rejected
Itr 105, LL= -3928899.242000 (1.251028). Anneal status: T=0.00, dE=22.60, candidate was rejected
Itr 106, LL= -3928895.047703 (1.067550). Anneal status: T=0.00, dE=6.76, candidate was rejected
Itr 107, LL= -3928891.123780 (0.998735). Anneal status: T=0.00, dE=7.91, candidate was rejected
Itr 108, LL= -3928887.445132 (0.936307). Anneal status: T=0.00, dE=4.32, candidate was rejected
Itr 109, LL= -3928882.209467 (1.332607). Anneal status: T=0.00, dE=3.98, candidate was rejected
Itr 110, LL= -3928875.528864 (1.700383). Anneal status: T=0.00, dE=6.94, candidate was rejected
Itr 111, LL= -3928869.431494 (1.551938). Anneal status: T=0.00, dE=5.55, candidate was rejected
Itr 112, LL= -3928860.561722 (2.257589). Anneal status: T=0.00, dE=4.60, candidate was rejected
Itr 113, LL= -3928853.999378 (1.670292). Anneal status: T=0.00, dE=10.36, candidate was rejected
Itr 114, LL= -3928847.332944 (1.696788). Anneal status: T=0.00, dE=17.44, candidate was rejected
Itr 115, LL= -3928839.626272 (1.961561). Anneal status: T=0.00, dE=3.87, candidate was rejected
Itr 116, LL= -3928836.202695 (0.871397). Anneal status: T=0.00, dE=12.05, candidate was rejected
Itr 117, LL= -3928834.035626 (0.551581). Anneal status: T=0.00, dE=25.34, candidate was rejected
Itr 118, LL= -3928831.578378 (0.625439). Anneal status: T=0.00, dE=8.26, candidate was rejected
-- Annealing statistics:
Portion of times candidate was better: 0.000000
Portion of times candidate was chosen by chance: 0.008475
--
EM for 21 states, 131 emission nodes. 25 observed values.
            gibbs: 0
    nGibbsItrPcnt: 0.8000
     annealParams: {}
           maxItr: 500
      convergeEps: 1.0000e-06
           minItr: 5
       parametric: 0
        initprobs: []
      persistBias: 0
          obsVals: []

- Initalized simulated annealing with params:
                     type: 'linear'
    max_chance_accpetance: 0.2000
             min_duration: 5
        min_init_duration: 5
             max_duration: 11
              converge_th: 1.0000e-06

--
Itr 1, LL= -15362763.988480 (Inf). Anneal status: T=NaN, dE=-406.12, collecting statistics
Itr 2, LL= -4164601.006623 (Inf). Anneal status: T=NaN, dE=-243.52, collecting statistics
Itr 3, LL= -4046992.259968 (Inf). Anneal status: T=NaN, dE=-436.40, collecting statistics
Itr 4, LL= -3998784.236268 (11912.062244). Anneal status: T=NaN, dE=-165.01, collecting statistics
Itr 5, LL= -3969498.495177 (7323.661233). Anneal status: T=NaN, dE=-123.41, collecting statistics
Itr 6, LL= -3953633.901730 (3996.624124). Anneal status: T=NaN, dE=76.05, collecting statistics
Itr 7, LL= -3945466.291044 (2065.849011). Anneal status: T=NaN, dE=-4.96, collecting statistics
Itr 8, LL= -3941067.118069 (1114.994439). Anneal status: T=NaN, dE=-14.52, collecting statistics
Itr 9, LL= -3938561.848791 (635.682977). Anneal status: T=NaN, dE=8.17, collecting statistics
Itr 10, LL= -3936903.206059 (421.129030). Anneal status: T=NaN, dE=30.23, collecting statistics
Itr 11, LL= -3935640.493770 (320.737448). Anneal status: T=1.09, dE=14.87, candidate was rejected
Itr 12, LL= -3934747.946914 (226.785667). Anneal status: T=1.09, dE=25.32, candidate was rejected
Itr 13, LL= -3933997.886877 (190.624672). Anneal status: T=1.09, dE=1.89, candidate was rejected
Itr 14, LL= -3933461.111454 (136.445275). Anneal status: T=1.09, dE=6.70, candidate was rejected
Itr 15, LL= -3933007.860015 (115.229673). Anneal status: T=1.09, dE=54.35, candidate was rejected
Itr 16, LL= -3932506.374730 (127.506810). Anneal status: T=0.98, dE=19.39, candidate was rejected
Itr 17, LL= -3932077.370951 (109.091693). Anneal status: T=0.98, dE=9.64, candidate was rejected
Itr 18, LL= -3931685.711017 (99.606365). Anneal status: T=0.98, dE=35.64, candidate was rejected
Itr 19, LL= -3931346.403576 (86.300754). Anneal status: T=0.98, dE=10.57, candidate was rejected
Itr 20, LL= -3931044.636214 (76.759291). Anneal status: T=0.98, dE=20.27, candidate was rejected
Itr 21, LL= -3930723.729480 (81.633958). Anneal status: T=0.87, dE=10.13, candidate was rejected
Itr 22, LL= -3930393.544065 (84.001176). Anneal status: T=0.87, dE=13.00, candidate was rejected
Itr 23, LL= -3930160.803038 (59.215705). Anneal status: T=0.87, dE=17.08, candidate was rejected
Itr 24, LL= -3929956.098354 (52.085575). Anneal status: T=0.87, dE=13.74, candidate was rejected
Itr 25, LL= -3929808.335802 (37.599034). Anneal status: T=0.87, dE=4.54, candidate was rejected
Itr 26, LL= -3929683.037872 (31.883980). Anneal status: T=0.76, dE=19.09, candidate was rejected
Itr 27, LL= -3929566.016679 (29.778787). Anneal status: T=0.76, dE=24.12, candidate was rejected
Itr 28, LL= -3929427.829240 (35.166082). Anneal status: T=0.76, dE=5.50, candidate was rejected
Itr 29, LL= -3929277.987583 (38.133200). Anneal status: T=0.76, dE=29.63, candidate was rejected
Itr 30, LL= -3929101.986771 (44.792151). Anneal status: T=0.76, dE=8.92, candidate was rejected
Itr 31, LL= -3928934.658231 (42.586968). Anneal status: T=0.65, dE=29.32, candidate was rejected
Itr 32, LL= -3928830.678724 (26.465064). Anneal status: T=0.65, dE=44.38, candidate was rejected
Itr 33, LL= -3928727.856527 (26.171196). Anneal status: T=0.65, dE=38.95, candidate was rejected
Itr 34, LL= -3928614.707874 (28.800329). Anneal status: T=0.65, dE=38.85, candidate was rejected
Itr 35, LL= -3928516.456331 (25.009208). Anneal status: T=0.65, dE=31.11, candidate was rejected
Itr 36, LL= -3928423.315422 (23.708927). Anneal status: T=0.54, dE=16.61, candidate was rejected
Itr 37, LL= -3928367.117213 (14.305538). Anneal status: T=0.54, dE=27.94, candidate was rejected
Itr 38, LL= -3928287.522109 (20.261626). Anneal status: T=0.54, dE=32.07, candidate was rejected
Itr 39, LL= -3928202.516185 (21.639436). Anneal status: T=0.54, dE=29.52, candidate was rejected
Itr 40, LL= -3928125.390567 (19.633819). Anneal status: T=0.54, dE=18.24, candidate was rejected
Itr 41, LL= -3928044.226009 (20.662415). Anneal status: T=0.44, dE=10.81, candidate was rejected
Itr 42, LL= -3927981.542633 (15.957910). Anneal status: T=0.44, dE=38.13, candidate was rejected
Itr 43, LL= -3927927.548482 (13.746030). Anneal status: T=0.44, dE=25.06, candidate was rejected
Itr 44, LL= -3927882.469131 (11.476625). Anneal status: T=0.44, dE=12.00, candidate was rejected
Itr 45, LL= -3927804.031453 (19.969456). Anneal status: T=0.44, dE=21.96, candidate was rejected
Itr 46, LL= -3927692.059273 (28.507578). Anneal status: T=0.33, dE=6.73, candidate was rejected
Itr 47, LL= -3927633.985256 (14.785787). Anneal status: T=0.33, dE=7.75, candidate was rejected
Itr 48, LL= -3927591.579877 (10.796673). Anneal status: T=0.33, dE=111.12, candidate was rejected
Itr 49, LL= -3927535.676061 (14.233612). Anneal status: T=0.33, dE=8.05, candidate was rejected
Itr 50, LL= -3927507.339068 (7.214955). Anneal status: T=0.33, dE=16.52, candidate was rejected
Itr 51, LL= -3927492.557358 (3.763637). Anneal status: T=0.22, dE=16.64, candidate was rejected
Itr 52, LL= -3927466.639688 (6.599037). Anneal status: T=0.22, dE=17.77, candidate was rejected
Itr 53, LL= -3927421.843543 (11.405863). Anneal status: T=0.22, dE=8.77, candidate was rejected
Itr 54, LL= -3927384.478339 (9.513927). Anneal status: T=0.22, dE=16.11, candidate was rejected
Itr 55, LL= -3927300.864565 (21.289938). Anneal status: T=0.22, dE=16.41, candidate was rejected
Itr 56, LL= -3927227.296497 (18.732476). Anneal status: T=0.11, dE=4.29, candidate was rejected
Itr 57, LL= -3927181.048087 (11.776352). Anneal status: T=0.11, dE=12.55, candidate was rejected
Itr 58, LL= -3927134.311286 (11.900852). Anneal status: T=0.11, dE=10.58, candidate was rejected
Itr 59, LL= -3927091.262705 (10.961831). Anneal status: T=0.11, dE=6.15, candidate was rejected
Itr 60, LL= -3927018.648139 (18.490674). Anneal status: T=0.11, dE=18.02, candidate was rejected
Itr 61, LL= -3926962.516229 (14.293772). Anneal status: T=0.00, dE=13.54, candidate was rejected
Itr 62, LL= -3926916.850610 (11.628738). Anneal status: T=0.00, dE=11.03, candidate was rejected
Itr 63, LL= -3926883.720738 (8.436611). Anneal status: T=0.00, dE=18.84, candidate was rejected
Itr 64, LL= -3926862.604593 (5.377329). Anneal status: T=0.00, dE=15.69, candidate was rejected
Itr 65, LL= -3926841.298507 (5.425727). Anneal status: T=0.00, dE=10.89, candidate was rejected
Itr 66, LL= -3926825.962061 (3.905543). Anneal status: T=0.00, dE=8.96, candidate was rejected
Itr 67, LL= -3926771.688092 (13.821333). Anneal status: T=0.00, dE=11.56, candidate was rejected
Itr 68, LL= -3926722.952117 (12.411207). Anneal status: T=0.00, dE=30.89, candidate was rejected
Itr 69, LL= -3926699.368949 (6.005814). Anneal status: T=0.00, dE=3.35, candidate was rejected
Itr 70, LL= -3926654.532566 (11.418339). Anneal status: T=0.00, dE=6.22, candidate was rejected
Itr 71, LL= -3926612.307438 (10.753461). Anneal status: T=0.00, dE=17.21, candidate was rejected
Itr 72, LL= -3926592.100622 (5.146120). Anneal status: T=0.00, dE=59.37, candidate was rejected
Itr 73, LL= -3926550.162688 (10.680492). Anneal status: T=0.00, dE=9.63, candidate was rejected
Itr 74, LL= -3926537.114398 (3.323093). Anneal status: T=0.00, dE=23.93, candidate was rejected
Itr 75, LL= -3926523.729007 (3.408956). Anneal status: T=0.00, dE=39.97, candidate was rejected
Itr 76, LL= -3926518.906442 (1.228202). Anneal status: T=0.00, dE=3.66, candidate was rejected
Itr 77, LL= -3926506.243173 (3.225063). Anneal status: T=0.00, dE=9.57, candidate was rejected
Itr 78, LL= -3926483.919512 (5.685375). Anneal status: T=0.00, dE=39.55, candidate was rejected
Itr 79, LL= -3926478.885387 (1.282095). Anneal status: T=0.00, dE=3.56, candidate was rejected
Itr 80, LL= -3926458.528784 (5.184442). Anneal status: T=0.00, dE=22.68, candidate was rejected
Itr 81, LL= -3926436.238993 (5.676818). Anneal status: T=0.00, dE=25.81, candidate was rejected
Itr 82, LL= -3926415.609401 (5.254024). Anneal status: T=0.00, dE=26.28, candidate was rejected
Itr 83, LL= -3926405.679623 (2.528968). Anneal status: T=0.00, dE=35.37, candidate was rejected
Itr 84, LL= -3926394.506958 (2.845520). Anneal status: T=0.00, dE=35.07, candidate was rejected
Itr 85, LL= -3926386.992529 (1.913824). Anneal status: T=0.00, dE=40.64, candidate was rejected
Itr 86, LL= -3926383.842396 (0.802298). Anneal status: T=0.00, dE=9.62, candidate was rejected
Itr 87, LL= -3926350.280783 (8.547716). Anneal status: T=0.00, dE=18.15, candidate was rejected
Itr 88, LL= -3926325.432274 (6.328653). Anneal status: T=0.00, dE=4.95, candidate was rejected
Itr 89, LL= -3926317.844136 (1.932631). Anneal status: T=0.00, dE=16.23, candidate was rejected
Itr 90, LL= -3926310.822766 (1.788284). Anneal status: T=0.00, dE=73.60, candidate was rejected
Itr 91, LL= -3926283.901212 (6.856705). Anneal status: T=0.00, dE=12.58, candidate was rejected
Itr 92, LL= -3926265.959609 (4.569614). Anneal status: T=0.00, dE=3.70, candidate was rejected
Itr 93, LL= -3926261.897816 (1.034518). Anneal status: T=0.00, dE=6.61, candidate was rejected
Itr 94, LL= -3926235.426478 (6.742122). Anneal status: T=0.00, dE=41.08, candidate was rejected
Itr 95, LL= -3926199.177445 (9.232516). Anneal status: T=0.00, dE=25.96, candidate was rejected
Itr 96, LL= -3926187.492295 (2.976199). Anneal status: T=0.00, dE=12.14, candidate was rejected
Itr 97, LL= -3926168.538724 (4.827475). Anneal status: T=0.00, dE=7.55, candidate was rejected
Itr 98, LL= -3926164.632154 (0.995008). Anneal status: T=0.00, dE=3.69, candidate was rejected
Itr 99, LL= -3926162.166508 (0.628004). Anneal status: T=0.00, dE=7.55, candidate was rejected
Itr 100, LL= -3926159.793937 (0.604298). Anneal status: T=0.00, dE=5.33, candidate was rejected
-- Annealing statistics:
Portion of times candidate was better: 0.000000
Portion of times candidate was chosen by chance: 0.000000
--
>> 