My SLURM_ARRAY_TASK_ID:  29

                            < M A T L A B (R) >
                  Copyright 1984-2014 The MathWorks, Inc.
                   R2014b (8.4.0.150421) 64-bit (glnxa64)
                             September 15, 2014

 
For online documentation, see http://www.mathworks.com/support
For product information, visit www.mathworks.com.
 
EM for 29 states, 131 emission nodes. 25 observed values.
            gibbs: 0
    nGibbsItrPcnt: 0.8000
     annealParams: {}
           maxItr: 500
      convergeEps: 1.0000e-06
           minItr: 5
       parametric: 0
        initprobs: []
      persistBias: 0
          obsVals: []

- Initalized simulated annealing with params:
                     type: 'linear'
    max_chance_accpetance: 0.2000
             min_duration: 5
        min_init_duration: 5
             max_duration: 11
              converge_th: 1.0000e-06

--
Itr 1, LL= -15217153.319908 (Inf). Anneal status: T=NaN, dE=-226.58, collecting statistics
Itr 2, LL= -4145277.144260 (Inf). Anneal status: T=NaN, dE=33.93, collecting statistics
Itr 3, LL= -4031926.471022 (Inf). Anneal status: T=NaN, dE=-271.09, collecting statistics
Itr 4, LL= -3978384.339726 (13279.540607). Anneal status: T=NaN, dE=-182.99, collecting statistics
Itr 5, LL= -3951258.427967 (6818.323581). Anneal status: T=NaN, dE=-147.95, collecting statistics
Itr 6, LL= -3938938.460224 (3117.985818). Anneal status: T=NaN, dE=-1.32, collecting statistics
Itr 7, LL= -3932320.362365 (1680.172952). Anneal status: T=NaN, dE=-40.52, collecting statistics
Itr 8, LL= -3927852.224112 (1136.259979). Anneal status: T=NaN, dE=-26.24, collecting statistics
Itr 9, LL= -3924572.647050 (834.954289). Anneal status: T=NaN, dE=3.27, collecting statistics
Itr 10, LL= -3921998.955723 (655.788938). Anneal status: T=NaN, dE=29.85, collecting statistics
Itr 11, LL= -3920182.681193 (463.099187). Anneal status: T=1.96, dE=7.52, candidate was rejected
Itr 12, LL= -3918843.626037 (341.579785). Anneal status: T=1.96, dE=2.53, candidate was rejected
Itr 13, LL= -3917668.733092 (299.806029). Anneal status: T=1.96, dE=20.69, candidate was rejected
Itr 14, LL= -3916685.663767 (250.932223). Anneal status: T=1.96, dE=19.25, candidate was rejected
Itr 15, LL= -3915890.857600 (202.928250). Anneal status: T=1.96, dE=4.84, candidate was rejected
Itr 16, LL= -3915143.944164 (190.739084). Anneal status: T=1.77, dE=25.56, candidate was rejected
Itr 17, LL= -3914495.429035 (165.642730). Anneal status: T=1.77, dE=6.46, candidate was rejected
Itr 18, LL= -3913938.648627 (142.235549). Anneal status: T=1.77, dE=14.94, candidate was rejected
Itr 19, LL= -3913464.605853 (121.116557). Anneal status: T=1.77, dE=7.26, candidate was rejected
Itr 20, LL= -3913039.503737 (108.625517). Anneal status: T=1.77, dE=1.59, candidate was rejected
Itr 21, LL= -3912643.068860 (101.311238). Anneal status: T=1.57, dE=11.09, candidate was rejected
Itr 22, LL= -3912305.410290 (86.299354). Anneal status: T=1.57, dE=18.32, candidate was rejected
Itr 23, LL= -3912050.960638 (65.038290). Anneal status: T=1.57, dE=14.12, candidate was rejected
Itr 24, LL= -3911843.277333 (53.088088). Anneal status: T=1.57, dE=7.39, candidate was rejected
Itr 25, LL= -3911615.976691 (58.105764). Anneal status: T=1.57, dE=44.50, candidate was rejected
Itr 26, LL= -3911443.273258 (44.151429). Anneal status: T=1.37, dE=50.39, candidate was rejected
Itr 27, LL= -3911239.957572 (51.979710). Anneal status: T=1.37, dE=6.33, candidate was rejected
Itr 28, LL= -3911082.751793 (40.193335). Anneal status: T=1.37, dE=12.16, candidate was rejected
Itr 29, LL= -3910963.274329 (30.548437). Anneal status: T=1.37, dE=8.04, candidate was rejected
Itr 30, LL= -3910850.120750 (28.932407). Anneal status: T=1.37, dE=83.91, candidate was rejected
Itr 31, LL= -3910719.026063 (33.520765). Anneal status: T=1.18, dE=12.89, candidate was rejected
Itr 32, LL= -3910571.896847 (37.622037). Anneal status: T=1.18, dE=52.86, candidate was rejected
Itr 33, LL= -3910465.743327 (27.145267). Anneal status: T=1.18, dE=8.81, candidate was rejected
Itr 34, LL= -3910380.559818 (21.783469). Anneal status: T=1.18, dE=12.33, candidate was rejected
Itr 35, LL= -3910281.963460 (25.214006). Anneal status: T=1.18, dE=16.81, candidate was rejected
Itr 36, LL= -3910225.777645 (14.368737). Anneal status: T=0.98, dE=21.05, candidate was rejected
Itr 37, LL= -3910181.423727 (11.343058). Anneal status: T=0.98, dE=16.52, candidate was rejected
Itr 38, LL= -3910069.643887 (28.586868). Anneal status: T=0.98, dE=22.90, candidate was rejected
Itr 39, LL= -3909989.996152 (20.369902). Anneal status: T=0.98, dE=31.15, candidate was rejected
Itr 40, LL= -3909907.743646 (21.036500). Anneal status: T=0.98, dE=36.20, candidate was rejected
Itr 41, LL= -3909850.703278 (14.588674). Anneal status: T=0.79, dE=14.54, candidate was rejected
Itr 42, LL= -3909804.697365 (11.766667). Anneal status: T=0.79, dE=14.73, candidate was rejected
Itr 43, LL= -3909763.487536 (10.540125). Anneal status: T=0.79, dE=60.57, candidate was rejected
Itr 44, LL= -3909707.179346 (14.401943). Anneal status: T=0.79, dE=8.11, candidate was rejected
Itr 45, LL= -3909618.419252 (22.702492). Anneal status: T=0.79, dE=14.94, candidate was rejected
Itr 46, LL= -3909581.500713 (9.443003). Anneal status: T=0.59, dE=18.71, candidate was rejected
Itr 47, LL= -3909553.398032 (7.188156). Anneal status: T=0.59, dE=4.53, candidate was rejected
Itr 48, LL= -3909511.160914 (10.803566). Anneal status: T=0.59, dE=20.14, candidate was rejected
Itr 49, LL= -3909481.019201 (7.709842). Anneal status: T=0.59, dE=42.85, candidate was rejected
Itr 50, LL= -3909447.305601 (8.623549). Anneal status: T=0.59, dE=20.24, candidate was rejected
Itr 51, LL= -3909401.010395 (11.841880). Anneal status: T=0.39, dE=80.15, candidate was rejected
Itr 52, LL= -3909349.411193 (13.198749). Anneal status: T=0.39, dE=52.46, candidate was rejected
Itr 53, LL= -3909316.385238 (8.447942). Anneal status: T=0.39, dE=17.37, candidate was rejected
Itr 54, LL= -3909275.793720 (10.383278). Anneal status: T=0.39, dE=8.59, candidate was rejected
Itr 55, LL= -3909244.049018 (8.120354). Anneal status: T=0.39, dE=13.07, candidate was rejected
Itr 56, LL= -3909185.093398 (15.081079). Anneal status: T=0.20, dE=34.89, candidate was rejected
Itr 57, LL= -3909117.034255 (17.410059). Anneal status: T=0.20, dE=29.04, candidate was rejected
Itr 58, LL= -3909048.730071 (17.473047). Anneal status: T=0.20, dE=12.23, candidate was rejected
Itr 59, LL= -3909018.429058 (7.751506). Anneal status: T=0.20, dE=11.77, candidate was rejected
Itr 60, LL= -3908989.111571 (7.499961). Anneal status: T=0.20, dE=31.94, candidate was rejected
Itr 61, LL= -3908954.753600 (8.789477). Anneal status: T=0.00, dE=62.37, candidate was rejected
Itr 62, LL= -3908931.032903 (6.068297). Anneal status: T=0.00, dE=19.13, candidate was rejected
Itr 63, LL= -3908907.945112 (5.906420). Anneal status: T=0.00, dE=5.68, candidate was rejected
Itr 64, LL= -3908877.558934 (7.773572). Anneal status: T=0.00, dE=9.08, candidate was rejected
Itr 65, LL= -3908841.431579 (9.242386). Anneal status: T=0.00, dE=32.33, candidate was rejected
Itr 66, LL= -3908816.879871 (6.281071). Anneal status: T=0.00, dE=38.35, candidate was rejected
Itr 67, LL= -3908770.015052 (11.989515). Anneal status: T=0.00, dE=8.73, candidate was rejected
Itr 68, LL= -3908728.734791 (10.560934). Anneal status: T=0.00, dE=22.43, candidate was rejected
Itr 69, LL= -3908673.852827 (14.040873). Anneal status: T=0.00, dE=41.14, candidate was rejected
Itr 70, LL= -3908645.841318 (7.166500). Anneal status: T=0.00, dE=23.80, candidate was rejected
Itr 71, LL= -3908614.231979 (8.087031). Anneal status: T=0.00, dE=5.54, candidate was rejected
Itr 72, LL= -3908597.450424 (4.293479). Anneal status: T=0.00, dE=11.78, candidate was rejected
Itr 73, LL= -3908580.243083 (4.402434). Anneal status: T=0.00, dE=7.04, candidate was rejected
Itr 74, LL= -3908552.041319 (7.215347). Anneal status: T=0.00, dE=24.34, candidate was rejected
Itr 75, LL= -3908535.160925 (4.318836). Anneal status: T=0.00, dE=17.59, candidate was rejected
Itr 76, LL= -3908511.059362 (6.166393). Anneal status: T=0.00, dE=5.00, candidate was rejected
Itr 77, LL= -3908483.276045 (7.108415). Anneal status: T=0.00, dE=7.30, candidate was rejected
Itr 78, LL= -3908473.397085 (2.527569). Anneal status: T=0.00, dE=9.40, candidate was rejected
Itr 79, LL= -3908456.428051 (4.341602). Anneal status: T=0.00, dE=6.27, candidate was rejected
Itr 80, LL= -3908429.177696 (6.972152). Anneal status: T=0.00, dE=33.92, candidate was rejected
Itr 81, LL= -3908397.564958 (8.088349). Anneal status: T=0.00, dE=51.62, candidate was rejected
Itr 82, LL= -3908378.062440 (4.989901). Anneal status: T=0.00, dE=17.08, candidate was rejected
Itr 83, LL= -3908359.633430 (4.715258). Anneal status: T=0.00, dE=9.55, candidate was rejected
Itr 84, LL= -3908348.579963 (2.828160). Anneal status: T=0.00, dE=12.77, candidate was rejected
Itr 85, LL= -3908337.832917 (2.749767). Anneal status: T=0.00, dE=8.96, candidate was rejected
Itr 86, LL= -3908321.695423 (4.128992). Anneal status: T=0.00, dE=16.06, candidate was rejected
Itr 87, LL= -3908312.764539 (2.285094). Anneal status: T=0.00, dE=21.88, candidate was rejected
Itr 88, LL= -3908295.824360 (4.334397). Anneal status: T=0.00, dE=9.29, candidate was rejected
Itr 89, LL= -3908282.232354 (3.477732). Anneal status: T=0.00, dE=15.89, candidate was rejected
Itr 90, LL= -3908265.290832 (4.334775). Anneal status: T=0.00, dE=5.31, candidate was rejected
Itr 91, LL= -3908255.047573 (2.620922). Anneal status: T=0.00, dE=19.86, candidate was rejected
Itr 92, LL= -3908246.040505 (2.304627). Anneal status: T=0.00, dE=23.50, candidate was rejected
Itr 93, LL= -3908222.916098 (5.916825). Anneal status: T=0.00, dE=12.03, candidate was rejected
Itr 94, LL= -3908194.327472 (7.314994). Anneal status: T=0.00, dE=35.18, candidate was rejected
Itr 95, LL= -3908183.942760 (2.657164). Anneal status: T=0.00, dE=24.92, candidate was rejected
Itr 96, LL= -3908171.888150 (3.084453). Anneal status: T=0.00, dE=18.68, candidate was rejected
Itr 97, LL= -3908166.227402 (1.448439). Anneal status: T=0.00, dE=3.87, candidate was rejected
Itr 98, LL= -3908155.737421 (2.684118). Anneal status: T=0.00, dE=9.73, candidate was rejected
Itr 99, LL= -3908130.323263 (6.502852). Anneal status: T=0.00, dE=4.43, candidate was rejected
Itr 100, LL= -3908108.990205 (5.458635). Anneal status: T=0.00, dE=8.57, candidate was rejected
Itr 101, LL= -3908088.504061 (5.241958). Anneal status: T=0.00, dE=6.42, candidate was rejected
Itr 102, LL= -3908077.184927 (2.896335). Anneal status: T=0.00, dE=10.63, candidate was rejected
Itr 103, LL= -3908063.181605 (3.583174). Anneal status: T=0.00, dE=94.90, candidate was rejected
Itr 104, LL= -3908045.613073 (4.495458). Anneal status: T=0.00, dE=13.59, candidate was rejected
Itr 105, LL= -3908022.466324 (5.922845). Anneal status: T=0.00, dE=16.61, candidate was rejected
Itr 106, LL= -3907988.527739 (8.684337). Anneal status: T=0.00, dE=12.85, candidate was rejected
Itr 107, LL= -3907959.860501 (7.335548). Anneal status: T=0.00, dE=19.67, candidate was rejected
Itr 108, LL= -3907942.964256 (4.323546). Anneal status: T=0.00, dE=24.73, candidate was rejected
Itr 109, LL= -3907926.266660 (4.272733). Anneal status: T=0.00, dE=16.92, candidate was rejected
Itr 110, LL= -3907913.813590 (3.186619). Anneal status: T=0.00, dE=55.81, candidate was rejected
Itr 111, LL= -3907905.296887 (2.179348). Anneal status: T=0.00, dE=26.15, candidate was rejected
Itr 112, LL= -3907888.271876 (4.356557). Anneal status: T=0.00, dE=17.61, candidate was rejected
Itr 113, LL= -3907873.303581 (3.830277). Anneal status: T=0.00, dE=25.83, candidate was rejected
Itr 114, LL= -3907860.547410 (3.264223). Anneal status: T=0.00, dE=7.65, candidate was rejected
Itr 115, LL= -3907844.711254 (4.052385). Anneal status: T=0.00, dE=5.85, candidate was rejected
Itr 116, LL= -3907825.330035 (4.959567). Anneal status: T=0.00, dE=28.03, candidate was rejected
Itr 117, LL= -3907810.104173 (3.896249). Anneal status: T=0.00, dE=14.62, candidate was rejected
Itr 118, LL= -3907802.434827 (1.962569). Anneal status: T=0.00, dE=27.98, candidate was rejected
Itr 119, LL= -3907795.497694 (1.775200). Anneal status: T=0.00, dE=6.65, candidate was rejected
Itr 120, LL= -3907784.740234 (2.752821). Anneal status: T=0.00, dE=12.13, candidate was rejected
Itr 121, LL= -3907767.373280 (4.444194). Anneal status: T=0.00, dE=5.87, candidate was rejected
Itr 122, LL= -3907746.014739 (5.465663). Anneal status: T=0.00, dE=14.87, candidate was rejected
Itr 123, LL= -3907739.826185 (1.583663). Anneal status: T=0.00, dE=8.51, candidate was rejected
Itr 124, LL= -3907728.545212 (2.886828). Anneal status: T=0.00, dE=34.20, candidate was rejected
Itr 125, LL= -3907712.289112 (4.159987). Anneal status: T=0.00, dE=15.77, candidate was rejected
Itr 126, LL= -3907701.610434 (2.732719). Anneal status: T=0.00, dE=17.63, candidate was rejected
Itr 127, LL= -3907693.031726 (2.195333). Anneal status: T=0.00, dE=26.81, candidate was rejected
Itr 128, LL= -3907681.777812 (2.879938). Anneal status: T=0.00, dE=13.32, candidate was rejected
Itr 129, LL= -3907675.308356 (1.655574). Anneal status: T=0.00, dE=11.85, candidate was rejected
Itr 130, LL= -3907666.966469 (2.134744). Anneal status: T=0.00, dE=6.94, candidate was rejected
Itr 131, LL= -3907660.296958 (1.706776). Anneal status: T=0.00, dE=4.25, candidate was rejected
Itr 132, LL= -3907655.800813 (1.150598). Anneal status: T=0.00, dE=5.93, candidate was rejected
Itr 133, LL= -3907652.828534 (0.760630). Anneal status: T=0.00, dE=15.41, candidate was rejected
Itr 134, LL= -3907647.719295 (1.307496). Anneal status: T=0.00, dE=35.36, candidate was rejected
Itr 135, LL= -3907643.272284 (1.138028). Anneal status: T=0.00, dE=4.97, candidate was rejected
Itr 136, LL= -3907639.118100 (1.063092). Anneal status: T=0.00, dE=8.67, candidate was rejected
Itr 137, LL= -3907631.129193 (2.044433). Anneal status: T=0.00, dE=12.44, candidate was rejected
Itr 138, LL= -3907617.746514 (3.424755). Anneal status: T=0.00, dE=9.73, candidate was rejected
Itr 139, LL= -3907609.896227 (2.008970). Anneal status: T=0.00, dE=10.49, candidate was rejected
Itr 140, LL= -3907601.061630 (2.260870). Anneal status: T=0.00, dE=4.79, candidate was rejected
Itr 141, LL= -3907586.799484 (3.649847). Anneal status: T=0.00, dE=13.31, candidate was rejected
Itr 142, LL= -3907577.097234 (2.482926). Anneal status: T=0.00, dE=21.15, candidate was rejected
Itr 143, LL= -3907571.330239 (1.475849). Anneal status: T=0.00, dE=10.34, candidate was rejected
Itr 144, LL= -3907565.073450 (1.601196). Anneal status: T=0.00, dE=15.78, candidate was rejected
Itr 145, LL= -3907555.251392 (2.513601). Anneal status: T=0.00, dE=36.27, candidate was rejected
Itr 146, LL= -3907544.747951 (2.687983). Anneal status: T=0.00, dE=12.90, candidate was rejected
Itr 147, LL= -3907534.062618 (2.734539). Anneal status: T=0.00, dE=21.30, candidate was rejected
Itr 148, LL= -3907524.478614 (2.452699). Anneal status: T=0.00, dE=22.01, candidate was rejected
Itr 149, LL= -3907508.823222 (4.006473). Anneal status: T=0.00, dE=11.33, candidate was rejected
Itr 150, LL= -3907484.495811 (6.225811). Anneal status: T=0.00, dE=40.09, candidate was rejected
Itr 151, LL= -3907467.284269 (4.404763). Anneal status: T=0.00, dE=78.20, candidate was rejected
Itr 152, LL= -3907454.766609 (3.203523). Anneal status: T=0.00, dE=41.00, candidate was rejected
Itr 153, LL= -3907450.199196 (1.168897). Anneal status: T=0.00, dE=11.14, candidate was rejected
Itr 154, LL= -3907440.938682 (2.369963). Anneal status: T=0.00, dE=9.02, candidate was rejected
Itr 155, LL= -3907431.576635 (2.395953). Anneal status: T=0.00, dE=55.94, candidate was rejected
Itr 156, LL= -3907428.922353 (0.679291). Anneal status: T=0.00, dE=40.23, candidate was rejected
Itr 157, LL= -3907424.534908 (1.122847). Anneal status: T=0.00, dE=7.98, candidate was rejected
Itr 158, LL= -3907415.220221 (2.383843). Anneal status: T=0.00, dE=8.09, candidate was rejected
Itr 159, LL= -3907408.418525 (1.740715). Anneal status: T=0.00, dE=9.39, candidate was rejected
Itr 160, LL= -3907404.986377 (0.878370). Anneal status: T=0.00, dE=25.15, candidate was rejected
Itr 161, LL= -3907402.271657 (0.694763). Anneal status: T=0.00, dE=8.70, candidate was rejected
Itr 162, LL= -3907393.034531 (2.364007). Anneal status: T=0.00, dE=14.78, candidate was rejected
Itr 163, LL= -3907382.832986 (2.610832). Anneal status: T=0.00, dE=19.22, candidate was rejected
Itr 164, LL= -3907379.715429 (0.797863). Anneal status: T=0.00, dE=8.90, candidate was rejected
Itr 165, LL= -3907376.957241 (0.705892). Anneal status: T=0.00, dE=60.52, candidate was rejected
Itr 166, LL= -3907373.889422 (0.785135). Anneal status: T=0.00, dE=5.90, candidate was rejected
-- Annealing statistics:
Portion of times candidate was better: 0.000000
Portion of times candidate was chosen by chance: 0.000000
--
Your MATLAB session has timed out.  All license keys have been returned.
EM for 29 states, 131 emission nodes. 25 observed values.
            gibbs: 0
    nGibbsItrPcnt: 0.8000
     annealParams: {}
           maxItr: 500
      convergeEps: 1.0000e-06
           minItr: 5
       parametric: 0
        initprobs: []
      persistBias: 0
          obsVals: []

- Initalized simulated annealing with params:
                     type: 'linear'
    max_chance_accpetance: 0.2000
             min_duration: 5
        min_init_duration: 5
             max_duration: 11
              converge_th: 1.0000e-06

--
Itr 1, LL= -15192455.120858 (Inf). Anneal status: T=NaN, dE=39.06, collecting statistics
Itr 2, LL= -4130972.111695 (Inf). Anneal status: T=NaN, dE=-494.85, collecting statistics
Itr 3, LL= -4036429.428125 (Inf). Anneal status: T=NaN, dE=-238.77, collecting statistics
Itr 4, LL= -3991402.293614 (11155.189336). Anneal status: T=NaN, dE=-1037.58, collecting statistics
Itr 5, LL= -3959734.179687 (7934.082209). Anneal status: T=NaN, dE=-231.12, collecting statistics
Itr 6, LL= -3945340.184033 (3635.091398). Anneal status: T=NaN, dE=-55.62, collecting statistics
Itr 7, LL= -3938199.955899 (1809.787699). Anneal status: T=NaN, dE=6.42, collecting statistics
Itr 8, LL= -3933743.346801 (1131.636064). Anneal status: T=NaN, dE=3.80, collecting statistics
Itr 9, LL= -3930788.642841 (751.117625). Anneal status: T=NaN, dE=-2.80, collecting statistics
Itr 10, LL= -3928517.222058 (577.853706). Anneal status: T=0.35, dE=17.16, candidate was rejected
Itr 11, LL= -3926836.967921 (427.706954). Anneal status: T=0.35, dE=5.19, candidate was rejected
Itr 12, LL= -3925630.461385 (307.246404). Anneal status: T=0.35, dE=3.98, candidate was rejected
Itr 13, LL= -3924787.424241 (214.752039). Anneal status: T=0.35, dE=5.80, candidate was rejected
Itr 14, LL= -3924093.990439 (176.680601). Anneal status: T=0.35, dE=18.23, candidate was rejected
Itr 15, LL= -3923497.372188 (152.039745). Anneal status: T=0.32, dE=14.52, candidate was rejected
Itr 16, LL= -3922968.574287 (134.777177). Anneal status: T=0.32, dE=22.87, candidate was rejected
Itr 17, LL= -3922535.848043 (110.305815). Anneal status: T=0.32, dE=136.01, candidate was rejected
Itr 18, LL= -3922195.422033 (86.787227). Anneal status: T=0.32, dE=5.04, candidate was rejected
Itr 19, LL= -3921903.501425 (74.427859). Anneal status: T=0.32, dE=16.50, candidate was rejected
Itr 20, LL= -3921628.561235 (70.103762). Anneal status: T=0.28, dE=8.74, candidate was rejected
Itr 21, LL= -3921415.060975 (54.441734). Anneal status: T=0.28, dE=3.41, candidate was rejected
Itr 22, LL= -3921215.771490 (50.820809). Anneal status: T=0.28, dE=25.46, candidate was rejected
Itr 23, LL= -3921001.241735 (54.710010). Anneal status: T=0.28, dE=15.45, candidate was rejected
Itr 24, LL= -3920753.452018 (63.195521). Anneal status: T=0.28, dE=11.52, candidate was rejected
Itr 25, LL= -3920545.522328 (53.033095). Anneal status: T=0.25, dE=3.39, candidate was rejected
Itr 26, LL= -3920395.626000 (38.233538). Anneal status: T=0.25, dE=15.24, candidate was rejected
Itr 27, LL= -3920250.285062 (37.073028). Anneal status: T=0.25, dE=2.24, candidate was rejected
Itr 28, LL= -3920075.817673 (44.504145). Anneal status: T=0.25, dE=5.49, candidate was rejected
Itr 29, LL= -3919927.330976 (37.878527). Anneal status: T=0.25, dE=41.49, candidate was rejected
Itr 30, LL= -3919783.991087 (36.566976). Anneal status: T=0.21, dE=9.55, candidate was rejected
Itr 31, LL= -3919672.642364 (28.406852). Anneal status: T=0.21, dE=18.98, candidate was rejected
Itr 32, LL= -3919575.554605 (24.769354). Anneal status: T=0.21, dE=5.35, candidate was rejected
Itr 33, LL= -3919492.795111 (21.114402). Anneal status: T=0.21, dE=16.62, candidate was rejected
Itr 34, LL= -3919410.079280 (21.103708). Anneal status: T=0.21, dE=5.16, candidate was rejected
Itr 35, LL= -3919320.086470 (22.960805). Anneal status: T=0.18, dE=5.13, candidate was rejected
Itr 36, LL= -3919236.573310 (21.308073). Anneal status: T=0.18, dE=9.37, candidate was rejected
Itr 37, LL= -3919149.379691 (22.247603). Anneal status: T=0.18, dE=7.12, candidate was rejected
Itr 38, LL= -3919078.055799 (18.198820). Anneal status: T=0.18, dE=3.35, candidate was rejected
Itr 39, LL= -3918992.661697 (21.789334). Anneal status: T=0.18, dE=6.39, candidate was rejected
Itr 40, LL= -3918886.886382 (26.990434). Anneal status: T=0.14, dE=4.40, candidate was rejected
Itr 41, LL= -3918775.134044 (28.516347). Anneal status: T=0.14, dE=8.73, candidate was rejected
Itr 42, LL= -3918705.804067 (17.691747). Anneal status: T=0.14, dE=5.98, candidate was rejected
Itr 43, LL= -3918613.851004 (23.465161). Anneal status: T=0.14, dE=14.17, candidate was rejected
Itr 44, LL= -3918497.325547 (29.736397). Anneal status: T=0.14, dE=8.12, candidate was rejected
Itr 45, LL= -3918375.675175 (31.045159). Anneal status: T=0.11, dE=5.73, candidate was rejected
Itr 46, LL= -3918289.762762 (21.925517). Anneal status: T=0.11, dE=17.22, candidate was rejected
Itr 47, LL= -3918225.743152 (16.338661). Anneal status: T=0.11, dE=4.34, candidate was rejected
Itr 48, LL= -3918162.428928 (16.158902). Anneal status: T=0.11, dE=21.75, candidate was rejected
Itr 49, LL= -3918095.889336 (16.982346). Anneal status: T=0.11, dE=4.93, candidate was rejected
Itr 50, LL= -3918040.125190 (14.232461). Anneal status: T=0.07, dE=12.57, candidate was rejected
Itr 51, LL= -3917983.382404 (14.482441). Anneal status: T=0.07, dE=17.68, candidate was rejected
Itr 52, LL= -3917941.149532 (10.779237). Anneal status: T=0.07, dE=1.88, candidate was rejected
Itr 53, LL= -3917910.595050 (7.798607). Anneal status: T=0.07, dE=4.36, candidate was rejected
Itr 54, LL= -3917853.937764 (14.461097). Anneal status: T=0.07, dE=15.18, candidate was rejected
Itr 55, LL= -3917812.918170 (10.469914). Anneal status: T=0.04, dE=16.61, candidate was rejected
Itr 56, LL= -3917776.460718 (9.305562). Anneal status: T=0.04, dE=4.10, candidate was rejected
Itr 57, LL= -3917720.114277 (14.382250). Anneal status: T=0.04, dE=9.61, candidate was rejected
Itr 58, LL= -3917676.043010 (11.249213). Anneal status: T=0.04, dE=9.98, candidate was rejected
Itr 59, LL= -3917644.104320 (8.152458). Anneal status: T=0.04, dE=9.11, candidate was rejected
Itr 60, LL= -3917602.733493 (10.560129). Anneal status: T=0.00, dE=16.03, candidate was rejected
Itr 61, LL= -3917578.795348 (6.110406). Anneal status: T=0.00, dE=2.96, candidate was rejected
Itr 62, LL= -3917565.616563 (3.364013). Anneal status: T=0.00, dE=18.41, candidate was rejected
Itr 63, LL= -3917529.033593 (9.338190). Anneal status: T=0.00, dE=23.36, candidate was rejected
Itr 64, LL= -3917488.772825 (10.277082). Anneal status: T=0.00, dE=5.80, candidate was rejected
Itr 65, LL= -3917428.248434 (15.449793). Anneal status: T=0.00, dE=25.00, candidate was rejected
Itr 66, LL= -3917373.096274 (14.078665). Anneal status: T=0.00, dE=8.33, candidate was rejected
Itr 67, LL= -3917340.582644 (8.299855). Anneal status: T=0.00, dE=31.60, candidate was rejected
Itr 68, LL= -3917302.852885 (9.631473). Anneal status: T=0.00, dE=7.21, candidate was rejected
Itr 69, LL= -3917288.876955 (3.567743). Anneal status: T=0.00, dE=43.49, candidate was rejected
Itr 70, LL= -3917257.607158 (7.982510). Anneal status: T=0.00, dE=8.23, candidate was rejected
Itr 71, LL= -3917188.178646 (17.723754). Anneal status: T=0.00, dE=34.33, candidate was rejected
Itr 72, LL= -3917143.392689 (11.433190). Anneal status: T=0.00, dE=5.56, candidate was rejected
Itr 73, LL= -3917105.343143 (9.713595). Anneal status: T=0.00, dE=49.15, candidate was rejected
Itr 74, LL= -3917066.288003 (9.970408). Anneal status: T=0.00, dE=11.54, candidate was rejected
Itr 75, LL= -3917033.222035 (8.441514). Anneal status: T=0.00, dE=18.14, candidate was rejected
Itr 76, LL= -3917018.729119 (3.699973). Anneal status: T=0.00, dE=6.50, candidate was rejected
Itr 77, LL= -3917003.179250 (3.969822). Anneal status: T=0.00, dE=23.47, candidate was rejected
Itr 78, LL= -3916971.434343 (8.104386). Anneal status: T=0.00, dE=5.11, candidate was rejected
Itr 79, LL= -3916893.729453 (19.838003). Anneal status: T=0.00, dE=14.37, candidate was rejected
Itr 80, LL= -3916862.553863 (7.959264). Anneal status: T=0.00, dE=4.97, candidate was rejected
Itr 81, LL= -3916828.729214 (8.635648). Anneal status: T=0.00, dE=14.35, candidate was rejected
Itr 82, LL= -3916810.445211 (4.668063). Anneal status: T=0.00, dE=14.92, candidate was rejected
Itr 83, LL= -3916786.504041 (6.112415). Anneal status: T=0.00, dE=10.08, candidate was rejected
Itr 84, LL= -3916772.548419 (3.563029). Anneal status: T=0.00, dE=8.31, candidate was rejected
Itr 85, LL= -3916753.611856 (4.834736). Anneal status: T=0.00, dE=8.69, candidate was rejected
Itr 86, LL= -3916744.410181 (2.349312). Anneal status: T=0.00, dE=27.50, candidate was rejected
Itr 87, LL= -3916708.932574 (9.057933). Anneal status: T=0.00, dE=7.11, candidate was rejected
Itr 88, LL= -3916662.284248 (11.910082). Anneal status: T=0.00, dE=9.48, candidate was rejected
Itr 89, LL= -3916620.640270 (10.632517). Anneal status: T=0.00, dE=15.28, candidate was rejected
Itr 90, LL= -3916601.438157 (4.902725). Anneal status: T=0.00, dE=7.64, candidate was rejected
Itr 91, LL= -3916586.339352 (3.855078). Anneal status: T=0.00, dE=4.14, candidate was rejected
Itr 92, LL= -3916582.378350 (1.011340). Anneal status: T=0.00, dE=3.69, candidate was rejected
Itr 93, LL= -3916549.409071 (8.417869). Anneal status: T=0.00, dE=40.19, candidate was rejected
Itr 94, LL= -3916528.567054 (5.321525). Anneal status: T=0.00, dE=14.34, candidate was rejected
Itr 95, LL= -3916511.089533 (4.462503). Anneal status: T=0.00, dE=3.26, candidate was rejected
Itr 96, LL= -3916486.964792 (6.159753). Anneal status: T=0.00, dE=43.28, candidate was rejected
Itr 97, LL= -3916441.712381 (11.554337). Anneal status: T=0.00, dE=24.78, candidate was rejected
Itr 98, LL= -3916413.548971 (7.191071). Anneal status: T=0.00, dE=8.47, candidate was rejected
Itr 99, LL= -3916402.478252 (2.826749). Anneal status: T=0.00, dE=5.57, candidate was rejected
Itr 100, LL= -3916393.053851 (2.406392). Anneal status: T=0.00, dE=80.82, candidate was rejected
Itr 101, LL= -3916369.472544 (6.021180). Anneal status: T=0.00, dE=9.23, candidate was rejected
Itr 102, LL= -3916355.496196 (3.568700). Anneal status: T=0.00, dE=5.31, candidate was rejected
Itr 103, LL= -3916335.646232 (5.068479). Anneal status: T=0.00, dE=47.10, candidate was rejected
Itr 104, LL= -3916327.038945 (2.197791). Anneal status: T=0.00, dE=5.04, candidate was rejected
Itr 105, LL= -3916324.595140 (0.624004). Anneal status: T=0.00, dE=15.01, candidate was rejected
Itr 106, LL= -3916318.420527 (1.576635). Anneal status: T=0.00, dE=3.47, candidate was rejected
Itr 107, LL= -3916309.548434 (2.265417). Anneal status: T=0.00, dE=10.42, candidate was rejected
Itr 108, LL= -3916276.753134 (8.374032). Anneal status: T=0.00, dE=8.08, candidate was rejected
Itr 109, LL= -3916250.516049 (6.699497). Anneal status: T=0.00, dE=2.25, candidate was rejected
Itr 110, LL= -3916238.735958 (3.008002). Anneal status: T=0.00, dE=8.11, candidate was rejected
Itr 111, LL= -3916217.960717 (5.304897). Anneal status: T=0.00, dE=28.86, candidate was rejected
Itr 112, LL= -3916197.155031 (5.312699). Anneal status: T=0.00, dE=14.23, candidate was rejected
Itr 113, LL= -3916173.783834 (5.967830). Anneal status: T=0.00, dE=9.60, candidate was rejected
Itr 114, LL= -3916161.860975 (3.044517). Anneal status: T=0.00, dE=3.64, candidate was rejected
Itr 115, LL= -3916144.119451 (4.530335). Anneal status: T=0.00, dE=44.85, candidate was rejected
Itr 116, LL= -3916129.381522 (3.763377). Anneal status: T=0.00, dE=9.86, candidate was rejected
Itr 117, LL= -3916096.364821 (8.430953). Anneal status: T=0.00, dE=15.20, candidate was rejected
Itr 118, LL= -3916044.391488 (13.271720). Anneal status: T=0.00, dE=8.62, candidate was rejected
Itr 119, LL= -3916016.200449 (7.198856). Anneal status: T=0.00, dE=15.96, candidate was rejected
Itr 120, LL= -3915997.964707 (4.656707). Anneal status: T=0.00, dE=7.89, candidate was rejected
Itr 121, LL= -3915977.092246 (5.330049). Anneal status: T=0.00, dE=8.28, candidate was rejected
Itr 122, LL= -3915944.525549 (8.316366). Anneal status: T=0.00, dE=9.23, candidate was rejected
Itr 123, LL= -3915909.698581 (8.893632). Anneal status: T=0.00, dE=11.60, candidate was rejected
Itr 124, LL= -3915878.132780 (8.060911). Anneal status: T=0.00, dE=8.49, candidate was rejected
Itr 125, LL= -3915849.579721 (7.291611). Anneal status: T=0.00, dE=5.00, candidate was rejected
Itr 126, LL= -3915813.695364 (9.163875). Anneal status: T=0.00, dE=12.86, candidate was rejected
Itr 127, LL= -3915756.941892 (14.493405). Anneal status: T=0.00, dE=9.53, candidate was rejected
Itr 128, LL= -3915714.513299 (10.835349). Anneal status: T=0.00, dE=14.01, candidate was rejected
Itr 129, LL= -3915665.741906 (12.455298). Anneal status: T=0.00, dE=29.52, candidate was rejected
Itr 130, LL= -3915628.698115 (9.460407). Anneal status: T=0.00, dE=11.01, candidate was rejected
Itr 131, LL= -3915594.267137 (8.793218). Anneal status: T=0.00, dE=44.28, candidate was rejected
Itr 132, LL= -3915555.052960 (10.014872). Anneal status: T=0.00, dE=11.43, candidate was rejected
Itr 133, LL= -3915531.265840 (6.075031). Anneal status: T=0.00, dE=17.81, candidate was rejected
Itr 134, LL= -3915517.371270 (3.548578). Anneal status: T=0.00, dE=5.35, candidate was rejected
Itr 135, LL= -3915501.043679 (4.169970). Anneal status: T=0.00, dE=9.33, candidate was rejected
Itr 136, LL= -3915476.244050 (6.333705). Anneal status: T=0.00, dE=9.04, candidate was rejected
Itr 137, LL= -3915453.248207 (5.873064). Anneal status: T=0.00, dE=20.90, candidate was rejected
Itr 138, LL= -3915402.070873 (13.070603). Anneal status: T=0.00, dE=2.90, candidate was rejected
Itr 139, LL= -3915303.272068 (25.233374). Anneal status: T=0.00, dE=17.72, candidate was rejected
Itr 140, LL= -3915249.921549 (13.626153). Anneal status: T=0.00, dE=4.37, candidate was rejected
Itr 141, LL= -3915147.250495 (26.223372). Anneal status: T=0.00, dE=20.46, candidate was rejected
Itr 142, LL= -3915082.454229 (16.550148). Anneal status: T=0.00, dE=6.68, candidate was rejected
Itr 143, LL= -3915067.425531 (3.838667). Anneal status: T=0.00, dE=9.41, candidate was rejected
Itr 144, LL= -3915030.229153 (9.500827). Anneal status: T=0.00, dE=6.81, candidate was rejected
Itr 145, LL= -3915012.563725 (4.512207). Anneal status: T=0.00, dE=27.37, candidate was rejected
Itr 146, LL= -3914988.263564 (6.206918). Anneal status: T=0.00, dE=17.97, candidate was rejected
Itr 147, LL= -3914967.066441 (5.414351). Anneal status: T=0.00, dE=4.50, candidate was rejected
Itr 148, LL= -3914942.789449 (6.201072). Anneal status: T=0.00, dE=8.99, candidate was rejected
Itr 149, LL= -3914932.956914 (2.511540). Anneal status: T=0.00, dE=19.08, candidate was rejected
Itr 150, LL= -3914916.479489 (4.208865). Anneal status: T=0.00, dE=3.79, candidate was rejected
Itr 151, LL= -3914909.230915 (1.851527). Anneal status: T=0.00, dE=9.07, candidate was rejected
Itr 152, LL= -3914902.067034 (1.829897). Anneal status: T=0.00, dE=13.05, candidate was rejected
Itr 153, LL= -3914900.092510 (0.504361). Anneal status: T=0.00, dE=11.97, candidate was rejected
Itr 154, LL= -3914870.684554 (7.511802). Anneal status: T=0.00, dE=11.30, candidate was rejected
Itr 155, LL= -3914823.869746 (11.958200). Anneal status: T=0.00, dE=38.75, candidate was rejected
Itr 156, LL= -3914819.249430 (1.180210). Anneal status: T=0.00, dE=7.63, candidate was rejected
Itr 157, LL= -3914811.825003 (1.896493). Anneal status: T=0.00, dE=2.69, candidate was rejected
Itr 158, LL= -3914753.161542 (14.985001). Anneal status: T=0.00, dE=6.13, candidate was rejected
Itr 159, LL= -3914686.116405 (17.126275). Anneal status: T=0.00, dE=5.50, candidate was rejected
Itr 160, LL= -3914653.111503 (8.431047). Anneal status: T=0.00, dE=3.01, candidate was rejected
Itr 161, LL= -3914613.479075 (10.124123). Anneal status: T=0.00, dE=10.47, candidate was rejected
Itr 162, LL= -3914580.182729 (8.505653). Anneal status: T=0.00, dE=21.38, candidate was rejected
Itr 163, LL= -3914558.269986 (5.597725). Anneal status: T=0.00, dE=91.95, candidate was rejected
Itr 164, LL= -3914532.795604 (6.507601). Anneal status: T=0.00, dE=10.92, candidate was rejected
Itr 165, LL= -3914526.209101 (1.682577). Anneal status: T=0.00, dE=11.30, candidate was rejected
Itr 166, LL= -3914516.895022 (2.379363). Anneal status: T=0.00, dE=7.88, candidate was rejected
Itr 167, LL= -3914503.664551 (3.379848). Anneal status: T=0.00, dE=4.60, candidate was rejected
Itr 168, LL= -3914486.069576 (4.494816). Anneal status: T=0.00, dE=19.18, candidate was rejected
Itr 169, LL= -3914469.007250 (4.358765). Anneal status: T=0.00, dE=11.77, candidate was rejected
Itr 170, LL= -3914452.507513 (4.215064). Anneal status: T=0.00, dE=12.32, candidate was rejected
Itr 171, LL= -3914437.209167 (3.908170). Anneal status: T=0.00, dE=29.14, candidate was rejected
Itr 172, LL= -3914411.872886 (6.472522). Anneal status: T=0.00, dE=13.24, candidate was rejected
Itr 173, LL= -3914398.832810 (3.331299). Anneal status: T=0.00, dE=11.55, candidate was rejected
Itr 174, LL= -3914374.114686 (6.314667). Anneal status: T=0.00, dE=5.01, candidate was rejected
Itr 175, LL= -3914321.607841 (13.413854). Anneal status: T=0.00, dE=12.43, candidate was rejected
Itr 176, LL= -3914300.314713 (5.439801). Anneal status: T=0.00, dE=4.18, candidate was rejected
Itr 177, LL= -3914270.972993 (7.496032). Anneal status: T=0.00, dE=16.62, candidate was rejected
Itr 178, LL= -3914253.259522 (4.525356). Anneal status: T=0.00, dE=9.33, candidate was rejected
Itr 179, LL= -3914238.400630 (3.796099). Anneal status: T=0.00, dE=3.45, candidate was rejected
Itr 180, LL= -3914229.639651 (2.238233). Anneal status: T=0.00, dE=8.11, candidate was rejected
Itr 181, LL= -3914220.309242 (2.383715). Anneal status: T=0.00, dE=10.59, candidate was rejected
Itr 182, LL= -3914173.706327 (11.906053). Anneal status: T=0.00, dE=22.17, candidate was rejected
Itr 183, LL= -3914155.504878 (4.650138). Anneal status: T=0.00, dE=8.98, candidate was rejected
Itr 184, LL= -3914144.411344 (2.834209). Anneal status: T=0.00, dE=9.99, candidate was rejected
Itr 185, LL= -3914115.754558 (7.321341). Anneal status: T=0.00, dE=25.83, candidate was rejected
Itr 186, LL= -3914105.287502 (2.674182). Anneal status: T=0.00, dE=5.66, candidate was rejected
Itr 187, LL= -3914058.432297 (11.970860). Anneal status: T=0.00, dE=5.77, candidate was rejected
Itr 188, LL= -3914013.416024 (11.501176). Anneal status: T=0.00, dE=10.71, candidate was rejected
Itr 189, LL= -3914013.609962 (-0.049550). Anneal status: T=0.00, dE=13.63, candidate was rejected
Itr 190, LL= -3914011.970393 (0.418897). Anneal status: T=0.00, dE=11.25, candidate was rejected
Itr 191, LL= -3914003.017470 (2.287403). Anneal status: T=0.00, dE=10.32, candidate was rejected
Itr 192, LL= -3913991.780697 (2.870916). Anneal status: T=0.00, dE=10.57, candidate was rejected
Itr 193, LL= -3913979.456079 (3.148862). Anneal status: T=0.00, dE=4.46, candidate was rejected
Itr 194, LL= -3913973.226432 (1.591640). Anneal status: T=0.00, dE=19.73, candidate was rejected
Itr 195, LL= -3913966.905231 (1.615034). Anneal status: T=0.00, dE=11.47, candidate was rejected
Itr 196, LL= -3913956.189195 (2.737896). Anneal status: T=0.00, dE=10.38, candidate was rejected
Itr 197, LL= -3913952.742543 (0.880606). Anneal status: T=0.00, dE=5.89, candidate was rejected
Itr 198, LL= -3913947.870263 (1.244849). Anneal status: T=0.00, dE=21.17, candidate was rejected
Itr 199, LL= -3913945.002241 (0.732770). Anneal status: T=0.00, dE=12.87, candidate was rejected
Itr 200, LL= -3913937.852812 (1.826655). Anneal status: T=0.00, dE=7.11, candidate was rejected
Itr 201, LL= -3913927.118044 (2.742703). Anneal status: T=0.00, dE=28.25, candidate was rejected
Itr 202, LL= -3913924.837913 (0.582569). Anneal status: T=0.00, dE=11.86, candidate was rejected
Itr 203, LL= -3913920.924521 (0.999864). Anneal status: T=0.00, dE=16.36, candidate was rejected
Itr 204, LL= -3913904.013759 (4.320671). Anneal status: T=0.00, dE=9.82, candidate was rejected
Itr 205, LL= -3913894.513344 (2.427350). Anneal status: T=0.00, dE=18.97, candidate was rejected
Itr 206, LL= -3913883.662852 (2.772301). Anneal status: T=0.00, dE=10.57, candidate was rejected
Itr 207, LL= -3913877.851965 (1.484686). Anneal status: T=0.00, dE=11.91, candidate was rejected
Itr 208, LL= -3913870.262431 (1.939134). Anneal status: T=0.00, dE=21.45, candidate was rejected
Itr 209, LL= -3913850.684724 (5.002135). Anneal status: T=0.00, dE=10.30, candidate was rejected
Itr 210, LL= -3913836.667978 (3.581319). Anneal status: T=0.00, dE=4.51, candidate was rejected
Itr 211, LL= -3913824.198680 (3.185952). Anneal status: T=0.00, dE=2.00, candidate was rejected
Itr 212, LL= -3913815.356889 (2.259118). Anneal status: T=0.00, dE=18.13, candidate was rejected
Itr 213, LL= -3913815.898037 (-0.138266). Anneal status: T=0.00, dE=13.65, candidate was rejected
Itr 214, LL= -3913812.580310 (0.847696). Anneal status: T=0.00, dE=30.05, candidate was rejected
Itr 215, LL= -3913806.810756 (1.474152). Anneal status: T=0.00, dE=5.56, candidate was rejected
Itr 216, LL= -3913796.600657 (2.608739). Anneal status: T=0.00, dE=27.66, candidate was rejected
Itr 217, LL= -3913789.118506 (1.911737). Anneal status: T=0.00, dE=8.51, candidate was rejected
Itr 218, LL= -3913787.241978 (0.479466). Anneal status: T=0.00, dE=3.25, candidate was rejected
Itr 219, LL= -3913779.152235 (2.066986). Anneal status: T=0.00, dE=13.44, candidate was rejected
Itr 220, LL= -3913746.683501 (8.296006). Anneal status: T=0.00, dE=9.17, candidate was rejected
Itr 221, LL= -3913730.094233 (4.238718). Anneal status: T=0.00, dE=13.93, candidate was rejected
Itr 222, LL= -3913716.664535 (3.431432). Anneal status: T=0.00, dE=6.56, candidate was rejected
Itr 223, LL= -3913710.660816 (1.534020). Anneal status: T=0.00, dE=25.89, candidate was rejected
Itr 224, LL= -3913700.544502 (2.584840). Anneal status: T=0.00, dE=29.91, candidate was rejected
Itr 225, LL= -3913694.444577 (1.558608). Anneal status: T=0.00, dE=16.03, candidate was rejected
Itr 226, LL= -3913684.588395 (2.518383). Anneal status: T=0.00, dE=20.14, candidate was rejected
Itr 227, LL= -3913657.419493 (6.942027). Anneal status: T=0.00, dE=5.67, candidate was rejected
Itr 228, LL= -3913653.021089 (1.123860). Anneal status: T=0.00, dE=21.64, candidate was rejected
Itr 229, LL= -3913641.899299 (2.841792). Anneal status: T=0.00, dE=11.78, candidate was rejected
Itr 230, LL= -3913631.220970 (2.728489). Anneal status: T=0.00, dE=5.26, candidate was rejected
Itr 231, LL= -3913620.780131 (2.667814). Anneal status: T=0.00, dE=9.09, candidate was rejected
Itr 232, LL= -3913591.914207 (7.375759). Anneal status: T=0.00, dE=9.37, candidate was rejected
Itr 233, LL= -3913577.586886 (3.660914). Anneal status: T=0.00, dE=14.69, candidate was rejected
Itr 234, LL= -3913563.263773 (3.659852). Anneal status: T=0.00, dE=15.97, candidate was rejected
Itr 235, LL= -3913555.334787 (2.026027). Anneal status: T=0.00, dE=3.13, candidate was rejected
Itr 236, LL= -3913553.537180 (0.459328). Anneal status: T=0.00, dE=4.47, candidate was rejected
Itr 237, LL= -3913547.243357 (1.608212). Anneal status: T=0.00, dE=14.54, candidate was rejected
Itr 238, LL= -3913538.939465 (2.121832). Anneal status: T=0.00, dE=29.84, candidate was rejected
Itr 239, LL= -3913537.204547 (0.443312). Anneal status: T=0.00, dE=9.27, candidate was rejected
Itr 240, LL= -3913537.060870 (0.036713). Anneal status: T=0.00, dE=12.80, candidate was rejected
Itr 241, LL= -3913535.074649 (0.507526). Anneal status: T=0.00, dE=12.29, candidate was rejected
-- Annealing statistics:
Portion of times candidate was better: 0.000000
Portion of times candidate was chosen by chance: 0.000000
--
EM for 29 states, 131 emission nodes. 25 observed values.
            gibbs: 0
    nGibbsItrPcnt: 0.8000
     annealParams: {}
           maxItr: 500
      convergeEps: 1.0000e-06
           minItr: 5
       parametric: 0
        initprobs: []
      persistBias: 0
          obsVals: []

- Initalized simulated annealing with params:
                     type: 'linear'
    max_chance_accpetance: 0.2000
             min_duration: 5
        min_init_duration: 5
             max_duration: 11
              converge_th: 1.0000e-06

--
Itr 1, LL= -15256037.808430 (Inf). Anneal status: T=NaN, dE=-396.29, collecting statistics
Itr 2, LL= -4143729.437204 (Inf). Anneal status: T=NaN, dE=-479.46, collecting statistics
Itr 3, LL= -4028432.022914 (Inf). Anneal status: T=NaN, dE=-155.30, collecting statistics
Itr 4, LL= -3978661.576826 (12354.793578). Anneal status: T=NaN, dE=-248.33, collecting statistics
Itr 5, LL= -3957277.919979 (5374.585507). Anneal status: T=NaN, dE=-105.84, collecting statistics
Itr 6, LL= -3947518.353876 (2466.232168). Anneal status: T=NaN, dE=-20.74, collecting statistics
Itr 7, LL= -3941602.981654 (1498.504045). Anneal status: T=NaN, dE=-13.27, collecting statistics
Itr 8, LL= -3937387.750881 (1069.420434). Anneal status: T=NaN, dE=4.64, collecting statistics
Itr 9, LL= -3934331.442779 (776.227361). Anneal status: T=NaN, dE=1.47, collecting statistics
Itr 10, LL= -3931976.309633 (598.610763). Anneal status: T=NaN, dE=13.80, collecting statistics
Itr 11, LL= -3930126.245729 (470.517561). Anneal status: T=0.90, dE=6.77, candidate was rejected
Itr 12, LL= -3928572.139664 (395.434133). Anneal status: T=0.90, dE=6.24, candidate was rejected
Itr 13, LL= -3927275.798053 (329.977805). Anneal status: T=0.90, dE=23.61, candidate was rejected
Itr 14, LL= -3926256.804907 (259.465645). Anneal status: T=0.90, dE=5.50, candidate was rejected
Itr 15, LL= -3925481.658239 (197.426380). Anneal status: T=0.90, dE=14.78, candidate was rejected
Itr 16, LL= -3924771.773797 (180.840086). Anneal status: T=0.81, dE=4.29, candidate was rejected
Itr 17, LL= -3923991.685685 (198.760121). Anneal status: T=0.81, dE=22.60, candidate was rejected
Itr 18, LL= -3923275.088845 (182.619357). Anneal status: T=0.81, dE=20.77, candidate was rejected
Itr 19, LL= -3922686.968933 (149.905347). Anneal status: T=0.81, dE=9.88, candidate was rejected
Itr 20, LL= -3922162.100264 (133.803353). Anneal status: T=0.81, dE=55.10, candidate was rejected
Itr 21, LL= -3921619.178187 (138.424181). Anneal status: T=0.72, dE=11.11, candidate was rejected
Itr 22, LL= -3921176.561684 (112.865754). Anneal status: T=0.72, dE=4.13, candidate was rejected
Itr 23, LL= -3920776.168037 (102.110589). Anneal status: T=0.72, dE=52.23, candidate was rejected
Itr 24, LL= -3920357.290163 (106.835447). Anneal status: T=0.72, dE=5.40, candidate was rejected
Itr 25, LL= -3919982.836604 (95.515161). Anneal status: T=0.72, dE=10.97, candidate was rejected
Itr 26, LL= -3919733.746199 (63.543749). Anneal status: T=0.63, dE=25.23, candidate was rejected
Itr 27, LL= -3919549.147659 (47.094663). Anneal status: T=0.63, dE=84.67, candidate was rejected
Itr 28, LL= -3919296.720955 (64.401974). Anneal status: T=0.63, dE=15.84, candidate was rejected
Itr 29, LL= -3919098.653625 (50.536447). Anneal status: T=0.63, dE=40.96, candidate was rejected
