My SLURM_ARRAY_TASK_ID:  4

                            < M A T L A B (R) >
                  Copyright 1984-2014 The MathWorks, Inc.
                   R2014b (8.4.0.150421) 64-bit (glnxa64)
                             September 15, 2014

 
For online documentation, see http://www.mathworks.com/support
For product information, visit www.mathworks.com.
 
EM for 4 states, 131 emission nodes. 25 observed values.
            gibbs: 0
    nGibbsItrPcnt: 0.8000
     annealParams: {}
           maxItr: 500
      convergeEps: 1.0000e-06
           minItr: 5
       parametric: 0
        initprobs: []
      persistBias: 0
          obsVals: []

- Initalized simulated annealing with params:
                     type: 'linear'
    max_chance_accpetance: 0.2000
             min_duration: 5
        min_init_duration: 5
             max_duration: 11
              converge_th: 1.0000e-06

--
Itr 1, LL= -15570559.654470 (Inf). Anneal status: T=NaN, dE=133.58, collecting statistics
Itr 2, LL= -4208568.977830 (Inf). Anneal status: T=NaN, dE=412.11, collecting statistics
Itr 3, LL= -4120810.592339 (Inf). Anneal status: T=NaN, dE=498.74, collecting statistics
Itr 4, LL= -4068628.487661 (12663.067983). Anneal status: T=NaN, dE=526.05, collecting statistics
Itr 5, LL= -4056965.480503 (2866.569704). Anneal status: T=58.97, dE=28.84, candidate was rejected
Itr 6, LL= -4053464.189704 (863.031942). Anneal status: T=58.97, dE=208.24, candidate was rejected
Itr 7, LL= -4051931.413140 (378.139905). Anneal status: T=58.97, dE=30.19, candidate was chosen by chance
Itr 8, LL= -4050769.951318 (286.643999). Anneal status: T=58.97, dE=1.42, candidate was chosen by chance
Itr 9, LL= -4049969.141289 (197.693288). Anneal status: T=58.97, dE=30.82, candidate was chosen by chance
Itr 10, LL= -4049334.783504 (156.632745). Anneal status: T=53.07, dE=143.97, candidate was rejected
Itr 11, LL= -4049044.595054 (71.663240). Anneal status: T=53.07, dE=86.60, candidate was rejected
Itr 12, LL= -4048845.022483 (49.288806). Anneal status: T=53.07, dE=55.98, candidate was chosen by chance
Itr 13, LL= -4048692.584971 (37.649629). Anneal status: T=53.07, dE=124.24, candidate was chosen by chance
Itr 14, LL= -4048428.296543 (65.277475). Anneal status: T=53.07, dE=22.96, candidate was rejected
Itr 15, LL= -4048396.748955 (7.792552). Anneal status: T=47.18, dE=80.26, candidate was chosen by chance
Itr 16, LL= -4048243.871922 (37.762365). Anneal status: T=47.18, dE=219.08, candidate was rejected
Itr 17, LL= -4048199.137184 (11.050406). Anneal status: T=47.18, dE=1.36, candidate was chosen by chance
Itr 18, LL= -4048176.869588 (5.500618). Anneal status: T=47.18, dE=2.56, candidate was chosen by chance
Itr 19, LL= -4048159.255091 (4.351217). Anneal status: T=47.18, dE=0.34, candidate was chosen by chance
Itr 20, LL= -4048142.912568 (4.037026). Anneal status: T=41.28, dE=103.35, candidate was rejected
Itr 21, LL= -4048133.680360 (2.280603). Anneal status: T=41.28, dE=3.95, candidate was chosen by chance
Itr 22, LL= -4048121.349972 (3.045944). Anneal status: T=41.28, dE=0.95, candidate was chosen by chance
Itr 23, LL= -4048112.162595 (2.269541). Anneal status: T=41.28, dE=0.85, candidate was chosen by chance
Itr 24, LL= -4048092.873134 (4.765051). Anneal status: T=41.28, dE=209.48, candidate was rejected
Itr 25, LL= -4048111.485120 (-4.597717). Anneal status: T=35.38, dE=27.88, candidate was chosen by chance
Itr 26, LL= -4048080.319052 (7.698916). Anneal status: T=35.38, dE=38.35, candidate was rejected
Itr 27, LL= -4048072.173514 (2.012198). Anneal status: T=35.38, dE=114.14, candidate was rejected
Itr 28, LL= -4048068.030306 (1.023502). Anneal status: T=35.38, dE=4.78, candidate was chosen by chance
Itr 29, LL= -4048056.010030 (2.969386). Anneal status: T=35.38, dE=105.49, candidate was rejected
Itr 30, LL= -4048050.608026 (1.334469). Anneal status: T=29.49, dE=0.04, candidate was chosen by chance
Itr 31, LL= -4048049.661879 (0.233729). Anneal status: T=29.49, dE=4.26, candidate was chosen by chance
Itr 32, LL= -4048033.487063 (3.995706). Anneal status: T=29.49, dE=1.87, candidate was chosen by chance
Itr 33, LL= -4048025.947142 (1.862613). Anneal status: T=29.49, dE=139.62, candidate was rejected
Itr 34, LL= -4048034.166258 (-2.030401). Anneal status: T=29.49, dE=11.73, candidate was chosen by chance
Itr 35, LL= -4048020.710911 (3.323921). Anneal status: T=23.59, dE=0.50, candidate was chosen by chance
Itr 36, LL= -4048015.873490 (1.195009). Anneal status: T=23.59, dE=175.97, candidate was rejected
Itr 37, LL= -4048012.526144 (0.826910). Anneal status: T=23.59, dE=71.86, candidate was rejected
Itr 38, LL= -4048010.389046 (0.527937). Anneal status: T=23.59, dE=0.88, candidate was chosen by chance
Itr 39, LL= -4048006.062975 (1.068691). Anneal status: T=23.59, dE=77.53, candidate was rejected
Itr 40, LL= -4048003.213803 (0.703846). Anneal status: T=17.69, dE=27.28, candidate was rejected
Itr 41, LL= -4048000.547681 (0.658626). Anneal status: T=17.69, dE=25.05, candidate was rejected
Itr 42, LL= -4047995.228654 (1.313989). Anneal status: T=17.69, dE=1.24, candidate was chosen by chance
Itr 43, LL= -4047981.763893 (3.326279). Anneal status: T=17.69, dE=12.23, candidate was rejected
Itr 44, LL= -4047978.348642 (0.843692). Anneal status: T=17.69, dE=1.57, candidate was chosen by chance
Itr 45, LL= -4047973.921542 (1.093657). Anneal status: T=11.79, dE=0.42, candidate was chosen by chance
Itr 46, LL= -4047970.370796 (0.877166). Anneal status: T=11.79, dE=53.65, candidate was rejected
Itr 47, LL= -4047967.142611 (0.797482). Anneal status: T=11.79, dE=92.92, candidate was rejected
Itr 48, LL= -4047964.094445 (0.753012). Anneal status: T=11.79, dE=67.82, candidate was rejected
-- Annealing statistics:
Portion of times candidate was better: 0.000000
Portion of times candidate was chosen by chance: 0.479167
--
EM for 4 states, 131 emission nodes. 25 observed values.
            gibbs: 0
    nGibbsItrPcnt: 0.8000
     annealParams: {}
           maxItr: 500
      convergeEps: 1.0000e-06
           minItr: 5
       parametric: 0
        initprobs: []
      persistBias: 0
          obsVals: []

- Initalized simulated annealing with params:
                     type: 'linear'
    max_chance_accpetance: 0.2000
             min_duration: 5
        min_init_duration: 5
             max_duration: 11
              converge_th: 1.0000e-06

--
Itr 1, LL= -15592739.359647 (Inf). Anneal status: T=NaN, dE=-1038.66, collecting statistics
Itr 2, LL= -4181106.959585 (Inf). Anneal status: T=NaN, dE=181.80, collecting statistics
Itr 3, LL= -4096661.402514 (Inf). Anneal status: T=NaN, dE=-536.88, collecting statistics
Itr 4, LL= -4075948.545804 (5056.033359). Anneal status: T=NaN, dE=779.62, collecting statistics
Itr 5, LL= -4069148.566040 (1668.318353). Anneal status: T=NaN, dE=-3.86, collecting statistics
Itr 6, LL= -4064803.344663 (1067.845351). Anneal status: T=NaN, dE=-9.90, collecting statistics
Itr 7, LL= -4061147.525139 (899.384106). Anneal status: T=NaN, dE=388.46, collecting statistics
Itr 8, LL= -4058136.958036 (741.309466). Anneal status: T=NaN, dE=-5.19, collecting statistics
Itr 9, LL= -4056165.838974 (485.720192). Anneal status: T=5.87, dE=11.56, candidate was chosen by chance
Itr 10, LL= -4055002.909854 (286.706502). Anneal status: T=5.87, dE=47.57, candidate was rejected
Itr 11, LL= -4054129.058466 (215.499571). Anneal status: T=5.87, dE=69.39, candidate was rejected
Itr 12, LL= -4053268.501341 (212.266830). Anneal status: T=5.87, dE=-1.80, candidate was better
Itr 13, LL= -4052438.562952 (204.757812). Anneal status: T=5.87, dE=3.43, candidate was chosen by chance
Itr 14, LL= -4051448.293602 (244.363816). Anneal status: T=5.28, dE=-1.16, candidate was better
Itr 15, LL= -4050739.364363 (174.981682). Anneal status: T=3.61, dE=-0.94, candidate was better
Itr 16, LL= -4050213.142018 (129.907727). Anneal status: T=3.61, dE=70.09, candidate was rejected
Itr 17, LL= -4049766.698794 (110.227094). Anneal status: T=3.61, dE=253.83, candidate was rejected
Itr 18, LL= -4049461.957667 (75.249057). Anneal status: T=3.61, dE=58.87, candidate was rejected
Itr 19, LL= -4049271.317793 (47.077828). Anneal status: T=3.61, dE=49.26, candidate was rejected
Itr 20, LL= -4049166.135274 (25.975666). Anneal status: T=3.24, dE=1.03, candidate was chosen by chance
Itr 21, LL= -4049044.051526 (30.150343). Anneal status: T=2.79, dE=1.97, candidate was chosen by chance
Itr 22, LL= -4048862.093126 (44.938607). Anneal status: T=2.79, dE=1.95, candidate was chosen by chance
Itr 23, LL= -4048732.738138 (31.948480). Anneal status: T=2.79, dE=37.63, candidate was rejected
Itr 24, LL= -4048657.072265 (18.688779). Anneal status: T=2.79, dE=30.04, candidate was rejected
Itr 25, LL= -4048562.302956 (23.407591). Anneal status: T=2.79, dE=0.07, candidate was chosen by chance
Itr 26, LL= -4048475.483776 (21.444447). Anneal status: T=2.52, dE=24.56, candidate was rejected
Itr 27, LL= -4048390.095694 (21.091416). Anneal status: T=2.52, dE=202.94, candidate was rejected
Itr 28, LL= -4048335.290951 (13.537416). Anneal status: T=2.52, dE=50.42, candidate was rejected
Itr 29, LL= -4048289.990595 (11.189873). Anneal status: T=2.52, dE=4.04, candidate was rejected
Itr 30, LL= -4048230.305791 (14.743214). Anneal status: T=2.52, dE=0.84, candidate was chosen by chance
Itr 31, LL= -4048191.207855 (9.658032). Anneal status: T=2.24, dE=382.48, candidate was rejected
Itr 32, LL= -4048146.584818 (11.022957). Anneal status: T=2.24, dE=0.75, candidate was chosen by chance
Itr 33, LL= -4048067.446574 (19.549253). Anneal status: T=2.24, dE=141.34, candidate was rejected
Itr 34, LL= -4048038.628339 (7.119011). Anneal status: T=2.24, dE=158.85, candidate was rejected
Itr 35, LL= -4048016.213140 (5.537299). Anneal status: T=2.24, dE=48.40, candidate was rejected
Itr 36, LL= -4048004.975924 (2.775981). Anneal status: T=1.96, dE=107.75, candidate was rejected
Itr 37, LL= -4048002.239030 (0.676109). Anneal status: T=1.96, dE=0.77, candidate was chosen by chance
Itr 38, LL= -4047992.459959 (2.415777). Anneal status: T=1.96, dE=83.41, candidate was rejected
Itr 39, LL= -4047982.225989 (2.528160). Anneal status: T=1.96, dE=1.25, candidate was chosen by chance
Itr 40, LL= -4047978.829956 (0.838945). Anneal status: T=1.96, dE=0.75, candidate was rejected
Itr 41, LL= -4047977.954615 (0.216241). Anneal status: T=1.68, dE=0.87, candidate was chosen by chance
Itr 42, LL= -4047974.256413 (0.913593). Anneal status: T=1.68, dE=1.67, candidate was rejected
-- Annealing statistics:
Portion of times candidate was better: 0.071429
Portion of times candidate was chosen by chance: 0.261905
--
EM for 4 states, 131 emission nodes. 25 observed values.
            gibbs: 0
    nGibbsItrPcnt: 0.8000
     annealParams: {}
           maxItr: 500
      convergeEps: 1.0000e-06
           minItr: 5
       parametric: 0
        initprobs: []
      persistBias: 0
          obsVals: []

- Initalized simulated annealing with params:
                     type: 'linear'
    max_chance_accpetance: 0.2000
             min_duration: 5
        min_init_duration: 5
             max_duration: 11
              converge_th: 1.0000e-06

--
Itr 1, LL= -15498000.454469 (Inf). Anneal status: T=NaN, dE=66.97, collecting statistics
Itr 2, LL= -4192340.545503 (Inf). Anneal status: T=NaN, dE=310.61, collecting statistics
Itr 3, LL= -4094224.132547 (Inf). Anneal status: T=NaN, dE=484.48, collecting statistics
Itr 4, LL= -4064934.516821 (7153.886738). Anneal status: T=NaN, dE=366.48, collecting statistics
Itr 5, LL= -4058225.164634 (1650.543732). Anneal status: T=42.89, dE=58.76, candidate was rejected
Itr 6, LL= -4055372.490167 (702.936469). Anneal status: T=42.89, dE=139.92, candidate was rejected
Itr 7, LL= -4053124.754066 (554.261318). Anneal status: T=42.89, dE=-1.81, candidate was better
Itr 8, LL= -4051222.747472 (469.269196). Anneal status: T=42.89, dE=48.28, candidate was rejected
Itr 9, LL= -4049932.562359 (318.468076). Anneal status: T=42.89, dE=24.73, candidate was rejected
Itr 10, LL= -4049100.850789 (205.364301). Anneal status: T=38.60, dE=105.38, candidate was rejected
Itr 11, LL= -4048588.868570 (126.443435). Anneal status: T=38.60, dE=28.48, candidate was chosen by chance
Itr 12, LL= -4048203.272427 (95.242109). Anneal status: T=38.60, dE=66.27, candidate was rejected
Itr 13, LL= -4047955.342336 (61.244477). Anneal status: T=38.60, dE=4.60, candidate was chosen by chance
Itr 14, LL= -4047761.333785 (47.927542). Anneal status: T=38.60, dE=0.71, candidate was chosen by chance
Itr 15, LL= -4047662.629294 (24.384958). Anneal status: T=34.31, dE=45.57, candidate was chosen by chance
Itr 16, LL= -4047514.775613 (36.528163). Anneal status: T=34.31, dE=5.21, candidate was chosen by chance
Itr 17, LL= -4047434.121220 (19.926893). Anneal status: T=34.31, dE=113.90, candidate was rejected
Itr 18, LL= -4047390.449117 (10.790071). Anneal status: T=34.31, dE=14.30, candidate was chosen by chance
Itr 19, LL= -4047331.535903 (14.555851). Anneal status: T=34.31, dE=0.01, candidate was chosen by chance
Itr 20, LL= -4047301.402837 (7.445169). Anneal status: T=30.03, dE=0.37, candidate was chosen by chance
Itr 21, LL= -4047278.388801 (5.686267). Anneal status: T=30.03, dE=21.03, candidate was rejected
Itr 22, LL= -4047257.994057 (5.039126). Anneal status: T=30.03, dE=58.12, candidate was rejected
Itr 23, LL= -4047297.800216 (-9.835340). Anneal status: T=30.03, dE=63.87, candidate was chosen by chance
Itr 24, LL= -4047201.345652 (23.831843). Anneal status: T=30.03, dE=13.42, candidate was chosen by chance
Itr 25, LL= -4047166.785848 (8.539186). Anneal status: T=25.74, dE=1.52, candidate was chosen by chance
Itr 26, LL= -4047145.146051 (5.346900). Anneal status: T=25.74, dE=0.86, candidate was chosen by chance
Itr 27, LL= -4047124.696906 (5.052733). Anneal status: T=25.74, dE=0.65, candidate was chosen by chance
Itr 28, LL= -4047110.940443 (3.399071). Anneal status: T=25.74, dE=2.67, candidate was chosen by chance
Itr 29, LL= -4047094.960945 (3.948372). Anneal status: T=25.74, dE=237.04, candidate was rejected
Itr 30, LL= -4047083.923561 (2.727236). Anneal status: T=21.45, dE=0.18, candidate was chosen by chance
Itr 31, LL= -4047073.822373 (2.495918). Anneal status: T=21.45, dE=0.85, candidate was chosen by chance
Itr 32, LL= -4047062.985845 (2.677621). Anneal status: T=21.45, dE=1.40, candidate was chosen by chance
Itr 33, LL= -4047049.077467 (3.436660). Anneal status: T=21.45, dE=105.30, candidate was rejected
Itr 34, LL= -4047036.287904 (3.160220). Anneal status: T=21.45, dE=251.54, candidate was rejected
Itr 35, LL= -4047020.750252 (3.839267). Anneal status: T=17.16, dE=2.07, candidate was chosen by chance
Itr 36, LL= -4047002.105437 (4.607047). Anneal status: T=17.16, dE=2.53, candidate was chosen by chance
Itr 37, LL= -4046978.446667 (5.845999). Anneal status: T=17.16, dE=0.47, candidate was chosen by chance
Itr 38, LL= -4046959.367435 (4.714439). Anneal status: T=17.16, dE=3.43, candidate was rejected
Itr 39, LL= -4046941.523199 (4.409294). Anneal status: T=17.16, dE=1.89, candidate was chosen by chance
Itr 40, LL= -4046920.755126 (5.131795). Anneal status: T=12.87, dE=3.91, candidate was chosen by chance
Itr 41, LL= -4046897.614534 (5.718074). Anneal status: T=12.87, dE=28.50, candidate was rejected
Itr 42, LL= -4046880.861429 (4.139740). Anneal status: T=12.87, dE=0.07, candidate was chosen by chance
Itr 43, LL= -4046864.070094 (4.149204). Anneal status: T=12.87, dE=121.58, candidate was rejected
Itr 44, LL= -4046845.128541 (4.680551). Anneal status: T=12.87, dE=84.87, candidate was rejected
Itr 45, LL= -4046828.128662 (4.200773). Anneal status: T=8.58, dE=185.54, candidate was rejected
Itr 46, LL= -4046810.256716 (4.416285). Anneal status: T=8.58, dE=393.02, candidate was rejected
Itr 47, LL= -4046791.297075 (4.685083). Anneal status: T=8.58, dE=1.49, candidate was chosen by chance
Itr 48, LL= -4046770.334051 (5.180159). Anneal status: T=8.58, dE=138.95, candidate was rejected
Itr 49, LL= -4046749.667701 (5.106875). Anneal status: T=8.58, dE=194.61, candidate was rejected
Itr 50, LL= -4046728.826209 (5.150181). Anneal status: T=4.29, dE=77.45, candidate was rejected
Itr 51, LL= -4046709.155064 (4.860999). Anneal status: T=4.29, dE=1.91, candidate was rejected
Itr 52, LL= -4046691.574782 (4.344340). Anneal status: T=4.29, dE=37.61, candidate was rejected
Itr 53, LL= -4046676.901634 (3.625961). Anneal status: T=4.29, dE=127.98, candidate was rejected
Itr 54, LL= -4046665.452711 (2.829216). Anneal status: T=4.29, dE=0.40, candidate was chosen by chance
Itr 55, LL= -4046651.653914 (3.409918). Anneal status: T=0.00, dE=0.55, candidate was rejected
Itr 56, LL= -4046640.837256 (2.672989). Anneal status: T=0.00, dE=3.27, candidate was rejected
Itr 57, LL= -4046635.869246 (1.227688). Anneal status: T=0.00, dE=1.94, candidate was rejected
Itr 58, LL= -4046632.587689 (0.810934). Anneal status: T=0.00, dE=17.53, candidate was rejected
Itr 59, LL= -4046626.295599 (1.554895). Anneal status: T=0.00, dE=2.15, candidate was rejected
Itr 60, LL= -4046623.515065 (0.687124). Anneal status: T=0.00, dE=0.97, candidate was rejected
Itr 61, LL= -4046617.945480 (1.376354). Anneal status: T=0.00, dE=1.44, candidate was rejected
Itr 62, LL= -4046612.134414 (1.436030). Anneal status: T=0.00, dE=12.05, candidate was rejected
Itr 63, LL= -4046608.804700 (0.822840). Anneal status: T=0.00, dE=-0.01, candidate was better
Itr 64, LL= -4046608.830347 (-0.006338). Anneal status: T=0.00, dE=0.14, candidate was rejected
Itr 65, LL= -4046605.640786 (0.788206). Anneal status: T=0.00, dE=140.86, candidate was rejected
-- Annealing statistics:
Portion of times candidate was better: 0.030769
Portion of times candidate was chosen by chance: 0.384615
--
EM for 4 states, 131 emission nodes. 25 observed values.
            gibbs: 0
    nGibbsItrPcnt: 0.8000
     annealParams: {}
           maxItr: 500
      convergeEps: 1.0000e-06
           minItr: 5
       parametric: 0
        initprobs: []
      persistBias: 0
          obsVals: []

- Initalized simulated annealing with params:
                     type: 'linear'
    max_chance_accpetance: 0.2000
             min_duration: 5
        min_init_duration: 5
             max_duration: 11
              converge_th: 1.0000e-06

--
Itr 1, LL= -15637289.792909 (Inf). Anneal status: T=NaN, dE=-121.80, collecting statistics
Itr 2, LL= -4192531.513311 (Inf). Anneal status: T=NaN, dE=350.54, collecting statistics
Itr 3, LL= -4096738.324189 (Inf). Anneal status: T=NaN, dE=-1042.72, collecting statistics
Itr 4, LL= -4072185.290506 (5993.312665). Anneal status: T=NaN, dE=-450.00, collecting statistics
Itr 5, LL= -4062261.897858 (2436.871591). Anneal status: T=NaN, dE=309.60, collecting statistics
Itr 6, LL= -4058733.465896 (868.588006). Anneal status: T=NaN, dE=-11.48, collecting statistics
Itr 7, LL= -4057719.836881 (249.740226). Anneal status: T=NaN, dE=-9.97, collecting statistics
Itr 8, LL= -4057369.310167 (86.385144). Anneal status: T=NaN, dE=80.48, collecting statistics
Itr 9, LL= -4057341.142830 (6.942266). Anneal status: T=49.63, dE=118.83, candidate was chosen by chance
Itr 10, LL= -4057172.304080 (41.613151). Anneal status: T=49.63, dE=13.67, candidate was chosen by chance
Itr 11, LL= -4057116.411899 (13.776142). Anneal status: T=49.63, dE=1.37, candidate was chosen by chance
Itr 12, LL= -4057217.127481 (-24.824425). Anneal status: T=49.63, dE=128.21, candidate was chosen by chance
Itr 13, LL= -4057080.908405 (33.574510). Anneal status: T=49.63, dE=1.11, candidate was chosen by chance
Itr 14, LL= -4057063.702232 (4.241023). Anneal status: T=44.67, dE=44.09, candidate was rejected
Itr 15, LL= -4057076.187430 (-3.077398). Anneal status: T=44.67, dE=25.96, candidate was chosen by chance
Itr 16, LL= -4057120.553612 (-10.935506). Anneal status: T=44.67, dE=81.94, candidate was chosen by chance
Itr 17, LL= -4057046.589910 (18.230590). Anneal status: T=44.67, dE=16.56, candidate was chosen by chance
Itr 18, LL= -4057023.708250 (5.639980). Anneal status: T=44.67, dE=1.99, candidate was chosen by chance
Itr 19, LL= -4057014.928921 (2.163983). Anneal status: T=39.71, dE=108.21, candidate was rejected
Itr 20, LL= -4057014.467518 (0.113730). Anneal status: T=39.71, dE=0.36, candidate was chosen by chance
Itr 21, LL= -4057013.952554 (0.126932). Anneal status: T=39.71, dE=0.37, candidate was rejected
Itr 22, LL= -4057014.986696 (-0.254902). Anneal status: T=39.71, dE=1.27, candidate was chosen by chance
-- Annealing statistics:
Portion of times candidate was better: 0.000000
Portion of times candidate was chosen by chance: 0.500000
--
>> 