My SLURM_ARRAY_TASK_ID:  8

                            < M A T L A B (R) >
                  Copyright 1984-2014 The MathWorks, Inc.
                   R2014b (8.4.0.150421) 64-bit (glnxa64)
                             September 15, 2014

 
For online documentation, see http://www.mathworks.com/support
For product information, visit www.mathworks.com.
 
EM for 8 states, 131 emission nodes. 25 observed values.
            gibbs: 0
    nGibbsItrPcnt: 0.8000
     annealParams: {}
           maxItr: 500
      convergeEps: 1.0000e-06
           minItr: 5
       parametric: 0
        initprobs: []
      persistBias: 0
          obsVals: []

- Initalized simulated annealing with params:
                     type: 'linear'
    max_chance_accpetance: 0.2000
             min_duration: 5
        min_init_duration: 5
             max_duration: 11
              converge_th: 1.0000e-06

--
Itr 1, LL= -15328870.337358 (Inf). Anneal status: T=NaN, dE=525.81, collecting statistics
Itr 2, LL= -4149264.384492 (Inf). Anneal status: T=NaN, dE=-762.24, collecting statistics
Itr 3, LL= -4058368.043208 (Inf). Anneal status: T=NaN, dE=-733.36, collecting statistics
Itr 4, LL= -4011130.397324 (11639.566787). Anneal status: T=NaN, dE=-107.44, collecting statistics
Itr 5, LL= -3996755.684293 (3583.706239). Anneal status: T=NaN, dE=177.68, collecting statistics
Itr 6, LL= -3992301.911007 (1114.347145). Anneal status: T=NaN, dE=16.38, collecting statistics
Itr 7, LL= -3990212.794968 (523.286085). Anneal status: T=36.18, dE=55.23, candidate was rejected
Itr 8, LL= -3989216.301051 (249.734530). Anneal status: T=36.18, dE=20.03, candidate was chosen by chance
Itr 9, LL= -3988661.089705 (139.178050). Anneal status: T=36.18, dE=22.22, candidate was rejected
Itr 10, LL= -3988340.679088 (80.330369). Anneal status: T=36.18, dE=1.45, candidate was chosen by chance
Itr 11, LL= -3988126.486322 (53.704732). Anneal status: T=36.18, dE=5.91, candidate was chosen by chance
Itr 12, LL= -3987943.493643 (45.884372). Anneal status: T=32.56, dE=136.13, candidate was rejected
Itr 13, LL= -3987815.029300 (32.213180). Anneal status: T=32.56, dE=23.84, candidate was chosen by chance
Itr 14, LL= -3987697.914114 (29.368259). Anneal status: T=32.56, dE=12.65, candidate was rejected
Itr 15, LL= -3987619.233996 (19.730712). Anneal status: T=32.56, dE=88.75, candidate was rejected
Itr 16, LL= -3987551.958153 (16.871180). Anneal status: T=32.56, dE=19.31, candidate was chosen by chance
Itr 17, LL= -3987488.789027 (15.841581). Anneal status: T=28.94, dE=4.92, candidate was chosen by chance
Itr 18, LL= -3987467.371243 (5.371246). Anneal status: T=28.94, dE=38.26, candidate was chosen by chance
Itr 19, LL= -3987384.253732 (20.844687). Anneal status: T=28.94, dE=4.46, candidate was rejected
Itr 20, LL= -3987343.418523 (10.241102). Anneal status: T=28.94, dE=82.02, candidate was rejected
Itr 21, LL= -3987312.105116 (7.853200). Anneal status: T=28.94, dE=0.13, candidate was chosen by chance
Itr 22, LL= -3987265.983733 (11.567036). Anneal status: T=25.33, dE=26.70, candidate was rejected
Itr 23, LL= -3987211.182990 (13.743939). Anneal status: T=25.33, dE=74.10, candidate was rejected
Itr 24, LL= -3987165.127734 (11.550744). Anneal status: T=25.33, dE=50.80, candidate was rejected
Itr 25, LL= -3987130.288428 (8.737864). Anneal status: T=25.33, dE=2.01, candidate was chosen by chance
Itr 26, LL= -3987121.070392 (2.311947). Anneal status: T=25.33, dE=19.90, candidate was chosen by chance
Itr 27, LL= -3987107.035577 (3.520037). Anneal status: T=21.71, dE=24.03, candidate was chosen by chance
Itr 28, LL= -3987085.507389 (5.399451). Anneal status: T=21.71, dE=17.25, candidate was chosen by chance
Itr 29, LL= -3987055.829135 (7.443596). Anneal status: T=21.71, dE=3.84, candidate was rejected
Itr 30, LL= -3987040.821304 (3.764138). Anneal status: T=21.71, dE=26.20, candidate was rejected
Itr 31, LL= -3987022.392397 (4.622202). Anneal status: T=21.71, dE=3.48, candidate was chosen by chance
Itr 32, LL= -3987010.145821 (3.071609). Anneal status: T=18.09, dE=1.49, candidate was chosen by chance
Itr 33, LL= -3986998.469850 (2.928503). Anneal status: T=18.09, dE=116.20, candidate was rejected
Itr 34, LL= -3986995.522091 (0.739343). Anneal status: T=18.09, dE=18.56, candidate was chosen by chance
Itr 35, LL= -3986965.142564 (7.619654). Anneal status: T=18.09, dE=87.86, candidate was rejected
Itr 36, LL= -3986974.143097 (-2.257490). Anneal status: T=18.09, dE=16.86, candidate was chosen by chance
Itr 37, LL= -3986951.762642 (5.613394). Anneal status: T=14.47, dE=35.43, candidate was rejected
Itr 38, LL= -3986943.965559 (1.955650). Anneal status: T=14.47, dE=130.37, candidate was rejected
Itr 39, LL= -3986945.861571 (-0.475555). Anneal status: T=14.47, dE=4.28, candidate was chosen by chance
Itr 40, LL= -3986950.383096 (-1.134082). Anneal status: T=14.47, dE=12.98, candidate was chosen by chance
Itr 41, LL= -3986931.559136 (4.721393). Anneal status: T=14.47, dE=0.80, candidate was chosen by chance
Itr 42, LL= -3986926.480493 (1.273823). Anneal status: T=10.85, dE=71.34, candidate was rejected
Itr 43, LL= -3986924.334313 (0.538304). Anneal status: T=10.85, dE=73.64, candidate was rejected
Itr 44, LL= -3986925.284183 (-0.238246). Anneal status: T=10.85, dE=2.91, candidate was chosen by chance
Itr 45, LL= -3986921.712999 (0.895724). Anneal status: T=10.85, dE=1.15, candidate was chosen by chance
-- Annealing statistics:
Portion of times candidate was better: 0.000000
Portion of times candidate was chosen by chance: 0.466667
--
EM for 8 states, 131 emission nodes. 25 observed values.
            gibbs: 0
    nGibbsItrPcnt: 0.8000
     annealParams: {}
           maxItr: 500
      convergeEps: 1.0000e-06
           minItr: 5
       parametric: 0
        initprobs: []
      persistBias: 0
          obsVals: []

- Initalized simulated annealing with params:
                     type: 'linear'
    max_chance_accpetance: 0.2000
             min_duration: 5
        min_init_duration: 5
             max_duration: 11
              converge_th: 1.0000e-06

--
Itr 1, LL= -15392633.318652 (Inf). Anneal status: T=NaN, dE=1335.70, collecting statistics
Itr 2, LL= -4154188.940687 (Inf). Anneal status: T=NaN, dE=-1560.37, collecting statistics
Itr 3, LL= -4061700.104461 (Inf). Anneal status: T=NaN, dE=28.36, collecting statistics
Itr 4, LL= -4020472.709873 (10150.280308). Anneal status: T=NaN, dE=-167.90, collecting statistics
Itr 5, LL= -4002825.416886 (4389.357735). Anneal status: T=NaN, dE=-8.85, collecting statistics
Itr 6, LL= -3996711.872386 (1527.307305). Anneal status: T=NaN, dE=31.31, collecting statistics
Itr 7, LL= -3993956.116788 (689.505695). Anneal status: T=NaN, dE=-4.14, collecting statistics
Itr 8, LL= -3991991.820290 (491.817246). Anneal status: T=9.27, dE=7.23, candidate was rejected
Itr 9, LL= -3990599.698143 (348.728707). Anneal status: T=9.27, dE=71.52, candidate was rejected
Itr 10, LL= -3989613.180084 (247.210478). Anneal status: T=9.27, dE=1.35, candidate was rejected
Itr 11, LL= -3988968.242944 (161.654053). Anneal status: T=9.27, dE=74.64, candidate was rejected
Itr 12, LL= -3988658.749583 (77.587321). Anneal status: T=9.27, dE=11.40, candidate was chosen by chance
Itr 13, LL= -3988449.232480 (52.528210). Anneal status: T=8.34, dE=4.75, candidate was chosen by chance
Itr 14, LL= -3988310.140277 (34.873756). Anneal status: T=8.34, dE=3.47, candidate was chosen by chance
Itr 15, LL= -3988199.298695 (27.791615). Anneal status: T=8.34, dE=5.44, candidate was chosen by chance
Itr 16, LL= -3988131.149345 (17.087749). Anneal status: T=8.34, dE=89.50, candidate was rejected
Itr 17, LL= -3988082.720386 (12.143271). Anneal status: T=8.34, dE=54.55, candidate was rejected
Itr 18, LL= -3988047.852537 (8.743011). Anneal status: T=7.41, dE=2.20, candidate was chosen by chance
Itr 19, LL= -3988025.083238 (5.709384). Anneal status: T=7.41, dE=4.33, candidate was chosen by chance
Itr 20, LL= -3988002.092928 (5.764836). Anneal status: T=7.41, dE=41.99, candidate was rejected
Itr 21, LL= -3987983.333506 (4.703965). Anneal status: T=7.41, dE=6.37, candidate was rejected
Itr 22, LL= -3987956.205794 (6.802363). Anneal status: T=7.41, dE=19.86, candidate was rejected
Itr 23, LL= -3987940.056054 (4.049628). Anneal status: T=6.49, dE=30.76, candidate was rejected
Itr 24, LL= -3987932.813028 (1.816232). Anneal status: T=6.49, dE=1.51, candidate was chosen by chance
Itr 25, LL= -3987923.527265 (2.328465). Anneal status: T=6.49, dE=20.33, candidate was rejected
Itr 26, LL= -3987913.166726 (2.597978). Anneal status: T=6.49, dE=1.98, candidate was chosen by chance
Itr 27, LL= -3987908.223515 (1.239548). Anneal status: T=6.49, dE=3.81, candidate was chosen by chance
Itr 28, LL= -3987896.632270 (2.906598). Anneal status: T=5.56, dE=56.87, candidate was rejected
Itr 29, LL= -3987886.047974 (2.654105). Anneal status: T=5.56, dE=23.20, candidate was rejected
Itr 30, LL= -3987876.767488 (2.327169). Anneal status: T=5.56, dE=24.87, candidate was rejected
Itr 31, LL= -3987868.750592 (2.010317). Anneal status: T=5.56, dE=35.63, candidate was rejected
Itr 32, LL= -3987860.772217 (2.000661). Anneal status: T=5.56, dE=44.68, candidate was rejected
Itr 33, LL= -3987854.438364 (1.588283). Anneal status: T=4.63, dE=6.16, candidate was rejected
Itr 34, LL= -3987847.857297 (1.650278). Anneal status: T=4.63, dE=50.11, candidate was rejected
Itr 35, LL= -3987842.460347 (1.353349). Anneal status: T=4.63, dE=6.50, candidate was rejected
Itr 36, LL= -3987836.920883 (1.389088). Anneal status: T=4.63, dE=27.53, candidate was rejected
Itr 37, LL= -3987831.870633 (1.266413). Anneal status: T=4.63, dE=59.02, candidate was rejected
Itr 38, LL= -3987827.012017 (1.218360). Anneal status: T=3.71, dE=42.04, candidate was rejected
Itr 39, LL= -3987821.192918 (1.459215). Anneal status: T=3.71, dE=1.99, candidate was chosen by chance
Itr 40, LL= -3987811.560406 (2.415482). Anneal status: T=3.71, dE=4.59, candidate was chosen by chance
Itr 41, LL= -3987801.377903 (2.553406). Anneal status: T=3.71, dE=25.88, candidate was rejected
Itr 42, LL= -3987797.005252 (1.096507). Anneal status: T=3.71, dE=23.28, candidate was rejected
Itr 43, LL= -3987794.072857 (0.735342). Anneal status: T=2.78, dE=0.41, candidate was rejected
Itr 44, LL= -3987801.797562 (-1.937087). Anneal status: T=2.78, dE=9.10, candidate was chosen by chance
Itr 45, LL= -3987792.641348 (2.296056). Anneal status: T=2.78, dE=4.82, candidate was rejected
Itr 46, LL= -3987791.882735 (0.190234). Anneal status: T=2.78, dE=2.43, candidate was rejected
Itr 47, LL= -3987794.254370 (-0.594724). Anneal status: T=2.78, dE=3.46, candidate was chosen by chance
Itr 48, LL= -3987788.852866 (1.354509). Anneal status: T=1.85, dE=0.43, candidate was chosen by chance
Itr 49, LL= -3987787.123501 (0.433665). Anneal status: T=1.85, dE=13.28, candidate was rejected
Itr 50, LL= -3987786.619703 (0.126335). Anneal status: T=1.85, dE=47.31, candidate was rejected
Itr 51, LL= -3987786.148946 (0.118050). Anneal status: T=1.85, dE=2.37, candidate was rejected
-- Annealing statistics:
Portion of times candidate was better: 0.000000
Portion of times candidate was chosen by chance: 0.274510
--
EM for 8 states, 131 emission nodes. 25 observed values.
            gibbs: 0
    nGibbsItrPcnt: 0.8000
     annealParams: {}
           maxItr: 500
      convergeEps: 1.0000e-06
           minItr: 5
       parametric: 0
        initprobs: []
      persistBias: 0
          obsVals: []

- Initalized simulated annealing with params:
                     type: 'linear'
    max_chance_accpetance: 0.2000
             min_duration: 5
        min_init_duration: 5
             max_duration: 11
              converge_th: 1.0000e-06

--
Itr 1, LL= -15505168.253388 (Inf). Anneal status: T=NaN, dE=-175.19, collecting statistics
Itr 2, LL= -4156433.021321 (Inf). Anneal status: T=NaN, dE=-577.55, collecting statistics
Itr 3, LL= -4067446.311799 (Inf). Anneal status: T=NaN, dE=-82.14, collecting statistics
Itr 4, LL= -4038430.781693 (7133.598794). Anneal status: T=NaN, dE=171.95, collecting statistics
Itr 5, LL= -4027525.529854 (2700.368640). Anneal status: T=NaN, dE=-19.04, collecting statistics
Itr 6, LL= -4020115.692721 (1839.798923). Anneal status: T=NaN, dE=-47.35, collecting statistics
Itr 7, LL= -4012372.840371 (1926.027244). Anneal status: T=NaN, dE=90.97, collecting statistics
Itr 8, LL= -4007271.829593 (1271.320234). Anneal status: T=NaN, dE=-9.42, collecting statistics
Itr 9, LL= -4004124.018143 (785.524812). Anneal status: T=NaN, dE=45.39, collecting statistics
Itr 10, LL= -4001657.701073 (615.944226). Anneal status: T=NaN, dE=-1.72, collecting statistics
Itr 11, LL= -3999886.087140 (442.720009). Anneal status: T=14.72, dE=35.40, candidate was rejected
Itr 12, LL= -3998306.984340 (394.786943). Anneal status: T=14.72, dE=56.28, candidate was rejected
Itr 13, LL= -3996858.389917 (362.301951). Anneal status: T=14.72, dE=2.46, candidate was chosen by chance
Itr 14, LL= -3995750.020416 (277.310175). Anneal status: T=14.72, dE=-1.64, candidate was better
Itr 15, LL= -3994930.764604 (205.031798). Anneal status: T=14.72, dE=1.38, candidate was chosen by chance
Itr 16, LL= -3994229.935462 (175.429609). Anneal status: T=13.25, dE=9.80, candidate was chosen by chance
Itr 17, LL= -3993534.514441 (174.106406). Anneal status: T=13.25, dE=2.55, candidate was chosen by chance
Itr 18, LL= -3992914.621341 (155.224175). Anneal status: T=13.25, dE=43.53, candidate was rejected
Itr 19, LL= -3992508.289701 (101.763168). Anneal status: T=13.25, dE=16.67, candidate was chosen by chance
Itr 20, LL= -3992170.967577 (84.488772). Anneal status: T=13.25, dE=3.78, candidate was chosen by chance
Itr 21, LL= -3991926.671662 (61.193751). Anneal status: T=11.78, dE=62.55, candidate was rejected
Itr 22, LL= -3991746.828923 (45.051614). Anneal status: T=11.78, dE=4.69, candidate was chosen by chance
Itr 23, LL= -3991550.155483 (49.270019). Anneal status: T=11.78, dE=151.29, candidate was rejected
Itr 24, LL= -3991435.287792 (28.777714). Anneal status: T=11.78, dE=5.10, candidate was chosen by chance
Itr 25, LL= -3991337.267146 (24.557744). Anneal status: T=11.78, dE=26.77, candidate was rejected
Itr 26, LL= -3991230.200114 (26.824852). Anneal status: T=10.30, dE=103.74, candidate was rejected
Itr 27, LL= -3991185.649164 (11.162210). Anneal status: T=10.30, dE=23.83, candidate was rejected
Itr 28, LL= -3991053.411903 (33.132325). Anneal status: T=10.30, dE=4.44, candidate was rejected
Itr 29, LL= -3991019.302214 (8.546538). Anneal status: T=10.30, dE=18.63, candidate was rejected
Itr 30, LL= -3990998.960897 (5.096772). Anneal status: T=10.30, dE=17.40, candidate was rejected
Itr 31, LL= -3990961.251264 (9.448670). Anneal status: T=8.83, dE=6.57, candidate was rejected
Itr 32, LL= -3990939.765983 (5.383485). Anneal status: T=8.83, dE=4.39, candidate was chosen by chance
Itr 33, LL= -3990921.215387 (4.648178). Anneal status: T=8.83, dE=14.52, candidate was rejected
Itr 34, LL= -3990914.293846 (1.734321). Anneal status: T=8.83, dE=2.32, candidate was chosen by chance
Itr 35, LL= -3990908.780252 (1.381537). Anneal status: T=8.83, dE=1.30, candidate was chosen by chance
Itr 36, LL= -3990891.580965 (4.309617). Anneal status: T=7.36, dE=17.50, candidate was rejected
Itr 37, LL= -3990859.678080 (7.993924). Anneal status: T=7.36, dE=43.67, candidate was rejected
Itr 38, LL= -3990823.475978 (9.071254). Anneal status: T=7.36, dE=86.00, candidate was rejected
Itr 39, LL= -3990797.170178 (6.591572). Anneal status: T=7.36, dE=3.63, candidate was chosen by chance
Itr 40, LL= -3990780.707527 (4.125153). Anneal status: T=7.36, dE=27.08, candidate was rejected
Itr 41, LL= -3990746.880615 (8.476264). Anneal status: T=5.89, dE=6.81, candidate was rejected
Itr 42, LL= -3990728.033909 (4.722601). Anneal status: T=5.89, dE=140.78, candidate was rejected
Itr 43, LL= -3990721.143914 (1.726501). Anneal status: T=5.89, dE=1.89, candidate was chosen by chance
Itr 44, LL= -3990696.501411 (6.174950). Anneal status: T=5.89, dE=53.32, candidate was rejected
Itr 45, LL= -3990662.788451 (8.447889). Anneal status: T=5.89, dE=2.60, candidate was chosen by chance
Itr 46, LL= -3990649.288356 (3.382920). Anneal status: T=4.42, dE=42.72, candidate was rejected
Itr 47, LL= -3990642.582624 (1.680361). Anneal status: T=4.42, dE=88.23, candidate was rejected
Itr 48, LL= -3990624.201357 (4.606092). Anneal status: T=4.42, dE=2.42, candidate was rejected
Itr 49, LL= -3990609.834655 (3.600114). Anneal status: T=4.42, dE=7.09, candidate was rejected
Itr 50, LL= -3990605.127837 (1.179474). Anneal status: T=4.42, dE=11.82, candidate was rejected
Itr 51, LL= -3990601.789773 (0.836481). Anneal status: T=2.94, dE=3.84, candidate was chosen by chance
Itr 52, LL= -3990582.856401 (4.744491). Anneal status: T=2.94, dE=89.82, candidate was rejected
Itr 53, LL= -3990579.485933 (0.844605). Anneal status: T=2.94, dE=1.61, candidate was rejected
Itr 54, LL= -3990577.550172 (0.485083). Anneal status: T=2.94, dE=24.59, candidate was rejected
Itr 55, LL= -3990575.818852 (0.433852). Anneal status: T=2.94, dE=37.98, candidate was rejected
-- Annealing statistics:
Portion of times candidate was better: 0.018182
Portion of times candidate was chosen by chance: 0.272727
--
EM for 8 states, 131 emission nodes. 25 observed values.
            gibbs: 0
    nGibbsItrPcnt: 0.8000
     annealParams: {}
           maxItr: 500
      convergeEps: 1.0000e-06
           minItr: 5
       parametric: 0
        initprobs: []
      persistBias: 0
          obsVals: []

- Initalized simulated annealing with params:
                     type: 'linear'
    max_chance_accpetance: 0.2000
             min_duration: 5
        min_init_duration: 5
             max_duration: 11
              converge_th: 1.0000e-06

--
Itr 1, LL= -15386814.775684 (Inf). Anneal status: T=NaN, dE=-1931.64, collecting statistics
Itr 2, LL= -4187463.345386 (Inf). Anneal status: T=NaN, dE=-46.02, collecting statistics
Itr 3, LL= -4103677.989513 (Inf). Anneal status: T=NaN, dE=151.11, collecting statistics
Itr 4, LL= -4049627.456960 (13171.241187). Anneal status: T=NaN, dE=-178.78, collecting statistics
Itr 5, LL= -4023199.832065 (6525.939775). Anneal status: T=NaN, dE=-64.46, collecting statistics
Itr 6, LL= -4014170.871453 (2244.223749). Anneal status: T=NaN, dE=9.83, collecting statistics
Itr 7, LL= -4011497.949875 (665.871400). Anneal status: T=NaN, dE=71.33, collecting statistics
Itr 8, LL= -4010420.830846 (268.507935). Anneal status: T=NaN, dE=-3.64, collecting statistics
Itr 9, LL= -4009790.745489 (157.112030). Anneal status: T=13.89, dE=89.82, candidate was rejected
Itr 10, LL= -4009334.203089 (113.856914). Anneal status: T=13.89, dE=27.86, candidate was chosen by chance
Itr 11, LL= -4008858.562842 (118.633225). Anneal status: T=13.89, dE=66.88, candidate was rejected
Itr 12, LL= -4008368.237533 (122.310454). Anneal status: T=13.89, dE=4.20, candidate was chosen by chance
Itr 13, LL= -4007871.865447 (123.833953). Anneal status: T=13.89, dE=14.13, candidate was rejected
Itr 14, LL= -4007360.751971 (127.527400). Anneal status: T=12.50, dE=35.65, candidate was rejected
Itr 15, LL= -4006823.005386 (134.189712). Anneal status: T=12.50, dE=34.17, candidate was rejected
Itr 16, LL= -4006220.044437 (150.483550). Anneal status: T=12.50, dE=105.86, candidate was rejected
Itr 17, LL= -4005468.382723 (187.623672). Anneal status: T=12.50, dE=38.82, candidate was rejected
Itr 18, LL= -4004645.218568 (205.510087). Anneal status: T=12.50, dE=26.45, candidate was rejected
Itr 19, LL= -4003912.894525 (182.868645). Anneal status: T=11.11, dE=1.24, candidate was chosen by chance
Itr 20, LL= -4003250.351545 (165.473875). Anneal status: T=11.11, dE=1.83, candidate was chosen by chance
Itr 21, LL= -4002515.894532 (183.465172). Anneal status: T=11.11, dE=25.32, candidate was rejected
Itr 22, LL= -4001651.573436 (215.944451). Anneal status: T=11.11, dE=1.60, candidate was chosen by chance
Itr 23, LL= -4000815.213259 (209.003748). Anneal status: T=11.11, dE=30.38, candidate was rejected
Itr 24, LL= -4000057.073460 (189.496330). Anneal status: T=9.72, dE=7.30, candidate was chosen by chance
Itr 25, LL= -3999470.383954 (146.670284). Anneal status: T=9.72, dE=1.23, candidate was rejected
Itr 26, LL= -3999039.738893 (107.675522). Anneal status: T=9.72, dE=2.93, candidate was chosen by chance
Itr 27, LL= -3998675.945448 (90.970200). Anneal status: T=9.72, dE=13.29, candidate was rejected
Itr 28, LL= -3998433.330689 (60.673774). Anneal status: T=9.72, dE=40.61, candidate was rejected
Itr 29, LL= -3998234.629388 (49.694789). Anneal status: T=8.33, dE=7.70, candidate was rejected
Itr 30, LL= -3998129.901562 (26.193517). Anneal status: T=8.33, dE=58.64, candidate was rejected
Itr 31, LL= -3998055.579958 (18.589092). Anneal status: T=8.33, dE=3.84, candidate was chosen by chance
Itr 32, LL= -3997995.027983 (15.145356). Anneal status: T=8.33, dE=3.69, candidate was chosen by chance
Itr 33, LL= -3997943.339435 (12.928617). Anneal status: T=8.33, dE=0.92, candidate was chosen by chance
Itr 34, LL= -3997888.435516 (13.733041). Anneal status: T=6.94, dE=80.15, candidate was rejected
Itr 35, LL= -3997852.870480 (8.895955). Anneal status: T=6.94, dE=0.79, candidate was chosen by chance
Itr 36, LL= -3997824.043445 (7.210629). Anneal status: T=6.94, dE=1.85, candidate was rejected
Itr 37, LL= -3997808.396157 (3.913951). Anneal status: T=6.94, dE=12.12, candidate was rejected
Itr 38, LL= -3997793.762306 (3.660468). Anneal status: T=6.94, dE=2.39, candidate was chosen by chance
Itr 39, LL= -3997763.836292 (7.485632). Anneal status: T=5.56, dE=46.54, candidate was rejected
Itr 40, LL= -3997725.448969 (9.602199). Anneal status: T=5.56, dE=85.51, candidate was rejected
Itr 41, LL= -3997701.484036 (5.994642). Anneal status: T=5.56, dE=3.34, candidate was chosen by chance
Itr 42, LL= -3997690.698869 (2.697842). Anneal status: T=5.56, dE=19.99, candidate was rejected
Itr 43, LL= -3997656.469746 (8.562224). Anneal status: T=5.56, dE=141.71, candidate was rejected
Itr 44, LL= -3997634.089607 (5.598315). Anneal status: T=4.17, dE=2.58, candidate was rejected
Itr 45, LL= -3997605.193467 (7.228310). Anneal status: T=4.17, dE=28.37, candidate was rejected
Itr 46, LL= -3997552.400073 (13.206255). Anneal status: T=4.17, dE=4.05, candidate was rejected
Itr 47, LL= -3997531.484565 (5.232079). Anneal status: T=4.17, dE=93.54, candidate was rejected
Itr 48, LL= -3997517.333627 (3.539919). Anneal status: T=4.17, dE=4.02, candidate was rejected
Itr 49, LL= -3997506.476196 (2.716043). Anneal status: T=2.78, dE=17.50, candidate was rejected
Itr 50, LL= -3997496.560221 (2.480540). Anneal status: T=2.78, dE=1.73, candidate was chosen by chance
Itr 51, LL= -3997475.171839 (5.350444). Anneal status: T=2.78, dE=14.41, candidate was rejected
Itr 52, LL= -3997440.374726 (8.704773). Anneal status: T=2.78, dE=61.52, candidate was rejected
Itr 53, LL= -3997425.571192 (3.703253). Anneal status: T=2.78, dE=37.56, candidate was rejected
Itr 54, LL= -3997411.562949 (3.504316). Anneal status: T=1.39, dE=2.29, candidate was rejected
Itr 55, LL= -3997400.957607 (2.653052). Anneal status: T=1.39, dE=34.63, candidate was rejected
Itr 56, LL= -3997397.240416 (0.929902). Anneal status: T=1.39, dE=61.64, candidate was rejected
Itr 57, LL= -3997390.966473 (1.569507). Anneal status: T=1.39, dE=10.37, candidate was rejected
Itr 58, LL= -3997378.176932 (3.199472). Anneal status: T=1.39, dE=32.13, candidate was rejected
Itr 59, LL= -3997375.195072 (0.745954). Anneal status: T=0.00, dE=33.92, candidate was rejected
Itr 60, LL= -3997372.916696 (0.569968). Anneal status: T=0.00, dE=70.15, candidate was rejected
Itr 61, LL= -3997361.637939 (2.821542). Anneal status: T=0.00, dE=24.12, candidate was rejected
Itr 62, LL= -3997353.102216 (2.135339). Anneal status: T=0.00, dE=1.59, candidate was rejected
Itr 63, LL= -3997350.001919 (0.775587). Anneal status: T=0.00, dE=4.20, candidate was rejected
Itr 64, LL= -3997348.295207 (0.426961). Anneal status: T=0.00, dE=5.05, candidate was rejected
Itr 65, LL= -3997347.526906 (0.192203). Anneal status: T=0.00, dE=8.75, candidate was rejected
-- Annealing statistics:
Portion of times candidate was better: 0.000000
Portion of times candidate was chosen by chance: 0.215385
--
>> 