My SLURM_ARRAY_TASK_ID:  11

                            < M A T L A B (R) >
                  Copyright 1984-2014 The MathWorks, Inc.
                   R2014b (8.4.0.150421) 64-bit (glnxa64)
                             September 15, 2014

 
For online documentation, see http://www.mathworks.com/support
For product information, visit www.mathworks.com.
 
EM for 11 states, 131 emission nodes. 25 observed values.
            gibbs: 0
    nGibbsItrPcnt: 0.8000
     annealParams: {}
           maxItr: 500
      convergeEps: 1.0000e-06
           minItr: 5
       parametric: 0
        initprobs: []
      persistBias: 0
          obsVals: []

- Initalized simulated annealing with params:
                     type: 'linear'
    max_chance_accpetance: 0.2000
             min_duration: 5
        min_init_duration: 5
             max_duration: 11
              converge_th: 1.0000e-06

--
Itr 1, LL= -15533560.975821 (Inf). Anneal status: T=NaN, dE=-452.71, collecting statistics
Itr 2, LL= -4166456.752864 (Inf). Anneal status: T=NaN, dE=-550.20, collecting statistics
Itr 3, LL= -4056730.427168 (Inf). Anneal status: T=NaN, dE=-239.83, collecting statistics
Itr 4, LL= -4017229.469642 (9737.141335). Anneal status: T=NaN, dE=-455.35, collecting statistics
Itr 5, LL= -3998657.663372 (4623.038442). Anneal status: T=NaN, dE=-15.72, collecting statistics
Itr 6, LL= -3990536.896555 (2030.873233). Anneal status: T=NaN, dE=-19.81, collecting statistics
Itr 7, LL= -3986322.656452 (1056.058423). Anneal status: T=NaN, dE=107.14, collecting statistics
Itr 8, LL= -3983590.362891 (685.417062). Anneal status: T=NaN, dE=-42.82, collecting statistics
Itr 9, LL= -3981477.251696 (530.453938). Anneal status: T=NaN, dE=-7.48, collecting statistics
Itr 10, LL= -3979689.265651 (449.076042). Anneal status: T=NaN, dE=43.16, collecting statistics
Itr 11, LL= -3978146.098953 (387.760600). Anneal status: T=NaN, dE=8.89, collecting statistics
Itr 12, LL= -3976764.428053 (347.315274). Anneal status: T=8.11, dE=56.02, candidate was rejected
Itr 13, LL= -3975760.406060 (252.472082). Anneal status: T=8.11, dE=5.63, candidate was chosen by chance
Itr 14, LL= -3974994.863254 (192.552550). Anneal status: T=8.11, dE=19.36, candidate was rejected
Itr 15, LL= -3974336.527197 (165.619348). Anneal status: T=8.11, dE=17.56, candidate was rejected
Itr 16, LL= -3973747.651576 (148.169542). Anneal status: T=8.11, dE=17.31, candidate was chosen by chance
Itr 17, LL= -3973280.825744 (117.477473). Anneal status: T=7.30, dE=37.45, candidate was rejected
Itr 18, LL= -3972882.575000 (100.232216). Anneal status: T=7.30, dE=8.67, candidate was rejected
Itr 19, LL= -3972509.798924 (93.830127). Anneal status: T=7.30, dE=130.49, candidate was rejected
Itr 20, LL= -3972200.269503 (77.917850). Anneal status: T=7.30, dE=1.99, candidate was chosen by chance
Itr 21, LL= -3971889.342924 (78.275655). Anneal status: T=7.30, dE=55.37, candidate was rejected
Itr 22, LL= -3971580.272115 (77.814557). Anneal status: T=6.49, dE=11.10, candidate was rejected
Itr 23, LL= -3971295.686311 (71.655559). Anneal status: T=6.49, dE=2.61, candidate was chosen by chance
Itr 24, LL= -3970973.026316 (81.248041). Anneal status: T=6.49, dE=5.80, candidate was chosen by chance
Itr 25, LL= -3970634.857640 (85.160155). Anneal status: T=6.49, dE=2.64, candidate was rejected
Itr 26, LL= -3970309.042142 (82.056273). Anneal status: T=6.49, dE=13.27, candidate was rejected
Itr 27, LL= -3970005.793239 (76.379168). Anneal status: T=5.68, dE=16.83, candidate was rejected
Itr 28, LL= -3969751.124986 (64.148081). Anneal status: T=5.68, dE=62.24, candidate was rejected
Itr 29, LL= -3969530.286829 (55.630227). Anneal status: T=5.68, dE=76.00, candidate was rejected
Itr 30, LL= -3969354.322855 (44.328664). Anneal status: T=5.68, dE=8.67, candidate was rejected
Itr 31, LL= -3969179.564767 (44.026830). Anneal status: T=5.68, dE=1.15, candidate was chosen by chance
Itr 32, LL= -3969044.041076 (34.144006). Anneal status: T=4.87, dE=37.64, candidate was rejected
Itr 33, LL= -3968909.938093 (33.787225). Anneal status: T=4.87, dE=39.47, candidate was rejected
Itr 34, LL= -3968780.448573 (32.625966). Anneal status: T=4.87, dE=109.60, candidate was rejected
Itr 35, LL= -3968682.715445 (24.625481). Anneal status: T=4.87, dE=6.05, candidate was chosen by chance
Itr 36, LL= -3968562.481871 (30.295587). Anneal status: T=4.87, dE=37.87, candidate was rejected
Itr 37, LL= -3968477.508151 (21.411713). Anneal status: T=4.06, dE=21.41, candidate was rejected
Itr 38, LL= -3968419.705626 (14.565416). Anneal status: T=4.06, dE=33.83, candidate was rejected
Itr 39, LL= -3968358.235479 (15.489830). Anneal status: T=4.06, dE=30.87, candidate was rejected
Itr 40, LL= -3968291.375594 (16.848248). Anneal status: T=4.06, dE=1.43, candidate was chosen by chance
Itr 41, LL= -3968240.580924 (12.800136). Anneal status: T=4.06, dE=12.50, candidate was rejected
Itr 42, LL= -3968189.246393 (12.936345). Anneal status: T=3.25, dE=8.63, candidate was rejected
Itr 43, LL= -3968138.049471 (12.901835). Anneal status: T=3.25, dE=27.68, candidate was rejected
Itr 44, LL= -3968106.840945 (7.864778). Anneal status: T=3.25, dE=6.32, candidate was chosen by chance
Itr 45, LL= -3968063.108584 (11.020964). Anneal status: T=3.25, dE=79.94, candidate was rejected
Itr 46, LL= -3968023.437467 (9.997602). Anneal status: T=3.25, dE=9.12, candidate was rejected
Itr 47, LL= -3967998.151090 (6.372537). Anneal status: T=2.43, dE=31.94, candidate was rejected
Itr 48, LL= -3967982.583420 (3.923306). Anneal status: T=2.43, dE=5.57, candidate was rejected
Itr 49, LL= -3967965.279322 (4.360931). Anneal status: T=2.43, dE=4.62, candidate was chosen by chance
Itr 50, LL= -3967931.046356 (8.627335). Anneal status: T=2.43, dE=26.11, candidate was rejected
Itr 51, LL= -3967913.214227 (4.494062). Anneal status: T=2.43, dE=20.25, candidate was rejected
Itr 52, LL= -3967900.956122 (3.089308). Anneal status: T=1.62, dE=1.49, candidate was rejected
Itr 53, LL= -3967887.994737 (3.266559). Anneal status: T=1.62, dE=38.00, candidate was rejected
Itr 54, LL= -3967873.509228 (3.650685). Anneal status: T=1.62, dE=30.46, candidate was rejected
Itr 55, LL= -3967857.418089 (4.055356). Anneal status: T=1.62, dE=5.89, candidate was rejected
Itr 56, LL= -3967836.720605 (5.216287). Anneal status: T=1.62, dE=7.66, candidate was rejected
Itr 57, LL= -3967821.204107 (3.910569). Anneal status: T=0.81, dE=28.38, candidate was rejected
Itr 58, LL= -3967811.469045 (2.453503). Anneal status: T=0.81, dE=10.08, candidate was rejected
Itr 59, LL= -3967802.325945 (2.304318). Anneal status: T=0.81, dE=36.26, candidate was rejected
Itr 60, LL= -3967793.412938 (2.246333). Anneal status: T=0.81, dE=8.32, candidate was rejected
Itr 61, LL= -3967784.628456 (2.213946). Anneal status: T=0.81, dE=5.71, candidate was rejected
Itr 62, LL= -3967781.579574 (0.768409). Anneal status: T=0.00, dE=29.06, candidate was rejected
Itr 63, LL= -3967766.378200 (3.831202). Anneal status: T=0.00, dE=19.36, candidate was rejected
Itr 64, LL= -3967742.217022 (6.089365). Anneal status: T=0.00, dE=17.63, candidate was rejected
Itr 65, LL= -3967733.859172 (2.106450). Anneal status: T=0.00, dE=38.20, candidate was rejected
Itr 66, LL= -3967729.968549 (0.980566). Anneal status: T=0.00, dE=32.20, candidate was rejected
Itr 67, LL= -3967721.005541 (2.258976). Anneal status: T=0.00, dE=44.33, candidate was rejected
Itr 68, LL= -3967715.189555 (1.465825). Anneal status: T=0.00, dE=50.65, candidate was rejected
Itr 69, LL= -3967712.946549 (0.565314). Anneal status: T=0.00, dE=16.68, candidate was rejected
Itr 70, LL= -3967710.141626 (0.706937). Anneal status: T=0.00, dE=3.14, candidate was rejected
Itr 71, LL= -3967697.884332 (3.089261). Anneal status: T=0.00, dE=190.59, candidate was rejected
Itr 72, LL= -3967683.464073 (3.634415). Anneal status: T=0.00, dE=44.97, candidate was rejected
Itr 73, LL= -3967680.596978 (0.722612). Anneal status: T=0.00, dE=42.16, candidate was rejected
Itr 74, LL= -3967679.779121 (0.206130). Anneal status: T=0.00, dE=1.19, candidate was rejected
Itr 75, LL= -3967678.670370 (0.279446). Anneal status: T=0.00, dE=29.45, candidate was rejected
-- Annealing statistics:
Portion of times candidate was better: 0.000000
Portion of times candidate was chosen by chance: 0.133333
--
EM for 11 states, 131 emission nodes. 25 observed values.
            gibbs: 0
    nGibbsItrPcnt: 0.8000
     annealParams: {}
           maxItr: 500
      convergeEps: 1.0000e-06
           minItr: 5
       parametric: 0
        initprobs: []
      persistBias: 0
          obsVals: []

- Initalized simulated annealing with params:
                     type: 'linear'
    max_chance_accpetance: 0.2000
             min_duration: 5
        min_init_duration: 5
             max_duration: 11
              converge_th: 1.0000e-06

--
Itr 1, LL= -15558048.882180 (Inf). Anneal status: T=NaN, dE=-750.66, collecting statistics
Itr 2, LL= -4161171.114357 (Inf). Anneal status: T=NaN, dE=-1198.01, collecting statistics
Itr 3, LL= -4061065.039172 (Inf). Anneal status: T=NaN, dE=175.19, collecting statistics
Itr 4, LL= -4016884.426721 (10879.070398). Anneal status: T=NaN, dE=843.88, collecting statistics
Itr 5, LL= -3996698.914097 (5025.166393). Anneal status: T=NaN, dE=-114.55, collecting statistics
Itr 6, LL= -3986624.910015 (2520.581184). Anneal status: T=NaN, dE=49.86, collecting statistics
Itr 7, LL= -3980686.914687 (1489.479312). Anneal status: T=NaN, dE=-3.50, collecting statistics
Itr 8, LL= -3977275.981516 (856.870496). Anneal status: T=NaN, dE=-7.61, collecting statistics
Itr 9, LL= -3975255.169724 (508.089406). Anneal status: T=34.96, dE=45.58, candidate was rejected
Itr 10, LL= -3974052.716788 (302.484466). Anneal status: T=34.96, dE=1.03, candidate was chosen by chance
Itr 11, LL= -3973183.056480 (218.834618). Anneal status: T=34.96, dE=2.36, candidate was chosen by chance
Itr 12, LL= -3972501.273368 (171.596199). Anneal status: T=34.96, dE=0.30, candidate was chosen by chance
Itr 13, LL= -3971981.794142 (130.768800). Anneal status: T=34.96, dE=3.23, candidate was rejected
Itr 14, LL= -3971568.554156 (104.038741). Anneal status: T=31.46, dE=101.73, candidate was rejected
Itr 15, LL= -3971305.589132 (66.211881). Anneal status: T=31.46, dE=33.27, candidate was rejected
Itr 16, LL= -3971118.250839 (47.172973). Anneal status: T=31.46, dE=23.27, candidate was rejected
Itr 17, LL= -3970947.001137 (43.123798). Anneal status: T=31.46, dE=9.61, candidate was chosen by chance
Itr 18, LL= -3970782.428533 (41.444170). Anneal status: T=31.46, dE=6.12, candidate was chosen by chance
Itr 19, LL= -3970654.962508 (32.100984). Anneal status: T=27.97, dE=11.95, candidate was rejected
Itr 20, LL= -3970560.788707 (23.717448). Anneal status: T=27.97, dE=4.57, candidate was rejected
Itr 21, LL= -3970492.692000 (17.150400). Anneal status: T=27.97, dE=10.07, candidate was chosen by chance
Itr 22, LL= -3970400.683503 (23.173068). Anneal status: T=27.97, dE=118.96, candidate was rejected
Itr 23, LL= -3970314.763852 (21.640046). Anneal status: T=27.97, dE=2.16, candidate was chosen by chance
Itr 24, LL= -3970272.049306 (10.758478). Anneal status: T=24.47, dE=18.31, candidate was chosen by chance
Itr 25, LL= -3970190.703561 (20.488708). Anneal status: T=24.47, dE=61.00, candidate was rejected
Itr 26, LL= -3970128.713692 (15.613826). Anneal status: T=24.47, dE=5.91, candidate was chosen by chance
Itr 27, LL= -3970093.717650 (8.814838). Anneal status: T=24.47, dE=23.21, candidate was chosen by chance
Itr 28, LL= -3970029.006506 (16.299652). Anneal status: T=24.47, dE=6.95, candidate was chosen by chance
Itr 29, LL= -3969981.688268 (11.918864). Anneal status: T=20.97, dE=52.29, candidate was rejected
Itr 30, LL= -3969937.364338 (11.164770). Anneal status: T=20.97, dE=50.55, candidate was rejected
Itr 31, LL= -3969901.319919 (9.079342). Anneal status: T=20.97, dE=25.52, candidate was rejected
Itr 32, LL= -3969873.807172 (6.930335). Anneal status: T=20.97, dE=41.97, candidate was rejected
Itr 33, LL= -3969864.695971 (2.295086). Anneal status: T=20.97, dE=15.51, candidate was chosen by chance
Itr 34, LL= -3969855.139324 (2.407298). Anneal status: T=17.48, dE=19.19, candidate was chosen by chance
Itr 35, LL= -3969825.802048 (7.390012). Anneal status: T=17.48, dE=8.82, candidate was rejected
Itr 36, LL= -3969809.030457 (4.224767). Anneal status: T=17.48, dE=28.17, candidate was rejected
Itr 37, LL= -3969800.303429 (2.198350). Anneal status: T=17.48, dE=48.56, candidate was rejected
Itr 38, LL= -3969792.268719 (2.023958). Anneal status: T=17.48, dE=241.62, candidate was rejected
Itr 39, LL= -3969788.412516 (0.971387). Anneal status: T=13.98, dE=72.49, candidate was rejected
Itr 40, LL= -3969784.244066 (1.050043). Anneal status: T=13.98, dE=42.50, candidate was rejected
Itr 41, LL= -3969775.345726 (2.241517). Anneal status: T=13.98, dE=5.04, candidate was rejected
Itr 42, LL= -3969763.512473 (2.980837). Anneal status: T=13.98, dE=36.73, candidate was rejected
Itr 43, LL= -3969754.157444 (2.356571). Anneal status: T=13.98, dE=37.54, candidate was rejected
Itr 44, LL= -3969743.203373 (2.759383). Anneal status: T=10.49, dE=4.63, candidate was rejected
Itr 45, LL= -3969770.007879 (-6.752202). Anneal status: T=10.49, dE=35.45, candidate was chosen by chance
Itr 46, LL= -3969727.514915 (10.704137). Anneal status: T=10.49, dE=2.59, candidate was rejected
Itr 47, LL= -3969719.140994 (2.109445). Anneal status: T=10.49, dE=2.93, candidate was rejected
Itr 48, LL= -3969713.434267 (1.437564). Anneal status: T=10.49, dE=67.80, candidate was rejected
Itr 49, LL= -3969702.830771 (2.671099). Anneal status: T=6.99, dE=2.34, candidate was rejected
Itr 50, LL= -3969690.216070 (3.177744). Anneal status: T=6.99, dE=21.71, candidate was rejected
Itr 51, LL= -3969684.210324 (1.512900). Anneal status: T=6.99, dE=0.86, candidate was chosen by chance
Itr 52, LL= -3969680.370216 (0.967359). Anneal status: T=6.99, dE=15.34, candidate was rejected
Itr 53, LL= -3969674.738811 (1.418604). Anneal status: T=6.99, dE=18.76, candidate was rejected
Itr 54, LL= -3969671.425491 (0.834658). Anneal status: T=3.50, dE=2.05, candidate was rejected
Itr 55, LL= -3969667.402929 (1.013324). Anneal status: T=3.50, dE=20.11, candidate was rejected
Itr 56, LL= -3969661.469339 (1.494732). Anneal status: T=3.50, dE=43.94, candidate was rejected
Itr 57, LL= -3969657.820654 (0.919143). Anneal status: T=3.50, dE=4.03, candidate was rejected
Itr 58, LL= -3969655.970539 (0.466064). Anneal status: T=3.50, dE=48.76, candidate was rejected
Itr 59, LL= -3969654.180528 (0.450923). Anneal status: T=0.00, dE=20.24, candidate was rejected
-- Annealing statistics:
Portion of times candidate was better: 0.000000
Portion of times candidate was chosen by chance: 0.254237
--
EM for 11 states, 131 emission nodes. 25 observed values.
            gibbs: 0
    nGibbsItrPcnt: 0.8000
     annealParams: {}
           maxItr: 500
      convergeEps: 1.0000e-06
           minItr: 5
       parametric: 0
        initprobs: []
      persistBias: 0
          obsVals: []

- Initalized simulated annealing with params:
                     type: 'linear'
    max_chance_accpetance: 0.2000
             min_duration: 5
        min_init_duration: 5
             max_duration: 11
              converge_th: 1.0000e-06

--
Itr 1, LL= -15570909.655781 (Inf). Anneal status: T=NaN, dE=215.71, collecting statistics
Itr 2, LL= -4190738.559718 (Inf). Anneal status: T=NaN, dE=-304.26, collecting statistics
Itr 3, LL= -4067665.450221 (Inf). Anneal status: T=NaN, dE=-253.51, collecting statistics
Itr 4, LL= -4018260.783829 (12145.705441). Anneal status: T=NaN, dE=-295.31, collecting statistics
Itr 5, LL= -3997989.624658 (5044.759477). Anneal status: T=NaN, dE=-486.79, collecting statistics
Itr 6, LL= -3986805.271473 (2797.494300). Anneal status: T=NaN, dE=-183.07, collecting statistics
Itr 7, LL= -3980212.955622 (1653.533444). Anneal status: T=NaN, dE=-9.39, collecting statistics
Itr 8, LL= -3976615.308659 (903.883034). Anneal status: T=NaN, dE=-10.47, collecting statistics
Itr 9, LL= -3974613.407079 (503.418466). Anneal status: T=NaN, dE=9.53, collecting statistics
Itr 10, LL= -3973484.301434 (284.079363). Anneal status: T=NaN, dE=65.47, collecting statistics
Itr 11, LL= -3972762.880733 (181.558714). Anneal status: T=11.65, dE=4.71, candidate was rejected
Itr 12, LL= -3972286.415806 (119.932888). Anneal status: T=11.65, dE=41.99, candidate was chosen by chance
Itr 13, LL= -3971888.752030 (100.109543). Anneal status: T=11.65, dE=47.19, candidate was rejected
Itr 14, LL= -3971613.459385 (69.310261). Anneal status: T=11.65, dE=16.96, candidate was rejected
Itr 15, LL= -3971379.950470 (58.794472). Anneal status: T=11.65, dE=47.89, candidate was rejected
Itr 16, LL= -3971160.782960 (55.186739). Anneal status: T=10.48, dE=23.55, candidate was rejected
Itr 17, LL= -3970935.486881 (56.733054). Anneal status: T=10.48, dE=28.02, candidate was rejected
Itr 18, LL= -3970720.862979 (54.048700). Anneal status: T=10.48, dE=19.88, candidate was rejected
Itr 19, LL= -3970534.957336 (46.819117). Anneal status: T=10.48, dE=16.46, candidate was rejected
Itr 20, LL= -3970345.691324 (47.667635). Anneal status: T=10.48, dE=6.43, candidate was chosen by chance
Itr 21, LL= -3970127.263785 (55.014741). Anneal status: T=9.32, dE=9.23, candidate was rejected
Itr 22, LL= -3969931.166462 (49.393208). Anneal status: T=9.32, dE=25.40, candidate was chosen by chance
Itr 23, LL= -3969699.995104 (58.230571). Anneal status: T=9.32, dE=18.96, candidate was rejected
Itr 24, LL= -3969548.007211 (38.286997). Anneal status: T=9.32, dE=13.51, candidate was rejected
Itr 25, LL= -3969433.852885 (28.757512). Anneal status: T=9.32, dE=4.36, candidate was chosen by chance
Itr 26, LL= -3969335.132097 (24.870244). Anneal status: T=8.15, dE=39.81, candidate was rejected
Itr 27, LL= -3969261.367387 (18.583644). Anneal status: T=8.15, dE=73.88, candidate was rejected
Itr 28, LL= -3969202.514146 (14.827253). Anneal status: T=8.15, dE=7.27, candidate was rejected
Itr 29, LL= -3969145.670858 (14.321085). Anneal status: T=8.15, dE=17.48, candidate was rejected
Itr 30, LL= -3969087.083956 (14.760582). Anneal status: T=8.15, dE=4.43, candidate was chosen by chance
Itr 31, LL= -3969041.190260 (11.562784). Anneal status: T=6.99, dE=44.20, candidate was rejected
Itr 32, LL= -3969001.284871 (10.054164). Anneal status: T=6.99, dE=4.50, candidate was chosen by chance
Itr 33, LL= -3968946.952508 (13.689177). Anneal status: T=6.99, dE=3.74, candidate was chosen by chance
Itr 34, LL= -3968902.332900 (11.242178). Anneal status: T=6.99, dE=79.77, candidate was rejected
Itr 35, LL= -3968864.213151 (9.604607). Anneal status: T=6.99, dE=9.72, candidate was chosen by chance
Itr 36, LL= -3968802.113174 (15.646788). Anneal status: T=5.82, dE=7.77, candidate was rejected
Itr 37, LL= -3968732.257763 (17.601132). Anneal status: T=5.82, dE=4.83, candidate was rejected
Itr 38, LL= -3968681.875233 (12.694868). Anneal status: T=5.82, dE=9.37, candidate was rejected
Itr 39, LL= -3968634.318058 (11.983116). Anneal status: T=5.82, dE=44.71, candidate was rejected
Itr 40, LL= -3968592.376156 (10.568346). Anneal status: T=5.82, dE=27.53, candidate was rejected
Itr 41, LL= -3968564.477748 (7.029799). Anneal status: T=4.66, dE=12.65, candidate was rejected
Itr 42, LL= -3968534.449984 (7.566405). Anneal status: T=4.66, dE=5.83, candidate was rejected
Itr 43, LL= -3968504.145823 (7.636109). Anneal status: T=4.66, dE=1.37, candidate was chosen by chance
Itr 44, LL= -3968466.154361 (9.573245). Anneal status: T=4.66, dE=9.27, candidate was rejected
Itr 45, LL= -3968443.862879 (5.617153). Anneal status: T=4.66, dE=4.75, candidate was chosen by chance
Itr 46, LL= -3968412.648320 (7.865693). Anneal status: T=3.49, dE=60.77, candidate was rejected
Itr 47, LL= -3968385.199210 (6.916899). Anneal status: T=3.49, dE=4.09, candidate was rejected
Itr 48, LL= -3968371.481842 (3.456662). Anneal status: T=3.49, dE=8.48, candidate was chosen by chance
Itr 49, LL= -3968334.968489 (9.201093). Anneal status: T=3.49, dE=2.92, candidate was rejected
Itr 50, LL= -3968307.740112 (6.861411). Anneal status: T=3.49, dE=2.43, candidate was rejected
Itr 51, LL= -3968288.980175 (4.727440). Anneal status: T=2.33, dE=9.76, candidate was rejected
Itr 52, LL= -3968267.975119 (5.293227). Anneal status: T=2.33, dE=61.10, candidate was rejected
Itr 53, LL= -3968252.808147 (3.822063). Anneal status: T=2.33, dE=2.12, candidate was chosen by chance
Itr 54, LL= -3968234.910052 (4.510321). Anneal status: T=2.33, dE=80.79, candidate was rejected
Itr 55, LL= -3968218.244693 (4.199690). Anneal status: T=2.33, dE=12.28, candidate was rejected
Itr 56, LL= -3968202.966461 (3.850149). Anneal status: T=1.16, dE=22.16, candidate was rejected
Itr 57, LL= -3968179.978169 (5.793124). Anneal status: T=1.16, dE=17.56, candidate was rejected
Itr 58, LL= -3968149.496060 (7.681635). Anneal status: T=1.16, dE=39.57, candidate was rejected
Itr 59, LL= -3968128.220951 (5.361469). Anneal status: T=1.16, dE=3.03, candidate was rejected
Itr 60, LL= -3968116.624063 (2.922508). Anneal status: T=1.16, dE=41.68, candidate was rejected
Itr 61, LL= -3968104.223993 (3.124926). Anneal status: T=0.00, dE=50.92, candidate was rejected
Itr 62, LL= -3968092.412130 (2.976702). Anneal status: T=0.00, dE=4.60, candidate was rejected
Itr 63, LL= -3968080.219048 (3.072782). Anneal status: T=0.00, dE=121.30, candidate was rejected
Itr 64, LL= -3968057.079362 (5.831456). Anneal status: T=0.00, dE=16.82, candidate was rejected
Itr 65, LL= -3968043.376909 (3.453189). Anneal status: T=0.00, dE=2.72, candidate was rejected
Itr 66, LL= -3968030.118368 (3.341330). Anneal status: T=0.00, dE=13.97, candidate was rejected
Itr 67, LL= -3968003.336384 (6.749441). Anneal status: T=0.00, dE=41.26, candidate was rejected
Itr 68, LL= -3967986.699247 (4.192823). Anneal status: T=0.00, dE=61.57, candidate was rejected
Itr 69, LL= -3967975.534439 (2.813721). Anneal status: T=0.00, dE=28.63, candidate was rejected
Itr 70, LL= -3967959.887408 (3.943329). Anneal status: T=0.00, dE=5.53, candidate was rejected
Itr 71, LL= -3967943.776186 (4.060329). Anneal status: T=0.00, dE=57.27, candidate was rejected
Itr 72, LL= -3967930.472673 (3.352747). Anneal status: T=0.00, dE=4.36, candidate was rejected
Itr 73, LL= -3967917.299164 (3.319995). Anneal status: T=0.00, dE=0.02, candidate was rejected
Itr 74, LL= -3967910.195325 (1.790319). Anneal status: T=0.00, dE=8.91, candidate was rejected
Itr 75, LL= -3967905.781941 (1.112269). Anneal status: T=0.00, dE=4.96, candidate was rejected
Itr 76, LL= -3967901.917381 (0.973955). Anneal status: T=0.00, dE=28.89, candidate was rejected
Itr 77, LL= -3967898.585978 (0.839588). Anneal status: T=0.00, dE=7.97, candidate was rejected
Itr 78, LL= -3967895.319946 (0.823114). Anneal status: T=0.00, dE=48.36, candidate was rejected
-- Annealing statistics:
Portion of times candidate was better: 0.000000
Portion of times candidate was chosen by chance: 0.153846
--
EM for 11 states, 131 emission nodes. 25 observed values.
            gibbs: 0
    nGibbsItrPcnt: 0.8000
     annealParams: {}
           maxItr: 500
      convergeEps: 1.0000e-06
           minItr: 5
       parametric: 0
        initprobs: []
      persistBias: 0
          obsVals: []

- Initalized simulated annealing with params:
                     type: 'linear'
    max_chance_accpetance: 0.2000
             min_duration: 5
        min_init_duration: 5
             max_duration: 11
              converge_th: 1.0000e-06

--
Itr 1, LL= -15344140.907080 (Inf). Anneal status: T=NaN, dE=349.15, collecting statistics
Itr 2, LL= -4172488.087232 (Inf). Anneal status: T=NaN, dE=-658.71, collecting statistics
Itr 3, LL= -4068416.567648 (Inf). Anneal status: T=NaN, dE=-445.66, collecting statistics
Itr 4, LL= -4025062.231607 (10656.316854). Anneal status: T=NaN, dE=-537.20, collecting statistics
Itr 5, LL= -4000222.587327 (6171.244779). Anneal status: T=NaN, dE=145.78, collecting statistics
Itr 6, LL= -3989416.313108 (2701.418229). Anneal status: T=NaN, dE=-86.03, collecting statistics
Itr 7, LL= -3984293.760101 (1284.035710). Anneal status: T=NaN, dE=83.80, collecting statistics
Itr 8, LL= -3981616.957261 (671.838725). Anneal status: T=19.67, dE=66.75, candidate was rejected
Itr 9, LL= -3980140.055623 (370.930116). Anneal status: T=19.67, dE=3.34, candidate was chosen by chance
Itr 10, LL= -3979162.034814 (245.725225). Anneal status: T=19.67, dE=-4.28, candidate was better
Itr 11, LL= -3978391.824602 (193.560907). Anneal status: T=19.67, dE=8.82, candidate was rejected
Itr 12, LL= -3977830.120615 (141.188704). Anneal status: T=19.67, dE=5.26, candidate was chosen by chance
Itr 13, LL= -3977398.025035 (108.625951). Anneal status: T=17.70, dE=4.93, candidate was chosen by chance
Itr 14, LL= -3977063.347872 (84.144750). Anneal status: T=17.70, dE=33.26, candidate was chosen by chance
Itr 15, LL= -3976741.122877 (81.020836). Anneal status: T=17.70, dE=1.14, candidate was chosen by chance
Itr 16, LL= -3976422.008779 (80.245127). Anneal status: T=17.70, dE=11.50, candidate was chosen by chance
Itr 17, LL= -3976084.246771 (84.941188). Anneal status: T=17.70, dE=34.03, candidate was rejected
Itr 18, LL= -3975856.234080 (57.346041). Anneal status: T=15.74, dE=7.89, candidate was rejected
Itr 19, LL= -3975615.468210 (60.556986). Anneal status: T=15.74, dE=30.10, candidate was rejected
Itr 20, LL= -3975368.583520 (62.099741). Anneal status: T=15.74, dE=5.29, candidate was rejected
Itr 21, LL= -3975164.398768 (51.362471). Anneal status: T=15.74, dE=22.00, candidate was rejected
Itr 22, LL= -3974909.143786 (64.212434). Anneal status: T=15.74, dE=7.80, candidate was chosen by chance
Itr 23, LL= -3974623.842651 (71.775511). Anneal status: T=13.77, dE=6.79, candidate was chosen by chance
Itr 24, LL= -3974381.510559 (60.969818). Anneal status: T=13.77, dE=17.75, candidate was rejected
Itr 25, LL= -3974153.259413 (57.430608). Anneal status: T=13.77, dE=30.73, candidate was rejected
Itr 26, LL= -3974014.300120 (34.965761). Anneal status: T=13.77, dE=18.85, candidate was chosen by chance
Itr 27, LL= -3973870.116514 (36.281602). Anneal status: T=13.77, dE=3.89, candidate was chosen by chance
Itr 28, LL= -3973715.608821 (38.880911). Anneal status: T=11.80, dE=5.34, candidate was chosen by chance
Itr 29, LL= -3973590.021930 (31.604398). Anneal status: T=11.80, dE=42.44, candidate was rejected
Itr 30, LL= -3973499.944735 (22.668971). Anneal status: T=11.80, dE=3.53, candidate was chosen by chance
Itr 31, LL= -3973397.989590 (25.658776). Anneal status: T=11.80, dE=55.92, candidate was rejected
Itr 32, LL= -3973332.471081 (16.489289). Anneal status: T=11.80, dE=72.53, candidate was rejected
Itr 33, LL= -3973297.702220 (8.750554). Anneal status: T=9.84, dE=9.67, candidate was rejected
Itr 34, LL= -3973278.275637 (4.889285). Anneal status: T=9.84, dE=73.92, candidate was rejected
Itr 35, LL= -3973264.311671 (3.514470). Anneal status: T=9.84, dE=13.03, candidate was rejected
Itr 36, LL= -3973241.427600 (5.759514). Anneal status: T=9.84, dE=79.88, candidate was rejected
Itr 37, LL= -3973218.781467 (5.699662). Anneal status: T=9.84, dE=1.41, candidate was chosen by chance
Itr 38, LL= -3973205.369596 (3.375568). Anneal status: T=7.87, dE=5.01, candidate was chosen by chance
Itr 39, LL= -3973192.677074 (3.194530). Anneal status: T=7.87, dE=10.37, candidate was rejected
Itr 40, LL= -3973179.310368 (3.364223). Anneal status: T=7.87, dE=53.84, candidate was rejected
Itr 41, LL= -3973164.577946 (3.707968). Anneal status: T=7.87, dE=29.50, candidate was rejected
Itr 42, LL= -3973149.363650 (3.829264). Anneal status: T=7.87, dE=18.15, candidate was rejected
Itr 43, LL= -3973140.798755 (2.155694). Anneal status: T=5.90, dE=47.02, candidate was rejected
Itr 44, LL= -3973119.858655 (5.270415). Anneal status: T=5.90, dE=9.63, candidate was rejected
Itr 45, LL= -3973092.481408 (6.890617). Anneal status: T=5.90, dE=2.52, candidate was rejected
Itr 46, LL= -3973082.772035 (2.443782). Anneal status: T=5.90, dE=3.93, candidate was rejected
Itr 47, LL= -3973070.111566 (3.186561). Anneal status: T=5.90, dE=40.45, candidate was rejected
Itr 48, LL= -3973059.393090 (2.697782). Anneal status: T=3.93, dE=8.20, candidate was rejected
Itr 49, LL= -3973052.177492 (1.816132). Anneal status: T=3.93, dE=103.32, candidate was rejected
Itr 50, LL= -3973048.076195 (1.032279). Anneal status: T=3.93, dE=169.49, candidate was rejected
Itr 51, LL= -3973036.890429 (2.815412). Anneal status: T=3.93, dE=3.86, candidate was rejected
Itr 52, LL= -3973030.217090 (1.679657). Anneal status: T=3.93, dE=38.60, candidate was rejected
Itr 53, LL= -3973022.711454 (1.889146). Anneal status: T=1.97, dE=2.75, candidate was chosen by chance
Itr 54, LL= -3973012.310525 (2.617888). Anneal status: T=1.97, dE=17.20, candidate was rejected
Itr 55, LL= -3973003.442414 (2.232087). Anneal status: T=1.97, dE=24.63, candidate was rejected
Itr 56, LL= -3972997.170661 (1.578592). Anneal status: T=1.97, dE=53.88, candidate was rejected
Itr 57, LL= -3972992.416953 (1.196504). Anneal status: T=1.97, dE=57.41, candidate was rejected
Itr 58, LL= -3972987.654258 (1.198768). Anneal status: T=0.00, dE=70.06, candidate was rejected
Itr 59, LL= -3972978.793793 (2.230177). Anneal status: T=0.00, dE=5.22, candidate was rejected
Itr 60, LL= -3972973.632848 (1.299012). Anneal status: T=0.00, dE=13.33, candidate was rejected
Itr 61, LL= -3972971.057141 (0.648307). Anneal status: T=0.00, dE=7.72, candidate was rejected
Itr 62, LL= -3972966.896855 (1.047147). Anneal status: T=0.00, dE=14.88, candidate was rejected
Itr 63, LL= -3972962.243032 (1.171372). Anneal status: T=0.00, dE=70.69, candidate was rejected
Itr 64, LL= -3972958.281907 (0.997020). Anneal status: T=0.00, dE=71.50, candidate was rejected
Itr 65, LL= -3972954.138165 (1.042987). Anneal status: T=0.00, dE=5.87, candidate was rejected
Itr 66, LL= -3972951.204830 (0.738326). Anneal status: T=0.00, dE=57.08, candidate was rejected
Itr 67, LL= -3972949.237279 (0.495237). Anneal status: T=0.00, dE=2.02, candidate was rejected
Itr 68, LL= -3972948.015885 (0.307428). Anneal status: T=0.00, dE=1.85, candidate was rejected
-- Annealing statistics:
Portion of times candidate was better: 0.014706
Portion of times candidate was chosen by chance: 0.220588
--
>> 