My SLURM_ARRAY_TASK_ID:  10

                            < M A T L A B (R) >
                  Copyright 1984-2014 The MathWorks, Inc.
                   R2014b (8.4.0.150421) 64-bit (glnxa64)
                             September 15, 2014

 
For online documentation, see http://www.mathworks.com/support
For product information, visit www.mathworks.com.
 
EM for 10 states, 131 emission nodes. 25 observed values.
            gibbs: 0
    nGibbsItrPcnt: 0.8000
     annealParams: {}
           maxItr: 500
      convergeEps: 1.0000e-06
           minItr: 5
       parametric: 0
        initprobs: []
      persistBias: 0
          obsVals: []

- Initalized simulated annealing with params:
                     type: 'linear'
    max_chance_accpetance: 0.2000
             min_duration: 5
        min_init_duration: 5
             max_duration: 11
              converge_th: 1.0000e-06

--
Itr 1, LL= -15386897.975634 (Inf). Anneal status: T=NaN, dE=-942.14, collecting statistics
Itr 2, LL= -4155141.828169 (Inf). Anneal status: T=NaN, dE=-342.53, collecting statistics
Itr 3, LL= -4042659.934779 (Inf). Anneal status: T=NaN, dE=-429.77, collecting statistics
Itr 4, LL= -4010760.838368 (7890.620761). Anneal status: T=NaN, dE=23.28, collecting statistics
Itr 5, LL= -3997532.608063 (3298.184768). Anneal status: T=NaN, dE=31.89, collecting statistics
Itr 6, LL= -3991576.075228 (1490.052344). Anneal status: T=NaN, dE=-38.16, collecting statistics
Itr 7, LL= -3988572.081380 (752.583389). Anneal status: T=NaN, dE=-2.02, collecting statistics
Itr 8, LL= -3986631.750000 (486.472688). Anneal status: T=NaN, dE=85.07, collecting statistics
Itr 9, LL= -3985144.866783 (372.967284). Anneal status: T=7.12, dE=23.99, candidate was rejected
Itr 10, LL= -3983940.963139 (302.097837). Anneal status: T=7.12, dE=14.01, candidate was rejected
Itr 11, LL= -3982990.226650 (238.642213). Anneal status: T=7.12, dE=12.13, candidate was chosen by chance
Itr 12, LL= -3982206.166670 (196.852097). Anneal status: T=7.12, dE=138.82, candidate was rejected
Itr 13, LL= -3981534.617107 (168.637568). Anneal status: T=7.12, dE=44.65, candidate was rejected
Itr 14, LL= -3980993.572480 (135.888465). Anneal status: T=6.41, dE=60.15, candidate was rejected
Itr 15, LL= -3980612.002600 (95.847901). Anneal status: T=6.41, dE=2.92, candidate was rejected
Itr 16, LL= -3980316.616128 (74.206296). Anneal status: T=6.41, dE=1.83, candidate was rejected
Itr 17, LL= -3980083.461296 (58.576956). Anneal status: T=6.41, dE=29.61, candidate was rejected
Itr 18, LL= -3979935.335780 (37.216686). Anneal status: T=6.41, dE=3.47, candidate was chosen by chance
Itr 19, LL= -3979834.276784 (25.392120). Anneal status: T=5.69, dE=17.86, candidate was rejected
Itr 20, LL= -3979754.635438 (20.011222). Anneal status: T=5.69, dE=12.27, candidate was rejected
Itr 21, LL= -3979690.979431 (15.994958). Anneal status: T=5.69, dE=36.03, candidate was rejected
Itr 22, LL= -3979627.655263 (15.911830). Anneal status: T=5.69, dE=4.53, candidate was rejected
Itr 23, LL= -3979582.812376 (11.268111). Anneal status: T=5.69, dE=17.40, candidate was rejected
Itr 24, LL= -3979543.942676 (9.767280). Anneal status: T=4.98, dE=2.77, candidate was chosen by chance
Itr 25, LL= -3979498.233263 (11.486093). Anneal status: T=4.98, dE=3.90, candidate was rejected
Itr 26, LL= -3979448.900842 (12.396644). Anneal status: T=4.98, dE=18.54, candidate was rejected
Itr 27, LL= -3979409.827388 (9.818810). Anneal status: T=4.98, dE=1.51, candidate was chosen by chance
Itr 28, LL= -3979379.490021 (7.623584). Anneal status: T=4.98, dE=4.37, candidate was chosen by chance
Itr 29, LL= -3979353.587025 (6.509305). Anneal status: T=4.27, dE=11.76, candidate was rejected
Itr 30, LL= -3979341.372120 (3.069570). Anneal status: T=4.27, dE=2.69, candidate was chosen by chance
Itr 31, LL= -3979322.291148 (4.795008). Anneal status: T=4.27, dE=2.73, candidate was chosen by chance
Itr 32, LL= -3979302.825240 (4.891765). Anneal status: T=4.27, dE=14.39, candidate was rejected
Itr 33, LL= -3979296.377674 (1.620275). Anneal status: T=4.27, dE=5.49, candidate was rejected
Itr 34, LL= -3979291.967139 (1.108371). Anneal status: T=3.56, dE=0.10, candidate was chosen by chance
Itr 35, LL= -3979288.872793 (0.777612). Anneal status: T=3.56, dE=22.22, candidate was rejected
Itr 36, LL= -3979282.290413 (1.654160). Anneal status: T=3.56, dE=5.90, candidate was rejected
Itr 37, LL= -3979278.575609 (0.933536). Anneal status: T=3.56, dE=125.31, candidate was rejected
Itr 38, LL= -3979278.007065 (0.142876). Anneal status: T=3.56, dE=56.83, candidate was rejected
Itr 39, LL= -3979277.055010 (0.239253). Anneal status: T=2.85, dE=5.56, candidate was rejected
-- Annealing statistics:
Portion of times candidate was better: 0.000000
Portion of times candidate was chosen by chance: 0.205128
--
EM for 10 states, 131 emission nodes. 25 observed values.
            gibbs: 0
    nGibbsItrPcnt: 0.8000
     annealParams: {}
           maxItr: 500
      convergeEps: 1.0000e-06
           minItr: 5
       parametric: 0
        initprobs: []
      persistBias: 0
          obsVals: []

- Initalized simulated annealing with params:
                     type: 'linear'
    max_chance_accpetance: 0.2000
             min_duration: 5
        min_init_duration: 5
             max_duration: 11
              converge_th: 1.0000e-06

--
Itr 1, LL= -15577428.213384 (Inf). Anneal status: T=NaN, dE=-174.67, collecting statistics
Itr 2, LL= -4170873.685009 (Inf). Anneal status: T=NaN, dE=-1000.33, collecting statistics
Itr 3, LL= -4073680.443137 (Inf). Anneal status: T=NaN, dE=-34.94, collecting statistics
Itr 4, LL= -4036888.697550 (9031.573806). Anneal status: T=NaN, dE=-657.14, collecting statistics
Itr 5, LL= -4010800.504186 (6462.450496). Anneal status: T=NaN, dE=-137.27, collecting statistics
Itr 6, LL= -3997816.258525 (3237.320243). Anneal status: T=NaN, dE=-22.26, collecting statistics
Itr 7, LL= -3991105.489413 (1678.608690). Anneal status: T=NaN, dE=-19.95, collecting statistics
Itr 8, LL= -3986473.178199 (1160.658676). Anneal status: T=NaN, dE=2.09, collecting statistics
Itr 9, LL= -3983218.560259 (816.415361). Anneal status: T=NaN, dE=62.96, collecting statistics
Itr 10, LL= -3980909.827593 (579.614859). Anneal status: T=NaN, dE=-5.08, collecting statistics
Itr 11, LL= -3979338.298910 (394.766209). Anneal status: T=NaN, dE=3.49, collecting statistics
Itr 12, LL= -3978285.627036 (264.534401). Anneal status: T=5.97, dE=34.93, candidate was rejected
Itr 13, LL= -3977633.394051 (163.948255). Anneal status: T=5.97, dE=28.84, candidate was rejected
Itr 14, LL= -3977185.227900 (112.671558). Anneal status: T=5.97, dE=78.02, candidate was rejected
Itr 15, LL= -3976866.348486 (80.177159). Anneal status: T=5.97, dE=16.92, candidate was rejected
Itr 16, LL= -3976664.783530 (50.684368). Anneal status: T=5.97, dE=34.03, candidate was rejected
Itr 17, LL= -3976504.064660 (40.415494). Anneal status: T=5.37, dE=5.96, candidate was rejected
Itr 18, LL= -3976380.286935 (31.127272). Anneal status: T=5.37, dE=6.05, candidate was chosen by chance
Itr 19, LL= -3976272.456920 (27.117631). Anneal status: T=5.37, dE=27.93, candidate was rejected
Itr 20, LL= -3976175.413254 (24.405688). Anneal status: T=5.37, dE=25.42, candidate was rejected
Itr 21, LL= -3976105.068336 (17.691603). Anneal status: T=5.37, dE=9.81, candidate was rejected
Itr 22, LL= -3976034.779815 (17.677732). Anneal status: T=4.77, dE=11.07, candidate was chosen by chance
Itr 23, LL= -3975952.257542 (20.754917). Anneal status: T=4.77, dE=142.89, candidate was rejected
Itr 24, LL= -3975871.162419 (20.396403). Anneal status: T=4.77, dE=68.39, candidate was rejected
Itr 25, LL= -3975813.941674 (14.392002). Anneal status: T=4.77, dE=11.98, candidate was rejected
Itr 26, LL= -3975764.511465 (12.432727). Anneal status: T=4.77, dE=33.18, candidate was rejected
Itr 27, LL= -3975734.446956 (7.561944). Anneal status: T=4.18, dE=40.15, candidate was rejected
Itr 28, LL= -3975709.867773 (6.182300). Anneal status: T=4.18, dE=2.25, candidate was chosen by chance
Itr 29, LL= -3975679.465293 (7.647057). Anneal status: T=4.18, dE=29.69, candidate was rejected
Itr 30, LL= -3975651.774553 (6.965033). Anneal status: T=4.18, dE=30.65, candidate was rejected
Itr 31, LL= -3975623.105355 (7.211194). Anneal status: T=4.18, dE=69.69, candidate was rejected
Itr 32, LL= -3975603.377396 (4.962231). Anneal status: T=3.58, dE=16.07, candidate was rejected
Itr 33, LL= -3975586.366326 (4.278865). Anneal status: T=3.58, dE=18.31, candidate was rejected
Itr 34, LL= -3975562.624453 (5.971917). Anneal status: T=3.58, dE=57.27, candidate was rejected
Itr 35, LL= -3975548.531645 (3.544859). Anneal status: T=3.58, dE=41.55, candidate was rejected
Itr 36, LL= -3975533.968774 (3.663110). Anneal status: T=3.58, dE=37.96, candidate was rejected
Itr 37, LL= -3975512.223091 (5.469878). Anneal status: T=2.98, dE=25.09, candidate was rejected
Itr 38, LL= -3975490.375407 (5.495564). Anneal status: T=2.98, dE=6.37, candidate was rejected
Itr 39, LL= -3975479.148026 (2.824150). Anneal status: T=2.98, dE=5.54, candidate was rejected
Itr 40, LL= -3975471.483477 (1.927956). Anneal status: T=2.98, dE=20.19, candidate was rejected
Itr 41, LL= -3975455.942745 (3.909154). Anneal status: T=2.98, dE=5.39, candidate was rejected
Itr 42, LL= -3975442.499444 (3.381575). Anneal status: T=2.39, dE=4.67, candidate was rejected
Itr 43, LL= -3975432.467239 (2.523544). Anneal status: T=2.39, dE=2.98, candidate was chosen by chance
Itr 44, LL= -3975410.961031 (5.409778). Anneal status: T=2.39, dE=1.23, candidate was chosen by chance
Itr 45, LL= -3975391.952222 (4.781596). Anneal status: T=2.39, dE=21.89, candidate was rejected
Itr 46, LL= -3975385.722467 (1.567080). Anneal status: T=2.39, dE=26.65, candidate was rejected
Itr 47, LL= -3975380.046543 (1.427767). Anneal status: T=1.79, dE=8.93, candidate was rejected
Itr 48, LL= -3975373.694930 (1.597737). Anneal status: T=1.79, dE=18.47, candidate was rejected
Itr 49, LL= -3975366.573091 (1.791489). Anneal status: T=1.79, dE=88.12, candidate was rejected
Itr 50, LL= -3975361.682378 (1.230255). Anneal status: T=1.79, dE=10.12, candidate was rejected
Itr 51, LL= -3975356.305368 (1.352584). Anneal status: T=1.79, dE=14.09, candidate was rejected
Itr 52, LL= -3975343.832229 (3.137616). Anneal status: T=1.19, dE=55.33, candidate was rejected
Itr 53, LL= -3975334.384580 (2.376561). Anneal status: T=1.19, dE=7.32, candidate was rejected
Itr 54, LL= -3975329.637343 (1.194173). Anneal status: T=1.19, dE=82.29, candidate was rejected
Itr 55, LL= -3975325.315970 (1.087048). Anneal status: T=1.19, dE=12.36, candidate was rejected
Itr 56, LL= -3975319.436882 (1.478895). Anneal status: T=1.19, dE=156.94, candidate was rejected
Itr 57, LL= -3975312.861813 (1.653973). Anneal status: T=0.60, dE=21.96, candidate was rejected
Itr 58, LL= -3975305.345656 (1.890708). Anneal status: T=0.60, dE=4.60, candidate was rejected
Itr 59, LL= -3975297.013792 (2.095905). Anneal status: T=0.60, dE=16.55, candidate was rejected
Itr 60, LL= -3975288.936791 (2.031798). Anneal status: T=0.60, dE=22.94, candidate was rejected
Itr 61, LL= -3975283.841593 (1.281718). Anneal status: T=0.60, dE=11.14, candidate was rejected
Itr 62, LL= -3975280.305037 (0.889636). Anneal status: T=0.00, dE=45.71, candidate was rejected
Itr 63, LL= -3975277.261791 (0.765542). Anneal status: T=0.00, dE=33.26, candidate was rejected
Itr 64, LL= -3975274.104624 (0.794201). Anneal status: T=0.00, dE=25.05, candidate was rejected
-- Annealing statistics:
Portion of times candidate was better: 0.000000
Portion of times candidate was chosen by chance: 0.078125
--
EM for 10 states, 131 emission nodes. 25 observed values.
            gibbs: 0
    nGibbsItrPcnt: 0.8000
     annealParams: {}
           maxItr: 500
      convergeEps: 1.0000e-06
           minItr: 5
       parametric: 0
        initprobs: []
      persistBias: 0
          obsVals: []

- Initalized simulated annealing with params:
                     type: 'linear'
    max_chance_accpetance: 0.2000
             min_duration: 5
        min_init_duration: 5
             max_duration: 11
              converge_th: 1.0000e-06

--
Itr 1, LL= -15376787.554860 (Inf). Anneal status: T=NaN, dE=35.82, collecting statistics
Itr 2, LL= -4186298.102444 (Inf). Anneal status: T=NaN, dE=-117.14, collecting statistics
Itr 3, LL= -4075880.637926 (Inf). Anneal status: T=NaN, dE=-198.55, collecting statistics
Itr 4, LL= -4028797.477749 (11551.653338). Anneal status: T=NaN, dE=-94.27, collecting statistics
Itr 5, LL= -4006649.459406 (5497.426581). Anneal status: T=NaN, dE=1.11, collecting statistics
Itr 6, LL= -3993095.148220 (3382.954092). Anneal status: T=NaN, dE=223.89, collecting statistics
Itr 7, LL= -3986935.938331 (1542.465095). Anneal status: T=7.97, dE=15.51, candidate was rejected
Itr 8, LL= -3983807.356219 (784.708398). Anneal status: T=7.97, dE=7.72, candidate was chosen by chance
Itr 9, LL= -3981987.128007 (456.906685). Anneal status: T=7.97, dE=8.33, candidate was rejected
Itr 10, LL= -3980910.132787 (270.466776). Anneal status: T=7.97, dE=48.17, candidate was rejected
Itr 11, LL= -3980181.794296 (182.957783). Anneal status: T=7.97, dE=71.33, candidate was rejected
Itr 12, LL= -3979723.980518 (115.023334). Anneal status: T=7.18, dE=40.42, candidate was rejected
Itr 13, LL= -3979422.708085 (75.701841). Anneal status: T=7.18, dE=9.96, candidate was rejected
Itr 14, LL= -3979160.048868 (66.004352). Anneal status: T=7.18, dE=22.09, candidate was rejected
Itr 15, LL= -3978866.315617 (73.817903). Anneal status: T=7.18, dE=56.20, candidate was rejected
Itr 16, LL= -3978558.588743 (77.340340). Anneal status: T=7.18, dE=8.57, candidate was rejected
Itr 17, LL= -3978199.726279 (90.199115). Anneal status: T=6.38, dE=92.11, candidate was rejected
Itr 18, LL= -3977666.182596 (134.116867). Anneal status: T=6.38, dE=27.82, candidate was rejected
Itr 19, LL= -3977067.053110 (150.623370). Anneal status: T=6.38, dE=31.02, candidate was rejected
Itr 20, LL= -3976502.582396 (141.931405). Anneal status: T=6.38, dE=7.88, candidate was rejected
Itr 21, LL= -3976069.443927 (108.924478). Anneal status: T=6.38, dE=8.22, candidate was rejected
Itr 22, LL= -3975752.814275 (79.633834). Anneal status: T=5.58, dE=109.58, candidate was rejected
Itr 23, LL= -3975473.212163 (70.326835). Anneal status: T=5.58, dE=9.28, candidate was rejected
Itr 24, LL= -3975177.692016 (74.335842). Anneal status: T=5.58, dE=77.93, candidate was rejected
Itr 25, LL= -3975001.978195 (44.202759). Anneal status: T=5.58, dE=36.13, candidate was rejected
Itr 26, LL= -3974862.519729 (35.083873). Anneal status: T=5.58, dE=46.18, candidate was rejected
Itr 27, LL= -3974741.283239 (30.500801). Anneal status: T=4.78, dE=12.50, candidate was rejected
Itr 28, LL= -3974637.473369 (26.117390). Anneal status: T=4.78, dE=57.77, candidate was rejected
Itr 29, LL= -3974567.452324 (17.616964). Anneal status: T=4.78, dE=56.67, candidate was rejected
Itr 30, LL= -3974386.262767 (45.587239). Anneal status: T=4.78, dE=7.11, candidate was rejected
Itr 31, LL= -3974265.963184 (30.268720). Anneal status: T=4.78, dE=51.78, candidate was rejected
Itr 32, LL= -3974246.920921 (4.791391). Anneal status: T=3.99, dE=44.35, candidate was rejected
Itr 33, LL= -3974227.068338 (4.995307). Anneal status: T=3.99, dE=14.04, candidate was rejected
Itr 34, LL= -3974205.523074 (5.421246). Anneal status: T=3.99, dE=39.98, candidate was rejected
Itr 35, LL= -3974165.698501 (10.020763). Anneal status: T=3.99, dE=4.31, candidate was rejected
Itr 36, LL= -3974143.623372 (5.554657). Anneal status: T=3.99, dE=62.95, candidate was rejected
Itr 37, LL= -3974105.940346 (9.482049). Anneal status: T=3.19, dE=14.45, candidate was rejected
Itr 38, LL= -3974031.214272 (18.803242). Anneal status: T=3.19, dE=11.41, candidate was rejected
Itr 39, LL= -3974011.001679 (5.086169). Anneal status: T=3.19, dE=104.45, candidate was rejected
Itr 40, LL= -3974006.315966 (1.179089). Anneal status: T=3.19, dE=31.81, candidate was rejected
Itr 41, LL= -3973996.306357 (2.518770). Anneal status: T=3.19, dE=7.39, candidate was rejected
Itr 42, LL= -3973990.984812 (1.339092). Anneal status: T=2.39, dE=19.18, candidate was rejected
Itr 43, LL= -3973976.481104 (3.649658). Anneal status: T=2.39, dE=13.85, candidate was rejected
Itr 44, LL= -3973964.739140 (2.954714). Anneal status: T=2.39, dE=22.74, candidate was rejected
Itr 45, LL= -3973940.646817 (6.062541). Anneal status: T=2.39, dE=7.81, candidate was rejected
Itr 46, LL= -3973936.114065 (1.140619). Anneal status: T=2.39, dE=67.65, candidate was rejected
Itr 47, LL= -3973920.944766 (3.817198). Anneal status: T=1.59, dE=10.25, candidate was rejected
Itr 48, LL= -3973914.025127 (1.741262). Anneal status: T=1.59, dE=79.60, candidate was rejected
Itr 49, LL= -3973912.333239 (0.425748). Anneal status: T=1.59, dE=67.56, candidate was rejected
Itr 50, LL= -3973910.747474 (0.399044). Anneal status: T=1.59, dE=27.47, candidate was rejected
Itr 51, LL= -3973908.102310 (0.665632). Anneal status: T=1.59, dE=16.03, candidate was rejected
-- Annealing statistics:
Portion of times candidate was better: 0.000000
Portion of times candidate was chosen by chance: 0.019608
--
EM for 10 states, 131 emission nodes. 25 observed values.
            gibbs: 0
    nGibbsItrPcnt: 0.8000
     annealParams: {}
           maxItr: 500
      convergeEps: 1.0000e-06
           minItr: 5
       parametric: 0
        initprobs: []
      persistBias: 0
          obsVals: []

- Initalized simulated annealing with params:
                     type: 'linear'
    max_chance_accpetance: 0.2000
             min_duration: 5
        min_init_duration: 5
             max_duration: 11
              converge_th: 1.0000e-06

--
Itr 1, LL= -15446044.828178 (Inf). Anneal status: T=NaN, dE=82.29, collecting statistics
Itr 2, LL= -4184984.468803 (Inf). Anneal status: T=NaN, dE=-431.41, collecting statistics
Itr 3, LL= -4070814.483356 (Inf). Anneal status: T=NaN, dE=-269.13, collecting statistics
Itr 4, LL= -4027296.364710 (10690.273120). Anneal status: T=NaN, dE=-27.43, collecting statistics
Itr 5, LL= -4012203.087877 (3747.744260). Anneal status: T=NaN, dE=-161.69, collecting statistics
Itr 6, LL= -4003831.640256 (2086.496480). Anneal status: T=NaN, dE=19.41, collecting statistics
Itr 7, LL= -3998251.334963 (1393.741244). Anneal status: T=NaN, dE=2.21, collecting statistics
Itr 8, LL= -3994538.876369 (928.520566). Anneal status: T=NaN, dE=-9.17, collecting statistics
Itr 9, LL= -3992011.944567 (632.596623). Anneal status: T=NaN, dE=-5.68, collecting statistics
Itr 10, LL= -3990454.207086 (390.213632). Anneal status: T=6.17, dE=20.29, candidate was rejected
Itr 11, LL= -3989421.608590 (258.767158). Anneal status: T=6.17, dE=7.80, candidate was rejected
Itr 12, LL= -3988728.442273 (173.751081). Anneal status: T=6.17, dE=-2.01, candidate was better
Itr 13, LL= -3988237.335195 (123.123718). Anneal status: T=6.17, dE=4.61, candidate was chosen by chance
Itr 14, LL= -3987880.169011 (89.554897). Anneal status: T=6.17, dE=6.33, candidate was chosen by chance
Itr 15, LL= -3987612.020118 (67.240961). Anneal status: T=5.55, dE=1.82, candidate was chosen by chance
Itr 16, LL= -3987338.135432 (68.683885). Anneal status: T=5.55, dE=-0.00, candidate was better
Itr 17, LL= -3987159.668013 (44.758536). Anneal status: T=4.32, dE=10.85, candidate was rejected
Itr 18, LL= -3987014.726236 (36.352138). Anneal status: T=4.32, dE=109.63, candidate was rejected
Itr 19, LL= -3986866.455565 (37.188393). Anneal status: T=4.32, dE=2.72, candidate was chosen by chance
Itr 20, LL= -3986761.559233 (26.310470). Anneal status: T=4.32, dE=3.43, candidate was rejected
Itr 21, LL= -3986660.084324 (25.452967). Anneal status: T=4.32, dE=138.97, candidate was rejected
Itr 22, LL= -3986575.849846 (21.129084). Anneal status: T=3.89, dE=22.16, candidate was rejected
Itr 23, LL= -3986478.669545 (24.376885). Anneal status: T=3.89, dE=4.02, candidate was rejected
Itr 24, LL= -3986416.400135 (15.620154). Anneal status: T=3.89, dE=7.00, candidate was rejected
Itr 25, LL= -3986369.428380 (11.782952). Anneal status: T=3.89, dE=28.75, candidate was rejected
Itr 26, LL= -3986337.900052 (7.909033). Anneal status: T=3.89, dE=0.59, candidate was chosen by chance
Itr 27, LL= -3986303.702048 (8.578802). Anneal status: T=3.46, dE=35.41, candidate was rejected
Itr 28, LL= -3986276.105060 (6.922952). Anneal status: T=3.46, dE=72.22, candidate was rejected
Itr 29, LL= -3986250.285895 (6.477014). Anneal status: T=3.46, dE=1.21, candidate was chosen by chance
Itr 30, LL= -3986228.971050 (5.347091). Anneal status: T=3.46, dE=22.86, candidate was rejected
Itr 31, LL= -3986210.165503 (4.717629). Anneal status: T=3.46, dE=47.98, candidate was rejected
Itr 32, LL= -3986188.337508 (5.475877). Anneal status: T=3.02, dE=76.73, candidate was rejected
Itr 33, LL= -3986171.044189 (4.338309). Anneal status: T=3.02, dE=3.28, candidate was chosen by chance
Itr 34, LL= -3986141.671540 (7.368638). Anneal status: T=3.02, dE=2.77, candidate was chosen by chance
Itr 35, LL= -3986107.854234 (8.483719). Anneal status: T=3.02, dE=1.33, candidate was rejected
Itr 36, LL= -3986075.044971 (8.230902). Anneal status: T=3.02, dE=3.78, candidate was rejected
Itr 37, LL= -3986048.877813 (6.564643). Anneal status: T=2.59, dE=134.82, candidate was rejected
Itr 38, LL= -3986033.719551 (3.802829). Anneal status: T=2.59, dE=105.86, candidate was rejected
Itr 39, LL= -3986024.492412 (2.314867). Anneal status: T=2.59, dE=4.73, candidate was rejected
Itr 40, LL= -3986019.352214 (1.289555). Anneal status: T=2.59, dE=26.74, candidate was rejected
Itr 41, LL= -3986015.777362 (0.896848). Anneal status: T=2.59, dE=22.17, candidate was rejected
Itr 42, LL= -3986012.717541 (0.767639). Anneal status: T=2.16, dE=5.64, candidate was rejected
Itr 43, LL= -3986010.580623 (0.536104). Anneal status: T=2.16, dE=1.01, candidate was chosen by chance
-- Annealing statistics:
Portion of times candidate was better: 0.046512
Portion of times candidate was chosen by chance: 0.209302
--
>> 