My SLURM_ARRAY_TASK_ID:  28

                            < M A T L A B (R) >
                  Copyright 1984-2014 The MathWorks, Inc.
                   R2014b (8.4.0.150421) 64-bit (glnxa64)
                             September 15, 2014

 
For online documentation, see http://www.mathworks.com/support
For product information, visit www.mathworks.com.
 
EM for 28 states, 131 emission nodes. 25 observed values.
            gibbs: 0
    nGibbsItrPcnt: 0.8000
     annealParams: {}
           maxItr: 500
      convergeEps: 1.0000e-06
           minItr: 5
       parametric: 0
        initprobs: []
      persistBias: 0
          obsVals: []

- Initalized simulated annealing with params:
                     type: 'linear'
    max_chance_accpetance: 0.2000
             min_duration: 5
        min_init_duration: 5
             max_duration: 11
              converge_th: 1.0000e-06

--
Itr 1, LL= -15287731.205440 (Inf). Anneal status: T=NaN, dE=-1481.27, collecting statistics
Itr 2, LL= -4131704.878212 (Inf). Anneal status: T=NaN, dE=-1280.29, collecting statistics
Itr 3, LL= -4020325.871900 (Inf). Anneal status: T=NaN, dE=-1082.46, collecting statistics
Itr 4, LL= -3978956.276449 (10290.109998). Anneal status: T=NaN, dE=-331.97, collecting statistics
Itr 5, LL= -3960760.150941 (4573.090088). Anneal status: T=NaN, dE=-241.39, collecting statistics
Itr 6, LL= -3949378.521719 (2873.597185). Anneal status: T=NaN, dE=-22.60, collecting statistics
Itr 7, LL= -3942401.933692 (1766.502752). Anneal status: T=NaN, dE=14.43, collecting statistics
Itr 8, LL= -3937968.230599 (1124.619754). Anneal status: T=NaN, dE=36.86, collecting statistics
Itr 9, LL= -3934428.021345 (898.993858). Anneal status: T=NaN, dE=17.99, collecting statistics
Itr 10, LL= -3931206.465666 (818.811695). Anneal status: T=NaN, dE=-18.62, collecting statistics
Itr 11, LL= -3928612.315386 (659.886552). Anneal status: T=3.42, dE=5.51, candidate was rejected
Itr 12, LL= -3926709.951577 (484.233021). Anneal status: T=3.42, dE=-2.43, candidate was better
Itr 13, LL= -3925227.726748 (377.472451). Anneal status: T=3.42, dE=12.74, candidate was rejected
Itr 14, LL= -3924134.521764 (278.507404). Anneal status: T=3.42, dE=21.20, candidate was rejected
Itr 15, LL= -3923307.486819 (210.756013). Anneal status: T=3.42, dE=3.82, candidate was rejected
Itr 16, LL= -3922618.694520 (175.564189). Anneal status: T=3.07, dE=19.08, candidate was rejected
Itr 17, LL= -3921999.541589 (157.841733). Anneal status: T=3.07, dE=13.01, candidate was rejected
Itr 18, LL= -3921459.630050 (137.662316). Anneal status: T=3.07, dE=12.92, candidate was rejected
Itr 19, LL= -3920990.472278 (119.638557). Anneal status: T=3.07, dE=39.70, candidate was rejected
Itr 20, LL= -3920585.442742 (103.297761). Anneal status: T=3.07, dE=35.88, candidate was rejected
Itr 21, LL= -3920227.508688 (91.296073). Anneal status: T=2.73, dE=15.49, candidate was rejected
Itr 22, LL= -3919884.888257 (87.398099). Anneal status: T=2.73, dE=7.74, candidate was rejected
Itr 23, LL= -3919597.407969 (73.338962). Anneal status: T=2.73, dE=18.28, candidate was rejected
Itr 24, LL= -3919260.877523 (85.858422). Anneal status: T=2.73, dE=17.41, candidate was rejected
Itr 25, LL= -3919004.850461 (65.325343). Anneal status: T=2.73, dE=24.37, candidate was rejected
Itr 26, LL= -3918808.977370 (49.980313). Anneal status: T=2.39, dE=13.09, candidate was rejected
Itr 27, LL= -3918622.527907 (47.578094). Anneal status: T=2.39, dE=35.14, candidate was rejected
Itr 28, LL= -3918422.406812 (51.069245). Anneal status: T=2.39, dE=4.22, candidate was rejected
Itr 29, LL= -3918237.580089 (47.168657). Anneal status: T=2.39, dE=16.58, candidate was rejected
Itr 30, LL= -3918085.919241 (38.706394). Anneal status: T=2.39, dE=25.12, candidate was rejected
Itr 31, LL= -3917949.786247 (34.744770). Anneal status: T=2.05, dE=15.28, candidate was rejected
Itr 32, LL= -3917826.826878 (31.383600). Anneal status: T=2.05, dE=12.49, candidate was rejected
Itr 33, LL= -3917727.302403 (25.402980). Anneal status: T=2.05, dE=65.30, candidate was rejected
Itr 34, LL= -3917645.198771 (20.956954). Anneal status: T=2.05, dE=8.03, candidate was rejected
Itr 35, LL= -3917564.739726 (20.537604). Anneal status: T=2.05, dE=30.58, candidate was rejected
Itr 36, LL= -3917460.296120 (26.660339). Anneal status: T=1.71, dE=8.40, candidate was rejected
Itr 37, LL= -3917375.831063 (21.561178). Anneal status: T=1.71, dE=11.07, candidate was rejected
Itr 38, LL= -3917297.210899 (20.069599). Anneal status: T=1.71, dE=11.00, candidate was rejected
Itr 39, LL= -3917219.400658 (19.863247). Anneal status: T=1.71, dE=2.74, candidate was rejected
Itr 40, LL= -3917170.112163 (12.582521). Anneal status: T=1.71, dE=57.84, candidate was rejected
Itr 41, LL= -3917095.316089 (19.094416). Anneal status: T=1.37, dE=7.23, candidate was rejected
Itr 42, LL= -3917027.654672 (17.273365). Anneal status: T=1.37, dE=4.06, candidate was rejected
Itr 43, LL= -3916969.801932 (14.769551). Anneal status: T=1.37, dE=20.55, candidate was rejected
Itr 44, LL= -3916883.027971 (22.153339). Anneal status: T=1.37, dE=2.80, candidate was chosen by chance
Itr 45, LL= -3916800.275883 (21.127026). Anneal status: T=1.37, dE=5.15, candidate was rejected
Itr 46, LL= -3916762.320831 (9.690321). Anneal status: T=1.02, dE=32.64, candidate was rejected
Itr 47, LL= -3916705.793655 (14.432118). Anneal status: T=1.02, dE=78.06, candidate was rejected
Itr 48, LL= -3916635.429355 (17.965174). Anneal status: T=1.02, dE=1.97, candidate was rejected
Itr 49, LL= -3916588.281635 (12.037812). Anneal status: T=1.02, dE=8.97, candidate was rejected
Itr 50, LL= -3916529.635275 (14.973839). Anneal status: T=1.02, dE=5.50, candidate was rejected
Itr 51, LL= -3916472.723051 (14.531289). Anneal status: T=0.68, dE=5.39, candidate was rejected
Itr 52, LL= -3916431.515014 (10.521722). Anneal status: T=0.68, dE=48.19, candidate was rejected
Itr 53, LL= -3916387.153687 (11.326976). Anneal status: T=0.68, dE=4.00, candidate was rejected
Itr 54, LL= -3916353.116629 (8.690933). Anneal status: T=0.68, dE=15.56, candidate was rejected
Itr 55, LL= -3916318.337535 (8.880480). Anneal status: T=0.68, dE=10.41, candidate was rejected
Itr 56, LL= -3916280.645095 (9.624458). Anneal status: T=0.34, dE=6.49, candidate was rejected
Itr 57, LL= -3916232.316097 (12.340535). Anneal status: T=0.34, dE=10.74, candidate was rejected
Itr 58, LL= -3916184.898786 (12.107890). Anneal status: T=0.34, dE=14.10, candidate was rejected
Itr 59, LL= -3916145.758139 (9.994586). Anneal status: T=0.34, dE=25.20, candidate was rejected
Itr 60, LL= -3916100.738439 (11.495920). Anneal status: T=0.34, dE=29.38, candidate was rejected
Itr 61, LL= -3916055.552077 (11.538611). Anneal status: T=0.00, dE=8.99, candidate was rejected
Itr 62, LL= -3915993.234122 (15.913450). Anneal status: T=0.00, dE=9.73, candidate was rejected
Itr 63, LL= -3915945.134200 (12.282943). Anneal status: T=0.00, dE=13.25, candidate was rejected
Itr 64, LL= -3915895.192751 (12.753358). Anneal status: T=0.00, dE=7.91, candidate was rejected
Itr 65, LL= -3915845.297473 (12.741730). Anneal status: T=0.00, dE=10.00, candidate was rejected
Itr 66, LL= -3915794.843147 (12.884658). Anneal status: T=0.00, dE=43.21, candidate was rejected
Itr 67, LL= -3915716.187578 (20.086744). Anneal status: T=0.00, dE=35.35, candidate was rejected
Itr 68, LL= -3915641.465626 (19.082576). Anneal status: T=0.00, dE=10.66, candidate was rejected
Itr 69, LL= -3915600.895121 (10.361139). Anneal status: T=0.00, dE=12.68, candidate was rejected
Itr 70, LL= -3915555.617768 (11.563322). Anneal status: T=0.00, dE=12.98, candidate was rejected
Itr 71, LL= -3915503.600062 (13.284885). Anneal status: T=0.00, dE=22.14, candidate was rejected
Itr 72, LL= -3915454.822533 (12.457536). Anneal status: T=0.00, dE=9.60, candidate was rejected
Itr 73, LL= -3915411.250337 (11.128259). Anneal status: T=0.00, dE=23.58, candidate was rejected
Itr 74, LL= -3915383.806911 (7.009079). Anneal status: T=0.00, dE=9.21, candidate was rejected
Itr 75, LL= -3915369.865843 (3.560588). Anneal status: T=0.00, dE=45.41, candidate was rejected
Itr 76, LL= -3915348.089589 (5.561736). Anneal status: T=0.00, dE=22.57, candidate was rejected
Itr 77, LL= -3915320.652730 (7.007515). Anneal status: T=0.00, dE=1.28, candidate was rejected
Itr 78, LL= -3915267.863897 (13.482633). Anneal status: T=0.00, dE=45.33, candidate was rejected
Itr 79, LL= -3915237.958897 (7.638047). Anneal status: T=0.00, dE=32.81, candidate was rejected
Itr 80, LL= -3915219.620265 (4.683912). Anneal status: T=0.00, dE=21.31, candidate was rejected
Itr 81, LL= -3915193.447900 (6.684776). Anneal status: T=0.00, dE=12.98, candidate was rejected
Itr 82, LL= -3915174.038190 (4.957535). Anneal status: T=0.00, dE=7.18, candidate was rejected
Itr 83, LL= -3915156.430346 (4.497334). Anneal status: T=0.00, dE=17.51, candidate was rejected
Itr 84, LL= -3915147.563796 (2.264673). Anneal status: T=0.00, dE=2.68, candidate was rejected
Itr 85, LL= -3915139.640769 (2.023685). Anneal status: T=0.00, dE=39.74, candidate was rejected
Itr 86, LL= -3915127.786898 (3.027701). Anneal status: T=0.00, dE=35.09, candidate was rejected
Itr 87, LL= -3915115.309200 (3.187048). Anneal status: T=0.00, dE=24.60, candidate was rejected
Itr 88, LL= -3915106.502214 (2.249483). Anneal status: T=0.00, dE=5.11, candidate was rejected
Itr 89, LL= -3915094.888180 (2.966467). Anneal status: T=0.00, dE=8.38, candidate was rejected
Itr 90, LL= -3915085.331265 (2.441043). Anneal status: T=0.00, dE=9.02, candidate was rejected
Itr 91, LL= -3915078.667222 (1.702145). Anneal status: T=0.00, dE=9.42, candidate was rejected
Itr 92, LL= -3915067.100479 (2.954409). Anneal status: T=0.00, dE=2.71, candidate was rejected
Itr 93, LL= -3915052.118540 (3.826739). Anneal status: T=0.00, dE=30.96, candidate was rejected
Itr 94, LL= -3915030.627024 (5.489458). Anneal status: T=0.00, dE=4.53, candidate was rejected
Itr 95, LL= -3915001.438119 (7.455601). Anneal status: T=0.00, dE=12.81, candidate was rejected
Itr 96, LL= -3914984.350076 (4.364760). Anneal status: T=0.00, dE=4.20, candidate was rejected
Itr 97, LL= -3914965.840343 (4.727920). Anneal status: T=0.00, dE=64.79, candidate was rejected
Itr 98, LL= -3914945.515993 (5.191450). Anneal status: T=0.00, dE=7.90, candidate was rejected
Itr 99, LL= -3914934.540998 (2.803358). Anneal status: T=0.00, dE=11.69, candidate was rejected
Itr 100, LL= -3914919.455166 (3.853406). Anneal status: T=0.00, dE=4.49, candidate was rejected
Itr 101, LL= -3914896.241932 (5.929428). Anneal status: T=0.00, dE=10.01, candidate was rejected
Itr 102, LL= -3914875.350490 (5.336397). Anneal status: T=0.00, dE=25.98, candidate was rejected
Itr 103, LL= -3914865.051299 (2.630784). Anneal status: T=0.00, dE=65.65, candidate was rejected
Itr 104, LL= -3914851.468963 (3.469426). Anneal status: T=0.00, dE=23.38, candidate was rejected
Itr 105, LL= -3914842.768852 (2.222335). Anneal status: T=0.00, dE=7.13, candidate was rejected
Itr 106, LL= -3914818.956562 (6.082566). Anneal status: T=0.00, dE=5.34, candidate was rejected
Itr 107, LL= -3914804.182139 (3.773973). Anneal status: T=0.00, dE=5.34, candidate was rejected
Itr 108, LL= -3914798.471676 (1.458684). Anneal status: T=0.00, dE=10.40, candidate was rejected
Itr 109, LL= -3914792.453047 (1.537405). Anneal status: T=0.00, dE=6.17, candidate was rejected
Itr 110, LL= -3914779.899978 (3.206573). Anneal status: T=0.00, dE=9.30, candidate was rejected
Itr 111, LL= -3914766.038906 (3.540703). Anneal status: T=0.00, dE=44.14, candidate was rejected
Itr 112, LL= -3914755.297150 (2.743908). Anneal status: T=0.00, dE=10.99, candidate was rejected
Itr 113, LL= -3914739.442052 (4.050086). Anneal status: T=0.00, dE=5.18, candidate was rejected
Itr 114, LL= -3914723.492795 (4.074156). Anneal status: T=0.00, dE=29.98, candidate was rejected
Itr 115, LL= -3914708.165922 (3.915187). Anneal status: T=0.00, dE=11.67, candidate was rejected
Itr 116, LL= -3914697.950868 (2.609404). Anneal status: T=0.00, dE=2.25, candidate was rejected
Itr 117, LL= -3914684.930060 (3.326134). Anneal status: T=0.00, dE=6.85, candidate was rejected
Itr 118, LL= -3914673.823624 (2.837121). Anneal status: T=0.00, dE=26.67, candidate was rejected
Itr 119, LL= -3914663.428492 (2.655427). Anneal status: T=0.00, dE=8.29, candidate was rejected
Itr 120, LL= -3914654.331451 (2.323838). Anneal status: T=0.00, dE=33.00, candidate was rejected
Itr 121, LL= -3914642.038857 (3.140148). Anneal status: T=0.00, dE=9.79, candidate was rejected
Itr 122, LL= -3914633.854413 (2.090726). Anneal status: T=0.00, dE=18.92, candidate was rejected
Itr 123, LL= -3914631.218892 (0.673249). Anneal status: T=0.00, dE=12.52, candidate was rejected
Itr 124, LL= -3914624.207920 (1.790966). Anneal status: T=0.00, dE=5.61, candidate was rejected
Itr 125, LL= -3914616.814119 (1.888764). Anneal status: T=0.00, dE=6.07, candidate was rejected
Itr 126, LL= -3914611.332583 (1.400274). Anneal status: T=0.00, dE=9.76, candidate was rejected
Itr 127, LL= -3914605.336680 (1.531672). Anneal status: T=0.00, dE=7.08, candidate was rejected
Itr 128, LL= -3914602.272957 (0.782639). Anneal status: T=0.00, dE=13.75, candidate was rejected
Itr 129, LL= -3914597.494590 (1.220652). Anneal status: T=0.00, dE=8.96, candidate was rejected
Itr 130, LL= -3914594.887780 (0.665920). Anneal status: T=0.00, dE=40.60, candidate was rejected
Itr 131, LL= -3914591.417991 (0.886372). Anneal status: T=0.00, dE=11.26, candidate was rejected
Itr 132, LL= -3914582.816666 (2.197247). Anneal status: T=0.00, dE=4.07, candidate was rejected
Itr 133, LL= -3914576.370934 (1.646595). Anneal status: T=0.00, dE=59.13, candidate was rejected
Itr 134, LL= -3914565.389551 (2.805255). Anneal status: T=0.00, dE=7.44, candidate was rejected
Itr 135, LL= -3914560.806946 (1.170655). Anneal status: T=0.00, dE=32.75, candidate was rejected
Itr 136, LL= -3914558.420139 (0.609725). Anneal status: T=0.00, dE=3.23, candidate was rejected
Itr 137, LL= -3914556.214698 (0.563395). Anneal status: T=0.00, dE=14.89, candidate was rejected
Itr 138, LL= -3914550.162522 (1.546070). Anneal status: T=0.00, dE=10.98, candidate was rejected
Itr 139, LL= -3914539.797426 (2.647838). Anneal status: T=0.00, dE=58.29, candidate was rejected
Itr 140, LL= -3914525.465982 (3.661080). Anneal status: T=0.00, dE=10.70, candidate was rejected
Itr 141, LL= -3914516.573627 (2.271630). Anneal status: T=0.00, dE=5.00, candidate was rejected
Itr 142, LL= -3914511.133549 (1.389719). Anneal status: T=0.00, dE=60.54, candidate was rejected
Itr 143, LL= -3914493.944577 (4.391090). Anneal status: T=0.00, dE=9.47, candidate was rejected
Itr 144, LL= -3914482.232323 (2.992023). Anneal status: T=0.00, dE=35.30, candidate was rejected
Itr 145, LL= -3914474.703778 (1.923254). Anneal status: T=0.00, dE=7.82, candidate was rejected
Itr 146, LL= -3914468.461269 (1.594725). Anneal status: T=0.00, dE=12.87, candidate was rejected
Itr 147, LL= -3914461.911372 (1.673253). Anneal status: T=0.00, dE=32.99, candidate was rejected
Itr 148, LL= -3914455.821532 (1.555729). Anneal status: T=0.00, dE=18.12, candidate was rejected
Itr 149, LL= -3914449.839522 (1.528184). Anneal status: T=0.00, dE=2.31, candidate was rejected
Itr 150, LL= -3914440.301527 (2.436612). Anneal status: T=0.00, dE=5.32, candidate was rejected
Itr 151, LL= -3914433.433188 (1.754616). Anneal status: T=0.00, dE=8.91, candidate was rejected
Itr 152, LL= -3914428.961629 (1.142326). Anneal status: T=0.00, dE=5.52, candidate was rejected
Itr 153, LL= -3914423.888074 (1.296116). Anneal status: T=0.00, dE=20.48, candidate was rejected
Itr 154, LL= -3914416.842927 (1.799792). Anneal status: T=0.00, dE=12.15, candidate was rejected
Itr 155, LL= -3914407.920042 (2.279493). Anneal status: T=0.00, dE=6.78, candidate was rejected
Itr 156, LL= -3914403.856186 (1.038179). Anneal status: T=0.00, dE=18.30, candidate was rejected
Itr 157, LL= -3914402.452608 (0.358567). Anneal status: T=0.00, dE=22.96, candidate was rejected
Itr 158, LL= -3914401.334804 (0.285562). Anneal status: T=0.00, dE=6.13, candidate was rejected
Itr 159, LL= -3914397.345421 (1.019155). Anneal status: T=0.00, dE=6.61, candidate was rejected
Itr 160, LL= -3914388.901779 (2.157073). Anneal status: T=0.00, dE=5.11, candidate was rejected
Itr 161, LL= -3914386.788095 (0.539978). Anneal status: T=0.00, dE=17.92, candidate was rejected
Itr 162, LL= -3914385.849467 (0.239789). Anneal status: T=0.00, dE=3.25, candidate was rejected
Itr 163, LL= -3914384.911655 (0.239581). Anneal status: T=0.00, dE=9.56, candidate was rejected
-- Annealing statistics:
Portion of times candidate was better: 0.006135
Portion of times candidate was chosen by chance: 0.006135
--
Your MATLAB session has timed out.  All license keys have been returned.
EM for 28 states, 131 emission nodes. 25 observed values.
            gibbs: 0
    nGibbsItrPcnt: 0.8000
     annealParams: {}
           maxItr: 500
      convergeEps: 1.0000e-06
           minItr: 5
       parametric: 0
        initprobs: []
      persistBias: 0
          obsVals: []

- Initalized simulated annealing with params:
                     type: 'linear'
    max_chance_accpetance: 0.2000
             min_duration: 5
        min_init_duration: 5
             max_duration: 11
              converge_th: 1.0000e-06

--
Itr 1, LL= -15337989.987238 (Inf). Anneal status: T=NaN, dE=36.43, collecting statistics
Itr 2, LL= -4148929.564635 (Inf). Anneal status: T=NaN, dE=-391.28, collecting statistics
Itr 3, LL= -4028519.541214 (Inf). Anneal status: T=NaN, dE=-323.70, collecting statistics
Itr 4, LL= -3978586.867896 (12394.794864). Anneal status: T=NaN, dE=-282.41, collecting statistics
Itr 5, LL= -3950917.100480 (6954.672183). Anneal status: T=NaN, dE=-131.89, collecting statistics
Itr 6, LL= -3937297.470107 (3447.207326). Anneal status: T=NaN, dE=18.39, collecting statistics
Itr 7, LL= -3930522.709919 (1720.662520). Anneal status: T=NaN, dE=-8.36, collecting statistics
Itr 8, LL= -3926558.796371 (1008.495266). Anneal status: T=NaN, dE=12.52, collecting statistics
Itr 9, LL= -3923727.620428 (721.032357). Anneal status: T=NaN, dE=-26.75, collecting statistics
Itr 10, LL= -3921727.002209 (509.876937). Anneal status: T=3.97, dE=8.07, candidate was rejected
Itr 11, LL= -3920179.790839 (394.522966). Anneal status: T=3.97, dE=-8.86, candidate was better
Itr 12, LL= -3919025.818095 (294.367301). Anneal status: T=3.97, dE=10.81, candidate was rejected
Itr 13, LL= -3918122.275998 (230.552729). Anneal status: T=3.97, dE=4.45, candidate was chosen by chance
Itr 14, LL= -3917439.857791 (174.169707). Anneal status: T=3.97, dE=12.61, candidate was rejected
Itr 15, LL= -3916928.677041 (130.488474). Anneal status: T=3.58, dE=14.42, candidate was rejected
Itr 16, LL= -3916499.376804 (109.601239). Anneal status: T=3.58, dE=25.43, candidate was rejected
Itr 17, LL= -3916156.078866 (87.654281). Anneal status: T=3.58, dE=17.22, candidate was rejected
Itr 18, LL= -3915855.555678 (76.739329). Anneal status: T=3.58, dE=28.45, candidate was rejected
Itr 19, LL= -3915508.732442 (88.568955). Anneal status: T=3.58, dE=9.10, candidate was rejected
Itr 20, LL= -3915185.494027 (82.553363). Anneal status: T=3.18, dE=35.30, candidate was rejected
Itr 21, LL= -3914921.982488 (67.304995). Anneal status: T=3.18, dE=19.36, candidate was rejected
Itr 22, LL= -3914680.116978 (61.780416). Anneal status: T=3.18, dE=18.99, candidate was rejected
Itr 23, LL= -3914525.680746 (39.450537). Anneal status: T=3.18, dE=31.21, candidate was rejected
Itr 24, LL= -3914418.075819 (27.488624). Anneal status: T=3.18, dE=7.62, candidate was rejected
Itr 25, LL= -3914298.782348 (30.475404). Anneal status: T=2.78, dE=14.89, candidate was rejected
Itr 26, LL= -3914178.367860 (30.762723). Anneal status: T=2.78, dE=20.59, candidate was rejected
Itr 27, LL= -3914091.594605 (22.168958). Anneal status: T=2.78, dE=9.39, candidate was rejected
Itr 28, LL= -3913984.053264 (27.475428). Anneal status: T=2.78, dE=2.30, candidate was chosen by chance
Itr 29, LL= -3913820.928672 (41.677378). Anneal status: T=2.78, dE=14.05, candidate was rejected
Itr 30, LL= -3913680.479020 (35.885559). Anneal status: T=2.38, dE=54.34, candidate was rejected
Itr 31, LL= -3913579.035865 (25.920142). Anneal status: T=2.38, dE=12.86, candidate was rejected
Itr 32, LL= -3913467.800611 (28.422897). Anneal status: T=2.38, dE=3.22, candidate was rejected
Itr 33, LL= -3913323.960297 (36.755206). Anneal status: T=2.38, dE=18.03, candidate was rejected
Itr 34, LL= -3913228.247063 (24.458296). Anneal status: T=2.38, dE=43.90, candidate was rejected
Itr 35, LL= -3913155.589508 (18.567165). Anneal status: T=1.99, dE=4.80, candidate was rejected
Itr 36, LL= -3913085.291766 (17.964464). Anneal status: T=1.99, dE=16.09, candidate was rejected
Itr 37, LL= -3912972.753733 (28.759412). Anneal status: T=1.99, dE=12.23, candidate was rejected
Itr 38, LL= -3912854.780303 (30.149311). Anneal status: T=1.99, dE=39.05, candidate was rejected
Itr 39, LL= -3912758.256577 (24.668364). Anneal status: T=1.99, dE=14.93, candidate was rejected
Itr 40, LL= -3912659.607322 (25.212203). Anneal status: T=1.59, dE=12.06, candidate was rejected
Itr 41, LL= -3912563.279126 (24.619621). Anneal status: T=1.59, dE=7.41, candidate was rejected
Itr 42, LL= -3912479.631857 (21.379148). Anneal status: T=1.59, dE=15.47, candidate was rejected
Itr 43, LL= -3912400.318389 (20.271919). Anneal status: T=1.59, dE=17.51, candidate was rejected
Itr 44, LL= -3912297.601986 (26.254062). Anneal status: T=1.59, dE=6.52, candidate was rejected
Itr 45, LL= -3912216.056122 (20.843472). Anneal status: T=1.19, dE=7.25, candidate was rejected
Itr 46, LL= -3912165.199761 (12.999374). Anneal status: T=1.19, dE=14.40, candidate was rejected
Itr 47, LL= -3912118.106517 (12.037642). Anneal status: T=1.19, dE=12.79, candidate was rejected
Itr 48, LL= -3912079.117782 (9.966145). Anneal status: T=1.19, dE=35.98, candidate was rejected
Itr 49, LL= -3912038.024211 (10.504279). Anneal status: T=1.19, dE=9.89, candidate was rejected
Itr 50, LL= -3912008.566034 (7.530136). Anneal status: T=0.79, dE=12.43, candidate was rejected
Itr 51, LL= -3911968.747714 (10.178485). Anneal status: T=0.79, dE=41.48, candidate was rejected
Itr 52, LL= -3911931.084140 (9.627780). Anneal status: T=0.79, dE=13.92, candidate was rejected
Itr 53, LL= -3911894.812405 (9.272079). Anneal status: T=0.79, dE=29.55, candidate was rejected
Itr 54, LL= -3911835.000075 (15.289861). Anneal status: T=0.79, dE=23.69, candidate was rejected
Itr 55, LL= -3911776.339599 (14.995642). Anneal status: T=0.40, dE=3.77, candidate was rejected
Itr 56, LL= -3911729.439460 (11.989474). Anneal status: T=0.40, dE=19.79, candidate was rejected
Itr 57, LL= -3911698.577986 (7.889471). Anneal status: T=0.40, dE=4.66, candidate was rejected
Itr 58, LL= -3911677.937405 (5.276629). Anneal status: T=0.40, dE=25.02, candidate was rejected
Itr 59, LL= -3911626.275891 (13.206996). Anneal status: T=0.40, dE=4.62, candidate was rejected
Itr 60, LL= -3911577.524833 (12.463118). Anneal status: T=0.00, dE=7.75, candidate was rejected
Itr 61, LL= -3911555.470708 (5.638166). Anneal status: T=0.00, dE=6.16, candidate was rejected
Itr 62, LL= -3911516.815656 (9.882271). Anneal status: T=0.00, dE=41.41, candidate was rejected
Itr 63, LL= -3911506.569987 (2.619360). Anneal status: T=0.00, dE=6.59, candidate was rejected
Itr 64, LL= -3911497.402093 (2.343827). Anneal status: T=0.00, dE=2.10, candidate was rejected
Itr 65, LL= -3911485.900731 (2.940399). Anneal status: T=0.00, dE=18.73, candidate was rejected
Itr 66, LL= -3911468.219815 (4.520255). Anneal status: T=0.00, dE=11.05, candidate was rejected
Itr 67, LL= -3911447.294781 (5.349662). Anneal status: T=0.00, dE=4.98, candidate was rejected
Itr 68, LL= -3911414.894515 (8.283447). Anneal status: T=0.00, dE=17.08, candidate was rejected
Itr 69, LL= -3911382.108350 (8.382175). Anneal status: T=0.00, dE=55.40, candidate was rejected
Itr 70, LL= -3911333.339875 (12.468348). Anneal status: T=0.00, dE=55.73, candidate was rejected
Itr 71, LL= -3911304.083325 (7.479943). Anneal status: T=0.00, dE=11.95, candidate was rejected
Itr 72, LL= -3911281.991997 (5.648072). Anneal status: T=0.00, dE=2.45, candidate was rejected
Itr 73, LL= -3911250.195180 (8.129513). Anneal status: T=0.00, dE=19.88, candidate was rejected
Itr 74, LL= -3911170.302907 (20.426275). Anneal status: T=0.00, dE=31.48, candidate was rejected
Itr 75, LL= -3911130.245506 (10.241794). Anneal status: T=0.00, dE=12.09, candidate was rejected
Itr 76, LL= -3911082.860363 (12.115460). Anneal status: T=0.00, dE=19.28, candidate was rejected
Itr 77, LL= -3911059.928812 (5.863223). Anneal status: T=0.00, dE=42.73, candidate was rejected
Itr 78, LL= -3911019.934066 (10.226063). Anneal status: T=0.00, dE=10.10, candidate was rejected
Itr 79, LL= -3910961.854532 (14.850227). Anneal status: T=0.00, dE=13.29, candidate was rejected
Itr 80, LL= -3910939.188807 (5.795435). Anneal status: T=0.00, dE=28.80, candidate was rejected
Itr 81, LL= -3910912.458672 (6.834710). Anneal status: T=0.00, dE=12.68, candidate was rejected
Itr 82, LL= -3910889.274615 (5.928043). Anneal status: T=0.00, dE=7.64, candidate was rejected
Itr 83, LL= -3910863.237915 (6.657489). Anneal status: T=0.00, dE=11.07, candidate was rejected
Itr 84, LL= -3910846.914621 (4.173834). Anneal status: T=0.00, dE=14.08, candidate was rejected
Itr 85, LL= -3910829.192435 (4.531547). Anneal status: T=0.00, dE=40.58, candidate was rejected
Itr 86, LL= -3910803.584137 (6.548048). Anneal status: T=0.00, dE=10.29, candidate was rejected
Itr 87, LL= -3910779.328737 (6.202152). Anneal status: T=0.00, dE=15.48, candidate was rejected
Itr 88, LL= -3910760.116123 (4.912733). Anneal status: T=0.00, dE=10.78, candidate was rejected
Itr 89, LL= -3910750.924661 (2.350301). Anneal status: T=0.00, dE=31.18, candidate was rejected
Itr 90, LL= -3910743.422799 (1.918266). Anneal status: T=0.00, dE=3.27, candidate was rejected
Itr 91, LL= -3910736.181284 (1.851698). Anneal status: T=0.00, dE=24.64, candidate was rejected
Itr 92, LL= -3910725.298469 (2.782805). Anneal status: T=0.00, dE=8.26, candidate was rejected
Itr 93, LL= -3910711.905099 (3.424779). Anneal status: T=0.00, dE=22.80, candidate was rejected
Itr 94, LL= -3910686.987255 (6.371690). Anneal status: T=0.00, dE=5.98, candidate was rejected
Itr 95, LL= -3910656.454778 (7.807446). Anneal status: T=0.00, dE=41.29, candidate was rejected
Itr 96, LL= -3910640.159984 (4.166767). Anneal status: T=0.00, dE=22.45, candidate was rejected
Itr 97, LL= -3910630.809171 (2.391121). Anneal status: T=0.00, dE=31.03, candidate was rejected
Itr 98, LL= -3910612.366790 (4.715961). Anneal status: T=0.00, dE=26.93, candidate was rejected
Itr 99, LL= -3910605.968141 (1.636227). Anneal status: T=0.00, dE=42.02, candidate was rejected
Itr 100, LL= -3910597.115865 (2.263659). Anneal status: T=0.00, dE=8.24, candidate was rejected
Itr 101, LL= -3910570.591968 (6.782570). Anneal status: T=0.00, dE=4.28, candidate was rejected
Itr 102, LL= -3910556.785002 (3.530678). Anneal status: T=0.00, dE=8.12, candidate was rejected
Itr 103, LL= -3910537.597011 (4.906716). Anneal status: T=0.00, dE=23.64, candidate was rejected
Itr 104, LL= -3910489.624081 (12.267605). Anneal status: T=0.00, dE=29.02, candidate was rejected
Itr 105, LL= -3910464.910113 (6.319917). Anneal status: T=0.00, dE=13.73, candidate was rejected
Itr 106, LL= -3910460.342367 (1.168083). Anneal status: T=0.00, dE=11.31, candidate was rejected
Itr 107, LL= -3910448.976804 (2.906451). Anneal status: T=0.00, dE=8.67, candidate was rejected
Itr 108, LL= -3910438.902258 (2.576314). Anneal status: T=0.00, dE=12.91, candidate was rejected
Itr 109, LL= -3910430.414895 (2.170437). Anneal status: T=0.00, dE=6.41, candidate was rejected
Itr 110, LL= -3910421.343589 (2.319772). Anneal status: T=0.00, dE=14.72, candidate was rejected
Itr 111, LL= -3910411.588031 (2.494759). Anneal status: T=0.00, dE=26.16, candidate was rejected
Itr 112, LL= -3910389.473648 (5.655257). Anneal status: T=0.00, dE=26.58, candidate was rejected
Itr 113, LL= -3910379.545137 (2.539008). Anneal status: T=0.00, dE=11.25, candidate was rejected
Itr 114, LL= -3910366.160225 (3.422919). Anneal status: T=0.00, dE=7.28, candidate was rejected
Itr 115, LL= -3910361.223066 (1.262582). Anneal status: T=0.00, dE=10.12, candidate was rejected
Itr 116, LL= -3910356.762752 (1.140640). Anneal status: T=0.00, dE=5.36, candidate was rejected
Itr 117, LL= -3910352.944403 (0.976471). Anneal status: T=0.00, dE=10.38, candidate was rejected
Itr 118, LL= -3910346.692498 (1.598809). Anneal status: T=0.00, dE=9.25, candidate was rejected
Itr 119, LL= -3910327.375789 (4.939897). Anneal status: T=0.00, dE=14.67, candidate was rejected
Itr 120, LL= -3910314.466264 (3.301393). Anneal status: T=0.00, dE=11.85, candidate was rejected
Itr 121, LL= -3910291.085176 (5.979337). Anneal status: T=0.00, dE=22.83, candidate was rejected
Itr 122, LL= -3910276.225584 (3.800124). Anneal status: T=0.00, dE=14.59, candidate was rejected
Itr 123, LL= -3910257.293587 (4.841601). Anneal status: T=0.00, dE=13.28, candidate was rejected
Itr 124, LL= -3910240.734947 (4.234668). Anneal status: T=0.00, dE=42.64, candidate was rejected
Itr 125, LL= -3910226.552427 (3.627020). Anneal status: T=0.00, dE=36.97, candidate was rejected
Itr 126, LL= -3910213.196208 (3.415715). Anneal status: T=0.00, dE=17.91, candidate was rejected
Itr 127, LL= -3910189.943447 (5.946673). Anneal status: T=0.00, dE=4.94, candidate was rejected
Itr 128, LL= -3910141.152587 (12.477875). Anneal status: T=0.00, dE=16.44, candidate was rejected
Itr 129, LL= -3910125.777885 (3.932007). Anneal status: T=0.00, dE=9.08, candidate was rejected
Itr 130, LL= -3910100.319236 (6.510954). Anneal status: T=0.00, dE=3.28, candidate was rejected
Itr 131, LL= -3910079.544308 (5.313144). Anneal status: T=0.00, dE=12.60, candidate was rejected
Itr 132, LL= -3910060.910945 (4.765469). Anneal status: T=0.00, dE=18.49, candidate was rejected
Itr 133, LL= -3910025.008587 (9.182046). Anneal status: T=0.00, dE=13.82, candidate was rejected
Itr 134, LL= -3910012.204641 (3.274646). Anneal status: T=0.00, dE=4.47, candidate was rejected
Itr 135, LL= -3909995.994571 (4.145785). Anneal status: T=0.00, dE=13.48, candidate was rejected
Itr 136, LL= -3909982.942105 (3.338230). Anneal status: T=0.00, dE=11.65, candidate was rejected
Itr 137, LL= -3909963.877445 (4.875893). Anneal status: T=0.00, dE=10.39, candidate was rejected
Itr 138, LL= -3909942.089472 (5.572423). Anneal status: T=0.00, dE=19.06, candidate was rejected
Itr 139, LL= -3909932.766963 (2.384309). Anneal status: T=0.00, dE=12.48, candidate was rejected
Itr 140, LL= -3909925.645623 (1.821346). Anneal status: T=0.00, dE=7.17, candidate was rejected
Itr 141, LL= -3909913.465309 (3.115229). Anneal status: T=0.00, dE=7.73, candidate was rejected
Itr 142, LL= -3909889.246177 (6.194288). Anneal status: T=0.00, dE=19.00, candidate was rejected
Itr 143, LL= -3909872.241416 (4.349167). Anneal status: T=0.00, dE=9.60, candidate was rejected
Itr 144, LL= -3909844.230243 (7.164217). Anneal status: T=0.00, dE=11.91, candidate was rejected
Itr 145, LL= -3909823.660234 (5.261081). Anneal status: T=0.00, dE=17.58, candidate was rejected
Itr 146, LL= -3909774.941929 (12.460486). Anneal status: T=0.00, dE=14.29, candidate was rejected
Itr 147, LL= -3909754.871425 (5.133417). Anneal status: T=0.00, dE=13.01, candidate was rejected
Itr 148, LL= -3909733.433675 (5.483145). Anneal status: T=0.00, dE=37.25, candidate was rejected
Itr 149, LL= -3909722.435123 (2.813120). Anneal status: T=0.00, dE=11.82, candidate was rejected
Itr 150, LL= -3909691.334902 (7.954585). Anneal status: T=0.00, dE=13.93, candidate was rejected
Itr 151, LL= -3909664.090988 (6.968303). Anneal status: T=0.00, dE=16.81, candidate was rejected
Itr 152, LL= -3909635.102409 (7.414596). Anneal status: T=0.00, dE=13.32, candidate was rejected
Itr 153, LL= -3909617.237897 (4.569355). Anneal status: T=0.00, dE=9.74, candidate was rejected
Itr 154, LL= -3909598.447273 (4.806257). Anneal status: T=0.00, dE=23.93, candidate was rejected
Itr 155, LL= -3909576.799781 (5.537011). Anneal status: T=0.00, dE=17.93, candidate was rejected
Itr 156, LL= -3909532.780008 (11.259473). Anneal status: T=0.00, dE=6.75, candidate was rejected
Itr 157, LL= -3909486.700390 (11.786477). Anneal status: T=0.00, dE=31.55, candidate was rejected
Itr 158, LL= -3909429.623585 (14.599565). Anneal status: T=0.00, dE=3.34, candidate was rejected
Itr 159, LL= -3909395.932904 (8.617800). Anneal status: T=0.00, dE=6.13, candidate was rejected
Itr 160, LL= -3909367.092922 (7.377094). Anneal status: T=0.00, dE=32.52, candidate was rejected
Itr 161, LL= -3909342.691182 (6.241865). Anneal status: T=0.00, dE=20.48, candidate was rejected
Itr 162, LL= -3909320.107992 (5.776723). Anneal status: T=0.00, dE=32.66, candidate was rejected
Itr 163, LL= -3909302.121907 (4.600822). Anneal status: T=0.00, dE=28.74, candidate was rejected
Itr 164, LL= -3909283.177452 (4.845994). Anneal status: T=0.00, dE=11.34, candidate was rejected
Itr 165, LL= -3909256.965880 (6.704956). Anneal status: T=0.00, dE=15.67, candidate was rejected
Itr 166, LL= -3909230.522093 (6.764403). Anneal status: T=0.00, dE=31.11, candidate was rejected
Itr 167, LL= -3909179.369448 (13.085093). Anneal status: T=0.00, dE=8.27, candidate was rejected
Itr 168, LL= -3909138.070387 (10.564637). Anneal status: T=0.00, dE=5.32, candidate was rejected
Itr 169, LL= -3909115.426523 (5.792546). Anneal status: T=0.00, dE=14.02, candidate was rejected
Itr 170, LL= -3909095.790370 (5.023171). Anneal status: T=0.00, dE=16.66, candidate was rejected
Itr 171, LL= -3909077.854701 (4.588189). Anneal status: T=0.00, dE=12.65, candidate was rejected
Itr 172, LL= -3909063.748623 (3.608544). Anneal status: T=0.00, dE=23.25, candidate was rejected
Itr 173, LL= -3909052.765818 (2.809574). Anneal status: T=0.00, dE=20.70, candidate was rejected
Itr 174, LL= -3909040.275588 (3.195206). Anneal status: T=0.00, dE=9.20, candidate was rejected
Itr 175, LL= -3909031.151092 (2.334204). Anneal status: T=0.00, dE=2.64, candidate was rejected
Itr 176, LL= -3909021.002222 (2.596262). Anneal status: T=0.00, dE=4.73, candidate was rejected
Itr 177, LL= -3909010.163506 (2.772744). Anneal status: T=0.00, dE=21.77, candidate was rejected
Itr 178, LL= -3908983.383188 (6.850921). Anneal status: T=0.00, dE=3.46, candidate was rejected
Itr 179, LL= -3908944.792215 (9.872381). Anneal status: T=0.00, dE=8.08, candidate was rejected
Itr 180, LL= -3908927.556488 (4.409304). Anneal status: T=0.00, dE=11.45, candidate was rejected
Itr 181, LL= -3908922.531180 (1.285598). Anneal status: T=0.00, dE=23.90, candidate was rejected
Itr 182, LL= -3908911.712153 (2.767777). Anneal status: T=0.00, dE=8.48, candidate was rejected
Itr 183, LL= -3908903.073123 (2.210086). Anneal status: T=0.00, dE=10.56, candidate was rejected
Itr 184, LL= -3908902.459526 (0.156974). Anneal status: T=0.00, dE=18.07, candidate was rejected
Itr 185, LL= -3908901.404505 (0.269902). Anneal status: T=0.00, dE=9.78, candidate was rejected
Itr 186, LL= -3908883.127953 (4.675624). Anneal status: T=0.00, dE=7.43, candidate was rejected
Itr 187, LL= -3908869.300092 (3.537548). Anneal status: T=0.00, dE=16.74, candidate was rejected
Itr 188, LL= -3908856.214797 (3.347591). Anneal status: T=0.00, dE=16.72, candidate was rejected
Itr 189, LL= -3908840.267029 (4.079907). Anneal status: T=0.00, dE=23.16, candidate was rejected
Itr 190, LL= -3908821.070250 (4.911119). Anneal status: T=0.00, dE=21.77, candidate was rejected
Itr 191, LL= -3908814.874413 (1.585091). Anneal status: T=0.00, dE=18.81, candidate was rejected
Itr 192, LL= -3908811.461858 (0.873041). Anneal status: T=0.00, dE=18.82, candidate was rejected
Itr 193, LL= -3908806.970064 (1.149146). Anneal status: T=0.00, dE=11.11, candidate was rejected
Itr 194, LL= -3908800.939455 (1.542826). Anneal status: T=0.00, dE=9.76, candidate was rejected
Itr 195, LL= -3908794.824153 (1.564496). Anneal status: T=0.00, dE=11.28, candidate was rejected
Itr 196, LL= -3908788.274668 (1.675577). Anneal status: T=0.00, dE=23.77, candidate was rejected
Itr 197, LL= -3908782.005293 (1.603918). Anneal status: T=0.00, dE=8.33, candidate was rejected
Itr 198, LL= -3908774.595323 (1.895724). Anneal status: T=0.00, dE=14.54, candidate was rejected
Itr 199, LL= -3908756.776878 (4.558576). Anneal status: T=0.00, dE=15.85, candidate was rejected
Itr 200, LL= -3908745.413989 (2.907034). Anneal status: T=0.00, dE=9.05, candidate was rejected
Itr 201, LL= -3908728.405650 (4.351355). Anneal status: T=0.00, dE=21.45, candidate was rejected
Itr 202, LL= -3908723.387505 (1.283830). Anneal status: T=0.00, dE=23.19, candidate was rejected
Itr 203, LL= -3908719.134258 (1.088142). Anneal status: T=0.00, dE=8.68, candidate was rejected
Itr 204, LL= -3908707.186434 (3.056711). Anneal status: T=0.00, dE=6.04, candidate was rejected
Itr 205, LL= -3908700.753299 (1.645847). Anneal status: T=0.00, dE=14.59, candidate was rejected
Itr 206, LL= -3908677.528783 (5.941748). Anneal status: T=0.00, dE=16.14, candidate was rejected
Itr 207, LL= -3908656.242984 (5.445780). Anneal status: T=0.00, dE=10.23, candidate was rejected
Itr 208, LL= -3908644.923196 (2.896082). Anneal status: T=0.00, dE=32.90, candidate was rejected
Itr 209, LL= -3908639.672945 (1.343241). Anneal status: T=0.00, dE=7.87, candidate was rejected
Itr 210, LL= -3908629.356883 (2.639297). Anneal status: T=0.00, dE=8.81, candidate was rejected
Itr 211, LL= -3908614.883206 (3.703006). Anneal status: T=0.00, dE=13.71, candidate was rejected
Itr 212, LL= -3908609.610667 (1.348953). Anneal status: T=0.00, dE=27.61, candidate was rejected
Itr 213, LL= -3908597.362690 (3.133589). Anneal status: T=0.00, dE=32.77, candidate was rejected
Itr 214, LL= -3908579.329091 (4.613829). Anneal status: T=0.00, dE=29.04, candidate was rejected
Itr 215, LL= -3908557.348491 (5.623680). Anneal status: T=0.00, dE=3.58, candidate was rejected
Itr 216, LL= -3908536.876131 (5.237830). Anneal status: T=0.00, dE=27.02, candidate was rejected
Itr 217, LL= -3908524.027042 (3.287442). Anneal status: T=0.00, dE=23.68, candidate was rejected
Itr 218, LL= -3908505.930956 (4.629903). Anneal status: T=0.00, dE=7.87, candidate was rejected
Itr 219, LL= -3908496.579872 (2.392496). Anneal status: T=0.00, dE=45.66, candidate was rejected
Itr 220, LL= -3908484.928423 (2.981056). Anneal status: T=0.00, dE=20.73, candidate was rejected
Itr 221, LL= -3908461.704727 (5.941867). Anneal status: T=0.00, dE=15.51, candidate was rejected
Itr 222, LL= -3908442.218084 (4.985758). Anneal status: T=0.00, dE=17.10, candidate was rejected
Itr 223, LL= -3908425.261077 (4.338559). Anneal status: T=0.00, dE=17.70, candidate was rejected
Itr 224, LL= -3908407.421576 (4.564371). Anneal status: T=0.00, dE=19.43, candidate was rejected
Itr 225, LL= -3908384.736584 (5.804152). Anneal status: T=0.00, dE=9.27, candidate was rejected
Itr 226, LL= -3908372.640740 (3.094845). Anneal status: T=0.00, dE=6.72, candidate was rejected
Itr 227, LL= -3908366.267235 (1.630731). Anneal status: T=0.00, dE=8.03, candidate was rejected
Itr 228, LL= -3908354.149345 (3.100500). Anneal status: T=0.00, dE=6.18, candidate was rejected
Itr 229, LL= -3908333.188973 (5.362967). Anneal status: T=0.00, dE=11.38, candidate was rejected
Itr 230, LL= -3908308.786931 (6.243593). Anneal status: T=0.00, dE=11.82, candidate was rejected
Itr 231, LL= -3908298.329384 (2.675722). Anneal status: T=0.00, dE=28.63, candidate was rejected
Itr 232, LL= -3908278.661530 (5.032332). Anneal status: T=0.00, dE=10.66, candidate was rejected
Itr 233, LL= -3908263.260519 (3.940612). Anneal status: T=0.00, dE=18.82, candidate was rejected
Itr 234, LL= -3908249.748762 (3.457228). Anneal status: T=0.00, dE=8.37, candidate was rejected
Itr 235, LL= -3908229.433137 (5.198139). Anneal status: T=0.00, dE=8.09, candidate was rejected
Itr 236, LL= -3908217.894838 (2.952308). Anneal status: T=0.00, dE=20.26, candidate was rejected
Itr 237, LL= -3908199.889456 (4.607057). Anneal status: T=0.00, dE=17.65, candidate was rejected
Itr 238, LL= -3908185.269081 (3.740949). Anneal status: T=0.00, dE=9.16, candidate was rejected
Itr 239, LL= -3908165.885640 (4.959704). Anneal status: T=0.00, dE=5.89, candidate was rejected
Itr 240, LL= -3908156.208052 (2.476248). Anneal status: T=0.00, dE=5.71, candidate was rejected
Itr 241, LL= -3908149.433150 (1.733529). Anneal status: T=0.00, dE=8.23, candidate was rejected
Itr 242, LL= -3908142.645930 (1.736684). Anneal status: T=0.00, dE=17.56, candidate was rejected
Itr 243, LL= -3908130.849076 (3.018532). Anneal status: T=0.00, dE=52.00, candidate was rejected
Itr 244, LL= -3908122.837839 (2.049889). Anneal status: T=0.00, dE=14.02, candidate was rejected
Itr 245, LL= -3908105.339216 (4.477501). Anneal status: T=0.00, dE=43.42, candidate was rejected
Itr 246, LL= -3908092.002955 (3.412462). Anneal status: T=0.00, dE=25.67, candidate was rejected
Itr 247, LL= -3908082.953198 (2.315646). Anneal status: T=0.00, dE=19.18, candidate was rejected
Itr 248, LL= -3908069.789032 (3.368446). Anneal status: T=0.00, dE=7.59, candidate was rejected
Itr 249, LL= -3908058.339726 (2.929658). Anneal status: T=0.00, dE=16.72, candidate was rejected
Itr 250, LL= -3908046.676665 (2.984362). Anneal status: T=0.00, dE=30.43, candidate was rejected
Itr 251, LL= -3908036.377133 (2.635468). Anneal status: T=0.00, dE=36.61, candidate was rejected
Itr 252, LL= -3908024.946385 (2.924934). Anneal status: T=0.00, dE=22.77, candidate was rejected
Itr 253, LL= -3908016.322238 (2.206779). Anneal status: T=0.00, dE=55.24, candidate was rejected
Itr 254, LL= -3908011.648187 (1.196016). Anneal status: T=0.00, dE=11.07, candidate was rejected
Itr 255, LL= -3908005.890521 (1.473298). Anneal status: T=0.00, dE=20.89, candidate was rejected
Itr 256, LL= -3907995.331648 (2.701857). Anneal status: T=0.00, dE=16.87, candidate was rejected
Itr 257, LL= -3907990.796928 (1.160370). Anneal status: T=0.00, dE=40.49, candidate was rejected
Itr 258, LL= -3907987.903861 (0.740295). Anneal status: T=0.00, dE=27.52, candidate was rejected
Itr 259, LL= -3907983.123658 (1.223188). Anneal status: T=0.00, dE=47.49, candidate was rejected
Itr 260, LL= -3907956.524553 (6.806351). Anneal status: T=0.00, dE=28.77, candidate was rejected
Itr 261, LL= -3907925.813547 (7.858584). Anneal status: T=0.00, dE=3.40, candidate was rejected
Itr 262, LL= -3907918.009687 (1.996931). Anneal status: T=0.00, dE=6.20, candidate was rejected
Itr 263, LL= -3907907.364596 (2.723980). Anneal status: T=0.00, dE=10.67, candidate was rejected
Itr 264, LL= -3907902.725343 (1.187145). Anneal status: T=0.00, dE=79.95, candidate was rejected
Itr 265, LL= -3907893.216938 (2.433122). Anneal status: T=0.00, dE=7.67, candidate was rejected
Itr 266, LL= -3907878.949385 (3.650958). Anneal status: T=0.00, dE=12.31, candidate was rejected
Itr 267, LL= -3907875.379044 (0.913626). Anneal status: T=0.00, dE=5.66, candidate was rejected
Itr 268, LL= -3907867.679789 (1.970189). Anneal status: T=0.00, dE=16.19, candidate was rejected
Itr 269, LL= -3907856.802671 (2.783390). Anneal status: T=0.00, dE=6.34, candidate was rejected
Itr 270, LL= -3907851.852604 (1.266696). Anneal status: T=0.00, dE=25.84, candidate was rejected
Itr 271, LL= -3907850.376460 (0.377738). Anneal status: T=0.00, dE=3.90, candidate was rejected
Itr 272, LL= -3907845.267011 (1.307483). Anneal status: T=0.00, dE=7.17, candidate was rejected
Itr 273, LL= -3907838.641769 (1.695370). Anneal status: T=0.00, dE=31.05, candidate was rejected
Itr 274, LL= -3907820.325891 (4.686959). Anneal status: T=0.00, dE=8.46, candidate was rejected
Itr 275, LL= -3907802.050695 (4.676570). Anneal status: T=0.00, dE=13.93, candidate was rejected
Itr 276, LL= -3907794.141122 (2.024046). Anneal status: T=0.00, dE=22.73, candidate was rejected
Itr 277, LL= -3907786.660637 (1.914247). Anneal status: T=0.00, dE=6.81, candidate was rejected
Itr 278, LL= -3907775.787828 (2.782345). Anneal status: T=0.00, dE=85.91, candidate was rejected
Itr 279, LL= -3907761.828079 (3.572300). Anneal status: T=0.00, dE=11.76, candidate was rejected
Itr 280, LL= -3907759.414730 (0.617578). Anneal status: T=0.00, dE=24.77, candidate was rejected
Itr 281, LL= -3907758.328737 (0.277907). Anneal status: T=0.00, dE=3.57, candidate was rejected
Itr 282, LL= -3907753.050427 (1.350726). Anneal status: T=0.00, dE=13.25, candidate was rejected
Itr 283, LL= -3907744.025010 (2.309618). Anneal status: T=0.00, dE=52.20, candidate was rejected
Itr 284, LL= -3907740.461992 (0.911784). Anneal status: T=0.00, dE=23.01, candidate was rejected
Itr 285, LL= -3907728.545810 (3.049379). Anneal status: T=0.00, dE=33.43, candidate was rejected
Itr 286, LL= -3907698.519964 (7.683708). Anneal status: T=0.00, dE=10.04, candidate was rejected
Itr 287, LL= -3907697.335860 (0.303018). Anneal status: T=0.00, dE=17.62, candidate was rejected
Itr 288, LL= -3907696.442136 (0.228708). Anneal status: T=0.00, dE=12.67, candidate was rejected
Itr 289, LL= -3907695.012589 (0.365829). Anneal status: T=0.00, dE=16.79, candidate was rejected
-- Annealing statistics:
Portion of times candidate was better: 0.003460
Portion of times candidate was chosen by chance: 0.006920
--
EM for 28 states, 131 emission nodes. 25 observed values.
            gibbs: 0
    nGibbsItrPcnt: 0.8000
     annealParams: {}
           maxItr: 500
      convergeEps: 1.0000e-06
           minItr: 5
       parametric: 0
        initprobs: []
      persistBias: 0
          obsVals: []

- Initalized simulated annealing with params:
                     type: 'linear'
    max_chance_accpetance: 0.2000
             min_duration: 5
        min_init_duration: 5
             max_duration: 11
              converge_th: 1.0000e-06

--
Itr 1, LL= -15290592.113458 (Inf). Anneal status: T=NaN, dE=116.11, collecting statistics
Itr 2, LL= -4148541.968794 (Inf). Anneal status: T=NaN, dE=-339.84, collecting statistics
Itr 3, LL= -4036876.610319 (Inf). Anneal status: T=NaN, dE=-614.76, collecting statistics
Itr 4, LL= -3976591.927490 (14933.496524). Anneal status: T=NaN, dE=-95.78, collecting statistics
Itr 5, LL= -3949651.659450 (6774.712752). Anneal status: T=NaN, dE=-246.01, collecting statistics
Itr 6, LL= -3936868.907866 (3236.425054). Anneal status: T=NaN, dE=-95.37, collecting statistics
Itr 7, LL= -3929486.905067 (1875.094897). Anneal status: T=NaN, dE=-39.56, collecting statistics
Itr 8, LL= -3924720.278856 (1213.040360). Anneal status: T=NaN, dE=5.09, collecting statistics
Itr 9, LL= -3921818.078537 (739.466793). Anneal status: T=NaN, dE=15.22, collecting statistics
Itr 10, LL= -3919900.230691 (489.020094). Anneal status: T=NaN, dE=-1.46, collecting statistics
Itr 11, LL= -3918419.308570 (377.795871). Anneal status: T=9.58, dE=46.46, candidate was rejected
