My SLURM_ARRAY_TASK_ID:  13

                            < M A T L A B (R) >
                  Copyright 1984-2014 The MathWorks, Inc.
                   R2014b (8.4.0.150421) 64-bit (glnxa64)
                             September 15, 2014

 
For online documentation, see http://www.mathworks.com/support
For product information, visit www.mathworks.com.
 
EM for 13 states, 131 emission nodes. 22 observed values.
            gibbs: 0
    nGibbsItrPcnt: 0.8000
     annealParams: {}
           maxItr: 500
      convergeEps: 1.0000e-06
           minItr: 5
       parametric: 0
        initprobs: []
      persistBias: 0
          obsVals: []

- Initalized simulated annealing with params:
                     type: 'linear'
    max_chance_accpetance: 0.2000
             min_duration: 5
        min_init_duration: 5
             max_duration: 11
              converge_th: 1.0000e-06

--
Itr 1, LL= -16482112.408444 (Inf). Anneal status: T=NaN, dE=68.57, collecting statistics
Itr 2, LL= -4780376.714409 (Inf). Anneal status: T=NaN, dE=-403.79, collecting statistics
Itr 3, LL= -4672218.948306 (Inf). Anneal status: T=NaN, dE=-1537.41, collecting statistics
Itr 4, LL= -4606733.269364 (14015.969643). Anneal status: T=NaN, dE=-59.48, collecting statistics
Itr 5, LL= -4585241.673234 (4665.257325). Anneal status: T=NaN, dE=-5.98, collecting statistics
Itr 6, LL= -4575611.010796 (2100.360924). Anneal status: T=NaN, dE=-28.45, collecting statistics
Itr 7, LL= -4569452.654919 (1345.908964). Anneal status: T=NaN, dE=-7.36, collecting statistics
Itr 8, LL= -4565280.183559 (913.122791). Anneal status: T=NaN, dE=-0.52, collecting statistics
Itr 9, LL= -4562315.203598 (649.462868). Anneal status: T=NaN, dE=28.36, collecting statistics
Itr 10, LL= -4559884.621034 (532.752003). Anneal status: T=NaN, dE=41.68, collecting statistics
Itr 11, LL= -4558041.443501 (404.215827). Anneal status: T=16.86, dE=104.71, candidate was rejected
Itr 12, LL= -4556556.771109 (325.725953). Anneal status: T=16.86, dE=28.87, candidate was rejected
Itr 13, LL= -4555315.224109 (272.474823). Anneal status: T=16.86, dE=66.94, candidate was rejected
Itr 14, LL= -4554309.146781 (220.857894). Anneal status: T=16.86, dE=20.44, candidate was rejected
Itr 15, LL= -4553432.066718 (192.582461). Anneal status: T=16.86, dE=72.52, candidate was rejected
Itr 16, LL= -4552673.282100 (166.640153). Anneal status: T=15.17, dE=110.93, candidate was rejected
Itr 17, LL= -4552121.707008 (121.154113). Anneal status: T=15.17, dE=105.70, candidate was rejected
Itr 18, LL= -4551712.670950 (89.856134). Anneal status: T=15.17, dE=36.82, candidate was chosen by chance
Itr 19, LL= -4551230.513739 (105.928745). Anneal status: T=15.17, dE=8.96, candidate was rejected
Itr 20, LL= -4550856.212536 (82.241759). Anneal status: T=15.17, dE=14.42, candidate was rejected
Itr 21, LL= -4550483.233737 (81.957940). Anneal status: T=13.49, dE=146.22, candidate was rejected
Itr 22, LL= -4550119.689715 (79.891300). Anneal status: T=13.49, dE=42.81, candidate was rejected
Itr 23, LL= -4549798.079751 (70.681649). Anneal status: T=13.49, dE=22.54, candidate was rejected
Itr 24, LL= -4549497.242355 (66.121043). Anneal status: T=13.49, dE=85.22, candidate was rejected
Itr 25, LL= -4549197.947699 (65.786315). Anneal status: T=13.49, dE=30.72, candidate was rejected
Itr 26, LL= -4548903.599856 (64.703239). Anneal status: T=11.80, dE=92.09, candidate was rejected
Itr 27, LL= -4548685.868767 (47.864520). Anneal status: T=11.80, dE=35.72, candidate was chosen by chance
Itr 28, LL= -4548417.432646 (59.013994). Anneal status: T=11.80, dE=8.51, candidate was rejected
Itr 29, LL= -4548190.328814 (49.930297). Anneal status: T=11.80, dE=16.78, candidate was rejected
Itr 30, LL= -4547980.364469 (46.164371). Anneal status: T=11.80, dE=50.46, candidate was rejected
Itr 31, LL= -4547795.710904 (40.601223). Anneal status: T=10.12, dE=25.84, candidate was rejected
Itr 32, LL= -4547595.486217 (44.026755). Anneal status: T=10.12, dE=59.61, candidate was rejected
Itr 33, LL= -4547431.202745 (36.125349). Anneal status: T=10.12, dE=21.71, candidate was rejected
Itr 34, LL= -4547309.416657 (26.781293). Anneal status: T=10.12, dE=28.01, candidate was rejected
Itr 35, LL= -4547198.184434 (24.461107). Anneal status: T=10.12, dE=61.67, candidate was rejected
Itr 36, LL= -4547103.747796 (20.768094). Anneal status: T=8.43, dE=50.41, candidate was rejected
Itr 37, LL= -4547040.098882 (13.997682). Anneal status: T=8.43, dE=21.28, candidate was rejected
Itr 38, LL= -4546972.261656 (14.918986). Anneal status: T=8.43, dE=35.04, candidate was rejected
Itr 39, LL= -4546897.943668 (16.344500). Anneal status: T=8.43, dE=55.36, candidate was rejected
Itr 40, LL= -4546832.570671 (14.377494). Anneal status: T=8.43, dE=25.93, candidate was rejected
Itr 41, LL= -4546768.092093 (14.180988). Anneal status: T=6.74, dE=32.51, candidate was rejected
Itr 42, LL= -4546719.306655 (10.729696). Anneal status: T=6.74, dE=126.43, candidate was rejected
Itr 43, LL= -4546650.328605 (15.170950). Anneal status: T=6.74, dE=69.33, candidate was rejected
Itr 44, LL= -4546583.955344 (14.598277). Anneal status: T=6.74, dE=43.39, candidate was rejected
Itr 45, LL= -4546525.784571 (12.794391). Anneal status: T=6.74, dE=71.79, candidate was rejected
Itr 46, LL= -4546457.653318 (14.985344). Anneal status: T=5.06, dE=37.89, candidate was rejected
Itr 47, LL= -4546385.980154 (15.764617). Anneal status: T=5.06, dE=68.48, candidate was rejected
Itr 48, LL= -4546357.233224 (6.323029). Anneal status: T=5.06, dE=53.36, candidate was rejected
Itr 49, LL= -4546341.345229 (3.494665). Anneal status: T=5.06, dE=56.08, candidate was rejected
Itr 50, LL= -4546324.765494 (3.646830). Anneal status: T=5.06, dE=142.47, candidate was rejected
Itr 51, LL= -4546299.859556 (5.478258). Anneal status: T=3.37, dE=28.18, candidate was rejected
Itr 52, LL= -4546260.855070 (8.579391). Anneal status: T=3.37, dE=2.13, candidate was chosen by chance
Itr 53, LL= -4546237.162030 (5.211544). Anneal status: T=3.37, dE=43.30, candidate was rejected
Itr 54, LL= -4546217.395879 (4.347805). Anneal status: T=3.37, dE=54.65, candidate was rejected
Itr 55, LL= -4546193.139274 (5.335558). Anneal status: T=3.37, dE=89.27, candidate was rejected
Itr 56, LL= -4546167.478730 (5.644403). Anneal status: T=1.69, dE=26.55, candidate was rejected
Itr 57, LL= -4546152.695712 (3.251754). Anneal status: T=1.69, dE=68.60, candidate was rejected
Itr 58, LL= -4546138.583941 (3.104113). Anneal status: T=1.69, dE=72.79, candidate was rejected
Itr 59, LL= -4546121.520744 (3.753338). Anneal status: T=1.69, dE=54.58, candidate was rejected
Itr 60, LL= -4546105.455631 (3.533806). Anneal status: T=1.69, dE=153.67, candidate was rejected
Itr 61, LL= -4546090.058687 (3.386843). Anneal status: T=0.00, dE=37.39, candidate was rejected
Itr 62, LL= -4546074.292127 (3.468158). Anneal status: T=0.00, dE=40.41, candidate was rejected
Itr 63, LL= -4546061.436170 (2.827925). Anneal status: T=0.00, dE=19.32, candidate was rejected
Itr 64, LL= -4546050.635822 (2.375759). Anneal status: T=0.00, dE=96.80, candidate was rejected
Itr 65, LL= -4546036.767091 (3.050721). Anneal status: T=0.00, dE=18.94, candidate was rejected
Itr 66, LL= -4546026.601885 (2.236059). Anneal status: T=0.00, dE=48.81, candidate was rejected
Itr 67, LL= -4546021.482790 (1.126059). Anneal status: T=0.00, dE=11.96, candidate was rejected
Itr 68, LL= -4546015.244667 (1.372216). Anneal status: T=0.00, dE=42.16, candidate was rejected
Itr 69, LL= -4546008.529290 (1.477201). Anneal status: T=0.00, dE=37.05, candidate was rejected
Itr 70, LL= -4546003.551379 (1.095007). Anneal status: T=0.00, dE=63.34, candidate was rejected
Itr 71, LL= -4545992.093258 (2.520482). Anneal status: T=0.00, dE=65.46, candidate was rejected
Itr 72, LL= -4545981.365215 (2.359890). Anneal status: T=0.00, dE=22.69, candidate was rejected
Itr 73, LL= -4545977.166016 (0.923717). Anneal status: T=0.00, dE=65.40, candidate was rejected
Itr 74, LL= -4545971.234954 (1.304684). Anneal status: T=0.00, dE=34.61, candidate was rejected
Itr 75, LL= -4545953.967704 (3.798363). Anneal status: T=0.00, dE=20.42, candidate was rejected
Itr 76, LL= -4545939.922801 (3.089539). Anneal status: T=0.00, dE=39.66, candidate was rejected
Itr 77, LL= -4545933.700273 (1.368810). Anneal status: T=0.00, dE=13.51, candidate was rejected
Itr 78, LL= -4545929.167016 (0.997211). Anneal status: T=0.00, dE=13.95, candidate was rejected
Itr 79, LL= -4545926.520298 (0.582217). Anneal status: T=0.00, dE=16.20, candidate was rejected
Itr 80, LL= -4545922.262043 (0.936719). Anneal status: T=0.00, dE=17.89, candidate was rejected
-- Annealing statistics:
Portion of times candidate was better: 0.000000
Portion of times candidate was chosen by chance: 0.037500
--
EM for 13 states, 131 emission nodes. 22 observed values.
            gibbs: 0
    nGibbsItrPcnt: 0.8000
     annealParams: {}
           maxItr: 500
      convergeEps: 1.0000e-06
           minItr: 5
       parametric: 0
        initprobs: []
      persistBias: 0
          obsVals: []

- Initalized simulated annealing with params:
                     type: 'linear'
    max_chance_accpetance: 0.2000
             min_duration: 5
        min_init_duration: 5
             max_duration: 11
              converge_th: 1.0000e-06

--
Itr 1, LL= -16438245.276679 (Inf). Anneal status: T=NaN, dE=1062.64, collecting statistics
Itr 2, LL= -4778264.290759 (Inf). Anneal status: T=NaN, dE=-966.03, collecting statistics
Itr 3, LL= -4658756.199604 (Inf). Anneal status: T=NaN, dE=-206.83, collecting statistics
Itr 4, LL= -4588832.552066 (15009.080652). Anneal status: T=NaN, dE=-90.26, collecting statistics
Itr 5, LL= -4569999.357665 (4104.136333). Anneal status: T=NaN, dE=87.40, collecting statistics
Itr 6, LL= -4563066.926926 (1516.943482). Anneal status: T=NaN, dE=23.70, collecting statistics
Itr 7, LL= -4559660.670713 (746.483948). Anneal status: T=23.67, dE=64.96, candidate was rejected
Itr 8, LL= -4557693.446944 (431.440827). Anneal status: T=23.67, dE=17.51, candidate was chosen by chance
Itr 9, LL= -4556276.222173 (310.952193). Anneal status: T=23.67, dE=-0.05, candidate was better
Itr 10, LL= -4555286.083253 (217.313190). Anneal status: T=23.67, dE=41.44, candidate was rejected
Itr 11, LL= -4554548.871955 (161.836443). Anneal status: T=23.67, dE=23.07, candidate was chosen by chance
Itr 12, LL= -4553880.577854 (146.731130). Anneal status: T=21.30, dE=59.20, candidate was rejected
Itr 13, LL= -4553250.497983 (138.361088). Anneal status: T=21.30, dE=6.72, candidate was chosen by chance
Itr 14, LL= -4552613.842600 (139.824370). Anneal status: T=21.30, dE=31.48, candidate was rejected
Itr 15, LL= -4552068.282477 (119.834482). Anneal status: T=21.30, dE=113.99, candidate was rejected
Itr 16, LL= -4551600.391206 (102.786523). Anneal status: T=21.30, dE=84.45, candidate was rejected
Itr 17, LL= -4551229.142192 (81.564501). Anneal status: T=18.93, dE=79.63, candidate was rejected
Itr 18, LL= -4550874.292236 (77.967939). Anneal status: T=18.93, dE=40.79, candidate was rejected
Itr 19, LL= -4550541.542347 (73.117794). Anneal status: T=18.93, dE=259.94, candidate was rejected
Itr 20, LL= -4550265.976620 (60.556688). Anneal status: T=18.93, dE=109.12, candidate was rejected
Itr 21, LL= -4550055.268818 (46.306700). Anneal status: T=18.93, dE=60.80, candidate was rejected
Itr 22, LL= -4549868.569550 (41.032308). Anneal status: T=16.57, dE=178.14, candidate was rejected
Itr 23, LL= -4549703.787416 (36.216900). Anneal status: T=16.57, dE=76.22, candidate was rejected
Itr 24, LL= -4549547.455846 (34.360824). Anneal status: T=16.57, dE=74.27, candidate was rejected
Itr 25, LL= -4549434.929922 (24.733432). Anneal status: T=16.57, dE=52.44, candidate was rejected
Itr 26, LL= -4549358.731994 (16.748877). Anneal status: T=16.57, dE=88.07, candidate was rejected
Itr 27, LL= -4549281.357054 (17.007878). Anneal status: T=14.20, dE=81.78, candidate was rejected
Itr 28, LL= -4549236.947011 (9.761991). Anneal status: T=14.20, dE=18.03, candidate was chosen by chance
Itr 29, LL= -4549159.077235 (17.117107). Anneal status: T=14.20, dE=81.59, candidate was rejected
Itr 30, LL= -4549111.526863 (10.452563). Anneal status: T=14.20, dE=26.65, candidate was rejected
Itr 31, LL= -4549081.586499 (6.581585). Anneal status: T=14.20, dE=93.46, candidate was rejected
Itr 32, LL= -4549047.846251 (7.416936). Anneal status: T=11.83, dE=38.58, candidate was rejected
Itr 33, LL= -4549019.661872 (6.195665). Anneal status: T=11.83, dE=66.60, candidate was rejected
Itr 34, LL= -4549000.173923 (4.283989). Anneal status: T=11.83, dE=71.39, candidate was rejected
Itr 35, LL= -4548975.207192 (5.488400). Anneal status: T=11.83, dE=40.53, candidate was rejected
Itr 36, LL= -4548954.573653 (4.535865). Anneal status: T=11.83, dE=25.84, candidate was rejected
Itr 37, LL= -4548938.028390 (3.637157). Anneal status: T=9.47, dE=29.14, candidate was rejected
Itr 38, LL= -4548940.077318 (-0.450419). Anneal status: T=9.47, dE=17.29, candidate was chosen by chance
Itr 39, LL= -4548907.479172 (7.166097). Anneal status: T=9.47, dE=24.63, candidate was rejected
Itr 40, LL= -4548900.376028 (1.561505). Anneal status: T=9.47, dE=61.42, candidate was rejected
Itr 41, LL= -4548890.631310 (2.142214). Anneal status: T=9.47, dE=90.71, candidate was rejected
Itr 42, LL= -4548880.553999 (2.215334). Anneal status: T=7.10, dE=32.53, candidate was rejected
Itr 43, LL= -4548872.361990 (1.800885). Anneal status: T=7.10, dE=75.40, candidate was rejected
Itr 44, LL= -4548866.240855 (1.345638). Anneal status: T=7.10, dE=82.86, candidate was rejected
Itr 45, LL= -4548854.871960 (2.499281). Anneal status: T=7.10, dE=27.28, candidate was rejected
Itr 46, LL= -4548834.553147 (4.466797). Anneal status: T=7.10, dE=10.75, candidate was rejected
Itr 47, LL= -4548820.993382 (2.980932). Anneal status: T=4.73, dE=19.20, candidate was rejected
Itr 48, LL= -4548834.026914 (-2.865255). Anneal status: T=4.73, dE=16.21, candidate was chosen by chance
Itr 49, LL= -4548817.121328 (3.716466). Anneal status: T=4.73, dE=36.29, candidate was rejected
Itr 50, LL= -4548814.892121 (0.490063). Anneal status: T=4.73, dE=14.05, candidate was rejected
Itr 51, LL= -4548813.618350 (0.280023). Anneal status: T=4.73, dE=39.58, candidate was rejected
Itr 52, LL= -4548812.427534 (0.261786). Anneal status: T=2.37, dE=22.41, candidate was rejected
-- Annealing statistics:
Portion of times candidate was better: 0.019231
Portion of times candidate was chosen by chance: 0.115385
--
EM for 13 states, 131 emission nodes. 22 observed values.
            gibbs: 0
    nGibbsItrPcnt: 0.8000
     annealParams: {}
           maxItr: 500
      convergeEps: 1.0000e-06
           minItr: 5
       parametric: 0
        initprobs: []
      persistBias: 0
          obsVals: []

- Initalized simulated annealing with params:
                     type: 'linear'
    max_chance_accpetance: 0.2000
             min_duration: 5
        min_init_duration: 5
             max_duration: 11
              converge_th: 1.0000e-06

--
Itr 1, LL= -16513900.436745 (Inf). Anneal status: T=NaN, dE=1315.48, collecting statistics
Itr 2, LL= -4753379.524677 (Inf). Anneal status: T=NaN, dE=-86.40, collecting statistics
Itr 3, LL= -4653262.544961 (Inf). Anneal status: T=NaN, dE=-332.93, collecting statistics
Itr 4, LL= -4590002.838494 (13594.699602). Anneal status: T=NaN, dE=-15.33, collecting statistics
Itr 5, LL= -4568764.819836 (4627.016454). Anneal status: T=NaN, dE=14.05, collecting statistics
Itr 6, LL= -4562267.695995 (1422.074477). Anneal status: T=NaN, dE=67.28, collecting statistics
Itr 7, LL= -4559474.257976 (612.291563). Anneal status: T=12.63, dE=3.19, candidate was rejected
Itr 8, LL= -4557782.067324 (371.137231). Anneal status: T=12.63, dE=8.24, candidate was chosen by chance
Itr 9, LL= -4556681.310686 (241.511468). Anneal status: T=12.63, dE=15.36, candidate was rejected
Itr 10, LL= -4555875.140139 (176.920546). Anneal status: T=12.63, dE=58.15, candidate was rejected
Itr 11, LL= -4555264.312164 (134.074784). Anneal status: T=12.63, dE=21.17, candidate was rejected
Itr 12, LL= -4554748.668889 (113.197224). Anneal status: T=11.37, dE=29.93, candidate was rejected
Itr 13, LL= -4554358.777715 (85.601029). Anneal status: T=11.37, dE=81.51, candidate was rejected
Itr 14, LL= -4554036.445856 (70.774367). Anneal status: T=11.37, dE=40.19, candidate was rejected
Itr 15, LL= -4553768.356413 (58.868533). Anneal status: T=11.37, dE=62.42, candidate was rejected
Itr 16, LL= -4553544.761240 (49.101130). Anneal status: T=11.37, dE=93.34, candidate was rejected
Itr 17, LL= -4553335.546753 (45.945411). Anneal status: T=10.11, dE=25.72, candidate was rejected
Itr 18, LL= -4553195.597421 (30.735563). Anneal status: T=10.11, dE=18.74, candidate was rejected
Itr 19, LL= -4553078.812179 (25.649072). Anneal status: T=10.11, dE=62.27, candidate was rejected
Itr 20, LL= -4552963.506347 (25.324805). Anneal status: T=10.11, dE=22.45, candidate was rejected
Itr 21, LL= -4552838.955244 (27.356051). Anneal status: T=10.11, dE=28.68, candidate was rejected
Itr 22, LL= -4552728.194723 (24.327792). Anneal status: T=8.84, dE=25.21, candidate was rejected
Itr 23, LL= -4552605.439727 (26.962953). Anneal status: T=8.84, dE=19.45, candidate was rejected
Itr 24, LL= -4552463.977326 (31.072845). Anneal status: T=8.84, dE=45.47, candidate was rejected
Itr 25, LL= -4552297.215739 (36.631061). Anneal status: T=8.84, dE=60.62, candidate was rejected
Itr 26, LL= -4552087.215955 (46.130508). Anneal status: T=8.84, dE=43.14, candidate was rejected
Itr 27, LL= -4551830.686693 (56.354206). Anneal status: T=7.58, dE=56.27, candidate was rejected
Itr 28, LL= -4551566.158463 (58.114690). Anneal status: T=7.58, dE=36.98, candidate was rejected
Itr 29, LL= -4551306.642501 (57.016849). Anneal status: T=7.58, dE=154.19, candidate was rejected
Itr 30, LL= -4551043.325377 (57.855281). Anneal status: T=7.58, dE=19.90, candidate was rejected
Itr 31, LL= -4550802.731342 (52.865688). Anneal status: T=7.58, dE=8.79, candidate was rejected
Itr 32, LL= -4550603.997242 (43.670120). Anneal status: T=6.32, dE=12.83, candidate was rejected
Itr 33, LL= -4550412.547955 (42.071181). Anneal status: T=6.32, dE=17.93, candidate was rejected
Itr 34, LL= -4550261.274860 (33.243820). Anneal status: T=6.32, dE=28.62, candidate was rejected
Itr 35, LL= -4550160.506348 (22.145654). Anneal status: T=6.32, dE=7.74, candidate was chosen by chance
Itr 36, LL= -4550033.766750 (27.853874). Anneal status: T=6.32, dE=41.24, candidate was rejected
Itr 37, LL= -4549910.757662 (27.034764). Anneal status: T=5.05, dE=46.21, candidate was rejected
Itr 38, LL= -4549818.281778 (20.324769). Anneal status: T=5.05, dE=23.71, candidate was rejected
Itr 39, LL= -4549731.040511 (19.174671). Anneal status: T=5.05, dE=27.08, candidate was rejected
Itr 40, LL= -4549650.291330 (17.748122). Anneal status: T=5.05, dE=45.66, candidate was rejected
Itr 41, LL= -4549593.139823 (12.561736). Anneal status: T=5.05, dE=25.41, candidate was rejected
Itr 42, LL= -4549548.805535 (9.744671). Anneal status: T=3.79, dE=41.99, candidate was rejected
Itr 43, LL= -4549511.772904 (8.139847). Anneal status: T=3.79, dE=10.71, candidate was rejected
Itr 44, LL= -4549474.409332 (8.212655). Anneal status: T=3.79, dE=11.76, candidate was rejected
Itr 45, LL= -4549449.227198 (5.535174). Anneal status: T=3.79, dE=11.44, candidate was rejected
Itr 46, LL= -4549424.401142 (5.456937). Anneal status: T=3.79, dE=114.50, candidate was rejected
Itr 47, LL= -4549394.798558 (6.506886). Anneal status: T=2.53, dE=28.27, candidate was rejected
Itr 48, LL= -4549371.938519 (5.024853). Anneal status: T=2.53, dE=103.68, candidate was rejected
Itr 49, LL= -4549350.822240 (4.641581). Anneal status: T=2.53, dE=28.49, candidate was rejected
Itr 50, LL= -4549332.485315 (4.030668). Anneal status: T=2.53, dE=70.26, candidate was rejected
Itr 51, LL= -4549312.343268 (4.427473). Anneal status: T=2.53, dE=13.93, candidate was rejected
Itr 52, LL= -4549291.507351 (4.580015). Anneal status: T=1.26, dE=50.19, candidate was rejected
Itr 53, LL= -4549263.567092 (6.141673). Anneal status: T=1.26, dE=23.13, candidate was rejected
Itr 54, LL= -4549237.032566 (5.832708). Anneal status: T=1.26, dE=36.75, candidate was rejected
Itr 55, LL= -4549192.966518 (9.686470). Anneal status: T=1.26, dE=20.88, candidate was rejected
Itr 56, LL= -4549165.825956 (5.966017). Anneal status: T=1.26, dE=34.54, candidate was rejected
Itr 57, LL= -4549146.006535 (4.356715). Anneal status: T=0.00, dE=25.85, candidate was rejected
Itr 58, LL= -4549131.923080 (3.095846). Anneal status: T=0.00, dE=50.60, candidate was rejected
Itr 59, LL= -4549122.240085 (2.128537). Anneal status: T=0.00, dE=32.50, candidate was rejected
Itr 60, LL= -4549115.728151 (1.431471). Anneal status: T=0.00, dE=38.01, candidate was rejected
Itr 61, LL= -4549110.416784 (1.167560). Anneal status: T=0.00, dE=34.72, candidate was rejected
Itr 62, LL= -4549105.130441 (1.162061). Anneal status: T=0.00, dE=30.62, candidate was rejected
Itr 63, LL= -4549097.264118 (1.729202). Anneal status: T=0.00, dE=12.70, candidate was rejected
Itr 64, LL= -4549080.856071 (3.606880). Anneal status: T=0.00, dE=34.56, candidate was rejected
Itr 65, LL= -4549064.034169 (3.697868). Anneal status: T=0.00, dE=96.54, candidate was rejected
Itr 66, LL= -4549053.161616 (2.390064). Anneal status: T=0.00, dE=49.60, candidate was rejected
Itr 67, LL= -4549044.048971 (2.003196). Anneal status: T=0.00, dE=182.49, candidate was rejected
Itr 68, LL= -4549034.904998 (2.010087). Anneal status: T=0.00, dE=42.43, candidate was rejected
Itr 69, LL= -4549022.426868 (2.743028). Anneal status: T=0.00, dE=9.72, candidate was rejected
Itr 70, LL= -4549012.350476 (2.215068). Anneal status: T=0.00, dE=107.81, candidate was rejected
Itr 71, LL= -4549001.732889 (2.334042). Anneal status: T=0.00, dE=20.92, candidate was rejected
Itr 72, LL= -4548998.925663 (0.617108). Anneal status: T=0.00, dE=48.99, candidate was rejected
Itr 73, LL= -4548994.312562 (1.014091). Anneal status: T=0.00, dE=7.58, candidate was rejected
Itr 74, LL= -4548988.974628 (1.173432). Anneal status: T=0.00, dE=25.22, candidate was rejected
Itr 75, LL= -4548981.374332 (1.670766). Anneal status: T=0.00, dE=36.90, candidate was rejected
Itr 76, LL= -4548974.623472 (1.484038). Anneal status: T=0.00, dE=105.10, candidate was rejected
Itr 77, LL= -4548967.461472 (1.574421). Anneal status: T=0.00, dE=16.57, candidate was rejected
Itr 78, LL= -4548960.836388 (1.456393). Anneal status: T=0.00, dE=82.36, candidate was rejected
Itr 79, LL= -4548953.255752 (1.666455). Anneal status: T=0.00, dE=45.63, candidate was rejected
Itr 80, LL= -4548949.651279 (0.792374). Anneal status: T=0.00, dE=108.82, candidate was rejected
Itr 81, LL= -4548946.214921 (0.755418). Anneal status: T=0.00, dE=73.36, candidate was rejected
Itr 82, LL= -4548937.130226 (1.997099). Anneal status: T=0.00, dE=158.82, candidate was rejected
Itr 83, LL= -4548917.001756 (4.424873). Anneal status: T=0.00, dE=6.59, candidate was rejected
Itr 84, LL= -4548913.450708 (0.780636). Anneal status: T=0.00, dE=27.95, candidate was rejected
Itr 85, LL= -4548912.147382 (0.286514). Anneal status: T=0.00, dE=61.75, candidate was rejected
Itr 86, LL= -4548911.366479 (0.171668). Anneal status: T=0.00, dE=6.59, candidate was rejected
-- Annealing statistics:
Portion of times candidate was better: 0.000000
Portion of times candidate was chosen by chance: 0.023256
--
EM for 13 states, 131 emission nodes. 22 observed values.
            gibbs: 0
    nGibbsItrPcnt: 0.8000
     annealParams: {}
           maxItr: 500
      convergeEps: 1.0000e-06
           minItr: 5
       parametric: 0
        initprobs: []
      persistBias: 0
          obsVals: []

- Initalized simulated annealing with params:
                     type: 'linear'
    max_chance_accpetance: 0.2000
             min_duration: 5
        min_init_duration: 5
             max_duration: 11
              converge_th: 1.0000e-06

--
Itr 1, LL= -16432478.895552 (Inf). Anneal status: T=NaN, dE=-515.05, collecting statistics
Itr 2, LL= -4774361.153302 (Inf). Anneal status: T=NaN, dE=-94.42, collecting statistics
Itr 3, LL= -4678669.829876 (Inf). Anneal status: T=NaN, dE=-428.47, collecting statistics
Itr 4, LL= -4626246.842903 (11204.677586). Anneal status: T=NaN, dE=-281.34, collecting statistics
Itr 5, LL= -4599386.744425 (5806.023628). Anneal status: T=NaN, dE=-33.96, collecting statistics
Itr 6, LL= -4583346.568943 (3487.459606). Anneal status: T=NaN, dE=13.73, collecting statistics
Itr 7, LL= -4574048.736356 (2028.612161). Anneal status: T=NaN, dE=17.76, collecting statistics
Itr 8, LL= -4568541.191833 (1204.085230). Anneal status: T=NaN, dE=55.30, collecting statistics
Itr 9, LL= -4564775.811221 (824.197584). Anneal status: T=0.28, dE=129.37, candidate was rejected
Itr 10, LL= -4562283.405293 (546.008398). Anneal status: T=0.28, dE=69.49, candidate was rejected
Itr 11, LL= -4560537.613354 (382.657495). Anneal status: T=0.28, dE=18.64, candidate was rejected
Itr 12, LL= -4559284.021699 (274.878043). Anneal status: T=0.28, dE=21.36, candidate was rejected
Itr 13, LL= -4558275.564354 (221.187656). Anneal status: T=0.28, dE=25.09, candidate was rejected
Itr 14, LL= -4557511.045711 (167.721024). Anneal status: T=0.25, dE=83.39, candidate was rejected
Itr 15, LL= -4556934.927399 (126.410733). Anneal status: T=0.25, dE=41.85, candidate was rejected
Itr 16, LL= -4556520.520451 (90.939843). Anneal status: T=0.25, dE=52.99, candidate was rejected
Itr 17, LL= -4556201.874198 (69.931925). Anneal status: T=0.25, dE=121.46, candidate was rejected
Itr 18, LL= -4555917.087207 (62.505350). Anneal status: T=0.25, dE=30.23, candidate was rejected
Itr 19, LL= -4555674.596317 (53.225484). Anneal status: T=0.22, dE=17.56, candidate was rejected
Itr 20, LL= -4555453.163284 (48.605981). Anneal status: T=0.22, dE=50.22, candidate was rejected
Itr 21, LL= -4555232.874651 (48.357128). Anneal status: T=0.22, dE=19.70, candidate was rejected
Itr 22, LL= -4555062.422549 (37.418965). Anneal status: T=0.22, dE=35.08, candidate was rejected
Itr 23, LL= -4554886.590110 (38.601543). Anneal status: T=0.22, dE=56.11, candidate was rejected
Itr 24, LL= -4554779.767479 (23.452314). Anneal status: T=0.19, dE=23.91, candidate was rejected
Itr 25, LL= -4554692.171380 (19.231687). Anneal status: T=0.19, dE=23.82, candidate was rejected
Itr 26, LL= -4554615.371657 (16.861671). Anneal status: T=0.19, dE=34.27, candidate was rejected
Itr 27, LL= -4554559.199494 (12.333020). Anneal status: T=0.19, dE=13.99, candidate was rejected
Itr 28, LL= -4554510.592532 (10.672155). Anneal status: T=0.19, dE=38.70, candidate was rejected
Itr 29, LL= -4554462.649725 (10.526446). Anneal status: T=0.17, dE=46.03, candidate was rejected
Itr 30, LL= -4554415.929633 (10.258091). Anneal status: T=0.17, dE=26.56, candidate was rejected
Itr 31, LL= -4554355.767703 (13.209582). Anneal status: T=0.17, dE=61.19, candidate was rejected
Itr 32, LL= -4554268.120789 (19.244635). Anneal status: T=0.17, dE=26.10, candidate was rejected
Itr 33, LL= -4554209.636034 (12.841746). Anneal status: T=0.17, dE=18.64, candidate was rejected
Itr 34, LL= -4554161.514084 (10.566477). Anneal status: T=0.14, dE=103.98, candidate was rejected
Itr 35, LL= -4554132.819297 (6.300784). Anneal status: T=0.14, dE=131.77, candidate was rejected
Itr 36, LL= -4554095.780757 (8.132951). Anneal status: T=0.14, dE=33.63, candidate was rejected
Itr 37, LL= -4554052.001603 (9.613139). Anneal status: T=0.14, dE=37.00, candidate was rejected
Itr 38, LL= -4553995.080218 (12.499063). Anneal status: T=0.14, dE=38.04, candidate was rejected
Itr 39, LL= -4553947.506555 (10.446578). Anneal status: T=0.11, dE=35.42, candidate was rejected
Itr 40, LL= -4553915.057967 (7.125376). Anneal status: T=0.11, dE=101.37, candidate was rejected
Itr 41, LL= -4553884.073783 (6.803856). Anneal status: T=0.11, dE=50.82, candidate was rejected
Itr 42, LL= -4553848.034007 (7.914074). Anneal status: T=0.11, dE=28.69, candidate was rejected
Itr 43, LL= -4553803.821637 (9.708794). Anneal status: T=0.11, dE=16.79, candidate was rejected
Itr 44, LL= -4553719.240755 (18.573677). Anneal status: T=0.08, dE=47.38, candidate was rejected
Itr 45, LL= -4553641.421820 (17.089094). Anneal status: T=0.08, dE=14.28, candidate was rejected
Itr 46, LL= -4553581.043033 (13.259451). Anneal status: T=0.08, dE=97.60, candidate was rejected
Itr 47, LL= -4553521.399729 (13.098110). Anneal status: T=0.08, dE=43.14, candidate was rejected
Itr 48, LL= -4553451.313011 (15.391762). Anneal status: T=0.08, dE=29.37, candidate was rejected
Itr 49, LL= -4553361.846698 (19.648022). Anneal status: T=0.06, dE=18.78, candidate was rejected
Itr 50, LL= -4553261.894154 (21.951373). Anneal status: T=0.06, dE=23.57, candidate was rejected
Itr 51, LL= -4553162.466457 (21.836586). Anneal status: T=0.06, dE=115.04, candidate was rejected
Itr 52, LL= -4553070.003742 (20.307361). Anneal status: T=0.06, dE=116.59, candidate was rejected
Itr 53, LL= -4552964.342049 (23.206692). Anneal status: T=0.06, dE=19.61, candidate was rejected
Itr 54, LL= -4552855.375116 (23.933184). Anneal status: T=0.03, dE=55.93, candidate was rejected
Itr 55, LL= -4552717.747383 (30.228883). Anneal status: T=0.03, dE=17.39, candidate was rejected
Itr 56, LL= -4552562.037541 (34.201515). Anneal status: T=0.03, dE=29.07, candidate was rejected
Itr 57, LL= -4552445.044623 (25.698259). Anneal status: T=0.03, dE=41.06, candidate was rejected
Itr 58, LL= -4552317.443080 (28.029233). Anneal status: T=0.03, dE=19.76, candidate was rejected
Itr 59, LL= -4552169.438492 (32.511922). Anneal status: T=0.00, dE=77.28, candidate was rejected
Itr 60, LL= -4552020.595839 (32.697081). Anneal status: T=0.00, dE=20.54, candidate was rejected
Itr 61, LL= -4551882.908936 (30.247425). Anneal status: T=0.00, dE=66.73, candidate was rejected
Itr 62, LL= -4551725.821513 (34.510427). Anneal status: T=0.00, dE=58.09, candidate was rejected
Itr 63, LL= -4551567.093841 (34.871976). Anneal status: T=0.00, dE=21.97, candidate was rejected
Itr 64, LL= -4551404.732034 (35.671628). Anneal status: T=0.00, dE=12.57, candidate was rejected
Itr 65, LL= -4551215.072391 (41.670573). Anneal status: T=0.00, dE=91.96, candidate was rejected
Itr 66, LL= -4551026.482070 (41.437356). Anneal status: T=0.00, dE=9.73, candidate was rejected
Itr 67, LL= -4550818.237989 (45.757607). Anneal status: T=0.00, dE=40.46, candidate was rejected
Itr 68, LL= -4550599.948235 (47.967144). Anneal status: T=0.00, dE=26.07, candidate was rejected
Itr 69, LL= -4550328.820853 (59.580580). Anneal status: T=0.00, dE=107.64, candidate was rejected
Itr 70, LL= -4550110.698662 (47.935479). Anneal status: T=0.00, dE=45.73, candidate was rejected
Itr 71, LL= -4549924.905813 (40.832600). Anneal status: T=0.00, dE=84.39, candidate was rejected
Itr 72, LL= -4549743.795223 (39.805182). Anneal status: T=0.00, dE=26.29, candidate was rejected
Itr 73, LL= -4549530.937857 (46.784473). Anneal status: T=0.00, dE=116.23, candidate was rejected
Itr 74, LL= -4549396.133878 (29.630303). Anneal status: T=0.00, dE=57.59, candidate was rejected
Itr 75, LL= -4549257.166408 (30.546355). Anneal status: T=0.00, dE=27.21, candidate was rejected
Itr 76, LL= -4549123.590355 (29.362168). Anneal status: T=0.00, dE=49.82, candidate was rejected
Itr 77, LL= -4549007.761772 (25.461736). Anneal status: T=0.00, dE=23.02, candidate was rejected
Itr 78, LL= -4548845.044066 (35.769934). Anneal status: T=0.00, dE=133.93, candidate was rejected
Itr 79, LL= -4548666.946951 (39.152161). Anneal status: T=0.00, dE=34.53, candidate was rejected
Itr 80, LL= -4548520.630352 (32.166919). Anneal status: T=0.00, dE=51.62, candidate was rejected
Itr 81, LL= -4548405.911538 (25.221126). Anneal status: T=0.00, dE=12.29, candidate was rejected
Itr 82, LL= -4548186.200857 (48.304985). Anneal status: T=0.00, dE=26.65, candidate was rejected
Itr 83, LL= -4547985.709917 (44.081515). Anneal status: T=0.00, dE=25.99, candidate was rejected
Itr 84, LL= -4547880.399797 (23.155332). Anneal status: T=0.00, dE=84.22, candidate was rejected
Itr 85, LL= -4547723.769311 (34.440327). Anneal status: T=0.00, dE=36.00, candidate was rejected
Itr 86, LL= -4547517.440976 (45.369584). Anneal status: T=0.00, dE=36.79, candidate was rejected
Itr 87, LL= -4547246.420820 (59.597387). Anneal status: T=0.00, dE=42.97, candidate was rejected
Itr 88, LL= -4546985.623187 (57.352870). Anneal status: T=0.00, dE=36.17, candidate was rejected
Itr 89, LL= -4546815.061051 (37.511035). Anneal status: T=0.00, dE=44.15, candidate was rejected
Itr 90, LL= -4546582.523931 (51.142859). Anneal status: T=0.00, dE=19.56, candidate was rejected
Itr 91, LL= -4546474.571004 (23.743752). Anneal status: T=0.00, dE=148.51, candidate was rejected
Itr 92, LL= -4546347.068199 (28.044324). Anneal status: T=0.00, dE=48.48, candidate was rejected
Itr 93, LL= -4546240.889094 (23.354817). Anneal status: T=0.00, dE=36.75, candidate was rejected
Itr 94, LL= -4546169.889565 (15.617194). Anneal status: T=0.00, dE=45.26, candidate was rejected
Itr 95, LL= -4546113.396025 (12.426623). Anneal status: T=0.00, dE=61.66, candidate was rejected
Itr 96, LL= -4546017.299595 (21.138151). Anneal status: T=0.00, dE=11.61, candidate was rejected
Itr 97, LL= -4545912.641344 (23.021965). Anneal status: T=0.00, dE=8.63, candidate was rejected
Itr 98, LL= -4545821.496609 (20.049821). Anneal status: T=0.00, dE=102.08, candidate was rejected
Itr 99, LL= -4545746.703873 (16.453074). Anneal status: T=0.00, dE=102.31, candidate was rejected
Itr 100, LL= -4545708.066227 (8.499736). Anneal status: T=0.00, dE=18.44, candidate was rejected
Itr 101, LL= -4545649.423612 (12.900656). Anneal status: T=0.00, dE=52.17, candidate was rejected
Itr 102, LL= -4545536.033751 (24.944700). Anneal status: T=0.00, dE=36.79, candidate was rejected
Itr 103, LL= -4545443.155290 (20.432895). Anneal status: T=0.00, dE=42.47, candidate was rejected
Itr 104, LL= -4545377.662828 (14.408378). Anneal status: T=0.00, dE=51.65, candidate was rejected
Itr 105, LL= -4545211.813999 (36.487360). Anneal status: T=0.00, dE=62.66, candidate was rejected
Itr 106, LL= -4545171.640842 (8.838567). Anneal status: T=0.00, dE=67.95, candidate was rejected
Itr 107, LL= -4545155.202313 (3.616701). Anneal status: T=0.00, dE=16.86, candidate was rejected
Itr 108, LL= -4545127.270007 (6.145512). Anneal status: T=0.00, dE=56.33, candidate was rejected
Itr 109, LL= -4545063.449744 (14.041469). Anneal status: T=0.00, dE=73.09, candidate was rejected
Itr 110, LL= -4544876.281574 (41.180541). Anneal status: T=0.00, dE=53.90, candidate was rejected
Itr 111, LL= -4544747.548203 (28.324945). Anneal status: T=0.00, dE=94.17, candidate was rejected
Itr 112, LL= -4544647.722147 (21.965149). Anneal status: T=0.00, dE=9.84, candidate was rejected
Itr 113, LL= -4544549.440745 (21.625747). Anneal status: T=0.00, dE=92.54, candidate was rejected
Itr 114, LL= -4544487.523798 (13.624441). Anneal status: T=0.00, dE=16.20, candidate was rejected
Itr 115, LL= -4544450.909957 (8.056759). Anneal status: T=0.00, dE=40.29, candidate was rejected
Itr 116, LL= -4544419.526633 (6.905856). Anneal status: T=0.00, dE=42.40, candidate was rejected
Itr 117, LL= -4544390.553188 (6.375610). Anneal status: T=0.00, dE=19.76, candidate was rejected
Itr 118, LL= -4544256.644155 (29.466885). Anneal status: T=0.00, dE=29.54, candidate was rejected
Itr 119, LL= -4544134.179242 (26.949383). Anneal status: T=0.00, dE=60.25, candidate was rejected
Itr 120, LL= -4544089.148639 (9.909611). Anneal status: T=0.00, dE=74.69, candidate was rejected
Itr 121, LL= -4544038.795044 (11.081119). Anneal status: T=0.00, dE=109.47, candidate was rejected
Itr 122, LL= -4543994.905099 (9.658796). Anneal status: T=0.00, dE=15.38, candidate was rejected
Itr 123, LL= -4543979.364332 (3.420067). Anneal status: T=0.00, dE=10.91, candidate was rejected
Itr 124, LL= -4543945.279723 (7.501049). Anneal status: T=0.00, dE=13.07, candidate was rejected
Itr 125, LL= -4543915.468071 (6.560742). Anneal status: T=0.00, dE=47.47, candidate was rejected
Itr 126, LL= -4543902.899695 (2.765979). Anneal status: T=0.00, dE=142.90, candidate was rejected
Itr 127, LL= -4543884.004897 (4.158275). Anneal status: T=0.00, dE=30.24, candidate was rejected
Itr 128, LL= -4543861.722374 (4.903849). Anneal status: T=0.00, dE=57.47, candidate was rejected
Itr 129, LL= -4543855.362128 (1.399745). Anneal status: T=0.00, dE=69.27, candidate was rejected
Itr 130, LL= -4543838.261868 (3.763381). Anneal status: T=0.00, dE=95.38, candidate was rejected
Itr 131, LL= -4543805.701678 (7.165790). Anneal status: T=0.00, dE=129.41, candidate was rejected
Itr 132, LL= -4543767.035001 (8.509756). Anneal status: T=0.00, dE=94.68, candidate was rejected
Itr 133, LL= -4543696.579994 (15.505858). Anneal status: T=0.00, dE=56.25, candidate was rejected
Itr 134, LL= -4543680.950203 (3.439885). Anneal status: T=0.00, dE=54.65, candidate was rejected
Itr 135, LL= -4543654.524327 (5.815962). Anneal status: T=0.00, dE=79.59, candidate was rejected
Itr 136, LL= -4543632.373115 (4.875197). Anneal status: T=0.00, dE=44.60, candidate was rejected
Itr 137, LL= -4543621.136485 (2.473050). Anneal status: T=0.00, dE=57.93, candidate was rejected
Itr 138, LL= -4543605.916070 (3.349842). Anneal status: T=0.00, dE=20.51, candidate was rejected
Itr 139, LL= -4543591.981028 (3.066957). Anneal status: T=0.00, dE=17.29, candidate was rejected
Itr 140, LL= -4543582.966411 (1.984029). Anneal status: T=0.00, dE=24.32, candidate was rejected
Itr 141, LL= -4543575.712862 (1.596438). Anneal status: T=0.00, dE=57.03, candidate was rejected
Itr 142, LL= -4543573.003189 (0.596375). Anneal status: T=0.00, dE=37.86, candidate was rejected
Itr 143, LL= -4543556.049784 (3.731294). Anneal status: T=0.00, dE=71.45, candidate was rejected
Itr 144, LL= -4543529.780938 (5.781561). Anneal status: T=0.00, dE=33.37, candidate was rejected
Itr 145, LL= -4543526.453988 (0.732239). Anneal status: T=0.00, dE=82.48, candidate was rejected
Itr 146, LL= -4543522.833438 (0.796859). Anneal status: T=0.00, dE=23.78, candidate was rejected
Itr 147, LL= -4543504.240330 (4.092223). Anneal status: T=0.00, dE=45.66, candidate was rejected
Itr 148, LL= -4543439.201283 (14.314732). Anneal status: T=0.00, dE=122.20, candidate was rejected
Itr 149, LL= -4543396.322412 (9.437536). Anneal status: T=0.00, dE=37.92, candidate was rejected
Itr 150, LL= -4543353.446968 (9.436871). Anneal status: T=0.00, dE=45.72, candidate was rejected
Itr 151, LL= -4543333.394280 (4.413632). Anneal status: T=0.00, dE=27.30, candidate was rejected
Itr 152, LL= -4543314.105599 (4.245491). Anneal status: T=0.00, dE=18.50, candidate was rejected
Itr 153, LL= -4543284.812819 (6.447448). Anneal status: T=0.00, dE=36.86, candidate was rejected
Itr 154, LL= -4543269.020859 (3.475890). Anneal status: T=0.00, dE=78.19, candidate was rejected
Itr 155, LL= -4543253.852525 (3.338639). Anneal status: T=0.00, dE=43.65, candidate was rejected
Itr 156, LL= -4543229.071224 (5.454527). Anneal status: T=0.00, dE=61.64, candidate was rejected
Itr 157, LL= -4543216.152139 (2.843591). Anneal status: T=0.00, dE=8.32, candidate was rejected
Itr 158, LL= -4543197.405070 (4.126387). Anneal status: T=0.00, dE=19.59, candidate was rejected
Itr 159, LL= -4543183.548277 (3.050009). Anneal status: T=0.00, dE=59.76, candidate was rejected
Itr 160, LL= -4543169.939661 (2.995392). Anneal status: T=0.00, dE=28.92, candidate was rejected
Itr 161, LL= -4543163.166236 (1.490903). Anneal status: T=0.00, dE=56.44, candidate was rejected
Itr 162, LL= -4543149.701546 (2.963726). Anneal status: T=0.00, dE=47.50, candidate was rejected
Itr 163, LL= -4543143.161240 (1.439597). Anneal status: T=0.00, dE=149.68, candidate was rejected
Itr 164, LL= -4543138.315730 (1.066555). Anneal status: T=0.00, dE=53.46, candidate was rejected
Itr 165, LL= -4543129.216808 (2.002783). Anneal status: T=0.00, dE=60.21, candidate was rejected
Itr 166, LL= -4543124.417452 (1.056399). Anneal status: T=0.00, dE=20.49, candidate was rejected
Itr 167, LL= -4543123.603921 (0.179069). Anneal status: T=0.00, dE=36.91, candidate was rejected
Itr 168, LL= -4543119.814398 (0.834123). Anneal status: T=0.00, dE=45.41, candidate was rejected
Itr 169, LL= -4543107.181485 (2.780669). Anneal status: T=0.00, dE=12.37, candidate was rejected
Itr 170, LL= -4543080.256106 (5.926644). Anneal status: T=0.00, dE=57.99, candidate was rejected
Itr 171, LL= -4543071.227645 (1.987299). Anneal status: T=0.00, dE=88.73, candidate was rejected
Itr 172, LL= -4543062.767506 (1.862207). Anneal status: T=0.00, dE=167.79, candidate was rejected
Itr 173, LL= -4543048.627314 (3.112480). Anneal status: T=0.00, dE=70.13, candidate was rejected
Itr 174, LL= -4543030.264494 (4.041960). Anneal status: T=0.00, dE=42.64, candidate was rejected
Itr 175, LL= -4543011.574431 (4.114008). Anneal status: T=0.00, dE=40.27, candidate was rejected
Itr 176, LL= -4543005.407094 (1.357544). Anneal status: T=0.00, dE=78.29, candidate was rejected
Itr 177, LL= -4543002.711892 (0.593264). Anneal status: T=0.00, dE=11.10, candidate was rejected
Itr 178, LL= -4542998.127028 (1.009214). Anneal status: T=0.00, dE=57.39, candidate was rejected
Itr 179, LL= -4542994.729527 (0.747854). Anneal status: T=0.00, dE=38.05, candidate was rejected
Itr 180, LL= -4542981.724288 (2.862702). Anneal status: T=0.00, dE=115.21, candidate was rejected
Itr 181, LL= -4542948.548059 (7.302743). Anneal status: T=0.00, dE=20.46, candidate was rejected
Itr 182, LL= -4542932.396645 (3.555271). Anneal status: T=0.00, dE=11.67, candidate was rejected
Itr 183, LL= -4542927.861752 (0.998230). Anneal status: T=0.00, dE=98.21, candidate was rejected
Itr 184, LL= -4542911.926136 (3.507785). Anneal status: T=0.00, dE=51.17, candidate was rejected
Itr 185, LL= -4542906.081979 (1.286434). Anneal status: T=0.00, dE=55.87, candidate was rejected
Itr 186, LL= -4542898.001708 (1.778657). Anneal status: T=0.00, dE=113.49, candidate was rejected
Itr 187, LL= -4542894.561826 (0.757200). Anneal status: T=0.00, dE=19.67, candidate was rejected
Itr 188, LL= -4542888.307772 (1.376667). Anneal status: T=0.00, dE=8.63, candidate was rejected
Itr 189, LL= -4542883.997858 (0.948717). Anneal status: T=0.00, dE=63.45, candidate was rejected
Itr 190, LL= -4542877.647445 (1.397881). Anneal status: T=0.00, dE=169.97, candidate was rejected
Itr 191, LL= -4542875.625400 (0.445102). Anneal status: T=0.00, dE=50.98, candidate was rejected
Itr 192, LL= -4542874.010439 (0.355493). Anneal status: T=0.00, dE=29.14, candidate was rejected
Itr 193, LL= -4542864.388131 (2.118110). Anneal status: T=0.00, dE=48.25, candidate was rejected
Itr 194, LL= -4542854.953859 (2.076723). Anneal status: T=0.00, dE=56.74, candidate was rejected
Itr 195, LL= -4542850.830306 (0.907701). Anneal status: T=0.00, dE=42.30, candidate was rejected
Itr 196, LL= -4542849.912471 (0.202039). Anneal status: T=0.00, dE=33.85, candidate was rejected
Itr 197, LL= -4542849.204948 (0.155744). Anneal status: T=0.00, dE=24.14, candidate was rejected
-- Annealing statistics:
Portion of times candidate was better: 0.000000
Portion of times candidate was chosen by chance: 0.000000
--
>> 