My SLURM_ARRAY_TASK_ID:  28

                            < M A T L A B (R) >
                  Copyright 1984-2014 The MathWorks, Inc.
                   R2014b (8.4.0.150421) 64-bit (glnxa64)
                             September 15, 2014

 
For online documentation, see http://www.mathworks.com/support
For product information, visit www.mathworks.com.
 
EM for 28 states, 131 emission nodes. 22 observed values.
            gibbs: 0
    nGibbsItrPcnt: 0.8000
     annealParams: {}
           maxItr: 500
      convergeEps: 1.0000e-06
           minItr: 5
       parametric: 0
        initprobs: []
      persistBias: 0
          obsVals: []

- Initalized simulated annealing with params:
                     type: 'linear'
    max_chance_accpetance: 0.2000
             min_duration: 5
        min_init_duration: 5
             max_duration: 11
              converge_th: 1.0000e-06

--
Itr 1, LL= -16332723.201454 (Inf). Anneal status: T=NaN, dE=-383.43, collecting statistics
Itr 2, LL= -4765068.029346 (Inf). Anneal status: T=NaN, dE=-171.16, collecting statistics
Itr 3, LL= -4636451.260066 (Inf). Anneal status: T=NaN, dE=-1646.39, collecting statistics
Itr 4, LL= -4559379.075756 (16623.098138). Anneal status: T=NaN, dE=22.59, collecting statistics
Itr 5, LL= -4530633.034595 (6304.814906). Anneal status: T=NaN, dE=22.76, collecting statistics
Itr 6, LL= -4519247.124436 (2513.094764). Anneal status: T=NaN, dE=23.23, collecting statistics
Itr 7, LL= -4513674.824150 (1233.015176). Anneal status: T=11.94, dE=37.39, candidate was rejected
Itr 8, LL= -4510244.911252 (759.893663). Anneal status: T=11.94, dE=14.44, candidate was rejected
Itr 9, LL= -4507685.345549 (567.500380). Anneal status: T=11.94, dE=44.45, candidate was rejected
Itr 10, LL= -4505767.840905 (425.385646). Anneal status: T=11.94, dE=127.19, candidate was rejected
Itr 11, LL= -4504297.156245 (326.400452). Anneal status: T=11.94, dE=34.56, candidate was rejected
Itr 12, LL= -4503068.845306 (272.697581). Anneal status: T=10.75, dE=72.95, candidate was rejected
Itr 13, LL= -4502099.674600 (215.224492). Anneal status: T=10.75, dE=80.49, candidate was rejected
Itr 14, LL= -4501208.130782 (198.028450). Anneal status: T=10.75, dE=8.41, candidate was rejected
Itr 15, LL= -4500343.068870 (192.184384). Anneal status: T=10.75, dE=91.58, candidate was rejected
Itr 16, LL= -4499524.896093 (181.802312). Anneal status: T=10.75, dE=79.35, candidate was rejected
Itr 17, LL= -4498713.927462 (180.234280). Anneal status: T=9.55, dE=29.53, candidate was rejected
Itr 18, LL= -4497843.520443 (193.479077). Anneal status: T=9.55, dE=42.98, candidate was rejected
Itr 19, LL= -4496761.953106 (240.463532). Anneal status: T=9.55, dE=65.48, candidate was rejected
Itr 20, LL= -4496072.677889 (153.282567). Anneal status: T=9.55, dE=48.21, candidate was rejected
Itr 21, LL= -4495575.473305 (110.586420). Anneal status: T=9.55, dE=32.33, candidate was rejected
Itr 22, LL= -4495147.261523 (95.251828). Anneal status: T=8.36, dE=38.60, candidate was rejected
Itr 23, LL= -4494771.667146 (83.555522). Anneal status: T=8.36, dE=14.46, candidate was rejected
Itr 24, LL= -4494464.352449 (68.371593). Anneal status: T=8.36, dE=48.71, candidate was rejected
Itr 25, LL= -4494189.419005 (61.171571). Anneal status: T=8.36, dE=59.40, candidate was rejected
Itr 26, LL= -4493945.446039 (54.286311). Anneal status: T=8.36, dE=43.43, candidate was rejected
Itr 27, LL= -4493761.744239 (40.877621). Anneal status: T=7.17, dE=25.36, candidate was rejected
Itr 28, LL= -4493599.389968 (36.128812). Anneal status: T=7.17, dE=29.02, candidate was rejected
Itr 29, LL= -4493439.478205 (35.586564). Anneal status: T=7.17, dE=16.41, candidate was rejected
Itr 30, LL= -4493249.579853 (42.261246). Anneal status: T=7.17, dE=51.09, candidate was rejected
Itr 31, LL= -4493093.103873 (34.824680). Anneal status: T=7.17, dE=70.56, candidate was rejected
Itr 32, LL= -4492990.264826 (22.888252). Anneal status: T=5.97, dE=33.19, candidate was rejected
Itr 33, LL= -4492867.347282 (27.357625). Anneal status: T=5.97, dE=9.72, candidate was rejected
Itr 34, LL= -4492731.417812 (30.254503). Anneal status: T=5.97, dE=39.34, candidate was rejected
Itr 35, LL= -4492601.554090 (28.905294). Anneal status: T=5.97, dE=58.64, candidate was rejected
Itr 36, LL= -4492521.731318 (17.767605). Anneal status: T=5.97, dE=15.67, candidate was rejected
Itr 37, LL= -4492442.139130 (17.716595). Anneal status: T=4.78, dE=30.02, candidate was rejected
Itr 38, LL= -4492328.982513 (25.188219). Anneal status: T=4.78, dE=79.22, candidate was rejected
Itr 39, LL= -4492212.171041 (26.002430). Anneal status: T=4.78, dE=51.12, candidate was rejected
Itr 40, LL= -4492138.682520 (16.359094). Anneal status: T=4.78, dE=14.80, candidate was rejected
Itr 41, LL= -4492075.107445 (14.152518). Anneal status: T=4.78, dE=44.15, candidate was rejected
Itr 42, LL= -4492026.201894 (10.887073). Anneal status: T=3.58, dE=76.05, candidate was rejected
Itr 43, LL= -4491982.057587 (9.827259). Anneal status: T=3.58, dE=73.35, candidate was rejected
Itr 44, LL= -4491932.979748 (10.925653). Anneal status: T=3.58, dE=42.67, candidate was rejected
Itr 45, LL= -4491883.933687 (10.918698). Anneal status: T=3.58, dE=20.31, candidate was rejected
Itr 46, LL= -4491824.130356 (13.313641). Anneal status: T=3.58, dE=48.88, candidate was rejected
Itr 47, LL= -4491763.313182 (13.539527). Anneal status: T=2.39, dE=44.78, candidate was rejected
Itr 48, LL= -4491728.474310 (7.756168). Anneal status: T=2.39, dE=28.02, candidate was rejected
Itr 49, LL= -4491691.696488 (8.187900). Anneal status: T=2.39, dE=55.17, candidate was rejected
Itr 50, LL= -4491650.199201 (9.238677). Anneal status: T=2.39, dE=67.35, candidate was rejected
Itr 51, LL= -4491610.798976 (8.771882). Anneal status: T=2.39, dE=69.87, candidate was rejected
Itr 52, LL= -4491543.782972 (14.920261). Anneal status: T=1.19, dE=79.39, candidate was rejected
Itr 53, LL= -4491478.969007 (14.430220). Anneal status: T=1.19, dE=49.70, candidate was rejected
Itr 54, LL= -4491435.290705 (9.724704). Anneal status: T=1.19, dE=45.27, candidate was rejected
Itr 55, LL= -4491400.607341 (7.722112). Anneal status: T=1.19, dE=64.28, candidate was rejected
Itr 56, LL= -4491372.551084 (6.246661). Anneal status: T=1.19, dE=87.35, candidate was rejected
Itr 57, LL= -4491344.327635 (6.283925). Anneal status: T=0.00, dE=22.29, candidate was rejected
Itr 58, LL= -4491301.204914 (9.601295). Anneal status: T=0.00, dE=37.12, candidate was rejected
Itr 59, LL= -4491262.358831 (8.649182). Anneal status: T=0.00, dE=33.86, candidate was rejected
Itr 60, LL= -4491231.328679 (6.909005). Anneal status: T=0.00, dE=66.37, candidate was rejected
Itr 61, LL= -4491200.570132 (6.848578). Anneal status: T=0.00, dE=72.33, candidate was rejected
Itr 62, LL= -4491173.468604 (6.034361). Anneal status: T=0.00, dE=49.86, candidate was rejected
Itr 63, LL= -4491144.768825 (6.390263). Anneal status: T=0.00, dE=44.57, candidate was rejected
Itr 64, LL= -4491109.352918 (7.885719). Anneal status: T=0.00, dE=66.68, candidate was rejected
Itr 65, LL= -4491051.027068 (12.986958). Anneal status: T=0.00, dE=22.46, candidate was rejected
Itr 66, LL= -4490990.604608 (13.453969). Anneal status: T=0.00, dE=61.72, candidate was rejected
Itr 67, LL= -4490945.526838 (10.037378). Anneal status: T=0.00, dE=80.63, candidate was rejected
Itr 68, LL= -4490912.883944 (7.268602). Anneal status: T=0.00, dE=56.20, candidate was rejected
Itr 69, LL= -4490875.957396 (8.222504). Anneal status: T=0.00, dE=17.11, candidate was rejected
Itr 70, LL= -4490844.737638 (6.951819). Anneal status: T=0.00, dE=27.97, candidate was rejected
Itr 71, LL= -4490816.782623 (6.224890). Anneal status: T=0.00, dE=83.11, candidate was rejected
Itr 72, LL= -4490790.406614 (5.873321). Anneal status: T=0.00, dE=73.81, candidate was rejected
Itr 73, LL= -4490745.965972 (9.895951). Anneal status: T=0.00, dE=51.92, candidate was rejected
Itr 74, LL= -4490695.433855 (11.252500). Anneal status: T=0.00, dE=26.81, candidate was rejected
Itr 75, LL= -4490616.077660 (17.671248). Anneal status: T=0.00, dE=76.81, candidate was rejected
Itr 76, LL= -4490555.093171 (13.580428). Anneal status: T=0.00, dE=24.48, candidate was rejected
Itr 77, LL= -4490480.650488 (16.577613). Anneal status: T=0.00, dE=33.26, candidate was rejected
Itr 78, LL= -4490355.142345 (27.949824). Anneal status: T=0.00, dE=26.95, candidate was rejected
Itr 79, LL= -4490133.683960 (49.318679). Anneal status: T=0.00, dE=30.64, candidate was rejected
Itr 80, LL= -4489765.878561 (81.914131). Anneal status: T=0.00, dE=64.43, candidate was rejected
Itr 81, LL= -4489140.122150 (139.373951). Anneal status: T=0.00, dE=30.44, candidate was rejected
Itr 82, LL= -4488636.311230 (112.228825). Anneal status: T=0.00, dE=46.58, candidate was rejected
Itr 83, LL= -4488478.339859 (35.193622). Anneal status: T=0.00, dE=72.52, candidate was rejected
Itr 84, LL= -4488454.892628 (5.223871). Anneal status: T=0.00, dE=47.81, candidate was rejected
Itr 85, LL= -4488450.382150 (1.004907). Anneal status: T=0.00, dE=11.55, candidate was rejected
Itr 86, LL= -4488415.961993 (7.668606). Anneal status: T=0.00, dE=51.35, candidate was rejected
Itr 87, LL= -4488369.574506 (10.334935). Anneal status: T=0.00, dE=26.23, candidate was rejected
Itr 88, LL= -4488352.657795 (3.769010). Anneal status: T=0.00, dE=60.40, candidate was rejected
Itr 89, LL= -4488297.833751 (12.214736). Anneal status: T=0.00, dE=51.72, candidate was rejected
Itr 90, LL= -4488202.620387 (21.213691). Anneal status: T=0.00, dE=20.15, candidate was rejected
Itr 91, LL= -4488200.326259 (0.511146). Anneal status: T=0.00, dE=35.35, candidate was rejected
Itr 92, LL= -4488195.574940 (1.058624). Anneal status: T=0.00, dE=41.50, candidate was rejected
Itr 93, LL= -4488164.502391 (6.923172). Anneal status: T=0.00, dE=60.34, candidate was rejected
Itr 94, LL= -4488127.614294 (8.218972). Anneal status: T=0.00, dE=15.04, candidate was rejected
Itr 95, LL= -4488047.600541 (17.827869). Anneal status: T=0.00, dE=37.53, candidate was rejected
Itr 96, LL= -4488000.255852 (10.549061). Anneal status: T=0.00, dE=41.45, candidate was rejected
Itr 97, LL= -4487997.117005 (0.699386). Anneal status: T=0.00, dE=52.30, candidate was rejected
Itr 98, LL= -4487970.482634 (5.934579). Anneal status: T=0.00, dE=35.19, candidate was rejected
Itr 99, LL= -4487949.935769 (4.578209). Anneal status: T=0.00, dE=95.57, candidate was rejected
Itr 100, LL= -4487934.748373 (3.384039). Anneal status: T=0.00, dE=84.95, candidate was rejected
Itr 101, LL= -4487928.137986 (1.472924). Anneal status: T=0.00, dE=26.65, candidate was rejected
Itr 102, LL= -4487926.566060 (0.350257). Anneal status: T=0.00, dE=23.34, candidate was rejected
Itr 103, LL= -4487926.828042 (-0.058375). Anneal status: T=0.00, dE=43.37, candidate was rejected
Itr 104, LL= -4487928.417318 (-0.354123). Anneal status: T=0.00, dE=47.77, candidate was rejected
-- Annealing statistics:
Portion of times candidate was better: 0.000000
Portion of times candidate was chosen by chance: 0.000000
--
EM for 28 states, 131 emission nodes. 22 observed values.
            gibbs: 0
    nGibbsItrPcnt: 0.8000
     annealParams: {}
           maxItr: 500
      convergeEps: 1.0000e-06
           minItr: 5
       parametric: 0
        initprobs: []
      persistBias: 0
          obsVals: []

- Initalized simulated annealing with params:
                     type: 'linear'
    max_chance_accpetance: 0.2000
             min_duration: 5
        min_init_duration: 5
             max_duration: 11
              converge_th: 1.0000e-06

--
Itr 1, LL= -16462779.653156 (Inf). Anneal status: T=NaN, dE=-1673.42, collecting statistics
Itr 2, LL= -4752264.628407 (Inf). Anneal status: T=NaN, dE=-282.42, collecting statistics
Itr 3, LL= -4617896.132407 (Inf). Anneal status: T=NaN, dE=-18.88, collecting statistics
Itr 4, LL= -4558679.107597 (12823.377380). Anneal status: T=NaN, dE=-120.28, collecting statistics
Itr 5, LL= -4532209.216249 (5806.482695). Anneal status: T=NaN, dE=-28.43, collecting statistics
Itr 6, LL= -4519875.848044 (2721.270713). Anneal status: T=NaN, dE=17.95, collecting statistics
Itr 7, LL= -4513494.413926 (1411.860488). Anneal status: T=NaN, dE=-0.78, collecting statistics
Itr 8, LL= -4509372.544928 (913.232325). Anneal status: T=NaN, dE=33.80, collecting statistics
Itr 9, LL= -4506229.594776 (696.981702). Anneal status: T=NaN, dE=11.38, collecting statistics
Itr 10, LL= -4503703.501635 (560.577993). Anneal status: T=8.00, dE=33.17, candidate was rejected
Itr 11, LL= -4501582.749722 (470.890660). Anneal status: T=8.00, dE=33.42, candidate was rejected
Itr 12, LL= -4499878.678382 (378.549376). Anneal status: T=8.00, dE=6.16, candidate was chosen by chance
Itr 13, LL= -4498335.561073 (342.924203). Anneal status: T=8.00, dE=38.30, candidate was rejected
Itr 14, LL= -4497027.304226 (290.831315). Anneal status: T=8.00, dE=25.63, candidate was rejected
Itr 15, LL= -4496058.799264 (215.365595). Anneal status: T=7.20, dE=40.32, candidate was rejected
Itr 16, LL= -4495265.826026 (176.370745). Anneal status: T=7.20, dE=71.23, candidate was rejected
Itr 17, LL= -4494503.542696 (169.574695). Anneal status: T=7.20, dE=18.14, candidate was rejected
Itr 18, LL= -4493791.249308 (158.480994). Anneal status: T=7.20, dE=90.20, candidate was rejected
Itr 19, LL= -4493017.048874 (172.282243). Anneal status: T=7.20, dE=41.46, candidate was rejected
Itr 20, LL= -4491796.982288 (271.547286). Anneal status: T=6.40, dE=19.47, candidate was rejected
Itr 21, LL= -4490989.291891 (179.814538). Anneal status: T=6.40, dE=12.69, candidate was rejected
Itr 22, LL= -4490569.165661 (93.548704). Anneal status: T=6.40, dE=51.12, candidate was rejected
Itr 23, LL= -4490201.830764 (81.801412). Anneal status: T=6.40, dE=56.00, candidate was rejected
Itr 24, LL= -4489833.367144 (82.059478). Anneal status: T=6.40, dE=69.85, candidate was rejected
Itr 25, LL= -4489520.191993 (69.752065). Anneal status: T=5.60, dE=97.83, candidate was rejected
Itr 26, LL= -4489235.845665 (63.335572). Anneal status: T=5.60, dE=58.07, candidate was rejected
Itr 27, LL= -4489004.044192 (51.634951). Anneal status: T=5.60, dE=64.81, candidate was rejected
Itr 28, LL= -4488779.387319 (50.046039). Anneal status: T=5.60, dE=89.88, candidate was rejected
Itr 29, LL= -4488548.336359 (51.473004). Anneal status: T=5.60, dE=53.71, candidate was rejected
Itr 30, LL= -4488331.242985 (48.366054). Anneal status: T=4.80, dE=41.29, candidate was rejected
Itr 31, LL= -4488120.390019 (46.978032). Anneal status: T=4.80, dE=31.98, candidate was rejected
Itr 32, LL= -4487875.344233 (54.598755). Anneal status: T=4.80, dE=50.46, candidate was rejected
Itr 33, LL= -4487592.801153 (62.956980). Anneal status: T=4.80, dE=81.52, candidate was rejected
Itr 34, LL= -4487209.269187 (85.464966). Anneal status: T=4.80, dE=36.80, candidate was rejected
Itr 35, LL= -4486503.128294 (157.367497). Anneal status: T=4.00, dE=89.22, candidate was rejected
Itr 36, LL= -4485584.256978 (204.807907). Anneal status: T=4.00, dE=44.34, candidate was rejected
Itr 37, LL= -4485132.654157 (100.678707). Anneal status: T=4.00, dE=69.67, candidate was rejected
Itr 38, LL= -4484893.595411 (53.300262). Anneal status: T=4.00, dE=63.94, candidate was rejected
Itr 39, LL= -4484764.738658 (28.731284). Anneal status: T=4.00, dE=45.86, candidate was rejected
Itr 40, LL= -4484696.472555 (15.221780). Anneal status: T=3.20, dE=57.58, candidate was rejected
Itr 41, LL= -4484625.448127 (15.837065). Anneal status: T=3.20, dE=59.39, candidate was rejected
Itr 42, LL= -4484535.828043 (19.983850). Anneal status: T=3.20, dE=107.10, candidate was rejected
Itr 43, LL= -4484454.355307 (18.167485). Anneal status: T=3.20, dE=58.20, candidate was rejected
Itr 44, LL= -4484388.754611 (14.628468). Anneal status: T=3.20, dE=48.87, candidate was rejected
Itr 45, LL= -4484322.396375 (14.797610). Anneal status: T=2.40, dE=32.14, candidate was rejected
Itr 46, LL= -4484264.745924 (12.856000). Anneal status: T=2.40, dE=46.70, candidate was rejected
Itr 47, LL= -4484217.041656 (10.638147). Anneal status: T=2.40, dE=14.60, candidate was rejected
Itr 48, LL= -4484180.882890 (8.063563). Anneal status: T=2.40, dE=22.15, candidate was rejected
Itr 49, LL= -4484150.648713 (6.742408). Anneal status: T=2.40, dE=49.40, candidate was rejected
Itr 50, LL= -4484111.789693 (8.665860). Anneal status: T=1.60, dE=56.16, candidate was rejected
Itr 51, LL= -4484070.132097 (9.290044). Anneal status: T=1.60, dE=56.59, candidate was rejected
Itr 52, LL= -4484029.219494 (9.123988). Anneal status: T=1.60, dE=50.47, candidate was rejected
Itr 53, LL= -4483979.120080 (11.172856). Anneal status: T=1.60, dE=66.29, candidate was rejected
Itr 54, LL= -4483924.316488 (12.222089). Anneal status: T=1.60, dE=81.31, candidate was rejected
Itr 55, LL= -4483878.029200 (10.322941). Anneal status: T=0.80, dE=73.12, candidate was rejected
Itr 56, LL= -4483835.675597 (9.445753). Anneal status: T=0.80, dE=16.11, candidate was rejected
Itr 57, LL= -4483804.892475 (6.865354). Anneal status: T=0.80, dE=76.71, candidate was rejected
Itr 58, LL= -4483778.683386 (5.845279). Anneal status: T=0.80, dE=29.80, candidate was rejected
Itr 59, LL= -4483748.542889 (6.722120). Anneal status: T=0.80, dE=39.29, candidate was rejected
Itr 60, LL= -4483724.520446 (5.357669). Anneal status: T=0.00, dE=28.46, candidate was rejected
Itr 61, LL= -4483700.810144 (5.288082). Anneal status: T=0.00, dE=23.37, candidate was rejected
Itr 62, LL= -4483676.905090 (5.331545). Anneal status: T=0.00, dE=94.85, candidate was rejected
Itr 63, LL= -4483647.537626 (6.549862). Anneal status: T=0.00, dE=44.61, candidate was rejected
Itr 64, LL= -4483625.197254 (4.982634). Anneal status: T=0.00, dE=29.13, candidate was rejected
Itr 65, LL= -4483596.175708 (6.472786). Anneal status: T=0.00, dE=83.60, candidate was rejected
Itr 66, LL= -4483556.449943 (8.860246). Anneal status: T=0.00, dE=46.27, candidate was rejected
Itr 67, LL= -4483519.610501 (8.216567). Anneal status: T=0.00, dE=59.26, candidate was rejected
Itr 68, LL= -4483491.081386 (6.363107). Anneal status: T=0.00, dE=16.08, candidate was rejected
Itr 69, LL= -4483469.655126 (4.778923). Anneal status: T=0.00, dE=57.77, candidate was rejected
Itr 70, LL= -4483436.258537 (7.448827). Anneal status: T=0.00, dE=35.45, candidate was rejected
Itr 71, LL= -4483409.412769 (5.987766). Anneal status: T=0.00, dE=39.58, candidate was rejected
Itr 72, LL= -4483373.262936 (8.063023). Anneal status: T=0.00, dE=87.95, candidate was rejected
Itr 73, LL= -4483322.967106 (11.218301). Anneal status: T=0.00, dE=77.73, candidate was rejected
Itr 74, LL= -4483281.002393 (9.360181). Anneal status: T=0.00, dE=56.47, candidate was rejected
Itr 75, LL= -4483258.118429 (5.104289). Anneal status: T=0.00, dE=56.36, candidate was rejected
Itr 76, LL= -4483240.317774 (3.970473). Anneal status: T=0.00, dE=105.32, candidate was rejected
Itr 77, LL= -4483220.112308 (4.506889). Anneal status: T=0.00, dE=54.34, candidate was rejected
Itr 78, LL= -4483195.683753 (5.448886). Anneal status: T=0.00, dE=34.13, candidate was rejected
Itr 79, LL= -4483172.681045 (5.130873). Anneal status: T=0.00, dE=80.16, candidate was rejected
Itr 80, LL= -4483145.012650 (6.171610). Anneal status: T=0.00, dE=10.75, candidate was rejected
Itr 81, LL= -4483124.250469 (4.631164). Anneal status: T=0.00, dE=54.05, candidate was rejected
Itr 82, LL= -4483100.121744 (5.382123). Anneal status: T=0.00, dE=53.25, candidate was rejected
Itr 83, LL= -4483082.492343 (3.932413). Anneal status: T=0.00, dE=37.26, candidate was rejected
Itr 84, LL= -4483072.392360 (2.252910). Anneal status: T=0.00, dE=86.09, candidate was rejected
Itr 85, LL= -4483058.104967 (3.186964). Anneal status: T=0.00, dE=45.61, candidate was rejected
Itr 86, LL= -4483036.129298 (4.901937). Anneal status: T=0.00, dE=30.67, candidate was rejected
Itr 87, LL= -4483014.930550 (4.728659). Anneal status: T=0.00, dE=52.85, candidate was rejected
Itr 88, LL= -4482994.653903 (4.522994). Anneal status: T=0.00, dE=82.62, candidate was rejected
Itr 89, LL= -4482980.726567 (3.106704). Anneal status: T=0.00, dE=39.70, candidate was rejected
Itr 90, LL= -4482963.864972 (3.761246). Anneal status: T=0.00, dE=71.96, candidate was rejected
Itr 91, LL= -4482945.857113 (4.016954). Anneal status: T=0.00, dE=55.59, candidate was rejected
Itr 92, LL= -4482927.670048 (4.056945). Anneal status: T=0.00, dE=16.37, candidate was rejected
Itr 93, LL= -4482915.221753 (2.776823). Anneal status: T=0.00, dE=32.59, candidate was rejected
Itr 94, LL= -4482892.960950 (4.965698). Anneal status: T=0.00, dE=19.93, candidate was rejected
Itr 95, LL= -4482866.165735 (5.977215). Anneal status: T=0.00, dE=49.14, candidate was rejected
Itr 96, LL= -4482851.222829 (3.333338). Anneal status: T=0.00, dE=58.31, candidate was rejected
Itr 97, LL= -4482841.951919 (2.068083). Anneal status: T=0.00, dE=45.60, candidate was rejected
Itr 98, LL= -4482833.638916 (1.854405). Anneal status: T=0.00, dE=50.54, candidate was rejected
Itr 99, LL= -4482822.223153 (2.546551). Anneal status: T=0.00, dE=41.08, candidate was rejected
Itr 100, LL= -4482806.833869 (3.432945). Anneal status: T=0.00, dE=33.00, candidate was rejected
Itr 101, LL= -4482795.017346 (2.635965). Anneal status: T=0.00, dE=19.27, candidate was rejected
Itr 102, LL= -4482785.458806 (2.132272). Anneal status: T=0.00, dE=31.20, candidate was rejected
Itr 103, LL= -4482771.117321 (3.199235). Anneal status: T=0.00, dE=61.80, candidate was rejected
Itr 104, LL= -4482756.027486 (3.366185). Anneal status: T=0.00, dE=30.24, candidate was rejected
Itr 105, LL= -4482744.480440 (2.575881). Anneal status: T=0.00, dE=49.00, candidate was rejected
Itr 106, LL= -4482733.610077 (2.424935). Anneal status: T=0.00, dE=44.78, candidate was rejected
Itr 107, LL= -4482727.631041 (1.333792). Anneal status: T=0.00, dE=52.87, candidate was rejected
Itr 108, LL= -4482719.296005 (1.859367). Anneal status: T=0.00, dE=46.44, candidate was rejected
Itr 109, LL= -4482714.407477 (1.090527). Anneal status: T=0.00, dE=64.84, candidate was rejected
Itr 110, LL= -4482704.025993 (2.315892). Anneal status: T=0.00, dE=44.75, candidate was rejected
Itr 111, LL= -4482687.131336 (3.768854). Anneal status: T=0.00, dE=14.37, candidate was rejected
Itr 112, LL= -4482672.481140 (3.268173). Anneal status: T=0.00, dE=48.54, candidate was rejected
Itr 113, LL= -4482648.510318 (5.347440). Anneal status: T=0.00, dE=77.22, candidate was rejected
Itr 114, LL= -4482634.805009 (3.057413). Anneal status: T=0.00, dE=49.14, candidate was rejected
Itr 115, LL= -4482622.806511 (2.676662). Anneal status: T=0.00, dE=58.99, candidate was rejected
Itr 116, LL= -4482613.677855 (2.036454). Anneal status: T=0.00, dE=86.79, candidate was rejected
Itr 117, LL= -4482597.457911 (3.618412). Anneal status: T=0.00, dE=53.93, candidate was rejected
Itr 118, LL= -4482582.377553 (3.364201). Anneal status: T=0.00, dE=35.42, candidate was rejected
Itr 119, LL= -4482570.954502 (2.548319). Anneal status: T=0.00, dE=22.40, candidate was rejected
Itr 120, LL= -4482562.182757 (1.956856). Anneal status: T=0.00, dE=63.90, candidate was rejected
Itr 121, LL= -4482550.130496 (2.688699). Anneal status: T=0.00, dE=46.80, candidate was rejected
Itr 122, LL= -4482536.004858 (3.151250). Anneal status: T=0.00, dE=46.68, candidate was rejected
Itr 123, LL= -4482532.218845 (0.844614). Anneal status: T=0.00, dE=14.44, candidate was rejected
Itr 124, LL= -4482515.112353 (3.816256). Anneal status: T=0.00, dE=27.03, candidate was rejected
Itr 125, LL= -4482499.530317 (3.476182). Anneal status: T=0.00, dE=46.03, candidate was rejected
Itr 126, LL= -4482488.877183 (2.376606). Anneal status: T=0.00, dE=36.42, candidate was rejected
Itr 127, LL= -4482480.573679 (1.852432). Anneal status: T=0.00, dE=78.51, candidate was rejected
Itr 128, LL= -4482468.275428 (2.743626). Anneal status: T=0.00, dE=54.84, candidate was rejected
Itr 129, LL= -4482455.906050 (2.759502). Anneal status: T=0.00, dE=80.95, candidate was rejected
Itr 130, LL= -4482443.051679 (2.867707). Anneal status: T=0.00, dE=43.49, candidate was rejected
Itr 131, LL= -4482423.181842 (4.432814). Anneal status: T=0.00, dE=58.58, candidate was rejected
Itr 132, LL= -4482395.666778 (6.138435). Anneal status: T=0.00, dE=41.52, candidate was rejected
Itr 133, LL= -4482382.010397 (3.046670). Anneal status: T=0.00, dE=55.50, candidate was rejected
Itr 134, LL= -4482373.140696 (1.978792). Anneal status: T=0.00, dE=26.52, candidate was rejected
Itr 135, LL= -4482366.085179 (1.574058). Anneal status: T=0.00, dE=23.98, candidate was rejected
Itr 136, LL= -4482349.744566 (3.645533). Anneal status: T=0.00, dE=32.24, candidate was rejected
Itr 137, LL= -4482337.595910 (2.710332). Anneal status: T=0.00, dE=51.43, candidate was rejected
Itr 138, LL= -4482326.327910 (2.513867). Anneal status: T=0.00, dE=27.95, candidate was rejected
Itr 139, LL= -4482311.570916 (3.292262). Anneal status: T=0.00, dE=113.69, candidate was rejected
Itr 140, LL= -4482297.890350 (3.052123). Anneal status: T=0.00, dE=42.32, candidate was rejected
Itr 141, LL= -4482283.455554 (3.220401). Anneal status: T=0.00, dE=29.21, candidate was rejected
Itr 142, LL= -4482267.322629 (3.599265). Anneal status: T=0.00, dE=40.41, candidate was rejected
Itr 143, LL= -4482252.831320 (3.233031). Anneal status: T=0.00, dE=46.26, candidate was rejected
Itr 144, LL= -4482243.730027 (2.030517). Anneal status: T=0.00, dE=21.43, candidate was rejected
Itr 145, LL= -4482234.015182 (2.167407). Anneal status: T=0.00, dE=46.46, candidate was rejected
Itr 146, LL= -4482220.973661 (2.909603). Anneal status: T=0.00, dE=90.04, candidate was rejected
Itr 147, LL= -4482209.379314 (2.586741). Anneal status: T=0.00, dE=36.10, candidate was rejected
Itr 148, LL= -4482201.331070 (1.795598). Anneal status: T=0.00, dE=60.95, candidate was rejected
Itr 149, LL= -4482196.749812 (1.022100). Anneal status: T=0.00, dE=11.30, candidate was rejected
Itr 150, LL= -4482192.528683 (0.941754). Anneal status: T=0.00, dE=38.14, candidate was rejected
Itr 151, LL= -4482185.684179 (1.527044). Anneal status: T=0.00, dE=22.94, candidate was rejected
Itr 152, LL= -4482169.045379 (3.712207). Anneal status: T=0.00, dE=34.61, candidate was rejected
Itr 153, LL= -4482162.811035 (1.390921). Anneal status: T=0.00, dE=38.63, candidate was rejected
Itr 154, LL= -4482150.123646 (2.830640). Anneal status: T=0.00, dE=24.05, candidate was rejected
Itr 155, LL= -4482134.303293 (3.529635). Anneal status: T=0.00, dE=49.50, candidate was rejected
Itr 156, LL= -4482128.822069 (1.222905). Anneal status: T=0.00, dE=52.29, candidate was rejected
Itr 157, LL= -4482126.383583 (0.544046). Anneal status: T=0.00, dE=59.82, candidate was rejected
Itr 158, LL= -4482124.557663 (0.407378). Anneal status: T=0.00, dE=69.68, candidate was rejected
Itr 159, LL= -4482121.784361 (0.618747). Anneal status: T=0.00, dE=87.09, candidate was rejected
-- Annealing statistics:
Portion of times candidate was better: 0.000000
Portion of times candidate was chosen by chance: 0.006289
--
Your MATLAB session has timed out.  All license keys have been returned.
EM for 28 states, 131 emission nodes. 22 observed values.
            gibbs: 0
    nGibbsItrPcnt: 0.8000
     annealParams: {}
           maxItr: 500
      convergeEps: 1.0000e-06
           minItr: 5
       parametric: 0
        initprobs: []
      persistBias: 0
          obsVals: []

- Initalized simulated annealing with params:
                     type: 'linear'
    max_chance_accpetance: 0.2000
             min_duration: 5
        min_init_duration: 5
             max_duration: 11
              converge_th: 1.0000e-06

--
Itr 1, LL= -16443371.753104 (Inf). Anneal status: T=NaN, dE=349.76, collecting statistics
Itr 2, LL= -4772740.917104 (Inf). Anneal status: T=NaN, dE=-664.70, collecting statistics
Itr 3, LL= -4641350.346710 (Inf). Anneal status: T=NaN, dE=-297.37, collecting statistics
Itr 4, LL= -4570312.763476 (15305.369758). Anneal status: T=NaN, dE=-451.74, collecting statistics
Itr 5, LL= -4540547.375496 (6512.768277). Anneal status: T=NaN, dE=-146.02, collecting statistics
Itr 6, LL= -4525957.258322 (3213.294779). Anneal status: T=NaN, dE=-54.94, collecting statistics
Itr 7, LL= -4518174.962304 (1719.480670). Anneal status: T=NaN, dE=1.93, collecting statistics
Itr 8, LL= -4513655.107436 (1000.371811). Anneal status: T=NaN, dE=12.31, collecting statistics
Itr 9, LL= -4510683.380816 (658.385842). Anneal status: T=13.76, dE=76.29, candidate was rejected
Itr 10, LL= -4508705.398287 (438.510612). Anneal status: T=13.76, dE=61.79, candidate was rejected
Itr 11, LL= -4507257.480148 (321.138334). Anneal status: T=13.76, dE=49.53, candidate was rejected
Itr 12, LL= -4506285.350503 (215.680965). Anneal status: T=13.76, dE=14.11, candidate was chosen by chance
Itr 13, LL= -4505488.318541 (176.871170). Anneal status: T=13.76, dE=24.43, candidate was rejected
Itr 14, LL= -4504865.031830 (138.339436). Anneal status: T=12.39, dE=32.79, candidate was rejected
Itr 15, LL= -4504421.958213 (98.354471). Anneal status: T=12.39, dE=24.83, candidate was rejected
Itr 16, LL= -4503988.616027 (96.203728). Anneal status: T=12.39, dE=91.55, candidate was rejected
Itr 17, LL= -4503587.630117 (89.029068). Anneal status: T=12.39, dE=48.03, candidate was rejected
Itr 18, LL= -4503308.211070 (62.043657). Anneal status: T=12.39, dE=20.88, candidate was chosen by chance
Itr 19, LL= -4503033.434379 (61.016630). Anneal status: T=11.01, dE=22.69, candidate was rejected
Itr 20, LL= -4502762.435079 (60.181499). Anneal status: T=11.01, dE=37.13, candidate was rejected
Itr 21, LL= -4502517.175102 (54.468780). Anneal status: T=11.01, dE=46.78, candidate was rejected
Itr 22, LL= -4502311.050213 (45.779923). Anneal status: T=11.01, dE=24.50, candidate was rejected
Itr 23, LL= -4502109.289246 (44.812756). Anneal status: T=11.01, dE=33.96, candidate was rejected
Itr 24, LL= -4501927.318681 (40.418958). Anneal status: T=9.63, dE=79.46, candidate was rejected
Itr 25, LL= -4501764.028575 (36.271155). Anneal status: T=9.63, dE=70.23, candidate was rejected
Itr 26, LL= -4501595.694312 (37.392956). Anneal status: T=9.63, dE=90.82, candidate was rejected
Itr 27, LL= -4501432.291625 (36.298837). Anneal status: T=9.63, dE=30.32, candidate was rejected
Itr 28, LL= -4501271.948510 (35.620466). Anneal status: T=9.63, dE=30.62, candidate was rejected
Itr 29, LL= -4501121.082113 (33.516392). Anneal status: T=8.26, dE=15.71, candidate was rejected
Itr 30, LL= -4500992.816054 (28.496469). Anneal status: T=8.26, dE=20.79, candidate was rejected
Itr 31, LL= -4500889.709369 (22.907543). Anneal status: T=8.26, dE=25.52, candidate was rejected
Itr 32, LL= -4500799.080111 (20.135854). Anneal status: T=8.26, dE=56.45, candidate was rejected
Itr 33, LL= -4500699.618077 (22.098750). Anneal status: T=8.26, dE=68.12, candidate was rejected
Itr 34, LL= -4500626.304214 (16.289437). Anneal status: T=6.88, dE=29.20, candidate was rejected
Itr 35, LL= -4500550.757791 (16.785758). Anneal status: T=6.88, dE=47.53, candidate was rejected
Itr 36, LL= -4500488.036902 (13.936270). Anneal status: T=6.88, dE=36.56, candidate was rejected
Itr 37, LL= -4500407.306748 (17.938089). Anneal status: T=6.88, dE=16.27, candidate was rejected
Itr 38, LL= -4500357.821401 (10.995748). Anneal status: T=6.88, dE=43.28, candidate was rejected
Itr 39, LL= -4500313.908538 (9.757638). Anneal status: T=5.51, dE=10.89, candidate was rejected
Itr 40, LL= -4500261.694115 (11.602396). Anneal status: T=5.51, dE=36.77, candidate was rejected
Itr 41, LL= -4500206.935840 (12.167798). Anneal status: T=5.51, dE=45.11, candidate was rejected
Itr 42, LL= -4500174.842170 (7.131599). Anneal status: T=5.51, dE=24.63, candidate was rejected
Itr 43, LL= -4500139.771339 (7.793215). Anneal status: T=5.51, dE=48.14, candidate was rejected
Itr 44, LL= -4500108.313459 (6.990423). Anneal status: T=4.13, dE=18.18, candidate was rejected
Itr 45, LL= -4500078.953232 (6.524338). Anneal status: T=4.13, dE=34.24, candidate was rejected
Itr 46, LL= -4500050.633811 (6.293094). Anneal status: T=4.13, dE=20.03, candidate was rejected
Itr 47, LL= -4500021.830837 (6.400589). Anneal status: T=4.13, dE=29.59, candidate was rejected
Itr 48, LL= -4499992.725814 (6.467751). Anneal status: T=4.13, dE=56.87, candidate was rejected
Itr 49, LL= -4499950.598805 (9.361573). Anneal status: T=2.75, dE=21.12, candidate was rejected
Itr 50, LL= -4499900.772379 (11.072661). Anneal status: T=2.75, dE=22.28, candidate was rejected
Itr 51, LL= -4499875.866652 (5.534728). Anneal status: T=2.75, dE=66.82, candidate was rejected
Itr 52, LL= -4499845.637136 (6.717856). Anneal status: T=2.75, dE=16.29, candidate was rejected
Itr 53, LL= -4499817.233793 (6.312071). Anneal status: T=2.75, dE=46.86, candidate was rejected
Itr 54, LL= -4499787.389477 (6.632340). Anneal status: T=1.38, dE=19.63, candidate was rejected
Itr 55, LL= -4499762.990638 (5.422220). Anneal status: T=1.38, dE=11.56, candidate was rejected
Itr 56, LL= -4499743.971666 (4.226661). Anneal status: T=1.38, dE=13.00, candidate was rejected
Itr 57, LL= -4499719.616692 (5.412524). Anneal status: T=1.38, dE=66.37, candidate was rejected
Itr 58, LL= -4499699.408774 (4.490928). Anneal status: T=1.38, dE=51.25, candidate was rejected
Itr 59, LL= -4499676.366825 (5.120775). Anneal status: T=0.00, dE=59.24, candidate was rejected
Itr 60, LL= -4499659.415308 (3.767275). Anneal status: T=0.00, dE=25.98, candidate was rejected
Itr 61, LL= -4499642.644458 (3.727138). Anneal status: T=0.00, dE=13.61, candidate was rejected
Itr 62, LL= -4499611.448205 (6.933051). Anneal status: T=0.00, dE=9.95, candidate was rejected
Itr 63, LL= -4499591.822693 (4.361602). Anneal status: T=0.00, dE=46.26, candidate was rejected
Itr 64, LL= -4499572.690890 (4.251897). Anneal status: T=0.00, dE=17.68, candidate was rejected
Itr 65, LL= -4499557.468373 (3.383103). Anneal status: T=0.00, dE=108.30, candidate was rejected
Itr 66, LL= -4499533.581410 (5.308736). Anneal status: T=0.00, dE=34.29, candidate was rejected
Itr 67, LL= -4499511.015254 (5.015221). Anneal status: T=0.00, dE=80.59, candidate was rejected
Itr 68, LL= -4499496.269778 (3.277128). Anneal status: T=0.00, dE=15.76, candidate was rejected
Itr 69, LL= -4499474.451371 (4.849078). Anneal status: T=0.00, dE=46.52, candidate was rejected
Itr 70, LL= -4499448.122573 (5.851528). Anneal status: T=0.00, dE=68.28, candidate was rejected
Itr 71, LL= -4499424.549037 (5.239206). Anneal status: T=0.00, dE=41.00, candidate was rejected
Itr 72, LL= -4499410.907672 (3.031802). Anneal status: T=0.00, dE=22.17, candidate was rejected
Itr 73, LL= -4499396.528823 (3.195718). Anneal status: T=0.00, dE=14.45, candidate was rejected
Itr 74, LL= -4499383.098561 (2.984903). Anneal status: T=0.00, dE=86.75, candidate was rejected
Itr 75, LL= -4499371.635966 (2.547593). Anneal status: T=0.00, dE=55.36, candidate was rejected
Itr 76, LL= -4499360.756290 (2.418043). Anneal status: T=0.00, dE=25.21, candidate was rejected
Itr 77, LL= -4499352.146996 (1.913448). Anneal status: T=0.00, dE=46.75, candidate was rejected
Itr 78, LL= -4499343.154015 (1.998728). Anneal status: T=0.00, dE=53.40, candidate was rejected
Itr 79, LL= -4499327.625710 (3.451238). Anneal status: T=0.00, dE=47.61, candidate was rejected
Itr 80, LL= -4499311.011389 (3.692623). Anneal status: T=0.00, dE=24.64, candidate was rejected
Itr 81, LL= -4499302.395392 (1.914959). Anneal status: T=0.00, dE=35.07, candidate was rejected
Itr 82, LL= -4499296.038732 (1.412810). Anneal status: T=0.00, dE=82.19, candidate was rejected
Itr 83, LL= -4499290.061162 (1.328557). Anneal status: T=0.00, dE=32.03, candidate was rejected
Itr 84, LL= -4499282.017332 (1.787800). Anneal status: T=0.00, dE=41.11, candidate was rejected
Itr 85, LL= -4499271.323036 (2.376889). Anneal status: T=0.00, dE=85.18, candidate was rejected
Itr 86, LL= -4499264.822299 (1.444842). Anneal status: T=0.00, dE=46.85, candidate was rejected
Itr 87, LL= -4499256.703198 (1.804540). Anneal status: T=0.00, dE=34.97, candidate was rejected
Itr 88, LL= -4499245.127941 (2.572704). Anneal status: T=0.00, dE=52.57, candidate was rejected
Itr 89, LL= -4499237.993560 (1.585684). Anneal status: T=0.00, dE=36.75, candidate was rejected
Itr 90, LL= -4499225.129168 (2.859238). Anneal status: T=0.00, dE=18.42, candidate was rejected
Itr 91, LL= -4499210.606108 (3.227903). Anneal status: T=0.00, dE=24.99, candidate was rejected
Itr 92, LL= -4499198.444631 (2.703025). Anneal status: T=0.00, dE=12.37, candidate was rejected
Itr 93, LL= -4499192.223602 (1.382697). Anneal status: T=0.00, dE=32.72, candidate was rejected
Itr 94, LL= -4499180.454035 (2.615929). Anneal status: T=0.00, dE=45.32, candidate was rejected
Itr 95, LL= -4499172.212145 (1.831865). Anneal status: T=0.00, dE=25.51, candidate was rejected
Itr 96, LL= -4499163.635219 (1.906334). Anneal status: T=0.00, dE=33.13, candidate was rejected
Itr 97, LL= -4499152.115097 (2.560503). Anneal status: T=0.00, dE=50.79, candidate was rejected
Itr 98, LL= -4499134.608394 (3.891111). Anneal status: T=0.00, dE=20.67, candidate was rejected
Itr 99, LL= -4499121.572326 (2.897461). Anneal status: T=0.00, dE=19.91, candidate was rejected
Itr 100, LL= -4499115.262560 (1.402444). Anneal status: T=0.00, dE=59.34, candidate was rejected
Itr 101, LL= -4499109.598607 (1.258904). Anneal status: T=0.00, dE=71.46, candidate was rejected
Itr 102, LL= -4499100.931735 (1.926353). Anneal status: T=0.00, dE=48.75, candidate was rejected
Itr 103, LL= -4499090.624999 (2.290844). Anneal status: T=0.00, dE=40.25, candidate was rejected
Itr 104, LL= -4499084.829438 (1.288163). Anneal status: T=0.00, dE=34.39, candidate was rejected
Itr 105, LL= -4499071.192909 (3.030956). Anneal status: T=0.00, dE=67.44, candidate was rejected
Itr 106, LL= -4499064.232492 (1.547079). Anneal status: T=0.00, dE=30.09, candidate was rejected
Itr 107, LL= -4499059.051858 (1.151491). Anneal status: T=0.00, dE=60.89, candidate was rejected
Itr 108, LL= -4499051.265444 (1.730676). Anneal status: T=0.00, dE=14.92, candidate was rejected
Itr 109, LL= -4499046.700846 (1.014569). Anneal status: T=0.00, dE=26.73, candidate was rejected
Itr 110, LL= -4499043.303558 (0.755113). Anneal status: T=0.00, dE=30.87, candidate was rejected
Itr 111, LL= -4499038.222244 (1.129421). Anneal status: T=0.00, dE=48.65, candidate was rejected
Itr 112, LL= -4499031.832512 (1.420244). Anneal status: T=0.00, dE=47.46, candidate was rejected
Itr 113, LL= -4499023.505873 (1.850762). Anneal status: T=0.00, dE=23.51, candidate was rejected
Itr 114, LL= -4499021.503847 (0.444991). Anneal status: T=0.00, dE=76.87, candidate was rejected
Itr 115, LL= -4499019.944446 (0.346609). Anneal status: T=0.00, dE=16.96, candidate was rejected
Itr 116, LL= -4499014.197161 (1.277453). Anneal status: T=0.00, dE=1.00, candidate was rejected
Itr 117, LL= -4499006.479890 (1.715325). Anneal status: T=0.00, dE=30.49, candidate was rejected
Itr 118, LL= -4499002.047770 (0.985133). Anneal status: T=0.00, dE=23.28, candidate was rejected
Itr 119, LL= -4498997.513136 (1.007920). Anneal status: T=0.00, dE=25.51, candidate was rejected
Itr 120, LL= -4498994.003819 (0.780022). Anneal status: T=0.00, dE=17.48, candidate was rejected
Itr 121, LL= -4498986.675208 (1.628944). Anneal status: T=0.00, dE=28.18, candidate was rejected
Itr 122, LL= -4498964.534143 (4.921345). Anneal status: T=0.00, dE=74.00, candidate was rejected
Itr 123, LL= -4498953.446245 (2.464544). Anneal status: T=0.00, dE=47.47, candidate was rejected
Itr 124, LL= -4498947.417951 (1.339933). Anneal status: T=0.00, dE=54.14, candidate was rejected
Itr 125, LL= -4498944.217753 (0.711322). Anneal status: T=0.00, dE=15.35, candidate was rejected
Itr 126, LL= -4498943.106169 (0.247076). Anneal status: T=0.00, dE=37.45, candidate was rejected
Itr 127, LL= -4498941.331219 (0.394526). Anneal status: T=0.00, dE=18.88, candidate was rejected
-- Annealing statistics:
Portion of times candidate was better: 0.000000
Portion of times candidate was chosen by chance: 0.015748
--
EM for 28 states, 131 emission nodes. 22 observed values.
            gibbs: 0
    nGibbsItrPcnt: 0.8000
     annealParams: {}
           maxItr: 500
      convergeEps: 1.0000e-06
           minItr: 5
       parametric: 0
        initprobs: []
      persistBias: 0
          obsVals: []

- Initalized simulated annealing with params:
                     type: 'linear'
    max_chance_accpetance: 0.2000
             min_duration: 5
        min_init_duration: 5
             max_duration: 11
              converge_th: 1.0000e-06

--
Itr 1, LL= -16352806.899343 (Inf). Anneal status: T=NaN, dE=109.68, collecting statistics
Itr 2, LL= -4763097.315106 (Inf). Anneal status: T=NaN, dE=-97.62, collecting statistics
Itr 3, LL= -4635572.573129 (Inf). Anneal status: T=NaN, dE=-797.76, collecting statistics
Itr 4, LL= -4566501.384732 (14900.249604). Anneal status: T=NaN, dE=-90.34, collecting statistics
Itr 5, LL= -4540776.896457 (5633.303509). Anneal status: T=NaN, dE=-46.65, collecting statistics
Itr 6, LL= -4527862.098823 (2844.182379). Anneal status: T=NaN, dE=-24.27, collecting statistics
Itr 7, LL= -4520238.541808 (1683.699028). Anneal status: T=NaN, dE=48.43, collecting statistics
Itr 8, LL= -4515806.797266 (980.422715). Anneal status: T=NaN, dE=69.69, collecting statistics
Itr 9, LL= -4512927.048388 (637.704182). Anneal status: T=26.91, dE=55.17, candidate was rejected
Itr 10, LL= -4510811.039460 (468.877273). Anneal status: T=26.91, dE=19.70, candidate was chosen by chance
Itr 11, LL= -4509164.891171 (364.933994). Anneal status: T=26.91, dE=40.94, candidate was rejected
Itr 12, LL= -4507884.820399 (283.882005). Anneal status: T=26.91, dE=63.49, candidate was rejected
Itr 13, LL= -4506787.054395 (243.521307). Anneal status: T=26.91, dE=41.90, candidate was rejected
Itr 14, LL= -4505944.758386 (186.895009). Anneal status: T=24.22, dE=68.94, candidate was rejected
Itr 15, LL= -4505252.553485 (153.620370). Anneal status: T=24.22, dE=30.00, candidate was rejected
Itr 16, LL= -4504678.845228 (127.342086). Anneal status: T=24.22, dE=36.29, candidate was rejected
Itr 17, LL= -4504140.708721 (119.461681). Anneal status: T=24.22, dE=58.42, candidate was rejected
Itr 18, LL= -4503660.107476 (106.702094). Anneal status: T=24.22, dE=38.23, candidate was rejected
Itr 19, LL= -4503241.437114 (92.962247). Anneal status: T=21.53, dE=26.43, candidate was rejected
Itr 20, LL= -4502787.040539 (100.904333). Anneal status: T=21.53, dE=54.69, candidate was rejected
Itr 21, LL= -4502389.579005 (88.270116). Anneal status: T=21.53, dE=55.62, candidate was rejected
Itr 22, LL= -4502084.314136 (67.800634). Anneal status: T=21.53, dE=36.67, candidate was chosen by chance
Itr 23, LL= -4501725.117363 (79.784551). Anneal status: T=21.53, dE=20.91, candidate was rejected
Itr 24, LL= -4501413.199590 (69.288498). Anneal status: T=18.84, dE=29.84, candidate was rejected
Itr 25, LL= -4501131.655971 (62.545607). Anneal status: T=18.84, dE=30.24, candidate was rejected
Itr 26, LL= -4500854.955571 (61.473518). Anneal status: T=18.84, dE=101.79, candidate was rejected
Itr 27, LL= -4500601.224995 (56.373862). Anneal status: T=18.84, dE=34.03, candidate was chosen by chance
Itr 28, LL= -4500320.960056 (62.272778). Anneal status: T=18.84, dE=61.93, candidate was rejected
Itr 29, LL= -4500066.229819 (56.602682). Anneal status: T=16.15, dE=31.38, candidate was rejected
Itr 30, LL= -4499893.827708 (38.311016). Anneal status: T=16.15, dE=30.57, candidate was chosen by chance
Itr 31, LL= -4499686.224466 (46.135142). Anneal status: T=16.15, dE=57.93, candidate was rejected
Itr 32, LL= -4499525.682531 (35.678473). Anneal status: T=16.15, dE=54.03, candidate was rejected
Itr 33, LL= -4499387.182037 (30.781132). Anneal status: T=16.15, dE=38.71, candidate was rejected
Itr 34, LL= -4499247.970822 (30.940039). Anneal status: T=13.45, dE=48.96, candidate was rejected
Itr 35, LL= -4499102.804753 (32.264518). Anneal status: T=13.45, dE=56.89, candidate was rejected
Itr 36, LL= -4498977.778496 (27.789153). Anneal status: T=13.45, dE=30.30, candidate was rejected
Itr 37, LL= -4498866.555435 (24.721852). Anneal status: T=13.45, dE=17.09, candidate was rejected
Itr 38, LL= -4498769.649518 (21.540074). Anneal status: T=13.45, dE=102.20, candidate was rejected
Itr 39, LL= -4498691.006565 (17.480991). Anneal status: T=10.76, dE=44.07, candidate was rejected
Itr 40, LL= -4498606.866133 (18.703314). Anneal status: T=10.76, dE=81.80, candidate was rejected
Itr 41, LL= -4498532.075140 (16.625368). Anneal status: T=10.76, dE=89.31, candidate was rejected
Itr 42, LL= -4498467.871564 (14.272117). Anneal status: T=10.76, dE=26.00, candidate was rejected
Itr 43, LL= -4498409.138144 (13.056316). Anneal status: T=10.76, dE=49.79, candidate was rejected
Itr 44, LL= -4498354.008475 (12.255370). Anneal status: T=8.07, dE=37.55, candidate was rejected
Itr 45, LL= -4498301.388674 (11.697568). Anneal status: T=8.07, dE=25.93, candidate was rejected
Itr 46, LL= -4498266.912744 (7.664211). Anneal status: T=8.07, dE=6.76, candidate was chosen by chance
Itr 47, LL= -4498188.220119 (17.493988). Anneal status: T=8.07, dE=29.84, candidate was rejected
Itr 48, LL= -4498128.946709 (13.177174). Anneal status: T=8.07, dE=53.91, candidate was rejected
Itr 49, LL= -4498085.737287 (9.606088). Anneal status: T=5.38, dE=16.34, candidate was rejected
Itr 50, LL= -4498022.002105 (14.169401). Anneal status: T=5.38, dE=56.99, candidate was rejected
Itr 51, LL= -4497970.961571 (11.347329). Anneal status: T=5.38, dE=36.13, candidate was rejected
Itr 52, LL= -4497917.272210 (11.936351). Anneal status: T=5.38, dE=23.06, candidate was rejected
Itr 53, LL= -4497863.489816 (11.957177). Anneal status: T=5.38, dE=49.07, candidate was rejected
Itr 54, LL= -4497845.420248 (4.017367). Anneal status: T=2.69, dE=36.11, candidate was rejected
Itr 55, LL= -4497813.316314 (7.137625). Anneal status: T=2.69, dE=71.67, candidate was rejected
Itr 56, LL= -4497772.891523 (8.987654). Anneal status: T=2.69, dE=72.10, candidate was rejected
Itr 57, LL= -4497753.057628 (4.409715). Anneal status: T=2.69, dE=44.54, candidate was rejected
Itr 58, LL= -4497734.807156 (4.057686). Anneal status: T=2.69, dE=19.89, candidate was rejected
Itr 59, LL= -4497718.429360 (3.641343). Anneal status: T=0.00, dE=68.56, candidate was rejected
Itr 60, LL= -4497691.480280 (5.991722). Anneal status: T=0.00, dE=38.84, candidate was rejected
Itr 61, LL= -4497658.747646 (7.277652). Anneal status: T=0.00, dE=66.34, candidate was rejected
Itr 62, LL= -4497634.635160 (5.361120). Anneal status: T=0.00, dE=58.25, candidate was rejected
Itr 63, LL= -4497602.737283 (7.092145). Anneal status: T=0.00, dE=49.46, candidate was rejected
Itr 64, LL= -4497580.505318 (4.943070). Anneal status: T=0.00, dE=26.15, candidate was rejected
Itr 65, LL= -4497561.100007 (4.314611). Anneal status: T=0.00, dE=72.13, candidate was rejected
Itr 66, LL= -4497543.315302 (3.954300). Anneal status: T=0.00, dE=25.69, candidate was rejected
Itr 67, LL= -4497522.503469 (4.627378). Anneal status: T=0.00, dE=43.63, candidate was rejected
Itr 68, LL= -4497501.857041 (4.590622). Anneal status: T=0.00, dE=42.28, candidate was rejected
Itr 69, LL= -4497484.779029 (3.797222). Anneal status: T=0.00, dE=12.47, candidate was rejected
Itr 70, LL= -4497470.905090 (3.084822). Anneal status: T=0.00, dE=55.56, candidate was rejected
Itr 71, LL= -4497450.357497 (4.568699). Anneal status: T=0.00, dE=64.15, candidate was rejected
Itr 72, LL= -4497426.852542 (5.226284). Anneal status: T=0.00, dE=27.08, candidate was rejected
Itr 73, LL= -4497406.946207 (4.426161). Anneal status: T=0.00, dE=46.23, candidate was rejected
Itr 74, LL= -4497381.141826 (5.737613). Anneal status: T=0.00, dE=34.74, candidate was rejected
Itr 75, LL= -4497363.935318 (3.825895). Anneal status: T=0.00, dE=88.60, candidate was rejected
Itr 76, LL= -4497334.341287 (6.580306). Anneal status: T=0.00, dE=14.50, candidate was rejected
Itr 77, LL= -4497316.143912 (4.046258). Anneal status: T=0.00, dE=67.12, candidate was rejected
Itr 78, LL= -4497302.054469 (3.132856). Anneal status: T=0.00, dE=7.59, candidate was rejected
Itr 79, LL= -4497276.742132 (5.628338). Anneal status: T=0.00, dE=73.80, candidate was rejected
Itr 80, LL= -4497253.001095 (5.278981). Anneal status: T=0.00, dE=10.75, candidate was rejected
Itr 81, LL= -4497232.290490 (4.605168). Anneal status: T=0.00, dE=20.83, candidate was rejected
Itr 82, LL= -4497218.589408 (3.046559). Anneal status: T=0.00, dE=40.52, candidate was rejected
Itr 83, LL= -4497201.607302 (3.776135). Anneal status: T=0.00, dE=48.34, candidate was rejected
Itr 84, LL= -4497185.406470 (3.602425). Anneal status: T=0.00, dE=39.37, candidate was rejected
Itr 85, LL= -4497158.405100 (6.004060). Anneal status: T=0.00, dE=33.92, candidate was rejected
Itr 86, LL= -4497137.525908 (4.642752). Anneal status: T=0.00, dE=59.58, candidate was rejected
Itr 87, LL= -4497120.853465 (3.707345). Anneal status: T=0.00, dE=90.68, candidate was rejected
Itr 88, LL= -4497101.697599 (4.259584). Anneal status: T=0.00, dE=63.18, candidate was rejected
Itr 89, LL= -4497090.432999 (2.504858). Anneal status: T=0.00, dE=39.57, candidate was rejected
Itr 90, LL= -4497080.399460 (2.231118). Anneal status: T=0.00, dE=43.13, candidate was rejected
Itr 91, LL= -4497068.549366 (2.635064). Anneal status: T=0.00, dE=91.48, candidate was rejected
Itr 92, LL= -4497054.760928 (3.066095). Anneal status: T=0.00, dE=72.10, candidate was rejected
Itr 93, LL= -4497039.776729 (3.332003). Anneal status: T=0.00, dE=25.92, candidate was rejected
Itr 94, LL= -4497026.739352 (2.899102). Anneal status: T=0.00, dE=23.20, candidate was rejected
Itr 95, LL= -4497014.431333 (2.736924). Anneal status: T=0.00, dE=49.19, candidate was rejected
Itr 96, LL= -4497003.543218 (2.421187). Anneal status: T=0.00, dE=24.00, candidate was rejected
Itr 97, LL= -4496995.469400 (1.795377). Anneal status: T=0.00, dE=14.12, candidate was rejected
Itr 98, LL= -4496981.355772 (3.138457). Anneal status: T=0.00, dE=18.92, candidate was rejected
Itr 99, LL= -4496971.117488 (2.276701). Anneal status: T=0.00, dE=15.24, candidate was rejected
Itr 100, LL= -4496960.422721 (2.378216). Anneal status: T=0.00, dE=31.39, candidate was rejected
Itr 101, LL= -4496951.895150 (1.896297). Anneal status: T=0.00, dE=119.21, candidate was rejected
Itr 102, LL= -4496944.986885 (1.536211). Anneal status: T=0.00, dE=40.32, candidate was rejected
Itr 103, LL= -4496931.911127 (2.907698). Anneal status: T=0.00, dE=29.50, candidate was rejected
Itr 104, LL= -4496921.250616 (2.370619). Anneal status: T=0.00, dE=45.19, candidate was rejected
Itr 105, LL= -4496911.837351 (2.093269). Anneal status: T=0.00, dE=33.38, candidate was rejected
Itr 106, LL= -4496904.669702 (1.593905). Anneal status: T=0.00, dE=53.42, candidate was rejected
Itr 107, LL= -4496897.811239 (1.525152). Anneal status: T=0.00, dE=70.95, candidate was rejected
Itr 108, LL= -4496892.588100 (1.161498). Anneal status: T=0.00, dE=74.74, candidate was rejected
Itr 109, LL= -4496885.605829 (1.552688). Anneal status: T=0.00, dE=14.34, candidate was rejected
Itr 110, LL= -4496875.397768 (2.270029). Anneal status: T=0.00, dE=51.28, candidate was rejected
Itr 111, LL= -4496868.193067 (1.602157). Anneal status: T=0.00, dE=41.17, candidate was rejected
Itr 112, LL= -4496861.411023 (1.508171). Anneal status: T=0.00, dE=73.41, candidate was rejected
Itr 113, LL= -4496858.957080 (0.545701). Anneal status: T=0.00, dE=15.00, candidate was rejected
Itr 114, LL= -4496856.702757 (0.501311). Anneal status: T=0.00, dE=84.80, candidate was rejected
Itr 115, LL= -4496852.050694 (1.034514). Anneal status: T=0.00, dE=50.71, candidate was rejected
Itr 116, LL= -4496845.798731 (1.390298). Anneal status: T=0.00, dE=68.70, candidate was rejected
Itr 117, LL= -4496835.795440 (2.224513). Anneal status: T=0.00, dE=28.45, candidate was rejected
Itr 118, LL= -4496823.344617 (2.768797). Anneal status: T=0.00, dE=45.42, candidate was rejected
Itr 119, LL= -4496802.741488 (4.581707). Anneal status: T=0.00, dE=36.32, candidate was rejected
Itr 120, LL= -4496789.468928 (2.951555). Anneal status: T=0.00, dE=73.26, candidate was rejected
Itr 121, LL= -4496776.113817 (2.969921). Anneal status: T=0.00, dE=23.91, candidate was rejected
Itr 122, LL= -4496761.798601 (3.183440). Anneal status: T=0.00, dE=56.10, candidate was rejected
Itr 123, LL= -4496749.380254 (2.761620). Anneal status: T=0.00, dE=49.26, candidate was rejected
Itr 124, LL= -4496741.339899 (1.788037). Anneal status: T=0.00, dE=22.63, candidate was rejected
Itr 125, LL= -4496736.925776 (0.981627). Anneal status: T=0.00, dE=39.28, candidate was rejected
Itr 126, LL= -4496727.122366 (2.180116). Anneal status: T=0.00, dE=29.35, candidate was rejected
Itr 127, LL= -4496715.005816 (2.694526). Anneal status: T=0.00, dE=29.71, candidate was rejected
Itr 128, LL= -4496705.272262 (2.164592). Anneal status: T=0.00, dE=11.03, candidate was rejected
Itr 129, LL= -4496698.258896 (1.559668). Anneal status: T=0.00, dE=27.21, candidate was rejected
Itr 130, LL= -4496689.296081 (1.993199). Anneal status: T=0.00, dE=49.27, candidate was rejected
Itr 131, LL= -4496684.987892 (0.958080). Anneal status: T=0.00, dE=7.99, candidate was rejected
Itr 132, LL= -4496677.310123 (1.707429). Anneal status: T=0.00, dE=38.16, candidate was rejected
Itr 133, LL= -4496667.913798 (2.089615). Anneal status: T=0.00, dE=21.07, candidate was rejected
Itr 134, LL= -4496656.448475 (2.549737). Anneal status: T=0.00, dE=30.25, candidate was rejected
Itr 135, LL= -4496638.932725 (3.895283). Anneal status: T=0.00, dE=21.73, candidate was rejected
Itr 136, LL= -4496633.199281 (1.275051). Anneal status: T=0.00, dE=44.89, candidate was rejected
Itr 137, LL= -4496629.111343 (0.909111). Anneal status: T=0.00, dE=18.51, candidate was rejected
Itr 138, LL= -4496625.931458 (0.707171). Anneal status: T=0.00, dE=29.04, candidate was rejected
Itr 139, LL= -4496621.656652 (0.950670). Anneal status: T=0.00, dE=40.82, candidate was rejected
-- Annealing statistics:
Portion of times candidate was better: 0.000000
Portion of times candidate was chosen by chance: 0.035971
--
>> 