My SLURM_ARRAY_TASK_ID:  29

                            < M A T L A B (R) >
                  Copyright 1984-2014 The MathWorks, Inc.
                   R2014b (8.4.0.150421) 64-bit (glnxa64)
                             September 15, 2014

 
For online documentation, see http://www.mathworks.com/support
For product information, visit www.mathworks.com.
 
EM for 29 states, 131 emission nodes. 22 observed values.
            gibbs: 0
    nGibbsItrPcnt: 0.8000
     annealParams: {}
           maxItr: 500
      convergeEps: 1.0000e-06
           minItr: 5
       parametric: 0
        initprobs: []
      persistBias: 0
          obsVals: []

- Initalized simulated annealing with params:
                     type: 'linear'
    max_chance_accpetance: 0.2000
             min_duration: 5
        min_init_duration: 5
             max_duration: 11
              converge_th: 1.0000e-06

--
Itr 1, LL= -16454269.151788 (Inf). Anneal status: T=NaN, dE=-1262.85, collecting statistics
Itr 2, LL= -4752688.920944 (Inf). Anneal status: T=NaN, dE=-256.27, collecting statistics
Itr 3, LL= -4640722.762916 (Inf). Anneal status: T=NaN, dE=-666.14, collecting statistics
Itr 4, LL= -4561562.922031 (17057.653501). Anneal status: T=NaN, dE=-14.46, collecting statistics
Itr 5, LL= -4533091.656236 (6241.559369). Anneal status: T=NaN, dE=-13.19, collecting statistics
Itr 6, LL= -4521800.336989 (2490.864978). Anneal status: T=NaN, dE=4.63, collecting statistics
Itr 7, LL= -4515502.830919 (1392.698837). Anneal status: T=NaN, dE=20.41, collecting statistics
Itr 8, LL= -4511322.856385 (925.694145). Anneal status: T=NaN, dE=10.75, collecting statistics
Itr 9, LL= -4508291.460973 (671.952664). Anneal status: T=4.84, dE=64.38, candidate was rejected
Itr 10, LL= -4505842.284265 (543.260508). Anneal status: T=4.84, dE=25.17, candidate was rejected
Itr 11, LL= -4503955.294405 (418.787374). Anneal status: T=4.84, dE=11.98, candidate was rejected
Itr 12, LL= -4502494.611060 (324.311244). Anneal status: T=4.84, dE=68.44, candidate was rejected
Itr 13, LL= -4501294.094035 (266.633751). Anneal status: T=4.84, dE=27.30, candidate was rejected
Itr 14, LL= -4500253.190886 (231.245310). Anneal status: T=4.36, dE=65.85, candidate was rejected
Itr 15, LL= -4499411.420027 (187.049667). Anneal status: T=4.36, dE=52.33, candidate was rejected
Itr 16, LL= -4498800.764209 (135.719044). Anneal status: T=4.36, dE=59.77, candidate was rejected
Itr 17, LL= -4498300.115740 (111.284873). Anneal status: T=4.36, dE=73.30, candidate was rejected
Itr 18, LL= -4497858.474831 (98.179512). Anneal status: T=4.36, dE=18.70, candidate was rejected
Itr 19, LL= -4497477.602143 (84.678673). Anneal status: T=3.87, dE=29.09, candidate was rejected
Itr 20, LL= -4497120.092007 (79.491254). Anneal status: T=3.87, dE=29.27, candidate was rejected
Itr 21, LL= -4496785.659279 (74.365977). Anneal status: T=3.87, dE=29.24, candidate was rejected
Itr 22, LL= -4496448.566162 (74.963128). Anneal status: T=3.87, dE=35.80, candidate was rejected
Itr 23, LL= -4496132.966290 (70.188698). Anneal status: T=3.87, dE=54.28, candidate was rejected
Itr 24, LL= -4495839.412368 (65.290312). Anneal status: T=3.39, dE=36.95, candidate was rejected
Itr 25, LL= -4495548.687307 (64.665357). Anneal status: T=3.39, dE=20.69, candidate was rejected
Itr 26, LL= -4495301.829544 (54.911598). Anneal status: T=3.39, dE=34.67, candidate was rejected
Itr 27, LL= -4495080.687454 (49.194047). Anneal status: T=3.39, dE=52.85, candidate was rejected
Itr 28, LL= -4494855.051716 (50.196149). Anneal status: T=3.39, dE=74.65, candidate was rejected
Itr 29, LL= -4494649.044555 (45.831769). Anneal status: T=2.90, dE=57.59, candidate was rejected
Itr 30, LL= -4494447.351666 (44.874002). Anneal status: T=2.90, dE=21.97, candidate was rejected
Itr 31, LL= -4494228.863730 (48.612859). Anneal status: T=2.90, dE=38.37, candidate was rejected
Itr 32, LL= -4494028.498956 (44.582682). Anneal status: T=2.90, dE=16.52, candidate was rejected
Itr 33, LL= -4493835.900527 (42.856521). Anneal status: T=2.90, dE=29.36, candidate was rejected
Itr 34, LL= -4493650.235920 (41.315396). Anneal status: T=2.42, dE=36.65, candidate was rejected
Itr 35, LL= -4493500.919316 (33.228355). Anneal status: T=2.42, dE=99.25, candidate was rejected
Itr 36, LL= -4493339.423465 (35.939873). Anneal status: T=2.42, dE=40.17, candidate was rejected
Itr 37, LL= -4493174.506939 (36.702441). Anneal status: T=2.42, dE=28.52, candidate was rejected
Itr 38, LL= -4493024.914522 (33.293258). Anneal status: T=2.42, dE=57.52, candidate was rejected
Itr 39, LL= -4492900.064519 (27.787516). Anneal status: T=1.94, dE=15.87, candidate was rejected
Itr 40, LL= -4492759.017502 (31.393313). Anneal status: T=1.94, dE=44.00, candidate was rejected
Itr 41, LL= -4492610.475196 (33.062603). Anneal status: T=1.94, dE=14.85, candidate was rejected
Itr 42, LL= -4492453.470499 (34.947320). Anneal status: T=1.94, dE=28.22, candidate was rejected
Itr 43, LL= -4492316.441258 (30.502095). Anneal status: T=1.94, dE=105.87, candidate was rejected
Itr 44, LL= -4492182.304916 (29.859059). Anneal status: T=1.45, dE=7.43, candidate was rejected
Itr 45, LL= -4492028.311110 (34.280400). Anneal status: T=1.45, dE=24.72, candidate was rejected
Itr 46, LL= -4491858.334822 (37.839541). Anneal status: T=1.45, dE=30.24, candidate was rejected
Itr 47, LL= -4491674.565848 (40.911569). Anneal status: T=1.45, dE=17.51, candidate was rejected
Itr 48, LL= -4491488.908401 (41.333682). Anneal status: T=1.45, dE=49.83, candidate was rejected
Itr 49, LL= -4491248.380652 (53.551896). Anneal status: T=0.97, dE=4.68, candidate was rejected
Itr 50, LL= -4490927.544332 (71.435889). Anneal status: T=0.97, dE=61.15, candidate was rejected
Itr 51, LL= -4490517.842894 (91.228690). Anneal status: T=0.97, dE=62.59, candidate was rejected
Itr 52, LL= -4490208.528859 (68.881596). Anneal status: T=0.97, dE=18.72, candidate was rejected
Itr 53, LL= -4489995.260410 (47.496335). Anneal status: T=0.97, dE=70.41, candidate was rejected
Itr 54, LL= -4489852.221687 (31.857210). Anneal status: T=0.48, dE=103.22, candidate was rejected
Itr 55, LL= -4489693.356183 (35.383237). Anneal status: T=0.48, dE=48.64, candidate was rejected
Itr 56, LL= -4489585.534936 (24.015281). Anneal status: T=0.48, dE=25.80, candidate was rejected
Itr 57, LL= -4489523.090101 (13.908820). Anneal status: T=0.48, dE=55.77, candidate was rejected
Itr 58, LL= -4489476.172665 (10.450428). Anneal status: T=0.48, dE=35.96, candidate was rejected
Itr 59, LL= -4489421.310691 (12.220128). Anneal status: T=0.00, dE=32.52, candidate was rejected
Itr 60, LL= -4489366.645620 (12.176418). Anneal status: T=0.00, dE=128.90, candidate was rejected
Itr 61, LL= -4489335.373845 (6.965743). Anneal status: T=0.00, dE=32.92, candidate was rejected
Itr 62, LL= -4489286.539798 (10.877790). Anneal status: T=0.00, dE=24.15, candidate was rejected
Itr 63, LL= -4489252.825903 (7.509856). Anneal status: T=0.00, dE=46.05, candidate was rejected
Itr 64, LL= -4489213.751727 (8.703937). Anneal status: T=0.00, dE=46.14, candidate was rejected
Itr 65, LL= -4489169.891560 (9.770122). Anneal status: T=0.00, dE=25.82, candidate was rejected
Itr 66, LL= -4489114.092383 (12.429731). Anneal status: T=0.00, dE=35.82, candidate was rejected
Itr 67, LL= -4489082.135763 (7.118692). Anneal status: T=0.00, dE=56.75, candidate was rejected
Itr 68, LL= -4489016.619110 (14.594666). Anneal status: T=0.00, dE=82.59, candidate was rejected
Itr 69, LL= -4488955.310554 (13.657458). Anneal status: T=0.00, dE=71.90, candidate was rejected
Itr 70, LL= -4488926.286357 (6.465691). Anneal status: T=0.00, dE=37.27, candidate was rejected
Itr 71, LL= -4488910.180114 (3.587995). Anneal status: T=0.00, dE=82.65, candidate was rejected
Itr 72, LL= -4488886.051215 (5.375224). Anneal status: T=0.00, dE=71.36, candidate was rejected
Itr 73, LL= -4488855.947228 (6.706338). Anneal status: T=0.00, dE=62.26, candidate was rejected
Itr 74, LL= -4488827.069589 (6.433185). Anneal status: T=0.00, dE=37.64, candidate was rejected
Itr 75, LL= -4488806.685241 (4.541130). Anneal status: T=0.00, dE=41.82, candidate was rejected
Itr 76, LL= -4488765.126745 (9.258250). Anneal status: T=0.00, dE=24.60, candidate was rejected
Itr 77, LL= -4488725.703213 (8.782712). Anneal status: T=0.00, dE=71.24, candidate was rejected
Itr 78, LL= -4488692.025628 (7.502705). Anneal status: T=0.00, dE=49.38, candidate was rejected
Itr 79, LL= -4488659.373368 (7.274337). Anneal status: T=0.00, dE=14.08, candidate was rejected
Itr 80, LL= -4488619.140603 (8.963203). Anneal status: T=0.00, dE=25.29, candidate was rejected
Itr 81, LL= -4488591.170768 (6.231278). Anneal status: T=0.00, dE=37.09, candidate was rejected
Itr 82, LL= -4488555.191106 (8.015803). Anneal status: T=0.00, dE=39.97, candidate was rejected
Itr 83, LL= -4488540.768372 (3.213224). Anneal status: T=0.00, dE=43.99, candidate was rejected
Itr 84, LL= -4488529.128640 (2.593211). Anneal status: T=0.00, dE=88.50, candidate was rejected
Itr 85, LL= -4488515.382924 (3.062410). Anneal status: T=0.00, dE=74.55, candidate was rejected
Itr 86, LL= -4488490.928115 (5.448307). Anneal status: T=0.00, dE=61.44, candidate was rejected
Itr 87, LL= -4488461.658789 (6.520973). Anneal status: T=0.00, dE=66.58, candidate was rejected
Itr 88, LL= -4488448.573612 (2.915292). Anneal status: T=0.00, dE=91.83, candidate was rejected
Itr 89, LL= -4488434.949029 (3.035477). Anneal status: T=0.00, dE=43.63, candidate was rejected
Itr 90, LL= -4488426.805303 (1.814380). Anneal status: T=0.00, dE=35.80, candidate was rejected
Itr 91, LL= -4488416.084247 (2.388600). Anneal status: T=0.00, dE=57.86, candidate was rejected
Itr 92, LL= -4488395.596176 (4.564655). Anneal status: T=0.00, dE=38.06, candidate was rejected
Itr 93, LL= -4488362.802152 (7.306402). Anneal status: T=0.00, dE=43.50, candidate was rejected
Itr 94, LL= -4488348.747737 (3.131301). Anneal status: T=0.00, dE=17.63, candidate was rejected
Itr 95, LL= -4488339.157637 (2.136666). Anneal status: T=0.00, dE=35.19, candidate was rejected
Itr 96, LL= -4488327.251196 (2.652750). Anneal status: T=0.00, dE=160.86, candidate was rejected
Itr 97, LL= -4488318.880859 (1.864912). Anneal status: T=0.00, dE=36.85, candidate was rejected
Itr 98, LL= -4488305.530816 (2.974397). Anneal status: T=0.00, dE=80.58, candidate was rejected
Itr 99, LL= -4488296.864943 (1.930767). Anneal status: T=0.00, dE=41.46, candidate was rejected
Itr 100, LL= -4488288.271555 (1.914621). Anneal status: T=0.00, dE=29.08, candidate was rejected
Itr 101, LL= -4488270.887234 (3.873263). Anneal status: T=0.00, dE=27.47, candidate was rejected
Itr 102, LL= -4488263.617662 (1.619682). Anneal status: T=0.00, dE=42.85, candidate was rejected
Itr 103, LL= -4488258.307025 (1.183227). Anneal status: T=0.00, dE=18.81, candidate was rejected
Itr 104, LL= -4488242.746474 (3.466946). Anneal status: T=0.00, dE=26.02, candidate was rejected
Itr 105, LL= -4488229.389135 (2.976073). Anneal status: T=0.00, dE=28.31, candidate was rejected
Itr 106, LL= -4488215.034959 (3.198182). Anneal status: T=0.00, dE=65.11, candidate was rejected
Itr 107, LL= -4488206.840453 (1.825783). Anneal status: T=0.00, dE=47.93, candidate was rejected
Itr 108, LL= -4488197.876836 (1.997149). Anneal status: T=0.00, dE=44.98, candidate was rejected
Itr 109, LL= -4488186.935380 (2.437828). Anneal status: T=0.00, dE=83.14, candidate was rejected
Itr 110, LL= -4488173.688089 (2.951591). Anneal status: T=0.00, dE=45.01, candidate was rejected
Itr 111, LL= -4488162.386219 (2.518144). Anneal status: T=0.00, dE=34.69, candidate was rejected
Itr 112, LL= -4488151.380558 (2.452153). Anneal status: T=0.00, dE=51.53, candidate was rejected
Itr 113, LL= -4488142.324661 (2.017734). Anneal status: T=0.00, dE=55.59, candidate was rejected
Itr 114, LL= -4488129.354634 (2.889843). Anneal status: T=0.00, dE=106.48, candidate was rejected
Itr 115, LL= -4488118.094022 (2.508977). Anneal status: T=0.00, dE=73.07, candidate was rejected
Itr 116, LL= -4488108.714147 (2.089935). Anneal status: T=0.00, dE=50.26, candidate was rejected
Itr 117, LL= -4488092.414723 (3.631691). Anneal status: T=0.00, dE=48.13, candidate was rejected
Itr 118, LL= -4488083.077226 (2.080505). Anneal status: T=0.00, dE=49.82, candidate was rejected
Itr 119, LL= -4488079.300913 (0.841409). Anneal status: T=0.00, dE=17.77, candidate was rejected
Itr 120, LL= -4488075.620154 (0.820119). Anneal status: T=0.00, dE=41.49, candidate was rejected
Itr 121, LL= -4488066.459657 (2.041075). Anneal status: T=0.00, dE=55.78, candidate was rejected
Itr 122, LL= -4488056.613377 (2.193880). Anneal status: T=0.00, dE=30.06, candidate was rejected
Itr 123, LL= -4488050.347664 (1.396086). Anneal status: T=0.00, dE=96.65, candidate was rejected
Itr 124, LL= -4488042.119918 (1.833256). Anneal status: T=0.00, dE=33.41, candidate was rejected
Itr 125, LL= -4488033.363969 (1.950951). Anneal status: T=0.00, dE=50.09, candidate was rejected
Itr 126, LL= -4488022.768062 (2.360924). Anneal status: T=0.00, dE=86.55, candidate was rejected
Itr 127, LL= -4488015.548142 (1.608708). Anneal status: T=0.00, dE=57.10, candidate was rejected
Itr 128, LL= -4487997.700447 (3.976745). Anneal status: T=0.00, dE=49.39, candidate was rejected
Itr 129, LL= -4487986.151903 (2.573206). Anneal status: T=0.00, dE=37.03, candidate was rejected
Itr 130, LL= -4487981.881292 (0.951565). Anneal status: T=0.00, dE=102.70, candidate was rejected
Itr 131, LL= -4487974.556219 (1.632153). Anneal status: T=0.00, dE=69.20, candidate was rejected
Itr 132, LL= -4487964.942094 (2.142197). Anneal status: T=0.00, dE=15.83, candidate was rejected
Itr 133, LL= -4487957.705236 (1.612503). Anneal status: T=0.00, dE=59.98, candidate was rejected
Itr 134, LL= -4487954.168732 (0.787999). Anneal status: T=0.00, dE=29.52, candidate was rejected
Itr 135, LL= -4487952.275034 (0.421951). Anneal status: T=0.00, dE=68.47, candidate was rejected
Itr 136, LL= -4487941.850834 (2.322707). Anneal status: T=0.00, dE=43.59, candidate was rejected
Itr 137, LL= -4487936.132502 (1.274155). Anneal status: T=0.00, dE=92.56, candidate was rejected
Itr 138, LL= -4487931.484800 (1.035599). Anneal status: T=0.00, dE=47.03, candidate was rejected
Itr 139, LL= -4487912.060523 (4.328114). Anneal status: T=0.00, dE=18.97, candidate was rejected
Itr 140, LL= -4487897.671557 (3.206161). Anneal status: T=0.00, dE=103.73, candidate was rejected
Itr 141, LL= -4487892.169918 (1.225883). Anneal status: T=0.00, dE=28.29, candidate was rejected
Itr 142, LL= -4487886.167144 (1.337549). Anneal status: T=0.00, dE=90.28, candidate was rejected
Itr 143, LL= -4487882.764490 (0.758186). Anneal status: T=0.00, dE=45.64, candidate was rejected
Itr 144, LL= -4487878.763346 (0.891544). Anneal status: T=0.00, dE=33.61, candidate was rejected
Itr 145, LL= -4487874.673893 (0.911222). Anneal status: T=0.00, dE=74.92, candidate was rejected
-- Annealing statistics:
Portion of times candidate was better: 0.000000
Portion of times candidate was chosen by chance: 0.000000
--
EM for 29 states, 131 emission nodes. 22 observed values.
            gibbs: 0
    nGibbsItrPcnt: 0.8000
     annealParams: {}
           maxItr: 500
      convergeEps: 1.0000e-06
           minItr: 5
       parametric: 0
        initprobs: []
      persistBias: 0
          obsVals: []

- Initalized simulated annealing with params:
                     type: 'linear'
    max_chance_accpetance: 0.2000
             min_duration: 5
        min_init_duration: 5
             max_duration: 11
              converge_th: 1.0000e-06

--
Itr 1, LL= -16494686.236364 (Inf). Anneal status: T=NaN, dE=-489.88, collecting statistics
Itr 2, LL= -4765772.221226 (Inf). Anneal status: T=NaN, dE=-117.15, collecting statistics
Itr 3, LL= -4636900.843280 (Inf). Anneal status: T=NaN, dE=464.20, collecting statistics
Itr 4, LL= -4553799.398924 (17921.764378). Anneal status: T=NaN, dE=-225.12, collecting statistics
Itr 5, LL= -4524206.294744 (6498.552437). Anneal status: T=NaN, dE=-161.48, collecting statistics
Itr 6, LL= -4513531.573387 (2359.468305). Anneal status: T=NaN, dE=27.58, collecting statistics
Itr 7, LL= -4508798.188567 (1048.709806). Anneal status: T=NaN, dE=24.92, collecting statistics
Itr 8, LL= -4506207.051470 (574.684647). Anneal status: T=8.15, dE=19.26, candidate was rejected
Itr 9, LL= -4504518.413698 (374.735948). Anneal status: T=8.15, dE=63.55, candidate was rejected
Itr 10, LL= -4503238.901609 (284.050806). Anneal status: T=8.15, dE=57.60, candidate was rejected
Itr 11, LL= -4502254.699325 (218.554313). Anneal status: T=8.15, dE=39.18, candidate was rejected
Itr 12, LL= -4501512.911266 (164.759239). Anneal status: T=8.15, dE=33.70, candidate was chosen by chance
Itr 13, LL= -4500818.183200 (154.332128). Anneal status: T=7.34, dE=24.50, candidate was rejected
Itr 14, LL= -4500177.841725 (142.272238). Anneal status: T=7.34, dE=69.21, candidate was rejected
Itr 15, LL= -4499636.324664 (120.332369). Anneal status: T=7.34, dE=16.57, candidate was rejected
Itr 16, LL= -4499147.839244 (108.561089). Anneal status: T=7.34, dE=62.41, candidate was rejected
Itr 17, LL= -4498706.701448 (98.049189). Anneal status: T=7.34, dE=46.85, candidate was rejected
Itr 18, LL= -4498299.198447 (90.582256). Anneal status: T=6.52, dE=38.48, candidate was rejected
Itr 19, LL= -4497932.914736 (81.427156). Anneal status: T=6.52, dE=68.00, candidate was rejected
Itr 20, LL= -4497606.557060 (72.557257). Anneal status: T=6.52, dE=47.02, candidate was rejected
Itr 21, LL= -4497327.597876 (62.023919). Anneal status: T=6.52, dE=14.89, candidate was rejected
Itr 22, LL= -4497082.829436 (54.425308). Anneal status: T=6.52, dE=68.03, candidate was rejected
Itr 23, LL= -4496847.809698 (52.260487). Anneal status: T=5.71, dE=55.67, candidate was rejected
Itr 24, LL= -4496639.427853 (46.339537). Anneal status: T=5.71, dE=67.85, candidate was rejected
Itr 25, LL= -4496465.361528 (38.710314). Anneal status: T=5.71, dE=38.46, candidate was rejected
Itr 26, LL= -4496294.580902 (37.981084). Anneal status: T=5.71, dE=31.88, candidate was rejected
Itr 27, LL= -4496129.373317 (36.743052). Anneal status: T=5.71, dE=31.29, candidate was rejected
Itr 28, LL= -4495964.009074 (36.779245). Anneal status: T=4.89, dE=92.57, candidate was rejected
Itr 29, LL= -4495822.071985 (31.569890). Anneal status: T=4.89, dE=6.61, candidate was rejected
Itr 30, LL= -4495672.124452 (33.352639). Anneal status: T=4.89, dE=38.87, candidate was rejected
Itr 31, LL= -4495501.122921 (38.036922). Anneal status: T=4.89, dE=11.20, candidate was rejected
Itr 32, LL= -4495351.161518 (33.358106). Anneal status: T=4.89, dE=30.06, candidate was rejected
Itr 33, LL= -4495151.796366 (44.349183). Anneal status: T=4.08, dE=15.49, candidate was rejected
Itr 34, LL= -4494839.564119 (69.459778). Anneal status: T=4.08, dE=19.03, candidate was rejected
Itr 35, LL= -4494371.832312 (104.059733). Anneal status: T=4.08, dE=35.79, candidate was rejected
Itr 36, LL= -4493796.936050 (127.914708). Anneal status: T=4.08, dE=38.38, candidate was rejected
Itr 37, LL= -4493321.011753 (105.906943). Anneal status: T=4.08, dE=81.64, candidate was rejected
Itr 38, LL= -4493130.526785 (42.392913). Anneal status: T=3.26, dE=33.96, candidate was rejected
Itr 39, LL= -4493034.351992 (21.404852). Anneal status: T=3.26, dE=68.00, candidate was rejected
Itr 40, LL= -4492943.999712 (20.109412). Anneal status: T=3.26, dE=22.71, candidate was rejected
Itr 41, LL= -4492843.085841 (22.460523). Anneal status: T=3.26, dE=87.45, candidate was rejected
Itr 42, LL= -4492743.258466 (22.219199). Anneal status: T=3.26, dE=50.81, candidate was rejected
Itr 43, LL= -4492681.379732 (13.773040). Anneal status: T=2.45, dE=58.81, candidate was rejected
Itr 44, LL= -4492609.251444 (16.054619). Anneal status: T=2.45, dE=53.82, candidate was rejected
Itr 45, LL= -4492539.125860 (15.609099). Anneal status: T=2.45, dE=85.43, candidate was rejected
Itr 46, LL= -4492440.085456 (22.045529). Anneal status: T=2.45, dE=20.64, candidate was rejected
Itr 47, LL= -4492391.965614 (10.711293). Anneal status: T=2.45, dE=28.01, candidate was rejected
Itr 48, LL= -4492349.633676 (9.423029). Anneal status: T=1.63, dE=9.92, candidate was rejected
Itr 49, LL= -4492307.293488 (9.424954). Anneal status: T=1.63, dE=35.34, candidate was rejected
Itr 50, LL= -4492271.032301 (8.071840). Anneal status: T=1.63, dE=60.35, candidate was rejected
Itr 51, LL= -4492222.767954 (10.743864). Anneal status: T=1.63, dE=24.31, candidate was rejected
Itr 52, LL= -4492182.828351 (8.890833). Anneal status: T=1.63, dE=52.41, candidate was rejected
Itr 53, LL= -4492152.983637 (6.643700). Anneal status: T=0.82, dE=25.18, candidate was rejected
Itr 54, LL= -4492120.545801 (7.221000). Anneal status: T=0.82, dE=47.93, candidate was rejected
Itr 55, LL= -4492090.343938 (6.723298). Anneal status: T=0.82, dE=34.73, candidate was rejected
Itr 56, LL= -4492047.977596 (9.431320). Anneal status: T=0.82, dE=9.20, candidate was rejected
Itr 57, LL= -4492008.824698 (8.716046). Anneal status: T=0.82, dE=33.19, candidate was rejected
Itr 58, LL= -4491960.437614 (10.771814). Anneal status: T=0.00, dE=57.35, candidate was rejected
Itr 59, LL= -4491921.288268 (8.715425). Anneal status: T=0.00, dE=60.93, candidate was rejected
Itr 60, LL= -4491882.699477 (8.590710). Anneal status: T=0.00, dE=40.64, candidate was rejected
Itr 61, LL= -4491853.788551 (6.436260). Anneal status: T=0.00, dE=61.10, candidate was rejected
Itr 62, LL= -4491826.290244 (6.121817). Anneal status: T=0.00, dE=16.90, candidate was rejected
Itr 63, LL= -4491804.257069 (4.905171). Anneal status: T=0.00, dE=42.25, candidate was rejected
Itr 64, LL= -4491781.188072 (5.135797). Anneal status: T=0.00, dE=3.48, candidate was rejected
Itr 65, LL= -4491762.786440 (4.096734). Anneal status: T=0.00, dE=49.11, candidate was rejected
Itr 66, LL= -4491746.081297 (3.719062). Anneal status: T=0.00, dE=62.90, candidate was rejected
Itr 67, LL= -4491712.643649 (7.444243). Anneal status: T=0.00, dE=63.61, candidate was rejected
Itr 68, LL= -4491659.913277 (11.739480). Anneal status: T=0.00, dE=10.83, candidate was rejected
Itr 69, LL= -4491640.536495 (4.313947). Anneal status: T=0.00, dE=45.03, candidate was rejected
Itr 70, LL= -4491631.527102 (2.005814). Anneal status: T=0.00, dE=26.12, candidate was rejected
Itr 71, LL= -4491622.540651 (2.000710). Anneal status: T=0.00, dE=24.11, candidate was rejected
Itr 72, LL= -4491597.908270 (5.484072). Anneal status: T=0.00, dE=61.37, candidate was rejected
Itr 73, LL= -4491551.126273 (10.415446). Anneal status: T=0.00, dE=135.82, candidate was rejected
Itr 74, LL= -4491515.114300 (8.017714). Anneal status: T=0.00, dE=60.23, candidate was rejected
Itr 75, LL= -4491486.434280 (6.385378). Anneal status: T=0.00, dE=62.74, candidate was rejected
Itr 76, LL= -4491465.988253 (4.552174). Anneal status: T=0.00, dE=21.19, candidate was rejected
Itr 77, LL= -4491447.891345 (4.029176). Anneal status: T=0.00, dE=72.78, candidate was rejected
Itr 78, LL= -4491434.237537 (3.039957). Anneal status: T=0.00, dE=23.86, candidate was rejected
Itr 79, LL= -4491422.551786 (2.601786). Anneal status: T=0.00, dE=48.78, candidate was rejected
Itr 80, LL= -4491413.337903 (2.051440). Anneal status: T=0.00, dE=24.13, candidate was rejected
Itr 81, LL= -4491402.265587 (2.465219). Anneal status: T=0.00, dE=47.34, candidate was rejected
Itr 82, LL= -4491389.384470 (2.867950). Anneal status: T=0.00, dE=46.02, candidate was rejected
Itr 83, LL= -4491369.932767 (4.330888). Anneal status: T=0.00, dE=32.44, candidate was rejected
Itr 84, LL= -4491353.516317 (3.655110). Anneal status: T=0.00, dE=38.17, candidate was rejected
Itr 85, LL= -4491343.079912 (2.323666). Anneal status: T=0.00, dE=80.65, candidate was rejected
Itr 86, LL= -4491334.301817 (1.954448). Anneal status: T=0.00, dE=24.50, candidate was rejected
Itr 87, LL= -4491328.037595 (1.394735). Anneal status: T=0.00, dE=16.95, candidate was rejected
Itr 88, LL= -4491317.894597 (2.258352). Anneal status: T=0.00, dE=19.35, candidate was rejected
Itr 89, LL= -4491288.349506 (6.578268). Anneal status: T=0.00, dE=38.49, candidate was rejected
Itr 90, LL= -4491273.156965 (3.382669). Anneal status: T=0.00, dE=23.08, candidate was rejected
Itr 91, LL= -4491266.562219 (1.468347). Anneal status: T=0.00, dE=17.66, candidate was rejected
Itr 92, LL= -4491261.829556 (1.053748). Anneal status: T=0.00, dE=40.65, candidate was rejected
Itr 93, LL= -4491254.793347 (1.566644). Anneal status: T=0.00, dE=59.26, candidate was rejected
Itr 94, LL= -4491248.620650 (1.374381). Anneal status: T=0.00, dE=58.17, candidate was rejected
Itr 95, LL= -4491240.849480 (1.730292). Anneal status: T=0.00, dE=36.56, candidate was rejected
Itr 96, LL= -4491225.034500 (3.521294). Anneal status: T=0.00, dE=34.87, candidate was rejected
Itr 97, LL= -4491212.081486 (2.884072). Anneal status: T=0.00, dE=38.82, candidate was rejected
Itr 98, LL= -4491196.781438 (3.406663). Anneal status: T=0.00, dE=16.82, candidate was rejected
Itr 99, LL= -4491178.106878 (4.158036). Anneal status: T=0.00, dE=136.07, candidate was rejected
Itr 100, LL= -4491168.617878 (2.112809). Anneal status: T=0.00, dE=85.65, candidate was rejected
Itr 101, LL= -4491154.079370 (3.237133). Anneal status: T=0.00, dE=33.52, candidate was rejected
Itr 102, LL= -4491142.345754 (2.612606). Anneal status: T=0.00, dE=66.94, candidate was rejected
Itr 103, LL= -4491131.062790 (2.512270). Anneal status: T=0.00, dE=28.74, candidate was rejected
Itr 104, LL= -4491106.283480 (5.517387). Anneal status: T=0.00, dE=42.97, candidate was rejected
Itr 105, LL= -4491100.645431 (1.255381). Anneal status: T=0.00, dE=51.13, candidate was rejected
Itr 106, LL= -4491094.594484 (1.347319). Anneal status: T=0.00, dE=28.83, candidate was rejected
Itr 107, LL= -4491082.810151 (2.623933). Anneal status: T=0.00, dE=77.73, candidate was rejected
Itr 108, LL= -4491074.084893 (1.942796). Anneal status: T=0.00, dE=14.83, candidate was rejected
Itr 109, LL= -4491066.174736 (1.761306). Anneal status: T=0.00, dE=78.04, candidate was rejected
Itr 110, LL= -4491059.534723 (1.478494). Anneal status: T=0.00, dE=8.98, candidate was rejected
Itr 111, LL= -4491053.797163 (1.277552). Anneal status: T=0.00, dE=45.22, candidate was rejected
Itr 112, LL= -4491046.460522 (1.633612). Anneal status: T=0.00, dE=40.43, candidate was rejected
Itr 113, LL= -4491037.644164 (1.963096). Anneal status: T=0.00, dE=27.83, candidate was rejected
Itr 114, LL= -4491031.142362 (1.447728). Anneal status: T=0.00, dE=28.22, candidate was rejected
Itr 115, LL= -4491025.145745 (1.335243). Anneal status: T=0.00, dE=21.88, candidate was rejected
Itr 116, LL= -4491018.768899 (1.419909). Anneal status: T=0.00, dE=47.60, candidate was rejected
Itr 117, LL= -4491006.760513 (2.673867). Anneal status: T=0.00, dE=59.86, candidate was rejected
Itr 118, LL= -4490993.811979 (2.883214). Anneal status: T=0.00, dE=35.37, candidate was rejected
Itr 119, LL= -4490972.798281 (4.679075). Anneal status: T=0.00, dE=70.68, candidate was rejected
Itr 120, LL= -4490966.247534 (1.458648). Anneal status: T=0.00, dE=60.52, candidate was rejected
Itr 121, LL= -4490963.290037 (0.658543). Anneal status: T=0.00, dE=41.76, candidate was rejected
Itr 122, LL= -4490960.672536 (0.582837). Anneal status: T=0.00, dE=40.53, candidate was rejected
Itr 123, LL= -4490957.015271 (0.814361). Anneal status: T=0.00, dE=36.17, candidate was rejected
-- Annealing statistics:
Portion of times candidate was better: 0.000000
Portion of times candidate was chosen by chance: 0.008130
--
Your MATLAB session has timed out.  All license keys have been returned.
EM for 29 states, 131 emission nodes. 22 observed values.
            gibbs: 0
    nGibbsItrPcnt: 0.8000
     annealParams: {}
           maxItr: 500
      convergeEps: 1.0000e-06
           minItr: 5
       parametric: 0
        initprobs: []
      persistBias: 0
          obsVals: []

- Initalized simulated annealing with params:
                     type: 'linear'
    max_chance_accpetance: 0.2000
             min_duration: 5
        min_init_duration: 5
             max_duration: 11
              converge_th: 1.0000e-06

--
Itr 1, LL= -16318485.626260 (Inf). Anneal status: T=NaN, dE=-3528.98, collecting statistics
Itr 2, LL= -4752737.827264 (Inf). Anneal status: T=NaN, dE=-127.62, collecting statistics
Itr 3, LL= -4638729.719214 (Inf). Anneal status: T=NaN, dE=-474.64, collecting statistics
Itr 4, LL= -4572354.214665 (14308.982969). Anneal status: T=NaN, dE=-131.80, collecting statistics
Itr 5, LL= -4542929.915731 (6435.262351). Anneal status: T=NaN, dE=-85.78, collecting statistics
Itr 6, LL= -4527670.740754 (3358.884082). Anneal status: T=NaN, dE=-23.24, collecting statistics
Itr 7, LL= -4517720.196453 (2197.718180). Anneal status: T=NaN, dE=44.83, collecting statistics
Itr 8, LL= -4511812.098079 (1307.761020). Anneal status: T=NaN, dE=5.87, collecting statistics
Itr 9, LL= -4507659.302195 (920.427490). Anneal status: T=NaN, dE=7.95, collecting statistics
Itr 10, LL= -4504224.708185 (761.946230). Anneal status: T=2.03, dE=27.97, candidate was rejected
Itr 11, LL= -4500999.146379 (716.119203). Anneal status: T=2.03, dE=17.74, candidate was rejected
Itr 12, LL= -4498269.287884 (606.500558). Anneal status: T=2.03, dE=51.36, candidate was rejected
Itr 13, LL= -4496682.946187 (352.656010). Anneal status: T=2.03, dE=36.51, candidate was rejected
Itr 14, LL= -4495370.715539 (291.821919). Anneal status: T=2.03, dE=46.81, candidate was rejected
Itr 15, LL= -4494352.742953 (226.449085). Anneal status: T=1.83, dE=69.84, candidate was rejected
Itr 16, LL= -4493500.519192 (189.621022). Anneal status: T=1.83, dE=18.33, candidate was rejected
Itr 17, LL= -4492845.214635 (145.833867). Anneal status: T=1.83, dE=23.85, candidate was rejected
Itr 18, LL= -4492374.189895 (104.838853). Anneal status: T=1.83, dE=15.24, candidate was rejected
Itr 19, LL= -4491994.701633 (84.473876). Anneal status: T=1.83, dE=83.24, candidate was rejected
Itr 20, LL= -4491629.240572 (81.358302). Anneal status: T=1.63, dE=61.42, candidate was rejected
Itr 21, LL= -4491289.591837 (75.618159). Anneal status: T=1.63, dE=80.64, candidate was rejected
Itr 22, LL= -4490949.210840 (75.786918). Anneal status: T=1.63, dE=56.92, candidate was rejected
Itr 23, LL= -4490686.896011 (58.409663). Anneal status: T=1.63, dE=44.26, candidate was rejected
Itr 24, LL= -4490455.490478 (51.530097). Anneal status: T=1.63, dE=43.08, candidate was rejected
Itr 25, LL= -4490267.200297 (41.931199). Anneal status: T=1.42, dE=23.36, candidate was rejected
Itr 26, LL= -4490128.975346 (30.783235). Anneal status: T=1.42, dE=63.31, candidate was rejected
Itr 27, LL= -4489948.448451 (40.205280). Anneal status: T=1.42, dE=24.91, candidate was rejected
Itr 28, LL= -4489772.888784 (39.100598). Anneal status: T=1.42, dE=90.20, candidate was rejected
Itr 29, LL= -4489599.946941 (38.519063). Anneal status: T=1.42, dE=19.39, candidate was rejected
Itr 30, LL= -4489459.082725 (31.375672). Anneal status: T=1.22, dE=16.59, candidate was rejected
Itr 31, LL= -4489337.192489 (27.150317). Anneal status: T=1.22, dE=14.57, candidate was rejected
Itr 32, LL= -4489221.039906 (25.872991). Anneal status: T=1.22, dE=28.11, candidate was rejected
Itr 33, LL= -4489092.420060 (28.650816). Anneal status: T=1.22, dE=65.69, candidate was rejected
Itr 34, LL= -4488979.408103 (25.174789). Anneal status: T=1.22, dE=57.56, candidate was rejected
Itr 35, LL= -4488863.854056 (25.741719). Anneal status: T=1.02, dE=47.18, candidate was rejected
Itr 36, LL= -4488746.708637 (26.096897). Anneal status: T=1.02, dE=36.07, candidate was rejected
Itr 37, LL= -4488621.594121 (27.872928). Anneal status: T=1.02, dE=35.15, candidate was rejected
Itr 38, LL= -4488504.925746 (25.992027). Anneal status: T=1.02, dE=48.70, candidate was rejected
Itr 39, LL= -4488402.064468 (22.916602). Anneal status: T=1.02, dE=60.06, candidate was rejected
Itr 40, LL= -4488314.444285 (19.521465). Anneal status: T=0.81, dE=25.73, candidate was rejected
Itr 41, LL= -4488217.799529 (21.532528). Anneal status: T=0.81, dE=78.42, candidate was rejected
Itr 42, LL= -4488127.898553 (20.030440). Anneal status: T=0.81, dE=35.14, candidate was rejected
Itr 43, LL= -4488046.699350 (18.091998). Anneal status: T=0.81, dE=90.25, candidate was rejected
Itr 44, LL= -4487966.639093 (17.838553). Anneal status: T=0.81, dE=43.23, candidate was rejected
Itr 45, LL= -4487894.608797 (16.049650). Anneal status: T=0.61, dE=47.71, candidate was rejected
Itr 46, LL= -4487843.695156 (11.344660). Anneal status: T=0.61, dE=56.94, candidate was rejected
Itr 47, LL= -4487792.014877 (11.515615). Anneal status: T=0.61, dE=60.45, candidate was rejected
Itr 48, LL= -4487708.444996 (18.621603). Anneal status: T=0.61, dE=52.29, candidate was rejected
Itr 49, LL= -4487643.011963 (14.580500). Anneal status: T=0.61, dE=44.43, candidate was rejected
Itr 50, LL= -4487599.576728 (9.678853). Anneal status: T=0.41, dE=52.25, candidate was rejected
Itr 51, LL= -4487560.876693 (8.623772). Anneal status: T=0.41, dE=44.16, candidate was rejected
Itr 52, LL= -4487517.892335 (9.578557). Anneal status: T=0.41, dE=29.19, candidate was rejected
Itr 53, LL= -4487478.475903 (8.783571). Anneal status: T=0.41, dE=59.47, candidate was rejected
Itr 54, LL= -4487422.688583 (12.431774). Anneal status: T=0.41, dE=58.21, candidate was rejected
Itr 55, LL= -4487369.435354 (11.867219). Anneal status: T=0.20, dE=63.31, candidate was rejected
Itr 56, LL= -4487325.415592 (9.809703). Anneal status: T=0.20, dE=51.45, candidate was rejected
Itr 57, LL= -4487293.599894 (7.090125). Anneal status: T=0.20, dE=22.37, candidate was rejected
Itr 58, LL= -4487266.552821 (6.027480). Anneal status: T=0.20, dE=47.13, candidate was rejected
Itr 59, LL= -4487240.343639 (5.840790). Anneal status: T=0.20, dE=28.31, candidate was rejected
Itr 60, LL= -4487211.620117 (6.401155). Anneal status: T=0.00, dE=96.82, candidate was rejected
Itr 61, LL= -4487185.404206 (5.842361). Anneal status: T=0.00, dE=26.46, candidate was rejected
Itr 62, LL= -4487157.061140 (6.316446). Anneal status: T=0.00, dE=65.69, candidate was rejected
Itr 63, LL= -4487085.946446 (15.848497). Anneal status: T=0.00, dE=82.75, candidate was rejected
Itr 64, LL= -4487036.775805 (10.958257). Anneal status: T=0.00, dE=72.51, candidate was rejected
Itr 65, LL= -4487008.689394 (6.259456). Anneal status: T=0.00, dE=74.71, candidate was rejected
Itr 66, LL= -4486984.597014 (5.369363). Anneal status: T=0.00, dE=33.24, candidate was rejected
Itr 67, LL= -4486960.907229 (5.279667). Anneal status: T=0.00, dE=26.14, candidate was rejected
Itr 68, LL= -4486932.618783 (6.304589). Anneal status: T=0.00, dE=30.19, candidate was rejected
Itr 69, LL= -4486898.751122 (7.548065). Anneal status: T=0.00, dE=47.04, candidate was rejected
Itr 70, LL= -4486869.910983 (6.427633). Anneal status: T=0.00, dE=48.02, candidate was rejected
Itr 71, LL= -4486852.656975 (3.845444). Anneal status: T=0.00, dE=74.05, candidate was rejected
Itr 72, LL= -4486832.378152 (4.519610). Anneal status: T=0.00, dE=75.96, candidate was rejected
Itr 73, LL= -4486815.660681 (3.725896). Anneal status: T=0.00, dE=52.09, candidate was rejected
Itr 74, LL= -4486803.274403 (2.760594). Anneal status: T=0.00, dE=23.44, candidate was rejected
Itr 75, LL= -4486787.854551 (3.436712). Anneal status: T=0.00, dE=43.48, candidate was rejected
Itr 76, LL= -4486764.147040 (5.283849). Anneal status: T=0.00, dE=52.03, candidate was rejected
Itr 77, LL= -4486741.432946 (5.062467). Anneal status: T=0.00, dE=73.41, candidate was rejected
Itr 78, LL= -4486730.541854 (2.427395). Anneal status: T=0.00, dE=35.07, candidate was rejected
Itr 79, LL= -4486726.710596 (0.853909). Anneal status: T=0.00, dE=7.90, candidate was rejected
Itr 80, LL= -4486723.654312 (0.681184). Anneal status: T=0.00, dE=63.60, candidate was rejected
Itr 81, LL= -4486714.439043 (2.053897). Anneal status: T=0.00, dE=62.12, candidate was rejected
Itr 82, LL= -4486702.877770 (2.576779). Anneal status: T=0.00, dE=45.73, candidate was rejected
Itr 83, LL= -4486696.945228 (1.322250). Anneal status: T=0.00, dE=42.21, candidate was rejected
Itr 84, LL= -4486692.449600 (1.001991). Anneal status: T=0.00, dE=67.00, candidate was rejected
Itr 85, LL= -4486674.485088 (4.003954). Anneal status: T=0.00, dE=39.26, candidate was rejected
Itr 86, LL= -4486657.442631 (3.798461). Anneal status: T=0.00, dE=49.06, candidate was rejected
Itr 87, LL= -4486643.904964 (3.017317). Anneal status: T=0.00, dE=19.21, candidate was rejected
Itr 88, LL= -4486634.624704 (2.068419). Anneal status: T=0.00, dE=42.86, candidate was rejected
Itr 89, LL= -4486603.039576 (7.039826). Anneal status: T=0.00, dE=49.11, candidate was rejected
Itr 90, LL= -4486568.077078 (7.792644). Anneal status: T=0.00, dE=58.67, candidate was rejected
Itr 91, LL= -4486550.395987 (3.940894). Anneal status: T=0.00, dE=33.17, candidate was rejected
Itr 92, LL= -4486528.327321 (4.918849). Anneal status: T=0.00, dE=38.50, candidate was rejected
Itr 93, LL= -4486511.227027 (3.811476). Anneal status: T=0.00, dE=22.97, candidate was rejected
Itr 94, LL= -4486503.319244 (1.762568). Anneal status: T=0.00, dE=17.89, candidate was rejected
Itr 95, LL= -4486498.380750 (1.100745). Anneal status: T=0.00, dE=110.33, candidate was rejected
Itr 96, LL= -4486491.457309 (1.543173). Anneal status: T=0.00, dE=89.27, candidate was rejected
Itr 97, LL= -4486483.360903 (1.804619). Anneal status: T=0.00, dE=42.47, candidate was rejected
Itr 98, LL= -4486471.654837 (2.609185). Anneal status: T=0.00, dE=32.66, candidate was rejected
Itr 99, LL= -4486457.250736 (3.210563). Anneal status: T=0.00, dE=25.37, candidate was rejected
Itr 100, LL= -4486451.242884 (1.339108). Anneal status: T=0.00, dE=18.34, candidate was rejected
Itr 101, LL= -4486445.980883 (1.172865). Anneal status: T=0.00, dE=37.89, candidate was rejected
Itr 102, LL= -4486437.257515 (1.944383). Anneal status: T=0.00, dE=37.97, candidate was rejected
Itr 103, LL= -4486425.283030 (2.669041). Anneal status: T=0.00, dE=40.23, candidate was rejected
Itr 104, LL= -4486405.909413 (4.318275). Anneal status: T=0.00, dE=12.54, candidate was rejected
Itr 105, LL= -4486398.122272 (1.735719). Anneal status: T=0.00, dE=58.00, candidate was rejected
Itr 106, LL= -4486394.511273 (0.804877). Anneal status: T=0.00, dE=43.95, candidate was rejected
Itr 107, LL= -4486392.795845 (0.382362). Anneal status: T=0.00, dE=72.42, candidate was rejected
Itr 108, LL= -4486388.854504 (0.878510). Anneal status: T=0.00, dE=39.38, candidate was rejected
-- Annealing statistics:
Portion of times candidate was better: 0.000000
Portion of times candidate was chosen by chance: 0.000000
--
EM for 29 states, 131 emission nodes. 22 observed values.
            gibbs: 0
    nGibbsItrPcnt: 0.8000
     annealParams: {}
           maxItr: 500
      convergeEps: 1.0000e-06
           minItr: 5
       parametric: 0
        initprobs: []
      persistBias: 0
          obsVals: []

- Initalized simulated annealing with params:
                     type: 'linear'
    max_chance_accpetance: 0.2000
             min_duration: 5
        min_init_duration: 5
             max_duration: 11
              converge_th: 1.0000e-06

--
Itr 1, LL= -16499036.430839 (Inf). Anneal status: T=NaN, dE=-860.00, collecting statistics
Itr 2, LL= -4761456.314879 (Inf). Anneal status: T=NaN, dE=-269.47, collecting statistics
Itr 3, LL= -4620526.023375 (Inf). Anneal status: T=NaN, dE=-541.93, collecting statistics
Itr 4, LL= -4559023.682992 (13310.679362). Anneal status: T=NaN, dE=-224.49, collecting statistics
Itr 5, LL= -4532269.354404 (5868.433781). Anneal status: T=NaN, dE=-187.91, collecting statistics
Itr 6, LL= -4519398.050139 (2839.924828). Anneal status: T=NaN, dE=-3.25, collecting statistics
Itr 7, LL= -4512261.882077 (1579.008528). Anneal status: T=NaN, dE=37.15, collecting statistics
Itr 8, LL= -4507814.509753 (985.619284). Anneal status: T=NaN, dE=15.32, collecting statistics
Itr 9, LL= -4504781.833645 (672.759738). Anneal status: T=NaN, dE=27.62, collecting statistics
Itr 10, LL= -4502766.843875 (447.300190). Anneal status: T=10.64, dE=24.46, candidate was rejected
Itr 11, LL= -4501320.764362 (321.153540). Anneal status: T=10.64, dE=54.85, candidate was rejected
Itr 12, LL= -4500203.676475 (248.168914). Anneal status: T=10.64, dE=53.12, candidate was rejected
Itr 13, LL= -4499206.737781 (221.531905). Anneal status: T=10.64, dE=31.60, candidate was rejected
Itr 14, LL= -4498299.457157 (201.653464). Anneal status: T=10.64, dE=36.40, candidate was rejected
Itr 15, LL= -4497532.405669 (170.520325). Anneal status: T=9.58, dE=19.07, candidate was rejected
Itr 16, LL= -4496772.645269 (168.928277). Anneal status: T=9.58, dE=38.49, candidate was rejected
Itr 17, LL= -4496033.316123 (164.413281). Anneal status: T=9.58, dE=47.45, candidate was rejected
Itr 18, LL= -4495339.600942 (154.294938). Anneal status: T=9.58, dE=41.06, candidate was rejected
Itr 19, LL= -4494685.134914 (145.587672). Anneal status: T=9.58, dE=68.12, candidate was rejected
Itr 20, LL= -4494021.327127 (147.687272). Anneal status: T=8.51, dE=35.15, candidate was rejected
Itr 21, LL= -4493249.551048 (171.733960). Anneal status: T=8.51, dE=9.62, candidate was rejected
Itr 22, LL= -4492477.164528 (171.899315). Anneal status: T=8.51, dE=70.21, candidate was rejected
Itr 23, LL= -4491916.463494 (124.808878). Anneal status: T=8.51, dE=31.31, candidate was rejected
Itr 24, LL= -4491584.384800 (73.928066). Anneal status: T=8.51, dE=41.29, candidate was rejected
Itr 25, LL= -4491333.113885 (55.942601). Anneal status: T=7.45, dE=41.25, candidate was rejected
Itr 26, LL= -4491089.138469 (54.321381). Anneal status: T=7.45, dE=57.94, candidate was rejected
Itr 27, LL= -4490889.326587 (44.490740). Anneal status: T=7.45, dE=17.90, candidate was rejected
Itr 28, LL= -4490736.018380 (34.137605). Anneal status: T=7.45, dE=32.59, candidate was rejected
Itr 29, LL= -4490504.148537 (51.632927). Anneal status: T=7.45, dE=50.21, candidate was rejected
Itr 30, LL= -4490341.208913 (36.285374). Anneal status: T=6.39, dE=38.87, candidate was rejected
Itr 31, LL= -4490229.529980 (24.870924). Anneal status: T=6.39, dE=39.67, candidate was rejected
Itr 32, LL= -4490104.067344 (27.941252). Anneal status: T=6.39, dE=23.39, candidate was rejected
Itr 33, LL= -4489963.057119 (31.404667). Anneal status: T=6.39, dE=38.01, candidate was rejected
Itr 34, LL= -4489848.981138 (25.406886). Anneal status: T=6.39, dE=50.46, candidate was rejected
Itr 35, LL= -4489753.959250 (21.163716). Anneal status: T=5.32, dE=22.93, candidate was rejected
Itr 36, LL= -4489662.012995 (20.479130). Anneal status: T=5.32, dE=88.55, candidate was rejected
Itr 37, LL= -4489590.139539 (16.008656). Anneal status: T=5.32, dE=51.39, candidate was rejected
Itr 38, LL= -4489522.495227 (15.066924). Anneal status: T=5.32, dE=25.97, candidate was rejected
Itr 39, LL= -4489452.947028 (15.491224). Anneal status: T=5.32, dE=29.83, candidate was rejected
Itr 40, LL= -4489398.039175 (12.230411). Anneal status: T=4.26, dE=34.62, candidate was rejected
Itr 41, LL= -4489336.777167 (13.645929). Anneal status: T=4.26, dE=79.02, candidate was rejected
Itr 42, LL= -4489264.991643 (15.990229). Anneal status: T=4.26, dE=52.16, candidate was rejected
Itr 43, LL= -4489191.128510 (16.453280). Anneal status: T=4.26, dE=29.22, candidate was rejected
Itr 44, LL= -4489132.927824 (12.964626). Anneal status: T=4.26, dE=15.07, candidate was rejected
Itr 45, LL= -4489061.510819 (15.908864). Anneal status: T=3.19, dE=93.70, candidate was rejected
Itr 46, LL= -4489013.783994 (10.631805). Anneal status: T=3.19, dE=44.73, candidate was rejected
Itr 47, LL= -4488973.811055 (8.904615). Anneal status: T=3.19, dE=28.24, candidate was rejected
Itr 48, LL= -4488935.950607 (8.434099). Anneal status: T=3.19, dE=72.66, candidate was rejected
Itr 49, LL= -4488895.506623 (9.009704). Anneal status: T=3.19, dE=37.10, candidate was rejected
Itr 50, LL= -4488835.925873 (13.272920). Anneal status: T=2.13, dE=6.51, candidate was rejected
Itr 51, LL= -4488777.875082 (12.932259). Anneal status: T=2.13, dE=44.59, candidate was rejected
Itr 52, LL= -4488746.207140 (7.054914). Anneal status: T=2.13, dE=16.33, candidate was rejected
Itr 53, LL= -4488699.838557 (10.329963). Anneal status: T=2.13, dE=29.85, candidate was rejected
Itr 54, LL= -4488662.442114 (8.331242). Anneal status: T=2.13, dE=26.29, candidate was rejected
Itr 55, LL= -4488621.671725 (9.082971). Anneal status: T=1.06, dE=51.49, candidate was rejected
Itr 56, LL= -4488591.716445 (6.673603). Anneal status: T=1.06, dE=33.81, candidate was rejected
Itr 57, LL= -4488565.260276 (5.894091). Anneal status: T=1.06, dE=53.51, candidate was rejected
Itr 58, LL= -4488518.754490 (10.360947). Anneal status: T=1.06, dE=49.35, candidate was rejected
Itr 59, LL= -4488484.422507 (7.648845). Anneal status: T=1.06, dE=90.45, candidate was rejected
Itr 60, LL= -4488458.020998 (5.882054). Anneal status: T=0.00, dE=64.91, candidate was rejected
Itr 61, LL= -4488420.825996 (8.286811). Anneal status: T=0.00, dE=39.01, candidate was rejected
Itr 62, LL= -4488391.252027 (6.588947). Anneal status: T=0.00, dE=31.85, candidate was rejected
Itr 63, LL= -4488369.924285 (4.751756). Anneal status: T=0.00, dE=76.58, candidate was rejected
Itr 64, LL= -4488330.631082 (8.754449). Anneal status: T=0.00, dE=53.95, candidate was rejected
Itr 65, LL= -4488293.302543 (8.316798). Anneal status: T=0.00, dE=62.39, candidate was rejected
Itr 66, LL= -4488256.726522 (8.149205). Anneal status: T=0.00, dE=50.30, candidate was rejected
Itr 67, LL= -4488221.220477 (7.910877). Anneal status: T=0.00, dE=71.74, candidate was rejected
Itr 68, LL= -4488202.278905 (4.220285). Anneal status: T=0.00, dE=65.14, candidate was rejected
Itr 69, LL= -4488186.393812 (3.539300). Anneal status: T=0.00, dE=57.17, candidate was rejected
Itr 70, LL= -4488166.674514 (4.393600). Anneal status: T=0.00, dE=31.10, candidate was rejected
Itr 71, LL= -4488133.696206 (7.347835). Anneal status: T=0.00, dE=36.73, candidate was rejected
Itr 72, LL= -4488101.111480 (7.260195). Anneal status: T=0.00, dE=38.05, candidate was rejected
Itr 73, LL= -4488056.988237 (9.831161). Anneal status: T=0.00, dE=53.32, candidate was rejected
Itr 74, LL= -4488036.225271 (4.626271). Anneal status: T=0.00, dE=61.76, candidate was rejected
Itr 75, LL= -4488013.374484 (5.091489). Anneal status: T=0.00, dE=54.27, candidate was rejected
Itr 76, LL= -4487993.358392 (4.459900). Anneal status: T=0.00, dE=104.62, candidate was rejected
Itr 77, LL= -4487975.670338 (3.941194). Anneal status: T=0.00, dE=42.23, candidate was rejected
Itr 78, LL= -4487960.941674 (3.281806). Anneal status: T=0.00, dE=48.21, candidate was rejected
Itr 79, LL= -4487944.666912 (3.626316). Anneal status: T=0.00, dE=32.56, candidate was rejected
Itr 80, LL= -4487921.766516 (5.102647). Anneal status: T=0.00, dE=79.78, candidate was rejected
Itr 81, LL= -4487883.884456 (8.440891). Anneal status: T=0.00, dE=48.57, candidate was rejected
Itr 82, LL= -4487862.951829 (4.664253). Anneal status: T=0.00, dE=43.49, candidate was rejected
Itr 83, LL= -4487847.951265 (3.342474). Anneal status: T=0.00, dE=40.21, candidate was rejected
Itr 84, LL= -4487825.042504 (5.104621). Anneal status: T=0.00, dE=29.86, candidate was rejected
Itr 85, LL= -4487793.488020 (7.031131). Anneal status: T=0.00, dE=72.03, candidate was rejected
Itr 86, LL= -4487775.202642 (4.074470). Anneal status: T=0.00, dE=67.22, candidate was rejected
Itr 87, LL= -4487759.205603 (3.564581). Anneal status: T=0.00, dE=30.66, candidate was rejected
Itr 88, LL= -4487740.315633 (4.209221). Anneal status: T=0.00, dE=124.13, candidate was rejected
Itr 89, LL= -4487728.874769 (2.549360). Anneal status: T=0.00, dE=62.20, candidate was rejected
Itr 90, LL= -4487701.561561 (6.086198). Anneal status: T=0.00, dE=28.09, candidate was rejected
Itr 91, LL= -4487683.371489 (4.053316). Anneal status: T=0.00, dE=63.15, candidate was rejected
Itr 92, LL= -4487672.072675 (2.517739). Anneal status: T=0.00, dE=91.52, candidate was rejected
Itr 93, LL= -4487661.568215 (2.340737). Anneal status: T=0.00, dE=26.49, candidate was rejected
Itr 94, LL= -4487649.951147 (2.588668). Anneal status: T=0.00, dE=30.58, candidate was rejected
Itr 95, LL= -4487628.243620 (4.837170). Anneal status: T=0.00, dE=22.11, candidate was rejected
Itr 96, LL= -4487613.552901 (3.273604). Anneal status: T=0.00, dE=34.64, candidate was rejected
Itr 97, LL= -4487603.185729 (2.310175). Anneal status: T=0.00, dE=31.91, candidate was rejected
Itr 98, LL= -4487596.148347 (1.568183). Anneal status: T=0.00, dE=50.92, candidate was rejected
Itr 99, LL= -4487577.953857 (4.054395). Anneal status: T=0.00, dE=63.37, candidate was rejected
Itr 100, LL= -4487562.510231 (3.441417). Anneal status: T=0.00, dE=14.38, candidate was rejected
Itr 101, LL= -4487542.630465 (4.429970). Anneal status: T=0.00, dE=45.08, candidate was rejected
Itr 102, LL= -4487530.221980 (2.765096). Anneal status: T=0.00, dE=81.16, candidate was rejected
Itr 103, LL= -4487521.558242 (1.930625). Anneal status: T=0.00, dE=89.41, candidate was rejected
Itr 104, LL= -4487513.202814 (1.861925). Anneal status: T=0.00, dE=56.81, candidate was rejected
Itr 105, LL= -4487502.921408 (2.291114). Anneal status: T=0.00, dE=38.74, candidate was rejected
Itr 106, LL= -4487490.113114 (2.854214). Anneal status: T=0.00, dE=53.25, candidate was rejected
Itr 107, LL= -4487473.094918 (3.792364). Anneal status: T=0.00, dE=58.24, candidate was rejected
Itr 108, LL= -4487447.732609 (5.651802). Anneal status: T=0.00, dE=42.09, candidate was rejected
Itr 109, LL= -4487433.211518 (3.235935). Anneal status: T=0.00, dE=41.26, candidate was rejected
Itr 110, LL= -4487426.969457 (1.391009). Anneal status: T=0.00, dE=28.80, candidate was rejected
Itr 111, LL= -4487423.418199 (0.791380). Anneal status: T=0.00, dE=45.24, candidate was rejected
Itr 112, LL= -4487418.673904 (1.057243). Anneal status: T=0.00, dE=66.71, candidate was rejected
Itr 113, LL= -4487413.170816 (1.226337). Anneal status: T=0.00, dE=32.34, candidate was rejected
Itr 114, LL= -4487397.420661 (3.509852). Anneal status: T=0.00, dE=70.02, candidate was rejected
Itr 115, LL= -4487380.801471 (3.703525). Anneal status: T=0.00, dE=25.54, candidate was rejected
Itr 116, LL= -4487374.474024 (1.410054). Anneal status: T=0.00, dE=44.03, candidate was rejected
Itr 117, LL= -4487368.137723 (1.412029). Anneal status: T=0.00, dE=97.13, candidate was rejected
Itr 118, LL= -4487358.447432 (2.159460). Anneal status: T=0.00, dE=63.51, candidate was rejected
Itr 119, LL= -4487352.367264 (1.354955). Anneal status: T=0.00, dE=28.60, candidate was rejected
Itr 120, LL= -4487340.308873 (2.687195). Anneal status: T=0.00, dE=44.33, candidate was rejected
Itr 121, LL= -4487332.502341 (1.739679). Anneal status: T=0.00, dE=72.63, candidate was rejected
Itr 122, LL= -4487326.657626 (1.302492). Anneal status: T=0.00, dE=61.19, candidate was rejected
Itr 123, LL= -4487320.823987 (1.300026). Anneal status: T=0.00, dE=26.86, candidate was rejected
Itr 124, LL= -4487315.091299 (1.277530). Anneal status: T=0.00, dE=52.48, candidate was rejected
Itr 125, LL= -4487303.446430 (2.595064). Anneal status: T=0.00, dE=61.47, candidate was rejected
Itr 126, LL= -4487278.436881 (5.573403). Anneal status: T=0.00, dE=28.64, candidate was rejected
Itr 127, LL= -4487256.566929 (4.873768). Anneal status: T=0.00, dE=28.62, candidate was rejected
Itr 128, LL= -4487238.710504 (3.979363). Anneal status: T=0.00, dE=35.66, candidate was rejected
Itr 129, LL= -4487233.012935 (1.269727). Anneal status: T=0.00, dE=31.96, candidate was rejected
Itr 130, LL= -4487227.817162 (1.157901). Anneal status: T=0.00, dE=25.61, candidate was rejected
Itr 131, LL= -4487220.176003 (1.702868). Anneal status: T=0.00, dE=81.93, candidate was rejected
Itr 132, LL= -4487214.820785 (1.193438). Anneal status: T=0.00, dE=55.14, candidate was rejected
Itr 133, LL= -4487200.602143 (3.168701). Anneal status: T=0.00, dE=74.02, candidate was rejected
Itr 134, LL= -4487193.661421 (1.546782). Anneal status: T=0.00, dE=25.97, candidate was rejected
Itr 135, LL= -4487186.950312 (1.495614). Anneal status: T=0.00, dE=29.35, candidate was rejected
Itr 136, LL= -4487182.474138 (0.997545). Anneal status: T=0.00, dE=33.45, candidate was rejected
Itr 137, LL= -4487180.303854 (0.483663). Anneal status: T=0.00, dE=37.80, candidate was rejected
Itr 138, LL= -4487172.677449 (1.699599). Anneal status: T=0.00, dE=32.62, candidate was rejected
Itr 139, LL= -4487164.316394 (1.863324). Anneal status: T=0.00, dE=70.77, candidate was rejected
Itr 140, LL= -4487159.253461 (1.128315). Anneal status: T=0.00, dE=30.67, candidate was rejected
Itr 141, LL= -4487154.664162 (1.022763). Anneal status: T=0.00, dE=71.69, candidate was rejected
Itr 142, LL= -4487151.519599 (0.700792). Anneal status: T=0.00, dE=51.62, candidate was rejected
Itr 143, LL= -4487145.996637 (1.230839). Anneal status: T=0.00, dE=76.02, candidate was rejected
Itr 144, LL= -4487141.650860 (0.968495). Anneal status: T=0.00, dE=63.07, candidate was rejected
Itr 145, LL= -4487136.946687 (1.048368). Anneal status: T=0.00, dE=37.10, candidate was rejected
Itr 146, LL= -4487131.512334 (1.211096). Anneal status: T=0.00, dE=54.17, candidate was rejected
Itr 147, LL= -4487127.053737 (0.993641). Anneal status: T=0.00, dE=98.90, candidate was rejected
Itr 148, LL= -4487122.055730 (1.113855). Anneal status: T=0.00, dE=40.68, candidate was rejected
Itr 149, LL= -4487106.378686 (3.493786). Anneal status: T=0.00, dE=42.24, candidate was rejected
Itr 150, LL= -4487099.021535 (1.639620). Anneal status: T=0.00, dE=74.06, candidate was rejected
Itr 151, LL= -4487095.673266 (0.746199). Anneal status: T=0.00, dE=59.53, candidate was rejected
Itr 152, LL= -4487092.651039 (0.673537). Anneal status: T=0.00, dE=54.20, candidate was rejected
Itr 153, LL= -4487085.770559 (1.533394). Anneal status: T=0.00, dE=85.81, candidate was rejected
Itr 154, LL= -4487081.393723 (0.975430). Anneal status: T=0.00, dE=42.10, candidate was rejected
Itr 155, LL= -4487068.755862 (2.816499). Anneal status: T=0.00, dE=24.35, candidate was rejected
Itr 156, LL= -4487058.926455 (2.190608). Anneal status: T=0.00, dE=21.24, candidate was rejected
Itr 157, LL= -4487054.944138 (0.887512). Anneal status: T=0.00, dE=37.32, candidate was rejected
Itr 158, LL= -4487051.602813 (0.744659). Anneal status: T=0.00, dE=55.46, candidate was rejected
Itr 159, LL= -4487045.083175 (1.452989). Anneal status: T=0.00, dE=61.29, candidate was rejected
Itr 160, LL= -4487035.313892 (2.177220). Anneal status: T=0.00, dE=52.58, candidate was rejected
Itr 161, LL= -4487023.962594 (2.529799). Anneal status: T=0.00, dE=16.78, candidate was rejected
Itr 162, LL= -4487012.096003 (2.644646). Anneal status: T=0.00, dE=35.88, candidate was rejected
Itr 163, LL= -4487008.081169 (0.894768). Anneal status: T=0.00, dE=106.57, candidate was rejected
Itr 164, LL= -4487004.184244 (0.868491). Anneal status: T=0.00, dE=74.58, candidate was rejected
Itr 165, LL= -4487000.738890 (0.767852). Anneal status: T=0.00, dE=36.42, candidate was rejected
-- Annealing statistics:
Portion of times candidate was better: 0.000000
Portion of times candidate was chosen by chance: 0.000000
--
>> 