My SLURM_ARRAY_TASK_ID:  19

                            < M A T L A B (R) >
                  Copyright 1984-2014 The MathWorks, Inc.
                   R2014b (8.4.0.150421) 64-bit (glnxa64)
                             September 15, 2014

 
For online documentation, see http://www.mathworks.com/support
For product information, visit www.mathworks.com.
 
EM for 19 states, 131 emission nodes. 22 observed values.
            gibbs: 0
    nGibbsItrPcnt: 0.8000
     annealParams: {}
           maxItr: 500
      convergeEps: 1.0000e-06
           minItr: 5
       parametric: 0
        initprobs: []
      persistBias: 0
          obsVals: []

- Initalized simulated annealing with params:
                     type: 'linear'
    max_chance_accpetance: 0.2000
             min_duration: 5
        min_init_duration: 5
             max_duration: 11
              converge_th: 1.0000e-06

--
Itr 1, LL= -16428122.147601 (Inf). Anneal status: T=NaN, dE=-1168.90, collecting statistics
Itr 2, LL= -4784969.889414 (Inf). Anneal status: T=NaN, dE=-386.55, collecting statistics
Itr 3, LL= -4661858.923626 (Inf). Anneal status: T=NaN, dE=-534.78, collecting statistics
Itr 4, LL= -4584030.383933 (16694.743657). Anneal status: T=NaN, dE=-68.11, collecting statistics
Itr 5, LL= -4554805.535454 (6375.360988). Anneal status: T=NaN, dE=33.56, collecting statistics
Itr 6, LL= -4540756.866416 (3084.361984). Anneal status: T=NaN, dE=-1.22, collecting statistics
Itr 7, LL= -4533251.349439 (1652.922012). Anneal status: T=NaN, dE=56.77, collecting statistics
Itr 8, LL= -4529170.380086 (900.230108). Anneal status: T=NaN, dE=87.27, collecting statistics
Itr 9, LL= -4526778.394453 (528.128870). Anneal status: T=12.73, dE=20.95, candidate was rejected
Itr 10, LL= -4525166.344061 (356.114272). Anneal status: T=12.73, dE=51.56, candidate was rejected
Itr 11, LL= -4524079.580888 (240.159829). Anneal status: T=12.73, dE=34.34, candidate was rejected
Itr 12, LL= -4523297.628710 (172.842269). Anneal status: T=12.73, dE=34.29, candidate was rejected
Itr 13, LL= -4522658.784970 (141.234071). Anneal status: T=12.73, dE=13.71, candidate was chosen by chance
Itr 14, LL= -4522078.506055 (128.304819). Anneal status: T=11.46, dE=57.17, candidate was rejected
Itr 15, LL= -4521637.282913 (97.570872). Anneal status: T=11.46, dE=103.26, candidate was rejected
Itr 16, LL= -4521253.123220 (84.960307). Anneal status: T=11.46, dE=100.15, candidate was rejected
Itr 17, LL= -4520961.399807 (64.522690). Anneal status: T=11.46, dE=31.53, candidate was rejected
Itr 18, LL= -4520722.831400 (52.769397). Anneal status: T=11.46, dE=38.09, candidate was rejected
Itr 19, LL= -4520546.260576 (39.058095). Anneal status: T=10.19, dE=39.46, candidate was rejected
Itr 20, LL= -4520349.283363 (43.573763). Anneal status: T=10.19, dE=47.69, candidate was rejected
Itr 21, LL= -4520167.113287 (40.300000). Anneal status: T=10.19, dE=23.56, candidate was rejected
Itr 22, LL= -4519993.339138 (38.444187). Anneal status: T=10.19, dE=66.99, candidate was rejected
Itr 23, LL= -4519838.805589 (34.188889). Anneal status: T=10.19, dE=76.06, candidate was rejected
Itr 24, LL= -4519689.893169 (32.946401). Anneal status: T=8.91, dE=176.50, candidate was rejected
Itr 25, LL= -4519537.227199 (33.777974). Anneal status: T=8.91, dE=41.24, candidate was rejected
Itr 26, LL= -4519387.038976 (33.230885). Anneal status: T=8.91, dE=39.21, candidate was rejected
Itr 27, LL= -4519223.047982 (36.286114). Anneal status: T=8.91, dE=53.04, candidate was rejected
Itr 28, LL= -4519075.273123 (32.699174). Anneal status: T=8.91, dE=24.55, candidate was rejected
Itr 29, LL= -4518929.672401 (32.219141). Anneal status: T=7.64, dE=64.13, candidate was rejected
Itr 30, LL= -4518770.509687 (35.221330). Anneal status: T=7.64, dE=9.51, candidate was rejected
Itr 31, LL= -4518616.763350 (34.023931). Anneal status: T=7.64, dE=45.82, candidate was rejected
Itr 32, LL= -4518439.705028 (39.184186). Anneal status: T=7.64, dE=42.00, candidate was rejected
Itr 33, LL= -4518277.634246 (35.868750). Anneal status: T=7.64, dE=121.85, candidate was rejected
Itr 34, LL= -4518107.489845 (37.656916). Anneal status: T=6.37, dE=21.50, candidate was rejected
Itr 35, LL= -4517936.924648 (37.751470). Anneal status: T=6.37, dE=99.43, candidate was rejected
Itr 36, LL= -4517779.440768 (34.857476). Anneal status: T=6.37, dE=27.45, candidate was rejected
Itr 37, LL= -4517649.975712 (28.656790). Anneal status: T=6.37, dE=31.61, candidate was rejected
Itr 38, LL= -4517504.784147 (32.138737). Anneal status: T=6.37, dE=27.67, candidate was rejected
Itr 39, LL= -4517345.489086 (35.261736). Anneal status: T=5.09, dE=37.06, candidate was rejected
Itr 40, LL= -4517248.976419 (21.364907). Anneal status: T=5.09, dE=81.39, candidate was rejected
Itr 41, LL= -4517140.664562 (23.977394). Anneal status: T=5.09, dE=18.79, candidate was rejected
Itr 42, LL= -4517013.806387 (28.083734). Anneal status: T=5.09, dE=25.09, candidate was rejected
Itr 43, LL= -4516859.830708 (34.087936). Anneal status: T=5.09, dE=29.92, candidate was rejected
Itr 44, LL= -4516751.153781 (24.060283). Anneal status: T=3.82, dE=26.83, candidate was rejected
Itr 45, LL= -4516665.595141 (18.942518). Anneal status: T=3.82, dE=31.47, candidate was rejected
Itr 46, LL= -4516598.412424 (14.874406). Anneal status: T=3.82, dE=87.49, candidate was rejected
Itr 47, LL= -4516527.870921 (15.618281). Anneal status: T=3.82, dE=37.76, candidate was rejected
Itr 48, LL= -4516451.414294 (16.928187). Anneal status: T=3.82, dE=20.44, candidate was rejected
Itr 49, LL= -4516394.632658 (12.572179). Anneal status: T=2.55, dE=18.92, candidate was rejected
Itr 50, LL= -4516334.922971 (13.220653). Anneal status: T=2.55, dE=146.27, candidate was rejected
Itr 51, LL= -4516260.591359 (16.458392). Anneal status: T=2.55, dE=68.93, candidate was rejected
Itr 52, LL= -4516212.001066 (10.758966). Anneal status: T=2.55, dE=36.93, candidate was rejected
Itr 53, LL= -4516150.347464 (13.651618). Anneal status: T=2.55, dE=44.90, candidate was rejected
Itr 54, LL= -4516095.464272 (12.152650). Anneal status: T=1.27, dE=50.42, candidate was rejected
Itr 55, LL= -4516050.561240 (9.942888). Anneal status: T=1.27, dE=45.44, candidate was rejected
Itr 56, LL= -4516012.116455 (8.512922). Anneal status: T=1.27, dE=20.62, candidate was rejected
Itr 57, LL= -4515976.947041 (7.787715). Anneal status: T=1.27, dE=13.49, candidate was rejected
Itr 58, LL= -4515940.787346 (8.007059). Anneal status: T=1.27, dE=29.27, candidate was rejected
Itr 59, LL= -4515904.143702 (8.114288). Anneal status: T=0.00, dE=40.64, candidate was rejected
Itr 60, LL= -4515854.344889 (11.027429). Anneal status: T=0.00, dE=24.71, candidate was rejected
Itr 61, LL= -4515825.685180 (6.346464). Anneal status: T=0.00, dE=45.12, candidate was rejected
Itr 62, LL= -4515783.556086 (9.329212). Anneal status: T=0.00, dE=20.86, candidate was rejected
Itr 63, LL= -4515747.400724 (8.006443). Anneal status: T=0.00, dE=37.87, candidate was rejected
Itr 64, LL= -4515718.637038 (6.369640). Anneal status: T=0.00, dE=91.16, candidate was rejected
Itr 65, LL= -4515683.198639 (7.847787). Anneal status: T=0.00, dE=14.67, candidate was rejected
Itr 66, LL= -4515642.593099 (8.992114). Anneal status: T=0.00, dE=23.02, candidate was rejected
Itr 67, LL= -4515623.829937 (4.155148). Anneal status: T=0.00, dE=39.55, candidate was rejected
Itr 68, LL= -4515609.491887 (3.175209). Anneal status: T=0.00, dE=114.25, candidate was rejected
Itr 69, LL= -4515595.911849 (3.007354). Anneal status: T=0.00, dE=91.41, candidate was rejected
Itr 70, LL= -4515570.979303 (5.521430). Anneal status: T=0.00, dE=88.24, candidate was rejected
Itr 71, LL= -4515543.708247 (6.039337). Anneal status: T=0.00, dE=66.19, candidate was rejected
Itr 72, LL= -4515518.641479 (5.551218). Anneal status: T=0.00, dE=53.53, candidate was rejected
Itr 73, LL= -4515500.964392 (3.914741). Anneal status: T=0.00, dE=53.67, candidate was rejected
Itr 74, LL= -4515476.309863 (5.459976). Anneal status: T=0.00, dE=80.04, candidate was rejected
Itr 75, LL= -4515463.145376 (2.915415). Anneal status: T=0.00, dE=73.42, candidate was rejected
Itr 76, LL= -4515452.270172 (2.408436). Anneal status: T=0.00, dE=38.22, candidate was rejected
Itr 77, LL= -4515443.502884 (1.941619). Anneal status: T=0.00, dE=150.18, candidate was rejected
Itr 78, LL= -4515433.999521 (2.104636). Anneal status: T=0.00, dE=34.34, candidate was rejected
Itr 79, LL= -4515397.970695 (7.979039). Anneal status: T=0.00, dE=36.85, candidate was rejected
Itr 80, LL= -4515385.526764 (2.755888). Anneal status: T=0.00, dE=86.09, candidate was rejected
Itr 81, LL= -4515380.212431 (1.176939). Anneal status: T=0.00, dE=22.60, candidate was rejected
Itr 82, LL= -4515368.533771 (2.586418). Anneal status: T=0.00, dE=31.45, candidate was rejected
Itr 83, LL= -4515354.762607 (3.049843). Anneal status: T=0.00, dE=62.91, candidate was rejected
Itr 84, LL= -4515348.089141 (1.477949). Anneal status: T=0.00, dE=81.52, candidate was rejected
Itr 85, LL= -4515342.769126 (1.178207). Anneal status: T=0.00, dE=72.50, candidate was rejected
Itr 86, LL= -4515338.860537 (0.865624). Anneal status: T=0.00, dE=79.07, candidate was rejected
Itr 87, LL= -4515335.988282 (0.636110). Anneal status: T=0.00, dE=35.89, candidate was rejected
Itr 88, LL= -4515327.594051 (1.859049). Anneal status: T=0.00, dE=35.45, candidate was rejected
Itr 89, LL= -4515313.882800 (3.036602). Anneal status: T=0.00, dE=51.32, candidate was rejected
Itr 90, LL= -4515307.171522 (1.486337). Anneal status: T=0.00, dE=23.26, candidate was rejected
Itr 91, LL= -4515299.680605 (1.659005). Anneal status: T=0.00, dE=104.40, candidate was rejected
Itr 92, LL= -4515290.411986 (2.052714). Anneal status: T=0.00, dE=19.68, candidate was rejected
Itr 93, LL= -4515279.141569 (2.496056). Anneal status: T=0.00, dE=45.78, candidate was rejected
Itr 94, LL= -4515268.763846 (2.298357). Anneal status: T=0.00, dE=43.86, candidate was rejected
Itr 95, LL= -4515264.053908 (1.043114). Anneal status: T=0.00, dE=70.41, candidate was rejected
Itr 96, LL= -4515231.490933 (7.211754). Anneal status: T=0.00, dE=92.13, candidate was rejected
Itr 97, LL= -4515200.646725 (6.831147). Anneal status: T=0.00, dE=116.84, candidate was rejected
Itr 98, LL= -4515186.794266 (3.067961). Anneal status: T=0.00, dE=58.55, candidate was rejected
Itr 99, LL= -4515181.421122 (1.190016). Anneal status: T=0.00, dE=48.55, candidate was rejected
Itr 100, LL= -4515177.565950 (0.853824). Anneal status: T=0.00, dE=84.98, candidate was rejected
Itr 101, LL= -4515175.249706 (0.512991). Anneal status: T=0.00, dE=60.76, candidate was rejected
Itr 102, LL= -4515173.089378 (0.478459). Anneal status: T=0.00, dE=33.83, candidate was rejected
-- Annealing statistics:
Portion of times candidate was better: 0.000000
Portion of times candidate was chosen by chance: 0.009804
--
EM for 19 states, 131 emission nodes. 22 observed values.
            gibbs: 0
    nGibbsItrPcnt: 0.8000
     annealParams: {}
           maxItr: 500
      convergeEps: 1.0000e-06
           minItr: 5
       parametric: 0
        initprobs: []
      persistBias: 0
          obsVals: []

- Initalized simulated annealing with params:
                     type: 'linear'
    max_chance_accpetance: 0.2000
             min_duration: 5
        min_init_duration: 5
             max_duration: 11
              converge_th: 1.0000e-06

--
Itr 1, LL= -16446175.105037 (Inf). Anneal status: T=NaN, dE=83.06, collecting statistics
Itr 2, LL= -4785152.924014 (Inf). Anneal status: T=NaN, dE=-736.84, collecting statistics
Itr 3, LL= -4679234.710166 (Inf). Anneal status: T=NaN, dE=-797.20, collecting statistics
Itr 4, LL= -4599368.535255 (17068.213043). Anneal status: T=NaN, dE=-162.36, collecting statistics
Itr 5, LL= -4572263.259982 (5893.260143). Anneal status: T=NaN, dE=1.42, collecting statistics
Itr 6, LL= -4559384.716364 (2816.667127). Anneal status: T=NaN, dE=82.74, collecting statistics
Itr 7, LL= -4553500.870728 (1290.491152). Anneal status: T=2.50, dE=19.12, candidate was rejected
Itr 8, LL= -4550268.228276 (709.924637). Anneal status: T=2.50, dE=12.39, candidate was rejected
Itr 9, LL= -4547763.177135 (550.528236). Anneal status: T=2.50, dE=56.25, candidate was rejected
Itr 10, LL= -4545459.761273 (506.494242). Anneal status: T=2.50, dE=28.62, candidate was rejected
Itr 11, LL= -4543225.421802 (491.554120). Anneal status: T=2.50, dE=20.22, candidate was rejected
Itr 12, LL= -4541182.514699 (449.660079). Anneal status: T=2.25, dE=49.11, candidate was rejected
Itr 13, LL= -4539342.552402 (405.172505). Anneal status: T=2.25, dE=57.97, candidate was rejected
Itr 14, LL= -4537853.234761 (328.091045). Anneal status: T=2.25, dE=29.31, candidate was rejected
Itr 15, LL= -4536775.120365 (237.582474). Anneal status: T=2.25, dE=49.91, candidate was rejected
Itr 16, LL= -4535869.074339 (199.711469). Anneal status: T=2.25, dE=43.70, candidate was rejected
Itr 17, LL= -4535099.811185 (169.595538). Anneal status: T=2.00, dE=49.21, candidate was rejected
Itr 18, LL= -4534508.800922 (130.319130). Anneal status: T=2.00, dE=69.63, candidate was rejected
Itr 19, LL= -4534044.669266 (102.355443). Anneal status: T=2.00, dE=13.37, candidate was rejected
Itr 20, LL= -4533668.235259 (83.023886). Anneal status: T=2.00, dE=57.08, candidate was rejected
Itr 21, LL= -4533348.312915 (70.565892). Anneal status: T=2.00, dE=37.75, candidate was rejected
Itr 22, LL= -4533068.429972 (61.738681). Anneal status: T=1.75, dE=35.15, candidate was rejected
Itr 23, LL= -4532806.260802 (57.834814). Anneal status: T=1.75, dE=14.49, candidate was rejected
Itr 24, LL= -4532542.425868 (58.205650). Anneal status: T=1.75, dE=7.22, candidate was rejected
Itr 25, LL= -4532310.733957 (51.117428). Anneal status: T=1.75, dE=87.96, candidate was rejected
Itr 26, LL= -4532056.944139 (55.995679). Anneal status: T=1.75, dE=12.54, candidate was rejected
Itr 27, LL= -4531734.343729 (71.181897). Anneal status: T=1.50, dE=33.99, candidate was rejected
Itr 28, LL= -4531403.038945 (73.107724). Anneal status: T=1.50, dE=18.26, candidate was rejected
Itr 29, LL= -4531118.613158 (62.767709). Anneal status: T=1.50, dE=33.58, candidate was rejected
Itr 30, LL= -4530771.031327 (76.709939). Anneal status: T=1.50, dE=19.58, candidate was rejected
Itr 31, LL= -4530454.202231 (69.928296). Anneal status: T=1.50, dE=21.45, candidate was rejected
Itr 32, LL= -4530216.636866 (52.437428). Anneal status: T=1.25, dE=33.22, candidate was rejected
Itr 33, LL= -4529989.491079 (50.140160). Anneal status: T=1.25, dE=54.72, candidate was rejected
Itr 34, LL= -4529731.305657 (56.994707). Anneal status: T=1.25, dE=13.83, candidate was rejected
Itr 35, LL= -4529521.699075 (46.273513). Anneal status: T=1.25, dE=35.67, candidate was rejected
Itr 36, LL= -4529348.231990 (38.296998). Anneal status: T=1.25, dE=26.58, candidate was rejected
Itr 37, LL= -4529181.088265 (36.902379). Anneal status: T=1.00, dE=55.40, candidate was rejected
Itr 38, LL= -4529038.251598 (31.536974). Anneal status: T=1.00, dE=49.44, candidate was rejected
Itr 39, LL= -4528857.981689 (39.803132). Anneal status: T=1.00, dE=75.09, candidate was rejected
Itr 40, LL= -4528585.272008 (60.215993). Anneal status: T=1.00, dE=29.00, candidate was rejected
Itr 41, LL= -4528380.764439 (45.159262). Anneal status: T=1.00, dE=57.11, candidate was rejected
Itr 42, LL= -4528205.857616 (38.624584). Anneal status: T=0.75, dE=47.93, candidate was rejected
Itr 43, LL= -4527987.659591 (48.186419). Anneal status: T=0.75, dE=99.96, candidate was rejected
Itr 44, LL= -4527778.587805 (46.173224). Anneal status: T=0.75, dE=72.57, candidate was rejected
Itr 45, LL= -4527586.171581 (42.496827). Anneal status: T=0.75, dE=79.72, candidate was rejected
Itr 46, LL= -4527440.160171 (32.249283). Anneal status: T=0.75, dE=32.25, candidate was rejected
Itr 47, LL= -4527304.352132 (29.996650). Anneal status: T=0.50, dE=48.85, candidate was rejected
Itr 48, LL= -4527137.503917 (36.853766). Anneal status: T=0.50, dE=21.26, candidate was rejected
Itr 49, LL= -4526950.984952 (41.200199). Anneal status: T=0.50, dE=118.47, candidate was rejected
Itr 50, LL= -4526796.641617 (34.094324). Anneal status: T=0.50, dE=28.74, candidate was rejected
Itr 51, LL= -4526658.915717 (30.424583). Anneal status: T=0.50, dE=135.03, candidate was rejected
Itr 52, LL= -4526547.810995 (24.544531). Anneal status: T=0.25, dE=57.17, candidate was rejected
Itr 53, LL= -4526441.621629 (23.459239). Anneal status: T=0.25, dE=47.19, candidate was rejected
Itr 54, LL= -4526372.121589 (15.354233). Anneal status: T=0.25, dE=15.54, candidate was rejected
Itr 55, LL= -4526291.483262 (17.815223). Anneal status: T=0.25, dE=86.73, candidate was rejected
Itr 56, LL= -4526187.325220 (23.011784). Anneal status: T=0.25, dE=47.69, candidate was rejected
Itr 57, LL= -4526097.993222 (19.736699). Anneal status: T=0.00, dE=40.14, candidate was rejected
Itr 58, LL= -4526009.022171 (19.657341). Anneal status: T=0.00, dE=34.56, candidate was rejected
Itr 59, LL= -4525912.285304 (21.373547). Anneal status: T=0.00, dE=22.19, candidate was rejected
Itr 60, LL= -4525839.952880 (15.981844). Anneal status: T=0.00, dE=64.32, candidate was rejected
Itr 61, LL= -4525752.174964 (19.394834). Anneal status: T=0.00, dE=38.09, candidate was rejected
Itr 62, LL= -4525656.592839 (21.119611). Anneal status: T=0.00, dE=29.96, candidate was rejected
Itr 63, LL= -4525587.238638 (15.324671). Anneal status: T=0.00, dE=68.81, candidate was rejected
Itr 64, LL= -4525542.045661 (9.986102). Anneal status: T=0.00, dE=39.53, candidate was rejected
Itr 65, LL= -4525495.735999 (10.232954). Anneal status: T=0.00, dE=33.44, candidate was rejected
Itr 66, LL= -4525449.490380 (10.218907). Anneal status: T=0.00, dE=34.74, candidate was rejected
Itr 67, LL= -4525409.599216 (8.814851). Anneal status: T=0.00, dE=63.35, candidate was rejected
Itr 68, LL= -4525372.108935 (8.284395). Anneal status: T=0.00, dE=30.77, candidate was rejected
Itr 69, LL= -4525328.593462 (9.615888). Anneal status: T=0.00, dE=42.96, candidate was rejected
Itr 70, LL= -4525280.793985 (10.562653). Anneal status: T=0.00, dE=26.15, candidate was rejected
Itr 71, LL= -4525240.070271 (8.999157). Anneal status: T=0.00, dE=93.96, candidate was rejected
Itr 72, LL= -4525204.935397 (7.764201). Anneal status: T=0.00, dE=107.95, candidate was rejected
Itr 73, LL= -4525190.784471 (3.127135). Anneal status: T=0.00, dE=38.72, candidate was rejected
Itr 74, LL= -4525168.161642 (4.999309). Anneal status: T=0.00, dE=28.02, candidate was rejected
Itr 75, LL= -4525136.204651 (7.062056). Anneal status: T=0.00, dE=42.88, candidate was rejected
Itr 76, LL= -4525108.468356 (6.129383). Anneal status: T=0.00, dE=21.78, candidate was rejected
Itr 77, LL= -4525082.704838 (5.693459). Anneal status: T=0.00, dE=27.99, candidate was rejected
Itr 78, LL= -4525054.476812 (6.238124). Anneal status: T=0.00, dE=38.77, candidate was rejected
Itr 79, LL= -4525023.062429 (6.942321). Anneal status: T=0.00, dE=74.18, candidate was rejected
Itr 80, LL= -4524984.425165 (8.538578). Anneal status: T=0.00, dE=38.45, candidate was rejected
Itr 81, LL= -4524957.433084 (5.965121). Anneal status: T=0.00, dE=41.37, candidate was rejected
Itr 82, LL= -4524944.442412 (2.870894). Anneal status: T=0.00, dE=21.07, candidate was rejected
Itr 83, LL= -4524933.740935 (2.364996). Anneal status: T=0.00, dE=63.74, candidate was rejected
Itr 84, LL= -4524917.300335 (3.633335). Anneal status: T=0.00, dE=16.04, candidate was rejected
Itr 85, LL= -4524902.595638 (3.249716). Anneal status: T=0.00, dE=23.59, candidate was rejected
Itr 86, LL= -4524888.840141 (3.039954). Anneal status: T=0.00, dE=58.48, candidate was rejected
Itr 87, LL= -4524855.456509 (7.377779). Anneal status: T=0.00, dE=36.42, candidate was rejected
Itr 88, LL= -4524828.600608 (5.935195). Anneal status: T=0.00, dE=50.82, candidate was rejected
Itr 89, LL= -4524818.681605 (2.192128). Anneal status: T=0.00, dE=85.21, candidate was rejected
Itr 90, LL= -4524795.803808 (5.056069). Anneal status: T=0.00, dE=23.56, candidate was rejected
Itr 91, LL= -4524762.981128 (7.253958). Anneal status: T=0.00, dE=44.77, candidate was rejected
Itr 92, LL= -4524745.669364 (3.826005). Anneal status: T=0.00, dE=44.39, candidate was rejected
Itr 93, LL= -4524733.457860 (2.698827). Anneal status: T=0.00, dE=27.32, candidate was rejected
Itr 94, LL= -4524720.455706 (2.873573). Anneal status: T=0.00, dE=74.32, candidate was rejected
Itr 95, LL= -4524697.597257 (5.051903). Anneal status: T=0.00, dE=56.56, candidate was rejected
Itr 96, LL= -4524685.212405 (2.737167). Anneal status: T=0.00, dE=100.25, candidate was rejected
Itr 97, LL= -4524671.777965 (2.969144). Anneal status: T=0.00, dE=54.61, candidate was rejected
Itr 98, LL= -4524666.787356 (1.102977). Anneal status: T=0.00, dE=31.30, candidate was rejected
Itr 99, LL= -4524656.769889 (2.213968). Anneal status: T=0.00, dE=21.15, candidate was rejected
Itr 100, LL= -4524628.908590 (6.157660). Anneal status: T=0.00, dE=54.03, candidate was rejected
Itr 101, LL= -4524603.259607 (5.668748). Anneal status: T=0.00, dE=10.88, candidate was rejected
Itr 102, LL= -4524562.605017 (8.985228). Anneal status: T=0.00, dE=38.51, candidate was rejected
Itr 103, LL= -4524549.806392 (2.828699). Anneal status: T=0.00, dE=29.27, candidate was rejected
Itr 104, LL= -4524538.276065 (2.548392). Anneal status: T=0.00, dE=9.43, candidate was rejected
Itr 105, LL= -4524514.125942 (5.337588). Anneal status: T=0.00, dE=35.02, candidate was rejected
Itr 106, LL= -4524498.835634 (3.379436). Anneal status: T=0.00, dE=21.88, candidate was rejected
Itr 107, LL= -4524490.269528 (1.893272). Anneal status: T=0.00, dE=104.74, candidate was rejected
Itr 108, LL= -4524482.965390 (1.614356). Anneal status: T=0.00, dE=29.96, candidate was rejected
Itr 109, LL= -4524468.115670 (3.282081). Anneal status: T=0.00, dE=65.01, candidate was rejected
Itr 110, LL= -4524453.207947 (3.294912). Anneal status: T=0.00, dE=19.97, candidate was rejected
Itr 111, LL= -4524446.861463 (1.402707). Anneal status: T=0.00, dE=45.99, candidate was rejected
Itr 112, LL= -4524438.589953 (1.828182). Anneal status: T=0.00, dE=58.33, candidate was rejected
Itr 113, LL= -4524430.183021 (1.858116). Anneal status: T=0.00, dE=57.10, candidate was rejected
Itr 114, LL= -4524423.049796 (1.576602). Anneal status: T=0.00, dE=65.61, candidate was rejected
Itr 115, LL= -4524408.853505 (3.137702). Anneal status: T=0.00, dE=79.97, candidate was rejected
Itr 116, LL= -4524392.071694 (3.709172). Anneal status: T=0.00, dE=9.30, candidate was rejected
Itr 117, LL= -4524377.526064 (3.214936). Anneal status: T=0.00, dE=61.70, candidate was rejected
Itr 118, LL= -4524359.814397 (3.914719). Anneal status: T=0.00, dE=83.62, candidate was rejected
Itr 119, LL= -4524352.313869 (1.657810). Anneal status: T=0.00, dE=40.35, candidate was rejected
Itr 120, LL= -4524340.837916 (2.536485). Anneal status: T=0.00, dE=42.92, candidate was rejected
Itr 121, LL= -4524332.137269 (1.923075). Anneal status: T=0.00, dE=91.40, candidate was rejected
Itr 122, LL= -4524320.066045 (2.668068). Anneal status: T=0.00, dE=14.33, candidate was rejected
Itr 123, LL= -4524296.287036 (5.255819). Anneal status: T=0.00, dE=44.43, candidate was rejected
Itr 124, LL= -4524273.277264 (5.085823). Anneal status: T=0.00, dE=54.65, candidate was rejected
Itr 125, LL= -4524213.388800 (13.237146). Anneal status: T=0.00, dE=13.18, candidate was rejected
Itr 126, LL= -4523942.587360 (59.856027). Anneal status: T=0.00, dE=20.59, candidate was rejected
Itr 127, LL= -4523432.769977 (112.693159). Anneal status: T=0.00, dE=43.97, candidate was rejected
Itr 128, LL= -4523201.152398 (51.203940). Anneal status: T=0.00, dE=50.42, candidate was rejected
Itr 129, LL= -4523125.133154 (16.806514). Anneal status: T=0.00, dE=26.37, candidate was rejected
Itr 130, LL= -4523089.886801 (7.792478). Anneal status: T=0.00, dE=58.32, candidate was rejected
Itr 131, LL= -4523063.007982 (5.942579). Anneal status: T=0.00, dE=39.69, candidate was rejected
Itr 132, LL= -4523038.618746 (5.392195). Anneal status: T=0.00, dE=25.41, candidate was rejected
Itr 133, LL= -4523022.793802 (3.498742). Anneal status: T=0.00, dE=79.62, candidate was rejected
Itr 134, LL= -4523013.807608 (1.986767). Anneal status: T=0.00, dE=60.14, candidate was rejected
Itr 135, LL= -4523007.322036 (1.433905). Anneal status: T=0.00, dE=23.01, candidate was rejected
Itr 136, LL= -4522992.438648 (3.290596). Anneal status: T=0.00, dE=62.30, candidate was rejected
Itr 137, LL= -4522965.836675 (5.881498). Anneal status: T=0.00, dE=70.57, candidate was rejected
Itr 138, LL= -4522949.240103 (3.669400). Anneal status: T=0.00, dE=19.73, candidate was rejected
Itr 139, LL= -4522932.688845 (3.659395). Anneal status: T=0.00, dE=25.97, candidate was rejected
Itr 140, LL= -4522921.767279 (2.414709). Anneal status: T=0.00, dE=29.51, candidate was rejected
Itr 141, LL= -4522915.546146 (1.375468). Anneal status: T=0.00, dE=43.75, candidate was rejected
Itr 142, LL= -4522911.714662 (0.847127). Anneal status: T=0.00, dE=14.63, candidate was rejected
Itr 143, LL= -4522895.206750 (3.649842). Anneal status: T=0.00, dE=56.08, candidate was rejected
Itr 144, LL= -4522876.719128 (4.087564). Anneal status: T=0.00, dE=59.84, candidate was rejected
Itr 145, LL= -4522871.612942 (1.128969). Anneal status: T=0.00, dE=21.65, candidate was rejected
Itr 146, LL= -4522868.142489 (0.767312). Anneal status: T=0.00, dE=64.60, candidate was rejected
Itr 147, LL= -4522850.311070 (3.942503). Anneal status: T=0.00, dE=46.62, candidate was rejected
Itr 148, LL= -4522839.603224 (2.367499). Anneal status: T=0.00, dE=24.42, candidate was rejected
Itr 149, LL= -4522835.153928 (0.983740). Anneal status: T=0.00, dE=68.37, candidate was rejected
Itr 150, LL= -4522833.023118 (0.471123). Anneal status: T=0.00, dE=44.32, candidate was rejected
Itr 151, LL= -4522831.864343 (0.256206). Anneal status: T=0.00, dE=31.48, candidate was rejected
-- Annealing statistics:
Portion of times candidate was better: 0.000000
Portion of times candidate was chosen by chance: 0.000000
--
Your MATLAB session has timed out.  All license keys have been returned.
EM for 19 states, 131 emission nodes. 22 observed values.
            gibbs: 0
    nGibbsItrPcnt: 0.8000
     annealParams: {}
           maxItr: 500
      convergeEps: 1.0000e-06
           minItr: 5
       parametric: 0
        initprobs: []
      persistBias: 0
          obsVals: []

- Initalized simulated annealing with params:
                     type: 'linear'
    max_chance_accpetance: 0.2000
             min_duration: 5
        min_init_duration: 5
             max_duration: 11
              converge_th: 1.0000e-06

--
Itr 1, LL= -16561656.848149 (Inf). Anneal status: T=NaN, dE=-2035.68, collecting statistics
Itr 2, LL= -4771048.490506 (Inf). Anneal status: T=NaN, dE=-984.86, collecting statistics
Itr 3, LL= -4663346.248628 (Inf). Anneal status: T=NaN, dE=-148.61, collecting statistics
Itr 4, LL= -4589745.322800 (15782.856752). Anneal status: T=NaN, dE=45.63, collecting statistics
Itr 5, LL= -4553559.353197 (7884.090959). Anneal status: T=NaN, dE=-59.41, collecting statistics
Itr 6, LL= -4538289.635595 (3353.358641). Anneal status: T=NaN, dE=10.57, collecting statistics
Itr 7, LL= -4531192.277465 (1563.883908). Anneal status: T=NaN, dE=19.08, collecting statistics
Itr 8, LL= -4527533.112735 (807.550090). Anneal status: T=6.69, dE=60.62, candidate was rejected
Itr 9, LL= -4525293.066413 (494.760892). Anneal status: T=6.69, dE=18.82, candidate was rejected
Itr 10, LL= -4523851.325641 (318.596111). Anneal status: T=6.69, dE=36.95, candidate was rejected
Itr 11, LL= -4522874.568472 (215.912747). Anneal status: T=6.69, dE=17.64, candidate was rejected
Itr 12, LL= -4522224.182434 (143.799265). Anneal status: T=6.69, dE=36.45, candidate was rejected
Itr 13, LL= -4521671.213534 (122.278082). Anneal status: T=6.02, dE=38.71, candidate was rejected
Itr 14, LL= -4521187.871535 (106.894548). Anneal status: T=6.02, dE=66.40, candidate was rejected
Itr 15, LL= -4520818.670716 (81.660137). Anneal status: T=6.02, dE=53.68, candidate was rejected
Itr 16, LL= -4520501.641583 (70.126487). Anneal status: T=6.02, dE=11.04, candidate was rejected
Itr 17, LL= -4520171.262704 (73.084561). Anneal status: T=6.02, dE=77.55, candidate was rejected
Itr 18, LL= -4519877.733327 (64.937667). Anneal status: T=5.35, dE=56.35, candidate was rejected
Itr 19, LL= -4519638.961059 (52.827152). Anneal status: T=5.35, dE=37.52, candidate was rejected
Itr 20, LL= -4519437.683199 (44.534057). Anneal status: T=5.35, dE=36.89, candidate was rejected
Itr 21, LL= -4519255.155922 (40.387165). Anneal status: T=5.35, dE=13.18, candidate was rejected
Itr 22, LL= -4519099.245591 (34.499121). Anneal status: T=5.35, dE=37.37, candidate was rejected
Itr 23, LL= -4518948.148680 (33.435183). Anneal status: T=4.68, dE=58.37, candidate was rejected
Itr 24, LL= -4518806.926593 (31.251097). Anneal status: T=4.68, dE=46.84, candidate was rejected
Itr 25, LL= -4518699.560335 (23.759868). Anneal status: T=4.68, dE=31.06, candidate was rejected
Itr 26, LL= -4518592.224887 (23.753615). Anneal status: T=4.68, dE=54.19, candidate was rejected
Itr 27, LL= -4518504.609722 (19.389925). Anneal status: T=4.68, dE=43.35, candidate was rejected
Itr 28, LL= -4518437.377941 (14.879210). Anneal status: T=4.01, dE=27.54, candidate was rejected
Itr 29, LL= -4518361.068960 (16.888356). Anneal status: T=4.01, dE=85.29, candidate was rejected
Itr 30, LL= -4518286.840615 (16.428157). Anneal status: T=4.01, dE=27.21, candidate was rejected
Itr 31, LL= -4518224.290875 (13.843685). Anneal status: T=4.01, dE=31.62, candidate was rejected
Itr 32, LL= -4518165.011468 (13.120067). Anneal status: T=4.01, dE=15.25, candidate was rejected
Itr 33, LL= -4518117.750014 (10.460320). Anneal status: T=3.34, dE=19.38, candidate was rejected
Itr 34, LL= -4518068.327405 (10.938761). Anneal status: T=3.34, dE=55.96, candidate was rejected
Itr 35, LL= -4518024.393361 (9.724077). Anneal status: T=3.34, dE=44.70, candidate was rejected
Itr 36, LL= -4517979.745802 (9.882098). Anneal status: T=3.34, dE=47.58, candidate was rejected
Itr 37, LL= -4517939.516358 (8.904299). Anneal status: T=3.34, dE=28.32, candidate was rejected
Itr 38, LL= -4517909.834004 (6.569887). Anneal status: T=2.68, dE=39.74, candidate was rejected
Itr 39, LL= -4517888.003395 (4.832015). Anneal status: T=2.68, dE=87.94, candidate was rejected
Itr 40, LL= -4517868.569672 (4.301506). Anneal status: T=2.68, dE=53.58, candidate was rejected
Itr 41, LL= -4517843.223377 (5.610233). Anneal status: T=2.68, dE=35.74, candidate was rejected
Itr 42, LL= -4517791.351468 (11.481565). Anneal status: T=2.68, dE=30.44, candidate was rejected
Itr 43, LL= -4517753.506166 (8.376948). Anneal status: T=2.01, dE=57.36, candidate was rejected
Itr 44, LL= -4517739.084752 (3.192165). Anneal status: T=2.01, dE=78.07, candidate was rejected
Itr 45, LL= -4517727.364646 (2.594242). Anneal status: T=2.01, dE=23.72, candidate was rejected
Itr 46, LL= -4517708.562874 (4.161777). Anneal status: T=2.01, dE=81.62, candidate was rejected
Itr 47, LL= -4517682.050472 (5.868551). Anneal status: T=2.01, dE=13.56, candidate was rejected
Itr 48, LL= -4517659.163313 (5.066129). Anneal status: T=1.34, dE=89.85, candidate was rejected
Itr 49, LL= -4517649.638793 (2.108287). Anneal status: T=1.34, dE=19.14, candidate was rejected
Itr 50, LL= -4517637.593855 (2.666196). Anneal status: T=1.34, dE=73.94, candidate was rejected
Itr 51, LL= -4517614.885501 (5.026599). Anneal status: T=1.34, dE=132.49, candidate was rejected
Itr 52, LL= -4517600.501963 (3.183879). Anneal status: T=1.34, dE=56.76, candidate was rejected
Itr 53, LL= -4517583.817315 (3.693254). Anneal status: T=0.67, dE=58.08, candidate was rejected
Itr 54, LL= -4517561.708320 (4.893987). Anneal status: T=0.67, dE=22.71, candidate was rejected
Itr 55, LL= -4517549.301470 (2.746360). Anneal status: T=0.67, dE=31.19, candidate was rejected
Itr 56, LL= -4517539.185483 (2.239264). Anneal status: T=0.67, dE=19.62, candidate was rejected
Itr 57, LL= -4517509.434358 (6.585693). Anneal status: T=0.67, dE=33.36, candidate was rejected
Itr 58, LL= -4517493.900376 (3.438616). Anneal status: T=0.00, dE=33.49, candidate was rejected
Itr 59, LL= -4517476.075212 (3.945808). Anneal status: T=0.00, dE=37.13, candidate was rejected
Itr 60, LL= -4517453.655192 (4.962953). Anneal status: T=0.00, dE=45.91, candidate was rejected
Itr 61, LL= -4517444.785537 (1.963419). Anneal status: T=0.00, dE=79.45, candidate was rejected
Itr 62, LL= -4517436.223876 (1.895244). Anneal status: T=0.00, dE=21.99, candidate was rejected
Itr 63, LL= -4517426.352954 (2.185072). Anneal status: T=0.00, dE=39.16, candidate was rejected
Itr 64, LL= -4517412.994487 (2.957097). Anneal status: T=0.00, dE=34.41, candidate was rejected
Itr 65, LL= -4517402.672773 (2.284873). Anneal status: T=0.00, dE=61.40, candidate was rejected
Itr 66, LL= -4517385.757718 (3.744420). Anneal status: T=0.00, dE=28.93, candidate was rejected
Itr 67, LL= -4517374.916913 (2.399796). Anneal status: T=0.00, dE=17.93, candidate was rejected
Itr 68, LL= -4517365.777943 (2.023071). Anneal status: T=0.00, dE=66.36, candidate was rejected
Itr 69, LL= -4517354.686492 (2.455292). Anneal status: T=0.00, dE=35.65, candidate was rejected
Itr 70, LL= -4517345.501653 (2.033234). Anneal status: T=0.00, dE=73.99, candidate was rejected
Itr 71, LL= -4517337.401960 (1.793020). Anneal status: T=0.00, dE=28.78, candidate was rejected
Itr 72, LL= -4517327.854463 (2.113523). Anneal status: T=0.00, dE=39.25, candidate was rejected
Itr 73, LL= -4517319.689973 (1.807371). Anneal status: T=0.00, dE=59.01, candidate was rejected
Itr 74, LL= -4517308.009000 (2.585819). Anneal status: T=0.00, dE=34.28, candidate was rejected
Itr 75, LL= -4517302.888683 (1.133489). Anneal status: T=0.00, dE=75.27, candidate was rejected
Itr 76, LL= -4517298.704761 (0.926199). Anneal status: T=0.00, dE=55.10, candidate was rejected
Itr 77, LL= -4517293.405442 (1.173117). Anneal status: T=0.00, dE=88.63, candidate was rejected
Itr 78, LL= -4517290.140866 (0.722684). Anneal status: T=0.00, dE=26.06, candidate was rejected
Itr 79, LL= -4517287.884451 (0.499506). Anneal status: T=0.00, dE=50.65, candidate was rejected
Itr 80, LL= -4517280.824787 (1.562810). Anneal status: T=0.00, dE=48.50, candidate was rejected
Itr 81, LL= -4517266.813332 (3.101745). Anneal status: T=0.00, dE=7.66, candidate was rejected
Itr 82, LL= -4517247.730423 (4.224437). Anneal status: T=0.00, dE=69.14, candidate was rejected
Itr 83, LL= -4517236.948317 (2.386875). Anneal status: T=0.00, dE=33.59, candidate was rejected
Itr 84, LL= -4517233.715369 (0.715691). Anneal status: T=0.00, dE=92.75, candidate was rejected
Itr 85, LL= -4517229.845167 (0.856764). Anneal status: T=0.00, dE=49.16, candidate was rejected
Itr 86, LL= -4517227.146880 (0.597332). Anneal status: T=0.00, dE=95.21, candidate was rejected
-- Annealing statistics:
Portion of times candidate was better: 0.000000
Portion of times candidate was chosen by chance: 0.000000
--
EM for 19 states, 131 emission nodes. 22 observed values.
            gibbs: 0
    nGibbsItrPcnt: 0.8000
     annealParams: {}
           maxItr: 500
      convergeEps: 1.0000e-06
           minItr: 5
       parametric: 0
        initprobs: []
      persistBias: 0
          obsVals: []

- Initalized simulated annealing with params:
                     type: 'linear'
    max_chance_accpetance: 0.2000
             min_duration: 5
        min_init_duration: 5
             max_duration: 11
              converge_th: 1.0000e-06

--
Itr 1, LL= -16356758.956036 (Inf). Anneal status: T=NaN, dE=-1185.25, collecting statistics
Itr 2, LL= -4779379.045350 (Inf). Anneal status: T=NaN, dE=-192.33, collecting statistics
Itr 3, LL= -4675493.765614 (Inf). Anneal status: T=NaN, dE=40.27, collecting statistics
Itr 4, LL= -4599012.303331 (16357.943378). Anneal status: T=NaN, dE=-354.64, collecting statistics
Itr 5, LL= -4562818.495954 (7869.908796). Anneal status: T=NaN, dE=-55.48, collecting statistics
Itr 6, LL= -4549240.658713 (2975.756597). Anneal status: T=NaN, dE=-28.43, collecting statistics
Itr 7, LL= -4542891.920600 (1395.559960). Anneal status: T=NaN, dE=5.89, collecting statistics
Itr 8, LL= -4538286.841956 (1013.688796). Anneal status: T=NaN, dE=57.26, collecting statistics
Itr 9, LL= -4535062.368309 (710.504593). Anneal status: T=8.93, dE=82.15, candidate was rejected
Itr 10, LL= -4532894.685004 (477.983130). Anneal status: T=8.93, dE=42.91, candidate was rejected
Itr 11, LL= -4531519.784121 (303.316309). Anneal status: T=8.93, dE=51.73, candidate was rejected
Itr 12, LL= -4530565.363224 (210.618279). Anneal status: T=8.93, dE=53.43, candidate was rejected
Itr 13, LL= -4529862.191294 (155.206221). Anneal status: T=8.93, dE=94.94, candidate was rejected
Itr 14, LL= -4529305.382679 (122.919548). Anneal status: T=8.04, dE=31.86, candidate was rejected
Itr 15, LL= -4528827.585531 (105.490160). Anneal status: T=8.04, dE=16.95, candidate was rejected
Itr 16, LL= -4528486.247165 (75.370139). Anneal status: T=8.04, dE=53.56, candidate was rejected
Itr 17, LL= -4528205.356433 (62.027511). Anneal status: T=8.04, dE=22.99, candidate was rejected
Itr 18, LL= -4527951.388228 (56.085841). Anneal status: T=8.04, dE=44.95, candidate was rejected
Itr 19, LL= -4527730.809385 (48.714932). Anneal status: T=7.15, dE=33.49, candidate was rejected
Itr 20, LL= -4527527.981732 (44.796756). Anneal status: T=7.15, dE=65.97, candidate was rejected
Itr 21, LL= -4527375.363038 (33.709056). Anneal status: T=7.15, dE=86.97, candidate was rejected
Itr 22, LL= -4527240.900135 (29.699968). Anneal status: T=7.15, dE=25.47, candidate was rejected
Itr 23, LL= -4527118.223449 (27.097450). Anneal status: T=7.15, dE=29.53, candidate was rejected
Itr 24, LL= -4527010.719585 (23.746644). Anneal status: T=6.25, dE=95.26, candidate was rejected
Itr 25, LL= -4526912.292617 (21.742155). Anneal status: T=6.25, dE=4.75, candidate was rejected
Itr 26, LL= -4526807.202194 (23.214592). Anneal status: T=6.25, dE=37.32, candidate was rejected
Itr 27, LL= -4526684.900599 (27.017187). Anneal status: T=6.25, dE=97.72, candidate was rejected
Itr 28, LL= -4526541.665297 (31.642428). Anneal status: T=6.25, dE=68.49, candidate was rejected
Itr 29, LL= -4526422.180898 (26.396399). Anneal status: T=5.36, dE=63.54, candidate was rejected
Itr 30, LL= -4526294.154057 (28.284335). Anneal status: T=5.36, dE=49.70, candidate was rejected
Itr 31, LL= -4526147.002672 (32.510345). Anneal status: T=5.36, dE=17.73, candidate was rejected
Itr 32, LL= -4526003.410025 (31.725140). Anneal status: T=5.36, dE=75.63, candidate was rejected
Itr 33, LL= -4525847.875438 (34.364664). Anneal status: T=5.36, dE=18.14, candidate was rejected
Itr 34, LL= -4525726.408753 (26.838437). Anneal status: T=4.47, dE=31.55, candidate was rejected
Itr 35, LL= -4525588.685781 (30.431131). Anneal status: T=4.47, dE=25.31, candidate was rejected
Itr 36, LL= -4525474.403196 (25.252535). Anneal status: T=4.47, dE=21.34, candidate was rejected
Itr 37, LL= -4525364.540397 (24.276527). Anneal status: T=4.47, dE=56.60, candidate was rejected
Itr 38, LL= -4525261.950002 (22.670084). Anneal status: T=4.47, dE=55.71, candidate was rejected
Itr 39, LL= -4525166.296166 (21.137746). Anneal status: T=3.57, dE=23.82, candidate was rejected
Itr 40, LL= -4525084.107286 (18.162621). Anneal status: T=3.57, dE=21.08, candidate was rejected
Itr 41, LL= -4524995.759701 (19.523965). Anneal status: T=3.57, dE=102.98, candidate was rejected
Itr 42, LL= -4524915.613674 (17.711846). Anneal status: T=3.57, dE=10.80, candidate was rejected
Itr 43, LL= -4524834.245237 (17.982310). Anneal status: T=3.57, dE=72.65, candidate was rejected
Itr 44, LL= -4524770.704824 (14.042595). Anneal status: T=2.68, dE=31.28, candidate was rejected
Itr 45, LL= -4524705.722929 (14.361368). Anneal status: T=2.68, dE=29.04, candidate was rejected
Itr 46, LL= -4524638.018821 (14.963207). Anneal status: T=2.68, dE=82.09, candidate was rejected
Itr 47, LL= -4524578.190041 (13.222888). Anneal status: T=2.68, dE=33.99, candidate was rejected
Itr 48, LL= -4524536.171504 (9.286730). Anneal status: T=2.68, dE=44.32, candidate was rejected
Itr 49, LL= -4524475.759874 (13.352005). Anneal status: T=1.79, dE=29.95, candidate was rejected
Itr 50, LL= -4524429.978061 (10.118700). Anneal status: T=1.79, dE=34.53, candidate was rejected
Itr 51, LL= -4524382.173059 (10.565972). Anneal status: T=1.79, dE=57.45, candidate was rejected
Itr 52, LL= -4524337.229589 (9.933615). Anneal status: T=1.79, dE=33.23, candidate was rejected
Itr 53, LL= -4524296.699467 (8.958245). Anneal status: T=1.79, dE=80.33, candidate was rejected
Itr 54, LL= -4524261.757670 (7.723144). Anneal status: T=0.89, dE=22.87, candidate was rejected
Itr 55, LL= -4524228.768213 (7.291677). Anneal status: T=0.89, dE=88.91, candidate was rejected
Itr 56, LL= -4524191.654648 (8.203291). Anneal status: T=0.89, dE=84.35, candidate was rejected
Itr 57, LL= -4524168.066712 (5.213735). Anneal status: T=0.89, dE=131.96, candidate was rejected
Itr 58, LL= -4524135.448113 (7.209856). Anneal status: T=0.89, dE=43.97, candidate was rejected
Itr 59, LL= -4524091.993264 (9.605117). Anneal status: T=0.00, dE=68.10, candidate was rejected
Itr 60, LL= -4524034.669101 (12.670866). Anneal status: T=0.00, dE=46.61, candidate was rejected
Itr 61, LL= -4524006.205762 (6.291583). Anneal status: T=0.00, dE=27.81, candidate was rejected
Itr 62, LL= -4523984.092732 (4.887931). Anneal status: T=0.00, dE=10.40, candidate was rejected
Itr 63, LL= -4523967.112152 (3.753457). Anneal status: T=0.00, dE=101.90, candidate was rejected
Itr 64, LL= -4523947.745766 (4.280842). Anneal status: T=0.00, dE=39.61, candidate was rejected
Itr 65, LL= -4523912.834834 (7.716918). Anneal status: T=0.00, dE=76.92, candidate was rejected
Itr 66, LL= -4523880.685494 (7.106534). Anneal status: T=0.00, dE=77.72, candidate was rejected
Itr 67, LL= -4523842.528007 (8.434680). Anneal status: T=0.00, dE=49.66, candidate was rejected
Itr 68, LL= -4523776.924442 (14.501735). Anneal status: T=0.00, dE=26.56, candidate was rejected
Itr 69, LL= -4523734.910124 (9.287443). Anneal status: T=0.00, dE=12.51, candidate was rejected
Itr 70, LL= -4523698.337736 (8.084556). Anneal status: T=0.00, dE=63.26, candidate was rejected
Itr 71, LL= -4523655.055958 (9.567786). Anneal status: T=0.00, dE=47.80, candidate was rejected
Itr 72, LL= -4523605.275943 (11.004379). Anneal status: T=0.00, dE=98.67, candidate was rejected
Itr 73, LL= -4523563.129118 (9.317087). Anneal status: T=0.00, dE=66.50, candidate was rejected
Itr 74, LL= -4523524.760792 (8.481882). Anneal status: T=0.00, dE=33.56, candidate was rejected
Itr 75, LL= -4523489.082296 (7.887322). Anneal status: T=0.00, dE=20.70, candidate was rejected
Itr 76, LL= -4523445.996512 (9.524901). Anneal status: T=0.00, dE=32.26, candidate was rejected
Itr 77, LL= -4523412.075942 (7.498834). Anneal status: T=0.00, dE=43.54, candidate was rejected
Itr 78, LL= -4523374.893308 (8.220041). Anneal status: T=0.00, dE=33.43, candidate was rejected
Itr 79, LL= -4523316.529823 (12.902641). Anneal status: T=0.00, dE=26.18, candidate was rejected
Itr 80, LL= -4523261.026685 (12.270452). Anneal status: T=0.00, dE=36.99, candidate was rejected
Itr 81, LL= -4523219.541100 (9.171610). Anneal status: T=0.00, dE=111.60, candidate was rejected
Itr 82, LL= -4523152.308943 (14.863784). Anneal status: T=0.00, dE=46.31, candidate was rejected
Itr 83, LL= -4523037.812313 (25.313459). Anneal status: T=0.00, dE=19.87, candidate was rejected
Itr 84, LL= -4522939.703965 (21.690809). Anneal status: T=0.00, dE=61.94, candidate was rejected
Itr 85, LL= -4522847.447944 (20.397358). Anneal status: T=0.00, dE=60.75, candidate was rejected
Itr 86, LL= -4522775.454447 (15.917737). Anneal status: T=0.00, dE=28.04, candidate was rejected
Itr 87, LL= -4522718.513028 (12.589928). Anneal status: T=0.00, dE=44.64, candidate was rejected
Itr 88, LL= -4522667.976756 (11.173871). Anneal status: T=0.00, dE=6.23, candidate was rejected
Itr 89, LL= -4522622.511436 (10.052765). Anneal status: T=0.00, dE=64.38, candidate was rejected
Itr 90, LL= -4522552.537915 (15.471891). Anneal status: T=0.00, dE=19.64, candidate was rejected
Itr 91, LL= -4522496.127810 (12.473068). Anneal status: T=0.00, dE=42.44, candidate was rejected
Itr 92, LL= -4522457.618351 (8.515089). Anneal status: T=0.00, dE=49.67, candidate was rejected
Itr 93, LL= -4522421.710962 (7.939796). Anneal status: T=0.00, dE=48.52, candidate was rejected
Itr 94, LL= -4522392.017530 (6.565826). Anneal status: T=0.00, dE=25.84, candidate was rejected
Itr 95, LL= -4522356.995719 (7.744090). Anneal status: T=0.00, dE=74.23, candidate was rejected
Itr 96, LL= -4522317.835585 (8.659231). Anneal status: T=0.00, dE=21.90, candidate was rejected
Itr 97, LL= -4522286.139234 (7.008873). Anneal status: T=0.00, dE=76.15, candidate was rejected
Itr 98, LL= -4522263.156271 (5.082156). Anneal status: T=0.00, dE=39.74, candidate was rejected
Itr 99, LL= -4522245.610329 (3.879903). Anneal status: T=0.00, dE=26.35, candidate was rejected
Itr 100, LL= -4522230.686268 (3.300144). Anneal status: T=0.00, dE=42.23, candidate was rejected
Itr 101, LL= -4522204.524271 (5.785197). Anneal status: T=0.00, dE=85.49, candidate was rejected
Itr 102, LL= -4522185.221506 (4.268441). Anneal status: T=0.00, dE=25.65, candidate was rejected
Itr 103, LL= -4522163.224912 (4.864152). Anneal status: T=0.00, dE=23.43, candidate was rejected
Itr 104, LL= -4522142.252897 (4.637607). Anneal status: T=0.00, dE=32.49, candidate was rejected
Itr 105, LL= -4522131.935939 (2.281432). Anneal status: T=0.00, dE=24.06, candidate was rejected
Itr 106, LL= -4522122.959935 (1.984905). Anneal status: T=0.00, dE=11.67, candidate was rejected
Itr 107, LL= -4522112.475728 (2.318426). Anneal status: T=0.00, dE=17.75, candidate was rejected
Itr 108, LL= -4522102.241492 (2.263154). Anneal status: T=0.00, dE=31.12, candidate was rejected
Itr 109, LL= -4522080.581104 (4.789894). Anneal status: T=0.00, dE=68.70, candidate was rejected
Itr 110, LL= -4522063.837456 (3.702643). Anneal status: T=0.00, dE=20.52, candidate was rejected
Itr 111, LL= -4522050.858716 (2.870092). Anneal status: T=0.00, dE=55.65, candidate was rejected
Itr 112, LL= -4522035.854429 (3.318027). Anneal status: T=0.00, dE=34.51, candidate was rejected
Itr 113, LL= -4522023.358259 (2.763395). Anneal status: T=0.00, dE=21.65, candidate was rejected
Itr 114, LL= -4522001.563931 (4.819597). Anneal status: T=0.00, dE=61.08, candidate was rejected
Itr 115, LL= -4521976.417627 (5.560879). Anneal status: T=0.00, dE=46.70, candidate was rejected
Itr 116, LL= -4521964.596157 (2.614226). Anneal status: T=0.00, dE=34.98, candidate was rejected
Itr 117, LL= -4521961.632074 (0.655486). Anneal status: T=0.00, dE=30.61, candidate was rejected
Itr 118, LL= -4521959.269830 (0.522394). Anneal status: T=0.00, dE=18.50, candidate was rejected
Itr 119, LL= -4521956.824129 (0.540850). Anneal status: T=0.00, dE=70.53, candidate was rejected
-- Annealing statistics:
Portion of times candidate was better: 0.000000
Portion of times candidate was chosen by chance: 0.000000
--
>> 