My SLURM_ARRAY_TASK_ID:  7

                            < M A T L A B (R) >
                  Copyright 1984-2014 The MathWorks, Inc.
                   R2014b (8.4.0.150421) 64-bit (glnxa64)
                             September 15, 2014

 
For online documentation, see http://www.mathworks.com/support
For product information, visit www.mathworks.com.
 
EM for 7 states, 131 emission nodes. 22 observed values.
            gibbs: 0
    nGibbsItrPcnt: 0.8000
     annealParams: {}
           maxItr: 500
      convergeEps: 1.0000e-06
           minItr: 5
       parametric: 0
        initprobs: []
      persistBias: 0
          obsVals: []

- Initalized simulated annealing with params:
                     type: 'linear'
    max_chance_accpetance: 0.2000
             min_duration: 5
        min_init_duration: 5
             max_duration: 11
              converge_th: 1.0000e-06

--
Itr 1, LL= -16552127.549793 (Inf). Anneal status: T=NaN, dE=-5235.08, collecting statistics
Itr 2, LL= -4773281.797496 (Inf). Anneal status: T=NaN, dE=-441.74, collecting statistics
Itr 3, LL= -4687596.249805 (Inf). Anneal status: T=NaN, dE=-243.52, collecting statistics
Itr 4, LL= -4654043.442631 (7157.785224). Anneal status: T=NaN, dE=-156.03, collecting statistics
Itr 5, LL= -4640137.148349 (2988.002681). Anneal status: T=NaN, dE=73.41, collecting statistics
Itr 6, LL= -4630581.242529 (2059.401590). Anneal status: T=NaN, dE=106.56, collecting statistics
Itr 7, LL= -4624756.209423 (1257.948582). Anneal status: T=NaN, dE=224.76, collecting statistics
Itr 8, LL= -4621138.899223 (782.162353). Anneal status: T=32.92, dE=85.31, candidate was rejected
Itr 9, LL= -4618717.700845 (523.939754). Anneal status: T=32.92, dE=55.93, candidate was rejected
Itr 10, LL= -4617046.172253 (361.903173). Anneal status: T=32.92, dE=13.27, candidate was rejected
Itr 11, LL= -4616023.383223 (221.524540). Anneal status: T=32.92, dE=31.53, candidate was rejected
Itr 12, LL= -4615317.279385 (152.967994). Anneal status: T=32.92, dE=174.43, candidate was rejected
Itr 13, LL= -4614809.094047 (110.108430). Anneal status: T=29.63, dE=2.06, candidate was chosen by chance
Itr 14, LL= -4614516.106322 (63.488590). Anneal status: T=29.63, dE=106.18, candidate was chosen by chance
Itr 15, LL= -4614064.556380 (97.854235). Anneal status: T=29.63, dE=0.66, candidate was chosen by chance
Itr 16, LL= -4613722.862014 (74.054960). Anneal status: T=29.63, dE=191.55, candidate was rejected
Itr 17, LL= -4613364.204668 (77.737081). Anneal status: T=29.63, dE=20.70, candidate was rejected
Itr 18, LL= -4612909.158466 (98.636522). Anneal status: T=26.33, dE=7.44, candidate was rejected
Itr 19, LL= -4612458.769843 (97.636569). Anneal status: T=26.33, dE=45.95, candidate was rejected
Itr 20, LL= -4612007.192859 (97.903744). Anneal status: T=26.33, dE=102.53, candidate was rejected
Itr 21, LL= -4611566.732803 (95.502899). Anneal status: T=26.33, dE=114.95, candidate was rejected
Itr 22, LL= -4611174.437511 (85.067682). Anneal status: T=26.33, dE=12.64, candidate was chosen by chance
Itr 23, LL= -4610777.555803 (86.069550). Anneal status: T=23.04, dE=123.68, candidate was rejected
Itr 24, LL= -4610382.127745 (85.761686). Anneal status: T=23.04, dE=25.22, candidate was rejected
Itr 25, LL= -4610021.209514 (78.283800). Anneal status: T=23.04, dE=8.61, candidate was chosen by chance
Itr 26, LL= -4609647.821448 (80.994869). Anneal status: T=23.04, dE=48.34, candidate was rejected
Itr 27, LL= -4609292.848538 (77.006514). Anneal status: T=23.04, dE=198.99, candidate was rejected
Itr 28, LL= -4608959.038239 (72.421152). Anneal status: T=19.75, dE=189.35, candidate was rejected
Itr 29, LL= -4608579.848139 (82.272395). Anneal status: T=19.75, dE=65.10, candidate was rejected
Itr 30, LL= -4608159.734711 (91.158978). Anneal status: T=19.75, dE=126.79, candidate was rejected
Itr 31, LL= -4607738.365265 (91.439852). Anneal status: T=19.75, dE=40.47, candidate was rejected
Itr 32, LL= -4607286.278214 (98.114740). Anneal status: T=19.75, dE=196.23, candidate was rejected
Itr 33, LL= -4606815.940160 (102.085702). Anneal status: T=16.46, dE=7.36, candidate was rejected
Itr 34, LL= -4606347.816162 (101.615520). Anneal status: T=16.46, dE=48.68, candidate was rejected
Itr 35, LL= -4605895.085780 (98.284020). Anneal status: T=16.46, dE=21.89, candidate was rejected
Itr 36, LL= -4605435.347229 (99.815246). Anneal status: T=16.46, dE=5.15, candidate was chosen by chance
Itr 37, LL= -4604984.645258 (97.863054). Anneal status: T=16.46, dE=126.16, candidate was rejected
Itr 38, LL= -4604538.910658 (96.793939). Anneal status: T=13.17, dE=112.89, candidate was rejected
Itr 39, LL= -4604191.270734 (75.499400). Anneal status: T=13.17, dE=131.66, candidate was rejected
Itr 40, LL= -4603924.773005 (57.881550). Anneal status: T=13.17, dE=24.96, candidate was rejected
Itr 41, LL= -4603645.262552 (60.711342). Anneal status: T=13.17, dE=11.48, candidate was rejected
Itr 42, LL= -4603369.153397 (59.976201). Anneal status: T=13.17, dE=54.67, candidate was rejected
Itr 43, LL= -4603153.526086 (46.841195). Anneal status: T=9.88, dE=58.61, candidate was rejected
Itr 44, LL= -4602964.466712 (41.071707). Anneal status: T=9.88, dE=60.49, candidate was rejected
Itr 45, LL= -4602747.974481 (47.033218). Anneal status: T=9.88, dE=3.35, candidate was chosen by chance
Itr 46, LL= -4602620.632243 (27.666567). Anneal status: T=9.88, dE=24.51, candidate was rejected
Itr 47, LL= -4602412.010526 (45.326724). Anneal status: T=9.88, dE=4.99, candidate was rejected
Itr 48, LL= -4602236.841692 (38.060224). Anneal status: T=6.58, dE=10.45, candidate was rejected
Itr 49, LL= -4602082.706208 (33.491428). Anneal status: T=6.58, dE=116.48, candidate was rejected
Itr 50, LL= -4601926.329056 (33.979648). Anneal status: T=6.58, dE=136.95, candidate was rejected
Itr 51, LL= -4601821.759531 (22.722990). Anneal status: T=6.58, dE=181.12, candidate was rejected
Itr 52, LL= -4601697.492367 (27.003906). Anneal status: T=6.58, dE=31.48, candidate was rejected
Itr 53, LL= -4601577.692300 (26.033886). Anneal status: T=3.29, dE=30.01, candidate was rejected
Itr 54, LL= -4601498.476262 (17.214973). Anneal status: T=3.29, dE=20.69, candidate was rejected
Itr 55, LL= -4601433.342875 (14.154821). Anneal status: T=3.29, dE=142.29, candidate was rejected
Itr 56, LL= -4601386.797395 (10.115431). Anneal status: T=3.29, dE=115.22, candidate was rejected
Itr 57, LL= -4601339.855417 (10.201702). Anneal status: T=3.29, dE=60.98, candidate was rejected
Itr 58, LL= -4601318.021545 (4.745112). Anneal status: T=0.00, dE=38.68, candidate was rejected
Itr 59, LL= -4601265.902572 (11.326966). Anneal status: T=0.00, dE=4.56, candidate was rejected
Itr 60, LL= -4601209.598313 (12.236689). Anneal status: T=0.00, dE=87.18, candidate was rejected
Itr 61, LL= -4601139.498748 (15.235030). Anneal status: T=0.00, dE=2.51, candidate was rejected
Itr 62, LL= -4601079.541881 (13.030874). Anneal status: T=0.00, dE=121.12, candidate was rejected
Itr 63, LL= -4601012.427723 (14.586611). Anneal status: T=0.00, dE=23.81, candidate was rejected
Itr 64, LL= -4600878.887710 (29.024050). Anneal status: T=0.00, dE=204.36, candidate was rejected
Itr 65, LL= -4600828.876469 (10.869932). Anneal status: T=0.00, dE=2.93, candidate was rejected
Itr 66, LL= -4600712.079270 (25.386121). Anneal status: T=0.00, dE=77.39, candidate was rejected
Itr 67, LL= -4600594.418180 (25.574539). Anneal status: T=0.00, dE=51.27, candidate was rejected
Itr 68, LL= -4600559.125368 (7.671359). Anneal status: T=0.00, dE=106.55, candidate was rejected
Itr 69, LL= -4600537.092246 (4.789227). Anneal status: T=0.00, dE=3.43, candidate was rejected
Itr 70, LL= -4600501.732252 (7.686058). Anneal status: T=0.00, dE=3.63, candidate was rejected
Itr 71, LL= -4600487.552681 (3.082179). Anneal status: T=0.00, dE=138.90, candidate was rejected
Itr 72, LL= -4600477.928796 (2.091927). Anneal status: T=0.00, dE=133.70, candidate was rejected
Itr 73, LL= -4600447.833910 (6.541687). Anneal status: T=0.00, dE=47.30, candidate was rejected
Itr 74, LL= -4600413.965079 (7.362073). Anneal status: T=0.00, dE=25.67, candidate was rejected
Itr 75, LL= -4600345.713439 (14.835978). Anneal status: T=0.00, dE=45.87, candidate was rejected
Itr 76, LL= -4600267.479690 (17.006059). Anneal status: T=0.00, dE=83.38, candidate was rejected
Itr 77, LL= -4600232.438935 (7.617112). Anneal status: T=0.00, dE=110.66, candidate was rejected
Itr 78, LL= -4600211.900792 (4.464588). Anneal status: T=0.00, dE=11.94, candidate was rejected
Itr 79, LL= -4600166.649606 (9.836761). Anneal status: T=0.00, dE=90.09, candidate was rejected
Itr 80, LL= -4600115.825605 (11.048295). Anneal status: T=0.00, dE=48.84, candidate was rejected
Itr 81, LL= -4600053.173266 (13.619731). Anneal status: T=0.00, dE=124.58, candidate was rejected
Itr 82, LL= -4600027.617897 (5.555451). Anneal status: T=0.00, dE=13.50, candidate was rejected
Itr 83, LL= -4599994.151170 (7.275332). Anneal status: T=0.00, dE=20.22, candidate was rejected
Itr 84, LL= -4599989.070814 (1.104427). Anneal status: T=0.00, dE=64.74, candidate was rejected
Itr 85, LL= -4599983.283048 (1.258213). Anneal status: T=0.00, dE=127.39, candidate was rejected
Itr 86, LL= -4599963.804728 (4.234433). Anneal status: T=0.00, dE=20.77, candidate was rejected
Itr 87, LL= -4599946.384644 (3.787005). Anneal status: T=0.00, dE=2.03, candidate was rejected
Itr 88, LL= -4599936.027940 (2.251484). Anneal status: T=0.00, dE=104.80, candidate was rejected
Itr 89, LL= -4599933.057654 (0.645723). Anneal status: T=0.00, dE=27.62, candidate was rejected
Itr 90, LL= -4599919.486658 (2.950259). Anneal status: T=0.00, dE=90.26, candidate was rejected
Itr 91, LL= -4599893.213101 (5.711743). Anneal status: T=0.00, dE=79.42, candidate was rejected
Itr 92, LL= -4599885.157590 (1.751239). Anneal status: T=0.00, dE=122.53, candidate was rejected
Itr 93, LL= -4599879.140470 (1.308102). Anneal status: T=0.00, dE=11.03, candidate was rejected
Itr 94, LL= -4599864.353566 (3.214629). Anneal status: T=0.00, dE=79.38, candidate was rejected
Itr 95, LL= -4599850.871816 (2.930902). Anneal status: T=0.00, dE=218.54, candidate was rejected
Itr 96, LL= -4599841.369319 (2.065827). Anneal status: T=0.00, dE=26.37, candidate was rejected
Itr 97, LL= -4599840.129054 (0.269632). Anneal status: T=0.00, dE=6.43, candidate was rejected
Itr 98, LL= -4599839.323806 (0.175060). Anneal status: T=0.00, dE=14.22, candidate was rejected
Itr 99, LL= -4599836.743458 (0.560965). Anneal status: T=0.00, dE=154.88, candidate was rejected
-- Annealing statistics:
Portion of times candidate was better: 0.000000
Portion of times candidate was chosen by chance: 0.070707
--
EM for 7 states, 131 emission nodes. 22 observed values.
            gibbs: 0
    nGibbsItrPcnt: 0.8000
     annealParams: {}
           maxItr: 500
      convergeEps: 1.0000e-06
           minItr: 5
       parametric: 0
        initprobs: []
      persistBias: 0
          obsVals: []

- Initalized simulated annealing with params:
                     type: 'linear'
    max_chance_accpetance: 0.2000
             min_duration: 5
        min_init_duration: 5
             max_duration: 11
              converge_th: 1.0000e-06

--
Itr 1, LL= -16599150.046553 (Inf). Anneal status: T=NaN, dE=1293.23, collecting statistics
Itr 2, LL= -4778026.709874 (Inf). Anneal status: T=NaN, dE=-311.56, collecting statistics
Itr 3, LL= -4691260.207886 (Inf). Anneal status: T=NaN, dE=-283.49, collecting statistics
Itr 4, LL= -4640553.593118 (10808.740620). Anneal status: T=NaN, dE=-98.66, collecting statistics
Itr 5, LL= -4621101.403874 (4191.782048). Anneal status: T=NaN, dE=-39.46, collecting statistics
Itr 6, LL= -4611469.311774 (2084.371508). Anneal status: T=NaN, dE=20.18, collecting statistics
Itr 7, LL= -4604775.367668 (1451.585960). Anneal status: T=NaN, dE=262.73, collecting statistics
Itr 8, LL= -4600389.979267 (952.356641). Anneal status: T=78.75, dE=244.24, candidate was rejected
Itr 9, LL= -4597518.890657 (624.096788). Anneal status: T=78.75, dE=32.22, candidate was rejected
Itr 10, LL= -4595429.167872 (454.532724). Anneal status: T=78.75, dE=179.26, candidate was rejected
Itr 11, LL= -4593931.090804 (325.992854). Anneal status: T=78.75, dE=99.63, candidate was rejected
Itr 12, LL= -4592908.847181 (222.520452). Anneal status: T=78.75, dE=46.21, candidate was rejected
Itr 13, LL= -4592145.002810 (166.309499). Anneal status: T=70.87, dE=40.64, candidate was chosen by chance
Itr 14, LL= -4591668.834326 (103.691953). Anneal status: T=70.87, dE=155.85, candidate was chosen by chance
Itr 15, LL= -4591050.828073 (134.592950). Anneal status: T=70.87, dE=11.49, candidate was chosen by chance
Itr 16, LL= -4590686.067545 (79.450335). Anneal status: T=70.87, dE=52.89, candidate was chosen by chance
Itr 17, LL= -4590386.030589 (65.357759). Anneal status: T=70.87, dE=40.88, candidate was chosen by chance
Itr 18, LL= -4590168.976851 (47.284419). Anneal status: T=63.00, dE=51.20, candidate was chosen by chance
Itr 19, LL= -4589945.355615 (48.717430). Anneal status: T=63.00, dE=13.01, candidate was chosen by chance
Itr 20, LL= -4589789.321886 (33.994681). Anneal status: T=63.00, dE=18.22, candidate was chosen by chance
Itr 21, LL= -4589744.377375 (9.792282). Anneal status: T=63.00, dE=114.99, candidate was chosen by chance
Itr 22, LL= -4589552.091951 (41.894582). Anneal status: T=63.00, dE=23.24, candidate was chosen by chance
Itr 23, LL= -4589475.679434 (16.649232). Anneal status: T=55.12, dE=20.68, candidate was chosen by chance
Itr 24, LL= -4589415.685561 (13.072054). Anneal status: T=55.12, dE=31.16, candidate was chosen by chance
Itr 25, LL= -4589380.928384 (7.573334). Anneal status: T=55.12, dE=47.01, candidate was chosen by chance
Itr 26, LL= -4589290.136419 (19.783053). Anneal status: T=55.12, dE=123.11, candidate was rejected
Itr 27, LL= -4589280.961374 (1.999230). Anneal status: T=55.12, dE=22.79, candidate was chosen by chance
Itr 28, LL= -4589237.811702 (9.402273). Anneal status: T=47.25, dE=127.08, candidate was rejected
Itr 29, LL= -4589221.175521 (3.625042). Anneal status: T=47.25, dE=43.73, candidate was rejected
Itr 30, LL= -4589199.017088 (4.828365). Anneal status: T=47.25, dE=8.39, candidate was rejected
Itr 31, LL= -4589238.743485 (-8.656499). Anneal status: T=47.25, dE=61.86, candidate was chosen by chance
Itr 32, LL= -4589174.526930 (13.992855). Anneal status: T=47.25, dE=13.66, candidate was chosen by chance
Itr 33, LL= -4589187.164098 (-2.753691). Anneal status: T=39.37, dE=37.83, candidate was chosen by chance
Itr 34, LL= -4589163.127452 (5.237670). Anneal status: T=39.37, dE=18.45, candidate was chosen by chance
Itr 35, LL= -4589150.280907 (2.799322). Anneal status: T=39.37, dE=11.06, candidate was chosen by chance
Itr 36, LL= -4589160.627545 (-2.254587). Anneal status: T=39.37, dE=23.57, candidate was chosen by chance
Itr 37, LL= -4589134.599232 (5.671694). Anneal status: T=39.37, dE=28.49, candidate was rejected
Itr 38, LL= -4589132.001342 (0.566096). Anneal status: T=31.50, dE=47.18, candidate was rejected
Itr 39, LL= -4589156.850284 (-5.414737). Anneal status: T=31.50, dE=26.02, candidate was chosen by chance
Itr 40, LL= -4589132.412202 (5.325179). Anneal status: T=31.50, dE=1.58, candidate was chosen by chance
Itr 41, LL= -4589140.735844 (-1.813773). Anneal status: T=31.50, dE=19.66, candidate was chosen by chance
Itr 42, LL= -4589111.858577 (6.292522). Anneal status: T=31.50, dE=93.83, candidate was rejected
Itr 43, LL= -4589151.268886 (-8.587786). Anneal status: T=23.62, dE=43.37, candidate was chosen by chance
Itr 44, LL= -4589103.553832 (10.397359). Anneal status: T=23.62, dE=78.29, candidate was rejected
Itr 45, LL= -4589093.236557 (2.248211). Anneal status: T=23.62, dE=132.05, candidate was rejected
Itr 46, LL= -4589085.708362 (1.640454). Anneal status: T=23.62, dE=170.95, candidate was rejected
Itr 47, LL= -4589080.741935 (1.082226). Anneal status: T=23.62, dE=40.56, candidate was rejected
Itr 48, LL= -4589079.070454 (0.364230). Anneal status: T=15.75, dE=226.89, candidate was rejected
Itr 49, LL= -4589093.949541 (-3.242282). Anneal status: T=15.75, dE=16.45, candidate was chosen by chance
Itr 50, LL= -4589076.754149 (3.747012). Anneal status: T=15.75, dE=131.49, candidate was rejected
Itr 51, LL= -4589075.682200 (0.233587). Anneal status: T=15.75, dE=9.17, candidate was chosen by chance
Itr 52, LL= -4589059.285018 (3.573090). Anneal status: T=15.75, dE=244.72, candidate was rejected
Itr 53, LL= -4589057.098300 (0.476507). Anneal status: T=7.87, dE=82.16, candidate was rejected
Itr 54, LL= -4589055.613704 (0.323508). Anneal status: T=7.87, dE=13.76, candidate was rejected
Itr 55, LL= -4589054.226075 (0.302378). Anneal status: T=7.87, dE=79.21, candidate was rejected
-- Annealing statistics:
Portion of times candidate was better: 0.000000
Portion of times candidate was chosen by chance: 0.472727
--
EM for 7 states, 131 emission nodes. 22 observed values.
            gibbs: 0
    nGibbsItrPcnt: 0.8000
     annealParams: {}
           maxItr: 500
      convergeEps: 1.0000e-06
           minItr: 5
       parametric: 0
        initprobs: []
      persistBias: 0
          obsVals: []

- Initalized simulated annealing with params:
                     type: 'linear'
    max_chance_accpetance: 0.2000
             min_duration: 5
        min_init_duration: 5
             max_duration: 11
              converge_th: 1.0000e-06

--
Itr 1, LL= -16459816.893591 (Inf). Anneal status: T=NaN, dE=-1461.56, collecting statistics
Itr 2, LL= -4781292.525015 (Inf). Anneal status: T=NaN, dE=-1127.07, collecting statistics
Itr 3, LL= -4683445.635234 (Inf). Anneal status: T=NaN, dE=-73.71, collecting statistics
Itr 4, LL= -4621300.173591 (13269.175407). Anneal status: T=NaN, dE=-698.88, collecting statistics
Itr 5, LL= -4602658.213683 (4033.921020). Anneal status: T=NaN, dE=15.65, collecting statistics
Itr 6, LL= -4596043.674095 (1437.112921). Anneal status: T=NaN, dE=-10.60, collecting statistics
Itr 7, LL= -4593505.539053 (552.243456). Anneal status: T=NaN, dE=56.86, collecting statistics
Itr 8, LL= -4592311.029731 (260.043079). Anneal status: T=NaN, dE=5.26, collecting statistics
Itr 9, LL= -4591575.919420 (160.074156). Anneal status: T=3.80, dE=8.79, candidate was rejected
Itr 10, LL= -4591067.655556 (110.694862). Anneal status: T=3.80, dE=35.36, candidate was rejected
Itr 11, LL= -4590702.203878 (79.600587). Anneal status: T=3.80, dE=20.82, candidate was rejected
Itr 12, LL= -4590410.151232 (63.618295). Anneal status: T=3.80, dE=96.42, candidate was rejected
Itr 13, LL= -4590171.038778 (52.089562). Anneal status: T=3.80, dE=234.06, candidate was rejected
Itr 14, LL= -4589985.268759 (40.471263). Anneal status: T=3.42, dE=49.50, candidate was rejected
Itr 15, LL= -4589830.506407 (33.717396). Anneal status: T=3.42, dE=81.82, candidate was rejected
Itr 16, LL= -4589681.268243 (32.514962). Anneal status: T=3.42, dE=123.88, candidate was rejected
Itr 17, LL= -4589559.338595 (26.566038). Anneal status: T=3.42, dE=151.63, candidate was rejected
Itr 18, LL= -4589453.546858 (23.050522). Anneal status: T=3.42, dE=57.61, candidate was rejected
Itr 19, LL= -4589355.963026 (21.262625). Anneal status: T=3.04, dE=81.67, candidate was rejected
Itr 20, LL= -4589267.982106 (19.170646). Anneal status: T=3.04, dE=6.33, candidate was rejected
Itr 21, LL= -4589215.968451 (11.333758). Anneal status: T=3.04, dE=32.66, candidate was rejected
Itr 22, LL= -4589152.509782 (13.827780). Anneal status: T=3.04, dE=13.04, candidate was rejected
Itr 23, LL= -4589089.723205 (13.681519). Anneal status: T=3.04, dE=28.60, candidate was rejected
Itr 24, LL= -4589036.435171 (11.611896). Anneal status: T=2.66, dE=34.25, candidate was rejected
Itr 25, LL= -4588991.788578 (9.728969). Anneal status: T=2.66, dE=123.68, candidate was rejected
Itr 26, LL= -4588943.496735 (10.523410). Anneal status: T=2.66, dE=74.93, candidate was rejected
Itr 27, LL= -4588895.591920 (10.439182). Anneal status: T=2.66, dE=5.25, candidate was rejected
Itr 28, LL= -4588863.012929 (7.099528). Anneal status: T=2.66, dE=10.46, candidate was rejected
Itr 29, LL= -4588823.165106 (8.683594). Anneal status: T=2.28, dE=37.16, candidate was rejected
Itr 30, LL= -4588782.459830 (8.870526). Anneal status: T=2.28, dE=12.88, candidate was rejected
Itr 31, LL= -4588747.708932 (7.573010). Anneal status: T=2.28, dE=29.32, candidate was rejected
Itr 32, LL= -4588703.543558 (9.624712). Anneal status: T=2.28, dE=107.70, candidate was rejected
Itr 33, LL= -4588667.539543 (7.846228). Anneal status: T=2.28, dE=50.81, candidate was rejected
Itr 34, LL= -4588616.889971 (11.037969). Anneal status: T=1.90, dE=6.46, candidate was rejected
Itr 35, LL= -4588558.162222 (12.798573). Anneal status: T=1.90, dE=28.67, candidate was rejected
Itr 36, LL= -4588483.921568 (16.179517). Anneal status: T=1.90, dE=11.59, candidate was rejected
Itr 37, LL= -4588422.516762 (13.382374). Anneal status: T=1.90, dE=178.46, candidate was rejected
Itr 38, LL= -4588349.213845 (15.975625). Anneal status: T=1.90, dE=20.81, candidate was rejected
Itr 39, LL= -4588248.614703 (21.924910). Anneal status: T=1.52, dE=122.78, candidate was rejected
Itr 40, LL= -4588159.487887 (19.425019). Anneal status: T=1.52, dE=34.96, candidate was rejected
Itr 41, LL= -4588077.879315 (17.786777). Anneal status: T=1.52, dE=31.54, candidate was rejected
Itr 42, LL= -4587968.914234 (23.749615). Anneal status: T=1.52, dE=73.14, candidate was rejected
Itr 43, LL= -4587845.759702 (26.842931). Anneal status: T=1.52, dE=140.48, candidate was rejected
Itr 44, LL= -4587702.927215 (31.132801). Anneal status: T=1.14, dE=11.13, candidate was rejected
Itr 45, LL= -4587569.404267 (29.104532). Anneal status: T=1.14, dE=96.57, candidate was rejected
Itr 46, LL= -4587443.789418 (27.381569). Anneal status: T=1.14, dE=97.97, candidate was rejected
Itr 47, LL= -4587315.825177 (27.894454). Anneal status: T=1.14, dE=119.44, candidate was rejected
Itr 48, LL= -4587172.009913 (31.350635). Anneal status: T=1.14, dE=34.17, candidate was rejected
Itr 49, LL= -4587009.199068 (35.492640). Anneal status: T=0.76, dE=179.15, candidate was rejected
Itr 50, LL= -4586855.917237 (33.416508). Anneal status: T=0.76, dE=15.09, candidate was rejected
Itr 51, LL= -4586700.248063 (33.938100). Anneal status: T=0.76, dE=12.13, candidate was rejected
Itr 52, LL= -4586527.745224 (37.609355). Anneal status: T=0.76, dE=96.79, candidate was rejected
Itr 53, LL= -4586366.378534 (35.182757). Anneal status: T=0.76, dE=88.14, candidate was rejected
Itr 54, LL= -4586232.765178 (29.132726). Anneal status: T=0.38, dE=16.79, candidate was rejected
Itr 55, LL= -4586113.815266 (25.936301). Anneal status: T=0.38, dE=14.61, candidate was rejected
Itr 56, LL= -4585965.558902 (32.327232). Anneal status: T=0.38, dE=107.49, candidate was rejected
Itr 57, LL= -4585808.800236 (34.182260). Anneal status: T=0.38, dE=29.31, candidate was rejected
Itr 58, LL= -4585665.721525 (31.200322). Anneal status: T=0.38, dE=51.50, candidate was rejected
Itr 59, LL= -4585529.629786 (29.677640). Anneal status: T=0.00, dE=19.18, candidate was rejected
Itr 60, LL= -4585449.431774 (17.489367). Anneal status: T=0.00, dE=86.31, candidate was rejected
Itr 61, LL= -4585374.912560 (16.251234). Anneal status: T=0.00, dE=49.67, candidate was rejected
Itr 62, LL= -4585276.885911 (21.378110). Anneal status: T=0.00, dE=100.48, candidate was rejected
Itr 63, LL= -4585194.311994 (18.008491). Anneal status: T=0.00, dE=15.50, candidate was rejected
Itr 64, LL= -4585138.614454 (12.147259). Anneal status: T=0.00, dE=138.99, candidate was rejected
Itr 65, LL= -4585111.465077 (5.921168). Anneal status: T=0.00, dE=16.80, candidate was rejected
Itr 66, LL= -4585075.295231 (7.888542). Anneal status: T=0.00, dE=22.56, candidate was rejected
Itr 67, LL= -4585044.615913 (6.691126). Anneal status: T=0.00, dE=72.86, candidate was rejected
Itr 68, LL= -4584979.529351 (14.195404). Anneal status: T=0.00, dE=92.29, candidate was rejected
Itr 69, LL= -4584938.296561 (8.993015). Anneal status: T=0.00, dE=92.88, candidate was rejected
Itr 70, LL= -4584919.200526 (4.164949). Anneal status: T=0.00, dE=14.04, candidate was rejected
Itr 71, LL= -4584903.479262 (3.428908). Anneal status: T=0.00, dE=114.78, candidate was rejected
Itr 72, LL= -4584888.504273 (3.266151). Anneal status: T=0.00, dE=14.83, candidate was rejected
Itr 73, LL= -4584869.838552 (4.071140). Anneal status: T=0.00, dE=63.04, candidate was rejected
Itr 74, LL= -4584862.658115 (1.566116). Anneal status: T=0.00, dE=49.37, candidate was rejected
Itr 75, LL= -4584853.869216 (1.916939). Anneal status: T=0.00, dE=20.53, candidate was rejected
Itr 76, LL= -4584837.831414 (3.497996). Anneal status: T=0.00, dE=12.55, candidate was rejected
Itr 77, LL= -4584815.025750 (4.974148). Anneal status: T=0.00, dE=32.52, candidate was rejected
Itr 78, LL= -4584810.376757 (1.013998). Anneal status: T=0.00, dE=11.19, candidate was rejected
Itr 79, LL= -4584790.763122 (4.277960). Anneal status: T=0.00, dE=38.03, candidate was rejected
Itr 80, LL= -4584777.548204 (2.882338). Anneal status: T=0.00, dE=93.84, candidate was rejected
Itr 81, LL= -4584764.765105 (2.788161). Anneal status: T=0.00, dE=16.22, candidate was rejected
Itr 82, LL= -4584754.520505 (2.234488). Anneal status: T=0.00, dE=73.02, candidate was rejected
Itr 83, LL= -4584727.724971 (5.844486). Anneal status: T=0.00, dE=37.96, candidate was rejected
Itr 84, LL= -4584699.914035 (6.065995). Anneal status: T=0.00, dE=103.43, candidate was rejected
Itr 85, LL= -4584688.126620 (2.571033). Anneal status: T=0.00, dE=75.80, candidate was rejected
Itr 86, LL= -4584653.211663 (7.615558). Anneal status: T=0.00, dE=145.78, candidate was rejected
Itr 87, LL= -4584638.690233 (3.167400). Anneal status: T=0.00, dE=14.63, candidate was rejected
Itr 88, LL= -4584603.322398 (7.714421). Anneal status: T=0.00, dE=70.56, candidate was rejected
Itr 89, LL= -4584567.045270 (7.912817). Anneal status: T=0.00, dE=90.64, candidate was rejected
Itr 90, LL= -4584525.308730 (9.103704). Anneal status: T=0.00, dE=20.52, candidate was rejected
Itr 91, LL= -4584505.635488 (4.291228). Anneal status: T=0.00, dE=217.12, candidate was rejected
Itr 92, LL= -4584494.365989 (2.458171). Anneal status: T=0.00, dE=19.91, candidate was rejected
Itr 93, LL= -4584481.345294 (2.840159). Anneal status: T=0.00, dE=96.22, candidate was rejected
Itr 94, LL= -4584476.024320 (1.160649). Anneal status: T=0.00, dE=119.03, candidate was rejected
Itr 95, LL= -4584457.263817 (4.092181). Anneal status: T=0.00, dE=29.39, candidate was rejected
Itr 96, LL= -4584432.116282 (5.485390). Anneal status: T=0.00, dE=7.54, candidate was rejected
Itr 97, LL= -4584372.461595 (13.012449). Anneal status: T=0.00, dE=97.17, candidate was rejected
Itr 98, LL= -4584362.635638 (2.143359). Anneal status: T=0.00, dE=62.86, candidate was rejected
Itr 99, LL= -4584361.626180 (0.220196). Anneal status: T=0.00, dE=54.72, candidate was rejected
Itr 100, LL= -4584361.416475 (0.045743). Anneal status: T=0.00, dE=69.52, candidate was rejected
Itr 101, LL= -4584361.546743 (-0.028416). Anneal status: T=0.00, dE=20.84, candidate was rejected
-- Annealing statistics:
Portion of times candidate was better: 0.000000
Portion of times candidate was chosen by chance: 0.000000
--
EM for 7 states, 131 emission nodes. 22 observed values.
            gibbs: 0
    nGibbsItrPcnt: 0.8000
     annealParams: {}
           maxItr: 500
      convergeEps: 1.0000e-06
           minItr: 5
       parametric: 0
        initprobs: []
      persistBias: 0
          obsVals: []

- Initalized simulated annealing with params:
                     type: 'linear'
    max_chance_accpetance: 0.2000
             min_duration: 5
        min_init_duration: 5
             max_duration: 11
              converge_th: 1.0000e-06

--
Itr 1, LL= -16622559.597886 (Inf). Anneal status: T=NaN, dE=113.21, collecting statistics
Itr 2, LL= -4766001.675517 (Inf). Anneal status: T=NaN, dE=-522.85, collecting statistics
Itr 3, LL= -4660514.717400 (Inf). Anneal status: T=NaN, dE=-280.96, collecting statistics
Itr 4, LL= -4619384.649628 (8825.220017). Anneal status: T=NaN, dE=-138.16, collecting statistics
Itr 5, LL= -4605376.805233 (3032.404845). Anneal status: T=NaN, dE=-62.91, collecting statistics
Itr 6, LL= -4598962.869852 (1392.705885). Anneal status: T=NaN, dE=53.39, collecting statistics
Itr 7, LL= -4595931.114366 (659.225911). Anneal status: T=NaN, dE=37.17, collecting statistics
Itr 8, LL= -4594389.042950 (335.529706). Anneal status: T=10.22, dE=21.92, candidate was rejected
Itr 9, LL= -4593524.138375 (188.252359). Anneal status: T=10.22, dE=125.30, candidate was rejected
Itr 10, LL= -4592943.733835 (126.352779). Anneal status: T=10.22, dE=23.90, candidate was rejected
Itr 11, LL= -4592528.282817 (90.454193). Anneal status: T=10.22, dE=148.26, candidate was rejected
Itr 12, LL= -4592226.708978 (65.666191). Anneal status: T=10.22, dE=160.42, candidate was rejected
Itr 13, LL= -4591978.831807 (53.977555). Anneal status: T=9.19, dE=77.39, candidate was rejected
Itr 14, LL= -4591751.327952 (49.543751). Anneal status: T=9.19, dE=78.13, candidate was rejected
Itr 15, LL= -4591524.125076 (49.480658). Anneal status: T=9.19, dE=48.41, candidate was rejected
Itr 16, LL= -4591303.953087 (47.951831). Anneal status: T=9.19, dE=111.29, candidate was rejected
Itr 17, LL= -4591067.812088 (51.432230). Anneal status: T=9.19, dE=229.05, candidate was rejected
Itr 18, LL= -4590843.285647 (48.905059). Anneal status: T=8.17, dE=50.83, candidate was rejected
Itr 19, LL= -4590641.611097 (43.929740). Anneal status: T=8.17, dE=42.95, candidate was rejected
Itr 20, LL= -4590475.579123 (36.167488). Anneal status: T=8.17, dE=11.78, candidate was chosen by chance
Itr 21, LL= -4590329.181190 (31.891670). Anneal status: T=8.17, dE=47.82, candidate was rejected
Itr 22, LL= -4590199.217067 (28.312593). Anneal status: T=8.17, dE=21.28, candidate was rejected
Itr 23, LL= -4590084.482791 (24.995490). Anneal status: T=7.15, dE=114.12, candidate was rejected
Itr 24, LL= -4589973.806258 (24.112091). Anneal status: T=7.15, dE=26.78, candidate was rejected
Itr 25, LL= -4589866.630255 (23.350025). Anneal status: T=7.15, dE=165.08, candidate was rejected
Itr 26, LL= -4589749.466954 (25.526515). Anneal status: T=7.15, dE=79.10, candidate was rejected
Itr 27, LL= -4589685.352863 (13.968974). Anneal status: T=7.15, dE=11.12, candidate was rejected
Itr 28, LL= -4589630.442369 (11.963891). Anneal status: T=6.13, dE=8.91, candidate was rejected
Itr 29, LL= -4589590.566887 (8.688168). Anneal status: T=6.13, dE=44.46, candidate was rejected
Itr 30, LL= -4589545.630608 (9.790912). Anneal status: T=6.13, dE=96.17, candidate was rejected
Itr 31, LL= -4589517.289739 (6.175093). Anneal status: T=6.13, dE=20.27, candidate was rejected
Itr 32, LL= -4589489.284121 (6.102084). Anneal status: T=6.13, dE=94.71, candidate was rejected
Itr 33, LL= -4589461.111604 (6.138486). Anneal status: T=5.11, dE=35.78, candidate was rejected
Itr 34, LL= -4589441.863861 (4.193900). Anneal status: T=5.11, dE=80.29, candidate was rejected
Itr 35, LL= -4589433.845505 (1.747131). Anneal status: T=5.11, dE=64.43, candidate was rejected
Itr 36, LL= -4589425.367696 (1.847245). Anneal status: T=5.11, dE=123.33, candidate was rejected
Itr 37, LL= -4589411.576785 (3.004932). Anneal status: T=5.11, dE=8.75, candidate was rejected
Itr 38, LL= -4589397.182291 (3.136457). Anneal status: T=4.09, dE=152.67, candidate was rejected
Itr 39, LL= -4589377.911942 (4.198885). Anneal status: T=4.09, dE=209.22, candidate was rejected
Itr 40, LL= -4589371.136076 (1.476423). Anneal status: T=4.09, dE=27.15, candidate was rejected
Itr 41, LL= -4589366.645996 (0.978365). Anneal status: T=4.09, dE=19.20, candidate was rejected
Itr 42, LL= -4589357.199990 (2.058238). Anneal status: T=4.09, dE=31.47, candidate was rejected
Itr 43, LL= -4589351.480534 (1.246243). Anneal status: T=3.06, dE=14.77, candidate was rejected
Itr 44, LL= -4589346.772951 (1.025762). Anneal status: T=3.06, dE=71.58, candidate was rejected
Itr 45, LL= -4589342.266884 (0.981854). Anneal status: T=3.06, dE=12.15, candidate was rejected
Itr 46, LL= -4589332.390064 (2.152121). Anneal status: T=3.06, dE=12.78, candidate was rejected
Itr 47, LL= -4589324.005987 (1.826862). Anneal status: T=3.06, dE=46.13, candidate was rejected
Itr 48, LL= -4589315.686960 (1.812691). Anneal status: T=2.04, dE=38.82, candidate was rejected
Itr 49, LL= -4589313.373057 (0.504193). Anneal status: T=2.04, dE=9.17, candidate was rejected
Itr 50, LL= -4589310.527314 (0.620080). Anneal status: T=2.04, dE=36.18, candidate was rejected
Itr 51, LL= -4589307.657172 (0.625397). Anneal status: T=2.04, dE=188.15, candidate was rejected
-- Annealing statistics:
Portion of times candidate was better: 0.000000
Portion of times candidate was chosen by chance: 0.019608
--
>> 