My SLURM_ARRAY_TASK_ID:  4

                            < M A T L A B (R) >
                  Copyright 1984-2014 The MathWorks, Inc.
                   R2014b (8.4.0.150421) 64-bit (glnxa64)
                             September 15, 2014

 
For online documentation, see http://www.mathworks.com/support
For product information, visit www.mathworks.com.
 
EM for 4 states, 131 emission nodes. 22 observed values.
            gibbs: 0
    nGibbsItrPcnt: 0.8000
     annealParams: {}
           maxItr: 500
      convergeEps: 1.0000e-06
           minItr: 5
       parametric: 0
        initprobs: []
      persistBias: 0
          obsVals: []

- Initalized simulated annealing with params:
                     type: 'linear'
    max_chance_accpetance: 0.2000
             min_duration: 5
        min_init_duration: 5
             max_duration: 11
              converge_th: 1.0000e-06

--
Itr 1, LL= -16753971.681747 (Inf). Anneal status: T=NaN, dE=70.54, collecting statistics
Itr 2, LL= -4792651.426614 (Inf). Anneal status: T=NaN, dE=-770.91, collecting statistics
Itr 3, LL= -4710924.377248 (Inf). Anneal status: T=NaN, dE=-363.78, collecting statistics
Itr 4, LL= -4672658.004689 (8122.901048). Anneal status: T=NaN, dE=-33.10, collecting statistics
Itr 5, LL= -4664137.674085 (1823.444086). Anneal status: T=NaN, dE=-15.28, collecting statistics
Itr 6, LL= -4660301.493141 (822.484500). Anneal status: T=NaN, dE=0.16, collecting statistics
Itr 7, LL= -4658098.561525 (472.701524). Anneal status: T=NaN, dE=-1.45, collecting statistics
Itr 8, LL= -4656619.333679 (317.560444). Anneal status: T=NaN, dE=22.20, collecting statistics
Itr 9, LL= -4655598.429997 (219.237092). Anneal status: T=0.10, dE=118.31, candidate was rejected
Itr 10, LL= -4654809.672787 (169.421230). Anneal status: T=0.10, dE=257.10, candidate was rejected
Itr 11, LL= -4654165.072937 (138.480388). Anneal status: T=0.10, dE=300.45, candidate was rejected
Itr 12, LL= -4653642.588723 (112.261642). Anneal status: T=0.10, dE=5.13, candidate was rejected
Itr 13, LL= -4653222.548875 (90.260444). Anneal status: T=0.10, dE=419.76, candidate was rejected
Itr 14, LL= -4652928.597767 (63.171513). Anneal status: T=0.09, dE=73.34, candidate was rejected
Itr 15, LL= -4652687.514650 (51.813199). Anneal status: T=0.09, dE=7.69, candidate was rejected
Itr 16, LL= -4652445.331863 (52.052236). Anneal status: T=0.09, dE=317.93, candidate was rejected
Itr 17, LL= -4652268.494847 (38.009477). Anneal status: T=0.09, dE=3.67, candidate was rejected
Itr 18, LL= -4652120.233496 (31.868615). Anneal status: T=0.09, dE=7.18, candidate was rejected
Itr 19, LL= -4651975.218247 (31.171862). Anneal status: T=0.08, dE=3.50, candidate was rejected
Itr 20, LL= -4651858.180643 (25.158690). Anneal status: T=0.08, dE=11.01, candidate was rejected
Itr 21, LL= -4651752.502356 (22.717435). Anneal status: T=0.08, dE=11.11, candidate was rejected
Itr 22, LL= -4651649.552268 (22.131463). Anneal status: T=0.08, dE=202.15, candidate was rejected
Itr 23, LL= -4651561.257463 (18.981397). Anneal status: T=0.08, dE=145.52, candidate was rejected
Itr 24, LL= -4651493.666828 (14.530742). Anneal status: T=0.07, dE=7.23, candidate was rejected
Itr 25, LL= -4651415.865220 (16.726156). Anneal status: T=0.07, dE=39.98, candidate was rejected
Itr 26, LL= -4651354.162935 (13.265269). Anneal status: T=0.07, dE=44.62, candidate was rejected
Itr 27, LL= -4651294.760326 (12.771036). Anneal status: T=0.07, dE=12.01, candidate was rejected
Itr 28, LL= -4651248.409461 (9.965153). Anneal status: T=0.07, dE=93.58, candidate was rejected
Itr 29, LL= -4651213.871652 (7.425492). Anneal status: T=0.06, dE=285.13, candidate was rejected
Itr 30, LL= -4651197.215431 (3.581048). Anneal status: T=0.06, dE=243.27, candidate was rejected
Itr 31, LL= -4651182.727029 (3.114983). Anneal status: T=0.06, dE=64.51, candidate was rejected
Itr 32, LL= -4651159.647442 (4.962090). Anneal status: T=0.06, dE=8.70, candidate was rejected
Itr 33, LL= -4651149.940386 (2.087018). Anneal status: T=0.06, dE=64.44, candidate was rejected
Itr 34, LL= -4651143.723326 (1.336671). Anneal status: T=0.05, dE=0.24, candidate was rejected
Itr 35, LL= -4651139.081697 (0.997954). Anneal status: T=0.05, dE=2.02, candidate was rejected
Itr 36, LL= -4651135.588250 (0.751095). Anneal status: T=0.05, dE=72.00, candidate was rejected
Itr 37, LL= -4651132.672789 (0.626828). Anneal status: T=0.05, dE=41.34, candidate was rejected
-- Annealing statistics:
Portion of times candidate was better: 0.000000
Portion of times candidate was chosen by chance: 0.000000
--
EM for 4 states, 131 emission nodes. 22 observed values.
            gibbs: 0
    nGibbsItrPcnt: 0.8000
     annealParams: {}
           maxItr: 500
      convergeEps: 1.0000e-06
           minItr: 5
       parametric: 0
        initprobs: []
      persistBias: 0
          obsVals: []

- Initalized simulated annealing with params:
                     type: 'linear'
    max_chance_accpetance: 0.2000
             min_duration: 5
        min_init_duration: 5
             max_duration: 11
              converge_th: 1.0000e-06

--
Itr 1, LL= -16576516.145839 (Inf). Anneal status: T=NaN, dE=3291.86, collecting statistics
Itr 2, LL= -4779296.031860 (Inf). Anneal status: T=NaN, dE=80.83, collecting statistics
Itr 3, LL= -4722427.194636 (Inf). Anneal status: T=NaN, dE=89.37, collecting statistics
Itr 4, LL= -4691939.004170 (6456.042457). Anneal status: T=NaN, dE=380.03, collecting statistics
Itr 5, LL= -4669852.351291 (4707.361468). Anneal status: T=34.44, dE=110.87, candidate was rejected
Itr 6, LL= -4659695.810543 (2174.916889). Anneal status: T=34.44, dE=59.70, candidate was rejected
Itr 7, LL= -4654019.140838 (1218.248988). Anneal status: T=34.44, dE=295.12, candidate was rejected
Itr 8, LL= -4651209.926016 (603.610500). Anneal status: T=34.44, dE=17.33, candidate was chosen by chance
Itr 9, LL= -4649775.547534 (308.388248). Anneal status: T=34.44, dE=76.89, candidate was rejected
Itr 10, LL= -4648990.846349 (168.761089). Anneal status: T=31.00, dE=12.11, candidate was chosen by chance
Itr 11, LL= -4648495.475242 (106.554546). Anneal status: T=31.00, dE=11.65, candidate was chosen by chance
Itr 12, LL= -4648158.320024 (72.529966). Anneal status: T=31.00, dE=10.98, candidate was rejected
Itr 13, LL= -4647966.061541 (41.362292). Anneal status: T=31.00, dE=4.08, candidate was chosen by chance
Itr 14, LL= -4647830.565723 (29.151637). Anneal status: T=31.00, dE=64.13, candidate was rejected
Itr 15, LL= -4647745.927364 (18.210294). Anneal status: T=27.56, dE=10.44, candidate was chosen by chance
Itr 16, LL= -4647648.808991 (20.895801). Anneal status: T=27.56, dE=3.74, candidate was rejected
Itr 17, LL= -4647577.420264 (15.360181). Anneal status: T=27.56, dE=61.14, candidate was rejected
Itr 18, LL= -4647507.640615 (15.014198). Anneal status: T=27.56, dE=106.28, candidate was rejected
Itr 19, LL= -4647459.791587 (10.295632). Anneal status: T=27.56, dE=358.80, candidate was rejected
Itr 20, LL= -4647418.777476 (8.825060). Anneal status: T=24.11, dE=133.01, candidate was rejected
Itr 21, LL= -4647398.558063 (4.350676). Anneal status: T=24.11, dE=6.89, candidate was chosen by chance
Itr 22, LL= -4647373.715106 (5.345562). Anneal status: T=24.11, dE=68.24, candidate was rejected
Itr 23, LL= -4647359.797851 (2.994649). Anneal status: T=24.11, dE=221.77, candidate was rejected
Itr 24, LL= -4647345.524069 (3.071374). Anneal status: T=24.11, dE=162.61, candidate was rejected
Itr 25, LL= -4647326.327661 (4.130618). Anneal status: T=20.67, dE=31.17, candidate was rejected
Itr 26, LL= -4647313.896696 (2.674864). Anneal status: T=20.67, dE=47.23, candidate was rejected
Itr 27, LL= -4647305.961928 (1.707388). Anneal status: T=20.67, dE=40.11, candidate was rejected
Itr 28, LL= -4647301.660073 (0.925666). Anneal status: T=20.67, dE=3.22, candidate was chosen by chance
Itr 29, LL= -4647295.515475 (1.322186). Anneal status: T=20.67, dE=6.75, candidate was chosen by chance
Itr 30, LL= -4647268.561254 (5.799980). Anneal status: T=17.22, dE=8.10, candidate was rejected
Itr 31, LL= -4647262.141435 (1.381418). Anneal status: T=17.22, dE=4.28, candidate was rejected
Itr 32, LL= -4647261.273819 (0.186694). Anneal status: T=17.22, dE=2.73, candidate was chosen by chance
Itr 33, LL= -4647256.810393 (0.960442). Anneal status: T=17.22, dE=1.08, candidate was chosen by chance
Itr 34, LL= -4647252.900061 (0.841428). Anneal status: T=17.22, dE=22.18, candidate was rejected
-- Annealing statistics:
Portion of times candidate was better: 0.000000
Portion of times candidate was chosen by chance: 0.294118
--
EM for 4 states, 131 emission nodes. 22 observed values.
            gibbs: 0
    nGibbsItrPcnt: 0.8000
     annealParams: {}
           maxItr: 500
      convergeEps: 1.0000e-06
           minItr: 5
       parametric: 0
        initprobs: []
      persistBias: 0
          obsVals: []

- Initalized simulated annealing with params:
                     type: 'linear'
    max_chance_accpetance: 0.2000
             min_duration: 5
        min_init_duration: 5
             max_duration: 11
              converge_th: 1.0000e-06

--
Itr 1, LL= -16930403.985076 (Inf). Anneal status: T=NaN, dE=9.76, collecting statistics
Itr 2, LL= -4791188.962979 (Inf). Anneal status: T=NaN, dE=-36.36, collecting statistics
Itr 3, LL= -4709961.180709 (Inf). Anneal status: T=NaN, dE=-398.46, collecting statistics
Itr 4, LL= -4669415.800603 (8608.431906). Anneal status: T=NaN, dE=-450.80, collecting statistics
Itr 5, LL= -4659611.900096 (2099.598949). Anneal status: T=NaN, dE=289.75, collecting statistics
Itr 6, LL= -4657209.259991 (515.630949). Anneal status: T=NaN, dE=135.88, collecting statistics
Itr 7, LL= -4656027.108538 (253.832582). Anneal status: T=NaN, dE=-0.87, collecting statistics
Itr 8, LL= -4655289.198684 (158.484870). Anneal status: T=22.62, dE=8.77, candidate was chosen by chance
Itr 9, LL= -4654671.855347 (132.611168). Anneal status: T=22.62, dE=28.11, candidate was rejected
Itr 10, LL= -4654079.704505 (127.216453). Anneal status: T=22.62, dE=57.05, candidate was rejected
Itr 11, LL= -4653488.981925 (126.925755). Anneal status: T=22.62, dE=3.16, candidate was chosen by chance
Itr 12, LL= -4652827.770970 (142.089292). Anneal status: T=22.62, dE=56.26, candidate was rejected
Itr 13, LL= -4652214.155559 (131.880104). Anneal status: T=20.36, dE=48.34, candidate was rejected
Itr 14, LL= -4651667.864019 (117.426138). Anneal status: T=20.36, dE=0.30, candidate was chosen by chance
Itr 15, LL= -4651136.713656 (114.184929). Anneal status: T=20.36, dE=295.93, candidate was rejected
Itr 16, LL= -4650651.218203 (104.382108). Anneal status: T=20.36, dE=292.08, candidate was rejected
Itr 17, LL= -4650229.917238 (90.589671). Anneal status: T=20.36, dE=166.00, candidate was rejected
Itr 18, LL= -4649895.905419 (71.826947). Anneal status: T=18.10, dE=332.22, candidate was rejected
Itr 19, LL= -4649625.093451 (58.240436). Anneal status: T=18.10, dE=312.98, candidate was rejected
Itr 20, LL= -4649392.846815 (49.949540). Anneal status: T=18.10, dE=26.50, candidate was rejected
Itr 21, LL= -4649241.780755 (32.491567). Anneal status: T=18.10, dE=10.71, candidate was chosen by chance
Itr 22, LL= -4649146.747127 (20.440673). Anneal status: T=18.10, dE=7.91, candidate was chosen by chance
Itr 23, LL= -4649064.596320 (17.670083). Anneal status: T=15.84, dE=188.46, candidate was rejected
Itr 24, LL= -4649001.131634 (13.651066). Anneal status: T=15.84, dE=10.02, candidate was rejected
Itr 25, LL= -4648954.180066 (10.099281). Anneal status: T=15.84, dE=0.93, candidate was chosen by chance
Itr 26, LL= -4648905.631133 (10.442979). Anneal status: T=15.84, dE=229.53, candidate was rejected
Itr 27, LL= -4648880.885521 (5.322890). Anneal status: T=15.84, dE=190.99, candidate was rejected
Itr 28, LL= -4648869.612557 (2.424877). Anneal status: T=13.57, dE=7.30, candidate was chosen by chance
Itr 29, LL= -4648861.165215 (1.817074). Anneal status: T=13.57, dE=11.67, candidate was chosen by chance
Itr 30, LL= -4648805.727854 (11.924934). Anneal status: T=13.57, dE=273.97, candidate was rejected
Itr 31, LL= -4648773.126087 (7.012934). Anneal status: T=13.57, dE=254.93, candidate was rejected
Itr 32, LL= -4648760.793138 (2.652947). Anneal status: T=13.57, dE=3.52, candidate was chosen by chance
Itr 33, LL= -4648743.700852 (3.676740). Anneal status: T=11.31, dE=276.14, candidate was rejected
Itr 34, LL= -4648727.764369 (3.428127). Anneal status: T=11.31, dE=0.51, candidate was chosen by chance
Itr 35, LL= -4648731.329461 (-0.766896). Anneal status: T=11.31, dE=8.19, candidate was chosen by chance
Itr 36, LL= -4648718.892690 (2.675304). Anneal status: T=11.31, dE=77.20, candidate was rejected
Itr 37, LL= -4648716.470961 (0.520945). Anneal status: T=11.31, dE=3.37, candidate was chosen by chance
Itr 38, LL= -4648696.868170 (4.216818). Anneal status: T=9.05, dE=116.33, candidate was rejected
Itr 39, LL= -4648683.245271 (2.930477). Anneal status: T=9.05, dE=79.91, candidate was rejected
Itr 40, LL= -4648682.310604 (0.201060). Anneal status: T=9.05, dE=8.94, candidate was chosen by chance
Itr 41, LL= -4648665.143978 (3.692794). Anneal status: T=9.05, dE=214.66, candidate was rejected
Itr 42, LL= -4648657.942298 (1.549193). Anneal status: T=9.05, dE=44.73, candidate was rejected
Itr 43, LL= -4648648.740430 (1.979468). Anneal status: T=6.79, dE=7.83, candidate was rejected
Itr 44, LL= -4648646.018352 (0.585563). Anneal status: T=6.79, dE=53.35, candidate was rejected
Itr 45, LL= -4648643.301317 (0.584479). Anneal status: T=6.79, dE=13.94, candidate was rejected
Itr 46, LL= -4648641.073955 (0.479142). Anneal status: T=6.79, dE=36.11, candidate was rejected
-- Annealing statistics:
Portion of times candidate was better: 0.000000
Portion of times candidate was chosen by chance: 0.282609
--
EM for 4 states, 131 emission nodes. 22 observed values.
            gibbs: 0
    nGibbsItrPcnt: 0.8000
     annealParams: {}
           maxItr: 500
      convergeEps: 1.0000e-06
           minItr: 5
       parametric: 0
        initprobs: []
      persistBias: 0
          obsVals: []

- Initalized simulated annealing with params:
                     type: 'linear'
    max_chance_accpetance: 0.2000
             min_duration: 5
        min_init_duration: 5
             max_duration: 11
              converge_th: 1.0000e-06

--
Itr 1, LL= -16808835.428320 (Inf). Anneal status: T=NaN, dE=419.03, collecting statistics
Itr 2, LL= -4794374.177497 (Inf). Anneal status: T=NaN, dE=109.16, collecting statistics
Itr 3, LL= -4724098.635448 (Inf). Anneal status: T=NaN, dE=-758.51, collecting statistics
Itr 4, LL= -4689234.933618 (7379.969074). Anneal status: T=NaN, dE=-500.99, collecting statistics
Itr 5, LL= -4668224.254520 (4480.619844). Anneal status: T=NaN, dE=-71.03, collecting statistics
Itr 6, LL= -4659378.960550 (1894.787715). Anneal status: T=NaN, dE=55.31, collecting statistics
Itr 7, LL= -4656540.014182 (609.297160). Anneal status: T=25.55, dE=49.44, candidate was rejected
Itr 8, LL= -4654950.529466 (341.344584). Anneal status: T=25.55, dE=33.72, candidate was rejected
Itr 9, LL= -4653560.779433 (298.553126). Anneal status: T=25.55, dE=0.53, candidate was chosen by chance
Itr 10, LL= -4652303.688511 (270.135275). Anneal status: T=25.55, dE=180.36, candidate was rejected
Itr 11, LL= -4651370.048467 (200.683383). Anneal status: T=25.55, dE=94.19, candidate was rejected
Itr 12, LL= -4650718.066602 (140.169855). Anneal status: T=22.99, dE=7.87, candidate was chosen by chance
Itr 13, LL= -4650271.798620 (95.956791). Anneal status: T=22.99, dE=-0.51, candidate was better
Itr 14, LL= -4650025.795315 (52.900844). Anneal status: T=22.99, dE=8.61, candidate was chosen by chance
Itr 15, LL= -4649864.984644 (34.582748). Anneal status: T=22.99, dE=158.54, candidate was rejected
Itr 16, LL= -4649772.006479 (19.995885). Anneal status: T=22.99, dE=223.40, candidate was rejected
Itr 17, LL= -4649702.768400 (14.890640). Anneal status: T=20.44, dE=14.43, candidate was rejected
Itr 18, LL= -4649637.157846 (14.110699). Anneal status: T=20.44, dE=6.74, candidate was rejected
Itr 19, LL= -4649591.526940 (9.813864). Anneal status: T=20.44, dE=8.52, candidate was chosen by chance
Itr 20, LL= -4649540.503328 (10.973784). Anneal status: T=20.44, dE=10.60, candidate was chosen by chance
Itr 21, LL= -4649496.510760 (9.461702). Anneal status: T=20.44, dE=148.58, candidate was rejected
Itr 22, LL= -4649471.454671 (5.388990). Anneal status: T=17.88, dE=7.95, candidate was chosen by chance
Itr 23, LL= -4649420.348238 (10.991880). Anneal status: T=17.88, dE=218.07, candidate was rejected
Itr 24, LL= -4649388.713327 (6.804055). Anneal status: T=17.88, dE=3.74, candidate was rejected
Itr 25, LL= -4649360.926116 (5.976530). Anneal status: T=17.88, dE=5.64, candidate was chosen by chance
Itr 26, LL= -4649343.426633 (3.763847). Anneal status: T=17.88, dE=10.09, candidate was chosen by chance
Itr 27, LL= -4649312.009140 (6.757404). Anneal status: T=15.33, dE=199.31, candidate was rejected
Itr 28, LL= -4649305.191796 (1.466312). Anneal status: T=15.33, dE=14.84, candidate was chosen by chance
Itr 29, LL= -4649267.482521 (8.110733). Anneal status: T=15.33, dE=13.44, candidate was rejected
Itr 30, LL= -4649255.095067 (2.664388). Anneal status: T=15.33, dE=469.61, candidate was rejected
Itr 31, LL= -4649243.643547 (2.463087). Anneal status: T=15.33, dE=38.15, candidate was rejected
Itr 32, LL= -4649230.983772 (2.722975). Anneal status: T=12.77, dE=30.12, candidate was rejected
Itr 33, LL= -4649219.790698 (2.407511). Anneal status: T=12.77, dE=236.49, candidate was rejected
Itr 34, LL= -4649211.047174 (1.880643). Anneal status: T=12.77, dE=0.85, candidate was rejected
Itr 35, LL= -4649200.631616 (2.240285). Anneal status: T=12.77, dE=1.12, candidate was rejected
Itr 36, LL= -4649192.356949 (1.779804). Anneal status: T=12.77, dE=4.99, candidate was chosen by chance
Itr 37, LL= -4649176.632477 (3.382194). Anneal status: T=10.22, dE=7.26, candidate was rejected
Itr 38, LL= -4649154.606309 (4.737649). Anneal status: T=10.22, dE=56.47, candidate was rejected
Itr 39, LL= -4649134.528955 (4.318496). Anneal status: T=10.22, dE=5.04, candidate was chosen by chance
Itr 40, LL= -4649122.063428 (2.681257). Anneal status: T=10.22, dE=4.86, candidate was chosen by chance
Itr 41, LL= -4649112.176972 (2.126521). Anneal status: T=10.22, dE=3.10, candidate was chosen by chance
Itr 42, LL= -4649102.299413 (2.124612). Anneal status: T=7.66, dE=149.79, candidate was rejected
Itr 43, LL= -4649095.620523 (1.436598). Anneal status: T=7.66, dE=12.71, candidate was rejected
Itr 44, LL= -4649092.463338 (0.679097). Anneal status: T=7.66, dE=6.27, candidate was chosen by chance
Itr 45, LL= -4649085.237059 (1.554342). Anneal status: T=7.66, dE=8.62, candidate was chosen by chance
Itr 46, LL= -4649069.720504 (3.337550). Anneal status: T=7.66, dE=4.57, candidate was rejected
Itr 47, LL= -4649063.873070 (1.257764). Anneal status: T=5.11, dE=7.74, candidate was rejected
Itr 48, LL= -4649058.282025 (1.202617). Anneal status: T=5.11, dE=188.91, candidate was rejected
Itr 49, LL= -4649049.286113 (1.934997). Anneal status: T=5.11, dE=9.06, candidate was rejected
Itr 50, LL= -4649042.797375 (1.395713). Anneal status: T=5.11, dE=69.99, candidate was rejected
Itr 51, LL= -4649037.163184 (1.211903). Anneal status: T=5.11, dE=115.54, candidate was rejected
Itr 52, LL= -4649027.200487 (2.142959). Anneal status: T=2.55, dE=49.35, candidate was rejected
Itr 53, LL= -4649018.945532 (1.775631). Anneal status: T=2.55, dE=47.14, candidate was rejected
Itr 54, LL= -4649005.518065 (2.888237). Anneal status: T=2.55, dE=20.66, candidate was rejected
Itr 55, LL= -4648989.092363 (3.533165). Anneal status: T=2.55, dE=280.66, candidate was rejected
Itr 56, LL= -4648981.667314 (1.597132). Anneal status: T=2.55, dE=8.15, candidate was rejected
Itr 57, LL= -4648974.500094 (1.541675). Anneal status: T=0.00, dE=312.01, candidate was rejected
Itr 58, LL= -4648964.372600 (2.178436). Anneal status: T=0.00, dE=80.02, candidate was rejected
Itr 59, LL= -4648953.844737 (2.264561). Anneal status: T=0.00, dE=7.42, candidate was rejected
Itr 60, LL= -4648944.666398 (1.974281). Anneal status: T=0.00, dE=256.33, candidate was rejected
Itr 61, LL= -4648925.322220 (4.160982). Anneal status: T=0.00, dE=144.06, candidate was rejected
Itr 62, LL= -4648918.442726 (1.479803). Anneal status: T=0.00, dE=20.71, candidate was rejected
Itr 63, LL= -4648913.181968 (1.131609). Anneal status: T=0.00, dE=26.42, candidate was rejected
Itr 64, LL= -4648905.471166 (1.658625). Anneal status: T=0.00, dE=108.31, candidate was rejected
Itr 65, LL= -4648893.497442 (2.575601). Anneal status: T=0.00, dE=148.75, candidate was rejected
Itr 66, LL= -4648884.942357 (1.840241). Anneal status: T=0.00, dE=170.47, candidate was rejected
Itr 67, LL= -4648869.434170 (3.335894). Anneal status: T=0.00, dE=150.96, candidate was rejected
Itr 68, LL= -4648863.119359 (1.358354). Anneal status: T=0.00, dE=76.05, candidate was rejected
Itr 69, LL= -4648855.869609 (1.559467). Anneal status: T=0.00, dE=6.48, candidate was rejected
Itr 70, LL= -4648849.080423 (1.460399). Anneal status: T=0.00, dE=100.80, candidate was rejected
Itr 71, LL= -4648841.289262 (1.675933). Anneal status: T=0.00, dE=192.41, candidate was rejected
Itr 72, LL= -4648830.892049 (2.236517). Anneal status: T=0.00, dE=290.55, candidate was rejected
Itr 73, LL= -4648815.387900 (3.335064). Anneal status: T=0.00, dE=5.07, candidate was rejected
Itr 74, LL= -4648793.789459 (4.646010). Anneal status: T=0.00, dE=10.51, candidate was rejected
Itr 75, LL= -4648785.036342 (1.882879). Anneal status: T=0.00, dE=5.01, candidate was rejected
Itr 76, LL= -4648778.904150 (1.319096). Anneal status: T=0.00, dE=19.81, candidate was rejected
Itr 77, LL= -4648768.516070 (2.234583). Anneal status: T=0.00, dE=257.74, candidate was rejected
Itr 78, LL= -4648754.696378 (2.972764). Anneal status: T=0.00, dE=5.86, candidate was rejected
Itr 79, LL= -4648743.019627 (2.511802). Anneal status: T=0.00, dE=15.32, candidate was rejected
Itr 80, LL= -4648731.286032 (2.524036). Anneal status: T=0.00, dE=128.16, candidate was rejected
Itr 81, LL= -4648712.797606 (3.977091). Anneal status: T=0.00, dE=241.61, candidate was rejected
Itr 82, LL= -4648705.414645 (1.588173). Anneal status: T=0.00, dE=18.83, candidate was rejected
Itr 83, LL= -4648700.972057 (0.955661). Anneal status: T=0.00, dE=103.01, candidate was rejected
Itr 84, LL= -4648696.975729 (0.859666). Anneal status: T=0.00, dE=63.90, candidate was rejected
Itr 85, LL= -4648692.771275 (0.904437). Anneal status: T=0.00, dE=211.76, candidate was rejected
-- Annealing statistics:
Portion of times candidate was better: 0.011765
Portion of times candidate was chosen by chance: 0.176471
--
>> 