My SLURM_ARRAY_TASK_ID:  24

                            < M A T L A B (R) >
                  Copyright 1984-2014 The MathWorks, Inc.
                   R2014b (8.4.0.150421) 64-bit (glnxa64)
                             September 15, 2014

 
For online documentation, see http://www.mathworks.com/support
For product information, visit www.mathworks.com.
 
EM for 24 states, 54 emission nodes. 10 observed values.
            gibbs: 0
    nGibbsItrPcnt: 0.8000
     annealParams: {}
           maxItr: 500
      convergeEps: 1.0000e-06
           minItr: 5
       parametric: 0
        initprobs: []
      persistBias: 0
          obsVals: []

- Initalized simulated annealing with params:
                     type: 'linear'
    max_chance_accpetance: 0.2000
             min_duration: 5
        min_init_duration: 5
             max_duration: 11
              converge_th: 1.0000e-06

--
Itr 1, LL= -2792835.775537 (Inf). Anneal status: T=NaN, dE=-569.92, collecting statistics
Itr 2, LL= -829394.833574 (Inf). Anneal status: T=NaN, dE=-240.98, collecting statistics
Itr 3, LL= -812988.445183 (Inf). Anneal status: T=NaN, dE=-179.07, collecting statistics
Itr 4, LL= -803461.323122 (11718.643871). Anneal status: T=NaN, dE=-89.56, collecting statistics
Itr 5, LL= -797954.611465 (6853.735828). Anneal status: T=NaN, dE=-261.60, collecting statistics
Itr 6, LL= -793954.422542 (5013.053206). Anneal status: T=NaN, dE=-5.88, collecting statistics
Itr 7, LL= -791420.708406 (3191.258925). Anneal status: T=NaN, dE=-38.51, collecting statistics
Itr 8, LL= -789959.182835 (1846.711306). Anneal status: T=NaN, dE=-1.19, collecting statistics
Itr 9, LL= -789046.334607 (1155.563791). Anneal status: T=NaN, dE=18.00, collecting statistics
Itr 10, LL= -788431.112148 (779.703843). Anneal status: T=NaN, dE=-5.43, collecting statistics
Itr 11, LL= -787973.001842 (581.040371). Anneal status: T=NaN, dE=4.41, collecting statistics
Itr 12, LL= -787603.852787 (468.479318). Anneal status: T=NaN, dE=27.71, collecting statistics
Itr 13, LL= -787299.245064 (386.752454). Anneal status: T=0.03, dE=0.38, candidate was rejected
Itr 14, LL= -787069.973588 (291.212620). Anneal status: T=0.03, dE=7.89, candidate was rejected
Itr 15, LL= -786882.814114 (237.792675). Anneal status: T=0.03, dE=17.05, candidate was rejected
Itr 16, LL= -786728.737976 (195.805697). Anneal status: T=0.03, dE=2.04, candidate was rejected
Itr 17, LL= -786598.218506 (165.901490). Anneal status: T=0.03, dE=3.73, candidate was rejected
Itr 18, LL= -786488.942564 (138.922184). Anneal status: T=0.03, dE=16.52, candidate was rejected
Itr 19, LL= -786398.020658 (115.604811). Anneal status: T=0.03, dE=5.07, candidate was rejected
Itr 20, LL= -786316.701631 (103.406958). Anneal status: T=0.03, dE=23.25, candidate was rejected
Itr 21, LL= -786234.382146 (104.689987). Anneal status: T=0.03, dE=27.27, candidate was rejected
Itr 22, LL= -786160.016238 (94.584909). Anneal status: T=0.03, dE=25.64, candidate was rejected
Itr 23, LL= -786096.022588 (81.400286). Anneal status: T=0.03, dE=20.89, candidate was rejected
Itr 24, LL= -786042.403149 (68.209783). Anneal status: T=0.03, dE=5.71, candidate was rejected
Itr 25, LL= -785995.020960 (60.279431). Anneal status: T=0.03, dE=33.81, candidate was rejected
Itr 26, LL= -785954.350881 (51.743430). Anneal status: T=0.03, dE=8.36, candidate was rejected
Itr 27, LL= -785914.951902 (50.128839). Anneal status: T=0.03, dE=17.51, candidate was rejected
Itr 28, LL= -785876.888446 (48.432029). Anneal status: T=0.02, dE=12.96, candidate was rejected
Itr 29, LL= -785836.606655 (51.257127). Anneal status: T=0.02, dE=13.02, candidate was rejected
Itr 30, LL= -785791.513428 (57.382446). Anneal status: T=0.02, dE=13.85, candidate was rejected
Itr 31, LL= -785751.039159 (51.507644). Anneal status: T=0.02, dE=26.29, candidate was rejected
Itr 32, LL= -785715.130134 (45.700257). Anneal status: T=0.02, dE=8.36, candidate was rejected
Itr 33, LL= -785679.239176 (45.679353). Anneal status: T=0.02, dE=5.86, candidate was rejected
Itr 34, LL= -785644.753412 (43.892929). Anneal status: T=0.02, dE=20.24, candidate was rejected
Itr 35, LL= -785607.079026 (47.953463). Anneal status: T=0.02, dE=7.50, candidate was rejected
Itr 36, LL= -785572.748495 (43.699366). Anneal status: T=0.02, dE=9.21, candidate was rejected
Itr 37, LL= -785541.945745 (39.210563). Anneal status: T=0.02, dE=7.70, candidate was rejected
Itr 38, LL= -785512.454811 (37.542150). Anneal status: T=0.02, dE=1.40, candidate was rejected
Itr 39, LL= -785488.707123 (30.232096). Anneal status: T=0.02, dE=22.20, candidate was rejected
Itr 40, LL= -785464.217783 (31.177202). Anneal status: T=0.02, dE=24.02, candidate was rejected
Itr 41, LL= -785435.883326 (36.073518). Anneal status: T=0.02, dE=15.94, candidate was rejected
Itr 42, LL= -785410.416775 (32.423462). Anneal status: T=0.02, dE=24.22, candidate was rejected
Itr 43, LL= -785385.553197 (31.656797). Anneal status: T=0.01, dE=17.24, candidate was rejected
Itr 44, LL= -785360.104236 (32.403145). Anneal status: T=0.01, dE=22.38, candidate was rejected
Itr 45, LL= -785328.668417 (40.027267). Anneal status: T=0.01, dE=21.77, candidate was rejected
Itr 46, LL= -785295.485105 (42.254044). Anneal status: T=0.01, dE=31.05, candidate was rejected
Itr 47, LL= -785268.497904 (34.365664). Anneal status: T=0.01, dE=9.37, candidate was rejected
Itr 48, LL= -785242.753049 (32.784781). Anneal status: T=0.01, dE=16.03, candidate was rejected
Itr 49, LL= -785219.678817 (29.384838). Anneal status: T=0.01, dE=22.41, candidate was rejected
Itr 50, LL= -785196.854005 (29.068060). Anneal status: T=0.01, dE=10.23, candidate was rejected
Itr 51, LL= -785169.782634 (34.477177). Anneal status: T=0.01, dE=12.85, candidate was rejected
Itr 52, LL= -785137.047720 (41.691510). Anneal status: T=0.01, dE=28.59, candidate was rejected
Itr 53, LL= -785106.975800 (38.301491). Anneal status: T=0.01, dE=36.70, candidate was rejected
Itr 54, LL= -785073.988244 (42.016638). Anneal status: T=0.01, dE=7.53, candidate was rejected
Itr 55, LL= -785044.000606 (38.197213). Anneal status: T=0.01, dE=19.57, candidate was rejected
Itr 56, LL= -785015.360382 (36.482317). Anneal status: T=0.01, dE=12.31, candidate was rejected
Itr 57, LL= -784986.055468 (37.330370). Anneal status: T=0.01, dE=6.39, candidate was rejected
Itr 58, LL= -784954.803934 (39.811578). Anneal status: T=0.00, dE=9.97, candidate was rejected
Itr 59, LL= -784922.408835 (41.270018). Anneal status: T=0.00, dE=20.76, candidate was rejected
Itr 60, LL= -784889.610730 (41.785156). Anneal status: T=0.00, dE=29.61, candidate was rejected
Itr 61, LL= -784858.632451 (39.468325). Anneal status: T=0.00, dE=19.36, candidate was rejected
Itr 62, LL= -784829.508673 (37.107037). Anneal status: T=0.00, dE=7.74, candidate was rejected
Itr 63, LL= -784804.174003 (32.280476). Anneal status: T=0.00, dE=3.01, candidate was rejected
Itr 64, LL= -784778.356043 (32.897327). Anneal status: T=0.00, dE=8.41, candidate was rejected
Itr 65, LL= -784747.188383 (39.715239). Anneal status: T=0.00, dE=9.89, candidate was rejected
Itr 66, LL= -784712.696252 (43.953176). Anneal status: T=0.00, dE=19.90, candidate was rejected
Itr 67, LL= -784679.477305 (42.332623). Anneal status: T=0.00, dE=7.58, candidate was rejected
Itr 68, LL= -784648.564266 (39.395753). Anneal status: T=0.00, dE=22.53, candidate was rejected
Itr 69, LL= -784618.276083 (38.600954). Anneal status: T=0.00, dE=14.32, candidate was rejected
Itr 70, LL= -784587.942845 (38.659868). Anneal status: T=0.00, dE=17.45, candidate was rejected
Itr 71, LL= -784560.876257 (34.497838). Anneal status: T=0.00, dE=8.72, candidate was rejected
Itr 72, LL= -784533.734256 (34.595150). Anneal status: T=0.00, dE=23.49, candidate was rejected
Itr 73, LL= -784494.418082 (50.114064). Anneal status: T=0.00, dE=29.55, candidate was rejected
Itr 74, LL= -784463.222061 (39.765765). Anneal status: T=0.00, dE=30.46, candidate was rejected
Itr 75, LL= -784438.330470 (31.730731). Anneal status: T=0.00, dE=28.03, candidate was rejected
Itr 76, LL= -784416.805440 (27.440054). Anneal status: T=0.00, dE=11.96, candidate was rejected
Itr 77, LL= -784395.455795 (27.217220). Anneal status: T=0.00, dE=25.76, candidate was rejected
Itr 78, LL= -784378.657935 (21.415040). Anneal status: T=0.00, dE=14.08, candidate was rejected
Itr 79, LL= -784364.307390 (18.295429). Anneal status: T=0.00, dE=6.84, candidate was rejected
Itr 80, LL= -784350.066526 (18.155931). Anneal status: T=0.00, dE=2.37, candidate was rejected
Itr 81, LL= -784335.988607 (17.948515). Anneal status: T=0.00, dE=25.69, candidate was rejected
Itr 82, LL= -784324.190188 (15.042558). Anneal status: T=0.00, dE=5.66, candidate was rejected
Itr 83, LL= -784314.138020 (12.816343). Anneal status: T=0.00, dE=16.21, candidate was rejected
Itr 84, LL= -784305.137371 (11.475822). Anneal status: T=0.00, dE=19.64, candidate was rejected
Itr 85, LL= -784295.830717 (11.866114). Anneal status: T=0.00, dE=16.19, candidate was rejected
Itr 86, LL= -784285.135638 (13.636537). Anneal status: T=0.00, dE=16.82, candidate was rejected
Itr 87, LL= -784273.884319 (14.345955). Anneal status: T=0.00, dE=5.43, candidate was rejected
Itr 88, LL= -784263.908703 (12.719556). Anneal status: T=0.00, dE=19.27, candidate was rejected
Itr 89, LL= -784256.936742 (8.889815). Anneal status: T=0.00, dE=26.33, candidate was rejected
Itr 90, LL= -784251.242034 (7.261279). Anneal status: T=0.00, dE=13.74, candidate was rejected
Itr 91, LL= -784246.144850 (6.499427). Anneal status: T=0.00, dE=33.66, candidate was rejected
Itr 92, LL= -784241.411491 (6.035553). Anneal status: T=0.00, dE=10.39, candidate was rejected
Itr 93, LL= -784236.152953 (6.705254). Anneal status: T=0.00, dE=11.61, candidate was rejected
Itr 94, LL= -784229.474270 (8.516164). Anneal status: T=0.00, dE=13.38, candidate was rejected
Itr 95, LL= -784222.844718 (8.453586). Anneal status: T=0.00, dE=17.42, candidate was rejected
Itr 96, LL= -784218.263256 (5.842042). Anneal status: T=0.00, dE=23.25, candidate was rejected
Itr 97, LL= -784214.550739 (4.734035). Anneal status: T=0.00, dE=55.69, candidate was rejected
Itr 98, LL= -784211.236663 (4.225982). Anneal status: T=0.00, dE=23.90, candidate was rejected
Itr 99, LL= -784208.156656 (3.927522). Anneal status: T=0.00, dE=36.43, candidate was rejected
Itr 100, LL= -784205.011101 (4.011122). Anneal status: T=0.00, dE=11.10, candidate was rejected
Itr 101, LL= -784201.516042 (4.456818). Anneal status: T=0.00, dE=28.71, candidate was rejected
Itr 102, LL= -784195.447996 (7.737866). Anneal status: T=0.00, dE=10.66, candidate was rejected
Itr 103, LL= -784182.073915 (17.054524). Anneal status: T=0.00, dE=27.95, candidate was rejected
Itr 104, LL= -784173.927946 (10.387855). Anneal status: T=0.00, dE=10.72, candidate was rejected
Itr 105, LL= -784167.499573 (8.197637). Anneal status: T=0.00, dE=21.73, candidate was rejected
Itr 106, LL= -784163.442584 (5.173625). Anneal status: T=0.00, dE=15.78, candidate was rejected
Itr 107, LL= -784160.392305 (3.889851). Anneal status: T=0.00, dE=21.10, candidate was rejected
Itr 108, LL= -784156.380264 (5.116352). Anneal status: T=0.00, dE=29.45, candidate was rejected
Itr 109, LL= -784152.958265 (4.363924). Anneal status: T=0.00, dE=8.96, candidate was rejected
Itr 110, LL= -784149.891012 (3.911550). Anneal status: T=0.00, dE=7.06, candidate was rejected
Itr 111, LL= -784146.554001 (4.255578). Anneal status: T=0.00, dE=20.03, candidate was rejected
Itr 112, LL= -784144.189445 (3.015451). Anneal status: T=0.00, dE=9.93, candidate was rejected
Itr 113, LL= -784142.314272 (2.391362). Anneal status: T=0.00, dE=22.84, candidate was rejected
Itr 114, LL= -784140.522073 (2.285554). Anneal status: T=0.00, dE=18.38, candidate was rejected
Itr 115, LL= -784138.647172 (2.391026). Anneal status: T=0.00, dE=17.07, candidate was rejected
Itr 116, LL= -784136.609170 (2.599033). Anneal status: T=0.00, dE=18.20, candidate was rejected
Itr 117, LL= -784134.455848 (2.746106). Anneal status: T=0.00, dE=18.51, candidate was rejected
Itr 118, LL= -784132.035452 (3.086712). Anneal status: T=0.00, dE=27.09, candidate was rejected
Itr 119, LL= -784128.602091 (4.378550). Anneal status: T=0.00, dE=6.49, candidate was rejected
Itr 120, LL= -784119.823850 (11.194899). Anneal status: T=0.00, dE=8.90, candidate was rejected
Itr 121, LL= -784113.818331 (7.658930). Anneal status: T=0.00, dE=29.98, candidate was rejected
Itr 122, LL= -784109.952843 (4.929754). Anneal status: T=0.00, dE=18.51, candidate was rejected
Itr 123, LL= -784106.336643 (4.611853). Anneal status: T=0.00, dE=59.34, candidate was rejected
Itr 124, LL= -784101.369528 (6.334747). Anneal status: T=0.00, dE=44.58, candidate was rejected
Itr 125, LL= -784095.935002 (6.930897). Anneal status: T=0.00, dE=11.87, candidate was rejected
Itr 126, LL= -784084.353534 (14.770473). Anneal status: T=0.00, dE=5.58, candidate was rejected
Itr 127, LL= -784071.488060 (16.408278). Anneal status: T=0.00, dE=24.69, candidate was rejected
Itr 128, LL= -784064.199264 (9.296085). Anneal status: T=0.00, dE=11.48, candidate was rejected
Itr 129, LL= -784059.033954 (6.587867). Anneal status: T=0.00, dE=12.72, candidate was rejected
Itr 130, LL= -784055.631066 (4.340092). Anneal status: T=0.00, dE=10.09, candidate was rejected
Itr 131, LL= -784052.298880 (4.249936). Anneal status: T=0.00, dE=26.10, candidate was rejected
Itr 132, LL= -784048.509241 (4.833400). Anneal status: T=0.00, dE=10.74, candidate was rejected
Itr 133, LL= -784045.355264 (4.022682). Anneal status: T=0.00, dE=19.66, candidate was rejected
Itr 134, LL= -784042.941671 (3.078384). Anneal status: T=0.00, dE=24.50, candidate was rejected
Itr 135, LL= -784040.755188 (2.788728). Anneal status: T=0.00, dE=18.67, candidate was rejected
Itr 136, LL= -784038.407219 (2.994703). Anneal status: T=0.00, dE=16.86, candidate was rejected
Itr 137, LL= -784036.367785 (2.601192). Anneal status: T=0.00, dE=11.72, candidate was rejected
Itr 138, LL= -784035.070965 (1.654031). Anneal status: T=0.00, dE=8.14, candidate was rejected
Itr 139, LL= -784034.108996 (1.226946). Anneal status: T=0.00, dE=41.36, candidate was rejected
Itr 140, LL= -784033.228199 (1.123417). Anneal status: T=0.00, dE=3.88, candidate was rejected
Itr 141, LL= -784032.370032 (1.094555). Anneal status: T=0.00, dE=9.77, candidate was rejected
Itr 142, LL= -784031.493055 (1.118547). Anneal status: T=0.00, dE=4.52, candidate was rejected
Itr 143, LL= -784030.490163 (1.279148). Anneal status: T=0.00, dE=18.22, candidate was rejected
Itr 144, LL= -784028.909416 (2.016181). Anneal status: T=0.00, dE=19.58, candidate was rejected
Itr 145, LL= -784025.089570 (4.872072). Anneal status: T=0.00, dE=14.71, candidate was rejected
Itr 146, LL= -784018.081644 (8.938395). Anneal status: T=0.00, dE=18.58, candidate was rejected
Itr 147, LL= -784011.942256 (7.830671). Anneal status: T=0.00, dE=29.37, candidate was rejected
Itr 148, LL= -784008.023226 (4.998687). Anneal status: T=0.00, dE=17.98, candidate was rejected
Itr 149, LL= -784005.227427 (3.566034). Anneal status: T=0.00, dE=19.84, candidate was rejected
Itr 150, LL= -784003.017351 (2.818956). Anneal status: T=0.00, dE=10.61, candidate was rejected
Itr 151, LL= -784001.404734 (2.056901). Anneal status: T=0.00, dE=10.44, candidate was rejected
Itr 152, LL= -783999.898617 (1.921065). Anneal status: T=0.00, dE=23.94, candidate was rejected
Itr 153, LL= -783997.523105 (3.029990). Anneal status: T=0.00, dE=18.44, candidate was rejected
Itr 154, LL= -783993.885127 (4.640293). Anneal status: T=0.00, dE=39.88, candidate was rejected
Itr 155, LL= -783991.140611 (3.500685). Anneal status: T=0.00, dE=10.87, candidate was rejected
Itr 156, LL= -783988.557140 (3.295281). Anneal status: T=0.00, dE=14.39, candidate was rejected
Itr 157, LL= -783986.317352 (2.856914). Anneal status: T=0.00, dE=12.34, candidate was rejected
Itr 158, LL= -783984.912340 (1.792139). Anneal status: T=0.00, dE=6.04, candidate was rejected
Itr 159, LL= -783983.799808 (1.419073). Anneal status: T=0.00, dE=34.93, candidate was rejected
Itr 160, LL= -783982.759902 (1.326438). Anneal status: T=0.00, dE=9.85, candidate was rejected
Itr 161, LL= -783981.929438 (1.059289). Anneal status: T=0.00, dE=18.84, candidate was rejected
Itr 162, LL= -783981.226939 (0.896065). Anneal status: T=0.00, dE=16.53, candidate was rejected
Itr 163, LL= -783980.377569 (1.083407). Anneal status: T=0.00, dE=15.52, candidate was rejected
Itr 164, LL= -783978.721864 (2.111921). Anneal status: T=0.00, dE=23.16, candidate was rejected
Itr 165, LL= -783976.911163 (2.309630). Anneal status: T=0.00, dE=21.81, candidate was rejected
Itr 166, LL= -783975.996771 (1.166351). Anneal status: T=0.00, dE=8.66, candidate was rejected
Itr 167, LL= -783975.145055 (1.086406). Anneal status: T=0.00, dE=19.70, candidate was rejected
Itr 168, LL= -783974.530313 (0.784134). Anneal status: T=0.00, dE=10.65, candidate was rejected
Itr 169, LL= -783974.109507 (0.536760). Anneal status: T=0.00, dE=12.08, candidate was rejected
Itr 170, LL= -783973.642348 (0.595886). Anneal status: T=0.00, dE=33.28, candidate was rejected
-- Annealing statistics:
Portion of times candidate was better: 0.000000
Portion of times candidate was chosen by chance: 0.000000
--
EM for 24 states, 54 emission nodes. 10 observed values.
            gibbs: 0
    nGibbsItrPcnt: 0.8000
     annealParams: {}
           maxItr: 500
      convergeEps: 1.0000e-06
           minItr: 5
       parametric: 0
        initprobs: []
      persistBias: 0
          obsVals: []

- Initalized simulated annealing with params:
                     type: 'linear'
    max_chance_accpetance: 0.2000
             min_duration: 5
        min_init_duration: 5
             max_duration: 11
              converge_th: 1.0000e-06

--
Itr 1, LL= -2825644.631554 (Inf). Anneal status: T=NaN, dE=-1137.03, collecting statistics
Itr 2, LL= -831768.054275 (Inf). Anneal status: T=NaN, dE=-67.94, collecting statistics
Itr 3, LL= -816957.767300 (Inf). Anneal status: T=NaN, dE=-400.64, collecting statistics
Itr 4, LL= -805685.042644 (13798.417871). Anneal status: T=NaN, dE=-124.40, collecting statistics
Itr 5, LL= -799910.613958 (7167.104241). Anneal status: T=NaN, dE=-72.01, collecting statistics
Itr 6, LL= -796654.704827 (4070.341203). Anneal status: T=NaN, dE=-28.22, collecting statistics
Itr 7, LL= -794180.318252 (3105.971207). Anneal status: T=NaN, dE=-8.90, collecting statistics
Itr 8, LL= -792077.655625 (2647.588436). Anneal status: T=NaN, dE=-23.94, collecting statistics
Itr 9, LL= -790347.089687 (2184.843778). Anneal status: T=NaN, dE=13.98, collecting statistics
Itr 10, LL= -788856.117491 (1886.477746). Anneal status: T=NaN, dE=0.44, collecting statistics
Itr 11, LL= -787641.214006 (1540.082480). Anneal status: T=NaN, dE=-13.70, collecting statistics
Itr 12, LL= -786767.754384 (1108.956218). Anneal status: T=NaN, dE=11.73, collecting statistics
Itr 13, LL= -786183.143148 (743.054392). Anneal status: T=NaN, dE=-2.25, collecting statistics
Itr 14, LL= -785753.651557 (546.299670). Anneal status: T=1.17, dE=5.80, candidate was rejected
Itr 15, LL= -785463.712172 (368.995275). Anneal status: T=1.17, dE=14.29, candidate was rejected
Itr 16, LL= -785272.528624 (243.402140). Anneal status: T=1.17, dE=35.59, candidate was rejected
Itr 17, LL= -785129.928801 (181.592782). Anneal status: T=1.17, dE=15.85, candidate was rejected
Itr 18, LL= -785023.311978 (135.795133). Anneal status: T=1.17, dE=25.07, candidate was rejected
Itr 19, LL= -784945.981344 (98.507436). Anneal status: T=1.06, dE=8.77, candidate was rejected
Itr 20, LL= -784885.477529 (77.080228). Anneal status: T=1.06, dE=1.48, candidate was rejected
Itr 21, LL= -784835.462914 (63.722181). Anneal status: T=1.06, dE=15.35, candidate was rejected
Itr 22, LL= -784794.198824 (52.576741). Anneal status: T=1.06, dE=23.31, candidate was rejected
Itr 23, LL= -784764.806384 (37.452417). Anneal status: T=1.06, dE=5.94, candidate was rejected
Itr 24, LL= -784740.931570 (30.422891). Anneal status: T=0.94, dE=14.53, candidate was rejected
Itr 25, LL= -784714.007089 (34.310025). Anneal status: T=0.94, dE=10.52, candidate was rejected
Itr 26, LL= -784688.868512 (32.035337). Anneal status: T=0.94, dE=25.40, candidate was rejected
Itr 27, LL= -784665.722264 (29.497357). Anneal status: T=0.94, dE=45.93, candidate was rejected
Itr 28, LL= -784645.372006 (25.934939). Anneal status: T=0.94, dE=15.48, candidate was rejected
Itr 29, LL= -784627.473419 (22.811054). Anneal status: T=0.82, dE=21.50, candidate was rejected
Itr 30, LL= -784605.077242 (28.543708). Anneal status: T=0.82, dE=16.36, candidate was rejected
Itr 31, LL= -784581.142551 (30.505398). Anneal status: T=0.82, dE=40.94, candidate was rejected
Itr 32, LL= -784560.825230 (25.895755). Anneal status: T=0.82, dE=11.87, candidate was rejected
Itr 33, LL= -784546.942684 (17.694672). Anneal status: T=0.82, dE=12.03, candidate was rejected
Itr 34, LL= -784536.048264 (13.886257). Anneal status: T=0.70, dE=22.91, candidate was rejected
Itr 35, LL= -784527.119442 (11.381021). Anneal status: T=0.70, dE=21.28, candidate was rejected
Itr 36, LL= -784518.908658 (10.465903). Anneal status: T=0.70, dE=21.88, candidate was rejected
Itr 37, LL= -784510.570232 (10.628712). Anneal status: T=0.70, dE=13.53, candidate was rejected
Itr 38, LL= -784502.172886 (10.703929). Anneal status: T=0.70, dE=25.81, candidate was rejected
Itr 39, LL= -784494.474483 (9.813107). Anneal status: T=0.59, dE=8.56, candidate was rejected
Itr 40, LL= -784487.445336 (8.960097). Anneal status: T=0.59, dE=31.32, candidate was rejected
Itr 41, LL= -784480.732327 (8.557191). Anneal status: T=0.59, dE=12.51, candidate was rejected
Itr 42, LL= -784474.330924 (8.160052). Anneal status: T=0.59, dE=10.58, candidate was rejected
Itr 43, LL= -784467.314395 (8.944243). Anneal status: T=0.59, dE=8.23, candidate was rejected
Itr 44, LL= -784460.509717 (8.674265). Anneal status: T=0.47, dE=34.19, candidate was rejected
Itr 45, LL= -784455.008887 (7.012247). Anneal status: T=0.47, dE=15.14, candidate was rejected
Itr 46, LL= -784449.280972 (7.301776). Anneal status: T=0.47, dE=18.15, candidate was rejected
Itr 47, LL= -784443.220555 (7.725697). Anneal status: T=0.47, dE=28.82, candidate was rejected
Itr 48, LL= -784437.442865 (7.365338). Anneal status: T=0.47, dE=9.94, candidate was rejected
Itr 49, LL= -784431.326179 (7.797545). Anneal status: T=0.35, dE=11.97, candidate was rejected
Itr 50, LL= -784425.566417 (7.342596). Anneal status: T=0.35, dE=13.94, candidate was rejected
Itr 51, LL= -784421.205376 (5.559536). Anneal status: T=0.35, dE=15.64, candidate was rejected
Itr 52, LL= -784416.962246 (5.409249). Anneal status: T=0.35, dE=36.41, candidate was rejected
Itr 53, LL= -784411.288350 (7.233266). Anneal status: T=0.35, dE=25.96, candidate was rejected
Itr 54, LL= -784402.973255 (10.600428). Anneal status: T=0.23, dE=45.28, candidate was rejected
Itr 55, LL= -784392.770498 (13.007035). Anneal status: T=0.23, dE=1.60, candidate was rejected
Itr 56, LL= -784385.515531 (9.249152). Anneal status: T=0.23, dE=20.76, candidate was rejected
Itr 57, LL= -784378.065731 (9.497626). Anneal status: T=0.23, dE=15.12, candidate was rejected
Itr 58, LL= -784369.398055 (11.050380). Anneal status: T=0.23, dE=10.61, candidate was rejected
Itr 59, LL= -784362.785278 (8.430692). Anneal status: T=0.12, dE=14.69, candidate was rejected
Itr 60, LL= -784357.371857 (6.901680). Anneal status: T=0.12, dE=4.83, candidate was rejected
Itr 61, LL= -784352.781632 (5.852212). Anneal status: T=0.12, dE=8.22, candidate was rejected
Itr 62, LL= -784348.479919 (5.484410). Anneal status: T=0.12, dE=4.38, candidate was rejected
Itr 63, LL= -784344.137758 (5.536010). Anneal status: T=0.12, dE=45.71, candidate was rejected
Itr 64, LL= -784339.190553 (6.307442). Anneal status: T=0.00, dE=20.64, candidate was rejected
Itr 65, LL= -784333.999582 (6.618273). Anneal status: T=0.00, dE=17.04, candidate was rejected
Itr 66, LL= -784329.912273 (5.211184). Anneal status: T=0.00, dE=14.50, candidate was rejected
Itr 67, LL= -784326.740761 (4.043594). Anneal status: T=0.00, dE=27.24, candidate was rejected
Itr 68, LL= -784323.659610 (3.928402). Anneal status: T=0.00, dE=12.61, candidate was rejected
Itr 69, LL= -784319.597784 (5.178763). Anneal status: T=0.00, dE=53.16, candidate was rejected
Itr 70, LL= -784316.181375 (4.355890). Anneal status: T=0.00, dE=4.97, candidate was rejected
Itr 71, LL= -784309.839449 (8.085930). Anneal status: T=0.00, dE=37.66, candidate was rejected
Itr 72, LL= -784308.137233 (2.170336). Anneal status: T=0.00, dE=10.92, candidate was rejected
Itr 73, LL= -784306.622544 (1.931242). Anneal status: T=0.00, dE=9.25, candidate was rejected
Itr 74, LL= -784305.111678 (1.926372). Anneal status: T=0.00, dE=6.24, candidate was rejected
Itr 75, LL= -784303.712450 (1.784035). Anneal status: T=0.00, dE=20.36, candidate was rejected
Itr 76, LL= -784302.353729 (1.732392). Anneal status: T=0.00, dE=8.17, candidate was rejected
Itr 77, LL= -784300.882919 (1.875310). Anneal status: T=0.00, dE=9.62, candidate was rejected
Itr 78, LL= -784299.214244 (2.127596). Anneal status: T=0.00, dE=26.24, candidate was rejected
Itr 79, LL= -784297.422956 (2.283934). Anneal status: T=0.00, dE=9.16, candidate was rejected
Itr 80, LL= -784295.629643 (2.286522). Anneal status: T=0.00, dE=57.51, candidate was rejected
Itr 81, LL= -784293.830563 (2.293880). Anneal status: T=0.00, dE=17.39, candidate was rejected
Itr 82, LL= -784291.957545 (2.388159). Anneal status: T=0.00, dE=18.85, candidate was rejected
Itr 83, LL= -784289.887117 (2.639868). Anneal status: T=0.00, dE=12.20, candidate was rejected
Itr 84, LL= -784287.549245 (2.980878). Anneal status: T=0.00, dE=9.06, candidate was rejected
Itr 85, LL= -784285.222837 (2.966269). Anneal status: T=0.00, dE=13.53, candidate was rejected
Itr 86, LL= -784283.168792 (2.619002). Anneal status: T=0.00, dE=5.39, candidate was rejected
Itr 87, LL= -784281.244789 (2.453199). Anneal status: T=0.00, dE=22.04, candidate was rejected
Itr 88, LL= -784279.071724 (2.770773). Anneal status: T=0.00, dE=32.15, candidate was rejected
Itr 89, LL= -784276.314899 (3.515107). Anneal status: T=0.00, dE=22.15, candidate was rejected
Itr 90, LL= -784273.778286 (3.234336). Anneal status: T=0.00, dE=11.71, candidate was rejected
Itr 91, LL= -784271.643246 (2.722314). Anneal status: T=0.00, dE=16.31, candidate was rejected
Itr 92, LL= -784269.477708 (2.761209). Anneal status: T=0.00, dE=18.17, candidate was rejected
Itr 93, LL= -784266.967680 (3.200467). Anneal status: T=0.00, dE=15.27, candidate was rejected
Itr 94, LL= -784263.494333 (4.428781). Anneal status: T=0.00, dE=50.46, candidate was rejected
Itr 95, LL= -784258.815094 (5.966411). Anneal status: T=0.00, dE=17.71, candidate was rejected
Itr 96, LL= -784255.420703 (4.328152). Anneal status: T=0.00, dE=26.12, candidate was rejected
Itr 97, LL= -784253.380406 (2.601572). Anneal status: T=0.00, dE=12.45, candidate was rejected
Itr 98, LL= -784251.758508 (2.068080). Anneal status: T=0.00, dE=9.67, candidate was rejected
Itr 99, LL= -784250.321845 (1.831890). Anneal status: T=0.00, dE=27.12, candidate was rejected
Itr 100, LL= -784248.950541 (1.748554). Anneal status: T=0.00, dE=16.03, candidate was rejected
Itr 101, LL= -784247.502907 (1.845885). Anneal status: T=0.00, dE=24.16, candidate was rejected
Itr 102, LL= -784245.798179 (2.173712). Anneal status: T=0.00, dE=3.93, candidate was rejected
Itr 103, LL= -784243.673376 (2.709358). Anneal status: T=0.00, dE=3.27, candidate was rejected
Itr 104, LL= -784241.128151 (3.245452). Anneal status: T=0.00, dE=5.90, candidate was rejected
Itr 105, LL= -784238.400151 (3.478522). Anneal status: T=0.00, dE=9.00, candidate was rejected
Itr 106, LL= -784235.371346 (3.862098). Anneal status: T=0.00, dE=13.94, candidate was rejected
Itr 107, LL= -784232.783175 (3.300248). Anneal status: T=0.00, dE=12.14, candidate was rejected
Itr 108, LL= -784230.712753 (2.640060). Anneal status: T=0.00, dE=36.36, candidate was rejected
Itr 109, LL= -784226.829879 (4.951189). Anneal status: T=0.00, dE=7.37, candidate was rejected
Itr 110, LL= -784223.273895 (4.534381). Anneal status: T=0.00, dE=3.55, candidate was rejected
Itr 111, LL= -784219.786691 (4.446699). Anneal status: T=0.00, dE=9.81, candidate was rejected
Itr 112, LL= -784217.900806 (2.404791). Anneal status: T=0.00, dE=8.65, candidate was rejected
Itr 113, LL= -784216.058591 (2.349111). Anneal status: T=0.00, dE=14.82, candidate was rejected
Itr 114, LL= -784213.768172 (2.920649). Anneal status: T=0.00, dE=12.28, candidate was rejected
Itr 115, LL= -784212.210550 (1.986221). Anneal status: T=0.00, dE=23.65, candidate was rejected
Itr 116, LL= -784211.298327 (1.163235). Anneal status: T=0.00, dE=39.53, candidate was rejected
Itr 117, LL= -784210.586618 (0.907546). Anneal status: T=0.00, dE=21.56, candidate was rejected
Itr 118, LL= -784209.897708 (0.878477). Anneal status: T=0.00, dE=17.75, candidate was rejected
Itr 119, LL= -784209.111375 (1.002707). Anneal status: T=0.00, dE=19.88, candidate was rejected
Itr 120, LL= -784208.145762 (1.231320). Anneal status: T=0.00, dE=12.28, candidate was rejected
Itr 121, LL= -784207.076818 (1.363087). Anneal status: T=0.00, dE=45.24, candidate was rejected
Itr 122, LL= -784206.063866 (1.291690). Anneal status: T=0.00, dE=13.33, candidate was rejected
Itr 123, LL= -784205.156963 (1.156461). Anneal status: T=0.00, dE=7.69, candidate was rejected
Itr 124, LL= -784204.350563 (1.028302). Anneal status: T=0.00, dE=34.35, candidate was rejected
Itr 125, LL= -784203.616055 (0.936628). Anneal status: T=0.00, dE=17.35, candidate was rejected
Itr 126, LL= -784202.906424 (0.904906). Anneal status: T=0.00, dE=17.26, candidate was rejected
Itr 127, LL= -784202.167858 (0.941806). Anneal status: T=0.00, dE=15.46, candidate was rejected
-- Annealing statistics:
Portion of times candidate was better: 0.000000
Portion of times candidate was chosen by chance: 0.000000
--
EM for 24 states, 54 emission nodes. 10 observed values.
            gibbs: 0
    nGibbsItrPcnt: 0.8000
     annealParams: {}
           maxItr: 500
      convergeEps: 1.0000e-06
           minItr: 5
       parametric: 0
        initprobs: []
      persistBias: 0
          obsVals: []

- Initalized simulated annealing with params:
                     type: 'linear'
    max_chance_accpetance: 0.2000
             min_duration: 5
        min_init_duration: 5
             max_duration: 11
              converge_th: 1.0000e-06

--
Itr 1, LL= -2803897.309787 (Inf). Anneal status: T=NaN, dE=-1298.32, collecting statistics
Itr 2, LL= -833223.289949 (Inf). Anneal status: T=NaN, dE=-46.18, collecting statistics
Itr 3, LL= -821449.979840 (Inf). Anneal status: T=NaN, dE=25.19, collecting statistics
Itr 4, LL= -808396.604464 (15890.651525). Anneal status: T=NaN, dE=-69.31, collecting statistics
Itr 5, LL= -801444.839127 (8599.448958). Anneal status: T=NaN, dE=-38.05, collecting statistics
Itr 6, LL= -797402.830264 (5043.402447). Anneal status: T=NaN, dE=-53.46, collecting statistics
Itr 7, LL= -794488.377690 (3654.931313). Anneal status: T=NaN, dE=-11.19, collecting statistics
Itr 8, LL= -792164.207443 (2925.367208). Anneal status: T=NaN, dE=-60.71, collecting statistics
Itr 9, LL= -790402.345621 (2224.111876). Anneal status: T=NaN, dE=-32.26, collecting statistics
Itr 10, LL= -789157.196417 (1575.335917). Anneal status: T=NaN, dE=2.51, collecting statistics
Itr 11, LL= -788227.974817 (1177.486063). Anneal status: T=NaN, dE=27.32, collecting statistics
Itr 12, LL= -787480.341203 (948.499214). Anneal status: T=0.41, dE=2.53, candidate was rejected
Itr 13, LL= -786881.365910 (760.622534). Anneal status: T=0.41, dE=9.75, candidate was rejected
Itr 14, LL= -786403.837286 (606.862285). Anneal status: T=0.41, dE=18.37, candidate was rejected
Itr 15, LL= -786009.894856 (500.941643). Anneal status: T=0.41, dE=11.38, candidate was rejected
Itr 16, LL= -785689.252676 (407.936569). Anneal status: T=0.41, dE=8.88, candidate was rejected
Itr 17, LL= -785420.098397 (342.570905). Anneal status: T=0.37, dE=18.33, candidate was rejected
Itr 18, LL= -785181.019212 (304.396572). Anneal status: T=0.37, dE=15.77, candidate was rejected
Itr 19, LL= -784994.744708 (237.237655). Anneal status: T=0.37, dE=17.67, candidate was rejected
Itr 20, LL= -784852.258967 (181.511714). Anneal status: T=0.37, dE=14.72, candidate was rejected
Itr 21, LL= -784732.955331 (152.007763). Anneal status: T=0.37, dE=35.11, candidate was rejected
Itr 22, LL= -784635.870264 (123.717331). Anneal status: T=0.33, dE=12.18, candidate was rejected
Itr 23, LL= -784546.766115 (113.561146). Anneal status: T=0.33, dE=15.73, candidate was rejected
Itr 24, LL= -784469.071134 (99.031676). Anneal status: T=0.33, dE=20.61, candidate was rejected
Itr 25, LL= -784405.473181 (81.071332). Anneal status: T=0.33, dE=9.46, candidate was rejected
Itr 26, LL= -784357.034770 (61.751750). Anneal status: T=0.33, dE=17.77, candidate was rejected
Itr 27, LL= -784316.522117 (51.650780). Anneal status: T=0.29, dE=9.34, candidate was rejected
Itr 28, LL= -784280.305520 (46.175996). Anneal status: T=0.29, dE=17.70, candidate was rejected
Itr 29, LL= -784248.841509 (40.118324). Anneal status: T=0.29, dE=9.17, candidate was rejected
Itr 30, LL= -784217.875410 (39.485043). Anneal status: T=0.29, dE=21.86, candidate was rejected
Itr 31, LL= -784183.104190 (44.338724). Anneal status: T=0.29, dE=14.74, candidate was rejected
Itr 32, LL= -784154.842867 (36.039189). Anneal status: T=0.24, dE=11.04, candidate was rejected
Itr 33, LL= -784129.622783 (32.162123). Anneal status: T=0.24, dE=19.26, candidate was rejected
Itr 34, LL= -784105.011085 (31.387282). Anneal status: T=0.24, dE=13.10, candidate was rejected
Itr 35, LL= -784082.861377 (28.248395). Anneal status: T=0.24, dE=9.59, candidate was rejected
Itr 36, LL= -784059.676367 (29.569591). Anneal status: T=0.24, dE=10.90, candidate was rejected
Itr 37, LL= -784036.879889 (29.074927). Anneal status: T=0.20, dE=8.34, candidate was rejected
Itr 38, LL= -784012.734437 (30.796323). Anneal status: T=0.20, dE=16.72, candidate was rejected
Itr 39, LL= -783991.439510 (27.161456). Anneal status: T=0.20, dE=5.35, candidate was rejected
Itr 40, LL= -783974.103353 (22.112686). Anneal status: T=0.20, dE=27.73, candidate was rejected
Itr 41, LL= -783955.842603 (23.292542). Anneal status: T=0.20, dE=24.30, candidate was rejected
Itr 42, LL= -783933.959881 (27.913208). Anneal status: T=0.16, dE=5.50, candidate was rejected
Itr 43, LL= -783913.229904 (26.443524). Anneal status: T=0.16, dE=40.03, candidate was rejected
Itr 44, LL= -783897.020047 (20.678127). Anneal status: T=0.16, dE=21.82, candidate was rejected
Itr 45, LL= -783879.576475 (22.252376). Anneal status: T=0.16, dE=25.91, candidate was rejected
Itr 46, LL= -783867.298582 (15.662984). Anneal status: T=0.16, dE=22.28, candidate was rejected
Itr 47, LL= -783856.149684 (14.222941). Anneal status: T=0.12, dE=20.70, candidate was rejected
Itr 48, LL= -783841.520833 (18.662673). Anneal status: T=0.12, dE=25.35, candidate was rejected
Itr 49, LL= -783820.826445 (26.401240). Anneal status: T=0.12, dE=12.56, candidate was rejected
Itr 50, LL= -783801.621718 (24.501424). Anneal status: T=0.12, dE=20.00, candidate was rejected
Itr 51, LL= -783786.063208 (19.850061). Anneal status: T=0.12, dE=13.25, candidate was rejected
Itr 52, LL= -783772.606865 (17.168388). Anneal status: T=0.08, dE=16.72, candidate was rejected
Itr 53, LL= -783760.649042 (15.256749). Anneal status: T=0.08, dE=14.03, candidate was rejected
Itr 54, LL= -783748.654290 (15.304102). Anneal status: T=0.08, dE=18.90, candidate was rejected
Itr 55, LL= -783737.891828 (13.732032). Anneal status: T=0.08, dE=24.56, candidate was rejected
Itr 56, LL= -783728.901159 (11.471525). Anneal status: T=0.08, dE=42.91, candidate was rejected
Itr 57, LL= -783719.232105 (12.337244). Anneal status: T=0.04, dE=6.58, candidate was rejected
Itr 58, LL= -783706.908882 (15.724027). Anneal status: T=0.04, dE=31.48, candidate was rejected
Itr 59, LL= -783695.699167 (14.303454). Anneal status: T=0.04, dE=34.94, candidate was rejected
Itr 60, LL= -783685.055435 (13.581459). Anneal status: T=0.04, dE=20.88, candidate was rejected
Itr 61, LL= -783671.158310 (17.733049). Anneal status: T=0.04, dE=19.56, candidate was rejected
Itr 62, LL= -783657.200216 (17.811162). Anneal status: T=0.00, dE=17.21, candidate was rejected
Itr 63, LL= -783645.919861 (14.394502). Anneal status: T=0.00, dE=27.41, candidate was rejected
Itr 64, LL= -783633.318918 (16.079893). Anneal status: T=0.00, dE=19.01, candidate was rejected
Itr 65, LL= -783622.269343 (14.100441). Anneal status: T=0.00, dE=20.37, candidate was rejected
Itr 66, LL= -783612.017300 (13.082888). Anneal status: T=0.00, dE=20.76, candidate was rejected
Itr 67, LL= -783601.471041 (13.458522). Anneal status: T=0.00, dE=10.68, candidate was rejected
Itr 68, LL= -783590.027220 (14.604134). Anneal status: T=0.00, dE=26.88, candidate was rejected
Itr 69, LL= -783575.895030 (18.035184). Anneal status: T=0.00, dE=6.00, candidate was rejected
Itr 70, LL= -783559.102001 (21.431272). Anneal status: T=0.00, dE=9.48, candidate was rejected
Itr 71, LL= -783545.809677 (16.964035). Anneal status: T=0.00, dE=6.82, candidate was rejected
Itr 72, LL= -783535.918049 (12.624186). Anneal status: T=0.00, dE=7.39, candidate was rejected
Itr 73, LL= -783527.519683 (10.718547). Anneal status: T=0.00, dE=33.10, candidate was rejected
Itr 74, LL= -783517.481848 (12.811082). Anneal status: T=0.00, dE=4.76, candidate was rejected
Itr 75, LL= -783509.138227 (10.648928). Anneal status: T=0.00, dE=11.91, candidate was rejected
Itr 76, LL= -783502.958334 (7.887455). Anneal status: T=0.00, dE=30.87, candidate was rejected
Itr 77, LL= -783497.603213 (6.834844). Anneal status: T=0.00, dE=20.01, candidate was rejected
Itr 78, LL= -783492.533724 (6.470331). Anneal status: T=0.00, dE=15.34, candidate was rejected
Itr 79, LL= -783485.843470 (8.539014). Anneal status: T=0.00, dE=30.85, candidate was rejected
Itr 80, LL= -783476.401106 (12.051736). Anneal status: T=0.00, dE=23.05, candidate was rejected
Itr 81, LL= -783464.812457 (14.791318). Anneal status: T=0.00, dE=8.57, candidate was rejected
Itr 82, LL= -783453.292003 (14.704495). Anneal status: T=0.00, dE=34.19, candidate was rejected
Itr 83, LL= -783446.952594 (8.091624). Anneal status: T=0.00, dE=14.17, candidate was rejected
Itr 84, LL= -783442.308628 (5.927606). Anneal status: T=0.00, dE=23.92, candidate was rejected
Itr 85, LL= -783437.565589 (6.054101). Anneal status: T=0.00, dE=39.39, candidate was rejected
Itr 86, LL= -783432.214431 (6.830357). Anneal status: T=0.00, dE=14.73, candidate was rejected
Itr 87, LL= -783426.369086 (7.461201). Anneal status: T=0.00, dE=19.93, candidate was rejected
Itr 88, LL= -783420.452383 (7.552340). Anneal status: T=0.00, dE=24.24, candidate was rejected
Itr 89, LL= -783415.305560 (6.569682). Anneal status: T=0.00, dE=20.48, candidate was rejected
Itr 90, LL= -783411.277708 (5.141400). Anneal status: T=0.00, dE=43.92, candidate was rejected
Itr 91, LL= -783407.865307 (4.355823). Anneal status: T=0.00, dE=40.18, candidate was rejected
Itr 92, LL= -783404.452759 (4.356030). Anneal status: T=0.00, dE=20.55, candidate was rejected
Itr 93, LL= -783400.486716 (5.062574). Anneal status: T=0.00, dE=9.62, candidate was rejected
Itr 94, LL= -783395.588086 (6.253034). Anneal status: T=0.00, dE=28.43, candidate was rejected
Itr 95, LL= -783388.933288 (8.494813). Anneal status: T=0.00, dE=20.61, candidate was rejected
Itr 96, LL= -783381.708212 (9.222846). Anneal status: T=0.00, dE=25.33, candidate was rejected
Itr 97, LL= -783375.218113 (8.284721). Anneal status: T=0.00, dE=12.07, candidate was rejected
Itr 98, LL= -783368.051941 (9.147816). Anneal status: T=0.00, dE=23.89, candidate was rejected
Itr 99, LL= -783360.096840 (10.154998). Anneal status: T=0.00, dE=12.03, candidate was rejected
Itr 100, LL= -783351.665314 (10.763283). Anneal status: T=0.00, dE=37.62, candidate was rejected
Itr 101, LL= -783344.639960 (8.968327). Anneal status: T=0.00, dE=11.48, candidate was rejected
Itr 102, LL= -783340.629528 (5.119627). Anneal status: T=0.00, dE=18.43, candidate was rejected
Itr 103, LL= -783335.256781 (6.858762). Anneal status: T=0.00, dE=11.50, candidate was rejected
Itr 104, LL= -783329.913804 (6.820806). Anneal status: T=0.00, dE=11.99, candidate was rejected
Itr 105, LL= -783326.709309 (4.090862). Anneal status: T=0.00, dE=26.78, candidate was rejected
Itr 106, LL= -783324.044800 (3.401530). Anneal status: T=0.00, dE=35.27, candidate was rejected
Itr 107, LL= -783321.840636 (2.813859). Anneal status: T=0.00, dE=24.78, candidate was rejected
Itr 108, LL= -783319.619697 (2.835283). Anneal status: T=0.00, dE=22.99, candidate was rejected
Itr 109, LL= -783316.168403 (4.405984). Anneal status: T=0.00, dE=19.87, candidate was rejected
Itr 110, LL= -783311.433694 (6.044442). Anneal status: T=0.00, dE=12.08, candidate was rejected
Itr 111, LL= -783306.225382 (6.649094). Anneal status: T=0.00, dE=14.63, candidate was rejected
Itr 112, LL= -783302.864433 (4.290722). Anneal status: T=0.00, dE=7.91, candidate was rejected
Itr 113, LL= -783299.557044 (4.222363). Anneal status: T=0.00, dE=4.33, candidate was rejected
Itr 114, LL= -783296.797566 (3.522889). Anneal status: T=0.00, dE=35.38, candidate was rejected
Itr 115, LL= -783295.014344 (2.276560). Anneal status: T=0.00, dE=13.93, candidate was rejected
Itr 116, LL= -783292.809967 (2.814236). Anneal status: T=0.00, dE=19.08, candidate was rejected
Itr 117, LL= -783290.226388 (3.298357). Anneal status: T=0.00, dE=19.83, candidate was rejected
Itr 118, LL= -783288.125793 (2.681759). Anneal status: T=0.00, dE=33.39, candidate was rejected
Itr 119, LL= -783286.565899 (1.991469). Anneal status: T=0.00, dE=10.95, candidate was rejected
Itr 120, LL= -783284.909169 (2.115101). Anneal status: T=0.00, dE=9.17, candidate was rejected
Itr 121, LL= -783283.328499 (2.018001). Anneal status: T=0.00, dE=41.57, candidate was rejected
Itr 122, LL= -783281.349452 (2.526604). Anneal status: T=0.00, dE=27.99, candidate was rejected
Itr 123, LL= -783278.787229 (3.271141). Anneal status: T=0.00, dE=10.58, candidate was rejected
Itr 124, LL= -783276.215899 (3.282778). Anneal status: T=0.00, dE=15.72, candidate was rejected
Itr 125, LL= -783273.932010 (2.915815). Anneal status: T=0.00, dE=7.10, candidate was rejected
Itr 126, LL= -783272.215158 (2.191892). Anneal status: T=0.00, dE=20.29, candidate was rejected
Itr 127, LL= -783270.471644 (2.225936). Anneal status: T=0.00, dE=34.14, candidate was rejected
Itr 128, LL= -783268.179844 (2.925938). Anneal status: T=0.00, dE=32.75, candidate was rejected
Itr 129, LL= -783265.627577 (3.258484). Anneal status: T=0.00, dE=37.35, candidate was rejected
Itr 130, LL= -783263.930531 (2.166629). Anneal status: T=0.00, dE=9.53, candidate was rejected
Itr 131, LL= -783262.911787 (1.300641). Anneal status: T=0.00, dE=42.23, candidate was rejected
Itr 132, LL= -783261.940754 (1.239728). Anneal status: T=0.00, dE=9.47, candidate was rejected
Itr 133, LL= -783258.521882 (4.364915). Anneal status: T=0.00, dE=24.55, candidate was rejected
Itr 134, LL= -783252.186665 (8.088284). Anneal status: T=0.00, dE=16.10, candidate was rejected
Itr 135, LL= -783249.217148 (3.791265). Anneal status: T=0.00, dE=31.24, candidate was rejected
Itr 136, LL= -783245.989403 (4.120968). Anneal status: T=0.00, dE=15.95, candidate was rejected
Itr 137, LL= -783241.561997 (5.652638). Anneal status: T=0.00, dE=15.64, candidate was rejected
Itr 138, LL= -783238.676223 (3.684398). Anneal status: T=0.00, dE=9.03, candidate was rejected
Itr 139, LL= -783237.081008 (2.036691). Anneal status: T=0.00, dE=5.43, candidate was rejected
Itr 140, LL= -783235.724671 (1.731707). Anneal status: T=0.00, dE=7.13, candidate was rejected
Itr 141, LL= -783234.385182 (1.710199). Anneal status: T=0.00, dE=30.01, candidate was rejected
Itr 142, LL= -783233.064122 (1.686672). Anneal status: T=0.00, dE=32.80, candidate was rejected
Itr 143, LL= -783231.834118 (1.570419). Anneal status: T=0.00, dE=7.04, candidate was rejected
Itr 144, LL= -783230.780265 (1.345518). Anneal status: T=0.00, dE=34.08, candidate was rejected
Itr 145, LL= -783229.899279 (1.124811). Anneal status: T=0.00, dE=4.31, candidate was rejected
Itr 146, LL= -783229.117716 (0.997871). Anneal status: T=0.00, dE=18.05, candidate was rejected
Itr 147, LL= -783228.383944 (0.936855). Anneal status: T=0.00, dE=23.27, candidate was rejected
Itr 148, LL= -783227.640592 (0.949087). Anneal status: T=0.00, dE=6.50, candidate was rejected
-- Annealing statistics:
Portion of times candidate was better: 0.000000
Portion of times candidate was chosen by chance: 0.000000
--
EM for 24 states, 54 emission nodes. 10 observed values.
            gibbs: 0
    nGibbsItrPcnt: 0.8000
     annealParams: {}
           maxItr: 500
      convergeEps: 1.0000e-06
           minItr: 5
       parametric: 0
        initprobs: []
      persistBias: 0
          obsVals: []

- Initalized simulated annealing with params:
                     type: 'linear'
    max_chance_accpetance: 0.2000
             min_duration: 5
        min_init_duration: 5
             max_duration: 11
              converge_th: 1.0000e-06

--
Itr 1, LL= -2831505.773698 (Inf). Anneal status: T=NaN, dE=-2483.46, collecting statistics
Itr 2, LL= -832341.274754 (Inf). Anneal status: T=NaN, dE=-276.89, collecting statistics
Itr 3, LL= -817800.660566 (Inf). Anneal status: T=NaN, dE=-162.05, collecting statistics
Itr 4, LL= -805858.705991 (14602.524980). Anneal status: T=NaN, dE=-97.24, collecting statistics
Itr 5, LL= -799272.617963 (8172.757804). Anneal status: T=NaN, dE=-33.51, collecting statistics
Itr 6, LL= -794808.284421 (5585.495414). Anneal status: T=NaN, dE=-33.45, collecting statistics
Itr 7, LL= -792086.200385 (3424.830980). Anneal status: T=NaN, dE=25.90, collecting statistics
Itr 8, LL= -790370.483348 (2166.073638). Anneal status: T=NaN, dE=-38.16, collecting statistics
Itr 9, LL= -789185.911280 (1498.755448). Anneal status: T=NaN, dE=-7.49, collecting statistics
Itr 10, LL= -788334.866441 (1078.383214). Anneal status: T=NaN, dE=-4.61, collecting statistics
Itr 11, LL= -787704.010397 (800.238668). Anneal status: T=NaN, dE=-2.09, collecting statistics
Itr 12, LL= -787237.166993 (592.663485). Anneal status: T=NaN, dE=1.68, collecting statistics
Itr 13, LL= -786885.517785 (446.687763). Anneal status: T=NaN, dE=15.03, collecting statistics
Itr 14, LL= -786623.140653 (333.437490). Anneal status: T=3.05, dE=17.06, candidate was rejected
Itr 15, LL= -786424.702096 (252.266361). Anneal status: T=3.05, dE=6.05, candidate was rejected
Itr 16, LL= -786292.238719 (168.437457). Anneal status: T=3.05, dE=23.79, candidate was rejected
Itr 17, LL= -786188.809335 (131.540640). Anneal status: T=3.05, dE=10.65, candidate was rejected
Itr 18, LL= -786107.555192 (103.351945). Anneal status: T=3.05, dE=1.18, candidate was chosen by chance
Itr 19, LL= -786026.906510 (102.592427). Anneal status: T=2.74, dE=3.40, candidate was rejected
Itr 20, LL= -785966.261208 (77.154231). Anneal status: T=2.74, dE=18.41, candidate was rejected
Itr 21, LL= -785909.586628 (72.108160). Anneal status: T=2.74, dE=23.40, candidate was rejected
Itr 22, LL= -785857.422166 (66.374635). Anneal status: T=2.74, dE=35.80, candidate was rejected
Itr 23, LL= -785810.680550 (59.478493). Anneal status: T=2.74, dE=6.58, candidate was rejected
Itr 24, LL= -785763.939114 (59.481803). Anneal status: T=2.44, dE=23.56, candidate was rejected
Itr 25, LL= -785719.635218 (56.383213). Anneal status: T=2.44, dE=19.15, candidate was rejected
Itr 26, LL= -785679.090014 (51.602635). Anneal status: T=2.44, dE=11.72, candidate was rejected
Itr 27, LL= -785638.961329 (51.075160). Anneal status: T=2.44, dE=23.18, candidate was rejected
Itr 28, LL= -785598.398514 (51.630350). Anneal status: T=2.44, dE=11.34, candidate was rejected
Itr 29, LL= -785562.663310 (45.487878). Anneal status: T=2.13, dE=22.19, candidate was rejected
Itr 30, LL= -785527.854758 (44.310344). Anneal status: T=2.13, dE=13.51, candidate was rejected
Itr 31, LL= -785491.898302 (45.773624). Anneal status: T=2.13, dE=19.87, candidate was rejected
Itr 32, LL= -785459.199701 (41.628183). Anneal status: T=2.13, dE=7.43, candidate was rejected
Itr 33, LL= -785429.467977 (37.852665). Anneal status: T=2.13, dE=15.25, candidate was rejected
Itr 34, LL= -785402.645640 (34.149899). Anneal status: T=1.83, dE=19.94, candidate was rejected
Itr 35, LL= -785376.635336 (33.117158). Anneal status: T=1.83, dE=8.17, candidate was rejected
Itr 36, LL= -785352.117097 (31.218448). Anneal status: T=1.83, dE=48.31, candidate was rejected
Itr 37, LL= -785328.579193 (29.971147). Anneal status: T=1.83, dE=16.50, candidate was rejected
Itr 38, LL= -785304.522364 (30.632820). Anneal status: T=1.83, dE=14.86, candidate was rejected
Itr 39, LL= -785279.980059 (31.251960). Anneal status: T=1.52, dE=10.37, candidate was rejected
Itr 40, LL= -785251.919871 (35.732718). Anneal status: T=1.52, dE=20.79, candidate was rejected
Itr 41, LL= -785231.799750 (25.622505). Anneal status: T=1.52, dE=47.96, candidate was rejected
Itr 42, LL= -785213.506939 (23.296065). Anneal status: T=1.52, dE=27.61, candidate was rejected
Itr 43, LL= -785196.764767 (21.321808). Anneal status: T=1.52, dE=20.63, candidate was rejected
Itr 44, LL= -785183.466519 (16.936198). Anneal status: T=1.22, dE=12.02, candidate was rejected
Itr 45, LL= -785171.258552 (15.547917). Anneal status: T=1.22, dE=40.49, candidate was rejected
Itr 46, LL= -785159.130594 (15.446258). Anneal status: T=1.22, dE=17.45, candidate was rejected
Itr 47, LL= -785147.830660 (14.391903). Anneal status: T=1.22, dE=22.90, candidate was rejected
Itr 48, LL= -785137.817875 (12.752739). Anneal status: T=1.22, dE=28.88, candidate was rejected
Itr 49, LL= -785127.185121 (13.542532). Anneal status: T=0.91, dE=21.01, candidate was rejected
Itr 50, LL= -785115.560479 (14.806062). Anneal status: T=0.91, dE=20.58, candidate was rejected
Itr 51, LL= -785103.791470 (14.990162). Anneal status: T=0.91, dE=11.01, candidate was rejected
Itr 52, LL= -785091.053944 (16.224002). Anneal status: T=0.91, dE=30.12, candidate was rejected
Itr 53, LL= -785078.904513 (15.475187). Anneal status: T=0.91, dE=39.91, candidate was rejected
Itr 54, LL= -785068.439183 (13.330291). Anneal status: T=0.61, dE=25.14, candidate was rejected
Itr 55, LL= -785058.069736 (13.208334). Anneal status: T=0.61, dE=19.18, candidate was rejected
Itr 56, LL= -785046.919004 (14.203704). Anneal status: T=0.61, dE=20.38, candidate was rejected
Itr 57, LL= -785034.308232 (16.063717). Anneal status: T=0.61, dE=8.38, candidate was rejected
Itr 58, LL= -785019.597133 (18.739436). Anneal status: T=0.61, dE=13.27, candidate was rejected
Itr 59, LL= -785007.734608 (15.111119). Anneal status: T=0.30, dE=13.92, candidate was rejected
Itr 60, LL= -784996.493766 (14.319402). Anneal status: T=0.30, dE=30.89, candidate was rejected
Itr 61, LL= -784984.356476 (15.461585). Anneal status: T=0.30, dE=34.82, candidate was rejected
Itr 62, LL= -784972.430599 (15.192502). Anneal status: T=0.30, dE=18.98, candidate was rejected
Itr 63, LL= -784960.226059 (15.547731). Anneal status: T=0.30, dE=20.58, candidate was rejected
Itr 64, LL= -784947.730944 (15.918151). Anneal status: T=0.00, dE=12.07, candidate was rejected
Itr 65, LL= -784937.545332 (12.976166). Anneal status: T=0.00, dE=25.87, candidate was rejected
Itr 66, LL= -784928.011481 (12.145999). Anneal status: T=0.00, dE=26.08, candidate was rejected
Itr 67, LL= -784917.187208 (13.790147). Anneal status: T=0.00, dE=12.95, candidate was rejected
Itr 68, LL= -784905.666585 (14.677501). Anneal status: T=0.00, dE=9.54, candidate was rejected
Itr 69, LL= -784889.929721 (20.049371). Anneal status: T=0.00, dE=16.16, candidate was rejected
Itr 70, LL= -784864.575844 (32.302462). Anneal status: T=0.00, dE=8.92, candidate was rejected
Itr 71, LL= -784847.251651 (22.072843). Anneal status: T=0.00, dE=6.14, candidate was rejected
Itr 72, LL= -784831.373382 (20.231031). Anneal status: T=0.00, dE=5.76, candidate was rejected
Itr 73, LL= -784816.539379 (18.900880). Anneal status: T=0.00, dE=14.74, candidate was rejected
Itr 74, LL= -784801.128296 (19.636542). Anneal status: T=0.00, dE=9.58, candidate was rejected
Itr 75, LL= -784784.561598 (21.109421). Anneal status: T=0.00, dE=21.50, candidate was rejected
Itr 76, LL= -784765.420658 (24.390056). Anneal status: T=0.00, dE=16.47, candidate was rejected
Itr 77, LL= -784744.942996 (26.093992). Anneal status: T=0.00, dE=13.44, candidate was rejected
Itr 78, LL= -784730.152911 (18.846996). Anneal status: T=0.00, dE=33.79, candidate was rejected
Itr 79, LL= -784717.085277 (16.652391). Anneal status: T=0.00, dE=36.05, candidate was rejected
Itr 80, LL= -784704.568502 (15.950685). Anneal status: T=0.00, dE=20.63, candidate was rejected
Itr 81, LL= -784693.345289 (14.302470). Anneal status: T=0.00, dE=10.32, candidate was rejected
Itr 82, LL= -784683.641072 (12.366891). Anneal status: T=0.00, dE=29.63, candidate was rejected
Itr 83, LL= -784674.955970 (11.068284). Anneal status: T=0.00, dE=20.24, candidate was rejected
Itr 84, LL= -784667.511407 (9.487449). Anneal status: T=0.00, dE=10.81, candidate was rejected
Itr 85, LL= -784661.455108 (7.718299). Anneal status: T=0.00, dE=24.04, candidate was rejected
Itr 86, LL= -784655.760180 (7.257816). Anneal status: T=0.00, dE=20.17, candidate was rejected
Itr 87, LL= -784648.539598 (9.202229). Anneal status: T=0.00, dE=49.57, candidate was rejected
Itr 88, LL= -784639.255411 (11.832288). Anneal status: T=0.00, dE=29.47, candidate was rejected
Itr 89, LL= -784631.460242 (9.934717). Anneal status: T=0.00, dE=17.54, candidate was rejected
Itr 90, LL= -784626.662438 (6.114723). Anneal status: T=0.00, dE=16.26, candidate was rejected
Itr 91, LL= -784622.977874 (4.695945). Anneal status: T=0.00, dE=8.78, candidate was rejected
Itr 92, LL= -784619.747723 (4.116819). Anneal status: T=0.00, dE=20.35, candidate was rejected
Itr 93, LL= -784616.589756 (4.024837). Anneal status: T=0.00, dE=14.51, candidate was rejected
Itr 94, LL= -784613.213905 (4.302549). Anneal status: T=0.00, dE=23.27, candidate was rejected
Itr 95, LL= -784609.897169 (4.227224). Anneal status: T=0.00, dE=5.31, candidate was rejected
Itr 96, LL= -784606.585351 (4.220975). Anneal status: T=0.00, dE=6.96, candidate was rejected
Itr 97, LL= -784602.993149 (4.578347). Anneal status: T=0.00, dE=28.26, candidate was rejected
Itr 98, LL= -784599.727690 (4.161926). Anneal status: T=0.00, dE=4.57, candidate was rejected
Itr 99, LL= -784595.567821 (5.301900). Anneal status: T=0.00, dE=7.60, candidate was rejected
Itr 100, LL= -784587.278939 (10.564527). Anneal status: T=0.00, dE=34.47, candidate was rejected
Itr 101, LL= -784582.881277 (5.605065). Anneal status: T=0.00, dE=9.52, candidate was rejected
Itr 102, LL= -784580.707019 (2.771227). Anneal status: T=0.00, dE=25.96, candidate was rejected
Itr 103, LL= -784578.594374 (2.692706). Anneal status: T=0.00, dE=9.37, candidate was rejected
Itr 104, LL= -784576.066580 (3.221849). Anneal status: T=0.00, dE=17.10, candidate was rejected
Itr 105, LL= -784573.808346 (2.878285). Anneal status: T=0.00, dE=8.46, candidate was rejected
Itr 106, LL= -784571.829766 (2.521853). Anneal status: T=0.00, dE=44.75, candidate was rejected
Itr 107, LL= -784570.024030 (2.301557). Anneal status: T=0.00, dE=4.17, candidate was rejected
Itr 108, LL= -784568.697085 (1.691302). Anneal status: T=0.00, dE=22.81, candidate was rejected
Itr 109, LL= -784567.758417 (1.196413). Anneal status: T=0.00, dE=21.08, candidate was rejected
Itr 110, LL= -784566.595659 (1.482035). Anneal status: T=0.00, dE=25.75, candidate was rejected
Itr 111, LL= -784564.072156 (3.216430). Anneal status: T=0.00, dE=6.92, candidate was rejected
Itr 112, LL= -784562.357791 (2.185118). Anneal status: T=0.00, dE=15.97, candidate was rejected
Itr 113, LL= -784561.485109 (1.112317). Anneal status: T=0.00, dE=19.22, candidate was rejected
Itr 114, LL= -784560.530896 (1.216237). Anneal status: T=0.00, dE=31.94, candidate was rejected
Itr 115, LL= -784558.712870 (2.317254). Anneal status: T=0.00, dE=2.33, candidate was rejected
Itr 116, LL= -784556.323843 (3.045058). Anneal status: T=0.00, dE=12.15, candidate was rejected
Itr 117, LL= -784553.461834 (3.647933). Anneal status: T=0.00, dE=21.62, candidate was rejected
Itr 118, LL= -784543.022513 (13.306067). Anneal status: T=0.00, dE=14.60, candidate was rejected
Itr 119, LL= -784538.340868 (5.967353). Anneal status: T=0.00, dE=2.22, candidate was rejected
Itr 120, LL= -784534.125274 (5.373343). Anneal status: T=0.00, dE=16.42, candidate was rejected
Itr 121, LL= -784531.960969 (2.758714). Anneal status: T=0.00, dE=7.71, candidate was rejected
Itr 122, LL= -784530.561160 (1.784261). Anneal status: T=0.00, dE=14.27, candidate was rejected
Itr 123, LL= -784529.465815 (1.396178). Anneal status: T=0.00, dE=10.51, candidate was rejected
Itr 124, LL= -784528.529657 (1.193274). Anneal status: T=0.00, dE=17.46, candidate was rejected
Itr 125, LL= -784527.631970 (1.144236). Anneal status: T=0.00, dE=12.93, candidate was rejected
Itr 126, LL= -784526.510749 (1.429168). Anneal status: T=0.00, dE=29.98, candidate was rejected
Itr 127, LL= -784524.659797 (2.359324). Anneal status: T=0.00, dE=22.50, candidate was rejected
Itr 128, LL= -784520.258232 (5.610487). Anneal status: T=0.00, dE=22.74, candidate was rejected
Itr 129, LL= -784516.687769 (4.551141). Anneal status: T=0.00, dE=1.97, candidate was rejected
Itr 130, LL= -784514.863714 (2.325068). Anneal status: T=0.00, dE=18.58, candidate was rejected
Itr 131, LL= -784513.295165 (1.999387). Anneal status: T=0.00, dE=2.02, candidate was rejected
Itr 132, LL= -784511.355267 (2.472741). Anneal status: T=0.00, dE=24.36, candidate was rejected
Itr 133, LL= -784506.574561 (6.093864). Anneal status: T=0.00, dE=32.27, candidate was rejected
Itr 134, LL= -784503.331599 (4.133761). Anneal status: T=0.00, dE=35.23, candidate was rejected
Itr 135, LL= -784500.392825 (3.746031). Anneal status: T=0.00, dE=35.11, candidate was rejected
Itr 136, LL= -784498.145121 (2.865141). Anneal status: T=0.00, dE=17.84, candidate was rejected
Itr 137, LL= -784496.573694 (2.003099). Anneal status: T=0.00, dE=26.46, candidate was rejected
Itr 138, LL= -784495.304052 (1.618416). Anneal status: T=0.00, dE=12.48, candidate was rejected
Itr 139, LL= -784494.171352 (1.443858). Anneal status: T=0.00, dE=21.59, candidate was rejected
Itr 140, LL= -784493.120218 (1.339888). Anneal status: T=0.00, dE=34.88, candidate was rejected
Itr 141, LL= -784492.183786 (1.193677). Anneal status: T=0.00, dE=24.56, candidate was rejected
Itr 142, LL= -784491.414656 (0.980419). Anneal status: T=0.00, dE=37.16, candidate was rejected
Itr 143, LL= -784490.794721 (0.790238). Anneal status: T=0.00, dE=10.93, candidate was rejected
Itr 144, LL= -784490.276838 (0.660151). Anneal status: T=0.00, dE=24.94, candidate was rejected
-- Annealing statistics:
Portion of times candidate was better: 0.000000
Portion of times candidate was chosen by chance: 0.006944
--
>> 