My SLURM_ARRAY_TASK_ID:  29

                            < M A T L A B (R) >
                  Copyright 1984-2014 The MathWorks, Inc.
                   R2014b (8.4.0.150421) 64-bit (glnxa64)
                             September 15, 2014

 
For online documentation, see http://www.mathworks.com/support
For product information, visit www.mathworks.com.
 
EM for 29 states, 54 emission nodes. 10 observed values.
            gibbs: 0
    nGibbsItrPcnt: 0.8000
     annealParams: {}
           maxItr: 500
      convergeEps: 1.0000e-06
           minItr: 5
       parametric: 0
        initprobs: []
      persistBias: 0
          obsVals: []

- Initalized simulated annealing with params:
                     type: 'linear'
    max_chance_accpetance: 0.2000
             min_duration: 5
        min_init_duration: 5
             max_duration: 11
              converge_th: 1.0000e-06

--
Itr 1, LL= -2806170.808953 (Inf). Anneal status: T=NaN, dE=-374.43, collecting statistics
Itr 2, LL= -829716.845264 (Inf). Anneal status: T=NaN, dE=2.21, collecting statistics
Itr 3, LL= -813527.241734 (Inf). Anneal status: T=NaN, dE=-209.19, collecting statistics
Itr 4, LL= -802946.697315 (13005.765359). Anneal status: T=NaN, dE=-111.82, collecting statistics
Itr 5, LL= -796643.154858 (7850.511719). Anneal status: T=NaN, dE=-89.86, collecting statistics
Itr 6, LL= -792691.164030 (4960.804350). Anneal status: T=NaN, dE=-82.98, collecting statistics
Itr 7, LL= -790249.248917 (3080.537824). Anneal status: T=NaN, dE=-21.11, collecting statistics
Itr 8, LL= -788561.669355 (2135.502899). Anneal status: T=NaN, dE=-4.44, collecting statistics
Itr 9, LL= -787263.134623 (1646.712974). Anneal status: T=NaN, dE=-36.74, collecting statistics
Itr 10, LL= -786274.061165 (1256.344181). Anneal status: T=NaN, dE=-10.00, collecting statistics
Itr 11, LL= -785533.042474 (942.443262). Anneal status: T=NaN, dE=12.27, collecting statistics
Itr 12, LL= -784979.819425 (704.264517). Anneal status: T=NaN, dE=15.58, collecting statistics
Itr 13, LL= -784565.113327 (528.301604). Anneal status: T=2.61, dE=26.01, candidate was rejected
Itr 14, LL= -784236.589211 (418.734036). Anneal status: T=2.61, dE=20.94, candidate was rejected
Itr 15, LL= -783966.280553 (344.677437). Anneal status: T=2.61, dE=21.65, candidate was rejected
Itr 16, LL= -783725.561369 (307.052981). Anneal status: T=2.61, dE=34.71, candidate was rejected
Itr 17, LL= -783524.650010 (256.354225). Anneal status: T=2.61, dE=22.02, candidate was rejected
Itr 18, LL= -783353.774727 (218.085395). Anneal status: T=2.35, dE=30.58, candidate was rejected
Itr 19, LL= -783206.665341 (187.794316). Anneal status: T=2.35, dE=15.31, candidate was rejected
Itr 20, LL= -783085.253011 (155.019531). Anneal status: T=2.35, dE=29.51, candidate was rejected
Itr 21, LL= -782977.565298 (137.517228). Anneal status: T=2.35, dE=21.97, candidate was rejected
Itr 22, LL= -782867.806328 (140.181500). Anneal status: T=2.35, dE=19.54, candidate was rejected
Itr 23, LL= -782773.683080 (120.228789). Anneal status: T=2.09, dE=5.20, candidate was rejected
Itr 24, LL= -782683.618693 (115.058016). Anneal status: T=2.09, dE=14.80, candidate was rejected
Itr 25, LL= -782609.948000 (94.125762). Anneal status: T=2.09, dE=21.97, candidate was rejected
Itr 26, LL= -782549.514761 (77.220126). Anneal status: T=2.09, dE=30.11, candidate was rejected
Itr 27, LL= -782492.987297 (72.235000). Anneal status: T=2.09, dE=33.24, candidate was rejected
Itr 28, LL= -782439.283212 (68.632035). Anneal status: T=1.83, dE=12.20, candidate was rejected
Itr 29, LL= -782382.400345 (72.699400). Anneal status: T=1.83, dE=18.96, candidate was rejected
Itr 30, LL= -782330.042463 (66.921089). Anneal status: T=1.83, dE=12.89, candidate was rejected
Itr 31, LL= -782281.805633 (61.657903). Anneal status: T=1.83, dE=11.23, candidate was rejected
Itr 32, LL= -782233.627989 (61.586046). Anneal status: T=1.83, dE=24.24, candidate was rejected
Itr 33, LL= -782190.162716 (55.565590). Anneal status: T=1.57, dE=2.22, candidate was chosen by chance
Itr 34, LL= -782142.090955 (61.457895). Anneal status: T=1.57, dE=12.16, candidate was rejected
Itr 35, LL= -782089.829012 (66.818988). Anneal status: T=1.57, dE=16.31, candidate was rejected
Itr 36, LL= -782035.956733 (68.882470). Anneal status: T=1.57, dE=20.77, candidate was rejected
Itr 37, LL= -781991.174454 (57.263709). Anneal status: T=1.57, dE=12.78, candidate was rejected
Itr 38, LL= -781951.646699 (50.547571). Anneal status: T=1.31, dE=16.06, candidate was rejected
Itr 39, LL= -781916.565090 (44.864167). Anneal status: T=1.31, dE=16.24, candidate was rejected
Itr 40, LL= -781887.746166 (36.856776). Anneal status: T=1.31, dE=21.11, candidate was rejected
Itr 41, LL= -781864.097751 (30.245282). Anneal status: T=1.31, dE=23.11, candidate was rejected
Itr 42, LL= -781843.682558 (26.110923). Anneal status: T=1.31, dE=5.70, candidate was rejected
Itr 43, LL= -781824.096417 (25.051223). Anneal status: T=1.05, dE=10.00, candidate was rejected
Itr 44, LL= -781803.433614 (26.428967). Anneal status: T=1.05, dE=23.17, candidate was rejected
Itr 45, LL= -781782.769778 (26.430987). Anneal status: T=1.05, dE=43.94, candidate was rejected
Itr 46, LL= -781766.959867 (20.222896). Anneal status: T=1.05, dE=31.78, candidate was rejected
Itr 47, LL= -781751.227512 (20.124098). Anneal status: T=1.05, dE=23.53, candidate was rejected
Itr 48, LL= -781736.452374 (18.900051). Anneal status: T=0.78, dE=13.19, candidate was rejected
Itr 49, LL= -781723.850039 (16.120951). Anneal status: T=0.78, dE=4.73, candidate was rejected
Itr 50, LL= -781709.151913 (18.802197). Anneal status: T=0.78, dE=23.76, candidate was rejected
Itr 51, LL= -781694.836800 (18.312582). Anneal status: T=0.78, dE=33.99, candidate was rejected
Itr 52, LL= -781686.521698 (10.637273). Anneal status: T=0.78, dE=22.90, candidate was rejected
Itr 53, LL= -781680.447634 (7.770461). Anneal status: T=0.52, dE=24.35, candidate was rejected
Itr 54, LL= -781674.319440 (7.839769). Anneal status: T=0.52, dE=21.41, candidate was rejected
Itr 55, LL= -781669.635806 (5.991798). Anneal status: T=0.52, dE=19.00, candidate was rejected
Itr 56, LL= -781664.166998 (6.996315). Anneal status: T=0.52, dE=7.52, candidate was rejected
Itr 57, LL= -781655.486729 (11.104858). Anneal status: T=0.52, dE=28.14, candidate was rejected
Itr 58, LL= -781648.943006 (8.371620). Anneal status: T=0.26, dE=13.92, candidate was rejected
Itr 59, LL= -781641.040581 (10.109941). Anneal status: T=0.26, dE=16.04, candidate was rejected
Itr 60, LL= -781631.895516 (11.699827). Anneal status: T=0.26, dE=7.27, candidate was rejected
Itr 61, LL= -781624.199652 (9.845894). Anneal status: T=0.26, dE=6.89, candidate was rejected
Itr 62, LL= -781618.784040 (6.928664). Anneal status: T=0.26, dE=16.46, candidate was rejected
Itr 63, LL= -781614.434761 (5.564450). Anneal status: T=0.00, dE=9.48, candidate was rejected
Itr 64, LL= -781609.783899 (5.950328). Anneal status: T=0.00, dE=14.98, candidate was rejected
Itr 65, LL= -781605.161458 (5.914001). Anneal status: T=0.00, dE=16.25, candidate was rejected
Itr 66, LL= -781600.703285 (5.703868). Anneal status: T=0.00, dE=16.32, candidate was rejected
Itr 67, LL= -781596.388064 (5.521004). Anneal status: T=0.00, dE=20.20, candidate was rejected
Itr 68, LL= -781591.737738 (5.949780). Anneal status: T=0.00, dE=15.61, candidate was rejected
Itr 69, LL= -781585.868658 (7.509137). Anneal status: T=0.00, dE=24.01, candidate was rejected
Itr 70, LL= -781580.227793 (7.217205). Anneal status: T=0.00, dE=6.47, candidate was rejected
Itr 71, LL= -781575.268212 (6.345581). Anneal status: T=0.00, dE=6.12, candidate was rejected
Itr 72, LL= -781570.775904 (5.747761). Anneal status: T=0.00, dE=19.39, candidate was rejected
Itr 73, LL= -781565.849201 (6.303592). Anneal status: T=0.00, dE=31.29, candidate was rejected
Itr 74, LL= -781560.735199 (6.543278). Anneal status: T=0.00, dE=20.42, candidate was rejected
Itr 75, LL= -781555.007225 (7.328891). Anneal status: T=0.00, dE=35.35, candidate was rejected
Itr 76, LL= -781549.798478 (6.664594). Anneal status: T=0.00, dE=18.21, candidate was rejected
Itr 77, LL= -781546.143736 (4.676276). Anneal status: T=0.00, dE=12.31, candidate was rejected
Itr 78, LL= -781542.361749 (4.839108). Anneal status: T=0.00, dE=15.09, candidate was rejected
Itr 79, LL= -781537.906965 (5.699991). Anneal status: T=0.00, dE=11.37, candidate was rejected
Itr 80, LL= -781533.449551 (5.703388). Anneal status: T=0.00, dE=33.66, candidate was rejected
Itr 81, LL= -781529.473366 (5.087671). Anneal status: T=0.00, dE=16.86, candidate was rejected
Itr 82, LL= -781525.655446 (4.885189). Anneal status: T=0.00, dE=19.12, candidate was rejected
Itr 83, LL= -781520.707169 (6.331561). Anneal status: T=0.00, dE=23.17, candidate was rejected
Itr 84, LL= -781514.667146 (7.728551). Anneal status: T=0.00, dE=20.16, candidate was rejected
Itr 85, LL= -781510.165030 (5.760758). Anneal status: T=0.00, dE=11.54, candidate was rejected
Itr 86, LL= -781506.896408 (4.182443). Anneal status: T=0.00, dE=30.28, candidate was rejected
Itr 87, LL= -781504.183688 (3.471141). Anneal status: T=0.00, dE=16.31, candidate was rejected
Itr 88, LL= -781501.572369 (3.341401). Anneal status: T=0.00, dE=21.90, candidate was rejected
Itr 89, LL= -781498.617418 (3.781119). Anneal status: T=0.00, dE=33.02, candidate was rejected
Itr 90, LL= -781496.013722 (3.331671). Anneal status: T=0.00, dE=21.77, candidate was rejected
Itr 91, LL= -781494.216657 (2.299519). Anneal status: T=0.00, dE=40.67, candidate was rejected
Itr 92, LL= -781492.791618 (1.823480). Anneal status: T=0.00, dE=21.85, candidate was rejected
Itr 93, LL= -781491.452562 (1.713460). Anneal status: T=0.00, dE=22.96, candidate was rejected
Itr 94, LL= -781490.025710 (1.825805). Anneal status: T=0.00, dE=27.38, candidate was rejected
Itr 95, LL= -781488.442868 (2.025416). Anneal status: T=0.00, dE=30.68, candidate was rejected
Itr 96, LL= -781486.688108 (2.245408). Anneal status: T=0.00, dE=8.18, candidate was rejected
Itr 97, LL= -781484.813388 (2.398915). Anneal status: T=0.00, dE=10.54, candidate was rejected
Itr 98, LL= -781482.922096 (2.420126). Anneal status: T=0.00, dE=17.31, candidate was rejected
Itr 99, LL= -781480.885589 (2.605952). Anneal status: T=0.00, dE=25.60, candidate was rejected
Itr 100, LL= -781478.751313 (2.731067). Anneal status: T=0.00, dE=35.51, candidate was rejected
Itr 101, LL= -781476.846570 (2.437356). Anneal status: T=0.00, dE=20.18, candidate was rejected
Itr 102, LL= -781475.046141 (2.303880). Anneal status: T=0.00, dE=19.57, candidate was rejected
Itr 103, LL= -781473.019121 (2.593839). Anneal status: T=0.00, dE=4.84, candidate was rejected
Itr 104, LL= -781470.863482 (2.758430). Anneal status: T=0.00, dE=27.53, candidate was rejected
Itr 105, LL= -781469.118391 (2.233085). Anneal status: T=0.00, dE=14.62, candidate was rejected
Itr 106, LL= -781467.721958 (1.786934). Anneal status: T=0.00, dE=11.01, candidate was rejected
Itr 107, LL= -781466.427484 (1.656465). Anneal status: T=0.00, dE=33.60, candidate was rejected
Itr 108, LL= -781465.092456 (1.708362). Anneal status: T=0.00, dE=32.79, candidate was rejected
Itr 109, LL= -781463.634326 (1.865893). Anneal status: T=0.00, dE=7.18, candidate was rejected
Itr 110, LL= -781461.933398 (2.176592). Anneal status: T=0.00, dE=37.25, candidate was rejected
Itr 111, LL= -781459.594946 (2.992407). Anneal status: T=0.00, dE=11.35, candidate was rejected
Itr 112, LL= -781456.886715 (3.465606). Anneal status: T=0.00, dE=27.17, candidate was rejected
Itr 113, LL= -781454.883965 (2.562841). Anneal status: T=0.00, dE=11.24, candidate was rejected
Itr 114, LL= -781452.793671 (2.674875). Anneal status: T=0.00, dE=33.07, candidate was rejected
Itr 115, LL= -781450.236517 (3.272309). Anneal status: T=0.00, dE=16.61, candidate was rejected
Itr 116, LL= -781447.882955 (3.011787). Anneal status: T=0.00, dE=9.45, candidate was rejected
Itr 117, LL= -781446.496400 (1.774341). Anneal status: T=0.00, dE=16.00, candidate was rejected
Itr 118, LL= -781445.605664 (1.139856). Anneal status: T=0.00, dE=14.71, candidate was rejected
Itr 119, LL= -781444.862788 (0.950643). Anneal status: T=0.00, dE=33.29, candidate was rejected
Itr 120, LL= -781444.194054 (0.855766). Anneal status: T=0.00, dE=10.46, candidate was rejected
Itr 121, LL= -781443.592637 (0.769622). Anneal status: T=0.00, dE=32.83, candidate was rejected
-- Annealing statistics:
Portion of times candidate was better: 0.000000
Portion of times candidate was chosen by chance: 0.008264
--
EM for 29 states, 54 emission nodes. 10 observed values.
            gibbs: 0
    nGibbsItrPcnt: 0.8000
     annealParams: {}
           maxItr: 500
      convergeEps: 1.0000e-06
           minItr: 5
       parametric: 0
        initprobs: []
      persistBias: 0
          obsVals: []

- Initalized simulated annealing with params:
                     type: 'linear'
    max_chance_accpetance: 0.2000
             min_duration: 5
        min_init_duration: 5
             max_duration: 11
              converge_th: 1.0000e-06

--
Itr 1, LL= -2776598.942704 (Inf). Anneal status: T=NaN, dE=-92.36, collecting statistics
Itr 2, LL= -823932.268376 (Inf). Anneal status: T=NaN, dE=-500.89, collecting statistics
Itr 3, LL= -809555.725954 (Inf). Anneal status: T=NaN, dE=-157.71, collecting statistics
Itr 4, LL= -803348.458825 (7667.498271). Anneal status: T=NaN, dE=-40.46, collecting statistics
Itr 5, LL= -799419.413562 (4890.835627). Anneal status: T=NaN, dE=-46.93, collecting statistics
Itr 6, LL= -796184.834494 (4046.160268). Anneal status: T=NaN, dE=14.09, collecting statistics
Itr 7, LL= -793904.935991 (2863.529176). Anneal status: T=NaN, dE=1.07, collecting statistics
Itr 8, LL= -792328.130748 (1986.138606). Anneal status: T=NaN, dE=-53.24, collecting statistics
Itr 9, LL= -791124.102348 (1519.608296). Anneal status: T=NaN, dE=-3.29, collecting statistics
Itr 10, LL= -790190.335411 (1180.303993). Anneal status: T=NaN, dE=-5.21, collecting statistics
Itr 11, LL= -789477.848404 (901.665048). Anneal status: T=NaN, dE=-2.96, collecting statistics
Itr 12, LL= -788936.608090 (685.567449). Anneal status: T=NaN, dE=8.57, collecting statistics
Itr 13, LL= -788517.702602 (530.974838). Anneal status: T=1.87, dE=10.14, candidate was rejected
Itr 14, LL= -788170.247434 (440.643459). Anneal status: T=1.87, dE=9.04, candidate was rejected
Itr 15, LL= -787864.250541 (388.237052). Anneal status: T=1.87, dE=10.65, candidate was rejected
Itr 16, LL= -787615.033077 (316.320310). Anneal status: T=1.87, dE=11.72, candidate was rejected
Itr 17, LL= -787424.953402 (241.335763). Anneal status: T=1.87, dE=3.29, candidate was rejected
Itr 18, LL= -787262.841571 (205.875913). Anneal status: T=1.69, dE=11.01, candidate was rejected
Itr 19, LL= -787117.693978 (184.369928). Anneal status: T=1.69, dE=24.63, candidate was rejected
Itr 20, LL= -786976.556199 (179.309626). Anneal status: T=1.69, dE=14.37, candidate was rejected
Itr 21, LL= -786828.540278 (188.081741). Anneal status: T=1.69, dE=26.65, candidate was rejected
Itr 22, LL= -786679.353655 (189.604996). Anneal status: T=1.69, dE=3.51, candidate was rejected
Itr 23, LL= -786551.410440 (162.637058). Anneal status: T=1.50, dE=10.28, candidate was rejected
Itr 24, LL= -786443.181464 (137.599366). Anneal status: T=1.50, dE=16.95, candidate was rejected
Itr 25, LL= -786353.802204 (113.649991). Anneal status: T=1.50, dE=25.12, candidate was rejected
Itr 26, LL= -786280.581603 (93.114067). Anneal status: T=1.50, dE=6.92, candidate was rejected
Itr 27, LL= -786211.946302 (87.291106). Anneal status: T=1.50, dE=20.24, candidate was rejected
Itr 28, LL= -786146.185288 (83.642857). Anneal status: T=1.31, dE=8.69, candidate was rejected
Itr 29, LL= -786080.699812 (83.299362). Anneal status: T=1.31, dE=15.54, candidate was rejected
Itr 30, LL= -786023.819497 (72.359384). Anneal status: T=1.31, dE=16.59, candidate was rejected
Itr 31, LL= -785969.721828 (68.824465). Anneal status: T=1.31, dE=18.54, candidate was rejected
Itr 32, LL= -785918.065037 (65.723640). Anneal status: T=1.31, dE=19.14, candidate was rejected
Itr 33, LL= -785867.529380 (64.301432). Anneal status: T=1.12, dE=0.16, candidate was chosen by chance
Itr 34, LL= -785815.013871 (66.824888). Anneal status: T=1.12, dE=14.75, candidate was rejected
Itr 35, LL= -785762.766496 (66.488135). Anneal status: T=1.12, dE=8.77, candidate was rejected
Itr 36, LL= -785715.936025 (59.598740). Anneal status: T=1.12, dE=15.16, candidate was rejected
Itr 37, LL= -785670.606148 (57.692449). Anneal status: T=1.12, dE=9.64, candidate was rejected
Itr 38, LL= -785625.940799 (56.849969). Anneal status: T=0.94, dE=9.23, candidate was rejected
Itr 39, LL= -785579.959251 (58.528551). Anneal status: T=0.94, dE=4.09, candidate was rejected
Itr 40, LL= -785535.593226 (56.475505). Anneal status: T=0.94, dE=13.56, candidate was rejected
Itr 41, LL= -785491.770543 (55.787011). Anneal status: T=0.94, dE=13.48, candidate was rejected
Itr 42, LL= -785450.964457 (51.949731). Anneal status: T=0.94, dE=7.73, candidate was rejected
Itr 43, LL= -785400.561201 (64.171105). Anneal status: T=0.75, dE=16.16, candidate was rejected
Itr 44, LL= -785355.638445 (57.197255). Anneal status: T=0.75, dE=19.21, candidate was rejected
Itr 45, LL= -785318.269407 (47.582313). Anneal status: T=0.75, dE=13.96, candidate was rejected
Itr 46, LL= -785284.822560 (42.590181). Anneal status: T=0.75, dE=11.70, candidate was rejected
Itr 47, LL= -785245.893859 (49.572716). Anneal status: T=0.75, dE=12.33, candidate was rejected
Itr 48, LL= -785202.015818 (55.878090). Anneal status: T=0.56, dE=31.79, candidate was rejected
Itr 49, LL= -785160.039653 (53.459064). Anneal status: T=0.56, dE=11.05, candidate was rejected
Itr 50, LL= -785126.292396 (42.981373). Anneal status: T=0.56, dE=11.25, candidate was rejected
Itr 51, LL= -785096.167047 (38.370068). Anneal status: T=0.56, dE=15.82, candidate was rejected
Itr 52, LL= -785062.827787 (42.465193). Anneal status: T=0.56, dE=19.94, candidate was rejected
Itr 53, LL= -785027.446215 (45.068458). Anneal status: T=0.37, dE=10.91, candidate was rejected
Itr 54, LL= -784995.204537 (41.070765). Anneal status: T=0.37, dE=9.22, candidate was rejected
Itr 55, LL= -784960.592956 (44.091455). Anneal status: T=0.37, dE=16.93, candidate was rejected
Itr 56, LL= -784927.437417 (42.238475). Anneal status: T=0.37, dE=7.18, candidate was rejected
Itr 57, LL= -784899.529221 (35.555130). Anneal status: T=0.37, dE=14.78, candidate was rejected
Itr 58, LL= -784875.136629 (31.077343). Anneal status: T=0.19, dE=14.15, candidate was rejected
Itr 59, LL= -784850.360924 (31.566428). Anneal status: T=0.19, dE=22.89, candidate was rejected
Itr 60, LL= -784828.238007 (28.187433). Anneal status: T=0.19, dE=12.35, candidate was rejected
Itr 61, LL= -784805.654021 (28.775706). Anneal status: T=0.19, dE=18.60, candidate was rejected
Itr 62, LL= -784786.535633 (24.360665). Anneal status: T=0.19, dE=12.54, candidate was rejected
Itr 63, LL= -784771.195101 (19.547394). Anneal status: T=0.00, dE=7.12, candidate was rejected
Itr 64, LL= -784759.326587 (15.123535). Anneal status: T=0.00, dE=8.88, candidate was rejected
Itr 65, LL= -784747.729689 (14.777649). Anneal status: T=0.00, dE=14.26, candidate was rejected
Itr 66, LL= -784734.969048 (16.260818). Anneal status: T=0.00, dE=26.70, candidate was rejected
Itr 67, LL= -784720.383533 (18.586550). Anneal status: T=0.00, dE=9.71, candidate was rejected
Itr 68, LL= -784705.640266 (18.787925). Anneal status: T=0.00, dE=13.85, candidate was rejected
Itr 69, LL= -784689.079405 (21.104552). Anneal status: T=0.00, dE=7.51, candidate was rejected
Itr 70, LL= -784667.068748 (28.050164). Anneal status: T=0.00, dE=17.91, candidate was rejected
Itr 71, LL= -784644.410517 (28.876235). Anneal status: T=0.00, dE=4.27, candidate was rejected
Itr 72, LL= -784627.840099 (21.118379). Anneal status: T=0.00, dE=19.14, candidate was rejected
Itr 73, LL= -784612.675578 (19.327025). Anneal status: T=0.00, dE=19.51, candidate was rejected
Itr 74, LL= -784593.583545 (24.333067). Anneal status: T=0.00, dE=17.11, candidate was rejected
Itr 75, LL= -784579.381232 (18.101489). Anneal status: T=0.00, dE=18.37, candidate was rejected
Itr 76, LL= -784568.140019 (14.327694). Anneal status: T=0.00, dE=17.69, candidate was rejected
Itr 77, LL= -784557.549435 (13.498615). Anneal status: T=0.00, dE=3.60, candidate was rejected
Itr 78, LL= -784547.468481 (12.849222). Anneal status: T=0.00, dE=1.94, candidate was rejected
Itr 79, LL= -784532.573709 (18.985177). Anneal status: T=0.00, dE=4.35, candidate was rejected
Itr 80, LL= -784523.016250 (12.182360). Anneal status: T=0.00, dE=17.26, candidate was rejected
Itr 81, LL= -784513.787884 (11.763028). Anneal status: T=0.00, dE=10.39, candidate was rejected
Itr 82, LL= -784502.767531 (14.047367). Anneal status: T=0.00, dE=11.00, candidate was rejected
Itr 83, LL= -784492.218466 (13.446816). Anneal status: T=0.00, dE=28.48, candidate was rejected
Itr 84, LL= -784483.323405 (11.338622). Anneal status: T=0.00, dE=15.57, candidate was rejected
Itr 85, LL= -784476.565708 (8.614201). Anneal status: T=0.00, dE=9.98, candidate was rejected
Itr 86, LL= -784471.149393 (6.904368). Anneal status: T=0.00, dE=35.31, candidate was rejected
Itr 87, LL= -784466.828268 (5.508329). Anneal status: T=0.00, dE=27.92, candidate was rejected
Itr 88, LL= -784463.189514 (4.638506). Anneal status: T=0.00, dE=13.95, candidate was rejected
Itr 89, LL= -784456.630810 (8.360754). Anneal status: T=0.00, dE=17.81, candidate was rejected
Itr 90, LL= -784452.577076 (5.167569). Anneal status: T=0.00, dE=13.21, candidate was rejected
Itr 91, LL= -784448.737210 (4.894963). Anneal status: T=0.00, dE=3.09, candidate was rejected
Itr 92, LL= -784443.813057 (6.277215). Anneal status: T=0.00, dE=11.02, candidate was rejected
Itr 93, LL= -784436.304327 (9.572043). Anneal status: T=0.00, dE=20.63, candidate was rejected
Itr 94, LL= -784428.025468 (10.553896). Anneal status: T=0.00, dE=7.06, candidate was rejected
Itr 95, LL= -784422.848762 (6.599338). Anneal status: T=0.00, dE=1.17, candidate was rejected
Itr 96, LL= -784419.278947 (4.550881). Anneal status: T=0.00, dE=12.70, candidate was rejected
Itr 97, LL= -784416.061577 (4.101594). Anneal status: T=0.00, dE=21.45, candidate was rejected
Itr 98, LL= -784412.571062 (4.449826). Anneal status: T=0.00, dE=13.86, candidate was rejected
Itr 99, LL= -784406.174290 (8.154857). Anneal status: T=0.00, dE=7.89, candidate was rejected
Itr 100, LL= -784395.278151 (13.890940). Anneal status: T=0.00, dE=10.51, candidate was rejected
Itr 101, LL= -784387.321663 (10.143468). Anneal status: T=0.00, dE=9.60, candidate was rejected
Itr 102, LL= -784380.417906 (8.801463). Anneal status: T=0.00, dE=18.28, candidate was rejected
Itr 103, LL= -784373.292891 (9.083622). Anneal status: T=0.00, dE=41.05, candidate was rejected
Itr 104, LL= -784363.840197 (12.051269). Anneal status: T=0.00, dE=13.42, candidate was rejected
Itr 105, LL= -784352.242661 (14.785914). Anneal status: T=0.00, dE=16.73, candidate was rejected
Itr 106, LL= -784344.507423 (9.861944). Anneal status: T=0.00, dE=23.24, candidate was rejected
Itr 107, LL= -784337.330634 (9.150048). Anneal status: T=0.00, dE=8.92, candidate was rejected
Itr 108, LL= -784330.487827 (8.724316). Anneal status: T=0.00, dE=18.56, candidate was rejected
Itr 109, LL= -784320.793675 (12.359779). Anneal status: T=0.00, dE=22.47, candidate was rejected
Itr 110, LL= -784311.533003 (11.807251). Anneal status: T=0.00, dE=33.97, candidate was rejected
Itr 111, LL= -784305.838795 (7.260136). Anneal status: T=0.00, dE=14.06, candidate was rejected
Itr 112, LL= -784299.864475 (7.617334). Anneal status: T=0.00, dE=17.09, candidate was rejected
Itr 113, LL= -784291.172346 (11.082661). Anneal status: T=0.00, dE=12.64, candidate was rejected
Itr 114, LL= -784283.840847 (9.347930). Anneal status: T=0.00, dE=28.84, candidate was rejected
Itr 115, LL= -784280.591055 (4.143642). Anneal status: T=0.00, dE=15.00, candidate was rejected
Itr 116, LL= -784278.247315 (2.988394). Anneal status: T=0.00, dE=10.10, candidate was rejected
Itr 117, LL= -784276.505209 (2.221286). Anneal status: T=0.00, dE=13.13, candidate was rejected
Itr 118, LL= -784275.046910 (1.859419). Anneal status: T=0.00, dE=6.27, candidate was rejected
Itr 119, LL= -784273.376736 (2.129578). Anneal status: T=0.00, dE=26.55, candidate was rejected
Itr 120, LL= -784268.683139 (5.984644). Anneal status: T=0.00, dE=7.33, candidate was rejected
Itr 121, LL= -784262.626841 (7.722223). Anneal status: T=0.00, dE=20.05, candidate was rejected
Itr 122, LL= -784260.237976 (3.046002). Anneal status: T=0.00, dE=24.98, candidate was rejected
Itr 123, LL= -784255.313291 (6.279402). Anneal status: T=0.00, dE=12.98, candidate was rejected
Itr 124, LL= -784250.711055 (5.868287). Anneal status: T=0.00, dE=4.14, candidate was rejected
Itr 125, LL= -784247.072041 (4.640116). Anneal status: T=0.00, dE=1.86, candidate was rejected
Itr 126, LL= -784238.982211 (10.315410). Anneal status: T=0.00, dE=9.40, candidate was rejected
Itr 127, LL= -784235.257892 (4.748959). Anneal status: T=0.00, dE=6.41, candidate was rejected
Itr 128, LL= -784230.564160 (5.985107). Anneal status: T=0.00, dE=18.68, candidate was rejected
Itr 129, LL= -784223.760776 (8.675235). Anneal status: T=0.00, dE=9.05, candidate was rejected
Itr 130, LL= -784217.548200 (7.921942). Anneal status: T=0.00, dE=5.28, candidate was rejected
Itr 131, LL= -784211.984788 (7.094221). Anneal status: T=0.00, dE=35.06, candidate was rejected
Itr 132, LL= -784207.874671 (5.241079). Anneal status: T=0.00, dE=17.40, candidate was rejected
Itr 133, LL= -784204.273809 (4.591718). Anneal status: T=0.00, dE=14.41, candidate was rejected
Itr 134, LL= -784200.960551 (4.224993). Anneal status: T=0.00, dE=3.88, candidate was rejected
Itr 135, LL= -784197.767785 (4.071362). Anneal status: T=0.00, dE=10.93, candidate was rejected
Itr 136, LL= -784195.141075 (3.349551). Anneal status: T=0.00, dE=9.85, candidate was rejected
Itr 137, LL= -784191.592514 (4.525100). Anneal status: T=0.00, dE=18.38, candidate was rejected
Itr 138, LL= -784187.974704 (4.613426). Anneal status: T=0.00, dE=14.57, candidate was rejected
Itr 139, LL= -784186.208706 (2.252008). Anneal status: T=0.00, dE=3.93, candidate was rejected
Itr 140, LL= -784184.771556 (1.832664). Anneal status: T=0.00, dE=4.87, candidate was rejected
Itr 141, LL= -784183.320778 (1.850047). Anneal status: T=0.00, dE=44.24, candidate was rejected
Itr 142, LL= -784180.818723 (3.190651). Anneal status: T=0.00, dE=1.09, candidate was rejected
Itr 143, LL= -784170.252208 (13.474590). Anneal status: T=0.00, dE=16.35, candidate was rejected
Itr 144, LL= -784165.959740 (5.473898). Anneal status: T=0.00, dE=30.72, candidate was rejected
Itr 145, LL= -784163.339026 (3.342039). Anneal status: T=0.00, dE=14.12, candidate was rejected
Itr 146, LL= -784160.545373 (3.562591). Anneal status: T=0.00, dE=1.22, candidate was rejected
Itr 147, LL= -784157.673176 (3.662767). Anneal status: T=0.00, dE=41.11, candidate was rejected
Itr 148, LL= -784153.030214 (5.920954). Anneal status: T=0.00, dE=8.13, candidate was rejected
Itr 149, LL= -784149.519092 (4.477597). Anneal status: T=0.00, dE=5.31, candidate was rejected
Itr 150, LL= -784147.652243 (2.380731). Anneal status: T=0.00, dE=12.85, candidate was rejected
Itr 151, LL= -784146.142015 (1.925949). Anneal status: T=0.00, dE=5.79, candidate was rejected
Itr 152, LL= -784144.859675 (1.635332). Anneal status: T=0.00, dE=7.99, candidate was rejected
Itr 153, LL= -784143.682954 (1.500642). Anneal status: T=0.00, dE=1.48, candidate was rejected
Itr 154, LL= -784142.500359 (1.508136). Anneal status: T=0.00, dE=26.42, candidate was rejected
Itr 155, LL= -784141.113062 (1.769189). Anneal status: T=0.00, dE=23.16, candidate was rejected
Itr 156, LL= -784139.308382 (2.301473). Anneal status: T=0.00, dE=33.40, candidate was rejected
Itr 157, LL= -784137.318521 (2.537637). Anneal status: T=0.00, dE=24.98, candidate was rejected
Itr 158, LL= -784135.223931 (2.671203). Anneal status: T=0.00, dE=7.78, candidate was rejected
Itr 159, LL= -784132.632480 (3.304852). Anneal status: T=0.00, dE=16.96, candidate was rejected
Itr 160, LL= -784128.675851 (5.045868). Anneal status: T=0.00, dE=7.33, candidate was rejected
Itr 161, LL= -784123.571872 (6.509108). Anneal status: T=0.00, dE=4.62, candidate was rejected
Itr 162, LL= -784120.599200 (3.791076). Anneal status: T=0.00, dE=9.51, candidate was rejected
Itr 163, LL= -784118.481635 (2.700560). Anneal status: T=0.00, dE=13.40, candidate was rejected
Itr 164, LL= -784115.874489 (3.324939). Anneal status: T=0.00, dE=7.71, candidate was rejected
Itr 165, LL= -784112.117548 (4.791309). Anneal status: T=0.00, dE=19.64, candidate was rejected
Itr 166, LL= -784109.105329 (3.841567). Anneal status: T=0.00, dE=2.87, candidate was rejected
Itr 167, LL= -784104.561561 (5.794816). Anneal status: T=0.00, dE=17.26, candidate was rejected
Itr 168, LL= -784101.552655 (3.837379). Anneal status: T=0.00, dE=40.63, candidate was rejected
Itr 169, LL= -784099.144029 (3.071829). Anneal status: T=0.00, dE=15.45, candidate was rejected
Itr 170, LL= -784096.793049 (2.998319). Anneal status: T=0.00, dE=7.17, candidate was rejected
Itr 171, LL= -784094.199153 (3.308132). Anneal status: T=0.00, dE=5.29, candidate was rejected
Itr 172, LL= -784090.703295 (4.458468). Anneal status: T=0.00, dE=14.48, candidate was rejected
Itr 173, LL= -784083.628956 (9.022347). Anneal status: T=0.00, dE=25.78, candidate was rejected
Itr 174, LL= -784072.074934 (14.735702). Anneal status: T=0.00, dE=16.95, candidate was rejected
Itr 175, LL= -784066.344168 (7.308978). Anneal status: T=0.00, dE=6.09, candidate was rejected
Itr 176, LL= -784061.623173 (6.021168). Anneal status: T=0.00, dE=11.08, candidate was rejected
Itr 177, LL= -784057.579975 (5.156735). Anneal status: T=0.00, dE=5.47, candidate was rejected
Itr 178, LL= -784053.986484 (4.583198). Anneal status: T=0.00, dE=12.44, candidate was rejected
Itr 179, LL= -784051.370328 (3.336704). Anneal status: T=0.00, dE=7.43, candidate was rejected
Itr 180, LL= -784048.756655 (3.333548). Anneal status: T=0.00, dE=73.19, candidate was rejected
Itr 181, LL= -784045.816089 (3.750488). Anneal status: T=0.00, dE=10.95, candidate was rejected
Itr 182, LL= -784043.592350 (2.836237). Anneal status: T=0.00, dE=10.87, candidate was rejected
Itr 183, LL= -784041.286787 (2.940605). Anneal status: T=0.00, dE=14.89, candidate was rejected
Itr 184, LL= -784038.153172 (3.996748). Anneal status: T=0.00, dE=4.78, candidate was rejected
Itr 185, LL= -784034.908078 (4.138948). Anneal status: T=0.00, dE=8.88, candidate was rejected
Itr 186, LL= -784032.222210 (3.425700). Anneal status: T=0.00, dE=1.59, candidate was rejected
Itr 187, LL= -784029.052248 (4.043152). Anneal status: T=0.00, dE=26.85, candidate was rejected
Itr 188, LL= -784025.426623 (4.624350). Anneal status: T=0.00, dE=8.56, candidate was rejected
Itr 189, LL= -784021.383866 (5.156411). Anneal status: T=0.00, dE=8.35, candidate was rejected
Itr 190, LL= -784018.474731 (3.710531). Anneal status: T=0.00, dE=38.22, candidate was rejected
Itr 191, LL= -784016.801383 (2.134322). Anneal status: T=0.00, dE=4.80, candidate was rejected
Itr 192, LL= -784015.594778 (1.539004). Anneal status: T=0.00, dE=25.66, candidate was rejected
Itr 193, LL= -784014.585753 (1.286997). Anneal status: T=0.00, dE=12.56, candidate was rejected
Itr 194, LL= -784013.414298 (1.494176). Anneal status: T=0.00, dE=20.93, candidate was rejected
Itr 195, LL= -784007.878566 (7.060761). Anneal status: T=0.00, dE=5.01, candidate was rejected
Itr 196, LL= -784004.681908 (4.077329). Anneal status: T=0.00, dE=13.47, candidate was rejected
Itr 197, LL= -784003.450018 (1.571279). Anneal status: T=0.00, dE=21.73, candidate was rejected
Itr 198, LL= -784002.222373 (1.565868). Anneal status: T=0.00, dE=16.77, candidate was rejected
Itr 199, LL= -784000.991453 (1.570046). Anneal status: T=0.00, dE=28.02, candidate was rejected
Itr 200, LL= -783999.687060 (1.663764). Anneal status: T=0.00, dE=18.01, candidate was rejected
Itr 201, LL= -783998.174863 (1.928824). Anneal status: T=0.00, dE=24.84, candidate was rejected
Itr 202, LL= -783996.271233 (2.428105). Anneal status: T=0.00, dE=12.97, candidate was rejected
Itr 203, LL= -783993.199506 (3.918038). Anneal status: T=0.00, dE=15.17, candidate was rejected
Itr 204, LL= -783990.008295 (4.070457). Anneal status: T=0.00, dE=32.78, candidate was rejected
Itr 205, LL= -783987.157175 (3.636679). Anneal status: T=0.00, dE=21.90, candidate was rejected
Itr 206, LL= -783982.050532 (6.513682). Anneal status: T=0.00, dE=27.25, candidate was rejected
Itr 207, LL= -783978.074826 (5.071169). Anneal status: T=0.00, dE=7.59, candidate was rejected
Itr 208, LL= -783975.414672 (3.393149). Anneal status: T=0.00, dE=38.51, candidate was rejected
Itr 209, LL= -783974.094276 (1.684232). Anneal status: T=0.00, dE=22.73, candidate was rejected
Itr 210, LL= -783973.047152 (1.335661). Anneal status: T=0.00, dE=7.82, candidate was rejected
Itr 211, LL= -783971.733512 (1.675619). Anneal status: T=0.00, dE=22.67, candidate was rejected
Itr 212, LL= -783969.560716 (2.771523). Anneal status: T=0.00, dE=16.86, candidate was rejected
Itr 213, LL= -783967.304642 (2.877757). Anneal status: T=0.00, dE=3.35, candidate was rejected
Itr 214, LL= -783964.207113 (3.951095). Anneal status: T=0.00, dE=8.02, candidate was rejected
Itr 215, LL= -783962.847894 (1.733776). Anneal status: T=0.00, dE=23.76, candidate was rejected
Itr 216, LL= -783962.290721 (0.710713). Anneal status: T=0.00, dE=11.85, candidate was rejected
Itr 217, LL= -783961.777289 (0.654919). Anneal status: T=0.00, dE=16.61, candidate was rejected
Itr 218, LL= -783961.279798 (0.634586). Anneal status: T=0.00, dE=8.93, candidate was rejected
-- Annealing statistics:
Portion of times candidate was better: 0.000000
Portion of times candidate was chosen by chance: 0.004587
--
EM for 29 states, 54 emission nodes. 10 observed values.
            gibbs: 0
    nGibbsItrPcnt: 0.8000
     annealParams: {}
           maxItr: 500
      convergeEps: 1.0000e-06
           minItr: 5
       parametric: 0
        initprobs: []
      persistBias: 0
          obsVals: []

- Initalized simulated annealing with params:
                     type: 'linear'
    max_chance_accpetance: 0.2000
             min_duration: 5
        min_init_duration: 5
             max_duration: 11
              converge_th: 1.0000e-06

--
Itr 1, LL= -2795796.220974 (Inf). Anneal status: T=NaN, dE=-82.39, collecting statistics
Itr 2, LL= -831942.364383 (Inf). Anneal status: T=NaN, dE=10.99, collecting statistics
Itr 3, LL= -816827.282752 (Inf). Anneal status: T=NaN, dE=-172.58, collecting statistics
Itr 4, LL= -804984.912949 (14498.009619). Anneal status: T=NaN, dE=-105.81, collecting statistics
Itr 5, LL= -798999.106717 (7435.923501). Anneal status: T=NaN, dE=-117.18, collecting statistics
Itr 6, LL= -794791.425467 (5266.190181). Anneal status: T=NaN, dE=-17.05, collecting statistics
Itr 7, LL= -791690.333609 (3901.768135). Anneal status: T=NaN, dE=-0.28, collecting statistics
Itr 8, LL= -789531.939924 (2726.310519). Anneal status: T=NaN, dE=-28.34, collecting statistics
Itr 9, LL= -788106.366125 (1805.593577). Anneal status: T=NaN, dE=-1.01, collecting statistics
Itr 10, LL= -787160.434719 (1200.258552). Anneal status: T=NaN, dE=23.94, collecting statistics
Itr 11, LL= -786479.816862 (864.649476). Anneal status: T=NaN, dE=11.36, collecting statistics
Itr 12, LL= -785961.938522 (658.476326). Anneal status: T=5.52, dE=13.60, candidate was rejected
Itr 13, LL= -785572.411018 (495.606065). Anneal status: T=5.52, dE=8.68, candidate was rejected
Itr 14, LL= -785280.313885 (371.827127). Anneal status: T=5.52, dE=22.68, candidate was rejected
Itr 15, LL= -785047.654272 (296.275876). Anneal status: T=5.52, dE=37.71, candidate was rejected
Itr 16, LL= -784858.506220 (240.938306). Anneal status: T=5.52, dE=13.30, candidate was rejected
Itr 17, LL= -784690.545850 (214.000827). Anneal status: T=4.97, dE=18.92, candidate was rejected
Itr 18, LL= -784548.340423 (181.224851). Anneal status: T=4.97, dE=13.83, candidate was rejected
Itr 19, LL= -784412.316618 (173.378487). Anneal status: T=4.97, dE=7.19, candidate was rejected
Itr 20, LL= -784276.867657 (172.675720). Anneal status: T=4.97, dE=6.45, candidate was rejected
Itr 21, LL= -784157.553202 (152.133080). Anneal status: T=4.97, dE=17.38, candidate was rejected
Itr 22, LL= -784031.502232 (160.746995). Anneal status: T=4.42, dE=7.69, candidate was rejected
Itr 23, LL= -783910.376859 (154.490441). Anneal status: T=4.42, dE=8.99, candidate was rejected
Itr 24, LL= -783806.099966 (133.021447). Anneal status: T=4.42, dE=11.40, candidate was rejected
Itr 25, LL= -783712.832243 (118.993363). Anneal status: T=4.42, dE=14.60, candidate was rejected
Itr 26, LL= -783621.697477 (116.285918). Anneal status: T=4.42, dE=19.12, candidate was rejected
Itr 27, LL= -783535.394119 (110.133956). Anneal status: T=3.86, dE=18.73, candidate was rejected
Itr 28, LL= -783457.608781 (99.274824). Anneal status: T=3.86, dE=37.90, candidate was rejected
Itr 29, LL= -783384.933519 (92.762213). Anneal status: T=3.86, dE=17.14, candidate was rejected
Itr 30, LL= -783317.416763 (86.185926). Anneal status: T=3.86, dE=19.86, candidate was rejected
Itr 31, LL= -783253.228478 (81.944156). Anneal status: T=3.86, dE=21.07, candidate was rejected
Itr 32, LL= -783198.976366 (69.265098). Anneal status: T=3.31, dE=13.54, candidate was rejected
Itr 33, LL= -783154.425976 (56.882595). Anneal status: T=3.31, dE=19.61, candidate was rejected
Itr 34, LL= -783111.649211 (54.621112). Anneal status: T=3.31, dE=14.55, candidate was rejected
Itr 35, LL= -783072.258025 (50.300856). Anneal status: T=3.31, dE=32.73, candidate was rejected
Itr 36, LL= -783038.436794 (43.190435). Anneal status: T=3.31, dE=9.58, candidate was rejected
Itr 37, LL= -783008.117647 (38.719870). Anneal status: T=2.76, dE=17.93, candidate was rejected
Itr 38, LL= -782979.849233 (36.102326). Anneal status: T=2.76, dE=29.71, candidate was rejected
Itr 39, LL= -782953.002436 (34.287979). Anneal status: T=2.76, dE=21.49, candidate was rejected
Itr 40, LL= -782926.237408 (34.184718). Anneal status: T=2.76, dE=13.60, candidate was rejected
Itr 41, LL= -782899.722334 (33.866631). Anneal status: T=2.76, dE=57.99, candidate was rejected
Itr 42, LL= -782872.942325 (34.206181). Anneal status: T=2.21, dE=16.39, candidate was rejected
Itr 43, LL= -782846.413537 (33.886453). Anneal status: T=2.21, dE=18.27, candidate was rejected
Itr 44, LL= -782820.097569 (33.615749). Anneal status: T=2.21, dE=18.90, candidate was rejected
Itr 45, LL= -782791.427508 (36.624074). Anneal status: T=2.21, dE=44.31, candidate was rejected
Itr 46, LL= -782765.129990 (33.594541). Anneal status: T=2.21, dE=26.41, candidate was rejected
Itr 47, LL= -782742.223148 (29.264003). Anneal status: T=1.66, dE=18.17, candidate was rejected
Itr 48, LL= -782721.368865 (26.642594). Anneal status: T=1.66, dE=10.90, candidate was rejected
Itr 49, LL= -782698.031544 (29.815618). Anneal status: T=1.66, dE=12.89, candidate was rejected
Itr 50, LL= -782674.058501 (30.628725). Anneal status: T=1.66, dE=33.25, candidate was rejected
Itr 51, LL= -782651.166666 (29.248236). Anneal status: T=1.66, dE=26.13, candidate was rejected
Itr 52, LL= -782634.261534 (21.599830). Anneal status: T=1.10, dE=28.20, candidate was rejected
Itr 53, LL= -782616.421248 (22.795177). Anneal status: T=1.10, dE=24.94, candidate was rejected
Itr 54, LL= -782597.976694 (23.567808). Anneal status: T=1.10, dE=7.37, candidate was rejected
Itr 55, LL= -782580.385632 (22.477777). Anneal status: T=1.10, dE=37.49, candidate was rejected
Itr 56, LL= -782563.724456 (21.290050). Anneal status: T=1.10, dE=35.06, candidate was rejected
Itr 57, LL= -782547.633563 (20.561768). Anneal status: T=0.55, dE=15.67, candidate was rejected
Itr 58, LL= -782532.128926 (19.813026). Anneal status: T=0.55, dE=24.24, candidate was rejected
Itr 59, LL= -782517.880978 (18.207492). Anneal status: T=0.55, dE=21.97, candidate was rejected
Itr 60, LL= -782504.189823 (17.496285). Anneal status: T=0.55, dE=18.78, candidate was rejected
Itr 61, LL= -782491.650664 (16.024399). Anneal status: T=0.55, dE=33.66, candidate was rejected
Itr 62, LL= -782479.527857 (15.492570). Anneal status: T=0.00, dE=18.97, candidate was rejected
Itr 63, LL= -782467.934571 (14.816088). Anneal status: T=0.00, dE=31.36, candidate was rejected
Itr 64, LL= -782459.310723 (11.021344). Anneal status: T=0.00, dE=18.53, candidate was rejected
Itr 65, LL= -782450.379774 (11.413947). Anneal status: T=0.00, dE=12.67, candidate was rejected
Itr 66, LL= -782440.164283 (13.055768). Anneal status: T=0.00, dE=15.59, candidate was rejected
Itr 67, LL= -782430.519455 (12.326602). Anneal status: T=0.00, dE=28.21, candidate was rejected
Itr 68, LL= -782419.845843 (13.641609). Anneal status: T=0.00, dE=28.93, candidate was rejected
Itr 69, LL= -782411.143531 (11.122305). Anneal status: T=0.00, dE=26.32, candidate was rejected
Itr 70, LL= -782402.678633 (10.818990). Anneal status: T=0.00, dE=36.62, candidate was rejected
Itr 71, LL= -782394.284229 (10.729007). Anneal status: T=0.00, dE=20.97, candidate was rejected
Itr 72, LL= -782387.156868 (9.109679). Anneal status: T=0.00, dE=8.65, candidate was rejected
Itr 73, LL= -782381.381009 (7.382355). Anneal status: T=0.00, dE=22.71, candidate was rejected
Itr 74, LL= -782376.412423 (6.350593). Anneal status: T=0.00, dE=31.22, candidate was rejected
Itr 75, LL= -782371.954118 (5.698414). Anneal status: T=0.00, dE=26.19, candidate was rejected
Itr 76, LL= -782367.396474 (5.825418). Anneal status: T=0.00, dE=25.05, candidate was rejected
Itr 77, LL= -782361.723333 (7.251249). Anneal status: T=0.00, dE=33.37, candidate was rejected
Itr 78, LL= -782353.990909 (9.883439). Anneal status: T=0.00, dE=22.29, candidate was rejected
Itr 79, LL= -782340.819132 (16.836084). Anneal status: T=0.00, dE=3.60, candidate was rejected
Itr 80, LL= -782328.424294 (15.843271). Anneal status: T=0.00, dE=14.63, candidate was rejected
Itr 81, LL= -782321.042250 (9.435991). Anneal status: T=0.00, dE=10.79, candidate was rejected
Itr 82, LL= -782315.003622 (7.718862). Anneal status: T=0.00, dE=13.88, candidate was rejected
Itr 83, LL= -782309.258985 (7.343126). Anneal status: T=0.00, dE=1.97, candidate was rejected
Itr 84, LL= -782304.257646 (6.393045). Anneal status: T=0.00, dE=36.38, candidate was rejected
Itr 85, LL= -782299.340561 (6.285387). Anneal status: T=0.00, dE=44.01, candidate was rejected
Itr 86, LL= -782293.858775 (7.007275). Anneal status: T=0.00, dE=26.51, candidate was rejected
Itr 87, LL= -782287.121018 (8.612821). Anneal status: T=0.00, dE=23.19, candidate was rejected
Itr 88, LL= -782278.546773 (10.960483). Anneal status: T=0.00, dE=21.27, candidate was rejected
Itr 89, LL= -782267.854683 (13.667880). Anneal status: T=0.00, dE=22.08, candidate was rejected
Itr 90, LL= -782258.140324 (12.418201). Anneal status: T=0.00, dE=23.80, candidate was rejected
Itr 91, LL= -782250.896430 (9.260234). Anneal status: T=0.00, dE=2.51, candidate was rejected
Itr 92, LL= -782244.704362 (7.915706). Anneal status: T=0.00, dE=17.47, candidate was rejected
Itr 93, LL= -782238.270430 (8.224961). Anneal status: T=0.00, dE=16.26, candidate was rejected
Itr 94, LL= -782232.994437 (6.744739). Anneal status: T=0.00, dE=13.99, candidate was rejected
Itr 95, LL= -782228.411957 (5.858203). Anneal status: T=0.00, dE=13.99, candidate was rejected
Itr 96, LL= -782223.599615 (6.152093). Anneal status: T=0.00, dE=12.43, candidate was rejected
Itr 97, LL= -782218.226254 (6.869341). Anneal status: T=0.00, dE=14.34, candidate was rejected
Itr 98, LL= -782211.993171 (7.968471). Anneal status: T=0.00, dE=27.75, candidate was rejected
Itr 99, LL= -782205.911700 (7.774709). Anneal status: T=0.00, dE=16.83, candidate was rejected
Itr 100, LL= -782199.181018 (8.604745). Anneal status: T=0.00, dE=17.44, candidate was rejected
Itr 101, LL= -782193.086347 (7.791713). Anneal status: T=0.00, dE=24.01, candidate was rejected
Itr 102, LL= -782187.992930 (6.511713). Anneal status: T=0.00, dE=14.50, candidate was rejected
Itr 103, LL= -782182.373265 (7.184546). Anneal status: T=0.00, dE=17.23, candidate was rejected
Itr 104, LL= -782175.578338 (8.687139). Anneal status: T=0.00, dE=53.61, candidate was rejected
Itr 105, LL= -782169.665956 (7.558893). Anneal status: T=0.00, dE=8.93, candidate was rejected
Itr 106, LL= -782166.029774 (4.648840). Anneal status: T=0.00, dE=22.83, candidate was rejected
Itr 107, LL= -782163.090494 (3.757872). Anneal status: T=0.00, dE=18.59, candidate was rejected
Itr 108, LL= -782160.562451 (3.232118). Anneal status: T=0.00, dE=31.77, candidate was rejected
Itr 109, LL= -782158.097613 (3.151320). Anneal status: T=0.00, dE=28.07, candidate was rejected
Itr 110, LL= -782155.777990 (2.965670). Anneal status: T=0.00, dE=15.10, candidate was rejected
Itr 111, LL= -782153.745517 (2.598553). Anneal status: T=0.00, dE=27.11, candidate was rejected
Itr 112, LL= -782151.660658 (2.665536). Anneal status: T=0.00, dE=11.58, candidate was rejected
Itr 113, LL= -782149.204011 (3.140884). Anneal status: T=0.00, dE=19.01, candidate was rejected
Itr 114, LL= -782144.784156 (5.650910). Anneal status: T=0.00, dE=22.39, candidate was rejected
Itr 115, LL= -782138.739276 (7.728594). Anneal status: T=0.00, dE=15.94, candidate was rejected
Itr 116, LL= -782135.058069 (4.706591). Anneal status: T=0.00, dE=28.46, candidate was rejected
Itr 117, LL= -782132.327551 (3.491108). Anneal status: T=0.00, dE=46.29, candidate was rejected
Itr 118, LL= -782128.878327 (4.410026). Anneal status: T=0.00, dE=20.99, candidate was rejected
Itr 119, LL= -782124.451526 (5.659938). Anneal status: T=0.00, dE=14.94, candidate was rejected
Itr 120, LL= -782120.240539 (5.384037). Anneal status: T=0.00, dE=30.32, candidate was rejected
Itr 121, LL= -782116.504740 (4.776502). Anneal status: T=0.00, dE=8.93, candidate was rejected
Itr 122, LL= -782112.991898 (4.491456). Anneal status: T=0.00, dE=24.61, candidate was rejected
Itr 123, LL= -782109.699012 (4.210244). Anneal status: T=0.00, dE=26.40, candidate was rejected
Itr 124, LL= -782106.673322 (3.868626). Anneal status: T=0.00, dE=17.70, candidate was rejected
Itr 125, LL= -782103.696109 (3.806658). Anneal status: T=0.00, dE=39.88, candidate was rejected
Itr 126, LL= -782098.913696 (6.114807). Anneal status: T=0.00, dE=13.04, candidate was rejected
Itr 127, LL= -782092.710573 (7.931379). Anneal status: T=0.00, dE=27.05, candidate was rejected
Itr 128, LL= -782089.719624 (3.824290). Anneal status: T=0.00, dE=24.91, candidate was rejected
Itr 129, LL= -782086.685817 (3.879104). Anneal status: T=0.00, dE=32.91, candidate was rejected
Itr 130, LL= -782083.016940 (4.691139). Anneal status: T=0.00, dE=21.43, candidate was rejected
Itr 131, LL= -782079.183713 (4.901304). Anneal status: T=0.00, dE=22.41, candidate was rejected
Itr 132, LL= -782075.827423 (4.291496). Anneal status: T=0.00, dE=14.31, candidate was rejected
Itr 133, LL= -782072.840611 (3.819082). Anneal status: T=0.00, dE=20.22, candidate was rejected
Itr 134, LL= -782070.027637 (3.596818). Anneal status: T=0.00, dE=22.62, candidate was rejected
Itr 135, LL= -782067.352530 (3.420547). Anneal status: T=0.00, dE=24.03, candidate was rejected
Itr 136, LL= -782064.797859 (3.266562). Anneal status: T=0.00, dE=9.46, candidate was rejected
Itr 137, LL= -782062.312346 (3.178141). Anneal status: T=0.00, dE=11.08, candidate was rejected
Itr 138, LL= -782059.789937 (3.225331). Anneal status: T=0.00, dE=21.99, candidate was rejected
Itr 139, LL= -782056.905515 (3.688237). Anneal status: T=0.00, dE=10.28, candidate was rejected
Itr 140, LL= -782054.173870 (3.492898). Anneal status: T=0.00, dE=17.00, candidate was rejected
Itr 141, LL= -782051.337450 (3.626884). Anneal status: T=0.00, dE=11.60, candidate was rejected
Itr 142, LL= -782047.325920 (5.129497). Anneal status: T=0.00, dE=21.37, candidate was rejected
Itr 143, LL= -782044.736560 (3.311001). Anneal status: T=0.00, dE=16.52, candidate was rejected
Itr 144, LL= -782041.944793 (3.569831). Anneal status: T=0.00, dE=30.85, candidate was rejected
Itr 145, LL= -782039.361233 (3.303607). Anneal status: T=0.00, dE=16.46, candidate was rejected
Itr 146, LL= -782037.403340 (2.503574). Anneal status: T=0.00, dE=22.32, candidate was rejected
Itr 147, LL= -782035.003775 (3.068351). Anneal status: T=0.00, dE=24.91, candidate was rejected
Itr 148, LL= -782031.902296 (3.965908). Anneal status: T=0.00, dE=30.49, candidate was rejected
Itr 149, LL= -782028.753247 (4.026752). Anneal status: T=0.00, dE=27.94, candidate was rejected
Itr 150, LL= -782025.576945 (4.061618). Anneal status: T=0.00, dE=12.84, candidate was rejected
Itr 151, LL= -782022.348837 (4.127880). Anneal status: T=0.00, dE=7.87, candidate was rejected
Itr 152, LL= -782018.147033 (5.372998). Anneal status: T=0.00, dE=21.15, candidate was rejected
Itr 153, LL= -782012.469844 (7.259664). Anneal status: T=0.00, dE=14.32, candidate was rejected
Itr 154, LL= -782009.720808 (3.515335). Anneal status: T=0.00, dE=20.34, candidate was rejected
Itr 155, LL= -782007.583428 (2.733188). Anneal status: T=0.00, dE=22.80, candidate was rejected
Itr 156, LL= -782004.814701 (3.540537). Anneal status: T=0.00, dE=28.75, candidate was rejected
Itr 157, LL= -782001.203757 (4.617547). Anneal status: T=0.00, dE=13.30, candidate was rejected
Itr 158, LL= -781996.596652 (5.891430). Anneal status: T=0.00, dE=14.00, candidate was rejected
Itr 159, LL= -781994.698567 (2.427229). Anneal status: T=0.00, dE=8.05, candidate was rejected
Itr 160, LL= -781993.173147 (1.950679). Anneal status: T=0.00, dE=11.13, candidate was rejected
Itr 161, LL= -781991.081326 (2.674985). Anneal status: T=0.00, dE=10.62, candidate was rejected
Itr 162, LL= -781987.985222 (3.959257). Anneal status: T=0.00, dE=19.95, candidate was rejected
Itr 163, LL= -781985.420801 (3.279361). Anneal status: T=0.00, dE=5.67, candidate was rejected
Itr 164, LL= -781983.581558 (2.352017). Anneal status: T=0.00, dE=18.71, candidate was rejected
Itr 165, LL= -781982.133200 (1.852160). Anneal status: T=0.00, dE=28.60, candidate was rejected
Itr 166, LL= -781980.965279 (1.493538). Anneal status: T=0.00, dE=24.27, candidate was rejected
Itr 167, LL= -781979.998269 (1.236617). Anneal status: T=0.00, dE=29.08, candidate was rejected
Itr 168, LL= -781979.143659 (1.092879). Anneal status: T=0.00, dE=15.11, candidate was rejected
Itr 169, LL= -781978.312255 (1.063204). Anneal status: T=0.00, dE=12.64, candidate was rejected
Itr 170, LL= -781977.392144 (1.176646). Anneal status: T=0.00, dE=31.92, candidate was rejected
Itr 171, LL= -781976.173275 (1.558701). Anneal status: T=0.00, dE=28.04, candidate was rejected
Itr 172, LL= -781974.678913 (1.911007). Anneal status: T=0.00, dE=31.44, candidate was rejected
Itr 173, LL= -781973.405960 (1.627870). Anneal status: T=0.00, dE=15.75, candidate was rejected
Itr 174, LL= -781972.294215 (1.421717). Anneal status: T=0.00, dE=17.36, candidate was rejected
Itr 175, LL= -781971.064350 (1.572772). Anneal status: T=0.00, dE=14.75, candidate was rejected
Itr 176, LL= -781969.583107 (1.894243). Anneal status: T=0.00, dE=13.73, candidate was rejected
Itr 177, LL= -781968.013137 (2.007713). Anneal status: T=0.00, dE=24.36, candidate was rejected
Itr 178, LL= -781966.418462 (2.039310). Anneal status: T=0.00, dE=22.86, candidate was rejected
Itr 179, LL= -781964.538840 (2.403711). Anneal status: T=0.00, dE=24.82, candidate was rejected
Itr 180, LL= -781962.552616 (2.540044). Anneal status: T=0.00, dE=26.60, candidate was rejected
Itr 181, LL= -781960.981172 (2.009615). Anneal status: T=0.00, dE=28.61, candidate was rejected
Itr 182, LL= -781959.271610 (2.186250). Anneal status: T=0.00, dE=11.71, candidate was rejected
Itr 183, LL= -781955.784175 (4.459867). Anneal status: T=0.00, dE=11.75, candidate was rejected
Itr 184, LL= -781953.004032 (3.555371). Anneal status: T=0.00, dE=32.39, candidate was rejected
Itr 185, LL= -781951.660250 (1.718495). Anneal status: T=0.00, dE=44.33, candidate was rejected
Itr 186, LL= -781950.233195 (1.824991). Anneal status: T=0.00, dE=22.56, candidate was rejected
Itr 187, LL= -781948.356795 (2.399642). Anneal status: T=0.00, dE=16.35, candidate was rejected
Itr 188, LL= -781944.698439 (4.678513). Anneal status: T=0.00, dE=48.06, candidate was rejected
Itr 189, LL= -781941.068488 (4.642210). Anneal status: T=0.00, dE=22.04, candidate was rejected
Itr 190, LL= -781939.362438 (2.181814). Anneal status: T=0.00, dE=57.44, candidate was rejected
Itr 191, LL= -781938.078124 (1.642473). Anneal status: T=0.00, dE=10.33, candidate was rejected
Itr 192, LL= -781936.666800 (1.804905). Anneal status: T=0.00, dE=30.36, candidate was rejected
Itr 193, LL= -781935.039438 (2.081194). Anneal status: T=0.00, dE=42.93, candidate was rejected
Itr 194, LL= -781933.601816 (1.838544). Anneal status: T=0.00, dE=12.52, candidate was rejected
Itr 195, LL= -781932.213038 (1.776082). Anneal status: T=0.00, dE=21.69, candidate was rejected
Itr 196, LL= -781930.930599 (1.640089). Anneal status: T=0.00, dE=26.31, candidate was rejected
Itr 197, LL= -781930.048836 (1.127675). Anneal status: T=0.00, dE=17.70, candidate was rejected
Itr 198, LL= -781929.333441 (0.914909). Anneal status: T=0.00, dE=11.26, candidate was rejected
Itr 199, LL= -781928.616990 (0.916261). Anneal status: T=0.00, dE=17.52, candidate was rejected
Itr 200, LL= -781927.857764 (0.970966). Anneal status: T=0.00, dE=26.89, candidate was rejected
-- Annealing statistics:
Portion of times candidate was better: 0.000000
Portion of times candidate was chosen by chance: 0.000000
--
>> 