My SLURM_ARRAY_TASK_ID:  28

                            < M A T L A B (R) >
                  Copyright 1984-2014 The MathWorks, Inc.
                   R2014b (8.4.0.150421) 64-bit (glnxa64)
                             September 15, 2014

 
For online documentation, see http://www.mathworks.com/support
For product information, visit www.mathworks.com.
 
EM for 28 states, 54 emission nodes. 10 observed values.
            gibbs: 0
    nGibbsItrPcnt: 0.8000
     annealParams: {}
           maxItr: 500
      convergeEps: 1.0000e-06
           minItr: 5
       parametric: 0
        initprobs: []
      persistBias: 0
          obsVals: []

- Initalized simulated annealing with params:
                     type: 'linear'
    max_chance_accpetance: 0.2000
             min_duration: 5
        min_init_duration: 5
             max_duration: 11
              converge_th: 1.0000e-06

--
Itr 1, LL= -2727999.883761 (Inf). Anneal status: T=NaN, dE=-86.16, collecting statistics
Itr 2, LL= -834177.184385 (Inf). Anneal status: T=NaN, dE=-67.31, collecting statistics
Itr 3, LL= -823642.952515 (Inf). Anneal status: T=NaN, dE=-70.09, collecting statistics
Itr 4, LL= -809512.311362 (17156.270335). Anneal status: T=NaN, dE=-236.29, collecting statistics
Itr 5, LL= -800276.819382 (11408.710961). Anneal status: T=NaN, dE=-65.25, collecting statistics
Itr 6, LL= -794657.980239 (7021.119452). Anneal status: T=NaN, dE=-32.19, collecting statistics
Itr 7, LL= -791399.228052 (4100.823584). Anneal status: T=NaN, dE=1.49, collecting statistics
Itr 8, LL= -789385.329545 (2544.731453). Anneal status: T=NaN, dE=-19.24, collecting statistics
Itr 9, LL= -788035.593415 (1709.857125). Anneal status: T=NaN, dE=3.40, collecting statistics
Itr 10, LL= -787091.266901 (1198.329773). Anneal status: T=NaN, dE=-1.94, collecting statistics
Itr 11, LL= -786412.479997 (862.399233). Anneal status: T=NaN, dE=-3.39, collecting statistics
Itr 12, LL= -785904.629345 (645.781526). Anneal status: T=NaN, dE=-2.07, collecting statistics
Itr 13, LL= -785510.352542 (501.685304). Anneal status: T=NaN, dE=19.84, collecting statistics
Itr 14, LL= -785181.924845 (418.107408). Anneal status: T=1.52, dE=6.39, candidate was rejected
Itr 15, LL= -784909.983903 (346.341317). Anneal status: T=1.52, dE=10.31, candidate was rejected
Itr 16, LL= -784701.405828 (265.735026). Anneal status: T=1.52, dE=16.55, candidate was rejected
Itr 17, LL= -784538.369952 (207.768044). Anneal status: T=1.52, dE=14.47, candidate was rejected
Itr 18, LL= -784405.337527 (169.567775). Anneal status: T=1.52, dE=21.26, candidate was rejected
Itr 19, LL= -784296.714517 (138.478163). Anneal status: T=1.37, dE=9.61, candidate was rejected
Itr 20, LL= -784197.669384 (126.285284). Anneal status: T=1.37, dE=6.77, candidate was rejected
Itr 21, LL= -784108.504163 (113.702481). Anneal status: T=1.37, dE=24.60, candidate was rejected
Itr 22, LL= -784030.585595 (99.372175). Anneal status: T=1.37, dE=39.76, candidate was rejected
Itr 23, LL= -783960.962953 (88.800926). Anneal status: T=1.37, dE=10.84, candidate was rejected
Itr 24, LL= -783892.481790 (87.352772). Anneal status: T=1.22, dE=16.01, candidate was rejected
Itr 25, LL= -783823.195560 (88.387414). Anneal status: T=1.22, dE=10.95, candidate was rejected
Itr 26, LL= -783753.823837 (88.504300). Anneal status: T=1.22, dE=12.39, candidate was rejected
Itr 27, LL= -783688.726285 (83.058673). Anneal status: T=1.22, dE=6.13, candidate was rejected
Itr 28, LL= -783639.851639 (62.364870). Anneal status: T=1.22, dE=9.04, candidate was rejected
Itr 29, LL= -783595.274887 (56.884234). Anneal status: T=1.06, dE=10.40, candidate was rejected
Itr 30, LL= -783549.945133 (57.848427). Anneal status: T=1.06, dE=13.90, candidate was rejected
Itr 31, LL= -783512.841463 (47.353293). Anneal status: T=1.06, dE=5.90, candidate was rejected
Itr 32, LL= -783482.120647 (39.209077). Anneal status: T=1.06, dE=9.43, candidate was rejected
Itr 33, LL= -783456.485679 (32.719276). Anneal status: T=1.06, dE=23.05, candidate was rejected
Itr 34, LL= -783434.397367 (28.193413). Anneal status: T=0.91, dE=7.48, candidate was rejected
Itr 35, LL= -783413.757316 (26.345602). Anneal status: T=0.91, dE=12.85, candidate was rejected
Itr 36, LL= -783395.013763 (23.925483). Anneal status: T=0.91, dE=29.20, candidate was rejected
Itr 37, LL= -783379.015635 (20.421534). Anneal status: T=0.91, dE=10.77, candidate was rejected
Itr 38, LL= -783363.371140 (19.970531). Anneal status: T=0.91, dE=16.45, candidate was rejected
Itr 39, LL= -783348.776354 (18.630928). Anneal status: T=0.76, dE=14.78, candidate was rejected
Itr 40, LL= -783337.255906 (14.706664). Anneal status: T=0.76, dE=20.38, candidate was rejected
Itr 41, LL= -783326.951072 (13.155041). Anneal status: T=0.76, dE=11.86, candidate was rejected
Itr 42, LL= -783317.303907 (12.315631). Anneal status: T=0.76, dE=15.42, candidate was rejected
Itr 43, LL= -783306.198720 (14.177124). Anneal status: T=0.76, dE=10.54, candidate was rejected
Itr 44, LL= -783294.729095 (14.642582). Anneal status: T=0.61, dE=6.38, candidate was rejected
Itr 45, LL= -783284.027402 (13.662409). Anneal status: T=0.61, dE=18.42, candidate was rejected
Itr 46, LL= -783273.867569 (12.970817). Anneal status: T=0.61, dE=16.27, candidate was rejected
Itr 47, LL= -783265.608298 (10.544550). Anneal status: T=0.61, dE=6.18, candidate was rejected
Itr 48, LL= -783257.933846 (9.798020). Anneal status: T=0.61, dE=9.27, candidate was rejected
Itr 49, LL= -783249.994548 (10.136249). Anneal status: T=0.46, dE=9.46, candidate was rejected
Itr 50, LL= -783241.274978 (11.132550). Anneal status: T=0.46, dE=12.34, candidate was rejected
Itr 51, LL= -783232.816103 (10.799834). Anneal status: T=0.46, dE=12.34, candidate was rejected
Itr 52, LL= -783224.041820 (11.202650). Anneal status: T=0.46, dE=6.58, candidate was rejected
Itr 53, LL= -783215.046984 (11.484371). Anneal status: T=0.46, dE=18.29, candidate was rejected
Itr 54, LL= -783206.974016 (10.307473). Anneal status: T=0.30, dE=11.96, candidate was rejected
Itr 55, LL= -783200.003582 (8.899862). Anneal status: T=0.30, dE=38.79, candidate was rejected
Itr 56, LL= -783193.918562 (7.769433). Anneal status: T=0.30, dE=6.29, candidate was rejected
Itr 57, LL= -783189.019297 (6.255495). Anneal status: T=0.30, dE=10.69, candidate was rejected
Itr 58, LL= -783185.121714 (4.976554). Anneal status: T=0.30, dE=16.02, candidate was rejected
Itr 59, LL= -783180.962046 (5.311220). Anneal status: T=0.15, dE=9.70, candidate was rejected
Itr 60, LL= -783174.856803 (7.795444). Anneal status: T=0.15, dE=8.78, candidate was rejected
Itr 61, LL= -783169.044370 (7.421628). Anneal status: T=0.15, dE=14.88, candidate was rejected
Itr 62, LL= -783162.484444 (8.376131). Anneal status: T=0.15, dE=14.73, candidate was rejected
Itr 63, LL= -783156.950436 (7.066231). Anneal status: T=0.15, dE=5.70, candidate was rejected
Itr 64, LL= -783151.939988 (6.397757). Anneal status: T=0.00, dE=12.25, candidate was rejected
Itr 65, LL= -783145.634592 (8.051306). Anneal status: T=0.00, dE=16.82, candidate was rejected
Itr 66, LL= -783137.683465 (10.152808). Anneal status: T=0.00, dE=20.78, candidate was rejected
Itr 67, LL= -783133.267138 (5.639272). Anneal status: T=0.00, dE=7.22, candidate was rejected
Itr 68, LL= -783129.444433 (4.881296). Anneal status: T=0.00, dE=25.99, candidate was rejected
Itr 69, LL= -783125.030387 (5.636419). Anneal status: T=0.00, dE=18.68, candidate was rejected
Itr 70, LL= -783119.866158 (6.594387). Anneal status: T=0.00, dE=21.09, candidate was rejected
Itr 71, LL= -783114.100726 (7.362132). Anneal status: T=0.00, dE=20.75, candidate was rejected
Itr 72, LL= -783109.191269 (6.269146). Anneal status: T=0.00, dE=15.89, candidate was rejected
Itr 73, LL= -783104.840470 (5.555801). Anneal status: T=0.00, dE=15.52, candidate was rejected
Itr 74, LL= -783097.380688 (9.525904). Anneal status: T=0.00, dE=11.39, candidate was rejected
Itr 75, LL= -783088.540312 (11.288988). Anneal status: T=0.00, dE=50.59, candidate was rejected
Itr 76, LL= -783083.623641 (6.278563). Anneal status: T=0.00, dE=6.35, candidate was rejected
Itr 77, LL= -783079.226870 (5.614690). Anneal status: T=0.00, dE=10.58, candidate was rejected
Itr 78, LL= -783073.727082 (7.023284). Anneal status: T=0.00, dE=7.44, candidate was rejected
Itr 79, LL= -783068.423368 (6.772943). Anneal status: T=0.00, dE=9.30, candidate was rejected
Itr 80, LL= -783064.878847 (4.526451). Anneal status: T=0.00, dE=9.68, candidate was rejected
Itr 81, LL= -783061.195358 (4.703938). Anneal status: T=0.00, dE=7.92, candidate was rejected
Itr 82, LL= -783057.542764 (4.664507). Anneal status: T=0.00, dE=4.53, candidate was rejected
Itr 83, LL= -783053.623333 (5.005291). Anneal status: T=0.00, dE=17.40, candidate was rejected
Itr 84, LL= -783048.333932 (6.754839). Anneal status: T=0.00, dE=9.80, candidate was rejected
Itr 85, LL= -783042.120983 (7.934310). Anneal status: T=0.00, dE=3.80, candidate was rejected
Itr 86, LL= -783035.810506 (8.058924). Anneal status: T=0.00, dE=1.44, candidate was rejected
Itr 87, LL= -783030.528102 (6.746057). Anneal status: T=0.00, dE=10.23, candidate was rejected
Itr 88, LL= -783025.229192 (6.767182). Anneal status: T=0.00, dE=22.31, candidate was rejected
Itr 89, LL= -783020.642534 (5.857613). Anneal status: T=0.00, dE=41.03, candidate was rejected
Itr 90, LL= -783017.235996 (4.350508). Anneal status: T=0.00, dE=7.79, candidate was rejected
Itr 91, LL= -783013.943090 (4.205406). Anneal status: T=0.00, dE=13.64, candidate was rejected
Itr 92, LL= -783010.165126 (4.824900). Anneal status: T=0.00, dE=12.20, candidate was rejected
Itr 93, LL= -783006.542034 (4.627133). Anneal status: T=0.00, dE=15.61, candidate was rejected
Itr 94, LL= -783003.619128 (3.732927). Anneal status: T=0.00, dE=8.49, candidate was rejected
Itr 95, LL= -783001.340939 (2.909551). Anneal status: T=0.00, dE=14.72, candidate was rejected
Itr 96, LL= -782999.365888 (2.522410). Anneal status: T=0.00, dE=20.34, candidate was rejected
Itr 97, LL= -782997.131732 (2.853331). Anneal status: T=0.00, dE=4.75, candidate was rejected
Itr 98, LL= -782993.867881 (4.168407). Anneal status: T=0.00, dE=42.97, candidate was rejected
Itr 99, LL= -782990.731100 (4.006138). Anneal status: T=0.00, dE=21.26, candidate was rejected
Itr 100, LL= -782988.768714 (2.506270). Anneal status: T=0.00, dE=18.54, candidate was rejected
Itr 101, LL= -782987.459606 (1.671937). Anneal status: T=0.00, dE=7.77, candidate was rejected
Itr 102, LL= -782986.170930 (1.645845). Anneal status: T=0.00, dE=11.00, candidate was rejected
Itr 103, LL= -782984.163148 (2.564262). Anneal status: T=0.00, dE=11.03, candidate was rejected
Itr 104, LL= -782981.749191 (3.083021). Anneal status: T=0.00, dE=17.06, candidate was rejected
Itr 105, LL= -782979.818573 (2.465726). Anneal status: T=0.00, dE=2.52, candidate was rejected
Itr 106, LL= -782978.510996 (1.670001). Anneal status: T=0.00, dE=7.09, candidate was rejected
Itr 107, LL= -782977.555327 (1.220555). Anneal status: T=0.00, dE=11.32, candidate was rejected
Itr 108, LL= -782976.373559 (1.509326). Anneal status: T=0.00, dE=16.97, candidate was rejected
Itr 109, LL= -782974.866019 (1.925397). Anneal status: T=0.00, dE=11.49, candidate was rejected
Itr 110, LL= -782973.483285 (1.766001). Anneal status: T=0.00, dE=14.59, candidate was rejected
Itr 111, LL= -782972.396161 (1.388455). Anneal status: T=0.00, dE=9.96, candidate was rejected
Itr 112, LL= -782971.461424 (1.193832). Anneal status: T=0.00, dE=9.21, candidate was rejected
Itr 113, LL= -782970.492926 (1.236952). Anneal status: T=0.00, dE=17.22, candidate was rejected
Itr 114, LL= -782969.416639 (1.374620). Anneal status: T=0.00, dE=17.36, candidate was rejected
Itr 115, LL= -782968.318610 (1.402390). Anneal status: T=0.00, dE=24.23, candidate was rejected
Itr 116, LL= -782967.300599 (1.300195). Anneal status: T=0.00, dE=28.12, candidate was rejected
Itr 117, LL= -782966.235030 (1.360937). Anneal status: T=0.00, dE=13.17, candidate was rejected
Itr 118, LL= -782964.651832 (2.022052). Anneal status: T=0.00, dE=13.61, candidate was rejected
Itr 119, LL= -782961.875040 (3.546510). Anneal status: T=0.00, dE=11.27, candidate was rejected
Itr 120, LL= -782958.548018 (4.249278). Anneal status: T=0.00, dE=19.79, candidate was rejected
Itr 121, LL= -782956.311774 (2.856147). Anneal status: T=0.00, dE=10.15, candidate was rejected
Itr 122, LL= -782955.290163 (1.304812). Anneal status: T=0.00, dE=21.44, candidate was rejected
Itr 123, LL= -782954.671995 (0.789531). Anneal status: T=0.00, dE=21.67, candidate was rejected
Itr 124, LL= -782953.931798 (0.945389). Anneal status: T=0.00, dE=5.74, candidate was rejected
Itr 125, LL= -782952.665415 (1.617442). Anneal status: T=0.00, dE=7.97, candidate was rejected
Itr 126, LL= -782951.474192 (1.521450). Anneal status: T=0.00, dE=24.37, candidate was rejected
Itr 127, LL= -782951.025514 (0.573060). Anneal status: T=0.00, dE=9.59, candidate was rejected
Itr 128, LL= -782950.802999 (0.284200). Anneal status: T=0.00, dE=15.42, candidate was rejected
Itr 129, LL= -782950.624976 (0.227374). Anneal status: T=0.00, dE=21.50, candidate was rejected
-- Annealing statistics:
Portion of times candidate was better: 0.000000
Portion of times candidate was chosen by chance: 0.000000
--
EM for 28 states, 54 emission nodes. 10 observed values.
            gibbs: 0
    nGibbsItrPcnt: 0.8000
     annealParams: {}
           maxItr: 500
      convergeEps: 1.0000e-06
           minItr: 5
       parametric: 0
        initprobs: []
      persistBias: 0
          obsVals: []

- Initalized simulated annealing with params:
                     type: 'linear'
    max_chance_accpetance: 0.2000
             min_duration: 5
        min_init_duration: 5
             max_duration: 11
              converge_th: 1.0000e-06

--
Itr 1, LL= -2768446.472100 (Inf). Anneal status: T=NaN, dE=-1093.50, collecting statistics
Itr 2, LL= -830793.928731 (Inf). Anneal status: T=NaN, dE=-257.68, collecting statistics
Itr 3, LL= -815243.770536 (Inf). Anneal status: T=NaN, dE=-262.13, collecting statistics
Itr 4, LL= -803544.370091 (14350.800176). Anneal status: T=NaN, dE=22.55, collecting statistics
Itr 5, LL= -797427.379805 (7612.510913). Anneal status: T=NaN, dE=-99.70, collecting statistics
Itr 6, LL= -793846.727798 (4490.254658). Anneal status: T=NaN, dE=-21.46, collecting statistics
Itr 7, LL= -791847.819042 (2518.003396). Anneal status: T=NaN, dE=28.46, collecting statistics
Itr 8, LL= -790577.869252 (1603.780120). Anneal status: T=NaN, dE=3.40, collecting statistics
Itr 9, LL= -789622.043298 (1209.021896). Anneal status: T=0.26, dE=1.49, candidate was rejected
Itr 10, LL= -788870.843268 (951.341260). Anneal status: T=0.26, dE=-7.02, candidate was better
Itr 11, LL= -788257.618125 (777.345428). Anneal status: T=0.26, dE=2.31, candidate was rejected
Itr 12, LL= -787758.889193 (632.697890). Anneal status: T=0.26, dE=26.33, candidate was rejected
Itr 13, LL= -787321.623284 (555.075817). Anneal status: T=0.26, dE=16.03, candidate was rejected
Itr 14, LL= -786932.862673 (493.776113). Anneal status: T=0.23, dE=6.10, candidate was rejected
Itr 15, LL= -786567.060740 (464.845160). Anneal status: T=0.23, dE=0.87, candidate was rejected
Itr 16, LL= -786186.391722 (483.962573). Anneal status: T=0.23, dE=14.12, candidate was rejected
Itr 17, LL= -785778.013465 (519.442032). Anneal status: T=0.23, dE=25.21, candidate was rejected
Itr 18, LL= -785375.241815 (512.576889). Anneal status: T=0.23, dE=8.32, candidate was rejected
Itr 19, LL= -785026.848799 (443.600712). Anneal status: T=0.21, dE=17.04, candidate was rejected
Itr 20, LL= -784771.246196 (325.597276). Anneal status: T=0.21, dE=5.25, candidate was rejected
Itr 21, LL= -784568.130804 (258.821144). Anneal status: T=0.21, dE=20.20, candidate was rejected
Itr 22, LL= -784376.575176 (244.154229). Anneal status: T=0.21, dE=24.58, candidate was rejected
Itr 23, LL= -784225.767047 (192.264958). Anneal status: T=0.21, dE=6.10, candidate was rejected
Itr 24, LL= -784093.080095 (169.194838). Anneal status: T=0.18, dE=12.27, candidate was rejected
Itr 25, LL= -783977.942881 (146.841257). Anneal status: T=0.18, dE=26.35, candidate was rejected
Itr 26, LL= -783883.924820 (119.924371). Anneal status: T=0.18, dE=3.66, candidate was rejected
Itr 27, LL= -783807.428668 (97.586071). Anneal status: T=0.18, dE=21.39, candidate was rejected
Itr 28, LL= -783747.514716 (76.439632). Anneal status: T=0.18, dE=6.28, candidate was rejected
Itr 29, LL= -783694.356683 (67.825457). Anneal status: T=0.16, dE=8.32, candidate was rejected
Itr 30, LL= -783635.068158 (75.652612). Anneal status: T=0.16, dE=4.35, candidate was rejected
Itr 31, LL= -783574.160757 (77.724189). Anneal status: T=0.16, dE=16.62, candidate was rejected
Itr 32, LL= -783514.253518 (76.453821). Anneal status: T=0.16, dE=41.42, candidate was rejected
Itr 33, LL= -783458.468764 (71.198136). Anneal status: T=0.16, dE=10.07, candidate was rejected
Itr 34, LL= -783416.415535 (53.676399). Anneal status: T=0.13, dE=14.11, candidate was rejected
Itr 35, LL= -783382.504933 (43.285540). Anneal status: T=0.13, dE=4.55, candidate was rejected
Itr 36, LL= -783351.345623 (39.775346). Anneal status: T=0.13, dE=33.15, candidate was rejected
Itr 37, LL= -783325.561505 (32.915139). Anneal status: T=0.13, dE=19.58, candidate was rejected
Itr 38, LL= -783304.415327 (26.995388). Anneal status: T=0.13, dE=21.25, candidate was rejected
Itr 39, LL= -783286.452379 (22.932269). Anneal status: T=0.10, dE=12.92, candidate was rejected
Itr 40, LL= -783269.909669 (21.119618). Anneal status: T=0.10, dE=11.77, candidate was rejected
Itr 41, LL= -783251.917545 (22.970529). Anneal status: T=0.10, dE=25.41, candidate was rejected
Itr 42, LL= -783233.552219 (23.447533). Anneal status: T=0.10, dE=10.72, candidate was rejected
Itr 43, LL= -783218.092780 (19.737969). Anneal status: T=0.10, dE=34.65, candidate was rejected
Itr 44, LL= -783206.024462 (15.408630). Anneal status: T=0.08, dE=19.33, candidate was rejected
Itr 45, LL= -783194.818151 (14.308254). Anneal status: T=0.08, dE=6.02, candidate was rejected
Itr 46, LL= -783184.100968 (13.683930). Anneal status: T=0.08, dE=16.16, candidate was rejected
Itr 47, LL= -783172.752015 (14.490785). Anneal status: T=0.08, dE=2.31, candidate was rejected
Itr 48, LL= -783162.066887 (13.643386). Anneal status: T=0.08, dE=23.16, candidate was rejected
Itr 49, LL= -783152.998197 (11.579583). Anneal status: T=0.05, dE=24.38, candidate was rejected
Itr 50, LL= -783144.898375 (10.342578). Anneal status: T=0.05, dE=39.47, candidate was rejected
Itr 51, LL= -783136.964421 (10.130889). Anneal status: T=0.05, dE=15.71, candidate was rejected
Itr 52, LL= -783128.169452 (11.230436). Anneal status: T=0.05, dE=20.49, candidate was rejected
Itr 53, LL= -783117.356468 (13.807426). Anneal status: T=0.05, dE=19.67, candidate was rejected
Itr 54, LL= -783107.153199 (13.029042). Anneal status: T=0.03, dE=24.40, candidate was rejected
Itr 55, LL= -783097.655262 (12.128528). Anneal status: T=0.03, dE=45.10, candidate was rejected
Itr 56, LL= -783089.647924 (10.225210). Anneal status: T=0.03, dE=20.41, candidate was rejected
Itr 57, LL= -783081.854307 (9.952395). Anneal status: T=0.03, dE=25.94, candidate was rejected
Itr 58, LL= -783070.674894 (14.276174). Anneal status: T=0.03, dE=16.67, candidate was rejected
Itr 59, LL= -783059.448371 (14.336538). Anneal status: T=0.00, dE=34.12, candidate was rejected
Itr 60, LL= -783052.203590 (9.251892). Anneal status: T=0.00, dE=23.88, candidate was rejected
Itr 61, LL= -783046.156311 (7.722703). Anneal status: T=0.00, dE=45.08, candidate was rejected
Itr 62, LL= -783039.986984 (7.878624). Anneal status: T=0.00, dE=40.07, candidate was rejected
Itr 63, LL= -783033.442851 (8.357343). Anneal status: T=0.00, dE=0.72, candidate was rejected
Itr 64, LL= -783026.889731 (8.368889). Anneal status: T=0.00, dE=24.82, candidate was rejected
Itr 65, LL= -783017.365371 (12.163515). Anneal status: T=0.00, dE=13.84, candidate was rejected
Itr 66, LL= -783007.700908 (12.342592). Anneal status: T=0.00, dE=3.31, candidate was rejected
Itr 67, LL= -783001.334868 (8.130239). Anneal status: T=0.00, dE=25.55, candidate was rejected
Itr 68, LL= -782995.841687 (7.015545). Anneal status: T=0.00, dE=13.44, candidate was rejected
Itr 69, LL= -782990.392365 (6.959579). Anneal status: T=0.00, dE=12.33, candidate was rejected
Itr 70, LL= -782985.782621 (5.887357). Anneal status: T=0.00, dE=17.24, candidate was rejected
Itr 71, LL= -782981.208045 (5.842476). Anneal status: T=0.00, dE=20.16, candidate was rejected
Itr 72, LL= -782975.579379 (7.188763). Anneal status: T=0.00, dE=8.70, candidate was rejected
Itr 73, LL= -782969.068935 (8.315002). Anneal status: T=0.00, dE=39.00, candidate was rejected
Itr 74, LL= -782962.830034 (7.968261). Anneal status: T=0.00, dE=30.29, candidate was rejected
Itr 75, LL= -782955.753643 (9.037965). Anneal status: T=0.00, dE=26.86, candidate was rejected
Itr 76, LL= -782948.645666 (9.078389). Anneal status: T=0.00, dE=30.52, candidate was rejected
Itr 77, LL= -782942.319400 (8.080051). Anneal status: T=0.00, dE=25.14, candidate was rejected
Itr 78, LL= -782936.609137 (7.293339). Anneal status: T=0.00, dE=21.35, candidate was rejected
Itr 79, LL= -782930.517417 (7.780604). Anneal status: T=0.00, dE=50.45, candidate was rejected
Itr 80, LL= -782925.371281 (6.572916). Anneal status: T=0.00, dE=33.94, candidate was rejected
Itr 81, LL= -782919.063025 (8.057288). Anneal status: T=0.00, dE=10.69, candidate was rejected
Itr 82, LL= -782908.345311 (13.689428). Anneal status: T=0.00, dE=71.05, candidate was rejected
Itr 83, LL= -782902.503334 (7.461891). Anneal status: T=0.00, dE=34.64, candidate was rejected
Itr 84, LL= -782899.035131 (4.429931). Anneal status: T=0.00, dE=11.40, candidate was rejected
Itr 85, LL= -782895.966920 (3.919038). Anneal status: T=0.00, dE=30.88, candidate was rejected
Itr 86, LL= -782891.936777 (5.147737). Anneal status: T=0.00, dE=6.71, candidate was rejected
Itr 87, LL= -782887.884187 (5.176436). Anneal status: T=0.00, dE=10.79, candidate was rejected
Itr 88, LL= -782884.181951 (4.728948). Anneal status: T=0.00, dE=22.51, candidate was rejected
Itr 89, LL= -782880.174521 (5.118803). Anneal status: T=0.00, dE=11.64, candidate was rejected
Itr 90, LL= -782876.182025 (5.099753). Anneal status: T=0.00, dE=22.41, candidate was rejected
Itr 91, LL= -782873.173959 (3.842327). Anneal status: T=0.00, dE=5.82, candidate was rejected
Itr 92, LL= -782871.227727 (2.486012). Anneal status: T=0.00, dE=16.21, candidate was rejected
Itr 93, LL= -782869.659341 (2.003376). Anneal status: T=0.00, dE=7.84, candidate was rejected
Itr 94, LL= -782867.903195 (2.243217). Anneal status: T=0.00, dE=23.88, candidate was rejected
Itr 95, LL= -782865.551884 (3.003458). Anneal status: T=0.00, dE=26.20, candidate was rejected
Itr 96, LL= -782863.773254 (2.271948). Anneal status: T=0.00, dE=25.26, candidate was rejected
Itr 97, LL= -782862.527719 (1.590998). Anneal status: T=0.00, dE=29.03, candidate was rejected
Itr 98, LL= -782861.163124 (1.743084). Anneal status: T=0.00, dE=17.86, candidate was rejected
Itr 99, LL= -782859.291718 (2.390470). Anneal status: T=0.00, dE=25.12, candidate was rejected
Itr 100, LL= -782857.946660 (1.718135). Anneal status: T=0.00, dE=19.84, candidate was rejected
Itr 101, LL= -782857.086748 (1.098427). Anneal status: T=0.00, dE=29.93, candidate was rejected
Itr 102, LL= -782855.964173 (1.433946). Anneal status: T=0.00, dE=8.68, candidate was rejected
Itr 103, LL= -782854.294597 (2.132673). Anneal status: T=0.00, dE=16.81, candidate was rejected
Itr 104, LL= -782852.589841 (2.177616). Anneal status: T=0.00, dE=20.06, candidate was rejected
Itr 105, LL= -782851.438683 (1.470466). Anneal status: T=0.00, dE=11.55, candidate was rejected
Itr 106, LL= -782850.332706 (1.412754). Anneal status: T=0.00, dE=32.41, candidate was rejected
Itr 107, LL= -782847.353378 (3.805744). Anneal status: T=0.00, dE=21.41, candidate was rejected
Itr 108, LL= -782842.407503 (6.317803). Anneal status: T=0.00, dE=19.57, candidate was rejected
Itr 109, LL= -782840.177234 (2.848938). Anneal status: T=0.00, dE=14.08, candidate was rejected
Itr 110, LL= -782837.910391 (2.895665). Anneal status: T=0.00, dE=19.49, candidate was rejected
Itr 111, LL= -782836.555177 (1.731155). Anneal status: T=0.00, dE=11.14, candidate was rejected
Itr 112, LL= -782835.349315 (1.540375). Anneal status: T=0.00, dE=5.91, candidate was rejected
Itr 113, LL= -782833.497669 (2.365307). Anneal status: T=0.00, dE=15.20, candidate was rejected
Itr 114, LL= -782831.101969 (3.060293). Anneal status: T=0.00, dE=10.68, candidate was rejected
Itr 115, LL= -782828.958159 (2.738535). Anneal status: T=0.00, dE=33.89, candidate was rejected
Itr 116, LL= -782826.818328 (2.733459). Anneal status: T=0.00, dE=31.33, candidate was rejected
Itr 117, LL= -782825.156065 (2.123410). Anneal status: T=0.00, dE=24.75, candidate was rejected
Itr 118, LL= -782823.506983 (2.106579). Anneal status: T=0.00, dE=19.72, candidate was rejected
Itr 119, LL= -782821.680296 (2.333460). Anneal status: T=0.00, dE=23.90, candidate was rejected
Itr 120, LL= -782820.810648 (1.110915). Anneal status: T=0.00, dE=36.23, candidate was rejected
Itr 121, LL= -782820.337574 (0.604319). Anneal status: T=0.00, dE=1.16, candidate was rejected
Itr 122, LL= -782819.970028 (0.469515). Anneal status: T=0.00, dE=24.95, candidate was rejected
Itr 123, LL= -782819.653616 (0.404195). Anneal status: T=0.00, dE=47.44, candidate was rejected
-- Annealing statistics:
Portion of times candidate was better: 0.008130
Portion of times candidate was chosen by chance: 0.000000
--
EM for 28 states, 54 emission nodes. 10 observed values.
            gibbs: 0
    nGibbsItrPcnt: 0.8000
     annealParams: {}
           maxItr: 500
      convergeEps: 1.0000e-06
           minItr: 5
       parametric: 0
        initprobs: []
      persistBias: 0
          obsVals: []

- Initalized simulated annealing with params:
                     type: 'linear'
    max_chance_accpetance: 0.2000
             min_duration: 5
        min_init_duration: 5
             max_duration: 11
              converge_th: 1.0000e-06

--
Itr 1, LL= -2769149.268378 (Inf). Anneal status: T=NaN, dE=72.13, collecting statistics
Itr 2, LL= -831601.282490 (Inf). Anneal status: T=NaN, dE=-65.07, collecting statistics
Itr 3, LL= -816277.323594 (Inf). Anneal status: T=NaN, dE=-294.40, collecting statistics
Itr 4, LL= -804325.553423 (14641.801046). Anneal status: T=NaN, dE=-74.71, collecting statistics
Itr 5, LL= -797773.562868 (8145.943551). Anneal status: T=NaN, dE=-68.85, collecting statistics
Itr 6, LL= -793849.338093 (4918.970692). Anneal status: T=NaN, dE=-47.78, collecting statistics
Itr 7, LL= -791534.372625 (2916.126975). Anneal status: T=NaN, dE=-36.03, collecting statistics
Itr 8, LL= -790169.003326 (1724.965264). Anneal status: T=NaN, dE=19.64, collecting statistics
Itr 9, LL= -789274.566690 (1131.956117). Anneal status: T=NaN, dE=-16.39, collecting statistics
Itr 10, LL= -788573.854148 (887.793135). Anneal status: T=NaN, dE=-3.34, collecting statistics
Itr 11, LL= -787968.820609 (767.250317). Anneal status: T=NaN, dE=11.63, collecting statistics
Itr 12, LL= -787431.571534 (681.815144). Anneal status: T=NaN, dE=-2.14, collecting statistics
Itr 13, LL= -786955.833013 (604.164906). Anneal status: T=4.86, dE=0.36, candidate was chosen by chance
Itr 14, LL= -786528.959567 (542.436345). Anneal status: T=4.86, dE=35.60, candidate was rejected
Itr 15, LL= -786140.958417 (493.308154). Anneal status: T=4.86, dE=11.18, candidate was rejected
Itr 16, LL= -785786.672890 (450.664126). Anneal status: T=4.86, dE=55.28, candidate was rejected
Itr 17, LL= -785480.637601 (389.463577). Anneal status: T=4.86, dE=9.32, candidate was rejected
Itr 18, LL= -785229.064893 (320.278688). Anneal status: T=4.37, dE=15.41, candidate was rejected
Itr 19, LL= -785017.295273 (269.691520). Anneal status: T=4.37, dE=26.99, candidate was rejected
Itr 20, LL= -784817.849463 (254.065498). Anneal status: T=4.37, dE=27.62, candidate was rejected
Itr 21, LL= -784651.888076 (211.464847). Anneal status: T=4.37, dE=18.31, candidate was rejected
Itr 22, LL= -784506.944768 (184.723074). Anneal status: T=4.37, dE=11.13, candidate was rejected
Itr 23, LL= -784374.682647 (168.592671). Anneal status: T=3.89, dE=19.63, candidate was rejected
Itr 24, LL= -784269.803603 (133.710389). Anneal status: T=3.89, dE=6.96, candidate was rejected
Itr 25, LL= -784188.094977 (104.184333). Anneal status: T=3.89, dE=12.68, candidate was rejected
Itr 26, LL= -784128.270947 (76.287857). Anneal status: T=3.89, dE=6.35, candidate was rejected
Itr 27, LL= -784067.948038 (76.929900). Anneal status: T=3.89, dE=16.16, candidate was rejected
Itr 28, LL= -784010.049764 (73.843440). Anneal status: T=3.40, dE=34.43, candidate was rejected
Itr 29, LL= -783960.944830 (62.633041). Anneal status: T=3.40, dE=12.81, candidate was rejected
Itr 30, LL= -783922.360404 (49.217281). Anneal status: T=3.40, dE=15.01, candidate was rejected
Itr 31, LL= -783886.241788 (46.074227). Anneal status: T=3.40, dE=11.08, candidate was rejected
Itr 32, LL= -783846.195140 (51.087321). Anneal status: T=3.40, dE=11.33, candidate was rejected
Itr 33, LL= -783808.387741 (48.233185). Anneal status: T=2.91, dE=16.05, candidate was rejected
Itr 34, LL= -783769.768006 (49.271909). Anneal status: T=2.91, dE=16.54, candidate was rejected
Itr 35, LL= -783735.088564 (44.246976). Anneal status: T=2.91, dE=17.70, candidate was rejected
Itr 36, LL= -783701.188545 (43.254436). Anneal status: T=2.91, dE=11.63, candidate was rejected
Itr 37, LL= -783663.980732 (47.477039). Anneal status: T=2.91, dE=1.35, candidate was rejected
Itr 38, LL= -783625.785160 (48.739732). Anneal status: T=2.43, dE=11.36, candidate was rejected
Itr 39, LL= -783592.653912 (42.279426). Anneal status: T=2.43, dE=9.36, candidate was rejected
Itr 40, LL= -783557.017804 (45.477849). Anneal status: T=2.43, dE=22.86, candidate was rejected
Itr 41, LL= -783523.749476 (42.458082). Anneal status: T=2.43, dE=21.36, candidate was rejected
Itr 42, LL= -783491.696225 (40.909100). Anneal status: T=2.43, dE=27.39, candidate was rejected
Itr 43, LL= -783460.918087 (39.283298). Anneal status: T=1.94, dE=22.85, candidate was rejected
Itr 44, LL= -783434.157027 (34.157492). Anneal status: T=1.94, dE=6.19, candidate was rejected
Itr 45, LL= -783409.347365 (31.667833). Anneal status: T=1.94, dE=19.32, candidate was rejected
Itr 46, LL= -783378.137580 (39.838413). Anneal status: T=1.94, dE=19.46, candidate was rejected
Itr 47, LL= -783349.631992 (36.388031). Anneal status: T=1.94, dE=21.77, candidate was rejected
Itr 48, LL= -783324.731372 (31.787364). Anneal status: T=1.46, dE=6.16, candidate was rejected
Itr 49, LL= -783300.537509 (30.886122). Anneal status: T=1.46, dE=38.97, candidate was rejected
Itr 50, LL= -783281.033197 (24.900164). Anneal status: T=1.46, dE=22.78, candidate was rejected
Itr 51, LL= -783264.919219 (20.572409). Anneal status: T=1.46, dE=16.47, candidate was rejected
Itr 52, LL= -783248.702740 (20.703696). Anneal status: T=1.46, dE=13.37, candidate was rejected
Itr 53, LL= -783229.830157 (24.095262). Anneal status: T=0.97, dE=8.19, candidate was rejected
Itr 54, LL= -783213.310304 (21.091961). Anneal status: T=0.97, dE=15.49, candidate was rejected
Itr 55, LL= -783199.193244 (18.024540). Anneal status: T=0.97, dE=34.94, candidate was rejected
Itr 56, LL= -783185.611535 (17.341322). Anneal status: T=0.97, dE=11.78, candidate was rejected
Itr 57, LL= -783170.112151 (19.790179). Anneal status: T=0.97, dE=15.78, candidate was rejected
Itr 58, LL= -783154.348692 (20.127758). Anneal status: T=0.49, dE=10.51, candidate was rejected
Itr 59, LL= -783140.200742 (18.065341). Anneal status: T=0.49, dE=3.82, candidate was rejected
Itr 60, LL= -783125.327277 (18.992086). Anneal status: T=0.49, dE=6.54, candidate was rejected
Itr 61, LL= -783109.440377 (20.286535). Anneal status: T=0.49, dE=27.73, candidate was rejected
Itr 62, LL= -783097.886122 (14.754330). Anneal status: T=0.49, dE=20.53, candidate was rejected
Itr 63, LL= -783088.273899 (12.274612). Anneal status: T=0.00, dE=35.26, candidate was rejected
Itr 64, LL= -783078.832374 (12.056783). Anneal status: T=0.00, dE=39.07, candidate was rejected
Itr 65, LL= -783069.373054 (12.079652). Anneal status: T=0.00, dE=7.71, candidate was rejected
Itr 66, LL= -783060.831350 (10.907979). Anneal status: T=0.00, dE=8.25, candidate was rejected
Itr 67, LL= -783052.967948 (10.041878). Anneal status: T=0.00, dE=17.38, candidate was rejected
Itr 68, LL= -783044.743144 (10.503510). Anneal status: T=0.00, dE=22.55, candidate was rejected
Itr 69, LL= -783035.083108 (12.336505). Anneal status: T=0.00, dE=27.63, candidate was rejected
Itr 70, LL= -783026.244932 (11.287076). Anneal status: T=0.00, dE=5.25, candidate was rejected
Itr 71, LL= -783015.865688 (13.255294). Anneal status: T=0.00, dE=8.21, candidate was rejected
Itr 72, LL= -783001.863297 (17.882641). Anneal status: T=0.00, dE=4.63, candidate was rejected
Itr 73, LL= -782991.402997 (13.359227). Anneal status: T=0.00, dE=55.48, candidate was rejected
Itr 74, LL= -782981.562452 (12.567884). Anneal status: T=0.00, dE=30.90, candidate was rejected
Itr 75, LL= -782972.104588 (12.079294). Anneal status: T=0.00, dE=14.01, candidate was rejected
Itr 76, LL= -782964.458934 (9.764912). Anneal status: T=0.00, dE=25.19, candidate was rejected
Itr 77, LL= -782954.961054 (12.130666). Anneal status: T=0.00, dE=5.28, candidate was rejected
Itr 78, LL= -782944.165160 (13.788652). Anneal status: T=0.00, dE=28.43, candidate was rejected
Itr 79, LL= -782938.133052 (7.704391). Anneal status: T=0.00, dE=10.21, candidate was rejected
Itr 80, LL= -782933.992058 (5.289043). Anneal status: T=0.00, dE=16.66, candidate was rejected
Itr 81, LL= -782930.203657 (4.838724). Anneal status: T=0.00, dE=10.39, candidate was rejected
Itr 82, LL= -782924.242363 (7.614081). Anneal status: T=0.00, dE=18.25, candidate was rejected
Itr 83, LL= -782918.383938 (7.482748). Anneal status: T=0.00, dE=22.95, candidate was rejected
Itr 84, LL= -782915.167955 (4.107686). Anneal status: T=0.00, dE=9.52, candidate was rejected
Itr 85, LL= -782913.071592 (2.677638). Anneal status: T=0.00, dE=14.59, candidate was rejected
Itr 86, LL= -782911.215186 (2.371152). Anneal status: T=0.00, dE=10.41, candidate was rejected
Itr 87, LL= -782908.828799 (3.048095). Anneal status: T=0.00, dE=2.55, candidate was rejected
Itr 88, LL= -782905.167930 (4.675983). Anneal status: T=0.00, dE=15.39, candidate was rejected
Itr 89, LL= -782900.911498 (5.436715). Anneal status: T=0.00, dE=25.58, candidate was rejected
Itr 90, LL= -782897.842749 (3.919715). Anneal status: T=0.00, dE=21.41, candidate was rejected
Itr 91, LL= -782895.642857 (2.809936). Anneal status: T=0.00, dE=9.04, candidate was rejected
Itr 92, LL= -782893.658269 (2.534932). Anneal status: T=0.00, dE=0.88, candidate was rejected
Itr 93, LL= -782891.173074 (3.174372). Anneal status: T=0.00, dE=21.12, candidate was rejected
Itr 94, LL= -782888.355627 (3.598772). Anneal status: T=0.00, dE=12.57, candidate was rejected
Itr 95, LL= -782885.984795 (3.028315). Anneal status: T=0.00, dE=28.65, candidate was rejected
Itr 96, LL= -782883.827843 (2.755128). Anneal status: T=0.00, dE=22.72, candidate was rejected
Itr 97, LL= -782881.810726 (2.576522). Anneal status: T=0.00, dE=14.12, candidate was rejected
Itr 98, LL= -782879.406221 (3.071352). Anneal status: T=0.00, dE=27.61, candidate was rejected
Itr 99, LL= -782876.202445 (4.092297). Anneal status: T=0.00, dE=10.95, candidate was rejected
Itr 100, LL= -782873.284352 (3.727401). Anneal status: T=0.00, dE=9.75, candidate was rejected
Itr 101, LL= -782870.856853 (3.100756). Anneal status: T=0.00, dE=23.45, candidate was rejected
Itr 102, LL= -782868.153853 (3.452676). Anneal status: T=0.00, dE=6.04, candidate was rejected
Itr 103, LL= -782864.724218 (4.380859). Anneal status: T=0.00, dE=12.14, candidate was rejected
Itr 104, LL= -782860.272607 (5.686309). Anneal status: T=0.00, dE=3.28, candidate was rejected
Itr 105, LL= -782855.328716 (6.315164). Anneal status: T=0.00, dE=9.99, candidate was rejected
Itr 106, LL= -782850.139986 (6.627955). Anneal status: T=0.00, dE=9.61, candidate was rejected
Itr 107, LL= -782843.414315 (8.591262). Anneal status: T=0.00, dE=35.85, candidate was rejected
Itr 108, LL= -782836.693632 (8.584965). Anneal status: T=0.00, dE=15.80, candidate was rejected
Itr 109, LL= -782830.616829 (7.762542). Anneal status: T=0.00, dE=6.97, candidate was rejected
Itr 110, LL= -782824.078387 (8.352308). Anneal status: T=0.00, dE=9.67, candidate was rejected
Itr 111, LL= -782817.087281 (8.930622). Anneal status: T=0.00, dE=12.88, candidate was rejected
Itr 112, LL= -782809.902697 (9.177858). Anneal status: T=0.00, dE=6.39, candidate was rejected
Itr 113, LL= -782802.550370 (9.392226). Anneal status: T=0.00, dE=18.77, candidate was rejected
Itr 114, LL= -782793.585702 (11.452017). Anneal status: T=0.00, dE=14.57, candidate was rejected
Itr 115, LL= -782783.968314 (12.285982). Anneal status: T=0.00, dE=11.44, candidate was rejected
Itr 116, LL= -782774.790836 (11.724152). Anneal status: T=0.00, dE=6.21, candidate was rejected
Itr 117, LL= -782765.011043 (12.493751). Anneal status: T=0.00, dE=68.43, candidate was rejected
Itr 118, LL= -782756.994831 (10.240892). Anneal status: T=0.00, dE=16.76, candidate was rejected
Itr 119, LL= -782751.008980 (7.647138). Anneal status: T=0.00, dE=13.99, candidate was rejected
Itr 120, LL= -782746.104748 (6.265380). Anneal status: T=0.00, dE=15.57, candidate was rejected
Itr 121, LL= -782741.298962 (6.139649). Anneal status: T=0.00, dE=19.63, candidate was rejected
Itr 122, LL= -782736.736221 (5.829181). Anneal status: T=0.00, dE=11.55, candidate was rejected
Itr 123, LL= -782733.295901 (4.395245). Anneal status: T=0.00, dE=8.72, candidate was rejected
Itr 124, LL= -782730.479984 (3.597543). Anneal status: T=0.00, dE=19.02, candidate was rejected
Itr 125, LL= -782727.951739 (3.230033). Anneal status: T=0.00, dE=26.64, candidate was rejected
Itr 126, LL= -782725.589759 (3.017626). Anneal status: T=0.00, dE=23.69, candidate was rejected
Itr 127, LL= -782723.338327 (2.876400). Anneal status: T=0.00, dE=6.46, candidate was rejected
Itr 128, LL= -782721.058814 (2.912284). Anneal status: T=0.00, dE=13.91, candidate was rejected
Itr 129, LL= -782718.331976 (3.483793). Anneal status: T=0.00, dE=16.85, candidate was rejected
Itr 130, LL= -782714.249670 (5.215549). Anneal status: T=0.00, dE=7.49, candidate was rejected
Itr 131, LL= -782708.648142 (7.156543). Anneal status: T=0.00, dE=13.40, candidate was rejected
Itr 132, LL= -782702.767324 (7.513419). Anneal status: T=0.00, dE=30.57, candidate was rejected
Itr 133, LL= -782697.011127 (7.354256). Anneal status: T=0.00, dE=46.06, candidate was rejected
Itr 134, LL= -782692.840938 (5.327974). Anneal status: T=0.00, dE=6.71, candidate was rejected
Itr 135, LL= -782689.295318 (4.530027). Anneal status: T=0.00, dE=5.38, candidate was rejected
Itr 136, LL= -782684.694345 (5.878416). Anneal status: T=0.00, dE=11.18, candidate was rejected
Itr 137, LL= -782680.506301 (5.350870). Anneal status: T=0.00, dE=5.54, candidate was rejected
Itr 138, LL= -782677.560457 (3.763789). Anneal status: T=0.00, dE=11.31, candidate was rejected
Itr 139, LL= -782673.899906 (4.676960). Anneal status: T=0.00, dE=18.26, candidate was rejected
Itr 140, LL= -782670.431026 (4.432087). Anneal status: T=0.00, dE=25.54, candidate was rejected
Itr 141, LL= -782667.163317 (4.175077). Anneal status: T=0.00, dE=23.90, candidate was rejected
Itr 142, LL= -782664.177601 (3.814797). Anneal status: T=0.00, dE=14.81, candidate was rejected
Itr 143, LL= -782661.288689 (3.691126). Anneal status: T=0.00, dE=1.45, candidate was rejected
Itr 144, LL= -782658.581228 (3.459301). Anneal status: T=0.00, dE=22.69, candidate was rejected
Itr 145, LL= -782656.853750 (2.207192). Anneal status: T=0.00, dE=12.00, candidate was rejected
Itr 146, LL= -782655.415482 (1.837674). Anneal status: T=0.00, dE=20.32, candidate was rejected
Itr 147, LL= -782654.017092 (1.786725). Anneal status: T=0.00, dE=21.61, candidate was rejected
Itr 148, LL= -782652.963352 (1.346368). Anneal status: T=0.00, dE=10.75, candidate was rejected
Itr 149, LL= -782652.002378 (1.227842). Anneal status: T=0.00, dE=22.80, candidate was rejected
Itr 150, LL= -782650.825376 (1.503863). Anneal status: T=0.00, dE=16.92, candidate was rejected
Itr 151, LL= -782649.518805 (1.669418). Anneal status: T=0.00, dE=9.49, candidate was rejected
Itr 152, LL= -782648.239896 (1.634076). Anneal status: T=0.00, dE=15.92, candidate was rejected
Itr 153, LL= -782646.620417 (2.069230). Anneal status: T=0.00, dE=10.24, candidate was rejected
Itr 154, LL= -782643.306988 (4.233621). Anneal status: T=0.00, dE=34.71, candidate was rejected
Itr 155, LL= -782641.188765 (2.706499). Anneal status: T=0.00, dE=17.95, candidate was rejected
Itr 156, LL= -782639.946570 (1.587183). Anneal status: T=0.00, dE=24.48, candidate was rejected
Itr 157, LL= -782638.561027 (1.770346). Anneal status: T=0.00, dE=22.80, candidate was rejected
Itr 158, LL= -782637.044272 (1.938002). Anneal status: T=0.00, dE=38.85, candidate was rejected
Itr 159, LL= -782635.488393 (1.987996). Anneal status: T=0.00, dE=2.72, candidate was rejected
Itr 160, LL= -782633.863133 (2.076649). Anneal status: T=0.00, dE=13.62, candidate was rejected
Itr 161, LL= -782632.033857 (2.337334). Anneal status: T=0.00, dE=21.63, candidate was rejected
Itr 162, LL= -782629.954588 (2.656764). Anneal status: T=0.00, dE=28.67, candidate was rejected
Itr 163, LL= -782627.613928 (2.990762). Anneal status: T=0.00, dE=12.85, candidate was rejected
Itr 164, LL= -782625.288657 (2.971107). Anneal status: T=0.00, dE=36.29, candidate was rejected
Itr 165, LL= -782623.594000 (2.165350). Anneal status: T=0.00, dE=3.79, candidate was rejected
Itr 166, LL= -782621.746812 (2.360250). Anneal status: T=0.00, dE=14.71, candidate was rejected
Itr 167, LL= -782618.829964 (3.727022). Anneal status: T=0.00, dE=26.66, candidate was rejected
Itr 168, LL= -782615.382039 (4.405624). Anneal status: T=0.00, dE=12.34, candidate was rejected
Itr 169, LL= -782613.075730 (2.946925). Anneal status: T=0.00, dE=13.27, candidate was rejected
Itr 170, LL= -782611.396782 (2.145311). Anneal status: T=0.00, dE=26.68, candidate was rejected
Itr 171, LL= -782610.096052 (1.662037). Anneal status: T=0.00, dE=3.44, candidate was rejected
Itr 172, LL= -782609.062827 (1.320230). Anneal status: T=0.00, dE=6.97, candidate was rejected
Itr 173, LL= -782608.295320 (0.980702). Anneal status: T=0.00, dE=13.98, candidate was rejected
Itr 174, LL= -782607.659632 (0.812268). Anneal status: T=0.00, dE=20.68, candidate was rejected
Itr 175, LL= -782607.016258 (0.822091). Anneal status: T=0.00, dE=28.73, candidate was rejected
-- Annealing statistics:
Portion of times candidate was better: 0.000000
Portion of times candidate was chosen by chance: 0.005714
--
>> 