My SLURM_ARRAY_TASK_ID:  4

                            < M A T L A B (R) >
                  Copyright 1984-2014 The MathWorks, Inc.
                   R2014b (8.4.0.150421) 64-bit (glnxa64)
                             September 15, 2014

 
For online documentation, see http://www.mathworks.com/support
For product information, visit www.mathworks.com.
 
EM for 4 states, 54 emission nodes. 10 observed values.
            gibbs: 0
    nGibbsItrPcnt: 0.8000
     annealParams: {}
           maxItr: 500
      convergeEps: 1.0000e-06
           minItr: 5
       parametric: 0
        initprobs: []
      persistBias: 0
          obsVals: []

- Initalized simulated annealing with params:
                     type: 'linear'
    max_chance_accpetance: 0.2000
             min_duration: 5
        min_init_duration: 5
             max_duration: 11
              converge_th: 1.0000e-06

--
Itr 1, LL= -2748283.348103 (Inf). Anneal status: T=NaN, dE=-99.50, collecting statistics
Itr 2, LL= -835642.716547 (Inf). Anneal status: T=NaN, dE=3.23, collecting statistics
Itr 3, LL= -829461.799527 (Inf). Anneal status: T=NaN, dE=7.06, collecting statistics
Itr 4, LL= -818426.129397 (13304.615278). Anneal status: T=NaN, dE=-61.44, collecting statistics
Itr 5, LL= -812561.007814 (7166.342046). Anneal status: T=NaN, dE=-3.15, collecting statistics
Itr 6, LL= -808969.347509 (4420.173096). Anneal status: T=NaN, dE=-75.40, collecting statistics
Itr 7, LL= -806412.597223 (3160.503291). Anneal status: T=NaN, dE=55.84, collecting statistics
Itr 8, LL= -805250.427865 (1441.159727). Anneal status: T=NaN, dE=-0.71, collecting statistics
Itr 9, LL= -804779.303333 (585.065857). Anneal status: T=2.57, dE=9.48, candidate was rejected
Itr 10, LL= -804544.896531 (291.268427). Anneal status: T=2.57, dE=94.19, candidate was rejected
Itr 11, LL= -804358.011758 (232.286319). Anneal status: T=2.57, dE=29.41, candidate was rejected
Itr 12, LL= -804219.724927 (171.921992). Anneal status: T=2.57, dE=50.23, candidate was rejected
Itr 13, LL= -804143.190496 (95.166070). Anneal status: T=2.57, dE=148.29, candidate was rejected
Itr 14, LL= -804089.272856 (67.049800). Anneal status: T=2.31, dE=132.14, candidate was rejected
Itr 15, LL= -804057.191757 (39.897435). Anneal status: T=2.31, dE=2.16, candidate was chosen by chance
Itr 16, LL= -804034.007925 (28.833560). Anneal status: T=2.31, dE=1.03, candidate was chosen by chance
Itr 17, LL= -804016.165195 (22.191512). Anneal status: T=2.31, dE=12.16, candidate was rejected
Itr 18, LL= -804006.599388 (11.897530). Anneal status: T=2.31, dE=2.99, candidate was chosen by chance
Itr 19, LL= -803993.987442 (15.686371). Anneal status: T=2.05, dE=25.10, candidate was rejected
Itr 20, LL= -803986.405431 (9.430433). Anneal status: T=2.05, dE=19.11, candidate was rejected
Itr 21, LL= -803979.067349 (9.127122). Anneal status: T=2.05, dE=191.54, candidate was rejected
Itr 22, LL= -803972.742902 (7.866433). Anneal status: T=2.05, dE=3.36, candidate was rejected
Itr 23, LL= -803968.260760 (5.574992). Anneal status: T=2.05, dE=36.10, candidate was rejected
Itr 24, LL= -803964.413726 (4.785057). Anneal status: T=1.80, dE=4.16, candidate was rejected
Itr 25, LL= -803959.755026 (5.794658). Anneal status: T=1.80, dE=0.69, candidate was chosen by chance
Itr 26, LL= -803944.817921 (18.579419). Anneal status: T=1.80, dE=7.88, candidate was rejected
Itr 27, LL= -803943.361786 (1.811238). Anneal status: T=1.80, dE=0.49, candidate was chosen by chance
Itr 28, LL= -803941.775156 (1.973560). Anneal status: T=1.80, dE=0.19, candidate was rejected
Itr 29, LL= -803940.884173 (1.108268). Anneal status: T=1.54, dE=257.03, candidate was rejected
Itr 30, LL= -803940.671085 (0.265055). Anneal status: T=1.54, dE=0.47, candidate was chosen by chance
Itr 31, LL= -803939.734784 (1.164639). Anneal status: T=1.54, dE=1.16, candidate was rejected
Itr 32, LL= -803939.137798 (0.742576). Anneal status: T=1.54, dE=2.50, candidate was rejected
Itr 33, LL= -803938.533912 (0.751159). Anneal status: T=1.54, dE=8.44, candidate was rejected
Itr 34, LL= -803937.720943 (1.011233). Anneal status: T=1.28, dE=5.83, candidate was rejected
Itr 35, LL= -803936.702071 (1.267351). Anneal status: T=1.28, dE=10.14, candidate was rejected
Itr 36, LL= -803935.542922 (1.441841). Anneal status: T=1.28, dE=0.67, candidate was rejected
Itr 37, LL= -803934.093882 (1.802433). Anneal status: T=1.28, dE=78.01, candidate was rejected
Itr 38, LL= -803933.337778 (0.940505). Anneal status: T=1.28, dE=74.88, candidate was rejected
Itr 39, LL= -803933.081643 (0.318602). Anneal status: T=1.03, dE=3.78, candidate was rejected
Itr 40, LL= -803932.915680 (0.206440). Anneal status: T=1.03, dE=1.70, candidate was rejected
-- Annealing statistics:
Portion of times candidate was better: 0.000000
Portion of times candidate was chosen by chance: 0.150000
--
EM for 4 states, 54 emission nodes. 10 observed values.
            gibbs: 0
    nGibbsItrPcnt: 0.8000
     annealParams: {}
           maxItr: 500
      convergeEps: 1.0000e-06
           minItr: 5
       parametric: 0
        initprobs: []
      persistBias: 0
          obsVals: []

- Initalized simulated annealing with params:
                     type: 'linear'
    max_chance_accpetance: 0.2000
             min_duration: 5
        min_init_duration: 5
             max_duration: 11
              converge_th: 1.0000e-06

--
Itr 1, LL= -2836336.583686 (Inf). Anneal status: T=NaN, dE=0.32, collecting statistics
Itr 2, LL= -835464.530579 (Inf). Anneal status: T=NaN, dE=1.26, collecting statistics
Itr 3, LL= -830068.112187 (Inf). Anneal status: T=NaN, dE=-5.69, collecting statistics
Itr 4, LL= -822374.911458 (9268.155970). Anneal status: T=NaN, dE=-90.57, collecting statistics
Itr 5, LL= -817148.343525 (6355.456447). Anneal status: T=NaN, dE=-45.78, collecting statistics
Itr 6, LL= -814032.437165 (3813.146517). Anneal status: T=NaN, dE=95.42, collecting statistics
Itr 7, LL= -812263.870506 (2172.599738). Anneal status: T=0.25, dE=0.22, candidate was rejected
Itr 8, LL= -811330.959259 (1148.532245). Anneal status: T=0.25, dE=-0.92, candidate was better
Itr 9, LL= -810862.768516 (577.065053). Anneal status: T=0.25, dE=-0.15, candidate was better
Itr 10, LL= -810603.802102 (319.371444). Anneal status: T=0.25, dE=184.71, candidate was rejected
Itr 11, LL= -810464.797317 (171.483016). Anneal status: T=0.25, dE=0.69, candidate was rejected
Itr 12, LL= -810362.572190 (126.131483). Anneal status: T=0.22, dE=0.00, candidate was better
Itr 13, LL= -810290.619640 (88.790565). Anneal status: T=0.10, dE=0.00, candidate was better
Itr 14, LL= -810263.642226 (33.293503). Anneal status: T=0.10, dE=229.41, candidate was rejected
Itr 15, LL= -810243.944852 (24.309834). Anneal status: T=0.10, dE=0.02, candidate was chosen by chance
Itr 16, LL= -810227.006904 (20.904751). Anneal status: T=0.10, dE=0.00, candidate was better
Itr 17, LL= -810218.207438 (10.860494). Anneal status: T=0.10, dE=2.18, candidate was rejected
Itr 18, LL= -810212.480467 (7.068430). Anneal status: T=0.09, dE=0.02, candidate was chosen by chance
Itr 19, LL= -810207.954164 (5.586564). Anneal status: T=0.05, dE=50.87, candidate was rejected
Itr 20, LL= -810203.227455 (5.833945). Anneal status: T=0.05, dE=72.19, candidate was rejected
Itr 21, LL= -810197.733710 (6.780700). Anneal status: T=0.05, dE=0.01, candidate was chosen by chance
Itr 22, LL= -810195.227907 (3.092830). Anneal status: T=0.05, dE=0.00, candidate was chosen by chance
Itr 23, LL= -810193.665191 (1.928813). Anneal status: T=0.05, dE=2.95, candidate was rejected
Itr 24, LL= -810192.125121 (1.900866). Anneal status: T=0.04, dE=248.53, candidate was rejected
Itr 25, LL= -810189.415876 (3.343954). Anneal status: T=0.03, dE=9.74, candidate was rejected
Itr 26, LL= -810186.111451 (4.078584). Anneal status: T=0.03, dE=0.28, candidate was rejected
Itr 27, LL= -810182.101393 (4.949552). Anneal status: T=0.03, dE=0.61, candidate was rejected
Itr 28, LL= -810176.748619 (6.606878). Anneal status: T=0.03, dE=0.83, candidate was rejected
Itr 29, LL= -810173.352619 (4.191677). Anneal status: T=0.03, dE=2.59, candidate was rejected
Itr 30, LL= -810171.503999 (2.281759). Anneal status: T=0.03, dE=0.63, candidate was rejected
Itr 31, LL= -810170.552958 (1.173877). Anneal status: T=0.03, dE=0.00, candidate was better
Itr 32, LL= -810169.799795 (0.929634). Anneal status: T=0.03, dE=130.94, candidate was rejected
Itr 33, LL= -810168.901054 (1.109325). Anneal status: T=0.03, dE=4.50, candidate was rejected
Itr 34, LL= -810167.516983 (1.708374). Anneal status: T=0.03, dE=1.49, candidate was rejected
Itr 35, LL= -810166.367835 (1.418408). Anneal status: T=0.03, dE=0.64, candidate was rejected
Itr 36, LL= -810165.621036 (0.921785). Anneal status: T=0.03, dE=22.61, candidate was rejected
Itr 37, LL= -810165.006312 (0.758763). Anneal status: T=0.03, dE=272.74, candidate was rejected
Itr 38, LL= -810164.473496 (0.657664). Anneal status: T=0.03, dE=0.00, candidate was chosen by chance
-- Annealing statistics:
Portion of times candidate was better: 0.157895
Portion of times candidate was chosen by chance: 0.131579
--
EM for 4 states, 54 emission nodes. 10 observed values.
            gibbs: 0
    nGibbsItrPcnt: 0.8000
     annealParams: {}
           maxItr: 500
      convergeEps: 1.0000e-06
           minItr: 5
       parametric: 0
        initprobs: []
      persistBias: 0
          obsVals: []

- Initalized simulated annealing with params:
                     type: 'linear'
    max_chance_accpetance: 0.2000
             min_duration: 5
        min_init_duration: 5
             max_duration: 11
              converge_th: 1.0000e-06

--
Itr 1, LL= -2824185.937807 (Inf). Anneal status: T=NaN, dE=-2060.55, collecting statistics
Itr 2, LL= -834998.792468 (Inf). Anneal status: T=NaN, dE=-19.77, collecting statistics
Itr 3, LL= -829095.581477 (Inf). Anneal status: T=NaN, dE=-239.75, collecting statistics
Itr 4, LL= -821537.960985 (9115.499660). Anneal status: T=NaN, dE=27.74, collecting statistics
Itr 5, LL= -816690.825137 (5900.075320). Anneal status: T=NaN, dE=-118.69, collecting statistics
Itr 6, LL= -813825.011130 (3509.056204). Anneal status: T=NaN, dE=13.25, collecting statistics
Itr 7, LL= -812408.682684 (1740.335363). Anneal status: T=NaN, dE=-22.13, collecting statistics
Itr 8, LL= -811519.078057 (1095.021072). Anneal status: T=NaN, dE=-34.84, collecting statistics
Itr 9, LL= -810761.472181 (933.565083). Anneal status: T=NaN, dE=72.08, collecting statistics
Itr 10, LL= -810000.649449 (938.405139). Anneal status: T=0.93, dE=8.65, candidate was rejected
Itr 11, LL= -809260.336819 (913.965477). Anneal status: T=0.93, dE=-16.51, candidate was better
Itr 12, LL= -808621.531328 (789.369578). Anneal status: T=0.93, dE=-0.71, candidate was better
Itr 13, LL= -808029.459954 (732.198379). Anneal status: T=0.93, dE=5.22, candidate was rejected
Itr 14, LL= -807442.661926 (726.208705). Anneal status: T=0.93, dE=91.56, candidate was rejected
Itr 15, LL= -806930.151403 (634.733025). Anneal status: T=0.84, dE=12.20, candidate was rejected
Itr 16, LL= -806488.651143 (547.135659). Anneal status: T=0.57, dE=65.16, candidate was rejected
Itr 17, LL= -806126.094557 (449.549520). Anneal status: T=0.57, dE=6.81, candidate was rejected
Itr 18, LL= -805898.118519 (282.804439). Anneal status: T=0.57, dE=64.16, candidate was rejected
Itr 19, LL= -805735.771821 (201.448167). Anneal status: T=0.57, dE=65.43, candidate was rejected
Itr 20, LL= -805608.381269 (158.104625). Anneal status: T=0.57, dE=206.82, candidate was rejected
Itr 21, LL= -805534.354408 (91.889388). Anneal status: T=0.51, dE=2.59, candidate was rejected
Itr 22, LL= -805485.193990 (61.028332). Anneal status: T=0.51, dE=289.59, candidate was rejected
Itr 23, LL= -805436.973885 (59.864670). Anneal status: T=0.51, dE=13.10, candidate was rejected
Itr 24, LL= -805412.184177 (30.777962). Anneal status: T=0.51, dE=36.69, candidate was rejected
Itr 25, LL= -805382.894485 (36.366089). Anneal status: T=0.51, dE=0.09, candidate was chosen by chance
Itr 26, LL= -805337.481881 (56.386353). Anneal status: T=0.46, dE=139.65, candidate was rejected
Itr 27, LL= -805320.161972 (21.506398). Anneal status: T=0.46, dE=2.91, candidate was rejected
Itr 28, LL= -805274.538600 (56.652465). Anneal status: T=0.46, dE=19.50, candidate was rejected
Itr 29, LL= -805242.556497 (39.715775). Anneal status: T=0.46, dE=5.79, candidate was rejected
Itr 30, LL= -805223.492305 (23.675093). Anneal status: T=0.46, dE=1.18, candidate was rejected
Itr 31, LL= -805219.599815 (4.834050). Anneal status: T=0.40, dE=75.08, candidate was rejected
Itr 32, LL= -805217.683318 (2.380092). Anneal status: T=0.40, dE=79.80, candidate was rejected
Itr 33, LL= -805215.740332 (2.412995). Anneal status: T=0.40, dE=28.80, candidate was rejected
Itr 34, LL= -805213.526121 (2.749836). Anneal status: T=0.40, dE=198.11, candidate was rejected
Itr 35, LL= -805212.078941 (1.797263). Anneal status: T=0.40, dE=9.26, candidate was rejected
Itr 36, LL= -805210.254038 (2.266362). Anneal status: T=0.34, dE=3.63, candidate was rejected
Itr 37, LL= -805206.720519 (4.388318). Anneal status: T=0.34, dE=3.05, candidate was rejected
Itr 38, LL= -805205.915621 (0.999617). Anneal status: T=0.34, dE=21.35, candidate was rejected
Itr 39, LL= -805205.970260 (-0.067858). Anneal status: T=0.34, dE=86.10, candidate was rejected
Itr 40, LL= -805206.202299 (-0.288173). Anneal status: T=0.34, dE=170.98, candidate was rejected
-- Annealing statistics:
Portion of times candidate was better: 0.050000
Portion of times candidate was chosen by chance: 0.025000
--
EM for 4 states, 54 emission nodes. 10 observed values.
            gibbs: 0
    nGibbsItrPcnt: 0.8000
     annealParams: {}
           maxItr: 500
      convergeEps: 1.0000e-06
           minItr: 5
       parametric: 0
        initprobs: []
      persistBias: 0
          obsVals: []

- Initalized simulated annealing with params:
                     type: 'linear'
    max_chance_accpetance: 0.2000
             min_duration: 5
        min_init_duration: 5
             max_duration: 11
              converge_th: 1.0000e-06

--
Itr 1, LL= -2875056.817861 (Inf). Anneal status: T=NaN, dE=-615.68, collecting statistics
Itr 2, LL= -834041.723236 (Inf). Anneal status: T=NaN, dE=-15.93, collecting statistics
Itr 3, LL= -823812.737714 (Inf). Anneal status: T=NaN, dE=420.37, collecting statistics
Itr 4, LL= -813259.156606 (12810.655414). Anneal status: T=NaN, dE=-15.36, collecting statistics
Itr 5, LL= -809557.319658 (4551.854003). Anneal status: T=NaN, dE=200.86, collecting statistics
Itr 6, LL= -808412.010655 (1414.734912). Anneal status: T=NaN, dE=-22.04, collecting statistics
Itr 7, LL= -807968.651652 (548.431984). Anneal status: T=NaN, dE=-7.52, collecting statistics
Itr 8, LL= -807726.433900 (299.786076). Anneal status: T=NaN, dE=155.50, collecting statistics
Itr 9, LL= -807549.950483 (218.494046). Anneal status: T=14.15, dE=3.52, candidate was rejected
Itr 10, LL= -807401.711095 (183.566835). Anneal status: T=14.15, dE=6.48, candidate was chosen by chance
Itr 11, LL= -807248.585930 (189.651771). Anneal status: T=14.15, dE=41.62, candidate was rejected
Itr 12, LL= -807110.487788 (171.072635). Anneal status: T=14.15, dE=8.80, candidate was chosen by chance
Itr 13, LL= -806966.161836 (178.818085). Anneal status: T=14.15, dE=-0.33, candidate was better
Itr 14, LL= -806843.859080 (151.558717). Anneal status: T=12.73, dE=3.82, candidate was chosen by chance
Itr 15, LL= -806742.397903 (125.750696). Anneal status: T=12.73, dE=7.46, candidate was chosen by chance
Itr 16, LL= -806648.864659 (115.939419). Anneal status: T=12.73, dE=-0.03, candidate was better
Itr 17, LL= -806571.091235 (96.415463). Anneal status: T=10.97, dE=23.75, candidate was rejected
Itr 18, LL= -806500.700484 (87.271601). Anneal status: T=10.97, dE=63.43, candidate was rejected
Itr 19, LL= -806441.476702 (73.433021). Anneal status: T=10.97, dE=3.09, candidate was chosen by chance
Itr 20, LL= -806397.112598 (55.012180). Anneal status: T=10.97, dE=2.79, candidate was chosen by chance
Itr 21, LL= -806364.662718 (40.240571). Anneal status: T=10.97, dE=8.75, candidate was chosen by chance
Itr 22, LL= -806330.030922 (42.948058). Anneal status: T=9.87, dE=142.66, candidate was rejected
Itr 23, LL= -806308.457819 (26.754681). Anneal status: T=9.87, dE=5.71, candidate was rejected
Itr 24, LL= -806293.091445 (19.057687). Anneal status: T=9.87, dE=17.74, candidate was rejected
Itr 25, LL= -806282.323872 (13.354415). Anneal status: T=9.87, dE=51.46, candidate was rejected
Itr 26, LL= -806281.561464 (0.945585). Anneal status: T=9.87, dE=8.05, candidate was chosen by chance
Itr 27, LL= -806262.838312 (23.221605). Anneal status: T=8.78, dE=4.05, candidate was rejected
Itr 28, LL= -806255.235519 (9.429670). Anneal status: T=8.78, dE=10.31, candidate was rejected
Itr 29, LL= -806249.935013 (6.574228). Anneal status: T=8.78, dE=10.67, candidate was rejected
Itr 30, LL= -806246.076809 (4.785370). Anneal status: T=8.78, dE=46.99, candidate was rejected
Itr 31, LL= -806243.338436 (3.396448). Anneal status: T=8.78, dE=2.31, candidate was chosen by chance
Itr 32, LL= -806232.691445 (13.205680). Anneal status: T=7.68, dE=16.67, candidate was rejected
Itr 33, LL= -806220.076002 (15.647398). Anneal status: T=7.68, dE=4.55, candidate was rejected
Itr 34, LL= -806207.627752 (15.440263). Anneal status: T=7.68, dE=2.35, candidate was chosen by chance
Itr 35, LL= -806190.581808 (21.143367). Anneal status: T=7.68, dE=131.34, candidate was rejected
Itr 36, LL= -806184.732566 (7.255408). Anneal status: T=7.68, dE=9.31, candidate was chosen by chance
Itr 37, LL= -806161.283913 (29.085956). Anneal status: T=6.58, dE=26.66, candidate was rejected
Itr 38, LL= -806145.182642 (19.972766). Anneal status: T=6.58, dE=1.52, candidate was rejected
Itr 39, LL= -806133.960421 (13.920844). Anneal status: T=6.58, dE=10.91, candidate was rejected
Itr 40, LL= -806126.013550 (9.858002). Anneal status: T=6.58, dE=88.38, candidate was rejected
Itr 41, LL= -806119.595145 (7.962037). Anneal status: T=6.58, dE=30.42, candidate was rejected
Itr 42, LL= -806111.890585 (9.557589). Anneal status: T=5.48, dE=26.78, candidate was rejected
Itr 43, LL= -806101.453572 (12.947351). Anneal status: T=5.48, dE=0.38, candidate was chosen by chance
Itr 44, LL= -806096.908948 (5.637782). Anneal status: T=5.48, dE=1.51, candidate was rejected
Itr 45, LL= -806098.161715 (-1.554115). Anneal status: T=5.48, dE=4.09, candidate was chosen by chance
Itr 46, LL= -806092.249382 (7.334508). Anneal status: T=5.48, dE=1.02, candidate was chosen by chance
Itr 47, LL= -806089.543500 (3.356789). Anneal status: T=4.39, dE=6.57, candidate was rejected
Itr 48, LL= -806088.379483 (1.444030). Anneal status: T=4.39, dE=4.03, candidate was rejected
Itr 49, LL= -806091.113212 (-3.391351). Anneal status: T=4.39, dE=3.48, candidate was chosen by chance
Itr 50, LL= -806087.271165 (4.766269). Anneal status: T=4.39, dE=254.99, candidate was rejected
Itr 51, LL= -806091.151599 (-4.813913). Anneal status: T=4.39, dE=4.49, candidate was chosen by chance
Itr 52, LL= -806086.468498 (5.809642). Anneal status: T=3.29, dE=9.45, candidate was rejected
Itr 53, LL= -806084.716903 (2.172962). Anneal status: T=3.29, dE=89.22, candidate was rejected
Itr 54, LL= -806083.314462 (1.739819). Anneal status: T=3.29, dE=27.09, candidate was rejected
Itr 55, LL= -806082.960119 (0.439586). Anneal status: T=3.29, dE=3.07, candidate was rejected
Itr 56, LL= -806082.834450 (0.155900). Anneal status: T=3.29, dE=15.74, candidate was rejected
Itr 57, LL= -806082.754705 (0.098929). Anneal status: T=2.19, dE=1.23, candidate was rejected
-- Annealing statistics:
Portion of times candidate was better: 0.035088
Portion of times candidate was chosen by chance: 0.280702
--
>> 