My SLURM_ARRAY_TASK_ID:  9

                            < M A T L A B (R) >
                  Copyright 1984-2014 The MathWorks, Inc.
                   R2014b (8.4.0.150421) 64-bit (glnxa64)
                             September 15, 2014

 
For online documentation, see http://www.mathworks.com/support
For product information, visit www.mathworks.com.
 
EM for 9 states, 54 emission nodes. 10 observed values.
            gibbs: 0
    nGibbsItrPcnt: 0.8000
     annealParams: {}
           maxItr: 500
      convergeEps: 1.0000e-06
           minItr: 5
       parametric: 0
        initprobs: []
      persistBias: 0
          obsVals: []

- Initalized simulated annealing with params:
                     type: 'linear'
    max_chance_accpetance: 0.2000
             min_duration: 5
        min_init_duration: 5
             max_duration: 11
              converge_th: 1.0000e-06

--
Itr 1, LL= -2814028.696036 (Inf). Anneal status: T=NaN, dE=-77.59, collecting statistics
Itr 2, LL= -836020.284038 (Inf). Anneal status: T=NaN, dE=-11.21, collecting statistics
Itr 3, LL= -827189.744320 (Inf). Anneal status: T=NaN, dE=-33.90, collecting statistics
Itr 4, LL= -814424.347045 (15432.247997). Anneal status: T=NaN, dE=19.39, collecting statistics
Itr 5, LL= -806482.496250 (9751.489900). Anneal status: T=NaN, dE=-35.99, collecting statistics
Itr 6, LL= -801841.841517 (5754.191511). Anneal status: T=NaN, dE=-121.27, collecting statistics
Itr 7, LL= -799166.664824 (3336.289720). Anneal status: T=NaN, dE=26.81, collecting statistics
Itr 8, LL= -797574.055962 (1992.836953). Anneal status: T=NaN, dE=-92.96, collecting statistics
Itr 9, LL= -796508.835204 (1335.575988). Anneal status: T=NaN, dE=7.73, collecting statistics
Itr 10, LL= -795749.669381 (953.116638). Anneal status: T=NaN, dE=-25.41, collecting statistics
Itr 11, LL= -795271.505902 (600.896862). Anneal status: T=3.81, dE=7.92, candidate was rejected
Itr 12, LL= -794968.394879 (381.141561). Anneal status: T=3.81, dE=8.99, candidate was rejected
Itr 13, LL= -794726.451270 (304.343683). Anneal status: T=3.81, dE=15.91, candidate was rejected
Itr 14, LL= -794480.955571 (308.905913). Anneal status: T=3.81, dE=6.96, candidate was rejected
Itr 15, LL= -794233.733981 (311.173714). Anneal status: T=3.81, dE=6.36, candidate was rejected
Itr 16, LL= -793990.504155 (306.244642). Anneal status: T=3.43, dE=40.87, candidate was rejected
Itr 17, LL= -793799.276135 (240.844216). Anneal status: T=3.43, dE=16.66, candidate was rejected
Itr 18, LL= -793666.120264 (167.745014). Anneal status: T=3.43, dE=13.53, candidate was rejected
Itr 19, LL= -793578.530482 (110.360994). Anneal status: T=3.43, dE=17.08, candidate was rejected
Itr 20, LL= -793513.370637 (82.108881). Anneal status: T=3.43, dE=76.52, candidate was rejected
Itr 21, LL= -793464.369143 (61.752575). Anneal status: T=3.05, dE=3.51, candidate was rejected
Itr 22, LL= -793429.885058 (43.460155). Anneal status: T=3.05, dE=11.00, candidate was rejected
Itr 23, LL= -793400.633105 (36.867723). Anneal status: T=3.05, dE=13.70, candidate was rejected
Itr 24, LL= -793377.653275 (28.963715). Anneal status: T=3.05, dE=8.06, candidate was rejected
Itr 25, LL= -793358.774107 (23.795941). Anneal status: T=3.05, dE=10.07, candidate was rejected
Itr 26, LL= -793341.619414 (21.622870). Anneal status: T=2.67, dE=21.76, candidate was rejected
Itr 27, LL= -793325.811346 (19.925928). Anneal status: T=2.67, dE=17.25, candidate was rejected
Itr 28, LL= -793312.874437 (16.307182). Anneal status: T=2.67, dE=33.15, candidate was rejected
Itr 29, LL= -793301.170060 (14.753798). Anneal status: T=2.67, dE=6.96, candidate was rejected
Itr 30, LL= -793290.445157 (13.519333). Anneal status: T=2.67, dE=16.58, candidate was rejected
Itr 31, LL= -793279.533667 (13.754722). Anneal status: T=2.29, dE=14.43, candidate was rejected
Itr 32, LL= -793268.711640 (13.642135). Anneal status: T=2.29, dE=10.47, candidate was rejected
Itr 33, LL= -793258.604174 (12.741542). Anneal status: T=2.29, dE=5.87, candidate was rejected
Itr 34, LL= -793249.536336 (11.431125). Anneal status: T=2.29, dE=39.96, candidate was rejected
Itr 35, LL= -793242.109063 (9.363097). Anneal status: T=2.29, dE=10.90, candidate was rejected
Itr 36, LL= -793234.801266 (9.212568). Anneal status: T=1.91, dE=6.90, candidate was rejected
Itr 37, LL= -793228.540838 (7.892276). Anneal status: T=1.91, dE=71.56, candidate was rejected
Itr 38, LL= -793223.096282 (6.863792). Anneal status: T=1.91, dE=18.63, candidate was rejected
Itr 39, LL= -793217.874593 (6.582875). Anneal status: T=1.91, dE=22.77, candidate was rejected
Itr 40, LL= -793212.355463 (6.957899). Anneal status: T=1.91, dE=12.10, candidate was rejected
Itr 41, LL= -793205.961391 (8.060984). Anneal status: T=1.53, dE=58.49, candidate was rejected
Itr 42, LL= -793196.754381 (11.607338). Anneal status: T=1.53, dE=1.86, candidate was rejected
Itr 43, LL= -793190.900376 (7.380269). Anneal status: T=1.53, dE=17.83, candidate was rejected
Itr 44, LL= -793186.485113 (5.566457). Anneal status: T=1.53, dE=7.95, candidate was rejected
Itr 45, LL= -793182.388839 (5.164326). Anneal status: T=1.53, dE=17.13, candidate was rejected
Itr 46, LL= -793178.498287 (4.904990). Anneal status: T=1.14, dE=12.08, candidate was rejected
Itr 47, LL= -793174.774709 (4.694502). Anneal status: T=1.14, dE=25.26, candidate was rejected
Itr 48, LL= -793171.236732 (4.460526). Anneal status: T=1.14, dE=24.73, candidate was rejected
Itr 49, LL= -793167.921300 (4.179970). Anneal status: T=1.14, dE=35.85, candidate was rejected
Itr 50, LL= -793164.767830 (3.975791). Anneal status: T=1.14, dE=20.97, candidate was rejected
Itr 51, LL= -793160.475013 (5.412264). Anneal status: T=0.76, dE=28.79, candidate was rejected
Itr 52, LL= -793153.526479 (8.760565). Anneal status: T=0.76, dE=73.64, candidate was rejected
Itr 53, LL= -793146.886636 (8.371448). Anneal status: T=0.76, dE=6.47, candidate was rejected
Itr 54, LL= -793142.422988 (5.627770). Anneal status: T=0.76, dE=13.46, candidate was rejected
Itr 55, LL= -793138.725124 (4.662295). Anneal status: T=0.76, dE=4.33, candidate was rejected
Itr 56, LL= -793135.268944 (4.357598). Anneal status: T=0.38, dE=5.53, candidate was rejected
Itr 57, LL= -793131.776327 (4.403558). Anneal status: T=0.38, dE=11.57, candidate was rejected
Itr 58, LL= -793128.114325 (4.617142). Anneal status: T=0.38, dE=3.80, candidate was rejected
Itr 59, LL= -793124.217286 (4.913506). Anneal status: T=0.38, dE=32.78, candidate was rejected
Itr 60, LL= -793119.632294 (5.780924). Anneal status: T=0.38, dE=7.65, candidate was rejected
Itr 61, LL= -793114.516147 (6.450663). Anneal status: T=0.00, dE=27.11, candidate was rejected
Itr 62, LL= -793109.489335 (6.338066). Anneal status: T=0.00, dE=57.62, candidate was rejected
Itr 63, LL= -793104.812845 (5.896399). Anneal status: T=0.00, dE=39.33, candidate was rejected
Itr 64, LL= -793100.670075 (5.223484). Anneal status: T=0.00, dE=11.25, candidate was rejected
Itr 65, LL= -793096.674665 (5.037708). Anneal status: T=0.00, dE=4.14, candidate was rejected
Itr 66, LL= -793092.782240 (4.907882). Anneal status: T=0.00, dE=13.40, candidate was rejected
Itr 67, LL= -793089.044372 (4.713027). Anneal status: T=0.00, dE=9.42, candidate was rejected
Itr 68, LL= -793085.534675 (4.425350). Anneal status: T=0.00, dE=16.24, candidate was rejected
Itr 69, LL= -793082.248161 (4.143959). Anneal status: T=0.00, dE=40.74, candidate was rejected
Itr 70, LL= -793079.110709 (3.956024). Anneal status: T=0.00, dE=1.38, candidate was rejected
Itr 71, LL= -793075.962731 (3.969312). Anneal status: T=0.00, dE=13.34, candidate was rejected
Itr 72, LL= -793072.402035 (4.489728). Anneal status: T=0.00, dE=16.47, candidate was rejected
Itr 73, LL= -793069.052538 (4.223444). Anneal status: T=0.00, dE=20.98, candidate was rejected
Itr 74, LL= -793066.680532 (2.990920). Anneal status: T=0.00, dE=12.65, candidate was rejected
Itr 75, LL= -793064.685160 (2.516020). Anneal status: T=0.00, dE=5.94, candidate was rejected
Itr 76, LL= -793062.894568 (2.257814). Anneal status: T=0.00, dE=8.81, candidate was rejected
Itr 77, LL= -793061.262710 (2.057666). Anneal status: T=0.00, dE=84.01, candidate was rejected
Itr 78, LL= -793059.392226 (2.358562). Anneal status: T=0.00, dE=13.75, candidate was rejected
Itr 79, LL= -793054.240194 (6.496401). Anneal status: T=0.00, dE=35.40, candidate was rejected
Itr 80, LL= -793049.687650 (5.740520). Anneal status: T=0.00, dE=4.33, candidate was rejected
Itr 81, LL= -793046.497099 (4.023141). Anneal status: T=0.00, dE=17.25, candidate was rejected
Itr 82, LL= -793044.519460 (2.493724). Anneal status: T=0.00, dE=11.56, candidate was rejected
Itr 83, LL= -793042.944192 (1.986355). Anneal status: T=0.00, dE=9.26, candidate was rejected
Itr 84, LL= -793041.443014 (1.892935). Anneal status: T=0.00, dE=60.12, candidate was rejected
Itr 85, LL= -793039.937895 (1.897907). Anneal status: T=0.00, dE=10.77, candidate was rejected
Itr 86, LL= -793038.283837 (2.085719). Anneal status: T=0.00, dE=9.14, candidate was rejected
Itr 87, LL= -793036.240001 (2.577222). Anneal status: T=0.00, dE=52.23, candidate was rejected
Itr 88, LL= -793034.230519 (2.533909). Anneal status: T=0.00, dE=3.35, candidate was rejected
Itr 89, LL= -793032.599154 (2.057118). Anneal status: T=0.00, dE=4.63, candidate was rejected
Itr 90, LL= -793031.040620 (1.965283). Anneal status: T=0.00, dE=23.56, candidate was rejected
Itr 91, LL= -793029.601332 (1.814920). Anneal status: T=0.00, dE=41.42, candidate was rejected
Itr 92, LL= -793028.377177 (1.543644). Anneal status: T=0.00, dE=6.34, candidate was rejected
Itr 93, LL= -793027.297195 (1.361844). Anneal status: T=0.00, dE=17.46, candidate was rejected
Itr 94, LL= -793026.317280 (1.235665). Anneal status: T=0.00, dE=4.70, candidate was rejected
Itr 95, LL= -793025.444021 (1.101172). Anneal status: T=0.00, dE=25.26, candidate was rejected
Itr 96, LL= -793024.690960 (0.949605). Anneal status: T=0.00, dE=16.74, candidate was rejected
Itr 97, LL= -793024.052497 (0.805099). Anneal status: T=0.00, dE=60.04, candidate was rejected
Itr 98, LL= -793023.510135 (0.683916). Anneal status: T=0.00, dE=23.03, candidate was rejected
-- Annealing statistics:
Portion of times candidate was better: 0.000000
Portion of times candidate was chosen by chance: 0.000000
--
EM for 9 states, 54 emission nodes. 10 observed values.
            gibbs: 0
    nGibbsItrPcnt: 0.8000
     annealParams: {}
           maxItr: 500
      convergeEps: 1.0000e-06
           minItr: 5
       parametric: 0
        initprobs: []
      persistBias: 0
          obsVals: []

- Initalized simulated annealing with params:
                     type: 'linear'
    max_chance_accpetance: 0.2000
             min_duration: 5
        min_init_duration: 5
             max_duration: 11
              converge_th: 1.0000e-06

--
Itr 1, LL= -2735624.172524 (Inf). Anneal status: T=NaN, dE=1361.89, collecting statistics
Itr 2, LL= -833469.085024 (Inf). Anneal status: T=NaN, dE=-3.57, collecting statistics
Itr 3, LL= -826270.368302 (Inf). Anneal status: T=NaN, dE=-317.88, collecting statistics
Itr 4, LL= -818346.141044 (9590.356332). Anneal status: T=NaN, dE=32.21, collecting statistics
Itr 5, LL= -813266.116881 (6207.671678). Anneal status: T=NaN, dE=-117.41, collecting statistics
Itr 6, LL= -807710.176601 (6831.638702). Anneal status: T=NaN, dE=-154.60, collecting statistics
Itr 7, LL= -802193.509725 (6830.007886). Anneal status: T=NaN, dE=-3.43, collecting statistics
Itr 8, LL= -798991.996990 (3990.948190). Anneal status: T=NaN, dE=-19.45, collecting statistics
Itr 9, LL= -797409.189034 (1981.006021). Anneal status: T=NaN, dE=-11.36, collecting statistics
Itr 10, LL= -796570.921921 (1051.238341). Anneal status: T=NaN, dE=17.86, collecting statistics
Itr 11, LL= -796120.467547 (565.491862). Anneal status: T=16.04, dE=71.06, candidate was rejected
Itr 12, LL= -795868.180061 (316.896119). Anneal status: T=16.04, dE=5.71, candidate was chosen by chance
Itr 13, LL= -795685.931214 (228.993759). Anneal status: T=16.04, dE=84.20, candidate was rejected
Itr 14, LL= -795558.017967 (160.758463). Anneal status: T=16.04, dE=11.63, candidate was rejected
Itr 15, LL= -795463.405984 (118.925308). Anneal status: T=16.04, dE=5.69, candidate was chosen by chance
Itr 16, LL= -795383.390425 (100.589868). Anneal status: T=14.44, dE=37.16, candidate was rejected
Itr 17, LL= -795317.334172 (83.049576). Anneal status: T=14.44, dE=35.01, candidate was rejected
Itr 18, LL= -795256.525844 (76.457943). Anneal status: T=14.44, dE=19.66, candidate was rejected
Itr 19, LL= -795191.639743 (81.591410). Anneal status: T=14.44, dE=22.05, candidate was rejected
Itr 20, LL= -795133.023737 (73.713056). Anneal status: T=14.44, dE=1.83, candidate was chosen by chance
Itr 21, LL= -795096.153704 (46.369642). Anneal status: T=12.83, dE=16.31, candidate was chosen by chance
Itr 22, LL= -795051.671904 (55.945183). Anneal status: T=12.83, dE=7.78, candidate was chosen by chance
Itr 23, LL= -795004.857002 (58.882842). Anneal status: T=12.83, dE=1.67, candidate was chosen by chance
Itr 24, LL= -794973.600477 (39.316143). Anneal status: T=12.83, dE=13.14, candidate was chosen by chance
Itr 25, LL= -794928.532256 (56.691469). Anneal status: T=12.83, dE=7.71, candidate was chosen by chance
Itr 26, LL= -794881.611083 (59.025649). Anneal status: T=11.23, dE=6.95, candidate was rejected
Itr 27, LL= -794844.819291 (46.285877). Anneal status: T=11.23, dE=5.04, candidate was rejected
Itr 28, LL= -794829.725577 (18.989510). Anneal status: T=11.23, dE=14.11, candidate was chosen by chance
Itr 29, LL= -794792.220023 (47.186904). Anneal status: T=11.23, dE=6.78, candidate was rejected
Itr 30, LL= -794769.290125 (28.850180). Anneal status: T=11.23, dE=6.25, candidate was rejected
Itr 31, LL= -794744.291436 (31.454020). Anneal status: T=9.62, dE=29.39, candidate was rejected
Itr 32, LL= -794715.104801 (36.724560). Anneal status: T=9.62, dE=20.33, candidate was rejected
Itr 33, LL= -794684.772167 (38.167934). Anneal status: T=9.62, dE=111.98, candidate was rejected
Itr 34, LL= -794656.864787 (35.117548). Anneal status: T=9.62, dE=0.05, candidate was chosen by chance
Itr 35, LL= -794630.416983 (33.282043). Anneal status: T=9.62, dE=37.31, candidate was rejected
Itr 36, LL= -794604.057111 (33.172494). Anneal status: T=8.02, dE=23.20, candidate was rejected
Itr 37, LL= -794574.686397 (36.962703). Anneal status: T=8.02, dE=34.19, candidate was rejected
Itr 38, LL= -794544.588756 (37.878933). Anneal status: T=8.02, dE=20.59, candidate was rejected
Itr 39, LL= -794516.306133 (35.596017). Anneal status: T=8.02, dE=7.63, candidate was chosen by chance
Itr 40, LL= -794471.304397 (56.640418). Anneal status: T=8.02, dE=4.93, candidate was rejected
Itr 41, LL= -794440.643471 (38.592868). Anneal status: T=6.42, dE=26.99, candidate was rejected
Itr 42, LL= -794415.005358 (32.271905). Anneal status: T=6.42, dE=4.21, candidate was rejected
Itr 43, LL= -794404.785869 (12.864169). Anneal status: T=6.42, dE=12.24, candidate was chosen by chance
Itr 44, LL= -794371.223937 (42.247897). Anneal status: T=6.42, dE=6.57, candidate was rejected
Itr 45, LL= -794355.259736 (20.096651). Anneal status: T=6.42, dE=7.23, candidate was chosen by chance
Itr 46, LL= -794326.016003 (36.814427). Anneal status: T=4.81, dE=11.37, candidate was rejected
Itr 47, LL= -794310.939492 (18.980255). Anneal status: T=4.81, dE=5.52, candidate was chosen by chance
Itr 48, LL= -794284.137189 (33.742836). Anneal status: T=4.81, dE=42.13, candidate was rejected
Itr 49, LL= -794264.405759 (24.841778). Anneal status: T=4.81, dE=2.68, candidate was chosen by chance
Itr 50, LL= -794240.883072 (29.615687). Anneal status: T=4.81, dE=1.48, candidate was rejected
Itr 51, LL= -794223.572389 (21.795256). Anneal status: T=3.21, dE=7.75, candidate was rejected
Itr 52, LL= -794209.497015 (17.722180). Anneal status: T=3.21, dE=8.39, candidate was rejected
Itr 53, LL= -794196.397333 (16.493989). Anneal status: T=3.21, dE=8.45, candidate was rejected
Itr 54, LL= -794182.731939 (17.206567). Anneal status: T=3.21, dE=59.41, candidate was rejected
Itr 55, LL= -794173.013737 (12.236734). Anneal status: T=3.21, dE=5.04, candidate was rejected
Itr 56, LL= -794164.174088 (11.130633). Anneal status: T=1.60, dE=3.30, candidate was rejected
Itr 57, LL= -794154.721504 (11.902557). Anneal status: T=1.60, dE=6.19, candidate was rejected
Itr 58, LL= -794146.263237 (10.650654). Anneal status: T=1.60, dE=28.88, candidate was rejected
Itr 59, LL= -794138.044114 (10.349634). Anneal status: T=1.60, dE=13.04, candidate was rejected
Itr 60, LL= -794131.220461 (8.592528). Anneal status: T=1.60, dE=13.34, candidate was rejected
Itr 61, LL= -794125.487115 (7.219646). Anneal status: T=0.00, dE=23.47, candidate was rejected
Itr 62, LL= -794120.579195 (6.180282). Anneal status: T=0.00, dE=12.80, candidate was rejected
Itr 63, LL= -794115.588472 (6.284591). Anneal status: T=0.00, dE=10.04, candidate was rejected
Itr 64, LL= -794109.428203 (7.757396). Anneal status: T=0.00, dE=6.06, candidate was rejected
Itr 65, LL= -794101.813215 (9.589344). Anneal status: T=0.00, dE=0.97, candidate was rejected
Itr 66, LL= -794092.192103 (12.115716). Anneal status: T=0.00, dE=12.77, candidate was rejected
Itr 67, LL= -794072.932036 (24.254196). Anneal status: T=0.00, dE=8.74, candidate was rejected
Itr 68, LL= -794023.599623 (62.125796). Anneal status: T=0.00, dE=8.47, candidate was rejected
Itr 69, LL= -793929.524197 (118.479382). Anneal status: T=0.00, dE=83.70, candidate was rejected
Itr 70, LL= -793815.788510 (143.256654). Anneal status: T=0.00, dE=8.61, candidate was rejected
Itr 71, LL= -793725.003850 (114.364896). Anneal status: T=0.00, dE=15.00, candidate was rejected
Itr 72, LL= -793664.549573 (76.165267). Anneal status: T=0.00, dE=39.93, candidate was rejected
Itr 73, LL= -793621.376796 (54.396755). Anneal status: T=0.00, dE=1.18, candidate was rejected
Itr 74, LL= -793590.561345 (38.828908). Anneal status: T=0.00, dE=45.83, candidate was rejected
Itr 75, LL= -793568.456435 (27.854301). Anneal status: T=0.00, dE=19.34, candidate was rejected
Itr 76, LL= -793552.589326 (19.994631). Anneal status: T=0.00, dE=7.36, candidate was rejected
Itr 77, LL= -793536.857748 (19.824241). Anneal status: T=0.00, dE=11.91, candidate was rejected
Itr 78, LL= -793524.514608 (15.554590). Anneal status: T=0.00, dE=8.28, candidate was rejected
Itr 79, LL= -793512.442580 (15.213175). Anneal status: T=0.00, dE=71.94, candidate was rejected
Itr 80, LL= -793501.392227 (13.925873). Anneal status: T=0.00, dE=4.64, candidate was rejected
Itr 81, LL= -793493.384011 (10.092252). Anneal status: T=0.00, dE=7.20, candidate was rejected
Itr 82, LL= -793485.547661 (9.875759). Anneal status: T=0.00, dE=26.83, candidate was rejected
Itr 83, LL= -793476.133180 (11.864716). Anneal status: T=0.00, dE=11.36, candidate was rejected
Itr 84, LL= -793471.934149 (5.291944). Anneal status: T=0.00, dE=52.66, candidate was rejected
Itr 85, LL= -793468.297663 (4.583005). Anneal status: T=0.00, dE=17.19, candidate was rejected
Itr 86, LL= -793465.022466 (4.127698). Anneal status: T=0.00, dE=12.30, candidate was rejected
Itr 87, LL= -793462.279179 (3.457350). Anneal status: T=0.00, dE=7.07, candidate was rejected
Itr 88, LL= -793459.839940 (3.074173). Anneal status: T=0.00, dE=24.49, candidate was rejected
Itr 89, LL= -793457.471996 (2.984327). Anneal status: T=0.00, dE=13.88, candidate was rejected
Itr 90, LL= -793454.979798 (3.140935). Anneal status: T=0.00, dE=27.78, candidate was rejected
Itr 91, LL= -793451.707458 (4.124166). Anneal status: T=0.00, dE=8.34, candidate was rejected
Itr 92, LL= -793447.062697 (5.853867). Anneal status: T=0.00, dE=41.80, candidate was rejected
Itr 93, LL= -793441.966010 (6.423475). Anneal status: T=0.00, dE=9.84, candidate was rejected
Itr 94, LL= -793437.106081 (6.125122). Anneal status: T=0.00, dE=1.82, candidate was rejected
Itr 95, LL= -793434.075958 (3.818982). Anneal status: T=0.00, dE=50.78, candidate was rejected
Itr 96, LL= -793431.259544 (3.549651). Anneal status: T=0.00, dE=4.46, candidate was rejected
Itr 97, LL= -793427.468064 (4.778588). Anneal status: T=0.00, dE=12.07, candidate was rejected
Itr 98, LL= -793424.123243 (4.215660). Anneal status: T=0.00, dE=10.31, candidate was rejected
Itr 99, LL= -793421.549139 (3.244297). Anneal status: T=0.00, dE=117.59, candidate was rejected
Itr 100, LL= -793419.233910 (2.918032). Anneal status: T=0.00, dE=0.25, candidate was rejected
Itr 101, LL= -793417.106160 (2.681748). Anneal status: T=0.00, dE=18.48, candidate was rejected
Itr 102, LL= -793415.105504 (2.521569). Anneal status: T=0.00, dE=20.65, candidate was rejected
Itr 103, LL= -793413.199952 (2.401708). Anneal status: T=0.00, dE=14.76, candidate was rejected
Itr 104, LL= -793411.339511 (2.344858). Anneal status: T=0.00, dE=85.20, candidate was rejected
Itr 105, LL= -793409.322003 (2.542828). Anneal status: T=0.00, dE=13.02, candidate was rejected
Itr 106, LL= -793406.320282 (3.783320). Anneal status: T=0.00, dE=15.04, candidate was rejected
Itr 107, LL= -793400.364946 (7.506036). Anneal status: T=0.00, dE=5.48, candidate was rejected
Itr 108, LL= -793396.566980 (4.786947). Anneal status: T=0.00, dE=45.79, candidate was rejected
Itr 109, LL= -793394.871820 (2.136586). Anneal status: T=0.00, dE=11.52, candidate was rejected
Itr 110, LL= -793393.595752 (1.608364). Anneal status: T=0.00, dE=25.89, candidate was rejected
Itr 111, LL= -793388.029950 (7.015184). Anneal status: T=0.00, dE=42.55, candidate was rejected
Itr 112, LL= -793369.872459 (22.886017). Anneal status: T=0.00, dE=15.83, candidate was rejected
Itr 113, LL= -793368.267607 (2.022829). Anneal status: T=0.00, dE=12.27, candidate was rejected
Itr 114, LL= -793367.278716 (1.246446). Anneal status: T=0.00, dE=16.91, candidate was rejected
Itr 115, LL= -793366.368331 (1.147495). Anneal status: T=0.00, dE=8.87, candidate was rejected
Itr 116, LL= -793365.476764 (1.123777). Anneal status: T=0.00, dE=14.33, candidate was rejected
Itr 117, LL= -793364.573891 (1.138029). Anneal status: T=0.00, dE=2.98, candidate was rejected
Itr 118, LL= -793363.605641 (1.220435). Anneal status: T=0.00, dE=1.59, candidate was rejected
Itr 119, LL= -793358.344912 (6.630917). Anneal status: T=0.00, dE=8.40, candidate was rejected
Itr 120, LL= -793349.780251 (10.795452). Anneal status: T=0.00, dE=8.94, candidate was rejected
Itr 121, LL= -793343.224470 (8.263418). Anneal status: T=0.00, dE=135.75, candidate was rejected
Itr 122, LL= -793341.054716 (2.734950). Anneal status: T=0.00, dE=1.15, candidate was rejected
Itr 123, LL= -793338.774877 (2.873719). Anneal status: T=0.00, dE=4.34, candidate was rejected
Itr 124, LL= -793336.827140 (2.455114). Anneal status: T=0.00, dE=27.06, candidate was rejected
Itr 125, LL= -793334.883984 (2.449345). Anneal status: T=0.00, dE=6.32, candidate was rejected
Itr 126, LL= -793332.675433 (2.783883). Anneal status: T=0.00, dE=9.19, candidate was rejected
Itr 127, LL= -793330.655391 (2.546273). Anneal status: T=0.00, dE=2.95, candidate was rejected
Itr 128, LL= -793327.677830 (3.753240). Anneal status: T=0.00, dE=33.38, candidate was rejected
Itr 129, LL= -793324.891685 (3.511973). Anneal status: T=0.00, dE=9.68, candidate was rejected
Itr 130, LL= -793323.663832 (1.547731). Anneal status: T=0.00, dE=67.67, candidate was rejected
Itr 131, LL= -793321.127864 (3.196637). Anneal status: T=0.00, dE=3.80, candidate was rejected
Itr 132, LL= -793318.304588 (3.558806). Anneal status: T=0.00, dE=47.34, candidate was rejected
Itr 133, LL= -793317.070089 (1.556121). Anneal status: T=0.00, dE=4.74, candidate was rejected
Itr 134, LL= -793316.209588 (1.084688). Anneal status: T=0.00, dE=6.28, candidate was rejected
Itr 135, LL= -793315.478039 (0.922140). Anneal status: T=0.00, dE=16.28, candidate was rejected
Itr 136, LL= -793314.789394 (0.868060). Anneal status: T=0.00, dE=16.63, candidate was rejected
Itr 137, LL= -793314.101247 (0.867433). Anneal status: T=0.00, dE=19.12, candidate was rejected
-- Annealing statistics:
Portion of times candidate was better: 0.000000
Portion of times candidate was chosen by chance: 0.109489
--
EM for 9 states, 54 emission nodes. 10 observed values.
            gibbs: 0
    nGibbsItrPcnt: 0.8000
     annealParams: {}
           maxItr: 500
      convergeEps: 1.0000e-06
           minItr: 5
       parametric: 0
        initprobs: []
      persistBias: 0
          obsVals: []

- Initalized simulated annealing with params:
                     type: 'linear'
    max_chance_accpetance: 0.2000
             min_duration: 5
        min_init_duration: 5
             max_duration: 11
              converge_th: 1.0000e-06

--
Itr 1, LL= -2830141.698844 (Inf). Anneal status: T=NaN, dE=-192.92, collecting statistics
Itr 2, LL= -834786.407839 (Inf). Anneal status: T=NaN, dE=72.23, collecting statistics
Itr 3, LL= -825593.789737 (Inf). Anneal status: T=NaN, dE=-209.15, collecting statistics
Itr 4, LL= -816521.816657 (10988.422143). Anneal status: T=NaN, dE=-271.01, collecting statistics
Itr 5, LL= -809951.979986 (8046.125085). Anneal status: T=NaN, dE=-43.49, collecting statistics
Itr 6, LL= -804536.623949 (6686.021111). Anneal status: T=NaN, dE=-58.35, collecting statistics
Itr 7, LL= -800743.468251 (4714.708547). Anneal status: T=NaN, dE=-0.53, collecting statistics
Itr 8, LL= -798254.301246 (3108.569853). Anneal status: T=NaN, dE=-5.24, collecting statistics
Itr 9, LL= -796706.964048 (1938.401328). Anneal status: T=NaN, dE=-0.80, collecting statistics
Itr 10, LL= -795716.001461 (1243.823178). Anneal status: T=NaN, dE=21.93, collecting statistics
Itr 11, LL= -795111.468798 (759.734204). Anneal status: T=NaN, dE=12.62, collecting statistics
Itr 12, LL= -794763.091010 (438.149621). Anneal status: T=0.69, dE=12.31, candidate was rejected
Itr 13, LL= -794534.264241 (287.918213). Anneal status: T=0.69, dE=17.93, candidate was rejected
Itr 14, LL= -794369.445744 (207.440388). Anneal status: T=0.69, dE=48.10, candidate was rejected
Itr 15, LL= -794254.724079 (144.418527). Anneal status: T=0.69, dE=9.33, candidate was rejected
Itr 16, LL= -794169.947871 (106.736800). Anneal status: T=0.69, dE=5.03, candidate was rejected
Itr 17, LL= -794105.216795 (81.507838). Anneal status: T=0.62, dE=21.38, candidate was rejected
Itr 18, LL= -794053.229279 (65.466786). Anneal status: T=0.62, dE=88.54, candidate was rejected
Itr 19, LL= -794006.673531 (58.630513). Anneal status: T=0.62, dE=33.55, candidate was rejected
Itr 20, LL= -793966.204655 (50.967929). Anneal status: T=0.62, dE=4.51, candidate was rejected
Itr 21, LL= -793931.978249 (43.108140). Anneal status: T=0.62, dE=15.10, candidate was rejected
Itr 22, LL= -793902.029075 (37.722594). Anneal status: T=0.55, dE=12.06, candidate was rejected
Itr 23, LL= -793874.473304 (34.709283). Anneal status: T=0.55, dE=10.72, candidate was rejected
Itr 24, LL= -793847.371005 (34.139276). Anneal status: T=0.55, dE=14.26, candidate was rejected
Itr 25, LL= -793824.003131 (29.436230). Anneal status: T=0.55, dE=51.92, candidate was rejected
Itr 26, LL= -793806.493024 (22.057922). Anneal status: T=0.55, dE=3.69, candidate was rejected
Itr 27, LL= -793790.257474 (20.452780). Anneal status: T=0.49, dE=50.12, candidate was rejected
Itr 28, LL= -793773.250423 (21.425120). Anneal status: T=0.49, dE=67.32, candidate was rejected
Itr 29, LL= -793760.713122 (15.794562). Anneal status: T=0.49, dE=25.70, candidate was rejected
Itr 30, LL= -793749.016441 (14.735777). Anneal status: T=0.49, dE=4.51, candidate was rejected
Itr 31, LL= -793739.422121 (12.087348). Anneal status: T=0.49, dE=31.73, candidate was rejected
Itr 32, LL= -793729.070881 (13.041105). Anneal status: T=0.42, dE=4.88, candidate was rejected
Itr 33, LL= -793718.882491 (12.836106). Anneal status: T=0.42, dE=38.82, candidate was rejected
Itr 34, LL= -793708.771042 (12.739333). Anneal status: T=0.42, dE=1.79, candidate was rejected
Itr 35, LL= -793699.993837 (11.058470). Anneal status: T=0.42, dE=5.35, candidate was rejected
Itr 36, LL= -793692.346579 (9.634948). Anneal status: T=0.42, dE=3.56, candidate was rejected
Itr 37, LL= -793684.625481 (9.728075). Anneal status: T=0.35, dE=7.66, candidate was rejected
Itr 38, LL= -793675.046698 (12.068752). Anneal status: T=0.35, dE=5.72, candidate was rejected
Itr 39, LL= -793663.379380 (14.700371). Anneal status: T=0.35, dE=5.68, candidate was rejected
Itr 40, LL= -793653.454934 (12.504604). Anneal status: T=0.35, dE=15.48, candidate was rejected
Itr 41, LL= -793645.081081 (10.551019). Anneal status: T=0.35, dE=8.82, candidate was rejected
Itr 42, LL= -793637.518126 (9.529393). Anneal status: T=0.28, dE=10.93, candidate was rejected
Itr 43, LL= -793631.111193 (8.072871). Anneal status: T=0.28, dE=16.38, candidate was rejected
Itr 44, LL= -793625.576407 (6.974003). Anneal status: T=0.28, dE=7.53, candidate was rejected
Itr 45, LL= -793620.843736 (5.963355). Anneal status: T=0.28, dE=62.43, candidate was rejected
Itr 46, LL= -793615.988496 (6.117833). Anneal status: T=0.28, dE=9.90, candidate was rejected
Itr 47, LL= -793610.669532 (6.702188). Anneal status: T=0.21, dE=19.80, candidate was rejected
Itr 48, LL= -793605.849212 (6.073911). Anneal status: T=0.21, dE=4.21, candidate was rejected
Itr 49, LL= -793602.018971 (4.826376). Anneal status: T=0.21, dE=13.13, candidate was rejected
Itr 50, LL= -793599.063301 (3.724374). Anneal status: T=0.21, dE=22.04, candidate was rejected
Itr 51, LL= -793596.261359 (3.530677). Anneal status: T=0.21, dE=7.34, candidate was rejected
Itr 52, LL= -793593.303523 (3.727130). Anneal status: T=0.14, dE=29.57, candidate was rejected
Itr 53, LL= -793589.839246 (4.365305). Anneal status: T=0.14, dE=2.51, candidate was rejected
Itr 54, LL= -793585.917137 (4.942236). Anneal status: T=0.14, dE=2.73, candidate was rejected
Itr 55, LL= -793581.427308 (5.657648). Anneal status: T=0.14, dE=16.73, candidate was rejected
Itr 56, LL= -793575.366434 (7.637368). Anneal status: T=0.14, dE=16.43, candidate was rejected
Itr 57, LL= -793570.161575 (6.558746). Anneal status: T=0.07, dE=13.19, candidate was rejected
Itr 58, LL= -793566.849033 (4.174227). Anneal status: T=0.07, dE=16.53, candidate was rejected
Itr 59, LL= -793564.272889 (3.246286). Anneal status: T=0.07, dE=7.04, candidate was rejected
Itr 60, LL= -793561.861808 (3.038292). Anneal status: T=0.07, dE=86.52, candidate was rejected
Itr 61, LL= -793559.111284 (3.466049). Anneal status: T=0.07, dE=27.08, candidate was rejected
Itr 62, LL= -793556.211345 (3.654346). Anneal status: T=0.00, dE=5.77, candidate was rejected
Itr 63, LL= -793553.981142 (2.810390). Anneal status: T=0.00, dE=18.45, candidate was rejected
Itr 64, LL= -793552.164819 (2.288846). Anneal status: T=0.00, dE=5.33, candidate was rejected
Itr 65, LL= -793550.475943 (2.128248). Anneal status: T=0.00, dE=5.85, candidate was rejected
Itr 66, LL= -793548.685271 (2.256532). Anneal status: T=0.00, dE=11.07, candidate was rejected
Itr 67, LL= -793546.720810 (2.475540). Anneal status: T=0.00, dE=5.45, candidate was rejected
Itr 68, LL= -793544.995195 (2.174559). Anneal status: T=0.00, dE=41.01, candidate was rejected
Itr 69, LL= -793543.696164 (1.636997). Anneal status: T=0.00, dE=29.74, candidate was rejected
Itr 70, LL= -793542.506715 (1.498908). Anneal status: T=0.00, dE=5.71, candidate was rejected
Itr 71, LL= -793540.222446 (2.878572). Anneal status: T=0.00, dE=10.33, candidate was rejected
Itr 72, LL= -793537.991071 (2.811925). Anneal status: T=0.00, dE=37.46, candidate was rejected
Itr 73, LL= -793536.515922 (1.858952). Anneal status: T=0.00, dE=9.13, candidate was rejected
Itr 74, LL= -793533.715571 (3.528949). Anneal status: T=0.00, dE=71.34, candidate was rejected
Itr 75, LL= -793532.301033 (1.782581). Anneal status: T=0.00, dE=71.56, candidate was rejected
Itr 76, LL= -793531.511562 (0.994882). Anneal status: T=0.00, dE=34.31, candidate was rejected
Itr 77, LL= -793530.823894 (0.866591). Anneal status: T=0.00, dE=86.17, candidate was rejected
Itr 78, LL= -793529.999709 (1.038630). Anneal status: T=0.00, dE=65.13, candidate was rejected
Itr 79, LL= -793528.722608 (1.609393). Anneal status: T=0.00, dE=12.56, candidate was rejected
Itr 80, LL= -793527.512283 (1.525243). Anneal status: T=0.00, dE=1.79, candidate was rejected
Itr 81, LL= -793526.371218 (1.437966). Anneal status: T=0.00, dE=5.75, candidate was rejected
Itr 82, LL= -793524.874411 (1.886272). Anneal status: T=0.00, dE=3.54, candidate was rejected
Itr 83, LL= -793523.414158 (1.840211). Anneal status: T=0.00, dE=11.05, candidate was rejected
Itr 84, LL= -793522.258227 (1.456708). Anneal status: T=0.00, dE=18.06, candidate was rejected
Itr 85, LL= -793520.053978 (2.777803). Anneal status: T=0.00, dE=3.45, candidate was rejected
Itr 86, LL= -793516.929577 (3.937394). Anneal status: T=0.00, dE=14.31, candidate was rejected
Itr 87, LL= -793515.850025 (1.360465). Anneal status: T=0.00, dE=7.93, candidate was rejected
Itr 88, LL= -793515.042279 (1.017933). Anneal status: T=0.00, dE=25.05, candidate was rejected
Itr 89, LL= -793514.094628 (1.194244). Anneal status: T=0.00, dE=13.52, candidate was rejected
Itr 90, LL= -793513.247230 (1.067906). Anneal status: T=0.00, dE=1.44, candidate was rejected
Itr 91, LL= -793512.689613 (0.702720). Anneal status: T=0.00, dE=30.24, candidate was rejected
Itr 92, LL= -793512.246100 (0.558923). Anneal status: T=0.00, dE=15.49, candidate was rejected
Itr 93, LL= -793511.819168 (0.538029). Anneal status: T=0.00, dE=31.88, candidate was rejected
-- Annealing statistics:
Portion of times candidate was better: 0.000000
Portion of times candidate was chosen by chance: 0.000000
--
EM for 9 states, 54 emission nodes. 10 observed values.
            gibbs: 0
    nGibbsItrPcnt: 0.8000
     annealParams: {}
           maxItr: 500
      convergeEps: 1.0000e-06
           minItr: 5
       parametric: 0
        initprobs: []
      persistBias: 0
          obsVals: []

- Initalized simulated annealing with params:
                     type: 'linear'
    max_chance_accpetance: 0.2000
             min_duration: 5
        min_init_duration: 5
             max_duration: 11
              converge_th: 1.0000e-06

--
Itr 1, LL= -2911500.613427 (Inf). Anneal status: T=NaN, dE=-19.46, collecting statistics
Itr 2, LL= -833217.028587 (Inf). Anneal status: T=NaN, dE=-461.86, collecting statistics
Itr 3, LL= -821155.509406 (Inf). Anneal status: T=NaN, dE=-531.22, collecting statistics
Itr 4, LL= -812565.501698 (10460.878128). Anneal status: T=NaN, dE=-233.65, collecting statistics
Itr 5, LL= -806749.807201 (7157.200847). Anneal status: T=NaN, dE=19.70, collecting statistics
Itr 6, LL= -802361.911107 (5438.980035). Anneal status: T=NaN, dE=-95.06, collecting statistics
Itr 7, LL= -799826.733682 (3159.643285). Anneal status: T=NaN, dE=-53.31, collecting statistics
Itr 8, LL= -798472.220729 (1693.507976). Anneal status: T=NaN, dE=0.59, collecting statistics
Itr 9, LL= -797705.169659 (960.648412). Anneal status: T=NaN, dE=-7.00, collecting statistics
Itr 10, LL= -797218.998407 (609.462331). Anneal status: T=NaN, dE=-10.08, collecting statistics
Itr 11, LL= -796855.996521 (455.335217). Anneal status: T=NaN, dE=2.55, collecting statistics
Itr 12, LL= -796527.136569 (412.696840). Anneal status: T=0.75, dE=2.29, candidate was rejected
Itr 13, LL= -796257.086835 (339.033941). Anneal status: T=0.75, dE=20.54, candidate was rejected
Itr 14, LL= -796058.757371 (249.077173). Anneal status: T=0.75, dE=3.26, candidate was rejected
Itr 15, LL= -795920.473165 (173.711055). Anneal status: T=0.75, dE=12.53, candidate was rejected
Itr 16, LL= -795819.364761 (127.033299). Anneal status: T=0.75, dE=10.64, candidate was rejected
Itr 17, LL= -795746.334506 (91.767376). Anneal status: T=0.68, dE=66.63, candidate was rejected
Itr 18, LL= -795690.429255 (70.255116). Anneal status: T=0.68, dE=11.69, candidate was rejected
Itr 19, LL= -795645.697266 (56.217829). Anneal status: T=0.68, dE=4.57, candidate was rejected
Itr 20, LL= -795611.254388 (43.289216). Anneal status: T=0.68, dE=5.53, candidate was rejected
Itr 21, LL= -795580.480362 (38.679727). Anneal status: T=0.68, dE=13.22, candidate was rejected
Itr 22, LL= -795559.345618 (26.565186). Anneal status: T=0.60, dE=3.84, candidate was rejected
Itr 23, LL= -795543.569141 (19.830672). Anneal status: T=0.60, dE=14.76, candidate was rejected
Itr 24, LL= -795531.057570 (15.727072). Anneal status: T=0.60, dE=6.67, candidate was rejected
Itr 25, LL= -795521.177380 (12.419616). Anneal status: T=0.60, dE=30.19, candidate was rejected
Itr 26, LL= -795508.807617 (15.549256). Anneal status: T=0.60, dE=14.66, candidate was rejected
Itr 27, LL= -795497.701491 (13.961034). Anneal status: T=0.53, dE=16.97, candidate was rejected
Itr 28, LL= -795490.758008 (8.728477). Anneal status: T=0.53, dE=18.45, candidate was rejected
Itr 29, LL= -795484.644130 (7.685668). Anneal status: T=0.53, dE=14.48, candidate was rejected
Itr 30, LL= -795479.911940 (5.948814). Anneal status: T=0.53, dE=14.42, candidate was rejected
Itr 31, LL= -795473.864679 (7.602029). Anneal status: T=0.53, dE=10.23, candidate was rejected
Itr 32, LL= -795464.954285 (11.201366). Anneal status: T=0.45, dE=28.14, candidate was rejected
Itr 33, LL= -795458.973878 (7.518127). Anneal status: T=0.45, dE=14.40, candidate was rejected
Itr 34, LL= -795454.510702 (5.610819). Anneal status: T=0.45, dE=67.32, candidate was rejected
Itr 35, LL= -795449.015405 (6.908373). Anneal status: T=0.45, dE=15.37, candidate was rejected
Itr 36, LL= -795443.188666 (7.325094). Anneal status: T=0.45, dE=23.37, candidate was rejected
Itr 37, LL= -795435.698492 (9.416353). Anneal status: T=0.38, dE=23.89, candidate was rejected
Itr 38, LL= -795423.228935 (15.676387). Anneal status: T=0.38, dE=46.73, candidate was rejected
Itr 39, LL= -795399.605459 (29.699252). Anneal status: T=0.38, dE=14.10, candidate was rejected
Itr 40, LL= -795373.932474 (32.276839). Anneal status: T=0.38, dE=22.22, candidate was rejected
Itr 41, LL= -795335.956962 (47.745482). Anneal status: T=0.38, dE=78.03, candidate was rejected
Itr 42, LL= -795298.097910 (47.601334). Anneal status: T=0.30, dE=5.21, candidate was rejected
Itr 43, LL= -795266.145318 (40.176875). Anneal status: T=0.30, dE=8.84, candidate was rejected
Itr 44, LL= -795234.600774 (39.665392). Anneal status: T=0.30, dE=3.89, candidate was rejected
Itr 45, LL= -795196.857780 (47.461459). Anneal status: T=0.30, dE=4.79, candidate was rejected
Itr 46, LL= -795156.018412 (51.357557). Anneal status: T=0.30, dE=10.92, candidate was rejected
Itr 47, LL= -795112.220281 (55.081179). Anneal status: T=0.23, dE=6.25, candidate was rejected
Itr 48, LL= -795058.218167 (67.917600). Anneal status: T=0.23, dE=48.11, candidate was rejected
Itr 49, LL= -794977.143260 (101.973547). Anneal status: T=0.23, dE=5.57, candidate was rejected
Itr 50, LL= -794899.436888 (97.746674). Anneal status: T=0.23, dE=5.97, candidate was rejected
Itr 51, LL= -794847.922994 (64.805549). Anneal status: T=0.23, dE=9.07, candidate was rejected
Itr 52, LL= -794795.006736 (66.574065). Anneal status: T=0.15, dE=43.47, candidate was rejected
Itr 53, LL= -794755.984202 (49.097608). Anneal status: T=0.15, dE=11.42, candidate was rejected
Itr 54, LL= -794729.179999 (33.726331). Anneal status: T=0.15, dE=8.52, candidate was rejected
Itr 55, LL= -794706.930441 (27.996402). Anneal status: T=0.15, dE=136.21, candidate was rejected
Itr 56, LL= -794688.076295 (23.724654). Anneal status: T=0.15, dE=52.39, candidate was rejected
Itr 57, LL= -794646.112419 (52.805468). Anneal status: T=0.08, dE=18.46, candidate was rejected
Itr 58, LL= -794610.419569 (44.916660). Anneal status: T=0.08, dE=7.43, candidate was rejected
Itr 59, LL= -794590.609828 (24.930130). Anneal status: T=0.08, dE=24.85, candidate was rejected
Itr 60, LL= -794569.761851 (26.237382). Anneal status: T=0.08, dE=17.06, candidate was rejected
Itr 61, LL= -794551.587668 (22.872986). Anneal status: T=0.08, dE=12.91, candidate was rejected
Itr 62, LL= -794539.793568 (14.843719). Anneal status: T=0.00, dE=6.15, candidate was rejected
Itr 63, LL= -794531.464659 (10.482683). Anneal status: T=0.00, dE=11.48, candidate was rejected
Itr 64, LL= -794521.172807 (12.953359). Anneal status: T=0.00, dE=34.12, candidate was rejected
Itr 65, LL= -794502.371142 (23.664145). Anneal status: T=0.00, dE=18.16, candidate was rejected
Itr 66, LL= -794480.651795 (27.337046). Anneal status: T=0.00, dE=32.18, candidate was rejected
Itr 67, LL= -794463.585618 (21.480922). Anneal status: T=0.00, dE=12.21, candidate was rejected
Itr 68, LL= -794446.511723 (21.491099). Anneal status: T=0.00, dE=68.31, candidate was rejected
Itr 69, LL= -794430.016437 (20.763243). Anneal status: T=0.00, dE=53.09, candidate was rejected
Itr 70, LL= -794414.470697 (19.568420). Anneal status: T=0.00, dE=32.65, candidate was rejected
Itr 71, LL= -794401.442380 (16.399899). Anneal status: T=0.00, dE=13.83, candidate was rejected
Itr 72, LL= -794392.182562 (11.656346). Anneal status: T=0.00, dE=23.60, candidate was rejected
Itr 73, LL= -794382.518305 (12.165600). Anneal status: T=0.00, dE=20.50, candidate was rejected
Itr 74, LL= -794374.502424 (10.090706). Anneal status: T=0.00, dE=22.61, candidate was rejected
Itr 75, LL= -794371.452692 (3.839162). Anneal status: T=0.00, dE=12.55, candidate was rejected
Itr 76, LL= -794369.300818 (2.708901). Anneal status: T=0.00, dE=18.70, candidate was rejected
Itr 77, LL= -794367.741833 (1.962545). Anneal status: T=0.00, dE=18.63, candidate was rejected
Itr 78, LL= -794366.576473 (1.467028). Anneal status: T=0.00, dE=21.59, candidate was rejected
Itr 79, LL= -794365.666273 (1.145820). Anneal status: T=0.00, dE=97.55, candidate was rejected
Itr 80, LL= -794364.906855 (0.956006). Anneal status: T=0.00, dE=21.55, candidate was rejected
Itr 81, LL= -794364.210073 (0.877155). Anneal status: T=0.00, dE=3.15, candidate was rejected
Itr 82, LL= -794363.522776 (0.865217). Anneal status: T=0.00, dE=18.83, candidate was rejected
-- Annealing statistics:
Portion of times candidate was better: 0.000000
Portion of times candidate was chosen by chance: 0.000000
--
>> 