My SLURM_ARRAY_TASK_ID:  3

                            < M A T L A B (R) >
                  Copyright 1984-2014 The MathWorks, Inc.
                   R2014b (8.4.0.150421) 64-bit (glnxa64)
                             September 15, 2014

 
For online documentation, see http://www.mathworks.com/support
For product information, visit www.mathworks.com.
 
EM for 3 states, 54 emission nodes. 10 observed values.
            gibbs: 0
    nGibbsItrPcnt: 0.8000
     annealParams: {}
           maxItr: 500
      convergeEps: 1.0000e-06
           minItr: 5
       parametric: 0
        initprobs: []
      persistBias: 0
          obsVals: []

- Initalized simulated annealing with params:
                     type: 'linear'
    max_chance_accpetance: 0.2000
             min_duration: 5
        min_init_duration: 5
             max_duration: 11
              converge_th: 1.0000e-06

--
Itr 1, LL= -2891618.311495 (Inf). Anneal status: T=NaN, dE=853.52, collecting statistics
Itr 2, LL= -836147.596866 (Inf). Anneal status: T=NaN, dE=-278.38, collecting statistics
Itr 3, LL= -829096.560129 (Inf). Anneal status: T=NaN, dE=177.97, collecting statistics
Itr 4, LL= -818045.528741 (13329.004027). Anneal status: T=NaN, dE=-0.82, collecting statistics
Itr 5, LL= -812936.891830 (6244.929813). Anneal status: T=NaN, dE=87.52, collecting statistics
Itr 6, LL= -811627.559632 (1610.619731). Anneal status: T=NaN, dE=-9.48, collecting statistics
Itr 7, LL= -811248.488643 (467.050415). Anneal status: T=41.24, dE=0.44, candidate was chosen by chance
Itr 8, LL= -811123.541500 (154.018336). Anneal status: T=41.24, dE=50.24, candidate was chosen by chance
Itr 9, LL= -810954.038958 (208.972535). Anneal status: T=41.24, dE=0.92, candidate was chosen by chance
Itr 10, LL= -810880.685434 (90.453367). Anneal status: T=41.24, dE=4.34, candidate was chosen by chance
Itr 11, LL= -810902.523272 (-26.931012). Anneal status: T=41.24, dE=80.49, candidate was chosen by chance
Itr 12, LL= -810786.861169 (142.633794). Anneal status: T=37.12, dE=6.79, candidate was rejected
Itr 13, LL= -810753.700421 (40.899464). Anneal status: T=37.12, dE=0.04, candidate was chosen by chance
Itr 14, LL= -810850.287901 (-119.132950). Anneal status: T=37.12, dE=120.74, candidate was chosen by chance
Itr 15, LL= -810720.012877 (160.664708). Anneal status: T=37.12, dE=-1.18, candidate was better
Itr 16, LL= -810700.434751 (24.149059). Anneal status: T=37.12, dE=82.74, candidate was rejected
Itr 17, LL= -810687.232370 (16.285154). Anneal status: T=32.99, dE=136.61, candidate was rejected
Itr 18, LL= -810706.244988 (-23.452471). Anneal status: T=32.99, dE=28.71, candidate was chosen by chance
Itr 19, LL= -810772.577045 (-81.820088). Anneal status: T=32.99, dE=98.89, candidate was chosen by chance
Itr 20, LL= -810673.270014 (122.484448). Anneal status: T=32.99, dE=0.24, candidate was chosen by chance
Itr 21, LL= -810665.472896 (9.618076). Anneal status: T=32.99, dE=48.09, candidate was rejected
Itr 22, LL= -810659.970043 (6.788069). Anneal status: T=28.87, dE=19.27, candidate was rejected
Itr 23, LL= -810655.729505 (5.230971). Anneal status: T=28.87, dE=11.56, candidate was rejected
Itr 24, LL= -810654.060929 (2.058303). Anneal status: T=28.87, dE=1.65, candidate was chosen by chance
Itr 25, LL= -810650.024496 (4.979230). Anneal status: T=28.87, dE=90.22, candidate was rejected
Itr 26, LL= -810647.490349 (3.126067). Anneal status: T=28.87, dE=2.44, candidate was rejected
Itr 27, LL= -810644.363661 (3.857026). Anneal status: T=24.74, dE=25.85, candidate was rejected
Itr 28, LL= -810641.570445 (3.445673). Anneal status: T=24.74, dE=63.73, candidate was rejected
Itr 29, LL= -810639.811528 (2.169784). Anneal status: T=24.74, dE=105.97, candidate was rejected
Itr 30, LL= -810640.452126 (-0.790237). Anneal status: T=24.74, dE=1.90, candidate was chosen by chance
Itr 31, LL= -810643.264742 (-3.469622). Anneal status: T=24.74, dE=5.05, candidate was chosen by chance
Itr 32, LL= -810637.849051 (6.680734). Anneal status: T=20.62, dE=158.75, candidate was rejected
Itr 33, LL= -810639.385926 (-1.895885). Anneal status: T=20.62, dE=2.75, candidate was chosen by chance
Itr 34, LL= -810637.198172 (2.698801). Anneal status: T=20.62, dE=2.17, candidate was rejected
Itr 35, LL= -810636.326544 (1.075238). Anneal status: T=20.62, dE=42.20, candidate was rejected
Itr 36, LL= -810635.770738 (0.685642). Anneal status: T=20.62, dE=11.07, candidate was rejected
Itr 37, LL= -810635.355367 (0.512401). Anneal status: T=16.50, dE=176.15, candidate was rejected
Itr 38, LL= -810637.035552 (-2.072677). Anneal status: T=16.50, dE=2.01, candidate was chosen by chance
Itr 39, LL= -810634.554390 (3.060757). Anneal status: T=16.50, dE=11.01, candidate was rejected
Itr 40, LL= -810634.320745 (0.288224). Anneal status: T=16.50, dE=0.98, candidate was rejected
Itr 41, LL= -810634.192616 (0.158060). Anneal status: T=16.50, dE=111.09, candidate was rejected
Itr 42, LL= -810634.180969 (0.014368). Anneal status: T=12.37, dE=0.10, candidate was chosen by chance
-- Annealing statistics:
Portion of times candidate was better: 0.023810
Portion of times candidate was chosen by chance: 0.380952
--
EM for 3 states, 54 emission nodes. 10 observed values.
            gibbs: 0
    nGibbsItrPcnt: 0.8000
     annealParams: {}
           maxItr: 500
      convergeEps: 1.0000e-06
           minItr: 5
       parametric: 0
        initprobs: []
      persistBias: 0
          obsVals: []

- Initalized simulated annealing with params:
                     type: 'linear'
    max_chance_accpetance: 0.2000
             min_duration: 5
        min_init_duration: 5
             max_duration: 11
              converge_th: 1.0000e-06

--
Itr 1, LL= -2882303.298504 (Inf). Anneal status: T=NaN, dE=-64.58, collecting statistics
Itr 2, LL= -836989.556788 (Inf). Anneal status: T=NaN, dE=20.84, collecting statistics
Itr 3, LL= -833069.346272 (Inf). Anneal status: T=NaN, dE=202.51, collecting statistics
Itr 4, LL= -825831.929792 (8687.651889). Anneal status: T=NaN, dE=63.48, collecting statistics
Itr 5, LL= -820656.354628 (6267.104695). Anneal status: T=NaN, dE=-307.44, collecting statistics
Itr 6, LL= -816237.265153 (5384.823319). Anneal status: T=NaN, dE=-36.37, collecting statistics
Itr 7, LL= -813145.871673 (3787.371163). Anneal status: T=10.31, dE=311.88, candidate was rejected
Itr 8, LL= -811734.368238 (1735.855132). Anneal status: T=10.31, dE=-4.30, candidate was better
Itr 9, LL= -811231.287182 (619.760695). Anneal status: T=10.31, dE=51.32, candidate was rejected
Itr 10, LL= -811022.157393 (257.793052). Anneal status: T=10.31, dE=127.04, candidate was rejected
Itr 11, LL= -810918.707181 (127.555345). Anneal status: T=10.31, dE=5.58, candidate was chosen by chance
Itr 12, LL= -810849.388351 (85.481848). Anneal status: T=9.28, dE=0.78, candidate was chosen by chance
Itr 13, LL= -810798.521529 (62.732763). Anneal status: T=9.28, dE=21.83, candidate was rejected
Itr 14, LL= -810758.364321 (49.527974). Anneal status: T=9.28, dE=111.46, candidate was rejected
Itr 15, LL= -810727.214438 (38.420674). Anneal status: T=9.28, dE=29.58, candidate was rejected
Itr 16, LL= -810704.408428 (28.130313). Anneal status: T=9.28, dE=137.74, candidate was rejected
Itr 17, LL= -810688.276146 (19.899093). Anneal status: T=8.25, dE=154.87, candidate was rejected
Itr 18, LL= -810676.915430 (14.013668). Anneal status: T=8.25, dE=0.47, candidate was chosen by chance
Itr 19, LL= -810668.549403 (10.319804). Anneal status: T=8.25, dE=162.47, candidate was rejected
Itr 20, LL= -810671.015535 (-3.042097). Anneal status: T=8.25, dE=9.03, candidate was chosen by chance
Itr 21, LL= -810662.725681 (10.225916). Anneal status: T=8.25, dE=4.81, candidate was chosen by chance
Itr 22, LL= -810652.954312 (12.053556). Anneal status: T=7.22, dE=221.71, candidate was rejected
Itr 23, LL= -810649.218692 (4.608163). Anneal status: T=7.22, dE=0.58, candidate was chosen by chance
Itr 24, LL= -810646.832926 (2.943031). Anneal status: T=7.22, dE=79.21, candidate was rejected
Itr 25, LL= -810646.297920 (0.659974). Anneal status: T=7.22, dE=0.74, candidate was chosen by chance
Itr 26, LL= -810645.089591 (1.490575). Anneal status: T=7.22, dE=5.49, candidate was rejected
Itr 27, LL= -810644.968017 (0.149972). Anneal status: T=6.19, dE=0.71, candidate was chosen by chance
Itr 28, LL= -810645.041426 (-0.090556). Anneal status: T=6.19, dE=1.39, candidate was chosen by chance
Itr 29, LL= -810644.198787 (1.039467). Anneal status: T=6.19, dE=1.30, candidate was chosen by chance
Itr 30, LL= -810641.598056 (3.208227). Anneal status: T=6.19, dE=133.79, candidate was rejected
Itr 31, LL= -810643.231792 (-2.015362). Anneal status: T=6.19, dE=2.66, candidate was chosen by chance
Itr 32, LL= -810639.050874 (5.157531). Anneal status: T=5.16, dE=250.54, candidate was rejected
Itr 33, LL= -810639.557477 (-0.624942). Anneal status: T=5.16, dE=0.87, candidate was chosen by chance
Itr 34, LL= -810643.217679 (-4.515203). Anneal status: T=5.16, dE=4.78, candidate was chosen by chance
Itr 35, LL= -810638.962570 (5.249053). Anneal status: T=5.16, dE=0.69, candidate was chosen by chance
Itr 36, LL= -810655.034779 (-19.826593). Anneal status: T=5.16, dE=17.28, candidate was chosen by chance
Itr 37, LL= -810641.734942 (16.406284). Anneal status: T=4.13, dE=126.83, candidate was rejected
Itr 38, LL= -810639.343744 (2.949758). Anneal status: T=4.13, dE=69.70, candidate was rejected
Itr 39, LL= -810638.615174 (0.898761). Anneal status: T=4.13, dE=140.51, candidate was rejected
Itr 40, LL= -810638.329544 (0.352352). Anneal status: T=4.13, dE=1.71, candidate was rejected
Itr 41, LL= -810638.195044 (0.165918). Anneal status: T=4.13, dE=82.49, candidate was rejected
-- Annealing statistics:
Portion of times candidate was better: 0.024390
Portion of times candidate was chosen by chance: 0.365854
--
EM for 3 states, 54 emission nodes. 10 observed values.
            gibbs: 0
    nGibbsItrPcnt: 0.8000
     annealParams: {}
           maxItr: 500
      convergeEps: 1.0000e-06
           minItr: 5
       parametric: 0
        initprobs: []
      persistBias: 0
          obsVals: []

- Initalized simulated annealing with params:
                     type: 'linear'
    max_chance_accpetance: 0.2000
             min_duration: 5
        min_init_duration: 5
             max_duration: 11
              converge_th: 1.0000e-06

--
Itr 1, LL= -2905894.320229 (Inf). Anneal status: T=NaN, dE=1944.03, collecting statistics
Itr 2, LL= -838126.160449 (Inf). Anneal status: T=NaN, dE=-19.74, collecting statistics
Itr 3, LL= -836833.342045 (Inf). Anneal status: T=NaN, dE=-18.36, collecting statistics
Itr 4, LL= -833353.513780 (4158.328894). Anneal status: T=NaN, dE=124.17, collecting statistics
Itr 5, LL= -825219.474047 (9760.611311). Anneal status: T=NaN, dE=-38.17, collecting statistics
Itr 6, LL= -820026.303634 (6293.077873). Anneal status: T=NaN, dE=18.32, collecting statistics
Itr 7, LL= -817525.136565 (3050.105903). Anneal status: T=NaN, dE=-250.83, collecting statistics
Itr 8, LL= -815720.964067 (2206.870978). Anneal status: T=NaN, dE=-32.23, collecting statistics
Itr 9, LL= -814631.396254 (1335.711428). Anneal status: T=52.74, dE=215.33, candidate was rejected
Itr 10, LL= -814101.956394 (649.913398). Anneal status: T=52.74, dE=72.18, candidate was rejected
Itr 11, LL= -813788.115049 (385.506193). Anneal status: T=52.74, dE=179.46, candidate was rejected
Itr 12, LL= -813551.037004 (291.326502). Anneal status: T=52.74, dE=38.55, candidate was chosen by chance
Itr 13, LL= -813220.559716 (406.215803). Anneal status: T=52.74, dE=157.93, candidate was rejected
Itr 14, LL= -812907.223272 (385.303151). Anneal status: T=47.46, dE=90.52, candidate was rejected
Itr 15, LL= -812650.049857 (316.362566). Anneal status: T=47.46, dE=194.75, candidate was rejected
Itr 16, LL= -812469.017393 (222.768046). Anneal status: T=47.46, dE=272.55, candidate was rejected
Itr 17, LL= -812346.798253 (150.429294). Anneal status: T=47.46, dE=99.87, candidate was rejected
Itr 18, LL= -812259.594013 (107.348537). Anneal status: T=47.46, dE=67.72, candidate was rejected
Itr 19, LL= -812226.840690 (40.323713). Anneal status: T=42.19, dE=17.74, candidate was chosen by chance
Itr 20, LL= -812166.904686 (73.792198). Anneal status: T=42.19, dE=159.95, candidate was rejected
Itr 21, LL= -812136.771851 (37.101777). Anneal status: T=42.19, dE=111.10, candidate was rejected
Itr 22, LL= -812114.887462 (26.946679). Anneal status: T=42.19, dE=14.49, candidate was rejected
Itr 23, LL= -812122.262259 (-9.080977). Anneal status: T=42.19, dE=25.61, candidate was chosen by chance
Itr 24, LL= -812078.651164 (53.700158). Anneal status: T=36.92, dE=-0.07, candidate was better
Itr 25, LL= -812062.635515 (19.721796). Anneal status: T=36.92, dE=0.34, candidate was chosen by chance
Itr 26, LL= -812046.947016 (19.319321). Anneal status: T=36.92, dE=170.53, candidate was rejected
Itr 27, LL= -812034.468507 (15.366734). Anneal status: T=36.92, dE=132.27, candidate was rejected
Itr 28, LL= -812026.603064 (9.686095). Anneal status: T=36.92, dE=2.83, candidate was chosen by chance
Itr 29, LL= -812015.875196 (13.211227). Anneal status: T=31.64, dE=0.99, candidate was chosen by chance
Itr 30, LL= -812005.377656 (12.927753). Anneal status: T=31.64, dE=8.00, candidate was rejected
Itr 31, LL= -811999.249991 (7.546335). Anneal status: T=31.64, dE=2.26, candidate was chosen by chance
Itr 32, LL= -811986.886255 (15.226290). Anneal status: T=31.64, dE=0.04, candidate was chosen by chance
Itr 33, LL= -811977.160996 (11.977114). Anneal status: T=31.64, dE=231.08, candidate was rejected
Itr 34, LL= -811971.203607 (7.336893). Anneal status: T=26.37, dE=0.09, candidate was chosen by chance
Itr 35, LL= -811965.687001 (6.794090). Anneal status: T=26.37, dE=186.46, candidate was rejected
Itr 36, LL= -811964.679570 (1.240731). Anneal status: T=26.37, dE=4.25, candidate was chosen by chance
Itr 37, LL= -811954.941460 (11.993267). Anneal status: T=26.37, dE=8.27, candidate was rejected
Itr 38, LL= -811950.136772 (5.917432). Anneal status: T=26.37, dE=3.29, candidate was chosen by chance
Itr 39, LL= -811945.811246 (5.327329). Anneal status: T=21.09, dE=4.79, candidate was chosen by chance
Itr 40, LL= -811935.861462 (12.254246). Anneal status: T=21.09, dE=172.53, candidate was rejected
Itr 41, LL= -811932.262847 (4.432143). Anneal status: T=21.09, dE=1.36, candidate was chosen by chance
Itr 42, LL= -811926.552315 (7.033261). Anneal status: T=21.09, dE=211.82, candidate was rejected
Itr 43, LL= -811923.307216 (3.996790). Anneal status: T=21.09, dE=18.54, candidate was rejected
Itr 44, LL= -811923.205235 (0.125604). Anneal status: T=15.82, dE=2.74, candidate was chosen by chance
Itr 45, LL= -811920.156548 (3.754896). Anneal status: T=15.82, dE=1.47, candidate was chosen by chance
Itr 46, LL= -811917.315419 (3.499272). Anneal status: T=15.82, dE=1.83, candidate was chosen by chance
Itr 47, LL= -811925.746885 (-10.384636). Anneal status: T=15.82, dE=13.25, candidate was chosen by chance
Itr 48, LL= -811912.878321 (15.849435). Anneal status: T=15.82, dE=0.72, candidate was chosen by chance
Itr 49, LL= -811909.202204 (4.527723). Anneal status: T=10.55, dE=0.13, candidate was chosen by chance
Itr 50, LL= -811905.930832 (4.029235). Anneal status: T=10.55, dE=84.36, candidate was rejected
Itr 51, LL= -811903.927777 (2.467102). Anneal status: T=10.55, dE=1.93, candidate was chosen by chance
Itr 52, LL= -811898.315025 (6.913074). Anneal status: T=10.55, dE=80.39, candidate was rejected
Itr 53, LL= -811899.350241 (-1.275056). Anneal status: T=10.55, dE=4.08, candidate was chosen by chance
Itr 54, LL= -811892.755731 (8.122324). Anneal status: T=5.27, dE=43.02, candidate was rejected
Itr 55, LL= -811889.171061 (4.415201). Anneal status: T=5.27, dE=0.69, candidate was chosen by chance
Itr 56, LL= -811890.287883 (-1.375584). Anneal status: T=5.27, dE=4.99, candidate was chosen by chance
Itr 57, LL= -811882.828978 (9.187085). Anneal status: T=5.27, dE=42.24, candidate was rejected
Itr 58, LL= -811880.995923 (2.257783). Anneal status: T=5.27, dE=2.52, candidate was chosen by chance
Itr 59, LL= -811875.440858 (6.842215). Anneal status: T=0.00, dE=73.28, candidate was rejected
Itr 60, LL= -811871.256598 (5.153820). Anneal status: T=0.00, dE=138.16, candidate was rejected
Itr 61, LL= -811867.300189 (4.873197). Anneal status: T=0.00, dE=11.31, candidate was rejected
Itr 62, LL= -811863.280030 (4.951744). Anneal status: T=0.00, dE=33.33, candidate was rejected
Itr 63, LL= -811859.098992 (5.149929). Anneal status: T=0.00, dE=6.08, candidate was rejected
Itr 64, LL= -811854.727689 (5.384312). Anneal status: T=0.00, dE=2.57, candidate was rejected
Itr 65, LL= -811850.161402 (5.624512). Anneal status: T=0.00, dE=0.39, candidate was rejected
Itr 66, LL= -811845.405847 (5.857676). Anneal status: T=0.00, dE=0.27, candidate was rejected
Itr 67, LL= -811840.469163 (6.080817). Anneal status: T=0.00, dE=2.00, candidate was rejected
Itr 68, LL= -811835.206017 (6.482981). Anneal status: T=0.00, dE=2.34, candidate was rejected
Itr 69, LL= -811825.366472 (12.120127). Anneal status: T=0.00, dE=-0.00, candidate was better
Itr 70, LL= -811813.356718 (14.793518). Anneal status: T=0.00, dE=14.05, candidate was rejected
Itr 71, LL= -811805.316475 (9.904054). Anneal status: T=0.00, dE=1.47, candidate was rejected
Itr 72, LL= -811797.626010 (9.473288). Anneal status: T=0.00, dE=2.03, candidate was rejected
Itr 73, LL= -811789.649066 (9.826271). Anneal status: T=0.00, dE=31.84, candidate was rejected
Itr 74, LL= -811781.208427 (10.397569). Anneal status: T=0.00, dE=2.33, candidate was rejected
Itr 75, LL= -811772.119281 (11.196546). Anneal status: T=0.00, dE=1.34, candidate was rejected
Itr 76, LL= -811762.086048 (12.359667). Anneal status: T=0.00, dE=2.44, candidate was rejected
Itr 77, LL= -811750.821586 (13.876556). Anneal status: T=0.00, dE=143.85, candidate was rejected
Itr 78, LL= -811738.348485 (15.365677). Anneal status: T=0.00, dE=0.39, candidate was rejected
Itr 79, LL= -811724.558476 (16.988244). Anneal status: T=0.00, dE=3.74, candidate was rejected
Itr 80, LL= -811708.923958 (19.260865). Anneal status: T=0.00, dE=1.71, candidate was rejected
Itr 81, LL= -811690.800571 (22.327447). Anneal status: T=0.00, dE=58.41, candidate was rejected
Itr 82, LL= -811669.429019 (26.329671). Anneal status: T=0.00, dE=4.84, candidate was rejected
Itr 83, LL= -811643.864924 (31.495697). Anneal status: T=0.00, dE=0.48, candidate was rejected
Itr 84, LL= -811612.463470 (38.688711). Anneal status: T=0.00, dE=82.76, candidate was rejected
Itr 85, LL= -811569.935217 (52.399704). Anneal status: T=0.00, dE=15.55, candidate was rejected
Itr 86, LL= -811519.835242 (61.732172). Anneal status: T=0.00, dE=182.00, candidate was rejected
Itr 87, LL= -811466.547603 (65.664000). Anneal status: T=0.00, dE=13.27, candidate was rejected
Itr 88, LL= -811409.128901 (70.759173). Anneal status: T=0.00, dE=0.44, candidate was rejected
Itr 89, LL= -811348.438922 (74.795780). Anneal status: T=0.00, dE=44.63, candidate was rejected
Itr 90, LL= -811286.903600 (75.843274). Anneal status: T=0.00, dE=61.73, candidate was rejected
Itr 91, LL= -811235.267702 (63.646902). Anneal status: T=0.00, dE=26.01, candidate was rejected
Itr 92, LL= -811190.830557 (54.777137). Anneal status: T=0.00, dE=2.43, candidate was rejected
Itr 93, LL= -811153.145432 (46.456547). Anneal status: T=0.00, dE=2.10, candidate was rejected
Itr 94, LL= -811122.003434 (38.392254). Anneal status: T=0.00, dE=0.62, candidate was rejected
Itr 95, LL= -811096.944659 (30.893966). Anneal status: T=0.00, dE=0.59, candidate was rejected
Itr 96, LL= -811077.014484 (24.571878). Anneal status: T=0.00, dE=45.09, candidate was rejected
Itr 97, LL= -811061.199795 (19.498382). Anneal status: T=0.00, dE=3.20, candidate was rejected
Itr 98, LL= -811048.786755 (15.304689). Anneal status: T=0.00, dE=0.28, candidate was rejected
Itr 99, LL= -811039.036288 (12.022048). Anneal status: T=0.00, dE=0.88, candidate was rejected
Itr 100, LL= -811031.284135 (9.558299). Anneal status: T=0.00, dE=76.90, candidate was rejected
Itr 101, LL= -811025.109321 (7.613533). Anneal status: T=0.00, dE=0.54, candidate was rejected
Itr 102, LL= -811020.270085 (5.966815). Anneal status: T=0.00, dE=1.27, candidate was rejected
Itr 103, LL= -811016.292930 (4.903891). Anneal status: T=0.00, dE=4.54, candidate was rejected
Itr 104, LL= -811006.171406 (12.480050). Anneal status: T=0.00, dE=116.96, candidate was rejected
Itr 105, LL= -811000.688799 (6.760252). Anneal status: T=0.00, dE=0.24, candidate was rejected
Itr 106, LL= -810994.524669 (7.600647). Anneal status: T=0.00, dE=0.51, candidate was rejected
Itr 107, LL= -810990.557757 (4.891417). Anneal status: T=0.00, dE=38.81, candidate was rejected
Itr 108, LL= -810988.931921 (2.004753). Anneal status: T=0.00, dE=0.92, candidate was rejected
Itr 109, LL= -810987.659258 (1.569273). Anneal status: T=0.00, dE=0.72, candidate was rejected
Itr 110, LL= -810986.647003 (1.248176). Anneal status: T=0.00, dE=1.86, candidate was rejected
Itr 111, LL= -810985.841803 (0.992864). Anneal status: T=0.00, dE=206.83, candidate was rejected
Itr 112, LL= -810985.199636 (0.791835). Anneal status: T=0.00, dE=2.65, candidate was rejected
Itr 113, LL= -810984.684918 (0.634683). Anneal status: T=0.00, dE=87.34, candidate was rejected
-- Annealing statistics:
Portion of times candidate was better: 0.017699
Portion of times candidate was chosen by chance: 0.212389
--
EM for 3 states, 54 emission nodes. 10 observed values.
            gibbs: 0
    nGibbsItrPcnt: 0.8000
     annealParams: {}
           maxItr: 500
      convergeEps: 1.0000e-06
           minItr: 5
       parametric: 0
        initprobs: []
      persistBias: 0
          obsVals: []

- Initalized simulated annealing with params:
                     type: 'linear'
    max_chance_accpetance: 0.2000
             min_duration: 5
        min_init_duration: 5
             max_duration: 11
              converge_th: 1.0000e-06

--
Itr 1, LL= -2864272.180632 (Inf). Anneal status: T=NaN, dE=480.16, collecting statistics
Itr 2, LL= -837174.212760 (Inf). Anneal status: T=NaN, dE=0.65, collecting statistics
Itr 3, LL= -836422.404899 (Inf). Anneal status: T=NaN, dE=5.45, collecting statistics
Itr 4, LL= -834240.428147 (2608.701942). Anneal status: T=NaN, dE=-89.04, collecting statistics
Itr 5, LL= -826289.438485 (9530.813174). Anneal status: T=NaN, dE=-119.41, collecting statistics
Itr 6, LL= -816845.596185 (11429.218213). Anneal status: T=NaN, dE=-437.31, collecting statistics
Itr 7, LL= -812238.925791 (5639.585272). Anneal status: T=61.12, dE=388.03, candidate was rejected
Itr 8, LL= -811100.046264 (1402.148421). Anneal status: T=61.12, dE=12.99, candidate was chosen by chance
Itr 9, LL= -810776.639655 (398.725916). Anneal status: T=61.12, dE=63.19, candidate was chosen by chance
Itr 10, LL= -810674.670389 (125.767395). Anneal status: T=61.12, dE=110.83, candidate was chosen by chance
Itr 11, LL= -810493.622227 (223.330233). Anneal status: T=61.12, dE=193.68, candidate was rejected
Itr 12, LL= -810457.720427 (44.296215). Anneal status: T=55.01, dE=6.69, candidate was chosen by chance
Itr 13, LL= -810459.443406 (-2.125933). Anneal status: T=55.01, dE=31.99, candidate was chosen by chance
Itr 14, LL= -810419.981165 (48.691198). Anneal status: T=55.01, dE=1.58, candidate was chosen by chance
Itr 15, LL= -810412.124699 (9.694314). Anneal status: T=55.01, dE=10.40, candidate was chosen by chance
Itr 16, LL= -810394.061158 (22.289327). Anneal status: T=55.01, dE=0.65, candidate was chosen by chance
Itr 17, LL= -810388.438838 (6.937761). Anneal status: T=48.90, dE=1.10, candidate was chosen by chance
Itr 18, LL= -810383.357316 (6.270476). Anneal status: T=48.90, dE=82.42, candidate was rejected
Itr 19, LL= -810410.748399 (-33.800155). Anneal status: T=48.90, dE=30.87, candidate was chosen by chance
Itr 20, LL= -810396.592768 (17.467230). Anneal status: T=48.90, dE=17.25, candidate was chosen by chance
Itr 21, LL= -810376.601487 (24.668516). Anneal status: T=48.90, dE=0.64, candidate was chosen by chance
Itr 22, LL= -810374.353125 (2.774466). Anneal status: T=42.78, dE=15.10, candidate was rejected
Itr 23, LL= -810374.308392 (0.055200). Anneal status: T=42.78, dE=0.61, candidate was chosen by chance
Itr 24, LL= -810373.614519 (0.856237). Anneal status: T=42.78, dE=132.76, candidate was rejected
Itr 25, LL= -810373.303580 (0.383699). Anneal status: T=42.78, dE=102.36, candidate was rejected
-- Annealing statistics:
Portion of times candidate was better: 0.000000
Portion of times candidate was chosen by chance: 0.520000
--
>> 