My SLURM_ARRAY_TASK_ID:  3

                            < M A T L A B (R) >
                  Copyright 1984-2014 The MathWorks, Inc.
                   R2014b (8.4.0.150421) 64-bit (glnxa64)
                             September 15, 2014

 
For online documentation, see http://www.mathworks.com/support
For product information, visit www.mathworks.com.
 
EM for 3 states, 54 emission nodes. 10 observed values.
            gibbs: 0
    nGibbsItrPcnt: 0.8000
     annealParams: {}
           maxItr: 500
      convergeEps: 1.0000e-06
           minItr: 5
       parametric: 0
        initprobs: []
      persistBias: 0
          obsVals: []

- Initalized simulated annealing with params:
                     type: 'linear'
    max_chance_accpetance: 0.2000
             min_duration: 5
        min_init_duration: 5
             max_duration: 11
              converge_th: 1.0000e-06

--
Itr 1, LL= -2829713.173861 (Inf). Anneal status: T=NaN, dE=269.78, collecting statistics
Itr 2, LL= -832605.350760 (Inf). Anneal status: T=NaN, dE=-42.86, collecting statistics
Itr 3, LL= -828856.532869 (Inf). Anneal status: T=NaN, dE=-106.09, collecting statistics
Itr 4, LL= -822515.221900 (7650.673811). Anneal status: T=NaN, dE=127.40, collecting statistics
Itr 5, LL= -818039.568241 (5441.423501). Anneal status: T=NaN, dE=-6.71, collecting statistics
Itr 6, LL= -814658.861777 (4132.693081). Anneal status: T=NaN, dE=-33.09, collecting statistics
Itr 7, LL= -811558.339454 (3805.914928). Anneal status: T=NaN, dE=25.41, collecting statistics
Itr 8, LL= -809392.742873 (2668.442275). Anneal status: T=23.74, dE=17.84, candidate was rejected
Itr 9, LL= -808134.930475 (1554.019861). Anneal status: T=23.74, dE=-34.28, candidate was better
Itr 10, LL= -807413.751057 (892.399761). Anneal status: T=23.74, dE=-12.57, candidate was better
Itr 11, LL= -807050.254910 (450.198113). Anneal status: T=23.74, dE=2.58, candidate was chosen by chance
Itr 12, LL= -806811.447656 (295.901343). Anneal status: T=23.74, dE=107.37, candidate was rejected
Itr 13, LL= -806642.423469 (209.496515). Anneal status: T=21.36, dE=29.84, candidate was rejected
Itr 14, LL= -806520.234814 (151.478092). Anneal status: T=14.58, dE=-0.33, candidate was better
Itr 15, LL= -806420.549181 (123.599668). Anneal status: T=14.58, dE=1.48, candidate was chosen by chance
Itr 16, LL= -806334.737570 (106.410496). Anneal status: T=14.58, dE=0.90, candidate was chosen by chance
Itr 17, LL= -806262.869895 (89.128835). Anneal status: T=14.58, dE=162.19, candidate was rejected
Itr 18, LL= -806204.512908 (72.379604). Anneal status: T=14.58, dE=2.06, candidate was chosen by chance
Itr 19, LL= -806148.779119 (69.131080). Anneal status: T=13.12, dE=51.87, candidate was rejected
Itr 20, LL= -806102.668307 (57.198885). Anneal status: T=11.30, dE=2.15, candidate was chosen by chance
Itr 21, LL= -806059.908130 (53.045572). Anneal status: T=11.30, dE=301.72, candidate was rejected
Itr 22, LL= -806030.265682 (36.774497). Anneal status: T=11.30, dE=135.88, candidate was rejected
Itr 23, LL= -806010.122001 (24.991222). Anneal status: T=11.30, dE=32.62, candidate was rejected
Itr 24, LL= -805999.272691 (13.460513). Anneal status: T=11.30, dE=3.75, candidate was chosen by chance
Itr 25, LL= -805988.418843 (13.466325). Anneal status: T=10.17, dE=3.95, candidate was chosen by chance
Itr 26, LL= -805979.066692 (11.603332). Anneal status: T=10.17, dE=3.02, candidate was chosen by chance
Itr 27, LL= -805969.745581 (11.564954). Anneal status: T=10.17, dE=21.88, candidate was rejected
Itr 28, LL= -805964.589542 (6.397311). Anneal status: T=10.17, dE=7.63, candidate was rejected
Itr 29, LL= -805960.821977 (4.674603). Anneal status: T=10.17, dE=29.60, candidate was rejected
Itr 30, LL= -805962.099312 (-1.584859). Anneal status: T=9.04, dE=4.08, candidate was chosen by chance
Itr 31, LL= -805969.909333 (-9.690308). Anneal status: T=9.04, dE=13.56, candidate was chosen by chance
Itr 32, LL= -805961.145354 (10.873829). Anneal status: T=9.04, dE=3.54, candidate was chosen by chance
Itr 33, LL= -805953.555202 (9.417516). Anneal status: T=9.04, dE=9.03, candidate was rejected
Itr 34, LL= -805950.848277 (3.358661). Anneal status: T=9.04, dE=302.67, candidate was rejected
Itr 35, LL= -805948.742132 (2.613243). Anneal status: T=7.91, dE=4.17, candidate was rejected
Itr 36, LL= -805947.213189 (1.897073). Anneal status: T=7.91, dE=174.90, candidate was rejected
Itr 37, LL= -805948.755114 (-1.913184). Anneal status: T=7.91, dE=2.83, candidate was chosen by chance
Itr 38, LL= -805945.107351 (4.526048). Anneal status: T=7.91, dE=8.52, candidate was rejected
Itr 39, LL= -805944.508344 (0.743236). Anneal status: T=7.91, dE=1.98, candidate was chosen by chance
Itr 40, LL= -805941.398626 (3.858476). Anneal status: T=6.78, dE=2.34, candidate was chosen by chance
Itr 41, LL= -805937.375838 (4.991416). Anneal status: T=6.78, dE=1.82, candidate was rejected
Itr 42, LL= -805936.835298 (0.670697). Anneal status: T=6.78, dE=4.37, candidate was rejected
Itr 43, LL= -805936.535104 (0.372478). Anneal status: T=6.78, dE=3.39, candidate was rejected
Itr 44, LL= -805944.830032 (-10.292284). Anneal status: T=6.78, dE=8.52, candidate was chosen by chance
Itr 45, LL= -805941.213430 (4.487406). Anneal status: T=5.65, dE=3.33, candidate was chosen by chance
Itr 46, LL= -805941.518587 (-0.378634). Anneal status: T=5.65, dE=4.23, candidate was chosen by chance
Itr 47, LL= -805937.236159 (5.313572). Anneal status: T=5.65, dE=3.50, candidate was rejected
Itr 48, LL= -805940.250916 (-3.740685). Anneal status: T=5.65, dE=3.67, candidate was chosen by chance
Itr 49, LL= -805939.873360 (0.468466). Anneal status: T=5.65, dE=3.59, candidate was chosen by chance
Itr 50, LL= -805940.739221 (-1.074350). Anneal status: T=4.52, dE=4.31, candidate was chosen by chance
Itr 51, LL= -805936.358927 (5.435008). Anneal status: T=4.52, dE=2.85, candidate was rejected
Itr 52, LL= -805936.060724 (0.370008). Anneal status: T=4.52, dE=22.51, candidate was rejected
Itr 53, LL= -805935.934622 (0.156467). Anneal status: T=4.52, dE=129.71, candidate was rejected
Itr 54, LL= -805935.673918 (0.323480). Anneal status: T=4.52, dE=181.98, candidate was rejected
-- Annealing statistics:
Portion of times candidate was better: 0.055556
Portion of times candidate was chosen by chance: 0.370370
--
EM for 3 states, 54 emission nodes. 10 observed values.
            gibbs: 0
    nGibbsItrPcnt: 0.8000
     annealParams: {}
           maxItr: 500
      convergeEps: 1.0000e-06
           minItr: 5
       parametric: 0
        initprobs: []
      persistBias: 0
          obsVals: []

- Initalized simulated annealing with params:
                     type: 'linear'
    max_chance_accpetance: 0.2000
             min_duration: 5
        min_init_duration: 5
             max_duration: 11
              converge_th: 1.0000e-06

--
Itr 1, LL= -2873329.639184 (Inf). Anneal status: T=NaN, dE=81.45, collecting statistics
Itr 2, LL= -831156.140683 (Inf). Anneal status: T=NaN, dE=24.23, collecting statistics
Itr 3, LL= -821960.739163 (Inf). Anneal status: T=NaN, dE=-200.42, collecting statistics
Itr 4, LL= -815275.556168 (8133.214491). Anneal status: T=NaN, dE=4.18, collecting statistics
Itr 5, LL= -812410.733900 (3513.931268). Anneal status: T=16.42, dE=282.50, candidate was rejected
Itr 6, LL= -809531.909104 (3543.558296). Anneal status: T=16.42, dE=382.71, candidate was rejected
Itr 7, LL= -807948.264038 (1956.247862). Anneal status: T=16.42, dE=189.91, candidate was rejected
Itr 8, LL= -807438.499992 (630.936494). Anneal status: T=16.42, dE=1.06, candidate was chosen by chance
Itr 9, LL= -807258.841026 (222.504831). Anneal status: T=16.42, dE=1.67, candidate was chosen by chance
Itr 10, LL= -807153.468883 (130.530801). Anneal status: T=14.77, dE=0.51, candidate was chosen by chance
Itr 11, LL= -807084.571595 (85.358350). Anneal status: T=14.77, dE=4.05, candidate was chosen by chance
Itr 12, LL= -807024.787492 (74.074149). Anneal status: T=14.77, dE=1.81, candidate was chosen by chance
Itr 13, LL= -806970.791602 (66.907350). Anneal status: T=14.77, dE=109.97, candidate was rejected
Itr 14, LL= -806924.930342 (56.831376). Anneal status: T=14.77, dE=241.08, candidate was rejected
Itr 15, LL= -806884.083248 (50.620686). Anneal status: T=13.13, dE=5.56, candidate was chosen by chance
Itr 16, LL= -806832.972082 (63.343877). Anneal status: T=13.13, dE=91.90, candidate was rejected
Itr 17, LL= -806782.685693 (62.325649). Anneal status: T=13.13, dE=27.86, candidate was rejected
Itr 18, LL= -806736.659894 (57.048571). Anneal status: T=13.13, dE=1.17, candidate was chosen by chance
Itr 19, LL= -806693.994598 (52.886274). Anneal status: T=13.13, dE=0.50, candidate was chosen by chance
Itr 20, LL= -806654.418391 (49.059752). Anneal status: T=11.49, dE=153.71, candidate was rejected
Itr 21, LL= -806620.677597 (41.828065). Anneal status: T=11.49, dE=4.01, candidate was chosen by chance
Itr 22, LL= -806597.150372 (29.167645). Anneal status: T=11.49, dE=4.74, candidate was chosen by chance
Itr 23, LL= -806572.457554 (30.613570). Anneal status: T=11.49, dE=4.90, candidate was rejected
Itr 24, LL= -806555.739967 (20.726701). Anneal status: T=11.49, dE=0.54, candidate was chosen by chance
Itr 25, LL= -806552.703375 (3.764888). Anneal status: T=9.85, dE=9.36, candidate was chosen by chance
Itr 26, LL= -806531.391852 (26.422977). Anneal status: T=9.85, dE=16.66, candidate was rejected
Itr 27, LL= -806522.123005 (11.492234). Anneal status: T=9.85, dE=76.78, candidate was rejected
Itr 28, LL= -806512.713957 (11.666199). Anneal status: T=9.85, dE=178.61, candidate was rejected
Itr 29, LL= -806502.063400 (13.205691). Anneal status: T=9.85, dE=1.82, candidate was chosen by chance
Itr 30, LL= -806494.029820 (9.961016). Anneal status: T=8.21, dE=134.92, candidate was rejected
Itr 31, LL= -806492.891656 (1.411250). Anneal status: T=8.21, dE=1.79, candidate was chosen by chance
Itr 32, LL= -806491.899364 (1.230379). Anneal status: T=8.21, dE=2.59, candidate was chosen by chance
Itr 33, LL= -806486.082244 (7.212868). Anneal status: T=8.21, dE=2.98, candidate was rejected
Itr 34, LL= -806486.571257 (-0.606350). Anneal status: T=8.21, dE=4.00, candidate was chosen by chance
Itr 35, LL= -806480.416910 (7.631059). Anneal status: T=6.57, dE=45.90, candidate was rejected
Itr 36, LL= -806478.786384 (2.021780). Anneal status: T=6.57, dE=2.73, candidate was rejected
Itr 37, LL= -806477.945280 (1.042934). Anneal status: T=6.57, dE=15.12, candidate was rejected
Itr 38, LL= -806477.498590 (0.553877). Anneal status: T=6.57, dE=59.61, candidate was rejected
Itr 39, LL= -806477.214657 (0.352066). Anneal status: T=6.57, dE=84.22, candidate was rejected
Itr 40, LL= -806478.890339 (-2.077780). Anneal status: T=4.92, dE=1.87, candidate was chosen by chance
Itr 41, LL= -806476.793995 (2.599379). Anneal status: T=4.92, dE=155.01, candidate was rejected
Itr 42, LL= -806476.705229 (0.110066). Anneal status: T=4.92, dE=3.01, candidate was rejected
Itr 43, LL= -806479.685553 (-3.695487). Anneal status: T=4.92, dE=2.99, candidate was chosen by chance
Itr 44, LL= -806477.102752 (3.202562). Anneal status: T=4.92, dE=8.52, candidate was rejected
Itr 45, LL= -806479.497296 (-2.969141). Anneal status: T=3.28, dE=2.63, candidate was chosen by chance
Itr 46, LL= -806477.296155 (2.729320). Anneal status: T=3.28, dE=6.10, candidate was rejected
Itr 47, LL= -806479.421173 (-2.634938). Anneal status: T=3.28, dE=2.42, candidate was chosen by chance
Itr 48, LL= -806477.473686 (2.414800). Anneal status: T=3.28, dE=140.80, candidate was rejected
Itr 49, LL= -806477.091811 (0.473511). Anneal status: T=3.28, dE=3.37, candidate was rejected
Itr 50, LL= -806476.970524 (0.150391). Anneal status: T=1.64, dE=1.55, candidate was rejected
Itr 51, LL= -806476.930840 (0.049207). Anneal status: T=1.64, dE=81.78, candidate was rejected
-- Annealing statistics:
Portion of times candidate was better: 0.000000
Portion of times candidate was chosen by chance: 0.392157
--
EM for 3 states, 54 emission nodes. 10 observed values.
            gibbs: 0
    nGibbsItrPcnt: 0.8000
     annealParams: {}
           maxItr: 500
      convergeEps: 1.0000e-06
           minItr: 5
       parametric: 0
        initprobs: []
      persistBias: 0
          obsVals: []

- Initalized simulated annealing with params:
                     type: 'linear'
    max_chance_accpetance: 0.2000
             min_duration: 5
        min_init_duration: 5
             max_duration: 11
              converge_th: 1.0000e-06

--
Itr 1, LL= -2784920.534323 (Inf). Anneal status: T=NaN, dE=-1122.64, collecting statistics
Itr 2, LL= -830950.262064 (Inf). Anneal status: T=NaN, dE=-55.19, collecting statistics
Itr 3, LL= -826943.606033 (Inf). Anneal status: T=NaN, dE=-441.46, collecting statistics
Itr 4, LL= -817103.175328 (11899.760313). Anneal status: T=NaN, dE=176.13, collecting statistics
Itr 5, LL= -809878.886970 (8841.341677). Anneal status: T=NaN, dE=-20.23, collecting statistics
Itr 6, LL= -807944.175563 (2388.889793). Anneal status: T=NaN, dE=176.37, collecting statistics
Itr 7, LL= -807283.542485 (817.671688). Anneal status: T=NaN, dE=128.56, collecting statistics
Itr 8, LL= -806919.890869 (450.463309). Anneal status: T=23.07, dE=0.19, candidate was chosen by chance
Itr 9, LL= -806685.606643 (290.343848). Anneal status: T=23.07, dE=427.31, candidate was rejected
Itr 10, LL= -806509.852442 (217.871993). Anneal status: T=23.07, dE=4.55, candidate was chosen by chance
Itr 11, LL= -806364.268499 (180.511053). Anneal status: T=23.07, dE=7.22, candidate was chosen by chance
Itr 12, LL= -806230.875718 (165.424965). Anneal status: T=23.07, dE=0.18, candidate was chosen by chance
Itr 13, LL= -806117.739487 (140.327336). Anneal status: T=20.77, dE=2.18, candidate was chosen by chance
Itr 14, LL= -806024.474616 (115.696339). Anneal status: T=20.77, dE=5.12, candidate was chosen by chance
Itr 15, LL= -805940.038323 (104.756487). Anneal status: T=20.77, dE=5.65, candidate was chosen by chance
Itr 16, LL= -805861.020008 (98.044907). Anneal status: T=20.77, dE=5.66, candidate was chosen by chance
Itr 17, LL= -805773.673681 (108.388822). Anneal status: T=20.77, dE=2.80, candidate was chosen by chance
Itr 18, LL= -805718.609954 (68.336468). Anneal status: T=18.46, dE=16.49, candidate was chosen by chance
Itr 19, LL= -805654.286125 (79.834111). Anneal status: T=18.46, dE=6.10, candidate was chosen by chance
Itr 20, LL= -805602.572753 (64.188044). Anneal status: T=18.46, dE=3.79, candidate was chosen by chance
Itr 21, LL= -805555.972215 (57.845567). Anneal status: T=18.46, dE=30.28, candidate was rejected
Itr 22, LL= -805512.157008 (54.391264). Anneal status: T=18.46, dE=224.56, candidate was rejected
Itr 23, LL= -805478.689114 (41.548589). Anneal status: T=16.15, dE=131.48, candidate was rejected
Itr 24, LL= -805449.141913 (36.682785). Anneal status: T=16.15, dE=131.27, candidate was rejected
Itr 25, LL= -805471.247584 (-27.445148). Anneal status: T=16.15, dE=43.18, candidate was chosen by chance
Itr 26, LL= -805418.449735 (65.549016). Anneal status: T=16.15, dE=5.68, candidate was chosen by chance
Itr 27, LL= -805397.994974 (25.396441). Anneal status: T=16.15, dE=30.76, candidate was rejected
Itr 28, LL= -805380.382695 (21.867796). Anneal status: T=13.84, dE=102.94, candidate was rejected
Itr 29, LL= -805369.305263 (13.754285). Anneal status: T=13.84, dE=1.71, candidate was chosen by chance
Itr 30, LL= -805358.569602 (13.330109). Anneal status: T=13.84, dE=6.45, candidate was rejected
Itr 31, LL= -805353.607279 (6.161633). Anneal status: T=13.84, dE=3.39, candidate was chosen by chance
Itr 32, LL= -805346.440831 (8.898510). Anneal status: T=13.84, dE=2.52, candidate was chosen by chance
Itr 33, LL= -805339.227530 (8.956768). Anneal status: T=11.54, dE=155.55, candidate was rejected
Itr 34, LL= -805333.856879 (6.668806). Anneal status: T=11.54, dE=130.72, candidate was rejected
Itr 35, LL= -805317.678080 (20.089555). Anneal status: T=11.54, dE=31.80, candidate was rejected
Itr 36, LL= -805321.857775 (-5.190120). Anneal status: T=11.54, dE=8.10, candidate was chosen by chance
Itr 37, LL= -805313.425414 (10.470797). Anneal status: T=11.54, dE=138.64, candidate was rejected
Itr 38, LL= -805310.046531 (4.195736). Anneal status: T=9.23, dE=3.47, candidate was rejected
Itr 39, LL= -805307.908870 (2.654457). Anneal status: T=9.23, dE=56.70, candidate was rejected
Itr 40, LL= -805308.111516 (-0.251638). Anneal status: T=9.23, dE=1.77, candidate was chosen by chance
Itr 41, LL= -805306.157696 (2.426176). Anneal status: T=9.23, dE=1.39, candidate was chosen by chance
Itr 42, LL= -805306.987090 (-1.029911). Anneal status: T=9.23, dE=2.98, candidate was chosen by chance
Itr 43, LL= -805303.219921 (4.677929). Anneal status: T=6.92, dE=5.81, candidate was chosen by chance
Itr 44, LL= -805294.692609 (10.588947). Anneal status: T=6.92, dE=4.63, candidate was rejected
Itr 45, LL= -805292.819431 (2.326077). Anneal status: T=6.92, dE=16.48, candidate was rejected
Itr 46, LL= -805293.290486 (-0.584949). Anneal status: T=6.92, dE=1.51, candidate was chosen by chance
Itr 47, LL= -805290.891547 (2.978964). Anneal status: T=6.92, dE=114.10, candidate was rejected
Itr 48, LL= -805290.325643 (0.702732). Anneal status: T=4.61, dE=55.09, candidate was rejected
Itr 49, LL= -805289.869112 (0.566915). Anneal status: T=4.61, dE=2.96, candidate was rejected
Itr 50, LL= -805289.485294 (0.476621). Anneal status: T=4.61, dE=3.58, candidate was rejected
-- Annealing statistics:
Portion of times candidate was better: 0.000000
Portion of times candidate was chosen by chance: 0.460000
--
EM for 3 states, 54 emission nodes. 10 observed values.
            gibbs: 0
    nGibbsItrPcnt: 0.8000
     annealParams: {}
           maxItr: 500
      convergeEps: 1.0000e-06
           minItr: 5
       parametric: 0
        initprobs: []
      persistBias: 0
          obsVals: []

- Initalized simulated annealing with params:
                     type: 'linear'
    max_chance_accpetance: 0.2000
             min_duration: 5
        min_init_duration: 5
             max_duration: 11
              converge_th: 1.0000e-06

--
Itr 1, LL= -2852922.083701 (Inf). Anneal status: T=NaN, dE=333.64, collecting statistics
Itr 2, LL= -827488.021402 (Inf). Anneal status: T=NaN, dE=-283.61, collecting statistics
Itr 3, LL= -816664.697637 (Inf). Anneal status: T=NaN, dE=27.33, collecting statistics
Itr 4, LL= -810095.191049 (8044.313176). Anneal status: T=NaN, dE=372.07, collecting statistics
Itr 5, LL= -807548.356653 (3143.870527). Anneal status: T=NaN, dE=-3.26, collecting statistics
Itr 6, LL= -806762.707862 (972.881419). Anneal status: T=56.07, dE=3.52, candidate was chosen by chance
Itr 7, LL= -806449.844047 (387.801534). Anneal status: T=56.07, dE=46.93, candidate was rejected
Itr 8, LL= -806299.312339 (186.659728). Anneal status: T=56.07, dE=191.31, candidate was rejected
Itr 9, LL= -806218.059502 (100.772549). Anneal status: T=56.07, dE=63.38, candidate was rejected
Itr 10, LL= -806179.614568 (47.685528). Anneal status: T=56.07, dE=1.25, candidate was chosen by chance
Itr 11, LL= -806161.378382 (22.620500). Anneal status: T=50.46, dE=11.68, candidate was chosen by chance
Itr 12, LL= -806136.890140 (30.376352). Anneal status: T=50.46, dE=0.56, candidate was chosen by chance
Itr 13, LL= -806125.535855 (14.084810). Anneal status: T=50.46, dE=106.05, candidate was rejected
Itr 14, LL= -806120.026474 (6.834395). Anneal status: T=50.46, dE=89.15, candidate was rejected
Itr 15, LL= -806134.675986 (-18.172867). Anneal status: T=50.46, dE=19.80, candidate was chosen by chance
Itr 16, LL= -806118.783906 (19.713927). Anneal status: T=44.86, dE=6.82, candidate was chosen by chance
Itr 17, LL= -806108.672093 (12.543825). Anneal status: T=44.86, dE=323.85, candidate was rejected
Itr 18, LL= -806107.435154 (1.534457). Anneal status: T=44.86, dE=7.98, candidate was rejected
Itr 19, LL= -806107.427623 (0.009343). Anneal status: T=44.86, dE=0.86, candidate was chosen by chance
Itr 20, LL= -806107.234053 (0.240129). Anneal status: T=44.86, dE=1.50, candidate was chosen by chance
Itr 21, LL= -806105.363466 (2.320519). Anneal status: T=39.25, dE=118.31, candidate was rejected
Itr 22, LL= -806165.777680 (-74.945804). Anneal status: T=39.25, dE=60.90, candidate was chosen by chance
Itr 23, LL= -806115.229473 (62.702001). Anneal status: T=39.25, dE=7.32, candidate was chosen by chance
Itr 24, LL= -806105.199494 (12.442363). Anneal status: T=39.25, dE=0.37, candidate was chosen by chance
Itr 25, LL= -806107.524016 (-2.883645). Anneal status: T=39.25, dE=4.19, candidate was chosen by chance
Itr 26, LL= -806102.524275 (6.202324). Anneal status: T=33.64, dE=166.26, candidate was rejected
Itr 27, LL= -806101.885860 (0.791978). Anneal status: T=33.64, dE=27.26, candidate was rejected
Itr 28, LL= -806104.299773 (-2.994551). Anneal status: T=33.64, dE=2.75, candidate was chosen by chance
Itr 29, LL= -806101.913107 (2.960741). Anneal status: T=33.64, dE=122.61, candidate was rejected
Itr 30, LL= -806103.459374 (-1.918204). Anneal status: T=33.64, dE=2.05, candidate was chosen by chance
Itr 31, LL= -806108.045661 (-5.689452). Anneal status: T=28.04, dE=6.92, candidate was chosen by chance
Itr 32, LL= -806102.338375 (7.080051). Anneal status: T=28.04, dE=2.13, candidate was chosen by chance
Itr 33, LL= -806100.700604 (2.031715). Anneal status: T=28.04, dE=128.21, candidate was rejected
Itr 34, LL= -806105.262578 (-5.659310). Anneal status: T=28.04, dE=4.58, candidate was chosen by chance
Itr 35, LL= -806101.330178 (4.878272). Anneal status: T=28.04, dE=88.50, candidate was rejected
Itr 36, LL= -806104.462390 (-3.885631). Anneal status: T=22.43, dE=3.48, candidate was chosen by chance
Itr 37, LL= -806103.304169 (1.436812). Anneal status: T=22.43, dE=2.39, candidate was chosen by chance
Itr 38, LL= -806101.674916 (2.021146). Anneal status: T=22.43, dE=1.14, candidate was chosen by chance
Itr 39, LL= -806100.467468 (1.497886). Anneal status: T=22.43, dE=3.62, candidate was rejected
Itr 40, LL= -806102.162922 (-2.103279). Anneal status: T=22.43, dE=1.83, candidate was chosen by chance
Itr 41, LL= -806100.325556 (2.279322). Anneal status: T=16.82, dE=73.77, candidate was rejected
Itr 42, LL= -806100.137193 (0.233671). Anneal status: T=16.82, dE=110.30, candidate was rejected
Itr 43, LL= -806100.092284 (0.055712). Anneal status: T=16.82, dE=76.81, candidate was rejected
Itr 44, LL= -806100.082256 (0.012441). Anneal status: T=16.82, dE=128.38, candidate was rejected
-- Annealing statistics:
Portion of times candidate was better: 0.000000
Portion of times candidate was chosen by chance: 0.477273
--
>> 