My SLURM_ARRAY_TASK_ID:  2

                            < M A T L A B (R) >
                  Copyright 1984-2014 The MathWorks, Inc.
                   R2014b (8.4.0.150421) 64-bit (glnxa64)
                             September 15, 2014

 
For online documentation, see http://www.mathworks.com/support
For product information, visit www.mathworks.com.
 
EM for 2 states, 54 emission nodes. 10 observed values.
            gibbs: 0
    nGibbsItrPcnt: 0.8000
     annealParams: {}
           maxItr: 500
      convergeEps: 1.0000e-06
           minItr: 5
       parametric: 0
        initprobs: []
      persistBias: 0
          obsVals: []

- Initalized simulated annealing with params:
                     type: 'linear'
    max_chance_accpetance: 0.2000
             min_duration: 5
        min_init_duration: 5
             max_duration: 11
              converge_th: 1.0000e-06

--
Itr 1, LL= -2837718.057648 (Inf). Anneal status: T=NaN, dE=1711.53, collecting statistics
Itr 2, LL= -832402.060360 (Inf). Anneal status: T=NaN, dE=-0.84, collecting statistics
Itr 3, LL= -832037.056344 (Inf). Anneal status: T=NaN, dE=-35.27, collecting statistics
Itr 4, LL= -829527.730683 (3015.882096). Anneal status: T=NaN, dE=-68.80, collecting statistics
Itr 5, LL= -823874.338044 (6815.194273). Anneal status: T=NaN, dE=167.32, collecting statistics
Itr 6, LL= -819375.774853 (5460.254050). Anneal status: T=NaN, dE=95.85, collecting statistics
Itr 7, LL= -816503.309400 (3505.675345). Anneal status: T=56.32, dE=195.27, candidate was rejected
Itr 8, LL= -814894.188274 (1970.746607). Anneal status: T=56.32, dE=63.67, candidate was rejected
Itr 9, LL= -814158.221485 (903.143991). Anneal status: T=56.32, dE=103.26, candidate was rejected
Itr 10, LL= -813841.791161 (388.659496). Anneal status: T=56.32, dE=-0.69, candidate was better
Itr 11, LL= -813712.186377 (159.250588). Anneal status: T=56.32, dE=1.85, candidate was chosen by chance
Itr 12, LL= -813640.805106 (87.722995). Anneal status: T=50.69, dE=-0.07, candidate was better
Itr 13, LL= -813586.970867 (66.164626). Anneal status: T=34.60, dE=92.03, candidate was rejected
Itr 14, LL= -813562.097827 (30.572073). Anneal status: T=34.60, dE=1.61, candidate was chosen by chance
Itr 15, LL= -813552.745926 (11.495005). Anneal status: T=34.60, dE=0.52, candidate was chosen by chance
Itr 16, LL= -813542.675265 (12.378622). Anneal status: T=34.60, dE=1.34, candidate was chosen by chance
Itr 17, LL= -813533.628197 (11.120582). Anneal status: T=34.60, dE=0.80, candidate was chosen by chance
Itr 18, LL= -813531.980405 (2.025475). Anneal status: T=31.14, dE=0.97, candidate was chosen by chance
Itr 19, LL= -813530.578456 (1.723287). Anneal status: T=31.14, dE=51.47, candidate was rejected
Itr 20, LL= -813530.962155 (-0.471646). Anneal status: T=31.14, dE=1.06, candidate was chosen by chance
Itr 21, LL= -813529.969717 (1.219913). Anneal status: T=31.14, dE=229.57, candidate was rejected
Itr 22, LL= -813576.964541 (-57.766555). Anneal status: T=31.14, dE=47.80, candidate was chosen by chance
Itr 23, LL= -813522.706881 (66.690261). Anneal status: T=27.68, dE=-0.30, candidate was better
Itr 24, LL= -813518.536259 (5.126620). Anneal status: T=27.68, dE=-0.01, candidate was better
Itr 25, LL= -813517.653702 (1.084864). Anneal status: T=25.87, dE=310.53, candidate was rejected
Itr 26, LL= -813518.705329 (-1.292692). Anneal status: T=25.87, dE=1.29, candidate was chosen by chance
Itr 27, LL= -813518.679317 (0.031975). Anneal status: T=25.87, dE=0.81, candidate was chosen by chance
Itr 28, LL= -813517.985818 (0.852468). Anneal status: T=25.87, dE=0.03, candidate was chosen by chance
Itr 29, LL= -813517.966410 (0.023857). Anneal status: T=25.87, dE=0.34, candidate was chosen by chance
-- Annealing statistics:
Portion of times candidate was better: 0.137931
Portion of times candidate was chosen by chance: 0.413793
--
EM for 2 states, 54 emission nodes. 10 observed values.
            gibbs: 0
    nGibbsItrPcnt: 0.8000
     annealParams: {}
           maxItr: 500
      convergeEps: 1.0000e-06
           minItr: 5
       parametric: 0
        initprobs: []
      persistBias: 0
          obsVals: []

- Initalized simulated annealing with params:
                     type: 'linear'
    max_chance_accpetance: 0.2000
             min_duration: 5
        min_init_duration: 5
             max_duration: 11
              converge_th: 1.0000e-06

--
Itr 1, LL= -2815248.044562 (Inf). Anneal status: T=NaN, dE=-274.24, collecting statistics
Itr 2, LL= -832389.060976 (Inf). Anneal status: T=NaN, dE=-8.98, collecting statistics
Itr 3, LL= -831276.574309 (Inf). Anneal status: T=NaN, dE=-188.03, collecting statistics
Itr 4, LL= -827957.854636 (3992.317089). Anneal status: T=NaN, dE=15.71, collecting statistics
Itr 5, LL= -819378.536662 (10362.022567). Anneal status: T=NaN, dE=-189.64, collecting statistics
Itr 6, LL= -814511.061855 (5940.447045). Anneal status: T=NaN, dE=563.57, collecting statistics
Itr 7, LL= -813533.405952 (1200.297883). Anneal status: T=NaN, dE=-0.40, collecting statistics
Itr 8, LL= -813249.724153 (348.703319). Anneal status: T=NaN, dE=-3.17, collecting statistics
Itr 9, LL= -813128.739314 (148.767144). Anneal status: T=NaN, dE=-0.86, collecting statistics
Itr 10, LL= -813075.878039 (65.009724). Anneal status: T=NaN, dE=0.02, collecting statistics
Itr 11, LL= -813051.394563 (30.112166). Anneal status: T=14.12, dE=75.17, candidate was rejected
Itr 12, LL= -813039.453163 (14.687140). Anneal status: T=14.12, dE=0.53, candidate was chosen by chance
Itr 13, LL= -813031.586312 (9.675855). Anneal status: T=14.12, dE=314.71, candidate was rejected
Itr 14, LL= -813027.786401 (4.673755). Anneal status: T=14.12, dE=0.06, candidate was chosen by chance
Itr 15, LL= -813025.667207 (2.606545). Anneal status: T=14.12, dE=20.43, candidate was rejected
Itr 16, LL= -813024.275160 (1.712181). Anneal status: T=12.71, dE=0.00, candidate was chosen by chance
Itr 17, LL= -813023.295351 (1.205141). Anneal status: T=12.71, dE=0.06, candidate was chosen by chance
Itr 18, LL= -813023.355585 (-0.074087). Anneal status: T=12.71, dE=0.83, candidate was chosen by chance
Itr 19, LL= -813022.059311 (1.594387). Anneal status: T=12.71, dE=135.21, candidate was rejected
Itr 20, LL= -813021.838351 (0.271777). Anneal status: T=12.71, dE=118.66, candidate was rejected
Itr 21, LL= -813021.898844 (-0.074405). Anneal status: T=11.29, dE=0.16, candidate was chosen by chance
Itr 22, LL= -813022.403481 (-0.620693). Anneal status: T=11.29, dE=0.59, candidate was chosen by chance
-- Annealing statistics:
Portion of times candidate was better: 0.000000
Portion of times candidate was chosen by chance: 0.318182
--
EM for 2 states, 54 emission nodes. 10 observed values.
            gibbs: 0
    nGibbsItrPcnt: 0.8000
     annealParams: {}
           maxItr: 500
      convergeEps: 1.0000e-06
           minItr: 5
       parametric: 0
        initprobs: []
      persistBias: 0
          obsVals: []

- Initalized simulated annealing with params:
                     type: 'linear'
    max_chance_accpetance: 0.2000
             min_duration: 5
        min_init_duration: 5
             max_duration: 11
              converge_th: 1.0000e-06

--
Itr 1, LL= -2987753.338658 (Inf). Anneal status: T=NaN, dE=-570.87, collecting statistics
Itr 2, LL= -834627.394923 (Inf). Anneal status: T=NaN, dE=5.68, collecting statistics
Itr 3, LL= -832796.961408 (Inf). Anneal status: T=NaN, dE=174.42, collecting statistics
Itr 4, LL= -826452.483831 (7618.276567). Anneal status: T=NaN, dE=41.54, collecting statistics
Itr 5, LL= -817690.894556 (10601.443454). Anneal status: T=33.55, dE=326.70, candidate was rejected
Itr 6, LL= -815628.350802 (2522.400296). Anneal status: T=33.55, dE=-0.16, candidate was better
Itr 7, LL= -815234.429416 (482.966764). Anneal status: T=33.55, dE=0.95, candidate was chosen by chance
Itr 8, LL= -815110.770833 (151.684691). Anneal status: T=33.55, dE=187.81, candidate was rejected
Itr 9, LL= -815068.060443 (52.398266). Anneal status: T=33.55, dE=1.44, candidate was chosen by chance
Itr 10, LL= -815049.536393 (22.726998). Anneal status: T=30.19, dE=0.23, candidate was chosen by chance
Itr 11, LL= -815055.764211 (-7.641030). Anneal status: T=30.19, dE=14.27, candidate was chosen by chance
Itr 12, LL= -815037.429247 (22.495349). Anneal status: T=30.19, dE=0.23, candidate was chosen by chance
Itr 13, LL= -815037.142592 (0.351708). Anneal status: T=30.19, dE=0.84, candidate was chosen by chance
Itr 14, LL= -815036.708524 (0.532575). Anneal status: T=30.19, dE=0.75, candidate was chosen by chance
Itr 15, LL= -815035.608859 (1.349220). Anneal status: T=26.84, dE=65.86, candidate was rejected
Itr 16, LL= -815036.002187 (-0.482590). Anneal status: T=26.84, dE=0.64, candidate was chosen by chance
Itr 17, LL= -815036.207106 (-0.251423). Anneal status: T=26.84, dE=0.81, candidate was chosen by chance
Itr 18, LL= -815035.321918 (1.086072). Anneal status: T=26.84, dE=199.11, candidate was rejected
Itr 19, LL= -815035.193493 (0.157570). Anneal status: T=26.84, dE=222.48, candidate was rejected
Itr 20, LL= -815035.636075 (-0.543022). Anneal status: T=23.48, dE=0.48, candidate was chosen by chance
Itr 21, LL= -815035.256121 (0.466181). Anneal status: T=23.48, dE=42.04, candidate was rejected
-- Annealing statistics:
Portion of times candidate was better: 0.047619
Portion of times candidate was chosen by chance: 0.476190
--
EM for 2 states, 54 emission nodes. 10 observed values.
            gibbs: 0
    nGibbsItrPcnt: 0.8000
     annealParams: {}
           maxItr: 500
      convergeEps: 1.0000e-06
           minItr: 5
       parametric: 0
        initprobs: []
      persistBias: 0
          obsVals: []

- Initalized simulated annealing with params:
                     type: 'linear'
    max_chance_accpetance: 0.2000
             min_duration: 5
        min_init_duration: 5
             max_duration: 11
              converge_th: 1.0000e-06

--
Itr 1, LL= -2783127.075505 (Inf). Anneal status: T=NaN, dE=-478.04, collecting statistics
Itr 2, LL= -832185.286146 (Inf). Anneal status: T=NaN, dE=361.82, collecting statistics
Itr 3, LL= -831402.957643 (Inf). Anneal status: T=NaN, dE=-52.87, collecting statistics
Itr 4, LL= -830717.780652 (824.121425). Anneal status: T=NaN, dE=-7.46, collecting statistics
Itr 5, LL= -828325.159501 (2880.185314). Anneal status: T=NaN, dE=-22.22, collecting statistics
Itr 6, LL= -821272.514784 (8514.343233). Anneal status: T=NaN, dE=-114.53, collecting statistics
Itr 7, LL= -815241.197519 (7343.868395). Anneal status: T=NaN, dE=-11.91, collecting statistics
Itr 8, LL= -813418.498258 (2235.779136). Anneal status: T=NaN, dE=-1.10, collecting statistics
Itr 9, LL= -812861.898565 (684.272235). Anneal status: T=NaN, dE=-0.26, collecting statistics
Itr 10, LL= -812671.105484 (234.717706). Anneal status: T=NaN, dE=73.95, collecting statistics
Itr 11, LL= -812607.470884 (78.303017). Anneal status: T=NaN, dE=-0.38, collecting statistics
Itr 12, LL= -812578.367281 (35.815082). Anneal status: T=NaN, dE=-0.07, collecting statistics
Itr 13, LL= -812562.898674 (19.036450). Anneal status: T=NaN, dE=0.92, collecting statistics
Itr 14, LL= -812557.186048 (7.030381). Anneal status: T=19.45, dE=51.26, candidate was rejected
Itr 15, LL= -812555.209171 (2.432907). Anneal status: T=19.45, dE=0.53, candidate was chosen by chance
Itr 16, LL= -812552.814506 (2.947080). Anneal status: T=19.45, dE=0.69, candidate was chosen by chance
Itr 17, LL= -812548.563886 (5.231192). Anneal status: T=19.45, dE=82.73, candidate was rejected
Itr 18, LL= -812548.216191 (0.427907). Anneal status: T=19.45, dE=0.78, candidate was chosen by chance
Itr 19, LL= -812548.718340 (-0.617993). Anneal status: T=17.50, dE=1.31, candidate was chosen by chance
Itr 20, LL= -812548.287590 (0.530121). Anneal status: T=17.50, dE=0.80, candidate was chosen by chance
-- Annealing statistics:
Portion of times candidate was better: 0.000000
Portion of times candidate was chosen by chance: 0.250000
--
>> 