My SLURM_ARRAY_TASK_ID:  11

                            < M A T L A B (R) >
                  Copyright 1984-2014 The MathWorks, Inc.
                   R2014b (8.4.0.150421) 64-bit (glnxa64)
                             September 15, 2014

 
For online documentation, see http://www.mathworks.com/support
For product information, visit www.mathworks.com.
 
EM for 11 states, 54 emission nodes. 10 observed values.
            gibbs: 0
    nGibbsItrPcnt: 0.8000
     annealParams: {}
           maxItr: 500
      convergeEps: 1.0000e-06
           minItr: 5
       parametric: 0
        initprobs: []
      persistBias: 0
          obsVals: []

- Initalized simulated annealing with params:
                     type: 'linear'
    max_chance_accpetance: 0.2000
             min_duration: 5
        min_init_duration: 5
             max_duration: 11
              converge_th: 1.0000e-06

--
Itr 1, LL= -2800663.281098 (Inf). Anneal status: T=NaN, dE=-1909.79, collecting statistics
Itr 2, LL= -826287.172386 (Inf). Anneal status: T=NaN, dE=-23.95, collecting statistics
Itr 3, LL= -812710.591075 (Inf). Anneal status: T=NaN, dE=-252.16, collecting statistics
Itr 4, LL= -804773.084480 (9766.707463). Anneal status: T=NaN, dE=-96.14, collecting statistics
Itr 5, LL= -798734.314372 (7503.692934). Anneal status: T=NaN, dE=-189.24, collecting statistics
Itr 6, LL= -794605.575547 (5169.101604). Anneal status: T=NaN, dE=-19.99, collecting statistics
Itr 7, LL= -792510.982317 (2636.016275). Anneal status: T=NaN, dE=-0.06, collecting statistics
Itr 8, LL= -791536.770982 (1229.271715). Anneal status: T=NaN, dE=-8.19, collecting statistics
Itr 9, LL= -790995.794748 (683.450540). Anneal status: T=NaN, dE=10.05, collecting statistics
Itr 10, LL= -790644.690228 (443.876596). Anneal status: T=NaN, dE=29.59, collecting statistics
Itr 11, LL= -790364.992296 (353.759326). Anneal status: T=NaN, dE=22.40, collecting statistics
Itr 12, LL= -790128.973307 (298.620247). Anneal status: T=2.17, dE=1.73, candidate was chosen by chance
Itr 13, LL= -789925.188451 (257.913407). Anneal status: T=2.17, dE=6.23, candidate was rejected
Itr 14, LL= -789715.841109 (265.021733). Anneal status: T=2.17, dE=-14.00, candidate was better
Itr 15, LL= -789526.756073 (239.434271). Anneal status: T=2.17, dE=20.54, candidate was rejected
Itr 16, LL= -789386.878151 (177.166790). Anneal status: T=2.17, dE=20.74, candidate was rejected
Itr 17, LL= -789281.954007 (132.918531). Anneal status: T=1.95, dE=7.71, candidate was rejected
Itr 18, LL= -789197.822785 (106.592101). Anneal status: T=1.95, dE=18.26, candidate was rejected
Itr 19, LL= -789129.631264 (86.406120). Anneal status: T=1.95, dE=14.94, candidate was rejected
Itr 20, LL= -789062.498772 (85.071564). Anneal status: T=1.95, dE=68.62, candidate was rejected
Itr 21, LL= -789003.056867 (75.332316). Anneal status: T=1.95, dE=9.95, candidate was rejected
Itr 22, LL= -788950.136935 (67.071897). Anneal status: T=1.74, dE=45.92, candidate was rejected
Itr 23, LL= -788897.974642 (66.116082). Anneal status: T=1.74, dE=3.71, candidate was chosen by chance
Itr 24, LL= -788837.431642 (76.743764). Anneal status: T=1.74, dE=8.50, candidate was rejected
Itr 25, LL= -788790.641738 (59.315015). Anneal status: T=1.74, dE=8.14, candidate was rejected
Itr 26, LL= -788746.394816 (56.094634). Anneal status: T=1.74, dE=29.36, candidate was rejected
Itr 27, LL= -788704.704466 (52.856470). Anneal status: T=1.52, dE=13.76, candidate was rejected
Itr 28, LL= -788665.970526 (49.110826). Anneal status: T=1.52, dE=39.20, candidate was rejected
Itr 29, LL= -788627.067681 (49.327404). Anneal status: T=1.52, dE=53.35, candidate was rejected
Itr 30, LL= -788588.327574 (49.123482). Anneal status: T=1.52, dE=14.13, candidate was rejected
Itr 31, LL= -788556.394450 (40.494035). Anneal status: T=1.52, dE=26.31, candidate was rejected
Itr 32, LL= -788517.357361 (49.504499). Anneal status: T=1.30, dE=8.58, candidate was rejected
Itr 33, LL= -788480.561092 (46.665135). Anneal status: T=1.30, dE=9.51, candidate was rejected
Itr 34, LL= -788455.223393 (32.134843). Anneal status: T=1.30, dE=70.80, candidate was rejected
Itr 35, LL= -788432.924921 (28.281215). Anneal status: T=1.30, dE=13.25, candidate was rejected
Itr 36, LL= -788408.978676 (30.371950). Anneal status: T=1.30, dE=4.67, candidate was rejected
Itr 37, LL= -788387.230080 (27.585424). Anneal status: T=1.09, dE=28.57, candidate was rejected
Itr 38, LL= -788371.709066 (19.687043). Anneal status: T=1.09, dE=18.69, candidate was rejected
Itr 39, LL= -788358.879753 (16.273179). Anneal status: T=1.09, dE=18.05, candidate was rejected
Itr 40, LL= -788344.979942 (17.631325). Anneal status: T=1.09, dE=20.03, candidate was rejected
Itr 41, LL= -788322.284178 (28.789127). Anneal status: T=1.09, dE=13.71, candidate was rejected
Itr 42, LL= -788306.665935 (19.812003). Anneal status: T=0.87, dE=17.89, candidate was rejected
Itr 43, LL= -788295.463300 (14.211011). Anneal status: T=0.87, dE=14.31, candidate was rejected
Itr 44, LL= -788284.401060 (14.033115). Anneal status: T=0.87, dE=23.28, candidate was rejected
Itr 45, LL= -788273.809963 (13.435629). Anneal status: T=0.87, dE=27.44, candidate was rejected
Itr 46, LL= -788264.728523 (11.520666). Anneal status: T=0.87, dE=1.58, candidate was rejected
Itr 47, LL= -788255.314904 (11.942205). Anneal status: T=0.65, dE=49.64, candidate was rejected
Itr 48, LL= -788246.072310 (11.725381). Anneal status: T=0.65, dE=11.60, candidate was rejected
Itr 49, LL= -788235.401447 (13.537477). Anneal status: T=0.65, dE=5.09, candidate was rejected
Itr 50, LL= -788224.300336 (14.083497). Anneal status: T=0.65, dE=15.32, candidate was rejected
Itr 51, LL= -788213.807285 (13.312265). Anneal status: T=0.65, dE=4.35, candidate was rejected
Itr 52, LL= -788203.288147 (13.345538). Anneal status: T=0.43, dE=30.73, candidate was rejected
Itr 53, LL= -788192.379548 (13.839830). Anneal status: T=0.43, dE=5.29, candidate was rejected
Itr 54, LL= -788179.779759 (15.985677). Anneal status: T=0.43, dE=3.54, candidate was rejected
Itr 55, LL= -788164.761873 (19.053883). Anneal status: T=0.43, dE=0.52, candidate was chosen by chance
Itr 56, LL= -788149.258515 (19.670200). Anneal status: T=0.43, dE=4.01, candidate was rejected
Itr 57, LL= -788135.405047 (17.577214). Anneal status: T=0.22, dE=8.99, candidate was rejected
Itr 58, LL= -788124.704866 (13.576577). Anneal status: T=0.22, dE=16.15, candidate was rejected
Itr 59, LL= -788115.317661 (11.910812). Anneal status: T=0.22, dE=16.47, candidate was rejected
Itr 60, LL= -788107.174268 (10.332742). Anneal status: T=0.22, dE=7.14, candidate was rejected
Itr 61, LL= -788099.504874 (9.731410). Anneal status: T=0.22, dE=23.06, candidate was rejected
Itr 62, LL= -788092.362882 (9.062298). Anneal status: T=0.00, dE=16.57, candidate was rejected
Itr 63, LL= -788084.433666 (10.061278). Anneal status: T=0.00, dE=17.09, candidate was rejected
Itr 64, LL= -788072.735849 (14.843354). Anneal status: T=0.00, dE=22.79, candidate was rejected
Itr 65, LL= -788063.543303 (11.664592). Anneal status: T=0.00, dE=9.54, candidate was rejected
Itr 66, LL= -788054.673078 (11.255722). Anneal status: T=0.00, dE=6.88, candidate was rejected
Itr 67, LL= -788046.967934 (9.777423). Anneal status: T=0.00, dE=25.15, candidate was rejected
Itr 68, LL= -788040.522880 (8.178515). Anneal status: T=0.00, dE=25.82, candidate was rejected
Itr 69, LL= -788034.987785 (7.023871). Anneal status: T=0.00, dE=10.75, candidate was rejected
Itr 70, LL= -788030.449743 (5.758681). Anneal status: T=0.00, dE=12.94, candidate was rejected
Itr 71, LL= -788026.456075 (5.067911). Anneal status: T=0.00, dE=2.64, candidate was rejected
Itr 72, LL= -788022.683171 (4.787788). Anneal status: T=0.00, dE=62.37, candidate was rejected
Itr 73, LL= -788018.964531 (4.718951). Anneal status: T=0.00, dE=26.73, candidate was rejected
Itr 74, LL= -788015.656143 (4.198360). Anneal status: T=0.00, dE=16.32, candidate was rejected
Itr 75, LL= -788013.288303 (3.004813). Anneal status: T=0.00, dE=19.32, candidate was rejected
Itr 76, LL= -788011.472369 (2.304446). Anneal status: T=0.00, dE=2.95, candidate was rejected
Itr 77, LL= -788009.696937 (2.253053). Anneal status: T=0.00, dE=20.40, candidate was rejected
Itr 78, LL= -788007.176005 (3.199114). Anneal status: T=0.00, dE=32.09, candidate was rejected
Itr 79, LL= -788003.126139 (5.139376). Anneal status: T=0.00, dE=91.24, candidate was rejected
Itr 80, LL= -787998.844254 (5.433844). Anneal status: T=0.00, dE=33.65, candidate was rejected
Itr 81, LL= -787995.768725 (3.902960). Anneal status: T=0.00, dE=7.76, candidate was rejected
Itr 82, LL= -787993.267580 (3.174059). Anneal status: T=0.00, dE=10.28, candidate was rejected
Itr 83, LL= -787990.766552 (3.173921). Anneal status: T=0.00, dE=8.42, candidate was rejected
Itr 84, LL= -787989.053576 (2.173852). Anneal status: T=0.00, dE=10.18, candidate was rejected
Itr 85, LL= -787986.095486 (3.753974). Anneal status: T=0.00, dE=7.34, candidate was rejected
Itr 86, LL= -787983.592304 (3.176683). Anneal status: T=0.00, dE=70.66, candidate was rejected
Itr 87, LL= -787982.574727 (1.291368). Anneal status: T=0.00, dE=42.66, candidate was rejected
Itr 88, LL= -787981.895870 (0.861513). Anneal status: T=0.00, dE=4.59, candidate was rejected
Itr 89, LL= -787981.155749 (0.939261). Anneal status: T=0.00, dE=16.20, candidate was rejected
Itr 90, LL= -787979.090824 (2.620526). Anneal status: T=0.00, dE=33.16, candidate was rejected
Itr 91, LL= -787976.467777 (3.328828). Anneal status: T=0.00, dE=32.50, candidate was rejected
Itr 92, LL= -787974.028372 (3.095784). Anneal status: T=0.00, dE=9.85, candidate was rejected
Itr 93, LL= -787970.901034 (3.968834). Anneal status: T=0.00, dE=25.81, candidate was rejected
Itr 94, LL= -787967.738891 (4.013020). Anneal status: T=0.00, dE=3.93, candidate was rejected
Itr 95, LL= -787966.066947 (2.121844). Anneal status: T=0.00, dE=22.21, candidate was rejected
Itr 96, LL= -787965.328363 (0.937330). Anneal status: T=0.00, dE=3.32, candidate was rejected
Itr 97, LL= -787964.844489 (0.614081). Anneal status: T=0.00, dE=16.90, candidate was rejected
Itr 98, LL= -787964.474243 (0.469876). Anneal status: T=0.00, dE=14.09, candidate was rejected
-- Annealing statistics:
Portion of times candidate was better: 0.010204
Portion of times candidate was chosen by chance: 0.030612
--
EM for 11 states, 54 emission nodes. 10 observed values.
            gibbs: 0
    nGibbsItrPcnt: 0.8000
     annealParams: {}
           maxItr: 500
      convergeEps: 1.0000e-06
           minItr: 5
       parametric: 0
        initprobs: []
      persistBias: 0
          obsVals: []

- Initalized simulated annealing with params:
                     type: 'linear'
    max_chance_accpetance: 0.2000
             min_duration: 5
        min_init_duration: 5
             max_duration: 11
              converge_th: 1.0000e-06

--
Itr 1, LL= -2850736.187935 (Inf). Anneal status: T=NaN, dE=-1778.98, collecting statistics
Itr 2, LL= -827202.274454 (Inf). Anneal status: T=NaN, dE=-225.57, collecting statistics
Itr 3, LL= -815738.542295 (Inf). Anneal status: T=NaN, dE=171.99, collecting statistics
Itr 4, LL= -807668.762923 (9892.605232). Anneal status: T=NaN, dE=-1.89, collecting statistics
Itr 5, LL= -801326.706137 (7852.299207). Anneal status: T=NaN, dE=18.57, collecting statistics
Itr 6, LL= -797534.947649 (4731.850890). Anneal status: T=NaN, dE=-61.05, collecting statistics
Itr 7, LL= -795482.870495 (2573.024744). Anneal status: T=NaN, dE=-6.61, collecting statistics
Itr 8, LL= -794141.127085 (1686.703083). Anneal status: T=NaN, dE=5.81, collecting statistics
Itr 9, LL= -793149.593320 (1248.561157). Anneal status: T=NaN, dE=-0.34, collecting statistics
Itr 10, LL= -792311.758773 (1056.338621). Anneal status: T=NaN, dE=-2.46, collecting statistics
Itr 11, LL= -791605.419129 (891.492062). Anneal status: T=5.44, dE=16.45, candidate was rejected
Itr 12, LL= -791062.672465 (685.627777). Anneal status: T=5.44, dE=-10.90, candidate was better
Itr 13, LL= -790665.609080 (501.936698). Anneal status: T=5.44, dE=6.49, candidate was chosen by chance
Itr 14, LL= -790311.672245 (447.644150). Anneal status: T=5.44, dE=10.99, candidate was rejected
Itr 15, LL= -790055.130685 (324.608087). Anneal status: T=5.44, dE=2.04, candidate was chosen by chance
Itr 16, LL= -789880.079114 (221.568804). Anneal status: T=4.90, dE=8.05, candidate was chosen by chance
Itr 17, LL= -789726.576234 (194.336944). Anneal status: T=4.90, dE=21.16, candidate was rejected
Itr 18, LL= -789624.115505 (129.742029). Anneal status: T=4.90, dE=19.59, candidate was rejected
Itr 19, LL= -789541.805046 (104.240052). Anneal status: T=4.90, dE=8.92, candidate was rejected
Itr 20, LL= -789481.421429 (76.479316). Anneal status: T=4.90, dE=10.10, candidate was rejected
Itr 21, LL= -789426.065824 (70.116413). Anneal status: T=4.35, dE=8.59, candidate was rejected
Itr 22, LL= -789381.713158 (56.183432). Anneal status: T=4.35, dE=9.64, candidate was rejected
Itr 23, LL= -789337.134330 (56.473094). Anneal status: T=4.35, dE=0.50, candidate was chosen by chance
Itr 24, LL= -789293.929607 (54.735451). Anneal status: T=4.35, dE=15.20, candidate was rejected
Itr 25, LL= -789257.852537 (45.708029). Anneal status: T=4.35, dE=55.50, candidate was rejected
Itr 26, LL= -789220.419717 (47.427871). Anneal status: T=3.81, dE=0.74, candidate was chosen by chance
Itr 27, LL= -789173.856422 (58.999101). Anneal status: T=3.81, dE=9.80, candidate was rejected
Itr 28, LL= -789115.845988 (73.507799). Anneal status: T=3.81, dE=3.10, candidate was rejected
Itr 29, LL= -789072.506216 (54.921939). Anneal status: T=3.81, dE=10.91, candidate was rejected
Itr 30, LL= -789029.060378 (55.059374). Anneal status: T=3.81, dE=1.58, candidate was chosen by chance
Itr 31, LL= -788987.047188 (53.246696). Anneal status: T=3.26, dE=7.39, candidate was rejected
Itr 32, LL= -788949.801822 (47.206561). Anneal status: T=3.26, dE=22.03, candidate was rejected
Itr 33, LL= -788914.243413 (45.070560). Anneal status: T=3.26, dE=39.39, candidate was rejected
Itr 34, LL= -788882.129335 (40.706678). Anneal status: T=3.26, dE=56.56, candidate was rejected
Itr 35, LL= -788858.578798 (29.853049). Anneal status: T=3.26, dE=16.35, candidate was rejected
Itr 36, LL= -788838.036121 (26.041013). Anneal status: T=2.72, dE=7.17, candidate was rejected
Itr 37, LL= -788820.391345 (22.368060). Anneal status: T=2.72, dE=14.41, candidate was rejected
Itr 38, LL= -788801.501267 (23.947248). Anneal status: T=2.72, dE=21.07, candidate was rejected
Itr 39, LL= -788786.455277 (19.074495). Anneal status: T=2.72, dE=8.27, candidate was rejected
Itr 40, LL= -788773.056930 (16.986025). Anneal status: T=2.72, dE=37.20, candidate was rejected
Itr 41, LL= -788760.608528 (15.781982). Anneal status: T=2.18, dE=13.10, candidate was rejected
Itr 42, LL= -788746.805222 (17.499994). Anneal status: T=2.18, dE=19.10, candidate was rejected
Itr 43, LL= -788738.563722 (10.448854). Anneal status: T=2.18, dE=27.12, candidate was rejected
Itr 44, LL= -788730.525920 (10.190705). Anneal status: T=2.18, dE=26.54, candidate was rejected
Itr 45, LL= -788723.077985 (9.442940). Anneal status: T=2.18, dE=5.63, candidate was rejected
Itr 46, LL= -788716.897193 (7.836454). Anneal status: T=1.63, dE=1.81, candidate was rejected
Itr 47, LL= -788711.521853 (6.815298). Anneal status: T=1.63, dE=24.25, candidate was rejected
Itr 48, LL= -788706.651819 (6.174670). Anneal status: T=1.63, dE=18.47, candidate was rejected
Itr 49, LL= -788701.938894 (5.975511). Anneal status: T=1.63, dE=16.62, candidate was rejected
Itr 50, LL= -788696.543209 (6.841223). Anneal status: T=1.63, dE=9.11, candidate was rejected
Itr 51, LL= -788689.044835 (9.507298). Anneal status: T=1.09, dE=2.66, candidate was rejected
Itr 52, LL= -788681.993902 (8.940067). Anneal status: T=1.09, dE=13.56, candidate was rejected
Itr 53, LL= -788676.944863 (6.401870). Anneal status: T=1.09, dE=46.34, candidate was rejected
Itr 54, LL= -788672.406164 (5.754827). Anneal status: T=1.09, dE=1.25, candidate was rejected
Itr 55, LL= -788668.131455 (5.420132). Anneal status: T=1.09, dE=1.12, candidate was rejected
Itr 56, LL= -788664.464726 (4.649268). Anneal status: T=0.54, dE=44.36, candidate was rejected
Itr 57, LL= -788661.311929 (3.997641). Anneal status: T=0.54, dE=0.13, candidate was chosen by chance
Itr 58, LL= -788657.984409 (4.219200). Anneal status: T=0.54, dE=4.16, candidate was rejected
Itr 59, LL= -788654.722949 (4.135456). Anneal status: T=0.54, dE=3.94, candidate was rejected
Itr 60, LL= -788651.496703 (4.090821). Anneal status: T=0.54, dE=6.35, candidate was rejected
Itr 61, LL= -788647.715286 (4.794789). Anneal status: T=0.00, dE=5.21, candidate was rejected
Itr 62, LL= -788642.397551 (6.742853). Anneal status: T=0.00, dE=15.76, candidate was rejected
Itr 63, LL= -788637.335944 (6.418127). Anneal status: T=0.00, dE=69.38, candidate was rejected
Itr 64, LL= -788634.601914 (3.466777). Anneal status: T=0.00, dE=12.85, candidate was rejected
Itr 65, LL= -788632.759388 (2.336350). Anneal status: T=0.00, dE=17.50, candidate was rejected
Itr 66, LL= -788631.174560 (2.009589). Anneal status: T=0.00, dE=6.58, candidate was rejected
Itr 67, LL= -788629.719491 (1.845057). Anneal status: T=0.00, dE=51.70, candidate was rejected
Itr 68, LL= -788628.328764 (1.763472). Anneal status: T=0.00, dE=14.56, candidate was rejected
Itr 69, LL= -788626.576714 (2.221643). Anneal status: T=0.00, dE=10.87, candidate was rejected
Itr 70, LL= -788623.145491 (4.350884). Anneal status: T=0.00, dE=6.08, candidate was rejected
Itr 71, LL= -788620.844187 (2.918130). Anneal status: T=0.00, dE=5.91, candidate was rejected
Itr 72, LL= -788619.457051 (1.758939). Anneal status: T=0.00, dE=27.12, candidate was rejected
Itr 73, LL= -788618.144012 (1.664984). Anneal status: T=0.00, dE=16.72, candidate was rejected
Itr 74, LL= -788616.863153 (1.624181). Anneal status: T=0.00, dE=41.54, candidate was rejected
Itr 75, LL= -788615.592133 (1.611708). Anneal status: T=0.00, dE=9.47, candidate was rejected
Itr 76, LL= -788614.237447 (1.717803). Anneal status: T=0.00, dE=9.84, candidate was rejected
Itr 77, LL= -788612.695673 (1.955041). Anneal status: T=0.00, dE=9.45, candidate was rejected
Itr 78, LL= -788611.196710 (1.900760). Anneal status: T=0.00, dE=96.53, candidate was rejected
Itr 79, LL= -788609.981682 (1.540719). Anneal status: T=0.00, dE=3.42, candidate was rejected
Itr 80, LL= -788608.934501 (1.327881). Anneal status: T=0.00, dE=13.17, candidate was rejected
Itr 81, LL= -788607.954045 (1.243273). Anneal status: T=0.00, dE=27.49, candidate was rejected
Itr 82, LL= -788606.935679 (1.291347). Anneal status: T=0.00, dE=10.09, candidate was rejected
Itr 83, LL= -788603.949603 (3.786520). Anneal status: T=0.00, dE=44.35, candidate was rejected
Itr 84, LL= -788600.208206 (4.744330). Anneal status: T=0.00, dE=4.32, candidate was rejected
Itr 85, LL= -788598.286974 (2.436256). Anneal status: T=0.00, dE=4.81, candidate was rejected
Itr 86, LL= -788596.141958 (2.720036). Anneal status: T=0.00, dE=8.12, candidate was rejected
Itr 87, LL= -788594.216474 (2.441660). Anneal status: T=0.00, dE=42.29, candidate was rejected
Itr 88, LL= -788592.090536 (2.695859). Anneal status: T=0.00, dE=9.44, candidate was rejected
Itr 89, LL= -788589.457688 (3.338669). Anneal status: T=0.00, dE=59.29, candidate was rejected
Itr 90, LL= -788587.379802 (2.634940). Anneal status: T=0.00, dE=17.12, candidate was rejected
Itr 91, LL= -788585.873845 (1.909690). Anneal status: T=0.00, dE=14.86, candidate was rejected
Itr 92, LL= -788584.156060 (2.178310). Anneal status: T=0.00, dE=75.73, candidate was rejected
Itr 93, LL= -788579.112289 (6.395983). Anneal status: T=0.00, dE=20.28, candidate was rejected
Itr 94, LL= -788575.914542 (4.055075). Anneal status: T=0.00, dE=7.21, candidate was rejected
Itr 95, LL= -788574.580615 (1.691565). Anneal status: T=0.00, dE=45.64, candidate was rejected
Itr 96, LL= -788573.198230 (1.753017). Anneal status: T=0.00, dE=20.63, candidate was rejected
Itr 97, LL= -788571.462262 (2.201404). Anneal status: T=0.00, dE=24.40, candidate was rejected
Itr 98, LL= -788569.593828 (2.369391). Anneal status: T=0.00, dE=11.27, candidate was rejected
Itr 99, LL= -788568.058103 (1.947481). Anneal status: T=0.00, dE=7.38, candidate was rejected
Itr 100, LL= -788566.627325 (1.814401). Anneal status: T=0.00, dE=5.98, candidate was rejected
Itr 101, LL= -788565.482301 (1.452032). Anneal status: T=0.00, dE=22.35, candidate was rejected
Itr 102, LL= -788564.600013 (1.118852). Anneal status: T=0.00, dE=19.38, candidate was rejected
Itr 103, LL= -788563.740920 (1.089439). Anneal status: T=0.00, dE=5.48, candidate was rejected
Itr 104, LL= -788562.729897 (1.282107). Anneal status: T=0.00, dE=13.16, candidate was rejected
Itr 105, LL= -788561.576718 (1.462380). Anneal status: T=0.00, dE=17.33, candidate was rejected
Itr 106, LL= -788560.692952 (1.120732). Anneal status: T=0.00, dE=10.41, candidate was rejected
Itr 107, LL= -788560.127593 (0.716950). Anneal status: T=0.00, dE=3.98, candidate was rejected
Itr 108, LL= -788559.676298 (0.572302). Anneal status: T=0.00, dE=16.08, candidate was rejected
Itr 109, LL= -788559.268379 (0.517297). Anneal status: T=0.00, dE=5.34, candidate was rejected
-- Annealing statistics:
Portion of times candidate was better: 0.009174
Portion of times candidate was chosen by chance: 0.064220
--
EM for 11 states, 54 emission nodes. 10 observed values.
            gibbs: 0
    nGibbsItrPcnt: 0.8000
     annealParams: {}
           maxItr: 500
      convergeEps: 1.0000e-06
           minItr: 5
       parametric: 0
        initprobs: []
      persistBias: 0
          obsVals: []

- Initalized simulated annealing with params:
                     type: 'linear'
    max_chance_accpetance: 0.2000
             min_duration: 5
        min_init_duration: 5
             max_duration: 11
              converge_th: 1.0000e-06

--
Itr 1, LL= -2859185.191134 (Inf). Anneal status: T=NaN, dE=-1693.81, collecting statistics
Itr 2, LL= -828340.471405 (Inf). Anneal status: T=NaN, dE=-16.22, collecting statistics
Itr 3, LL= -814936.325086 (Inf). Anneal status: T=NaN, dE=-80.87, collecting statistics
Itr 4, LL= -805777.731360 (11238.416357). Anneal status: T=NaN, dE=-128.31, collecting statistics
Itr 5, LL= -800889.009635 (6067.084675). Anneal status: T=NaN, dE=-5.21, collecting statistics
Itr 6, LL= -798192.227118 (3367.236265). Anneal status: T=NaN, dE=12.82, collecting statistics
Itr 7, LL= -795985.904721 (2764.149188). Anneal status: T=NaN, dE=-113.65, collecting statistics
Itr 8, LL= -793833.863058 (2703.617803). Anneal status: T=NaN, dE=11.23, collecting statistics
Itr 9, LL= -792067.234603 (2225.438518). Anneal status: T=NaN, dE=-11.47, collecting statistics
Itr 10, LL= -790855.443375 (1529.909551). Anneal status: T=NaN, dE=-14.29, collecting statistics
Itr 11, LL= -790085.538776 (973.508630). Anneal status: T=NaN, dE=36.00, collecting statistics
Itr 12, LL= -789570.439216 (651.954168). Anneal status: T=6.18, dE=39.69, candidate was rejected
Itr 13, LL= -789214.865916 (450.337655). Anneal status: T=6.18, dE=44.00, candidate was rejected
Itr 14, LL= -788973.908832 (305.312399). Anneal status: T=6.18, dE=5.91, candidate was rejected
Itr 15, LL= -788813.728314 (203.023847). Anneal status: T=6.18, dE=16.84, candidate was rejected
Itr 16, LL= -788689.214687 (157.849214). Anneal status: T=6.18, dE=4.14, candidate was rejected
Itr 17, LL= -788589.076686 (126.967631). Anneal status: T=5.56, dE=26.43, candidate was rejected
Itr 18, LL= -788510.250733 (99.958210). Anneal status: T=5.56, dE=6.28, candidate was rejected
Itr 19, LL= -788444.827462 (82.970730). Anneal status: T=5.56, dE=12.14, candidate was rejected
Itr 20, LL= -788382.543788 (78.995602). Anneal status: T=5.56, dE=16.40, candidate was rejected
Itr 21, LL= -788329.672110 (67.063482). Anneal status: T=5.56, dE=6.85, candidate was rejected
Itr 22, LL= -788285.740054 (55.728026). Anneal status: T=4.94, dE=13.51, candidate was rejected
Itr 23, LL= -788245.721733 (50.766263). Anneal status: T=4.94, dE=26.91, candidate was rejected
Itr 24, LL= -788209.769062 (45.610994). Anneal status: T=4.94, dE=12.35, candidate was rejected
Itr 25, LL= -788187.579096 (28.152362). Anneal status: T=4.94, dE=10.70, candidate was chosen by chance
Itr 26, LL= -788148.770210 (49.238134). Anneal status: T=4.94, dE=1.09, candidate was chosen by chance
Itr 27, LL= -788122.155183 (33.769040). Anneal status: T=4.32, dE=13.14, candidate was rejected
Itr 28, LL= -788097.806000 (30.895188). Anneal status: T=4.32, dE=27.48, candidate was rejected
Itr 29, LL= -788076.634589 (26.863939). Anneal status: T=4.32, dE=31.98, candidate was rejected
Itr 30, LL= -788058.429261 (23.100961). Anneal status: T=4.32, dE=14.10, candidate was rejected
Itr 31, LL= -788040.318301 (22.981748). Anneal status: T=4.32, dE=16.24, candidate was rejected
Itr 32, LL= -788020.155601 (25.585874). Anneal status: T=3.71, dE=9.39, candidate was rejected
Itr 33, LL= -788002.314875 (22.639936). Anneal status: T=3.71, dE=13.65, candidate was rejected
Itr 34, LL= -787986.163040 (20.497192). Anneal status: T=3.71, dE=16.43, candidate was rejected
Itr 35, LL= -787979.747613 (8.141548). Anneal status: T=3.71, dE=11.29, candidate was chosen by chance
Itr 36, LL= -787957.043080 (28.813599). Anneal status: T=3.71, dE=13.96, candidate was rejected
Itr 37, LL= -787943.837356 (16.759447). Anneal status: T=3.09, dE=17.70, candidate was rejected
Itr 38, LL= -787931.055045 (16.222362). Anneal status: T=3.09, dE=49.78, candidate was rejected
Itr 39, LL= -787919.105345 (15.165921). Anneal status: T=3.09, dE=3.93, candidate was rejected
Itr 40, LL= -787918.968497 (0.173682). Anneal status: T=3.09, dE=11.01, candidate was chosen by chance
Itr 41, LL= -787898.863320 (25.516809). Anneal status: T=3.09, dE=38.30, candidate was rejected
Itr 42, LL= -787889.288202 (12.152725). Anneal status: T=2.47, dE=22.93, candidate was rejected
Itr 43, LL= -787881.136649 (10.346064). Anneal status: T=2.47, dE=30.65, candidate was rejected
Itr 44, LL= -787879.357051 (2.258714). Anneal status: T=2.47, dE=5.26, candidate was chosen by chance
Itr 45, LL= -787868.227986 (14.125341). Anneal status: T=2.47, dE=16.88, candidate was rejected
Itr 46, LL= -787862.325574 (7.491624). Anneal status: T=2.47, dE=19.29, candidate was rejected
Itr 47, LL= -787855.900703 (8.154814). Anneal status: T=1.85, dE=16.32, candidate was rejected
Itr 48, LL= -787845.376163 (13.358458). Anneal status: T=1.85, dE=6.33, candidate was rejected
Itr 49, LL= -787829.955948 (19.572641). Anneal status: T=1.85, dE=13.13, candidate was rejected
Itr 50, LL= -787822.318607 (9.694149). Anneal status: T=1.85, dE=17.58, candidate was rejected
Itr 51, LL= -787813.860209 (10.736429). Anneal status: T=1.85, dE=13.37, candidate was rejected
Itr 52, LL= -787808.925172 (6.264217). Anneal status: T=1.24, dE=75.74, candidate was rejected
Itr 53, LL= -787805.267660 (4.642639). Anneal status: T=1.24, dE=44.21, candidate was rejected
Itr 54, LL= -787801.545276 (4.725005). Anneal status: T=1.24, dE=21.64, candidate was rejected
Itr 55, LL= -787797.182257 (5.538221). Anneal status: T=1.24, dE=20.50, candidate was rejected
Itr 56, LL= -787792.769104 (5.601889). Anneal status: T=1.24, dE=13.37, candidate was rejected
Itr 57, LL= -787788.876727 (4.940864). Anneal status: T=0.62, dE=17.38, candidate was rejected
Itr 58, LL= -787785.477854 (4.314447). Anneal status: T=0.62, dE=3.81, candidate was rejected
Itr 59, LL= -787782.379919 (3.932460). Anneal status: T=0.62, dE=7.29, candidate was rejected
Itr 60, LL= -787778.840437 (4.492970). Anneal status: T=0.62, dE=8.18, candidate was rejected
Itr 61, LL= -787773.997357 (6.147766). Anneal status: T=0.62, dE=27.45, candidate was rejected
Itr 62, LL= -787768.857440 (6.524608). Anneal status: T=0.00, dE=16.72, candidate was rejected
Itr 63, LL= -787765.974805 (3.659240). Anneal status: T=0.00, dE=12.78, candidate was rejected
Itr 64, LL= -787763.529425 (3.104196). Anneal status: T=0.00, dE=3.56, candidate was rejected
Itr 65, LL= -787761.230481 (2.918317). Anneal status: T=0.00, dE=6.38, candidate was rejected
Itr 66, LL= -787759.096487 (2.708936). Anneal status: T=0.00, dE=23.90, candidate was rejected
Itr 67, LL= -787757.096470 (2.538868). Anneal status: T=0.00, dE=7.16, candidate was rejected
Itr 68, LL= -787755.201746 (2.405214). Anneal status: T=0.00, dE=23.28, candidate was rejected
Itr 69, LL= -787753.383188 (2.308532). Anneal status: T=0.00, dE=42.77, candidate was rejected
Itr 70, LL= -787747.753355 (7.146695). Anneal status: T=0.00, dE=15.40, candidate was rejected
Itr 71, LL= -787734.515128 (16.805159). Anneal status: T=0.00, dE=14.24, candidate was rejected
Itr 72, LL= -787732.726532 (2.270556). Anneal status: T=0.00, dE=14.12, candidate was rejected
Itr 73, LL= -787730.975413 (2.222987). Anneal status: T=0.00, dE=7.17, candidate was rejected
Itr 74, LL= -787729.197023 (2.257611). Anneal status: T=0.00, dE=22.98, candidate was rejected
Itr 75, LL= -787727.345632 (2.350288). Anneal status: T=0.00, dE=11.25, candidate was rejected
Itr 76, LL= -787725.314567 (2.578386). Anneal status: T=0.00, dE=6.13, candidate was rejected
Itr 77, LL= -787719.783510 (7.021555). Anneal status: T=0.00, dE=14.02, candidate was rejected
Itr 78, LL= -787713.618754 (7.826078). Anneal status: T=0.00, dE=41.38, candidate was rejected
Itr 79, LL= -787711.109801 (3.185108). Anneal status: T=0.00, dE=7.70, candidate was rejected
Itr 80, LL= -787708.675453 (3.090407). Anneal status: T=0.00, dE=9.08, candidate was rejected
Itr 81, LL= -787706.212624 (3.126574). Anneal status: T=0.00, dE=11.80, candidate was rejected
Itr 82, LL= -787703.551180 (3.378726). Anneal status: T=0.00, dE=18.17, candidate was rejected
Itr 83, LL= -787700.380494 (4.025228). Anneal status: T=0.00, dE=13.37, candidate was rejected
Itr 84, LL= -787696.093989 (5.441796). Anneal status: T=0.00, dE=20.68, candidate was rejected
Itr 85, LL= -787691.217799 (6.190447). Anneal status: T=0.00, dE=31.19, candidate was rejected
Itr 86, LL= -787687.027903 (5.319211). Anneal status: T=0.00, dE=15.60, candidate was rejected
Itr 87, LL= -787682.906375 (5.232444). Anneal status: T=0.00, dE=36.15, candidate was rejected
Itr 88, LL= -787677.632732 (6.695135). Anneal status: T=0.00, dE=19.84, candidate was rejected
Itr 89, LL= -787674.202564 (4.354786). Anneal status: T=0.00, dE=16.44, candidate was rejected
Itr 90, LL= -787672.059894 (2.720249). Anneal status: T=0.00, dE=2.70, candidate was rejected
Itr 91, LL= -787668.105982 (5.019744). Anneal status: T=0.00, dE=3.33, candidate was rejected
Itr 92, LL= -787664.182921 (4.980602). Anneal status: T=0.00, dE=55.08, candidate was rejected
Itr 93, LL= -787662.436964 (2.216625). Anneal status: T=0.00, dE=2.53, candidate was rejected
Itr 94, LL= -787660.991154 (1.835571). Anneal status: T=0.00, dE=14.23, candidate was rejected
Itr 95, LL= -787659.727911 (1.603790). Anneal status: T=0.00, dE=18.53, candidate was rejected
Itr 96, LL= -787658.661431 (1.353986). Anneal status: T=0.00, dE=19.24, candidate was rejected
Itr 97, LL= -787657.744075 (1.164661). Anneal status: T=0.00, dE=4.08, candidate was rejected
Itr 98, LL= -787656.850697 (1.134222). Anneal status: T=0.00, dE=59.42, candidate was rejected
Itr 99, LL= -787655.663045 (1.507830). Anneal status: T=0.00, dE=11.89, candidate was rejected
Itr 100, LL= -787653.731133 (2.452736). Anneal status: T=0.00, dE=21.21, candidate was rejected
Itr 101, LL= -787651.589374 (2.719163). Anneal status: T=0.00, dE=4.91, candidate was rejected
Itr 102, LL= -787650.072638 (1.925644). Anneal status: T=0.00, dE=6.06, candidate was rejected
Itr 103, LL= -787648.425398 (2.091335). Anneal status: T=0.00, dE=19.90, candidate was rejected
Itr 104, LL= -787646.023554 (3.049386). Anneal status: T=0.00, dE=2.84, candidate was rejected
Itr 105, LL= -787644.520213 (1.908650). Anneal status: T=0.00, dE=14.13, candidate was rejected
Itr 106, LL= -787643.716432 (1.020487). Anneal status: T=0.00, dE=5.21, candidate was rejected
Itr 107, LL= -787643.126902 (0.748473). Anneal status: T=0.00, dE=84.13, candidate was rejected
Itr 108, LL= -787642.644967 (0.611870). Anneal status: T=0.00, dE=17.10, candidate was rejected
Itr 109, LL= -787642.112230 (0.676369). Anneal status: T=0.00, dE=18.86, candidate was rejected
-- Annealing statistics:
Portion of times candidate was better: 0.000000
Portion of times candidate was chosen by chance: 0.045872
--
EM for 11 states, 54 emission nodes. 10 observed values.
            gibbs: 0
    nGibbsItrPcnt: 0.8000
     annealParams: {}
           maxItr: 500
      convergeEps: 1.0000e-06
           minItr: 5
       parametric: 0
        initprobs: []
      persistBias: 0
          obsVals: []

- Initalized simulated annealing with params:
                     type: 'linear'
    max_chance_accpetance: 0.2000
             min_duration: 5
        min_init_duration: 5
             max_duration: 11
              converge_th: 1.0000e-06

--
Itr 1, LL= -2813825.720052 (Inf). Anneal status: T=NaN, dE=273.07, collecting statistics
Itr 2, LL= -831349.326762 (Inf). Anneal status: T=NaN, dE=-126.27, collecting statistics
Itr 3, LL= -824010.024470 (Inf). Anneal status: T=NaN, dE=-210.54, collecting statistics
Itr 4, LL= -810091.744973 (16890.910407). Anneal status: T=NaN, dE=-195.35, collecting statistics
Itr 5, LL= -800981.726994 (11245.662031). Anneal status: T=NaN, dE=-32.45, collecting statistics
Itr 6, LL= -796720.005446 (5320.622686). Anneal status: T=NaN, dE=-24.84, collecting statistics
Itr 7, LL= -794200.543613 (3162.292669). Anneal status: T=NaN, dE=49.99, collecting statistics
Itr 8, LL= -792592.290816 (2024.995841). Anneal status: T=NaN, dE=32.29, collecting statistics
Itr 9, LL= -791474.971255 (1409.702787). Anneal status: T=12.78, dE=32.05, candidate was rejected
Itr 10, LL= -790751.108396 (914.574540). Anneal status: T=12.78, dE=22.17, candidate was rejected
Itr 11, LL= -790237.768457 (649.180171). Anneal status: T=12.78, dE=-19.76, candidate was better
Itr 12, LL= -789808.383232 (543.362064). Anneal status: T=12.78, dE=48.40, candidate was rejected
Itr 13, LL= -789473.209246 (424.373802). Anneal status: T=12.78, dE=27.29, candidate was chosen by chance
Itr 14, LL= -789132.028587 (432.162428). Anneal status: T=11.50, dE=9.77, candidate was rejected
Itr 15, LL= -788854.563245 (351.608263). Anneal status: T=11.50, dE=13.66, candidate was rejected
Itr 16, LL= -788604.924260 (316.457553). Anneal status: T=11.50, dE=51.99, candidate was rejected
Itr 17, LL= -788370.747365 (296.950840). Anneal status: T=11.50, dE=46.15, candidate was rejected
Itr 18, LL= -788172.954198 (250.888517). Anneal status: T=11.50, dE=2.26, candidate was chosen by chance
Itr 19, LL= -787992.026972 (229.552695). Anneal status: T=10.22, dE=5.89, candidate was chosen by chance
Itr 20, LL= -787826.056599 (210.624431). Anneal status: T=10.22, dE=0.54, candidate was chosen by chance
Itr 21, LL= -787694.109838 (167.482098). Anneal status: T=10.22, dE=9.19, candidate was rejected
Itr 22, LL= -787584.146574 (139.601481). Anneal status: T=10.22, dE=8.00, candidate was rejected
Itr 23, LL= -787495.052702 (113.122987). Anneal status: T=10.22, dE=40.71, candidate was rejected
Itr 24, LL= -787424.644392 (89.407940). Anneal status: T=8.95, dE=9.88, candidate was rejected
Itr 25, LL= -787371.868686 (67.023183). Anneal status: T=8.95, dE=25.90, candidate was rejected
Itr 26, LL= -787330.738165 (52.237732). Anneal status: T=8.95, dE=23.44, candidate was rejected
Itr 27, LL= -787298.154406 (41.385097). Anneal status: T=8.95, dE=30.99, candidate was rejected
Itr 28, LL= -787269.953026 (35.820458). Anneal status: T=8.95, dE=9.93, candidate was rejected
Itr 29, LL= -787247.629978 (28.355010). Anneal status: T=7.67, dE=19.61, candidate was rejected
Itr 30, LL= -787228.496975 (24.303665). Anneal status: T=7.67, dE=46.84, candidate was rejected
Itr 31, LL= -787214.244338 (18.104829). Anneal status: T=7.67, dE=2.31, candidate was chosen by chance
Itr 32, LL= -787195.364729 (23.982808). Anneal status: T=7.67, dE=9.31, candidate was rejected
Itr 33, LL= -787179.947047 (19.585586). Anneal status: T=7.67, dE=11.40, candidate was rejected
Itr 34, LL= -787169.034956 (13.862258). Anneal status: T=6.39, dE=7.49, candidate was rejected
Itr 35, LL= -787158.803622 (12.997632). Anneal status: T=6.39, dE=14.53, candidate was rejected
Itr 36, LL= -787151.290823 (9.544198). Anneal status: T=6.39, dE=10.58, candidate was rejected
Itr 37, LL= -787145.682289 (7.125103). Anneal status: T=6.39, dE=24.24, candidate was rejected
Itr 38, LL= -787140.127292 (7.057140). Anneal status: T=6.39, dE=26.59, candidate was rejected
Itr 39, LL= -787133.790928 (8.049856). Anneal status: T=5.11, dE=21.39, candidate was rejected
Itr 40, LL= -787125.719801 (10.253818). Anneal status: T=5.11, dE=3.61, candidate was rejected
Itr 41, LL= -787116.343003 (11.912706). Anneal status: T=5.11, dE=13.57, candidate was rejected
Itr 42, LL= -787108.981985 (9.351881). Anneal status: T=5.11, dE=19.78, candidate was rejected
Itr 43, LL= -787101.006595 (10.132511). Anneal status: T=5.11, dE=3.50, candidate was rejected
Itr 44, LL= -787097.346492 (4.650106). Anneal status: T=3.83, dE=11.35, candidate was rejected
Itr 45, LL= -787093.529418 (4.849558). Anneal status: T=3.83, dE=41.11, candidate was rejected
Itr 46, LL= -787089.854270 (4.669264). Anneal status: T=3.83, dE=16.95, candidate was rejected
Itr 47, LL= -787087.214290 (3.354102). Anneal status: T=3.83, dE=26.74, candidate was rejected
Itr 48, LL= -787085.113668 (2.668856). Anneal status: T=3.83, dE=21.98, candidate was rejected
Itr 49, LL= -787083.234913 (2.386978). Anneal status: T=2.56, dE=6.65, candidate was rejected
Itr 50, LL= -787081.504877 (2.198035). Anneal status: T=2.56, dE=23.26, candidate was rejected
Itr 51, LL= -787079.842351 (2.112266). Anneal status: T=2.56, dE=5.68, candidate was rejected
Itr 52, LL= -787077.586814 (2.865702). Anneal status: T=2.56, dE=8.69, candidate was rejected
Itr 53, LL= -787074.064404 (4.475303). Anneal status: T=2.56, dE=33.88, candidate was rejected
Itr 54, LL= -787071.724138 (2.973373). Anneal status: T=1.28, dE=22.71, candidate was rejected
Itr 55, LL= -787069.618458 (2.675335). Anneal status: T=1.28, dE=9.79, candidate was rejected
Itr 56, LL= -787066.143010 (4.415681). Anneal status: T=1.28, dE=53.08, candidate was rejected
Itr 57, LL= -787063.523394 (3.328329). Anneal status: T=1.28, dE=2.50, candidate was rejected
Itr 58, LL= -787061.114843 (3.060174). Anneal status: T=1.28, dE=6.02, candidate was rejected
Itr 59, LL= -787058.142309 (3.776751). Anneal status: T=0.00, dE=36.09, candidate was rejected
Itr 60, LL= -787055.842904 (2.921518). Anneal status: T=0.00, dE=31.00, candidate was rejected
Itr 61, LL= -787053.977016 (2.370719). Anneal status: T=0.00, dE=24.40, candidate was rejected
Itr 62, LL= -787052.450147 (1.939980). Anneal status: T=0.00, dE=6.55, candidate was rejected
Itr 63, LL= -787051.151470 (1.650052). Anneal status: T=0.00, dE=20.60, candidate was rejected
Itr 64, LL= -787049.917330 (1.568055). Anneal status: T=0.00, dE=9.95, candidate was rejected
Itr 65, LL= -787047.935194 (2.518438). Anneal status: T=0.00, dE=26.54, candidate was rejected
Itr 66, LL= -787044.798737 (3.985090). Anneal status: T=0.00, dE=10.36, candidate was rejected
Itr 67, LL= -787043.043118 (2.230646). Anneal status: T=0.00, dE=13.99, candidate was rejected
Itr 68, LL= -787041.732986 (1.664626). Anneal status: T=0.00, dE=9.95, candidate was rejected
Itr 69, LL= -787040.513665 (1.549246). Anneal status: T=0.00, dE=20.54, candidate was rejected
Itr 70, LL= -787039.434588 (1.371057). Anneal status: T=0.00, dE=25.80, candidate was rejected
Itr 71, LL= -787038.513998 (1.169687). Anneal status: T=0.00, dE=22.78, candidate was rejected
Itr 72, LL= -787037.695363 (1.040147). Anneal status: T=0.00, dE=3.10, candidate was rejected
Itr 73, LL= -787036.554213 (1.449930). Anneal status: T=0.00, dE=12.59, candidate was rejected
Itr 74, LL= -787033.926743 (3.338435). Anneal status: T=0.00, dE=31.25, candidate was rejected
Itr 75, LL= -787032.566959 (1.727732). Anneal status: T=0.00, dE=28.05, candidate was rejected
Itr 76, LL= -787031.773933 (1.007615). Anneal status: T=0.00, dE=7.53, candidate was rejected
Itr 77, LL= -787030.904760 (1.104369). Anneal status: T=0.00, dE=4.25, candidate was rejected
Itr 78, LL= -787030.063939 (1.068345). Anneal status: T=0.00, dE=21.69, candidate was rejected
Itr 79, LL= -787029.478275 (0.744144). Anneal status: T=0.00, dE=28.60, candidate was rejected
Itr 80, LL= -787029.064962 (0.525156). Anneal status: T=0.00, dE=7.67, candidate was rejected
Itr 81, LL= -787028.698469 (0.465667). Anneal status: T=0.00, dE=13.44, candidate was rejected
-- Annealing statistics:
Portion of times candidate was better: 0.012346
Portion of times candidate was chosen by chance: 0.061728
--
>> 