My SLURM_ARRAY_TASK_ID:  13

                            < M A T L A B (R) >
                  Copyright 1984-2014 The MathWorks, Inc.
                   R2014b (8.4.0.150421) 64-bit (glnxa64)
                             September 15, 2014

 
For online documentation, see http://www.mathworks.com/support
For product information, visit www.mathworks.com.
 
EM for 13 states, 100 emission nodes. 12 observed values.
            gibbs: 0
    nGibbsItrPcnt: 0.8000
     annealParams: {}
           maxItr: 500
      convergeEps: 1.0000e-06
           minItr: 5
       parametric: 0
        initprobs: []
      persistBias: 0
          obsVals: []

- Initalized simulated annealing with params:
                     type: 'linear'
    max_chance_accpetance: 0.2000
             min_duration: 5
        min_init_duration: 5
             max_duration: 11
              converge_th: 1.0000e-06

--
Itr 1, LL= -15985352.108552 (Inf). Anneal status: T=NaN, dE=-1106.47, collecting statistics
Itr 2, LL= -2802879.611587 (Inf). Anneal status: T=NaN, dE=-5.22, collecting statistics
Itr 3, LL= -2775409.957344 (Inf). Anneal status: T=NaN, dE=-427.31, collecting statistics
Itr 4, LL= -2744486.277269 (11142.022458). Anneal status: T=NaN, dE=157.93, collecting statistics
Itr 5, LL= -2720709.210286 (8663.576561). Anneal status: T=NaN, dE=-504.56, collecting statistics
Itr 6, LL= -2706036.071650 (5393.130063). Anneal status: T=NaN, dE=-534.37, collecting statistics
Itr 7, LL= -2697842.436400 (3027.910580). Anneal status: T=NaN, dE=23.24, collecting statistics
Itr 8, LL= -2693121.969668 (1749.719208). Anneal status: T=NaN, dE=-138.14, collecting statistics
Itr 9, LL= -2690232.644123 (1072.853579). Anneal status: T=NaN, dE=46.15, collecting statistics
Itr 10, LL= -2688240.213259 (740.616567). Anneal status: T=NaN, dE=-24.73, collecting statistics
Itr 11, LL= -2686776.343030 (544.545916). Anneal status: T=NaN, dE=-9.19, collecting statistics
Itr 12, LL= -2685675.418648 (409.756616). Anneal status: T=13.77, dE=191.70, candidate was rejected
Itr 13, LL= -2684851.104420 (306.929952). Anneal status: T=13.77, dE=44.88, candidate was rejected
Itr 14, LL= -2684223.125715 (233.897032). Anneal status: T=13.77, dE=6.55, candidate was chosen by chance
Itr 15, LL= -2683761.840576 (171.850519). Anneal status: T=13.77, dE=44.45, candidate was chosen by chance
Itr 16, LL= -2683359.299044 (149.991526). Anneal status: T=13.77, dE=62.64, candidate was rejected
Itr 17, LL= -2683094.426233 (98.709409). Anneal status: T=12.39, dE=63.20, candidate was rejected
Itr 18, LL= -2682880.816077 (79.613357). Anneal status: T=12.39, dE=54.28, candidate was rejected
Itr 19, LL= -2682745.091967 (50.588945). Anneal status: T=12.39, dE=128.09, candidate was rejected
Itr 20, LL= -2682654.063898 (33.930942). Anneal status: T=12.39, dE=26.30, candidate was rejected
Itr 21, LL= -2682581.674724 (26.984163). Anneal status: T=12.39, dE=93.59, candidate was rejected
Itr 22, LL= -2682529.538538 (19.435079). Anneal status: T=11.01, dE=47.92, candidate was rejected
Itr 23, LL= -2682485.075899 (16.574893). Anneal status: T=11.01, dE=9.74, candidate was rejected
Itr 24, LL= -2682451.933957 (12.354940). Anneal status: T=11.01, dE=45.17, candidate was rejected
Itr 25, LL= -2682421.367968 (11.394795). Anneal status: T=11.01, dE=76.12, candidate was rejected
Itr 26, LL= -2682412.635456 (3.255459). Anneal status: T=11.01, dE=17.72, candidate was chosen by chance
Itr 27, LL= -2682374.532444 (14.204754). Anneal status: T=9.64, dE=82.50, candidate was rejected
Itr 28, LL= -2682348.238094 (9.802639). Anneal status: T=9.64, dE=16.27, candidate was rejected
Itr 29, LL= -2682323.079477 (9.379325). Anneal status: T=9.64, dE=242.92, candidate was rejected
Itr 30, LL= -2682308.617728 (5.391502). Anneal status: T=9.64, dE=198.62, candidate was rejected
Itr 31, LL= -2682299.034513 (3.572749). Anneal status: T=9.64, dE=2.58, candidate was chosen by chance
Itr 32, LL= -2682285.379756 (5.090692). Anneal status: T=8.26, dE=67.12, candidate was rejected
Itr 33, LL= -2682277.474114 (2.947353). Anneal status: T=8.26, dE=1.68, candidate was chosen by chance
Itr 34, LL= -2682266.194795 (4.205128). Anneal status: T=8.26, dE=26.19, candidate was rejected
Itr 35, LL= -2682254.149426 (4.490743). Anneal status: T=8.26, dE=11.88, candidate was rejected
Itr 36, LL= -2682236.756146 (6.484576). Anneal status: T=8.26, dE=17.62, candidate was rejected
Itr 37, LL= -2682225.514830 (4.191023). Anneal status: T=6.88, dE=18.03, candidate was rejected
Itr 38, LL= -2682217.822898 (2.867742). Anneal status: T=6.88, dE=3.59, candidate was rejected
Itr 39, LL= -2682211.415604 (2.388805). Anneal status: T=6.88, dE=32.48, candidate was rejected
Itr 40, LL= -2682204.847801 (2.448652). Anneal status: T=6.88, dE=37.62, candidate was rejected
Itr 41, LL= -2682201.379040 (1.293250). Anneal status: T=6.88, dE=63.69, candidate was rejected
Itr 42, LL= -2682198.445565 (1.093682). Anneal status: T=5.51, dE=129.43, candidate was rejected
Itr 43, LL= -2682195.830633 (0.974921). Anneal status: T=5.51, dE=61.92, candidate was rejected
Itr 44, LL= -2682192.399406 (1.279260). Anneal status: T=5.51, dE=103.85, candidate was rejected
Itr 45, LL= -2682187.577023 (1.797926). Anneal status: T=5.51, dE=10.98, candidate was rejected
Itr 46, LL= -2682182.786634 (1.786001). Anneal status: T=5.51, dE=20.34, candidate was rejected
Itr 47, LL= -2682180.051921 (1.019585). Anneal status: T=4.13, dE=32.97, candidate was rejected
Itr 48, LL= -2682177.151389 (1.081408). Anneal status: T=4.13, dE=10.89, candidate was rejected
Itr 49, LL= -2682172.789471 (1.626260). Anneal status: T=4.13, dE=40.92, candidate was rejected
Itr 50, LL= -2682168.393512 (1.638954). Anneal status: T=4.13, dE=39.54, candidate was rejected
Itr 51, LL= -2682165.597356 (1.042498). Anneal status: T=4.13, dE=11.05, candidate was rejected
Itr 52, LL= -2682163.261968 (0.870710). Anneal status: T=2.75, dE=22.98, candidate was rejected
Itr 53, LL= -2682160.923185 (0.871976). Anneal status: T=2.75, dE=245.81, candidate was rejected
Itr 54, LL= -2682159.148401 (0.661699). Anneal status: T=2.75, dE=78.89, candidate was rejected
-- Annealing statistics:
Portion of times candidate was better: 0.000000
Portion of times candidate was chosen by chance: 0.092593
--
EM for 13 states, 100 emission nodes. 12 observed values.
            gibbs: 0
    nGibbsItrPcnt: 0.8000
     annealParams: {}
           maxItr: 500
      convergeEps: 1.0000e-06
           minItr: 5
       parametric: 0
        initprobs: []
      persistBias: 0
          obsVals: []

- Initalized simulated annealing with params:
                     type: 'linear'
    max_chance_accpetance: 0.2000
             min_duration: 5
        min_init_duration: 5
             max_duration: 11
              converge_th: 1.0000e-06

--
Itr 1, LL= -16004983.198458 (Inf). Anneal status: T=NaN, dE=-645.93, collecting statistics
Itr 2, LL= -2804141.328178 (Inf). Anneal status: T=NaN, dE=-126.82, collecting statistics
Itr 3, LL= -2774983.839627 (Inf). Anneal status: T=NaN, dE=-320.31, collecting statistics
Itr 4, LL= -2738148.880340 (13273.936504). Anneal status: T=NaN, dE=-185.90, collecting statistics
Itr 5, LL= -2709707.490560 (10387.086686). Anneal status: T=NaN, dE=-313.21, collecting statistics
Itr 6, LL= -2694807.849039 (5498.616206). Anneal status: T=NaN, dE=-487.87, collecting statistics
Itr 7, LL= -2687950.057466 (2544.816535). Anneal status: T=NaN, dE=-7.32, collecting statistics
Itr 8, LL= -2683579.452576 (1625.999292). Anneal status: T=NaN, dE=33.16, collecting statistics
Itr 9, LL= -2679834.052405 (1395.673293). Anneal status: T=NaN, dE=46.48, collecting statistics
Itr 10, LL= -2676542.542919 (1228.251236). Anneal status: T=NaN, dE=105.41, collecting statistics
Itr 11, LL= -2674037.702689 (935.849212). Anneal status: T=17.45, dE=53.84, candidate was rejected
Itr 12, LL= -2672260.862339 (664.478421). Anneal status: T=17.45, dE=38.86, candidate was rejected
Itr 13, LL= -2671008.240146 (468.749968). Anneal status: T=17.45, dE=125.74, candidate was rejected
Itr 14, LL= -2670076.197141 (348.948008). Anneal status: T=17.45, dE=16.01, candidate was rejected
Itr 15, LL= -2669294.047886 (292.931436). Anneal status: T=17.45, dE=17.69, candidate was rejected
Itr 16, LL= -2668653.864655 (239.832413). Anneal status: T=15.70, dE=118.71, candidate was rejected
Itr 17, LL= -2668041.620878 (229.420453). Anneal status: T=15.70, dE=210.41, candidate was rejected
Itr 18, LL= -2667395.975075 (241.992403). Anneal status: T=15.70, dE=-1.88, candidate was better
Itr 19, LL= -2666694.071497 (263.141875). Anneal status: T=15.70, dE=138.39, candidate was rejected
Itr 20, LL= -2666023.034537 (251.636274). Anneal status: T=15.70, dE=70.87, candidate was rejected
Itr 21, LL= -2665484.586937 (201.966597). Anneal status: T=13.96, dE=41.89, candidate was rejected
Itr 22, LL= -2664988.665573 (186.052985). Anneal status: T=13.96, dE=25.18, candidate was rejected
Itr 23, LL= -2664546.125213 (166.057126). Anneal status: T=13.96, dE=10.15, candidate was rejected
Itr 24, LL= -2664163.281467 (143.680660). Anneal status: T=13.96, dE=61.45, candidate was rejected
Itr 25, LL= -2663798.710918 (136.842420). Anneal status: T=13.96, dE=65.53, candidate was rejected
Itr 26, LL= -2663471.269611 (122.922691). Anneal status: T=12.21, dE=155.80, candidate was rejected
Itr 27, LL= -2663192.238181 (104.762320). Anneal status: T=12.21, dE=170.94, candidate was rejected
Itr 28, LL= -2662952.463280 (90.032893). Anneal status: T=12.21, dE=145.69, candidate was rejected
Itr 29, LL= -2662740.434180 (79.621812). Anneal status: T=12.21, dE=33.87, candidate was rejected
Itr 30, LL= -2662566.629430 (65.272885). Anneal status: T=12.21, dE=61.91, candidate was rejected
Itr 31, LL= -2662411.610170 (58.221739). Anneal status: T=10.47, dE=76.84, candidate was rejected
Itr 32, LL= -2662237.552045 (65.376114). Anneal status: T=10.47, dE=17.73, candidate was rejected
Itr 33, LL= -2662069.545503 (63.107269). Anneal status: T=10.47, dE=150.37, candidate was rejected
Itr 34, LL= -2661924.299847 (54.561180). Anneal status: T=10.47, dE=51.00, candidate was rejected
Itr 35, LL= -2661793.211480 (49.245715). Anneal status: T=10.47, dE=44.65, candidate was rejected
Itr 36, LL= -2661661.818010 (49.362764). Anneal status: T=8.72, dE=77.97, candidate was rejected
Itr 37, LL= -2661566.098572 (35.962284). Anneal status: T=8.72, dE=48.35, candidate was rejected
Itr 38, LL= -2661482.883861 (31.265318). Anneal status: T=8.72, dE=29.99, candidate was rejected
Itr 39, LL= -2661396.599516 (32.419651). Anneal status: T=8.72, dE=14.20, candidate was chosen by chance
Itr 40, LL= -2661314.738934 (30.758505). Anneal status: T=8.72, dE=32.03, candidate was rejected
Itr 41, LL= -2661258.490512 (21.135577). Anneal status: T=6.98, dE=68.20, candidate was rejected
Itr 42, LL= -2661195.471856 (23.680021). Anneal status: T=6.98, dE=52.58, candidate was rejected
Itr 43, LL= -2661133.080167 (23.444985). Anneal status: T=6.98, dE=15.99, candidate was rejected
Itr 44, LL= -2661083.570037 (18.604906). Anneal status: T=6.98, dE=141.50, candidate was rejected
Itr 45, LL= -2661032.150667 (19.322719). Anneal status: T=6.98, dE=150.19, candidate was rejected
Itr 46, LL= -2660984.526074 (17.897038). Anneal status: T=5.23, dE=105.11, candidate was rejected
Itr 47, LL= -2660932.205248 (19.662206). Anneal status: T=5.23, dE=76.42, candidate was rejected
Itr 48, LL= -2660896.495324 (13.420080). Anneal status: T=5.23, dE=52.19, candidate was rejected
Itr 49, LL= -2660876.828529 (7.391041). Anneal status: T=5.23, dE=126.57, candidate was rejected
Itr 50, LL= -2660859.974996 (6.333827). Anneal status: T=5.23, dE=85.37, candidate was rejected
Itr 51, LL= -2660837.938249 (8.281814). Anneal status: T=3.49, dE=232.84, candidate was rejected
Itr 52, LL= -2660818.194965 (7.419950). Anneal status: T=3.49, dE=36.10, candidate was rejected
Itr 53, LL= -2660807.306854 (4.092016). Anneal status: T=3.49, dE=86.77, candidate was rejected
Itr 54, LL= -2660794.254843 (4.905282). Anneal status: T=3.49, dE=24.20, candidate was rejected
Itr 55, LL= -2660780.338468 (5.230158). Anneal status: T=3.49, dE=54.18, candidate was rejected
Itr 56, LL= -2660767.310689 (4.896225). Anneal status: T=1.74, dE=19.75, candidate was rejected
Itr 57, LL= -2660755.486062 (4.444066). Anneal status: T=1.74, dE=63.73, candidate was rejected
Itr 58, LL= -2660744.557743 (4.107224). Anneal status: T=1.74, dE=10.93, candidate was rejected
Itr 59, LL= -2660735.250839 (3.497857). Anneal status: T=1.74, dE=55.67, candidate was rejected
Itr 60, LL= -2660726.665534 (3.226667). Anneal status: T=1.74, dE=161.57, candidate was rejected
Itr 61, LL= -2660719.004486 (2.879306). Anneal status: T=0.00, dE=40.39, candidate was rejected
Itr 62, LL= -2660712.083193 (2.601287). Anneal status: T=0.00, dE=111.14, candidate was rejected
Itr 63, LL= -2660705.197790 (2.587805). Anneal status: T=0.00, dE=108.57, candidate was rejected
Itr 64, LL= -2660697.451464 (2.911381). Anneal status: T=0.00, dE=71.74, candidate was rejected
Itr 65, LL= -2660682.096360 (5.771082). Anneal status: T=0.00, dE=72.71, candidate was rejected
Itr 66, LL= -2660661.581273 (7.710461). Anneal status: T=0.00, dE=54.05, candidate was rejected
Itr 67, LL= -2660648.044531 (5.087735). Anneal status: T=0.00, dE=100.56, candidate was rejected
Itr 68, LL= -2660632.516945 (5.836017). Anneal status: T=0.00, dE=26.25, candidate was rejected
Itr 69, LL= -2660620.990092 (4.332373). Anneal status: T=0.00, dE=143.91, candidate was rejected
Itr 70, LL= -2660608.581725 (4.663711). Anneal status: T=0.00, dE=127.77, candidate was rejected
Itr 71, LL= -2660597.457987 (4.180900). Anneal status: T=0.00, dE=68.43, candidate was rejected
Itr 72, LL= -2660589.040593 (3.163723). Anneal status: T=0.00, dE=14.37, candidate was rejected
Itr 73, LL= -2660581.377979 (2.880044). Anneal status: T=0.00, dE=27.98, candidate was rejected
Itr 74, LL= -2660575.255974 (2.301003). Anneal status: T=0.00, dE=45.99, candidate was rejected
Itr 75, LL= -2660570.324555 (1.853516). Anneal status: T=0.00, dE=123.24, candidate was rejected
Itr 76, LL= -2660565.330196 (1.877176). Anneal status: T=0.00, dE=43.57, candidate was rejected
Itr 77, LL= -2660559.466281 (2.204011). Anneal status: T=0.00, dE=26.18, candidate was rejected
Itr 78, LL= -2660550.106129 (3.518114). Anneal status: T=0.00, dE=86.08, candidate was rejected
Itr 79, LL= -2660538.803862 (4.248094). Anneal status: T=0.00, dE=15.05, candidate was rejected
Itr 80, LL= -2660532.070084 (2.530983). Anneal status: T=0.00, dE=47.41, candidate was rejected
Itr 81, LL= -2660526.527144 (2.083395). Anneal status: T=0.00, dE=103.26, candidate was rejected
Itr 82, LL= -2660521.336554 (1.950963). Anneal status: T=0.00, dE=149.32, candidate was rejected
Itr 83, LL= -2660516.110227 (1.964399). Anneal status: T=0.00, dE=39.58, candidate was rejected
Itr 84, LL= -2660507.551648 (3.216887). Anneal status: T=0.00, dE=59.14, candidate was rejected
Itr 85, LL= -2660492.225212 (5.760719). Anneal status: T=0.00, dE=22.00, candidate was rejected
Itr 86, LL= -2660480.438444 (4.430296). Anneal status: T=0.00, dE=14.94, candidate was rejected
Itr 87, LL= -2660472.081354 (3.141196). Anneal status: T=0.00, dE=44.05, candidate was rejected
Itr 88, LL= -2660464.264588 (2.938112). Anneal status: T=0.00, dE=20.24, candidate was rejected
Itr 89, LL= -2660457.467694 (2.554777). Anneal status: T=0.00, dE=73.56, candidate was rejected
Itr 90, LL= -2660450.928964 (2.457747). Anneal status: T=0.00, dE=26.97, candidate was rejected
Itr 91, LL= -2660443.954533 (2.621522). Anneal status: T=0.00, dE=111.45, candidate was rejected
Itr 92, LL= -2660437.025275 (2.604549). Anneal status: T=0.00, dE=11.83, candidate was rejected
Itr 93, LL= -2660429.651053 (2.771809). Anneal status: T=0.00, dE=74.47, candidate was rejected
Itr 94, LL= -2660421.889322 (2.917473). Anneal status: T=0.00, dE=52.12, candidate was rejected
Itr 95, LL= -2660414.509860 (2.773794). Anneal status: T=0.00, dE=147.08, candidate was rejected
Itr 96, LL= -2660407.711298 (2.555452). Anneal status: T=0.00, dE=129.54, candidate was rejected
Itr 97, LL= -2660401.618933 (2.290012). Anneal status: T=0.00, dE=76.06, candidate was rejected
Itr 98, LL= -2660395.097041 (2.451469). Anneal status: T=0.00, dE=44.31, candidate was rejected
Itr 99, LL= -2660389.432645 (2.129156). Anneal status: T=0.00, dE=19.29, candidate was rejected
Itr 100, LL= -2660384.398706 (1.892181). Anneal status: T=0.00, dE=39.15, candidate was rejected
Itr 101, LL= -2660378.108193 (2.364513). Anneal status: T=0.00, dE=28.55, candidate was rejected
Itr 102, LL= -2660372.912420 (1.953020). Anneal status: T=0.00, dE=69.20, candidate was rejected
Itr 103, LL= -2660368.949605 (1.489571). Anneal status: T=0.00, dE=29.07, candidate was rejected
Itr 104, LL= -2660364.436891 (1.696274). Anneal status: T=0.00, dE=163.85, candidate was rejected
Itr 105, LL= -2660358.486650 (2.236626). Anneal status: T=0.00, dE=13.32, candidate was rejected
Itr 106, LL= -2660351.855701 (2.492502). Anneal status: T=0.00, dE=99.50, candidate was rejected
Itr 107, LL= -2660348.694013 (1.188447). Anneal status: T=0.00, dE=121.81, candidate was rejected
Itr 108, LL= -2660345.823423 (1.079028). Anneal status: T=0.00, dE=15.42, candidate was rejected
Itr 109, LL= -2660343.085048 (1.029330). Anneal status: T=0.00, dE=75.02, candidate was rejected
Itr 110, LL= -2660340.389489 (1.013238). Anneal status: T=0.00, dE=27.02, candidate was rejected
Itr 111, LL= -2660337.650487 (1.029568). Anneal status: T=0.00, dE=130.08, candidate was rejected
Itr 112, LL= -2660334.986015 (1.001554). Anneal status: T=0.00, dE=63.36, candidate was rejected
Itr 113, LL= -2660332.292706 (1.012395). Anneal status: T=0.00, dE=8.69, candidate was rejected
Itr 114, LL= -2660323.999784 (3.117250). Anneal status: T=0.00, dE=263.55, candidate was rejected
Itr 115, LL= -2660314.147205 (3.703526). Anneal status: T=0.00, dE=30.94, candidate was rejected
Itr 116, LL= -2660308.534672 (2.109726). Anneal status: T=0.00, dE=10.45, candidate was rejected
Itr 117, LL= -2660303.148995 (2.024456). Anneal status: T=0.00, dE=32.34, candidate was rejected
Itr 118, LL= -2660297.630243 (2.074483). Anneal status: T=0.00, dE=20.37, candidate was rejected
Itr 119, LL= -2660292.673747 (1.863136). Anneal status: T=0.00, dE=25.65, candidate was rejected
Itr 120, LL= -2660287.539528 (1.929945). Anneal status: T=0.00, dE=41.80, candidate was rejected
Itr 121, LL= -2660282.862498 (1.758092). Anneal status: T=0.00, dE=86.55, candidate was rejected
Itr 122, LL= -2660280.162221 (1.015034). Anneal status: T=0.00, dE=73.31, candidate was rejected
Itr 123, LL= -2660278.294496 (0.702078). Anneal status: T=0.00, dE=54.55, candidate was rejected
Itr 124, LL= -2660276.604893 (0.635123). Anneal status: T=0.00, dE=11.13, candidate was rejected
Itr 125, LL= -2660274.334747 (0.853350). Anneal status: T=0.00, dE=28.68, candidate was rejected
-- Annealing statistics:
Portion of times candidate was better: 0.008000
Portion of times candidate was chosen by chance: 0.008000
--
EM for 13 states, 100 emission nodes. 12 observed values.
            gibbs: 0
    nGibbsItrPcnt: 0.8000
     annealParams: {}
           maxItr: 500
      convergeEps: 1.0000e-06
           minItr: 5
       parametric: 0
        initprobs: []
      persistBias: 0
          obsVals: []

- Initalized simulated annealing with params:
                     type: 'linear'
    max_chance_accpetance: 0.2000
             min_duration: 5
        min_init_duration: 5
             max_duration: 11
              converge_th: 1.0000e-06

--
Itr 1, LL= -16027919.401874 (Inf). Anneal status: T=NaN, dE=-269.34, collecting statistics
Itr 2, LL= -2802919.845093 (Inf). Anneal status: T=NaN, dE=-58.63, collecting statistics
Itr 3, LL= -2776250.600021 (Inf). Anneal status: T=NaN, dE=-725.22, collecting statistics
Itr 4, LL= -2742494.387639 (12158.921238). Anneal status: T=NaN, dE=-502.67, collecting statistics
Itr 5, LL= -2719003.373697 (8565.565001). Anneal status: T=NaN, dE=-394.62, collecting statistics
Itr 6, LL= -2705475.649033 (4975.251151). Anneal status: T=NaN, dE=14.08, collecting statistics
Itr 7, LL= -2697125.503245 (3086.387339). Anneal status: T=NaN, dE=115.93, collecting statistics
Itr 8, LL= -2691510.301505 (2081.920820). Anneal status: T=NaN, dE=93.64, collecting statistics
Itr 9, LL= -2687264.357877 (1577.532000). Anneal status: T=21.76, dE=96.89, candidate was rejected
Itr 10, LL= -2684211.230119 (1136.147156). Anneal status: T=21.76, dE=-17.76, candidate was better
Itr 11, LL= -2681744.148993 (919.108414). Anneal status: T=21.76, dE=101.59, candidate was rejected
Itr 12, LL= -2679559.241308 (814.733831). Anneal status: T=21.76, dE=0.57, candidate was chosen by chance
Itr 13, LL= -2677840.161437 (641.553224). Anneal status: T=21.76, dE=1.35, candidate was chosen by chance
Itr 14, LL= -2676603.661324 (461.752770). Anneal status: T=19.58, dE=67.16, candidate was rejected
Itr 15, LL= -2675750.448368 (318.767014). Anneal status: T=19.58, dE=19.19, candidate was rejected
Itr 16, LL= -2674995.963319 (281.971381). Anneal status: T=19.58, dE=100.34, candidate was rejected
Itr 17, LL= -2674156.051499 (313.986201). Anneal status: T=19.58, dE=44.07, candidate was rejected
Itr 18, LL= -2673322.323354 (311.772436). Anneal status: T=19.58, dE=12.95, candidate was chosen by chance
Itr 19, LL= -2672542.400759 (291.742820). Anneal status: T=17.41, dE=6.36, candidate was rejected
Itr 20, LL= -2671845.884791 (260.619240). Anneal status: T=17.41, dE=21.54, candidate was rejected
Itr 21, LL= -2671222.650937 (233.259657). Anneal status: T=17.41, dE=57.66, candidate was rejected
Itr 22, LL= -2670791.532379 (161.393719). Anneal status: T=17.41, dE=23.26, candidate was rejected
Itr 23, LL= -2670422.840372 (138.045970). Anneal status: T=17.41, dE=20.71, candidate was rejected
Itr 24, LL= -2670117.823006 (114.220625). Anneal status: T=15.23, dE=4.26, candidate was chosen by chance
Itr 25, LL= -2669909.620710 (77.974947). Anneal status: T=15.23, dE=35.54, candidate was rejected
Itr 26, LL= -2669753.321900 (58.540861). Anneal status: T=15.23, dE=19.21, candidate was rejected
Itr 27, LL= -2669613.023579 (52.551043). Anneal status: T=15.23, dE=92.81, candidate was rejected
Itr 28, LL= -2669451.181188 (60.623914). Anneal status: T=15.23, dE=40.99, candidate was rejected
Itr 29, LL= -2669342.196745 (40.826535). Anneal status: T=13.05, dE=16.90, candidate was rejected
Itr 30, LL= -2669282.626465 (22.316464). Anneal status: T=13.05, dE=48.25, candidate was rejected
Itr 31, LL= -2669235.815802 (17.536796). Anneal status: T=13.05, dE=22.80, candidate was rejected
Itr 32, LL= -2669188.422492 (17.755385). Anneal status: T=13.05, dE=58.42, candidate was rejected
Itr 33, LL= -2669127.590277 (22.790528). Anneal status: T=13.05, dE=26.04, candidate was rejected
Itr 34, LL= -2669087.775358 (14.916829). Anneal status: T=10.88, dE=81.77, candidate was rejected
Itr 35, LL= -2669044.877989 (16.071922). Anneal status: T=10.88, dE=36.72, candidate was rejected
Itr 36, LL= -2669011.272625 (12.590783). Anneal status: T=10.88, dE=87.02, candidate was rejected
Itr 37, LL= -2668985.969881 (9.480194). Anneal status: T=10.88, dE=58.79, candidate was rejected
Itr 38, LL= -2668961.393176 (9.208256). Anneal status: T=10.88, dE=18.64, candidate was rejected
Itr 39, LL= -2668955.608527 (2.167378). Anneal status: T=8.70, dE=22.08, candidate was chosen by chance
Itr 40, LL= -2668921.237042 (12.878253). Anneal status: T=8.70, dE=38.12, candidate was rejected
Itr 41, LL= -2668905.498165 (5.897093). Anneal status: T=8.70, dE=7.21, candidate was rejected
Itr 42, LL= -2668888.285985 (6.449153). Anneal status: T=8.70, dE=57.43, candidate was rejected
Itr 43, LL= -2668871.073927 (6.449149). Anneal status: T=8.70, dE=100.66, candidate was rejected
Itr 44, LL= -2668861.803650 (3.473482). Anneal status: T=6.53, dE=116.64, candidate was rejected
Itr 45, LL= -2668848.685627 (4.915213). Anneal status: T=6.53, dE=42.85, candidate was rejected
Itr 46, LL= -2668834.127960 (5.454662). Anneal status: T=6.53, dE=9.23, candidate was rejected
Itr 47, LL= -2668824.671726 (3.543208). Anneal status: T=6.53, dE=9.57, candidate was rejected
Itr 48, LL= -2668810.620023 (5.265128). Anneal status: T=6.53, dE=138.11, candidate was rejected
Itr 49, LL= -2668796.166770 (5.415616). Anneal status: T=4.35, dE=78.56, candidate was rejected
Itr 50, LL= -2668782.788522 (5.012840). Anneal status: T=4.35, dE=89.39, candidate was rejected
Itr 51, LL= -2668767.621638 (5.683072). Anneal status: T=4.35, dE=68.79, candidate was rejected
Itr 52, LL= -2668756.953726 (3.997318). Anneal status: T=4.35, dE=82.50, candidate was rejected
Itr 53, LL= -2668752.012989 (1.851325). Anneal status: T=4.35, dE=32.58, candidate was rejected
Itr 54, LL= -2668746.529841 (2.054574). Anneal status: T=2.18, dE=123.07, candidate was rejected
Itr 55, LL= -2668739.752042 (2.539694). Anneal status: T=2.18, dE=68.17, candidate was rejected
Itr 56, LL= -2668732.185841 (2.835121). Anneal status: T=2.18, dE=42.60, candidate was rejected
Itr 57, LL= -2668726.416546 (2.161811). Anneal status: T=2.18, dE=33.47, candidate was rejected
Itr 58, LL= -2668720.665424 (2.155006). Anneal status: T=2.18, dE=80.72, candidate was rejected
Itr 59, LL= -2668713.678241 (2.618177). Anneal status: T=0.00, dE=62.97, candidate was rejected
Itr 60, LL= -2668707.089942 (2.468717). Anneal status: T=0.00, dE=227.84, candidate was rejected
Itr 61, LL= -2668701.659066 (2.035021). Anneal status: T=0.00, dE=40.33, candidate was rejected
Itr 62, LL= -2668695.100327 (2.457652). Anneal status: T=0.00, dE=38.91, candidate was rejected
Itr 63, LL= -2668689.871562 (1.959296). Anneal status: T=0.00, dE=12.62, candidate was rejected
Itr 64, LL= -2668686.200379 (1.375650). Anneal status: T=0.00, dE=82.47, candidate was rejected
Itr 65, LL= -2668682.221898 (1.490801). Anneal status: T=0.00, dE=23.73, candidate was rejected
Itr 66, LL= -2668677.262489 (1.858374). Anneal status: T=0.00, dE=70.43, candidate was rejected
Itr 67, LL= -2668670.990709 (2.350146). Anneal status: T=0.00, dE=66.07, candidate was rejected
Itr 68, LL= -2668666.578968 (1.653160). Anneal status: T=0.00, dE=53.61, candidate was rejected
Itr 69, LL= -2668662.161942 (1.655144). Anneal status: T=0.00, dE=7.05, candidate was rejected
Itr 70, LL= -2668649.222885 (4.848518). Anneal status: T=0.00, dE=34.46, candidate was rejected
Itr 71, LL= -2668641.504171 (2.892367). Anneal status: T=0.00, dE=31.81, candidate was rejected
Itr 72, LL= -2668638.383722 (1.169302). Anneal status: T=0.00, dE=26.88, candidate was rejected
Itr 73, LL= -2668636.252820 (0.798498). Anneal status: T=0.00, dE=36.12, candidate was rejected
Itr 74, LL= -2668632.622949 (1.360197). Anneal status: T=0.00, dE=175.64, candidate was rejected
Itr 75, LL= -2668629.891677 (1.023472). Anneal status: T=0.00, dE=67.07, candidate was rejected
Itr 76, LL= -2668628.790346 (0.412695). Anneal status: T=0.00, dE=198.61, candidate was rejected
Itr 77, LL= -2668627.834247 (0.358274). Anneal status: T=0.00, dE=91.94, candidate was rejected
Itr 78, LL= -2668624.343378 (1.308114). Anneal status: T=0.00, dE=53.78, candidate was rejected
Itr 79, LL= -2668622.765316 (0.591339). Anneal status: T=0.00, dE=10.46, candidate was rejected
Itr 80, LL= -2668622.000792 (0.286486). Anneal status: T=0.00, dE=236.79, candidate was rejected
Itr 81, LL= -2668621.131385 (0.325789). Anneal status: T=0.00, dE=137.37, candidate was rejected
-- Annealing statistics:
Portion of times candidate was better: 0.012346
Portion of times candidate was chosen by chance: 0.061728
--
EM for 13 states, 100 emission nodes. 12 observed values.
            gibbs: 0
    nGibbsItrPcnt: 0.8000
     annealParams: {}
           maxItr: 500
      convergeEps: 1.0000e-06
           minItr: 5
       parametric: 0
        initprobs: []
      persistBias: 0
          obsVals: []

- Initalized simulated annealing with params:
                     type: 'linear'
    max_chance_accpetance: 0.2000
             min_duration: 5
        min_init_duration: 5
             max_duration: 11
              converge_th: 1.0000e-06

--
Itr 1, LL= -16326128.012108 (Inf). Anneal status: T=NaN, dE=-1425.78, collecting statistics
Itr 2, LL= -2800705.569584 (Inf). Anneal status: T=NaN, dE=15.12, collecting statistics
Itr 3, LL= -2766833.093967 (Inf). Anneal status: T=NaN, dE=-109.96, collecting statistics
Itr 4, LL= -2730997.209359 (12951.950259). Anneal status: T=NaN, dE=-413.94, collecting statistics
Itr 5, LL= -2707031.591936 (8775.408975). Anneal status: T=NaN, dE=-279.60, collecting statistics
Itr 6, LL= -2694480.614712 (4636.435445). Anneal status: T=NaN, dE=284.36, collecting statistics
Itr 7, LL= -2687615.087225 (2547.996616). Anneal status: T=NaN, dE=-39.54, collecting statistics
Itr 8, LL= -2683586.945244 (1498.779346). Anneal status: T=NaN, dE=26.04, collecting statistics
Itr 9, LL= -2681102.060751 (925.956395). Anneal status: T=7.98, dE=25.37, candidate was rejected
Itr 10, LL= -2679332.151707 (660.142361). Anneal status: T=7.98, dE=73.26, candidate was rejected
Itr 11, LL= -2677938.480584 (520.156160). Anneal status: T=7.98, dE=17.32, candidate was chosen by chance
Itr 12, LL= -2676714.029909 (457.236297). Anneal status: T=7.98, dE=109.70, candidate was rejected
Itr 13, LL= -2675621.258751 (408.250992). Anneal status: T=7.98, dE=46.07, candidate was rejected
Itr 14, LL= -2674618.151644 (374.906241). Anneal status: T=7.19, dE=61.03, candidate was rejected
Itr 15, LL= -2673753.659213 (323.220879). Anneal status: T=7.19, dE=58.20, candidate was rejected
Itr 16, LL= -2672972.288075 (292.237520). Anneal status: T=7.19, dE=16.37, candidate was rejected
Itr 17, LL= -2672277.885138 (259.786808). Anneal status: T=7.19, dE=27.62, candidate was rejected
Itr 18, LL= -2671618.232089 (246.850469). Anneal status: T=7.19, dE=34.46, candidate was rejected
Itr 19, LL= -2671024.292416 (222.314575). Anneal status: T=6.39, dE=33.95, candidate was rejected
Itr 20, LL= -2670466.324995 (208.896423). Anneal status: T=6.39, dE=72.25, candidate was rejected
Itr 21, LL= -2669890.313533 (215.696958). Anneal status: T=6.39, dE=54.87, candidate was rejected
Itr 22, LL= -2669300.083040 (221.069191). Anneal status: T=6.39, dE=70.86, candidate was rejected
Itr 23, LL= -2668781.444898 (194.297429). Anneal status: T=6.39, dE=24.26, candidate was rejected
Itr 24, LL= -2668342.009716 (164.657613). Anneal status: T=5.59, dE=83.79, candidate was rejected
Itr 25, LL= -2667950.371514 (146.772116). Anneal status: T=5.59, dE=116.26, candidate was rejected
Itr 26, LL= -2667496.329857 (170.183697). Anneal status: T=5.59, dE=56.68, candidate was rejected
Itr 27, LL= -2667046.872812 (168.493969). Anneal status: T=5.59, dE=43.31, candidate was rejected
Itr 28, LL= -2666603.412582 (166.273879). Anneal status: T=5.59, dE=6.79, candidate was rejected
Itr 29, LL= -2666231.304147 (139.543973). Anneal status: T=4.79, dE=68.13, candidate was rejected
Itr 30, LL= -2665968.078419 (98.725766). Anneal status: T=4.79, dE=107.36, candidate was rejected
Itr 31, LL= -2665766.713217 (75.531738). Anneal status: T=4.79, dE=100.81, candidate was rejected
Itr 32, LL= -2665558.332602 (78.169111). Anneal status: T=4.79, dE=49.96, candidate was rejected
Itr 33, LL= -2665380.070740 (66.875994). Anneal status: T=4.79, dE=24.13, candidate was rejected
Itr 34, LL= -2665272.835819 (40.232506). Anneal status: T=3.99, dE=23.26, candidate was rejected
Itr 35, LL= -2665200.292120 (27.218114). Anneal status: T=3.99, dE=7.54, candidate was rejected
Itr 36, LL= -2665130.630188 (26.137598). Anneal status: T=3.99, dE=25.56, candidate was rejected
Itr 37, LL= -2665046.918881 (31.409832). Anneal status: T=3.99, dE=19.99, candidate was rejected
Itr 38, LL= -2664985.115008 (23.190539). Anneal status: T=3.99, dE=200.45, candidate was rejected
Itr 39, LL= -2664934.149615 (19.124082). Anneal status: T=3.19, dE=55.13, candidate was rejected
Itr 40, LL= -2664874.581001 (22.352753). Anneal status: T=3.19, dE=59.48, candidate was rejected
Itr 41, LL= -2664830.160098 (16.669041). Anneal status: T=3.19, dE=35.70, candidate was rejected
Itr 42, LL= -2664785.497834 (16.759891). Anneal status: T=3.19, dE=154.63, candidate was rejected
Itr 43, LL= -2664737.253859 (18.104262). Anneal status: T=3.19, dE=68.54, candidate was rejected
Itr 44, LL= -2664687.104130 (18.819765). Anneal status: T=2.40, dE=93.91, candidate was rejected
Itr 45, LL= -2664643.514906 (16.358102). Anneal status: T=2.40, dE=15.60, candidate was rejected
Itr 46, LL= -2664605.143577 (14.400174). Anneal status: T=2.40, dE=66.97, candidate was rejected
Itr 47, LL= -2664571.716471 (12.544863). Anneal status: T=2.40, dE=25.86, candidate was rejected
Itr 48, LL= -2664540.388950 (11.757057). Anneal status: T=2.40, dE=36.54, candidate was rejected
Itr 49, LL= -2664503.407141 (13.879245). Anneal status: T=1.60, dE=356.10, candidate was rejected
Itr 50, LL= -2664459.638259 (16.426656). Anneal status: T=1.60, dE=91.95, candidate was rejected
Itr 51, LL= -2664429.644929 (11.256816). Anneal status: T=1.60, dE=47.52, candidate was rejected
Itr 52, LL= -2664407.671553 (8.246934). Anneal status: T=1.60, dE=64.49, candidate was rejected
Itr 53, LL= -2664385.370814 (8.369867). Anneal status: T=1.60, dE=93.71, candidate was rejected
Itr 54, LL= -2664368.288562 (6.411329). Anneal status: T=0.80, dE=44.54, candidate was rejected
Itr 55, LL= -2664353.044820 (5.721334). Anneal status: T=0.80, dE=19.29, candidate was rejected
Itr 56, LL= -2664331.122177 (8.228130). Anneal status: T=0.80, dE=69.90, candidate was rejected
Itr 57, LL= -2664302.450376 (10.761350). Anneal status: T=0.80, dE=49.41, candidate was rejected
Itr 58, LL= -2664283.004563 (7.298651). Anneal status: T=0.80, dE=30.71, candidate was rejected
Itr 59, LL= -2664269.426367 (5.096379). Anneal status: T=0.00, dE=9.12, candidate was rejected
Itr 60, LL= -2664257.124373 (4.617399). Anneal status: T=0.00, dE=45.17, candidate was rejected
Itr 61, LL= -2664244.077511 (4.896998). Anneal status: T=0.00, dE=67.28, candidate was rejected
Itr 62, LL= -2664224.218124 (7.454042). Anneal status: T=0.00, dE=65.41, candidate was rejected
Itr 63, LL= -2664209.405777 (5.559723). Anneal status: T=0.00, dE=122.36, candidate was rejected
Itr 64, LL= -2664194.977511 (5.415590). Anneal status: T=0.00, dE=32.67, candidate was rejected
Itr 65, LL= -2664170.061312 (9.352243). Anneal status: T=0.00, dE=84.79, candidate was rejected
Itr 66, LL= -2664151.651510 (6.910145). Anneal status: T=0.00, dE=174.94, candidate was rejected
Itr 67, LL= -2664139.617687 (4.516944). Anneal status: T=0.00, dE=27.03, candidate was rejected
Itr 68, LL= -2664133.387644 (2.338482). Anneal status: T=0.00, dE=29.69, candidate was rejected
Itr 69, LL= -2664127.885183 (2.065385). Anneal status: T=0.00, dE=124.28, candidate was rejected
Itr 70, LL= -2664122.926806 (1.861163). Anneal status: T=0.00, dE=44.58, candidate was rejected
Itr 71, LL= -2664117.851135 (1.905194). Anneal status: T=0.00, dE=104.99, candidate was rejected
Itr 72, LL= -2664110.306513 (2.831940). Anneal status: T=0.00, dE=83.10, candidate was rejected
Itr 73, LL= -2664104.768034 (2.078923). Anneal status: T=0.00, dE=8.54, candidate was rejected
Itr 74, LL= -2664100.453429 (1.619533). Anneal status: T=0.00, dE=39.17, candidate was rejected
Itr 75, LL= -2664094.240624 (2.332046). Anneal status: T=0.00, dE=33.12, candidate was rejected
Itr 76, LL= -2664077.197471 (6.397354). Anneal status: T=0.00, dE=83.66, candidate was rejected
Itr 77, LL= -2664070.036566 (2.687949). Anneal status: T=0.00, dE=86.71, candidate was rejected
Itr 78, LL= -2664065.159253 (1.830775). Anneal status: T=0.00, dE=148.79, candidate was rejected
Itr 79, LL= -2664060.445816 (1.769265). Anneal status: T=0.00, dE=216.90, candidate was rejected
Itr 80, LL= -2664056.928202 (1.320396). Anneal status: T=0.00, dE=61.14, candidate was rejected
Itr 81, LL= -2664053.200917 (1.399101). Anneal status: T=0.00, dE=21.73, candidate was rejected
Itr 82, LL= -2664044.515314 (3.260296). Anneal status: T=0.00, dE=45.37, candidate was rejected
Itr 83, LL= -2664032.349011 (4.566854). Anneal status: T=0.00, dE=105.82, candidate was rejected
Itr 84, LL= -2664023.701892 (3.245876). Anneal status: T=0.00, dE=114.84, candidate was rejected
Itr 85, LL= -2664017.283610 (2.409244). Anneal status: T=0.00, dE=9.85, candidate was rejected
Itr 86, LL= -2664007.042017 (3.844417). Anneal status: T=0.00, dE=276.71, candidate was rejected
Itr 87, LL= -2663993.251454 (5.176624). Anneal status: T=0.00, dE=32.61, candidate was rejected
Itr 88, LL= -2663981.448680 (4.430482). Anneal status: T=0.00, dE=80.74, candidate was rejected
Itr 89, LL= -2663973.311570 (3.054492). Anneal status: T=0.00, dE=12.18, candidate was rejected
Itr 90, LL= -2663966.982734 (2.375713). Anneal status: T=0.00, dE=94.90, candidate was rejected
Itr 91, LL= -2663954.596873 (4.649405). Anneal status: T=0.00, dE=88.07, candidate was rejected
Itr 92, LL= -2663944.146290 (3.922958). Anneal status: T=0.00, dE=59.31, candidate was rejected
Itr 93, LL= -2663932.794206 (4.261382). Anneal status: T=0.00, dE=17.22, candidate was rejected
Itr 94, LL= -2663921.403960 (4.275726). Anneal status: T=0.00, dE=49.26, candidate was rejected
Itr 95, LL= -2663913.362499 (3.018656). Anneal status: T=0.00, dE=71.15, candidate was rejected
Itr 96, LL= -2663907.102272 (2.350012). Anneal status: T=0.00, dE=92.79, candidate was rejected
Itr 97, LL= -2663901.396272 (2.141967). Anneal status: T=0.00, dE=89.44, candidate was rejected
Itr 98, LL= -2663896.495131 (1.839836). Anneal status: T=0.00, dE=9.56, candidate was rejected
Itr 99, LL= -2663892.032726 (1.675142). Anneal status: T=0.00, dE=57.86, candidate was rejected
Itr 100, LL= -2663888.094839 (1.478246). Anneal status: T=0.00, dE=44.05, candidate was rejected
Itr 101, LL= -2663884.387086 (1.391858). Anneal status: T=0.00, dE=7.37, candidate was rejected
Itr 102, LL= -2663878.833396 (2.084809). Anneal status: T=0.00, dE=58.41, candidate was rejected
Itr 103, LL= -2663872.459770 (2.392611). Anneal status: T=0.00, dE=38.70, candidate was rejected
Itr 104, LL= -2663868.679424 (1.419117). Anneal status: T=0.00, dE=62.36, candidate was rejected
Itr 105, LL= -2663865.320538 (1.260905). Anneal status: T=0.00, dE=66.15, candidate was rejected
Itr 106, LL= -2663861.879213 (1.291854). Anneal status: T=0.00, dE=57.86, candidate was rejected
Itr 107, LL= -2663858.327645 (1.333240). Anneal status: T=0.00, dE=149.84, candidate was rejected
Itr 108, LL= -2663854.642481 (1.383393). Anneal status: T=0.00, dE=103.00, candidate was rejected
Itr 109, LL= -2663850.742935 (1.463874). Anneal status: T=0.00, dE=67.98, candidate was rejected
Itr 110, LL= -2663846.654191 (1.534899). Anneal status: T=0.00, dE=76.53, candidate was rejected
Itr 111, LL= -2663842.700762 (1.484105). Anneal status: T=0.00, dE=82.94, candidate was rejected
Itr 112, LL= -2663838.647298 (1.521660). Anneal status: T=0.00, dE=30.81, candidate was rejected
Itr 113, LL= -2663828.598775 (3.772197). Anneal status: T=0.00, dE=9.90, candidate was rejected
Itr 114, LL= -2663821.509363 (2.661362). Anneal status: T=0.00, dE=98.20, candidate was rejected
Itr 115, LL= -2663814.431948 (2.656865). Anneal status: T=0.00, dE=57.43, candidate was rejected
Itr 116, LL= -2663807.393492 (2.642247). Anneal status: T=0.00, dE=56.80, candidate was rejected
Itr 117, LL= -2663800.590556 (2.553839). Anneal status: T=0.00, dE=146.36, candidate was rejected
Itr 118, LL= -2663796.687150 (1.465352). Anneal status: T=0.00, dE=104.08, candidate was rejected
Itr 119, LL= -2663793.606645 (1.156434). Anneal status: T=0.00, dE=75.27, candidate was rejected
Itr 120, LL= -2663790.550577 (1.147262). Anneal status: T=0.00, dE=84.56, candidate was rejected
Itr 121, LL= -2663784.608627 (2.230637). Anneal status: T=0.00, dE=74.43, candidate was rejected
Itr 122, LL= -2663779.732741 (1.830436). Anneal status: T=0.00, dE=88.40, candidate was rejected
Itr 123, LL= -2663776.668557 (1.150314). Anneal status: T=0.00, dE=57.40, candidate was rejected
Itr 124, LL= -2663774.256873 (0.905363). Anneal status: T=0.00, dE=53.71, candidate was rejected
Itr 125, LL= -2663772.075160 (0.819031). Anneal status: T=0.00, dE=28.88, candidate was rejected
Itr 126, LL= -2663769.959307 (0.794307). Anneal status: T=0.00, dE=20.39, candidate was rejected
-- Annealing statistics:
Portion of times candidate was better: 0.000000
Portion of times candidate was chosen by chance: 0.007937
--
>> Your MATLAB session has timed out.  All license keys have been returned.
