My SLURM_ARRAY_TASK_ID:  4

                            < M A T L A B (R) >
                  Copyright 1984-2014 The MathWorks, Inc.
                   R2014b (8.4.0.150421) 64-bit (glnxa64)
                             September 15, 2014

 
For online documentation, see http://www.mathworks.com/support
For product information, visit www.mathworks.com.
 
EM for 4 states, 100 emission nodes. 12 observed values.
            gibbs: 0
    nGibbsItrPcnt: 0.8000
     annealParams: {}
           maxItr: 500
      convergeEps: 1.0000e-06
           minItr: 5
       parametric: 0
        initprobs: []
      persistBias: 0
          obsVals: []

- Initalized simulated annealing with params:
                     type: 'linear'
    max_chance_accpetance: 0.2000
             min_duration: 5
        min_init_duration: 5
             max_duration: 11
              converge_th: 1.0000e-06

--
Itr 1, LL= -15940454.973279 (Inf). Anneal status: T=NaN, dE=112.22, collecting statistics
Itr 2, LL= -2805505.340904 (Inf). Anneal status: T=NaN, dE=-143.76, collecting statistics
Itr 3, LL= -2798010.395731 (Inf). Anneal status: T=NaN, dE=-105.98, collecting statistics
Itr 4, LL= -2777056.047519 (7489.017283). Anneal status: T=NaN, dE=-29.75, collecting statistics
Itr 5, LL= -2752325.476698 (8905.319301). Anneal status: T=NaN, dE=173.84, collecting statistics
Itr 6, LL= -2734491.176590 (6479.720607). Anneal status: T=NaN, dE=-294.16, collecting statistics
Itr 7, LL= -2725336.162760 (3347.977097). Anneal status: T=NaN, dE=71.51, collecting statistics
Itr 8, LL= -2721581.553832 (1377.668186). Anneal status: T=28.95, dE=383.47, candidate was rejected
Itr 9, LL= -2719964.449400 (594.178201). Anneal status: T=28.95, dE=10.84, candidate was chosen by chance
Itr 10, LL= -2719207.852716 (278.164181). Anneal status: T=28.95, dE=15.91, candidate was rejected
Itr 11, LL= -2718847.526171 (132.511586). Anneal status: T=28.95, dE=14.36, candidate was chosen by chance
Itr 12, LL= -2718651.381283 (72.142658). Anneal status: T=28.95, dE=33.51, candidate was rejected
Itr 13, LL= -2718542.328927 (40.112666). Anneal status: T=26.05, dE=16.67, candidate was rejected
Itr 14, LL= -2718552.710199 (-3.818691). Anneal status: T=26.05, dE=86.65, candidate was chosen by chance
Itr 15, LL= -2718428.045319 (45.857076). Anneal status: T=26.05, dE=206.12, candidate was rejected
Itr 16, LL= -2718399.423393 (10.528852). Anneal status: T=26.05, dE=96.06, candidate was rejected
Itr 17, LL= -2718377.535798 (8.051648). Anneal status: T=26.05, dE=24.55, candidate was rejected
Itr 18, LL= -2718364.606100 (4.756402). Anneal status: T=23.16, dE=111.16, candidate was rejected
Itr 19, LL= -2718353.607256 (4.046126). Anneal status: T=23.16, dE=513.01, candidate was rejected
Itr 20, LL= -2718346.290782 (2.691509). Anneal status: T=23.16, dE=22.72, candidate was rejected
Itr 21, LL= -2718341.535720 (1.749248). Anneal status: T=23.16, dE=448.96, candidate was rejected
Itr 22, LL= -2718339.949152 (0.583653). Anneal status: T=23.16, dE=2.17, candidate was chosen by chance
Itr 23, LL= -2718337.283615 (0.980575). Anneal status: T=20.26, dE=33.98, candidate was rejected
Itr 24, LL= -2718348.512069 (-4.130633). Anneal status: T=20.26, dE=14.76, candidate was chosen by chance
Itr 25, LL= -2718339.069035 (3.473813). Anneal status: T=20.26, dE=6.52, candidate was chosen by chance
Itr 26, LL= -2718343.279626 (-1.548957). Anneal status: T=20.26, dE=10.53, candidate was chosen by chance
Itr 27, LL= -2718333.845610 (3.470502). Anneal status: T=20.26, dE=199.57, candidate was rejected
Itr 28, LL= -2718331.323840 (0.927690). Anneal status: T=17.37, dE=138.82, candidate was rejected
Itr 29, LL= -2718329.654424 (0.614132). Anneal status: T=17.37, dE=9.31, candidate was rejected
Itr 30, LL= -2718328.380416 (0.468673). Anneal status: T=17.37, dE=316.58, candidate was rejected
-- Annealing statistics:
Portion of times candidate was better: 0.000000
Portion of times candidate was chosen by chance: 0.233333
--
EM for 4 states, 100 emission nodes. 12 observed values.
            gibbs: 0
    nGibbsItrPcnt: 0.8000
     annealParams: {}
           maxItr: 500
      convergeEps: 1.0000e-06
           minItr: 5
       parametric: 0
        initprobs: []
      persistBias: 0
          obsVals: []

- Initalized simulated annealing with params:
                     type: 'linear'
    max_chance_accpetance: 0.2000
             min_duration: 5
        min_init_duration: 5
             max_duration: 11
              converge_th: 1.0000e-06

--
Itr 1, LL= -16156745.780975 (Inf). Anneal status: T=NaN, dE=-9171.67, collecting statistics
Itr 2, LL= -2808983.602771 (Inf). Anneal status: T=NaN, dE=-3.94, collecting statistics
Itr 3, LL= -2806211.259408 (Inf). Anneal status: T=NaN, dE=-665.90, collecting statistics
Itr 4, LL= -2792353.640715 (4938.195101). Anneal status: T=NaN, dE=22.12, collecting statistics
Itr 5, LL= -2770672.272940 (7764.549396). Anneal status: T=NaN, dE=-127.90, collecting statistics
Itr 6, LL= -2756019.621106 (5288.482502). Anneal status: T=NaN, dE=157.50, collecting statistics
Itr 7, LL= -2749459.995199 (2380.108566). Anneal status: T=NaN, dE=36.45, collecting statistics
Itr 8, LL= -2746042.548256 (1242.952052). Anneal status: T=9.10, dE=6.56, candidate was rejected
Itr 9, LL= -2743980.808717 (750.803931). Anneal status: T=9.10, dE=10.45, candidate was rejected
Itr 10, LL= -2742682.983330 (472.971743). Anneal status: T=9.10, dE=11.54, candidate was chosen by chance
Itr 11, LL= -2741703.551144 (357.107326). Anneal status: T=9.10, dE=0.00, candidate was better
Itr 12, LL= -2740972.913959 (266.490221). Anneal status: T=9.10, dE=1.01, candidate was chosen by chance
Itr 13, LL= -2740415.742449 (203.275088). Anneal status: T=8.19, dE=2.80, candidate was chosen by chance
Itr 14, LL= -2740007.841180 (148.846492). Anneal status: T=8.19, dE=7.33, candidate was rejected
Itr 15, LL= -2739749.314291 (94.352609). Anneal status: T=8.19, dE=765.96, candidate was rejected
Itr 16, LL= -2739573.430976 (64.196864). Anneal status: T=8.19, dE=301.88, candidate was rejected
Itr 17, LL= -2739463.269034 (40.211349). Anneal status: T=8.19, dE=0.83, candidate was chosen by chance
Itr 18, LL= -2739393.966402 (25.297887). Anneal status: T=7.28, dE=2.63, candidate was rejected
Itr 19, LL= -2739339.507653 (19.879853). Anneal status: T=7.28, dE=459.58, candidate was rejected
Itr 20, LL= -2739305.099326 (12.560812). Anneal status: T=7.28, dE=2.70, candidate was chosen by chance
Itr 21, LL= -2739281.466581 (8.627278). Anneal status: T=7.28, dE=4.36, candidate was chosen by chance
Itr 22, LL= -2739253.454331 (10.226130). Anneal status: T=7.28, dE=1.09, candidate was chosen by chance
Itr 23, LL= -2739229.112473 (8.886311). Anneal status: T=6.37, dE=0.00, candidate was chosen by chance
Itr 24, LL= -2739216.537209 (4.590804). Anneal status: T=6.37, dE=68.45, candidate was rejected
Itr 25, LL= -2739205.962516 (3.860481). Anneal status: T=6.37, dE=7.43, candidate was rejected
Itr 26, LL= -2739198.232215 (2.822095). Anneal status: T=6.37, dE=5.13, candidate was rejected
Itr 27, LL= -2739193.921266 (1.573799). Anneal status: T=6.37, dE=45.09, candidate was rejected
Itr 28, LL= -2739189.894637 (1.470005). Anneal status: T=5.46, dE=150.89, candidate was rejected
Itr 29, LL= -2739185.008016 (1.783966). Anneal status: T=5.46, dE=0.00, candidate was better
Itr 30, LL= -2739183.936852 (0.391052). Anneal status: T=5.46, dE=1.62, candidate was chosen by chance
Itr 31, LL= -2739181.554054 (0.869893). Anneal status: T=5.46, dE=398.25, candidate was rejected
Itr 32, LL= -2739180.820309 (0.267870). Anneal status: T=5.46, dE=60.48, candidate was rejected
-- Annealing statistics:
Portion of times candidate was better: 0.062500
Portion of times candidate was chosen by chance: 0.281250
--
EM for 4 states, 100 emission nodes. 12 observed values.
            gibbs: 0
    nGibbsItrPcnt: 0.8000
     annealParams: {}
           maxItr: 500
      convergeEps: 1.0000e-06
           minItr: 5
       parametric: 0
        initprobs: []
      persistBias: 0
          obsVals: []

- Initalized simulated annealing with params:
                     type: 'linear'
    max_chance_accpetance: 0.2000
             min_duration: 5
        min_init_duration: 5
             max_duration: 11
              converge_th: 1.0000e-06

--
Itr 1, LL= -16798599.727269 (Inf). Anneal status: T=NaN, dE=2336.42, collecting statistics
Itr 2, LL= -2813398.982901 (Inf). Anneal status: T=NaN, dE=-291.14, collecting statistics
Itr 3, LL= -2799433.817311 (Inf). Anneal status: T=NaN, dE=-50.65, collecting statistics
Itr 4, LL= -2779340.134081 (7177.766842). Anneal status: T=NaN, dE=-500.32, collecting statistics
Itr 5, LL= -2763362.904056 (5748.569536). Anneal status: T=NaN, dE=-101.76, collecting statistics
Itr 6, LL= -2754246.848793 (3298.899052). Anneal status: T=NaN, dE=301.97, collecting statistics
Itr 7, LL= -2746941.921370 (2652.241365). Anneal status: T=NaN, dE=92.74, collecting statistics
Itr 8, LL= -2739857.615326 (2578.979187). Anneal status: T=NaN, dE=-6.64, collecting statistics
Itr 9, LL= -2733807.518213 (2208.179388). Anneal status: T=NaN, dE=-14.07, collecting statistics
Itr 10, LL= -2729718.630036 (1495.675226). Anneal status: T=61.31, dE=8.12, candidate was chosen by chance
Itr 11, LL= -2727523.685084 (804.092014). Anneal status: T=61.31, dE=164.31, candidate was rejected
Itr 12, LL= -2726443.309129 (396.101402). Anneal status: T=61.31, dE=4.25, candidate was chosen by chance
Itr 13, LL= -2725910.841991 (195.297344). Anneal status: T=61.31, dE=263.93, candidate was rejected
Itr 14, LL= -2725688.969125 (81.394029). Anneal status: T=61.31, dE=101.16, candidate was rejected
Itr 15, LL= -2725570.999589 (43.280630). Anneal status: T=55.18, dE=264.14, candidate was rejected
Itr 16, LL= -2725503.144190 (24.895847). Anneal status: T=55.18, dE=425.42, candidate was rejected
Itr 17, LL= -2725492.312782 (3.974095). Anneal status: T=55.18, dE=31.60, candidate was chosen by chance
Itr 18, LL= -2725448.113597 (16.216955). Anneal status: T=55.18, dE=6.90, candidate was chosen by chance
Itr 19, LL= -2725501.045068 (-19.421199). Anneal status: T=55.18, dE=82.39, candidate was chosen by chance
Itr 20, LL= -2725417.796257 (30.544406). Anneal status: T=49.05, dE=2.86, candidate was chosen by chance
Itr 21, LL= -2725398.943913 (6.917231). Anneal status: T=49.05, dE=272.09, candidate was rejected
Itr 22, LL= -2725390.180665 (3.215400). Anneal status: T=49.05, dE=464.13, candidate was rejected
Itr 23, LL= -2725386.826248 (1.230803). Anneal status: T=49.05, dE=177.63, candidate was rejected
Itr 24, LL= -2725438.114278 (-18.818624). Anneal status: T=49.05, dE=52.42, candidate was chosen by chance
Itr 25, LL= -2725461.903494 (-8.728584). Anneal status: T=42.92, dE=73.56, candidate was chosen by chance
Itr 26, LL= -2725391.584684 (25.800695). Anneal status: T=42.92, dE=126.68, candidate was rejected
Itr 27, LL= -2725386.840586 (1.740703). Anneal status: T=42.92, dE=6.21, candidate was chosen by chance
Itr 28, LL= -2725378.183943 (3.176299). Anneal status: T=42.92, dE=36.96, candidate was rejected
Itr 29, LL= -2725377.102202 (0.396914). Anneal status: T=42.92, dE=47.82, candidate was rejected
Itr 30, LL= -2725376.760395 (0.125417). Anneal status: T=36.79, dE=803.40, candidate was rejected
Itr 31, LL= -2725385.655906 (-3.263957). Anneal status: T=36.79, dE=9.14, candidate was chosen by chance
Itr 32, LL= -2725373.443536 (4.480970). Anneal status: T=36.79, dE=0.78, candidate was chosen by chance
Itr 33, LL= -2725369.491007 (1.450271). Anneal status: T=36.79, dE=290.53, candidate was rejected
Itr 34, LL= -2725408.779216 (-14.415737). Anneal status: T=36.79, dE=39.62, candidate was chosen by chance
Itr 35, LL= -2725382.464538 (9.655314). Anneal status: T=30.66, dE=9.86, candidate was chosen by chance
Itr 36, LL= -2725371.225879 (4.123700). Anneal status: T=30.66, dE=1.46, candidate was chosen by chance
Itr 37, LL= -2725368.509608 (0.996661). Anneal status: T=30.66, dE=108.55, candidate was rejected
Itr 38, LL= -2725366.712868 (0.659265). Anneal status: T=30.66, dE=544.62, candidate was rejected
Itr 39, LL= -2725376.248309 (-3.498774). Anneal status: T=30.66, dE=11.19, candidate was chosen by chance
Itr 40, LL= -2725366.012497 (3.755743). Anneal status: T=24.52, dE=103.41, candidate was rejected
Itr 41, LL= -2725365.147976 (0.317213). Anneal status: T=24.52, dE=12.31, candidate was rejected
Itr 42, LL= -2725364.866948 (0.103116). Anneal status: T=24.52, dE=188.27, candidate was rejected
Itr 43, LL= -2725364.560251 (0.112534). Anneal status: T=24.52, dE=35.78, candidate was rejected
-- Annealing statistics:
Portion of times candidate was better: 0.000000
Portion of times candidate was chosen by chance: 0.348837
--
EM for 4 states, 100 emission nodes. 12 observed values.
            gibbs: 0
    nGibbsItrPcnt: 0.8000
     annealParams: {}
           maxItr: 500
      convergeEps: 1.0000e-06
           minItr: 5
       parametric: 0
        initprobs: []
      persistBias: 0
          obsVals: []

- Initalized simulated annealing with params:
                     type: 'linear'
    max_chance_accpetance: 0.2000
             min_duration: 5
        min_init_duration: 5
             max_duration: 11
              converge_th: 1.0000e-06

--
Itr 1, LL= -16561798.727997 (Inf). Anneal status: T=NaN, dE=-14927.05, collecting statistics
Itr 2, LL= -2812232.040719 (Inf). Anneal status: T=NaN, dE=0.26, collecting statistics
Itr 3, LL= -2805084.879017 (Inf). Anneal status: T=NaN, dE=-311.61, collecting statistics
Itr 4, LL= -2795385.594221 (3457.750911). Anneal status: T=NaN, dE=6.23, collecting statistics
Itr 5, LL= -2784219.071215 (3994.627084). Anneal status: T=NaN, dE=-51.87, collecting statistics
Itr 6, LL= -2773964.740773 (3683.018534). Anneal status: T=NaN, dE=-6.54, collecting statistics
Itr 7, LL= -2769520.458732 (1602.140783). Anneal status: T=NaN, dE=-0.02, collecting statistics
Itr 8, LL= -2766905.392663 (944.230638). Anneal status: T=NaN, dE=-45.79, collecting statistics
Itr 9, LL= -2764244.634241 (961.636935). Anneal status: T=NaN, dE=7.63, collecting statistics
Itr 10, LL= -2760789.331047 (1249.999060). Anneal status: T=2.15, dE=240.02, candidate was rejected
Itr 11, LL= -2756644.498956 (1501.321396). Anneal status: T=2.15, dE=7.06, candidate was rejected
Itr 12, LL= -2753209.712127 (1246.002824). Anneal status: T=2.15, dE=150.18, candidate was rejected
Itr 13, LL= -2751208.252182 (726.955137). Anneal status: T=2.15, dE=772.13, candidate was rejected
Itr 14, LL= -2750158.801199 (381.450943). Anneal status: T=2.15, dE=-3.93, candidate was better
Itr 15, LL= -2749603.054749 (202.077949). Anneal status: T=1.94, dE=11.41, candidate was rejected
Itr 16, LL= -2749242.484131 (131.135517). Anneal status: T=1.94, dE=-3.15, candidate was better
Itr 17, LL= -2748958.295267 (103.369879). Anneal status: T=1.51, dE=3.17, candidate was rejected
Itr 18, LL= -2748672.437635 (103.987621). Anneal status: T=1.51, dE=2.39, candidate was chosen by chance
Itr 19, LL= -2748306.146919 (133.260956). Anneal status: T=1.51, dE=0.45, candidate was chosen by chance
Itr 20, LL= -2747873.037062 (157.591561). Anneal status: T=1.51, dE=94.64, candidate was rejected
Itr 21, LL= -2747370.513207 (182.877392). Anneal status: T=1.51, dE=45.62, candidate was rejected
Itr 22, LL= -2746847.067832 (190.525949). Anneal status: T=1.36, dE=-0.32, candidate was better
Itr 23, LL= -2746347.297146 (181.943397). Anneal status: T=1.24, dE=-0.62, candidate was better
Itr 24, LL= -2745908.840044 (159.651003). Anneal status: T=1.24, dE=326.74, candidate was rejected
Itr 25, LL= -2745512.718574 (144.258784). Anneal status: T=1.24, dE=-0.26, candidate was better
Itr 26, LL= -2745170.775621 (124.546119). Anneal status: T=1.24, dE=7.72, candidate was rejected
Itr 27, LL= -2744899.671200 (98.756851). Anneal status: T=1.24, dE=2.39, candidate was rejected
Itr 28, LL= -2744653.861038 (89.551602). Anneal status: T=1.11, dE=0.10, candidate was chosen by chance
Itr 29, LL= -2744454.404631 (72.670878). Anneal status: T=0.92, dE=1.57, candidate was rejected
Itr 30, LL= -2744317.833603 (49.762543). Anneal status: T=0.92, dE=253.55, candidate was rejected
Itr 31, LL= -2744218.073640 (36.351461). Anneal status: T=0.92, dE=33.27, candidate was rejected
Itr 32, LL= -2744133.902660 (30.672118). Anneal status: T=0.92, dE=9.07, candidate was rejected
Itr 33, LL= -2744077.204577 (20.661558). Anneal status: T=0.92, dE=42.12, candidate was rejected
Itr 34, LL= -2744043.731238 (12.198395). Anneal status: T=0.83, dE=5.30, candidate was rejected
Itr 35, LL= -2744021.005010 (8.282021). Anneal status: T=0.83, dE=1.79, candidate was rejected
Itr 36, LL= -2744006.587306 (5.254225). Anneal status: T=0.83, dE=1.37, candidate was rejected
Itr 37, LL= -2743993.426142 (4.796331). Anneal status: T=0.83, dE=0.58, candidate was chosen by chance
Itr 38, LL= -2743971.561778 (7.968082). Anneal status: T=0.83, dE=12.74, candidate was rejected
Itr 39, LL= -2743944.186105 (9.976661). Anneal status: T=0.74, dE=46.79, candidate was rejected
Itr 40, LL= -2743916.280322 (10.169953). Anneal status: T=0.74, dE=0.60, candidate was chosen by chance
Itr 41, LL= -2743889.157889 (9.884570). Anneal status: T=0.74, dE=46.46, candidate was rejected
Itr 42, LL= -2743865.733841 (8.536806). Anneal status: T=0.74, dE=4.87, candidate was rejected
Itr 43, LL= -2743844.756508 (7.645175). Anneal status: T=0.74, dE=9.94, candidate was rejected
Itr 44, LL= -2743806.286431 (14.020501). Anneal status: T=0.65, dE=7.30, candidate was rejected
Itr 45, LL= -2743710.149038 (35.037967). Anneal status: T=0.65, dE=47.73, candidate was rejected
Itr 46, LL= -2743633.435478 (27.959790). Anneal status: T=0.65, dE=1.00, candidate was chosen by chance
Itr 47, LL= -2743563.035669 (25.659335). Anneal status: T=0.65, dE=0.01, candidate was chosen by chance
Itr 48, LL= -2743487.878732 (27.393917). Anneal status: T=0.65, dE=14.73, candidate was rejected
Itr 49, LL= -2743407.206638 (29.404939). Anneal status: T=0.55, dE=4.51, candidate was rejected
Itr 50, LL= -2743323.849674 (30.384466). Anneal status: T=0.55, dE=0.30, candidate was rejected
Itr 51, LL= -2743229.602807 (34.354991). Anneal status: T=0.55, dE=8.66, candidate was rejected
Itr 52, LL= -2743124.137940 (38.445512). Anneal status: T=0.55, dE=580.26, candidate was rejected
Itr 53, LL= -2743001.225752 (44.807373). Anneal status: T=0.55, dE=469.77, candidate was rejected
Itr 54, LL= -2742943.652421 (20.989175). Anneal status: T=0.46, dE=6.77, candidate was rejected
Itr 55, LL= -2742905.458940 (13.924267). Anneal status: T=0.46, dE=3.26, candidate was rejected
Itr 56, LL= -2742877.165024 (10.315308). Anneal status: T=0.46, dE=250.83, candidate was rejected
Itr 57, LL= -2742852.507538 (8.989643). Anneal status: T=0.46, dE=132.74, candidate was rejected
Itr 58, LL= -2742825.848113 (9.719599). Anneal status: T=0.46, dE=133.57, candidate was rejected
Itr 59, LL= -2742803.800115 (8.038424). Anneal status: T=0.37, dE=0.60, candidate was rejected
Itr 60, LL= -2742783.142270 (7.531653). Anneal status: T=0.37, dE=32.52, candidate was rejected
Itr 61, LL= -2742766.448904 (6.086287). Anneal status: T=0.37, dE=2.78, candidate was rejected
Itr 62, LL= -2742759.874405 (2.397032). Anneal status: T=0.37, dE=299.36, candidate was rejected
Itr 63, LL= -2742735.456381 (8.902720). Anneal status: T=0.37, dE=3.02, candidate was rejected
Itr 64, LL= -2742720.720795 (5.372587). Anneal status: T=0.28, dE=1.36, candidate was rejected
Itr 65, LL= -2742717.301266 (1.246765). Anneal status: T=0.28, dE=417.31, candidate was rejected
Itr 66, LL= -2742715.545062 (0.640315). Anneal status: T=0.28, dE=0.45, candidate was rejected
Itr 67, LL= -2742706.518664 (3.291044). Anneal status: T=0.28, dE=0.15, candidate was rejected
Itr 68, LL= -2742696.395232 (3.691037). Anneal status: T=0.28, dE=1.55, candidate was rejected
Itr 69, LL= -2742692.496090 (1.421646). Anneal status: T=0.18, dE=0.31, candidate was rejected
Itr 70, LL= -2742690.440400 (0.749515). Anneal status: T=0.18, dE=0.76, candidate was rejected
Itr 71, LL= -2742689.514233 (0.337686). Anneal status: T=0.18, dE=6.98, candidate was rejected
Itr 72, LL= -2742689.132363 (0.139232). Anneal status: T=0.18, dE=331.67, candidate was rejected
-- Annealing statistics:
Portion of times candidate was better: 0.069444
Portion of times candidate was chosen by chance: 0.097222
--
>> 