My SLURM_ARRAY_TASK_ID:  27

                            < M A T L A B (R) >
                  Copyright 1984-2014 The MathWorks, Inc.
                   R2014b (8.4.0.150421) 64-bit (glnxa64)
                             September 15, 2014

 
For online documentation, see http://www.mathworks.com/support
For product information, visit www.mathworks.com.
 
EM for 27 states, 100 emission nodes. 12 observed values.
            gibbs: 0
    nGibbsItrPcnt: 0.8000
     annealParams: {}
           maxItr: 500
      convergeEps: 1.0000e-06
           minItr: 5
       parametric: 0
        initprobs: []
      persistBias: 0
          obsVals: []

- Initalized simulated annealing with params:
                     type: 'linear'
    max_chance_accpetance: 0.2000
             min_duration: 5
        min_init_duration: 5
             max_duration: 11
              converge_th: 1.0000e-06

--
Itr 1, LL= -15585698.603866 (Inf). Anneal status: T=NaN, dE=1964.11, collecting statistics
Itr 2, LL= -2798974.232419 (Inf). Anneal status: T=NaN, dE=-12.98, collecting statistics
Itr 3, LL= -2782972.075762 (Inf). Anneal status: T=NaN, dE=-60.48, collecting statistics
Itr 4, LL= -2750761.303770 (11574.234708). Anneal status: T=NaN, dE=-1378.34, collecting statistics
Itr 5, LL= -2717904.212641 (11944.726387). Anneal status: T=NaN, dE=-222.33, collecting statistics
Itr 6, LL= -2697182.119617 (7624.291146). Anneal status: T=NaN, dE=-45.58, collecting statistics
Itr 7, LL= -2684228.717090 (4802.568737). Anneal status: T=NaN, dE=-26.61, collecting statistics
Itr 8, LL= -2676127.194594 (3018.193809). Anneal status: T=NaN, dE=-45.72, collecting statistics
Itr 9, LL= -2671448.835524 (1748.182627). Anneal status: T=NaN, dE=18.23, collecting statistics
Itr 10, LL= -2668411.829086 (1136.838706). Anneal status: T=NaN, dE=4.44, collecting statistics
Itr 11, LL= -2666292.664560 (794.166966). Anneal status: T=15.44, dE=81.14, candidate was rejected
Itr 12, LL= -2664639.565073 (619.999263). Anneal status: T=15.44, dE=97.24, candidate was rejected
Itr 13, LL= -2663288.166252 (507.160082). Anneal status: T=15.44, dE=103.32, candidate was rejected
Itr 14, LL= -2662081.148011 (453.206024). Anneal status: T=15.44, dE=24.36, candidate was rejected
Itr 15, LL= -2661119.368640 (361.288525). Anneal status: T=15.44, dE=10.88, candidate was rejected
Itr 16, LL= -2660136.838722 (369.216777). Anneal status: T=13.89, dE=132.29, candidate was rejected
Itr 17, LL= -2659043.648802 (410.952514). Anneal status: T=13.89, dE=107.04, candidate was rejected
Itr 18, LL= -2658168.027002 (329.299521). Anneal status: T=13.89, dE=7.80, candidate was rejected
Itr 19, LL= -2657298.773538 (327.012234). Anneal status: T=13.89, dE=36.55, candidate was rejected
Itr 20, LL= -2656543.275460 (284.310551). Anneal status: T=13.89, dE=2.47, candidate was chosen by chance
Itr 21, LL= -2655807.251007 (277.060969). Anneal status: T=12.35, dE=61.65, candidate was rejected
Itr 22, LL= -2655229.867300 (217.404221). Anneal status: T=12.35, dE=19.75, candidate was rejected
Itr 23, LL= -2654745.795877 (182.308669). Anneal status: T=12.35, dE=43.88, candidate was rejected
Itr 24, LL= -2654301.886451 (167.213534). Anneal status: T=12.35, dE=101.51, candidate was rejected
Itr 25, LL= -2653877.935219 (159.722311). Anneal status: T=12.35, dE=25.76, candidate was rejected
Itr 26, LL= -2653440.555529 (164.807765). Anneal status: T=10.80, dE=34.13, candidate was rejected
Itr 27, LL= -2653034.474048 (153.039600). Anneal status: T=10.80, dE=29.59, candidate was rejected
Itr 28, LL= -2652621.325619 (155.726747). Anneal status: T=10.80, dE=31.55, candidate was rejected
Itr 29, LL= -2652257.993087 (136.971127). Anneal status: T=10.80, dE=17.14, candidate was chosen by chance
Itr 30, LL= -2651909.136544 (131.531904). Anneal status: T=10.80, dE=30.58, candidate was rejected
Itr 31, LL= -2651634.506856 (103.559237). Anneal status: T=9.26, dE=72.80, candidate was rejected
Itr 32, LL= -2651383.612406 (94.618791). Anneal status: T=9.26, dE=3.24, candidate was chosen by chance
Itr 33, LL= -2651117.199204 (100.480821). Anneal status: T=9.26, dE=4.70, candidate was rejected
Itr 34, LL= -2650824.625456 (110.358662). Anneal status: T=9.26, dE=66.64, candidate was rejected
Itr 35, LL= -2650568.789378 (96.511884). Anneal status: T=9.26, dE=38.82, candidate was rejected
Itr 36, LL= -2650334.041885 (88.564950). Anneal status: T=7.72, dE=43.32, candidate was rejected
Itr 37, LL= -2650139.586332 (73.370205). Anneal status: T=7.72, dE=67.94, candidate was rejected
Itr 38, LL= -2649982.283869 (59.356294). Anneal status: T=7.72, dE=25.44, candidate was rejected
Itr 39, LL= -2649785.272755 (74.344313). Anneal status: T=7.72, dE=128.26, candidate was rejected
Itr 40, LL= -2649665.373843 (45.248539). Anneal status: T=7.72, dE=19.02, candidate was rejected
Itr 41, LL= -2649564.447440 (38.090245). Anneal status: T=6.17, dE=3.28, candidate was rejected
Itr 42, LL= -2649468.034905 (36.388069). Anneal status: T=6.17, dE=20.97, candidate was rejected
Itr 43, LL= -2649399.843647 (25.737717). Anneal status: T=6.17, dE=61.45, candidate was rejected
Itr 44, LL= -2649332.260218 (25.508958). Anneal status: T=6.17, dE=18.87, candidate was rejected
Itr 45, LL= -2649275.077440 (21.583845). Anneal status: T=6.17, dE=98.76, candidate was rejected
Itr 46, LL= -2649213.996291 (23.055797). Anneal status: T=4.63, dE=114.09, candidate was rejected
Itr 47, LL= -2649133.242251 (30.482264). Anneal status: T=4.63, dE=78.79, candidate was rejected
Itr 48, LL= -2649021.813143 (42.062478). Anneal status: T=4.63, dE=51.28, candidate was rejected
Itr 49, LL= -2648958.911629 (23.745185). Anneal status: T=4.63, dE=158.93, candidate was rejected
Itr 50, LL= -2648899.245263 (22.524459). Anneal status: T=4.63, dE=4.89, candidate was rejected
Itr 51, LL= -2648857.126704 (15.900401). Anneal status: T=3.09, dE=22.83, candidate was rejected
Itr 52, LL= -2648830.408019 (10.086873). Anneal status: T=3.09, dE=24.47, candidate was rejected
Itr 53, LL= -2648783.486589 (17.714018). Anneal status: T=3.09, dE=193.99, candidate was rejected
Itr 54, LL= -2648753.540944 (11.305434). Anneal status: T=3.09, dE=141.41, candidate was rejected
Itr 55, LL= -2648734.667526 (7.125396). Anneal status: T=3.09, dE=34.46, candidate was rejected
Itr 56, LL= -2648719.712932 (5.645939). Anneal status: T=1.54, dE=122.49, candidate was rejected
Itr 57, LL= -2648702.669655 (6.434534). Anneal status: T=1.54, dE=70.98, candidate was rejected
Itr 58, LL= -2648681.381620 (8.037156). Anneal status: T=1.54, dE=8.47, candidate was rejected
Itr 59, LL= -2648659.654848 (8.202864). Anneal status: T=1.54, dE=32.57, candidate was rejected
Itr 60, LL= -2648624.746510 (13.179624). Anneal status: T=1.54, dE=156.46, candidate was rejected
Itr 61, LL= -2648572.235107 (19.825913). Anneal status: T=0.00, dE=15.12, candidate was rejected
Itr 62, LL= -2648535.562517 (13.846173). Anneal status: T=0.00, dE=166.67, candidate was rejected
Itr 63, LL= -2648507.872829 (10.454716). Anneal status: T=0.00, dE=12.16, candidate was rejected
Itr 64, LL= -2648482.775734 (9.475937). Anneal status: T=0.00, dE=107.84, candidate was rejected
Itr 65, LL= -2648467.694789 (5.694183). Anneal status: T=0.00, dE=43.32, candidate was rejected
Itr 66, LL= -2648454.676323 (4.915471). Anneal status: T=0.00, dE=20.55, candidate was rejected
Itr 67, LL= -2648441.405060 (5.010946). Anneal status: T=0.00, dE=78.01, candidate was rejected
Itr 68, LL= -2648429.654140 (4.436919). Anneal status: T=0.00, dE=44.60, candidate was rejected
Itr 69, LL= -2648413.711441 (6.019680). Anneal status: T=0.00, dE=61.50, candidate was rejected
Itr 70, LL= -2648399.627991 (5.317693). Anneal status: T=0.00, dE=29.43, candidate was rejected
Itr 71, LL= -2648387.232475 (4.680380). Anneal status: T=0.00, dE=13.33, candidate was rejected
Itr 72, LL= -2648362.354801 (9.393518). Anneal status: T=0.00, dE=7.29, candidate was rejected
Itr 73, LL= -2648338.854958 (8.873349). Anneal status: T=0.00, dE=26.18, candidate was rejected
Itr 74, LL= -2648321.809183 (6.436402). Anneal status: T=0.00, dE=82.96, candidate was rejected
Itr 75, LL= -2648306.130826 (5.920110). Anneal status: T=0.00, dE=63.43, candidate was rejected
Itr 76, LL= -2648292.075212 (5.307398). Anneal status: T=0.00, dE=108.80, candidate was rejected
Itr 77, LL= -2648278.771813 (5.023388). Anneal status: T=0.00, dE=26.79, candidate was rejected
Itr 78, LL= -2648263.900870 (5.615324). Anneal status: T=0.00, dE=50.59, candidate was rejected
Itr 79, LL= -2648252.620071 (4.259696). Anneal status: T=0.00, dE=22.40, candidate was rejected
Itr 80, LL= -2648243.091909 (3.597905). Anneal status: T=0.00, dE=43.90, candidate was rejected
Itr 81, LL= -2648233.566172 (3.597003). Anneal status: T=0.00, dE=23.54, candidate was rejected
Itr 82, LL= -2648219.381087 (5.356432). Anneal status: T=0.00, dE=14.98, candidate was rejected
Itr 83, LL= -2648201.738198 (6.662171). Anneal status: T=0.00, dE=55.95, candidate was rejected
Itr 84, LL= -2648185.084116 (6.288827). Anneal status: T=0.00, dE=90.78, candidate was rejected
Itr 85, LL= -2648172.844126 (4.622030). Anneal status: T=0.00, dE=25.29, candidate was rejected
Itr 86, LL= -2648164.688250 (3.079812). Anneal status: T=0.00, dE=50.06, candidate was rejected
Itr 87, LL= -2648158.323908 (2.403303). Anneal status: T=0.00, dE=43.12, candidate was rejected
Itr 88, LL= -2648151.514662 (2.571314). Anneal status: T=0.00, dE=40.33, candidate was rejected
Itr 89, LL= -2648142.111662 (3.550779). Anneal status: T=0.00, dE=38.14, candidate was rejected
Itr 90, LL= -2648131.806225 (3.891573). Anneal status: T=0.00, dE=20.48, candidate was rejected
Itr 91, LL= -2648118.616783 (4.980659). Anneal status: T=0.00, dE=55.43, candidate was rejected
Itr 92, LL= -2648110.739021 (2.974852). Anneal status: T=0.00, dE=47.51, candidate was rejected
Itr 93, LL= -2648101.002359 (3.676833). Anneal status: T=0.00, dE=63.00, candidate was rejected
Itr 94, LL= -2648091.903709 (3.435915). Anneal status: T=0.00, dE=29.60, candidate was rejected
Itr 95, LL= -2648083.590491 (3.139324). Anneal status: T=0.00, dE=22.38, candidate was rejected
Itr 96, LL= -2648073.867399 (3.671746). Anneal status: T=0.00, dE=9.55, candidate was rejected
Itr 97, LL= -2648058.476974 (5.811932). Anneal status: T=0.00, dE=79.00, candidate was rejected
Itr 98, LL= -2648046.694048 (4.449647). Anneal status: T=0.00, dE=35.03, candidate was rejected
Itr 99, LL= -2648036.140367 (3.985459). Anneal status: T=0.00, dE=50.85, candidate was rejected
Itr 100, LL= -2648024.894526 (4.246861). Anneal status: T=0.00, dE=35.32, candidate was rejected
Itr 101, LL= -2648015.086212 (3.704011). Anneal status: T=0.00, dE=53.44, candidate was rejected
Itr 102, LL= -2647997.319832 (6.709320). Anneal status: T=0.00, dE=19.88, candidate was rejected
Itr 103, LL= -2647982.516590 (5.590354). Anneal status: T=0.00, dE=31.71, candidate was rejected
Itr 104, LL= -2647969.783477 (4.808609). Anneal status: T=0.00, dE=103.83, candidate was rejected
Itr 105, LL= -2647954.598490 (5.734577). Anneal status: T=0.00, dE=5.00, candidate was rejected
Itr 106, LL= -2647942.300646 (4.644280). Anneal status: T=0.00, dE=89.59, candidate was rejected
Itr 107, LL= -2647930.145480 (4.590419). Anneal status: T=0.00, dE=31.07, candidate was rejected
Itr 108, LL= -2647918.149530 (4.530312). Anneal status: T=0.00, dE=3.50, candidate was rejected
Itr 109, LL= -2647905.667863 (4.713766). Anneal status: T=0.00, dE=12.37, candidate was rejected
Itr 110, LL= -2647889.986945 (5.922008). Anneal status: T=0.00, dE=33.01, candidate was rejected
Itr 111, LL= -2647869.389198 (7.778929). Anneal status: T=0.00, dE=8.61, candidate was rejected
Itr 112, LL= -2647848.190095 (8.006099). Anneal status: T=0.00, dE=3.05, candidate was rejected
Itr 113, LL= -2647828.875419 (7.294480). Anneal status: T=0.00, dE=137.10, candidate was rejected
Itr 114, LL= -2647811.990918 (6.376734). Anneal status: T=0.00, dE=57.55, candidate was rejected
Itr 115, LL= -2647793.877664 (6.840838). Anneal status: T=0.00, dE=33.58, candidate was rejected
Itr 116, LL= -2647771.941442 (8.284717). Anneal status: T=0.00, dE=18.96, candidate was rejected
Itr 117, LL= -2647756.591201 (5.797418). Anneal status: T=0.00, dE=55.29, candidate was rejected
Itr 118, LL= -2647740.307703 (6.149923). Anneal status: T=0.00, dE=58.53, candidate was rejected
Itr 119, LL= -2647726.206924 (5.325590). Anneal status: T=0.00, dE=64.95, candidate was rejected
Itr 120, LL= -2647715.397809 (4.082414). Anneal status: T=0.00, dE=31.05, candidate was rejected
Itr 121, LL= -2647706.496862 (3.361746). Anneal status: T=0.00, dE=48.94, candidate was rejected
Itr 122, LL= -2647694.309859 (4.602853). Anneal status: T=0.00, dE=103.19, candidate was rejected
Itr 123, LL= -2647679.927138 (5.432168). Anneal status: T=0.00, dE=58.01, candidate was rejected
Itr 124, LL= -2647666.577516 (5.042008). Anneal status: T=0.00, dE=38.65, candidate was rejected
Itr 125, LL= -2647654.740702 (4.470659). Anneal status: T=0.00, dE=42.61, candidate was rejected
Itr 126, LL= -2647644.380831 (3.912848). Anneal status: T=0.00, dE=57.86, candidate was rejected
Itr 127, LL= -2647624.788235 (7.400010). Anneal status: T=0.00, dE=8.76, candidate was rejected
Itr 128, LL= -2647614.595797 (3.849653). Anneal status: T=0.00, dE=23.81, candidate was rejected
Itr 129, LL= -2647603.958700 (4.017616). Anneal status: T=0.00, dE=50.72, candidate was rejected
Itr 130, LL= -2647591.382943 (4.749863). Anneal status: T=0.00, dE=141.05, candidate was rejected
Itr 131, LL= -2647576.792491 (5.510840). Anneal status: T=0.00, dE=31.46, candidate was rejected
Itr 132, LL= -2647550.771442 (9.828251). Anneal status: T=0.00, dE=61.51, candidate was rejected
Itr 133, LL= -2647528.388049 (8.454377). Anneal status: T=0.00, dE=139.18, candidate was rejected
Itr 134, LL= -2647507.911340 (7.734274). Anneal status: T=0.00, dE=37.40, candidate was rejected
Itr 135, LL= -2647494.692404 (4.992973). Anneal status: T=0.00, dE=111.09, candidate was rejected
Itr 136, LL= -2647478.761499 (6.017351). Anneal status: T=0.00, dE=64.57, candidate was rejected
Itr 137, LL= -2647471.121287 (2.885844). Anneal status: T=0.00, dE=229.96, candidate was rejected
Itr 138, LL= -2647465.411664 (2.156633). Anneal status: T=0.00, dE=90.23, candidate was rejected
Itr 139, LL= -2647458.222300 (2.715565). Anneal status: T=0.00, dE=29.23, candidate was rejected
Itr 140, LL= -2647450.240390 (3.014933). Anneal status: T=0.00, dE=97.19, candidate was rejected
Itr 141, LL= -2647444.935708 (2.003695). Anneal status: T=0.00, dE=14.23, candidate was rejected
Itr 142, LL= -2647438.760442 (2.332538). Anneal status: T=0.00, dE=111.94, candidate was rejected
Itr 143, LL= -2647431.026818 (2.921172). Anneal status: T=0.00, dE=61.74, candidate was rejected
Itr 144, LL= -2647423.765477 (2.742788). Anneal status: T=0.00, dE=96.72, candidate was rejected
Itr 145, LL= -2647416.255344 (2.836770). Anneal status: T=0.00, dE=10.17, candidate was rejected
Itr 146, LL= -2647409.945260 (2.383488). Anneal status: T=0.00, dE=56.50, candidate was rejected
Itr 147, LL= -2647402.221904 (2.917325). Anneal status: T=0.00, dE=47.23, candidate was rejected
Itr 148, LL= -2647398.261793 (1.495848). Anneal status: T=0.00, dE=83.64, candidate was rejected
Itr 149, LL= -2647395.620527 (0.997684). Anneal status: T=0.00, dE=90.94, candidate was rejected
Itr 150, LL= -2647393.167412 (0.926614). Anneal status: T=0.00, dE=13.98, candidate was rejected
Itr 151, LL= -2647390.521512 (0.999436). Anneal status: T=0.00, dE=99.94, candidate was rejected
-- Annealing statistics:
Portion of times candidate was better: 0.000000
Portion of times candidate was chosen by chance: 0.019868
--
EM for 27 states, 100 emission nodes. 12 observed values.
            gibbs: 0
    nGibbsItrPcnt: 0.8000
     annealParams: {}
           maxItr: 500
      convergeEps: 1.0000e-06
           minItr: 5
       parametric: 0
        initprobs: []
      persistBias: 0
          obsVals: []

- Initalized simulated annealing with params:
                     type: 'linear'
    max_chance_accpetance: 0.2000
             min_duration: 5
        min_init_duration: 5
             max_duration: 11
              converge_th: 1.0000e-06

--
Itr 1, LL= -15830909.260912 (Inf). Anneal status: T=NaN, dE=-323.18, collecting statistics
Itr 2, LL= -2796095.731055 (Inf). Anneal status: T=NaN, dE=-13.43, collecting statistics
Itr 3, LL= -2759986.786162 (Inf). Anneal status: T=NaN, dE=-518.16, collecting statistics
Itr 4, LL= -2714320.049012 (16545.998473). Anneal status: T=NaN, dE=-104.87, collecting statistics
Itr 5, LL= -2687236.449285 (9978.042102). Anneal status: T=NaN, dE=-275.02, collecting statistics
Itr 6, LL= -2674153.108414 (4868.697310). Anneal status: T=NaN, dE=-298.03, collecting statistics
Itr 7, LL= -2665989.672172 (3052.718342). Anneal status: T=NaN, dE=-111.03, collecting statistics
Itr 8, LL= -2660381.394929 (2103.638023). Anneal status: T=NaN, dE=-1.23, collecting statistics
Itr 9, LL= -2656524.392689 (1449.792969). Anneal status: T=NaN, dE=24.26, collecting statistics
Itr 10, LL= -2653937.933299 (973.625311). Anneal status: T=NaN, dE=82.36, collecting statistics
Itr 11, LL= -2652054.513212 (709.669983). Anneal status: T=NaN, dE=24.63, collecting statistics
Itr 12, LL= -2650610.841216 (544.359850). Anneal status: T=5.49, dE=21.81, candidate was rejected
Itr 13, LL= -2649450.761391 (437.665087). Anneal status: T=5.49, dE=145.99, candidate was rejected
Itr 14, LL= -2648591.553362 (324.296659). Anneal status: T=5.49, dE=0.50, candidate was chosen by chance
Itr 15, LL= -2647918.889388 (253.970444). Anneal status: T=5.49, dE=27.63, candidate was rejected
Itr 16, LL= -2647343.333825 (217.361478). Anneal status: T=5.49, dE=29.54, candidate was rejected
Itr 17, LL= -2646860.377392 (182.430600). Anneal status: T=4.94, dE=15.52, candidate was rejected
Itr 18, LL= -2646434.307058 (160.971972). Anneal status: T=4.94, dE=160.76, candidate was rejected
Itr 19, LL= -2646048.755900 (145.687032). Anneal status: T=4.94, dE=20.99, candidate was rejected
Itr 20, LL= -2645704.162433 (130.229447). Anneal status: T=4.94, dE=42.21, candidate was rejected
Itr 21, LL= -2645403.202338 (113.754251). Anneal status: T=4.94, dE=98.37, candidate was rejected
Itr 22, LL= -2645123.198308 (105.845502). Anneal status: T=4.40, dE=29.08, candidate was rejected
Itr 23, LL= -2644872.054050 (94.946148). Anneal status: T=4.40, dE=21.33, candidate was rejected
Itr 24, LL= -2644627.885010 (92.317902). Anneal status: T=4.40, dE=40.90, candidate was rejected
Itr 25, LL= -2644385.164802 (91.778586). Anneal status: T=4.40, dE=46.27, candidate was rejected
Itr 26, LL= -2644175.564434 (79.262420). Anneal status: T=4.40, dE=27.56, candidate was rejected
Itr 27, LL= -2643989.983483 (70.184807). Anneal status: T=3.85, dE=41.29, candidate was rejected
Itr 28, LL= -2643817.962633 (65.061083). Anneal status: T=3.85, dE=19.79, candidate was rejected
Itr 29, LL= -2643638.442785 (67.901743). Anneal status: T=3.85, dE=66.08, candidate was rejected
Itr 30, LL= -2643490.658271 (55.901938). Anneal status: T=3.85, dE=75.73, candidate was rejected
Itr 31, LL= -2643349.931476 (53.235216). Anneal status: T=3.85, dE=11.85, candidate was rejected
Itr 32, LL= -2643244.623135 (39.838971). Anneal status: T=3.30, dE=12.54, candidate was rejected
Itr 33, LL= -2643157.398551 (32.999059). Anneal status: T=3.30, dE=59.15, candidate was rejected
Itr 34, LL= -2643078.349119 (29.907198). Anneal status: T=3.30, dE=27.84, candidate was rejected
Itr 35, LL= -2643008.893222 (26.278410). Anneal status: T=3.30, dE=76.67, candidate was rejected
Itr 36, LL= -2642948.620715 (22.804504). Anneal status: T=3.30, dE=58.49, candidate was rejected
Itr 37, LL= -2642893.788949 (20.746437). Anneal status: T=2.75, dE=35.41, candidate was rejected
Itr 38, LL= -2642843.106153 (19.177008). Anneal status: T=2.75, dE=20.58, candidate was rejected
Itr 39, LL= -2642804.475711 (14.617002). Anneal status: T=2.75, dE=38.54, candidate was rejected
Itr 40, LL= -2642761.971855 (16.082860). Anneal status: T=2.75, dE=73.97, candidate was rejected
Itr 41, LL= -2642734.362595 (10.447123). Anneal status: T=2.75, dE=36.40, candidate was rejected
Itr 42, LL= -2642715.601601 (7.099084). Anneal status: T=2.20, dE=57.21, candidate was rejected
Itr 43, LL= -2642700.211564 (5.823569). Anneal status: T=2.20, dE=96.06, candidate was rejected
Itr 44, LL= -2642675.213527 (9.459278). Anneal status: T=2.20, dE=34.30, candidate was rejected
Itr 45, LL= -2642640.597674 (13.098792). Anneal status: T=2.20, dE=29.97, candidate was rejected
Itr 46, LL= -2642622.810782 (6.730727). Anneal status: T=2.20, dE=20.18, candidate was rejected
Itr 47, LL= -2642606.003406 (6.360111). Anneal status: T=1.65, dE=169.82, candidate was rejected
Itr 48, LL= -2642565.986891 (15.142823). Anneal status: T=1.65, dE=83.49, candidate was rejected
Itr 49, LL= -2642532.635026 (12.621015). Anneal status: T=1.65, dE=145.97, candidate was rejected
Itr 50, LL= -2642517.406059 (5.763019). Anneal status: T=1.65, dE=57.66, candidate was rejected
Itr 51, LL= -2642498.109128 (7.302480). Anneal status: T=1.65, dE=43.35, candidate was rejected
Itr 52, LL= -2642484.951223 (4.979343). Anneal status: T=1.10, dE=19.17, candidate was rejected
Itr 53, LL= -2642475.602509 (3.537850). Anneal status: T=1.10, dE=19.14, candidate was rejected
Itr 54, LL= -2642468.229751 (2.790095). Anneal status: T=1.10, dE=45.17, candidate was rejected
Itr 55, LL= -2642460.369850 (2.974454). Anneal status: T=1.10, dE=39.31, candidate was rejected
Itr 56, LL= -2642456.610859 (1.422535). Anneal status: T=1.10, dE=109.01, candidate was rejected
Itr 57, LL= -2642447.597958 (3.410804). Anneal status: T=0.55, dE=101.63, candidate was rejected
Itr 58, LL= -2642441.003237 (2.495687). Anneal status: T=0.55, dE=87.20, candidate was rejected
Itr 59, LL= -2642435.639329 (2.029906). Anneal status: T=0.55, dE=58.15, candidate was rejected
Itr 60, LL= -2642429.795330 (2.211595). Anneal status: T=0.55, dE=175.95, candidate was rejected
Itr 61, LL= -2642424.227243 (2.107185). Anneal status: T=0.55, dE=153.06, candidate was rejected
Itr 62, LL= -2642419.991759 (1.602878). Anneal status: T=0.00, dE=8.11, candidate was rejected
Itr 63, LL= -2642416.295946 (1.398647). Anneal status: T=0.00, dE=58.85, candidate was rejected
Itr 64, LL= -2642412.914382 (1.279724). Anneal status: T=0.00, dE=13.88, candidate was rejected
Itr 65, LL= -2642408.757339 (1.573200). Anneal status: T=0.00, dE=50.69, candidate was rejected
Itr 66, LL= -2642404.138382 (1.748010). Anneal status: T=0.00, dE=87.39, candidate was rejected
Itr 67, LL= -2642399.759122 (1.657301). Anneal status: T=0.00, dE=55.84, candidate was rejected
Itr 68, LL= -2642395.124159 (1.754073). Anneal status: T=0.00, dE=24.47, candidate was rejected
Itr 69, LL= -2642389.898208 (1.977733). Anneal status: T=0.00, dE=23.01, candidate was rejected
Itr 70, LL= -2642381.380679 (3.223419). Anneal status: T=0.00, dE=47.87, candidate was rejected
Itr 71, LL= -2642375.282315 (2.307904). Anneal status: T=0.00, dE=26.44, candidate was rejected
Itr 72, LL= -2642366.036861 (3.498918). Anneal status: T=0.00, dE=92.61, candidate was rejected
Itr 73, LL= -2642359.227573 (2.576966). Anneal status: T=0.00, dE=15.39, candidate was rejected
Itr 74, LL= -2642354.408470 (1.823788). Anneal status: T=0.00, dE=5.71, candidate was rejected
Itr 75, LL= -2642348.276848 (2.320515). Anneal status: T=0.00, dE=49.78, candidate was rejected
Itr 76, LL= -2642334.929135 (5.051458). Anneal status: T=0.00, dE=120.65, candidate was rejected
Itr 77, LL= -2642326.966700 (3.013409). Anneal status: T=0.00, dE=97.77, candidate was rejected
Itr 78, LL= -2642316.773418 (3.857691). Anneal status: T=0.00, dE=73.57, candidate was rejected
Itr 79, LL= -2642310.351569 (2.430386). Anneal status: T=0.00, dE=26.08, candidate was rejected
Itr 80, LL= -2642305.467904 (1.848256). Anneal status: T=0.00, dE=66.29, candidate was rejected
Itr 81, LL= -2642300.800717 (1.766331). Anneal status: T=0.00, dE=35.90, candidate was rejected
Itr 82, LL= -2642283.870426 (6.407405). Anneal status: T=0.00, dE=75.26, candidate was rejected
Itr 83, LL= -2642276.535554 (2.775959). Anneal status: T=0.00, dE=4.19, candidate was rejected
Itr 84, LL= -2642273.198381 (1.262992). Anneal status: T=0.00, dE=19.00, candidate was rejected
Itr 85, LL= -2642270.442917 (1.042838). Anneal status: T=0.00, dE=45.41, candidate was rejected
Itr 86, LL= -2642267.401951 (1.150891). Anneal status: T=0.00, dE=12.73, candidate was rejected
Itr 87, LL= -2642262.594847 (1.819310). Anneal status: T=0.00, dE=60.98, candidate was rejected
Itr 88, LL= -2642257.218836 (2.034624). Anneal status: T=0.00, dE=54.19, candidate was rejected
Itr 89, LL= -2642250.016859 (2.725691). Anneal status: T=0.00, dE=57.85, candidate was rejected
Itr 90, LL= -2642241.827229 (3.099491). Anneal status: T=0.00, dE=97.50, candidate was rejected
Itr 91, LL= -2642238.542642 (1.243106). Anneal status: T=0.00, dE=62.64, candidate was rejected
Itr 92, LL= -2642235.095297 (1.304706). Anneal status: T=0.00, dE=38.26, candidate was rejected
Itr 93, LL= -2642230.718379 (1.656521). Anneal status: T=0.00, dE=100.62, candidate was rejected
Itr 94, LL= -2642227.823715 (1.095538). Anneal status: T=0.00, dE=107.51, candidate was rejected
Itr 95, LL= -2642223.420816 (1.666359). Anneal status: T=0.00, dE=16.49, candidate was rejected
Itr 96, LL= -2642217.741050 (2.149616). Anneal status: T=0.00, dE=23.51, candidate was rejected
Itr 97, LL= -2642214.428653 (1.253643). Anneal status: T=0.00, dE=10.62, candidate was rejected
Itr 98, LL= -2642210.884729 (1.341271). Anneal status: T=0.00, dE=39.86, candidate was rejected
Itr 99, LL= -2642206.167867 (1.785195). Anneal status: T=0.00, dE=92.41, candidate was rejected
Itr 100, LL= -2642203.764581 (0.909575). Anneal status: T=0.00, dE=63.02, candidate was rejected
Itr 101, LL= -2642202.190223 (0.595850). Anneal status: T=0.00, dE=38.07, candidate was rejected
Itr 102, LL= -2642200.541231 (0.624098). Anneal status: T=0.00, dE=143.21, candidate was rejected
-- Annealing statistics:
Portion of times candidate was better: 0.000000
Portion of times candidate was chosen by chance: 0.009804
--
Your MATLAB session has timed out.  All license keys have been returned.
EM for 27 states, 100 emission nodes. 12 observed values.
            gibbs: 0
    nGibbsItrPcnt: 0.8000
     annealParams: {}
           maxItr: 500
      convergeEps: 1.0000e-06
           minItr: 5
       parametric: 0
        initprobs: []
      persistBias: 0
          obsVals: []

- Initalized simulated annealing with params:
                     type: 'linear'
    max_chance_accpetance: 0.2000
             min_duration: 5
        min_init_duration: 5
             max_duration: 11
              converge_th: 1.0000e-06

--
Itr 1, LL= -15908606.189134 (Inf). Anneal status: T=NaN, dE=284.01, collecting statistics
Itr 2, LL= -2797862.232354 (Inf). Anneal status: T=NaN, dE=-40.30, collecting statistics
Itr 3, LL= -2756408.091865 (Inf). Anneal status: T=NaN, dE=-445.65, collecting statistics
Itr 4, LL= -2706168.426857 (18226.497432). Anneal status: T=NaN, dE=-223.43, collecting statistics
Itr 5, LL= -2681308.014335 (9186.572527). Anneal status: T=NaN, dE=-283.64, collecting statistics
Itr 6, LL= -2669418.335206 (4434.283217). Anneal status: T=NaN, dE=16.68, collecting statistics
Itr 7, LL= -2662982.876958 (2410.809187). Anneal status: T=NaN, dE=-2.27, collecting statistics
Itr 8, LL= -2659167.507467 (1432.742780). Anneal status: T=NaN, dE=120.14, collecting statistics
Itr 9, LL= -2656644.431569 (948.821724). Anneal status: T=21.25, dE=0.05, candidate was chosen by chance
Itr 10, LL= -2654815.890197 (688.289840). Anneal status: T=21.25, dE=2.64, candidate was chosen by chance
Itr 11, LL= -2653375.843499 (542.428085). Anneal status: T=21.25, dE=34.59, candidate was chosen by chance
Itr 12, LL= -2652140.853930 (465.440873). Anneal status: T=21.25, dE=30.20, candidate was rejected
Itr 13, LL= -2651194.799630 (356.713445). Anneal status: T=21.25, dE=72.40, candidate was rejected
Itr 14, LL= -2650332.827065 (325.126077). Anneal status: T=19.13, dE=21.94, candidate was chosen by chance
Itr 15, LL= -2649508.372707 (311.075783). Anneal status: T=19.13, dE=56.25, candidate was rejected
Itr 16, LL= -2648788.104372 (271.849805). Anneal status: T=19.13, dE=58.91, candidate was rejected
Itr 17, LL= -2648163.466373 (235.820298). Anneal status: T=19.13, dE=26.73, candidate was rejected
Itr 18, LL= -2647639.339369 (197.920941). Anneal status: T=19.13, dE=46.32, candidate was rejected
Itr 19, LL= -2647154.396777 (183.160367). Anneal status: T=17.00, dE=44.27, candidate was rejected
Itr 20, LL= -2646701.439782 (171.110909). Anneal status: T=17.00, dE=34.77, candidate was rejected
Itr 21, LL= -2646307.680451 (148.773611). Anneal status: T=17.00, dE=45.43, candidate was rejected
Itr 22, LL= -2645962.642409 (130.384703). Anneal status: T=17.00, dE=10.27, candidate was rejected
Itr 23, LL= -2645633.523582 (124.385289). Anneal status: T=17.00, dE=8.96, candidate was chosen by chance
Itr 24, LL= -2645307.310865 (123.302307). Anneal status: T=14.88, dE=70.33, candidate was rejected
Itr 25, LL= -2645064.275434 (91.874176). Anneal status: T=14.88, dE=34.36, candidate was chosen by chance
Itr 26, LL= -2644740.916704 (122.249857). Anneal status: T=14.88, dE=81.65, candidate was rejected
Itr 27, LL= -2644443.382113 (112.500468). Anneal status: T=14.88, dE=66.39, candidate was rejected
Itr 28, LL= -2644257.554049 (70.271145). Anneal status: T=14.88, dE=43.99, candidate was chosen by chance
Itr 29, LL= -2644032.209212 (85.220457). Anneal status: T=12.75, dE=101.30, candidate was rejected
Itr 30, LL= -2643867.132718 (62.433617). Anneal status: T=12.75, dE=71.48, candidate was rejected
Itr 31, LL= -2643702.697506 (62.194961). Anneal status: T=12.75, dE=63.24, candidate was rejected
Itr 32, LL= -2643552.064308 (56.978115). Anneal status: T=12.75, dE=9.23, candidate was rejected
Itr 33, LL= -2643402.493498 (56.579484). Anneal status: T=12.75, dE=56.01, candidate was rejected
Itr 34, LL= -2643274.461759 (48.434447). Anneal status: T=10.63, dE=63.58, candidate was rejected
Itr 35, LL= -2643164.491283 (41.603881). Anneal status: T=10.63, dE=45.19, candidate was rejected
Itr 36, LL= -2643031.338199 (50.376390). Anneal status: T=10.63, dE=15.14, candidate was rejected
Itr 37, LL= -2642877.556464 (58.183848). Anneal status: T=10.63, dE=57.90, candidate was rejected
Itr 38, LL= -2642707.171717 (64.469406). Anneal status: T=10.63, dE=54.33, candidate was rejected
Itr 39, LL= -2642559.030638 (56.056562). Anneal status: T=8.50, dE=8.66, candidate was chosen by chance
Itr 40, LL= -2642393.121658 (62.783453). Anneal status: T=8.50, dE=5.99, candidate was rejected
Itr 41, LL= -2642258.112002 (51.093705). Anneal status: T=8.50, dE=61.72, candidate was rejected
Itr 42, LL= -2642121.752980 (51.607003). Anneal status: T=8.50, dE=94.70, candidate was rejected
Itr 43, LL= -2641954.635006 (63.251428). Anneal status: T=8.50, dE=25.11, candidate was rejected
Itr 44, LL= -2641788.747950 (62.789517). Anneal status: T=6.38, dE=62.23, candidate was rejected
Itr 45, LL= -2641630.913707 (59.745218). Anneal status: T=6.38, dE=56.45, candidate was rejected
Itr 46, LL= -2641466.013043 (62.423809). Anneal status: T=6.38, dE=20.84, candidate was rejected
Itr 47, LL= -2641285.954803 (68.166026). Anneal status: T=6.38, dE=11.80, candidate was rejected
Itr 48, LL= -2641085.803355 (75.778031). Anneal status: T=6.38, dE=9.95, candidate was chosen by chance
Itr 49, LL= -2640883.681493 (76.529835). Anneal status: T=4.25, dE=52.26, candidate was rejected
Itr 50, LL= -2640739.162414 (54.723758). Anneal status: T=4.25, dE=16.33, candidate was rejected
Itr 51, LL= -2640607.536982 (49.844162). Anneal status: T=4.25, dE=96.70, candidate was rejected
Itr 52, LL= -2640484.591186 (46.559663). Anneal status: T=4.25, dE=45.12, candidate was rejected
Itr 53, LL= -2640374.067890 (41.857201). Anneal status: T=4.25, dE=55.19, candidate was rejected
Itr 54, LL= -2640262.568088 (42.228790). Anneal status: T=2.13, dE=16.94, candidate was rejected
Itr 55, LL= -2640147.827900 (43.457870). Anneal status: T=2.13, dE=57.01, candidate was rejected
Itr 56, LL= -2640046.803432 (38.264701). Anneal status: T=2.13, dE=47.69, candidate was rejected
Itr 57, LL= -2639940.920254 (40.106553). Anneal status: T=2.13, dE=25.30, candidate was rejected
Itr 58, LL= -2639851.303575 (33.946471). Anneal status: T=2.13, dE=112.97, candidate was rejected
Itr 59, LL= -2639770.276651 (30.693746). Anneal status: T=0.00, dE=39.54, candidate was rejected
Itr 60, LL= -2639705.570435 (24.512063). Anneal status: T=0.00, dE=104.56, candidate was rejected
Itr 61, LL= -2639645.468716 (22.768342). Anneal status: T=0.00, dE=61.73, candidate was rejected
Itr 62, LL= -2639566.370891 (29.965321). Anneal status: T=0.00, dE=15.84, candidate was rejected
Itr 63, LL= -2639495.986649 (26.665078). Anneal status: T=0.00, dE=39.22, candidate was rejected
Itr 64, LL= -2639425.257422 (26.796490). Anneal status: T=0.00, dE=61.60, candidate was rejected
Itr 65, LL= -2639362.634919 (23.725810). Anneal status: T=0.00, dE=34.06, candidate was rejected
Itr 66, LL= -2639285.265443 (29.313697). Anneal status: T=0.00, dE=65.68, candidate was rejected
Itr 67, LL= -2639170.362519 (43.535621). Anneal status: T=0.00, dE=35.39, candidate was rejected
Itr 68, LL= -2639057.941668 (42.597042). Anneal status: T=0.00, dE=48.15, candidate was rejected
Itr 69, LL= -2638990.248099 (25.650657). Anneal status: T=0.00, dE=60.91, candidate was rejected
Itr 70, LL= -2638930.524396 (22.631271). Anneal status: T=0.00, dE=52.99, candidate was rejected
Itr 71, LL= -2638867.521043 (23.874578). Anneal status: T=0.00, dE=46.63, candidate was rejected
Itr 72, LL= -2638817.928745 (18.793023). Anneal status: T=0.00, dE=9.42, candidate was rejected
Itr 73, LL= -2638756.008513 (23.465140). Anneal status: T=0.00, dE=37.33, candidate was rejected
Itr 74, LL= -2638696.855016 (22.417191). Anneal status: T=0.00, dE=57.95, candidate was rejected
Itr 75, LL= -2638651.174860 (17.311635). Anneal status: T=0.00, dE=32.00, candidate was rejected
Itr 76, LL= -2638601.285188 (18.907263). Anneal status: T=0.00, dE=80.79, candidate was rejected
Itr 77, LL= -2638562.225978 (14.802998). Anneal status: T=0.00, dE=58.63, candidate was rejected
Itr 78, LL= -2638525.360665 (13.971743). Anneal status: T=0.00, dE=110.05, candidate was rejected
Itr 79, LL= -2638488.055251 (14.138736). Anneal status: T=0.00, dE=25.46, candidate was rejected
Itr 80, LL= -2638452.407148 (13.510807). Anneal status: T=0.00, dE=87.05, candidate was rejected
Itr 81, LL= -2638425.171326 (10.322650). Anneal status: T=0.00, dE=73.38, candidate was rejected
Itr 82, LL= -2638402.888290 (8.445582). Anneal status: T=0.00, dE=43.91, candidate was rejected
Itr 83, LL= -2638377.013165 (9.807117). Anneal status: T=0.00, dE=61.39, candidate was rejected
Itr 84, LL= -2638347.766601 (11.085058). Anneal status: T=0.00, dE=60.07, candidate was rejected
Itr 85, LL= -2638318.062410 (11.258634). Anneal status: T=0.00, dE=31.90, candidate was rejected
Itr 86, LL= -2638292.170354 (9.813850). Anneal status: T=0.00, dE=9.86, candidate was rejected
Itr 87, LL= -2638266.823521 (9.607288). Anneal status: T=0.00, dE=65.38, candidate was rejected
Itr 88, LL= -2638232.462665 (13.024026). Anneal status: T=0.00, dE=144.96, candidate was rejected
Itr 89, LL= -2638206.357053 (9.895114). Anneal status: T=0.00, dE=36.61, candidate was rejected
Itr 90, LL= -2638177.263234 (11.027878). Anneal status: T=0.00, dE=30.51, candidate was rejected
Itr 91, LL= -2638116.990268 (22.846443). Anneal status: T=0.00, dE=33.06, candidate was rejected
Itr 92, LL= -2638072.711194 (16.784348). Anneal status: T=0.00, dE=52.15, candidate was rejected
Itr 93, LL= -2638042.715471 (11.370317). Anneal status: T=0.00, dE=43.26, candidate was rejected
Itr 94, LL= -2638011.425746 (11.860962). Anneal status: T=0.00, dE=22.61, candidate was rejected
Itr 95, LL= -2637977.388187 (12.902734). Anneal status: T=0.00, dE=14.77, candidate was rejected
Itr 96, LL= -2637954.282462 (8.758879). Anneal status: T=0.00, dE=155.15, candidate was rejected
Itr 97, LL= -2637930.127918 (9.156544). Anneal status: T=0.00, dE=52.57, candidate was rejected
Itr 98, LL= -2637910.565743 (7.415729). Anneal status: T=0.00, dE=65.73, candidate was rejected
Itr 99, LL= -2637885.509042 (9.498692). Anneal status: T=0.00, dE=74.61, candidate was rejected
Itr 100, LL= -2637858.026138 (10.418535). Anneal status: T=0.00, dE=2.10, candidate was rejected
Itr 101, LL= -2637831.068374 (10.219566). Anneal status: T=0.00, dE=106.03, candidate was rejected
Itr 102, LL= -2637815.150021 (6.034637). Anneal status: T=0.00, dE=22.47, candidate was rejected
Itr 103, LL= -2637798.910544 (6.156412). Anneal status: T=0.00, dE=25.55, candidate was rejected
Itr 104, LL= -2637786.523721 (4.695894). Anneal status: T=0.00, dE=42.00, candidate was rejected
Itr 105, LL= -2637776.239500 (3.898807). Anneal status: T=0.00, dE=29.24, candidate was rejected
Itr 106, LL= -2637763.690184 (4.757536). Anneal status: T=0.00, dE=102.32, candidate was rejected
Itr 107, LL= -2637743.360097 (7.707319). Anneal status: T=0.00, dE=11.84, candidate was rejected
Itr 108, LL= -2637724.349924 (7.206984). Anneal status: T=0.00, dE=40.03, candidate was rejected
Itr 109, LL= -2637701.370626 (8.711789). Anneal status: T=0.00, dE=47.52, candidate was rejected
Itr 110, LL= -2637674.102342 (10.337896). Anneal status: T=0.00, dE=30.52, candidate was rejected
Itr 111, LL= -2637652.526151 (8.180007). Anneal status: T=0.00, dE=57.38, candidate was rejected
Itr 112, LL= -2637634.875691 (6.691731). Anneal status: T=0.00, dE=76.97, candidate was rejected
Itr 113, LL= -2637615.803274 (7.230878). Anneal status: T=0.00, dE=62.26, candidate was rejected
Itr 114, LL= -2637580.766612 (13.283459). Anneal status: T=0.00, dE=44.72, candidate was rejected
Itr 115, LL= -2637547.130499 (12.752638). Anneal status: T=0.00, dE=6.73, candidate was rejected
Itr 116, LL= -2637512.103188 (13.280260). Anneal status: T=0.00, dE=91.94, candidate was rejected
Itr 117, LL= -2637488.229884 (9.051448). Anneal status: T=0.00, dE=68.06, candidate was rejected
Itr 118, LL= -2637462.028591 (9.934184). Anneal status: T=0.00, dE=45.67, candidate was rejected
Itr 119, LL= -2637420.205061 (15.857491). Anneal status: T=0.00, dE=94.13, candidate was rejected
Itr 120, LL= -2637386.614301 (12.736218). Anneal status: T=0.00, dE=54.44, candidate was rejected
Itr 121, LL= -2637353.112181 (12.702772). Anneal status: T=0.00, dE=146.08, candidate was rejected
Itr 122, LL= -2637313.516898 (15.013266). Anneal status: T=0.00, dE=42.11, candidate was rejected
Itr 123, LL= -2637269.899917 (16.538413). Anneal status: T=0.00, dE=46.62, candidate was rejected
Itr 124, LL= -2637229.731538 (15.231046). Anneal status: T=0.00, dE=25.90, candidate was rejected
Itr 125, LL= -2637183.195507 (17.645801). Anneal status: T=0.00, dE=55.38, candidate was rejected
Itr 126, LL= -2637151.305416 (12.092482). Anneal status: T=0.00, dE=52.07, candidate was rejected
Itr 127, LL= -2637109.878206 (15.709076). Anneal status: T=0.00, dE=73.06, candidate was rejected
Itr 128, LL= -2637058.642475 (19.428743). Anneal status: T=0.00, dE=164.20, candidate was rejected
Itr 129, LL= -2637014.385522 (16.782696). Anneal status: T=0.00, dE=42.53, candidate was rejected
Itr 130, LL= -2636985.117788 (11.098815). Anneal status: T=0.00, dE=105.60, candidate was rejected
Itr 131, LL= -2636965.334428 (7.502264). Anneal status: T=0.00, dE=89.51, candidate was rejected
Itr 132, LL= -2636946.838686 (7.014026). Anneal status: T=0.00, dE=102.42, candidate was rejected
Itr 133, LL= -2636925.864875 (7.953824). Anneal status: T=0.00, dE=42.57, candidate was rejected
Itr 134, LL= -2636905.837927 (7.594809). Anneal status: T=0.00, dE=47.49, candidate was rejected
Itr 135, LL= -2636881.190817 (9.346981). Anneal status: T=0.00, dE=34.60, candidate was rejected
Itr 136, LL= -2636864.382540 (6.374302). Anneal status: T=0.00, dE=106.12, candidate was rejected
Itr 137, LL= -2636855.643618 (3.314134). Anneal status: T=0.00, dE=28.89, candidate was rejected
Itr 138, LL= -2636848.772015 (2.605984). Anneal status: T=0.00, dE=36.71, candidate was rejected
Itr 139, LL= -2636840.468600 (3.148992). Anneal status: T=0.00, dE=68.83, candidate was rejected
Itr 140, LL= -2636832.196430 (3.137152). Anneal status: T=0.00, dE=40.82, candidate was rejected
Itr 141, LL= -2636820.897212 (4.285148). Anneal status: T=0.00, dE=125.35, candidate was rejected
Itr 142, LL= -2636806.195086 (5.575701). Anneal status: T=0.00, dE=56.71, candidate was rejected
Itr 143, LL= -2636792.147979 (5.327319). Anneal status: T=0.00, dE=16.90, candidate was rejected
Itr 144, LL= -2636781.251314 (4.132546). Anneal status: T=0.00, dE=40.22, candidate was rejected
Itr 145, LL= -2636774.746990 (2.466766). Anneal status: T=0.00, dE=15.50, candidate was rejected
Itr 146, LL= -2636768.670743 (2.304424). Anneal status: T=0.00, dE=68.67, candidate was rejected
Itr 147, LL= -2636765.870519 (1.061991). Anneal status: T=0.00, dE=107.07, candidate was rejected
Itr 148, LL= -2636763.110540 (1.046729). Anneal status: T=0.00, dE=33.12, candidate was rejected
Itr 149, LL= -2636759.938548 (1.202987). Anneal status: T=0.00, dE=61.88, candidate was rejected
Itr 150, LL= -2636756.351184 (1.360520). Anneal status: T=0.00, dE=47.66, candidate was rejected
Itr 151, LL= -2636750.047508 (2.390693). Anneal status: T=0.00, dE=66.24, candidate was rejected
Itr 152, LL= -2636742.671841 (2.797257). Anneal status: T=0.00, dE=116.08, candidate was rejected
Itr 153, LL= -2636720.443354 (8.430283). Anneal status: T=0.00, dE=17.79, candidate was rejected
Itr 154, LL= -2636698.080151 (8.481446). Anneal status: T=0.00, dE=62.29, candidate was rejected
Itr 155, LL= -2636691.156308 (2.625952). Anneal status: T=0.00, dE=32.32, candidate was rejected
Itr 156, LL= -2636686.175908 (1.888883). Anneal status: T=0.00, dE=60.05, candidate was rejected
Itr 157, LL= -2636681.091773 (1.928229). Anneal status: T=0.00, dE=110.43, candidate was rejected
Itr 158, LL= -2636675.566203 (2.095654). Anneal status: T=0.00, dE=61.68, candidate was rejected
Itr 159, LL= -2636667.903654 (2.906140). Anneal status: T=0.00, dE=39.13, candidate was rejected
Itr 160, LL= -2636658.936913 (3.400785). Anneal status: T=0.00, dE=13.88, candidate was rejected
Itr 161, LL= -2636653.281955 (2.144744). Anneal status: T=0.00, dE=71.01, candidate was rejected
Itr 162, LL= -2636642.236397 (4.189234). Anneal status: T=0.00, dE=18.59, candidate was rejected
Itr 163, LL= -2636636.539258 (2.160755). Anneal status: T=0.00, dE=128.20, candidate was rejected
Itr 164, LL= -2636631.098534 (2.063509). Anneal status: T=0.00, dE=48.13, candidate was rejected
Itr 165, LL= -2636628.884635 (0.839670). Anneal status: T=0.00, dE=53.75, candidate was rejected
Itr 166, LL= -2636627.677125 (0.457975). Anneal status: T=0.00, dE=112.37, candidate was rejected
Itr 167, LL= -2636626.531591 (0.434469). Anneal status: T=0.00, dE=40.60, candidate was rejected
-- Annealing statistics:
Portion of times candidate was better: 0.000000
Portion of times candidate was chosen by chance: 0.053892
--
>> 