My SLURM_ARRAY_TASK_ID:  21

                            < M A T L A B (R) >
                  Copyright 1984-2014 The MathWorks, Inc.
                   R2014b (8.4.0.150421) 64-bit (glnxa64)
                             September 15, 2014

 
For online documentation, see http://www.mathworks.com/support
For product information, visit www.mathworks.com.
 
EM for 21 states, 100 emission nodes. 12 observed values.
            gibbs: 0
    nGibbsItrPcnt: 0.8000
     annealParams: {}
           maxItr: 500
      convergeEps: 1.0000e-06
           minItr: 5
       parametric: 0
        initprobs: []
      persistBias: 0
          obsVals: []

- Initalized simulated annealing with params:
                     type: 'linear'
    max_chance_accpetance: 0.2000
             min_duration: 5
        min_init_duration: 5
             max_duration: 11
              converge_th: 1.0000e-06

--
Itr 1, LL= -15907129.206458 (Inf). Anneal status: T=NaN, dE=-1295.28, collecting statistics
Itr 2, LL= -2798705.680572 (Inf). Anneal status: T=NaN, dE=-16.08, collecting statistics
Itr 3, LL= -2770132.712683 (Inf). Anneal status: T=NaN, dE=-83.46, collecting statistics
Itr 4, LL= -2733139.205456 (13354.416941). Anneal status: T=NaN, dE=-217.13, collecting statistics
Itr 5, LL= -2708021.623518 (9190.011943). Anneal status: T=NaN, dE=60.85, collecting statistics
Itr 6, LL= -2694638.656856 (4941.971861). Anneal status: T=NaN, dE=8.23, collecting statistics
Itr 7, LL= -2685453.538553 (3408.664193). Anneal status: T=NaN, dE=32.75, collecting statistics
Itr 8, LL= -2678268.800824 (2675.428052). Anneal status: T=1.60, dE=8.45, candidate was rejected
Itr 9, LL= -2672663.380011 (2092.926898). Anneal status: T=1.60, dE=69.75, candidate was rejected
Itr 10, LL= -2668610.377270 (1516.465849). Anneal status: T=1.60, dE=-2.54, candidate was better
Itr 11, LL= -2665878.326623 (1023.772773). Anneal status: T=1.60, dE=-22.46, candidate was better
Itr 12, LL= -2664081.757711 (673.912569). Anneal status: T=1.60, dE=75.44, candidate was rejected
Itr 13, LL= -2662889.769418 (447.429322). Anneal status: T=1.44, dE=60.03, candidate was rejected
Itr 14, LL= -2661977.884435 (342.441882). Anneal status: T=0.98, dE=51.46, candidate was rejected
Itr 15, LL= -2661296.018422 (256.150142). Anneal status: T=0.98, dE=41.77, candidate was rejected
Itr 16, LL= -2660705.842014 (221.762782). Anneal status: T=0.98, dE=230.08, candidate was rejected
Itr 17, LL= -2660144.906833 (210.821945). Anneal status: T=0.98, dE=33.32, candidate was rejected
Itr 18, LL= -2659692.487668 (170.073128). Anneal status: T=0.98, dE=23.85, candidate was rejected
Itr 19, LL= -2659292.324641 (150.454622). Anneal status: T=0.89, dE=19.17, candidate was rejected
Itr 20, LL= -2658930.983137 (135.878820). Anneal status: T=0.89, dE=40.02, candidate was rejected
Itr 21, LL= -2658664.741106 (100.131230). Anneal status: T=0.89, dE=101.35, candidate was rejected
Itr 22, LL= -2658425.334746 (90.047593). Anneal status: T=0.89, dE=58.44, candidate was rejected
Itr 23, LL= -2658214.431829 (79.333775). Anneal status: T=0.89, dE=33.22, candidate was rejected
Itr 24, LL= -2658045.352300 (63.606430). Anneal status: T=0.79, dE=30.09, candidate was rejected
Itr 25, LL= -2657904.067958 (53.153473). Anneal status: T=0.79, dE=26.12, candidate was rejected
Itr 26, LL= -2657773.663322 (49.062958). Anneal status: T=0.79, dE=59.67, candidate was rejected
Itr 27, LL= -2657665.855535 (40.563193). Anneal status: T=0.79, dE=107.03, candidate was rejected
Itr 28, LL= -2657573.621895 (34.704754). Anneal status: T=0.79, dE=121.14, candidate was rejected
Itr 29, LL= -2657490.603741 (31.238327). Anneal status: T=0.69, dE=45.13, candidate was rejected
Itr 30, LL= -2657412.094190 (29.542739). Anneal status: T=0.69, dE=52.00, candidate was rejected
Itr 31, LL= -2657324.973037 (32.784209). Anneal status: T=0.69, dE=44.57, candidate was rejected
Itr 32, LL= -2657233.131180 (34.561771). Anneal status: T=0.69, dE=67.20, candidate was rejected
Itr 33, LL= -2657138.811949 (35.495279). Anneal status: T=0.69, dE=0.90, candidate was chosen by chance
Itr 34, LL= -2657049.117520 (33.756019). Anneal status: T=0.59, dE=2.94, candidate was rejected
Itr 35, LL= -2656956.295959 (34.934078). Anneal status: T=0.59, dE=11.26, candidate was rejected
Itr 36, LL= -2656866.053594 (33.964565). Anneal status: T=0.59, dE=104.72, candidate was rejected
Itr 37, LL= -2656767.542031 (37.078107). Anneal status: T=0.59, dE=14.25, candidate was rejected
Itr 38, LL= -2656652.646228 (43.246465). Anneal status: T=0.59, dE=46.10, candidate was rejected
Itr 39, LL= -2656545.061733 (40.496259). Anneal status: T=0.49, dE=51.95, candidate was rejected
Itr 40, LL= -2656461.536771 (31.441199). Anneal status: T=0.49, dE=22.86, candidate was rejected
Itr 41, LL= -2656383.108141 (29.523721). Anneal status: T=0.49, dE=52.44, candidate was rejected
Itr 42, LL= -2656320.598285 (23.531943). Anneal status: T=0.49, dE=83.84, candidate was rejected
Itr 43, LL= -2656248.738492 (27.052380). Anneal status: T=0.49, dE=10.99, candidate was rejected
Itr 44, LL= -2656185.519866 (23.799965). Anneal status: T=0.39, dE=9.26, candidate was rejected
Itr 45, LL= -2656127.363211 (21.894802). Anneal status: T=0.39, dE=10.11, candidate was rejected
Itr 46, LL= -2656069.502738 (21.783772). Anneal status: T=0.39, dE=33.99, candidate was rejected
Itr 47, LL= -2656021.044545 (18.244324). Anneal status: T=0.39, dE=51.03, candidate was rejected
Itr 48, LL= -2655968.494026 (19.785430). Anneal status: T=0.39, dE=78.42, candidate was rejected
Itr 49, LL= -2655898.747348 (26.260356). Anneal status: T=0.30, dE=57.97, candidate was rejected
Itr 50, LL= -2655814.737530 (31.631408). Anneal status: T=0.30, dE=11.43, candidate was rejected
Itr 51, LL= -2655740.029973 (28.129807). Anneal status: T=0.30, dE=11.54, candidate was rejected
Itr 52, LL= -2655646.944346 (35.050730). Anneal status: T=0.30, dE=20.91, candidate was rejected
Itr 53, LL= -2655522.106480 (47.008457). Anneal status: T=0.30, dE=30.93, candidate was rejected
Itr 54, LL= -2655360.533840 (60.844020). Anneal status: T=0.20, dE=38.49, candidate was rejected
Itr 55, LL= -2655222.107562 (52.130879). Anneal status: T=0.20, dE=10.70, candidate was rejected
Itr 56, LL= -2655049.350966 (65.062955). Anneal status: T=0.20, dE=245.47, candidate was rejected
Itr 57, LL= -2654838.989810 (79.230601). Anneal status: T=0.20, dE=65.44, candidate was rejected
Itr 58, LL= -2654660.377756 (67.277923). Anneal status: T=0.20, dE=40.10, candidate was rejected
Itr 59, LL= -2654509.871779 (56.695003). Anneal status: T=0.10, dE=70.04, candidate was rejected
Itr 60, LL= -2654366.189139 (54.127748). Anneal status: T=0.10, dE=24.65, candidate was rejected
Itr 61, LL= -2654243.740645 (46.130972). Anneal status: T=0.10, dE=25.44, candidate was rejected
Itr 62, LL= -2654129.043532 (43.212728). Anneal status: T=0.10, dE=62.74, candidate was rejected
Itr 63, LL= -2654040.256296 (33.452494). Anneal status: T=0.10, dE=32.70, candidate was rejected
Itr 64, LL= -2653972.105578 (25.678103). Anneal status: T=0.00, dE=82.93, candidate was rejected
Itr 65, LL= -2653914.210112 (21.814647). Anneal status: T=0.00, dE=81.99, candidate was rejected
Itr 66, LL= -2653852.480307 (23.259910). Anneal status: T=0.00, dE=54.79, candidate was rejected
Itr 67, LL= -2653809.953268 (16.024643). Anneal status: T=0.00, dE=71.73, candidate was rejected
Itr 68, LL= -2653780.293833 (11.176172). Anneal status: T=0.00, dE=144.92, candidate was rejected
Itr 69, LL= -2653756.047000 (9.136714). Anneal status: T=0.00, dE=35.11, candidate was rejected
Itr 70, LL= -2653728.849580 (10.248651). Anneal status: T=0.00, dE=72.44, candidate was rejected
Itr 71, LL= -2653691.602204 (14.035864). Anneal status: T=0.00, dE=58.60, candidate was rejected
Itr 72, LL= -2653592.766487 (37.244613). Anneal status: T=0.00, dE=3.97, candidate was rejected
Itr 73, LL= -2653418.239948 (65.769903). Anneal status: T=0.00, dE=57.24, candidate was rejected
Itr 74, LL= -2653234.880492 (69.103111). Anneal status: T=0.00, dE=55.65, candidate was rejected
Itr 75, LL= -2653088.061792 (55.335734). Anneal status: T=0.00, dE=13.68, candidate was rejected
Itr 76, LL= -2652956.916478 (49.431195). Anneal status: T=0.00, dE=1.79, candidate was rejected
Itr 77, LL= -2652821.033283 (51.219526). Anneal status: T=0.00, dE=46.33, candidate was rejected
Itr 78, LL= -2652691.519463 (48.821168). Anneal status: T=0.00, dE=67.92, candidate was rejected
Itr 79, LL= -2652565.994157 (47.319978). Anneal status: T=0.00, dE=49.25, candidate was rejected
Itr 80, LL= -2652455.076882 (41.815086). Anneal status: T=0.00, dE=38.08, candidate was rejected
Itr 81, LL= -2652370.820808 (31.765316). Anneal status: T=0.00, dE=61.96, candidate was rejected
Itr 82, LL= -2652303.993064 (25.195476). Anneal status: T=0.00, dE=104.51, candidate was rejected
Itr 83, LL= -2652249.661753 (20.484571). Anneal status: T=0.00, dE=38.42, candidate was rejected
Itr 84, LL= -2652208.473011 (15.529738). Anneal status: T=0.00, dE=56.86, candidate was rejected
Itr 85, LL= -2652173.828286 (13.062595). Anneal status: T=0.00, dE=45.88, candidate was rejected
Itr 86, LL= -2652144.237048 (11.157353). Anneal status: T=0.00, dE=59.50, candidate was rejected
Itr 87, LL= -2652120.702995 (8.873595). Anneal status: T=0.00, dE=69.63, candidate was rejected
Itr 88, LL= -2652090.166074 (11.514152). Anneal status: T=0.00, dE=40.73, candidate was rejected
Itr 89, LL= -2652070.073211 (7.576237). Anneal status: T=0.00, dE=118.59, candidate was rejected
Itr 90, LL= -2652053.190367 (6.365912). Anneal status: T=0.00, dE=109.79, candidate was rejected
Itr 91, LL= -2652038.802690 (5.425109). Anneal status: T=0.00, dE=116.46, candidate was rejected
Itr 92, LL= -2652021.194212 (6.639601). Anneal status: T=0.00, dE=84.94, candidate was rejected
Itr 93, LL= -2652003.964299 (6.496899). Anneal status: T=0.00, dE=36.81, candidate was rejected
Itr 94, LL= -2651996.048773 (2.984734). Anneal status: T=0.00, dE=47.30, candidate was rejected
Itr 95, LL= -2651984.072840 (4.515818). Anneal status: T=0.00, dE=14.75, candidate was rejected
Itr 96, LL= -2651964.168851 (7.505320). Anneal status: T=0.00, dE=95.01, candidate was rejected
Itr 97, LL= -2651955.264327 (3.357709). Anneal status: T=0.00, dE=87.17, candidate was rejected
Itr 98, LL= -2651951.027528 (1.597613). Anneal status: T=0.00, dE=34.37, candidate was rejected
Itr 99, LL= -2651947.172173 (1.453781). Anneal status: T=0.00, dE=24.38, candidate was rejected
Itr 100, LL= -2651940.329449 (2.580264). Anneal status: T=0.00, dE=23.22, candidate was rejected
Itr 101, LL= -2651932.554775 (2.931693). Anneal status: T=0.00, dE=150.67, candidate was rejected
Itr 102, LL= -2651926.569835 (2.256822). Anneal status: T=0.00, dE=7.50, candidate was rejected
Itr 103, LL= -2651920.334758 (2.351150). Anneal status: T=0.00, dE=12.33, candidate was rejected
Itr 104, LL= -2651900.818474 (7.359303). Anneal status: T=0.00, dE=14.02, candidate was rejected
Itr 105, LL= -2651885.271633 (5.862527). Anneal status: T=0.00, dE=33.58, candidate was rejected
Itr 106, LL= -2651877.261551 (3.020523). Anneal status: T=0.00, dE=32.32, candidate was rejected
Itr 107, LL= -2651869.796611 (2.814965). Anneal status: T=0.00, dE=20.84, candidate was rejected
Itr 108, LL= -2651867.522262 (0.857640). Anneal status: T=0.00, dE=114.18, candidate was rejected
Itr 109, LL= -2651863.913271 (1.360924). Anneal status: T=0.00, dE=23.16, candidate was rejected
Itr 110, LL= -2651860.631584 (1.237502). Anneal status: T=0.00, dE=74.35, candidate was rejected
Itr 111, LL= -2651858.801080 (0.690272). Anneal status: T=0.00, dE=69.31, candidate was rejected
Itr 112, LL= -2651856.367878 (0.917546). Anneal status: T=0.00, dE=81.61, candidate was rejected
Itr 113, LL= -2651853.722720 (0.997474). Anneal status: T=0.00, dE=4.80, candidate was rejected
-- Annealing statistics:
Portion of times candidate was better: 0.017699
Portion of times candidate was chosen by chance: 0.008850
--
EM for 21 states, 100 emission nodes. 12 observed values.
            gibbs: 0
    nGibbsItrPcnt: 0.8000
     annealParams: {}
           maxItr: 500
      convergeEps: 1.0000e-06
           minItr: 5
       parametric: 0
        initprobs: []
      persistBias: 0
          obsVals: []

- Initalized simulated annealing with params:
                     type: 'linear'
    max_chance_accpetance: 0.2000
             min_duration: 5
        min_init_duration: 5
             max_duration: 11
              converge_th: 1.0000e-06

--
Itr 1, LL= -15837643.082160 (Inf). Anneal status: T=NaN, dE=-18468.49, collecting statistics
Itr 2, LL= -2798385.662153 (Inf). Anneal status: T=NaN, dE=53.27, collecting statistics
Itr 3, LL= -2766906.818793 (Inf). Anneal status: T=NaN, dE=-534.48, collecting statistics
Itr 4, LL= -2719544.321907 (17117.488946). Anneal status: T=NaN, dE=-465.81, collecting statistics
Itr 5, LL= -2687282.987027 (11862.772237). Anneal status: T=NaN, dE=-239.87, collecting statistics
Itr 6, LL= -2674467.496470 (4768.939713). Anneal status: T=NaN, dE=18.05, collecting statistics
Itr 7, LL= -2667755.051151 (2509.824975). Anneal status: T=NaN, dE=-23.44, collecting statistics
Itr 8, LL= -2663167.661169 (1719.569411). Anneal status: T=NaN, dE=7.54, collecting statistics
Itr 9, LL= -2659451.138400 (1395.527147). Anneal status: T=NaN, dE=-11.21, collecting statistics
Itr 10, LL= -2656633.609534 (1059.439982). Anneal status: T=5.80, dE=46.96, candidate was rejected
Itr 11, LL= -2654725.517570 (718.236778). Anneal status: T=5.80, dE=23.58, candidate was rejected
Itr 12, LL= -2653458.537867 (477.254501). Anneal status: T=5.80, dE=86.66, candidate was rejected
Itr 13, LL= -2652578.208429 (331.766796). Anneal status: T=5.80, dE=5.22, candidate was rejected
Itr 14, LL= -2651925.012968 (246.249275). Anneal status: T=5.80, dE=22.83, candidate was rejected
Itr 15, LL= -2651397.423838 (198.945719). Anneal status: T=5.22, dE=35.76, candidate was rejected
Itr 16, LL= -2650973.096702 (160.039054). Anneal status: T=5.22, dE=61.83, candidate was rejected
Itr 17, LL= -2650660.898934 (117.767234). Anneal status: T=5.22, dE=64.35, candidate was rejected
Itr 18, LL= -2650398.238536 (99.092418). Anneal status: T=5.22, dE=54.24, candidate was rejected
Itr 19, LL= -2650168.032585 (86.857117). Anneal status: T=5.22, dE=64.08, candidate was rejected
Itr 20, LL= -2649956.128770 (79.958634). Anneal status: T=4.64, dE=73.76, candidate was rejected
Itr 21, LL= -2649751.130262 (77.359208). Anneal status: T=4.64, dE=47.16, candidate was rejected
Itr 22, LL= -2649573.325545 (67.102421). Anneal status: T=4.64, dE=65.98, candidate was rejected
Itr 23, LL= -2649404.566789 (63.692804). Anneal status: T=4.64, dE=87.52, candidate was rejected
Itr 24, LL= -2649219.812925 (69.734108). Anneal status: T=4.64, dE=23.86, candidate was rejected
Itr 25, LL= -2649022.112814 (74.625786). Anneal status: T=4.06, dE=23.74, candidate was rejected
Itr 26, LL= -2648825.404970 (74.256777). Anneal status: T=4.06, dE=118.93, candidate was rejected
Itr 27, LL= -2648650.534898 (66.017968). Anneal status: T=4.06, dE=72.37, candidate was rejected
Itr 28, LL= -2648459.598462 (72.088195). Anneal status: T=4.06, dE=119.49, candidate was rejected
Itr 29, LL= -2648231.513107 (86.120005). Anneal status: T=4.06, dE=21.69, candidate was rejected
Itr 30, LL= -2648001.789504 (86.746043). Anneal status: T=3.48, dE=10.95, candidate was rejected
Itr 31, LL= -2647775.993199 (85.270450). Anneal status: T=3.48, dE=53.44, candidate was rejected
Itr 32, LL= -2647522.266720 (95.826263). Anneal status: T=3.48, dE=69.43, candidate was rejected
Itr 33, LL= -2647261.330214 (98.558758). Anneal status: T=3.48, dE=-0.63, candidate was better
Itr 34, LL= -2647004.599777 (96.979635). Anneal status: T=3.48, dE=36.57, candidate was rejected
Itr 35, LL= -2646779.758062 (84.941943). Anneal status: T=2.90, dE=148.87, candidate was rejected
Itr 36, LL= -2646605.683925 (65.768274). Anneal status: T=2.90, dE=46.96, candidate was rejected
Itr 37, LL= -2646445.832977 (60.398475). Anneal status: T=2.90, dE=106.30, candidate was rejected
Itr 38, LL= -2646292.524270 (57.930038). Anneal status: T=2.90, dE=36.75, candidate was rejected
Itr 39, LL= -2646139.281893 (57.908328). Anneal status: T=2.90, dE=64.28, candidate was rejected
Itr 40, LL= -2645989.116253 (56.748956). Anneal status: T=2.32, dE=12.49, candidate was rejected
Itr 41, LL= -2645861.908804 (48.075575). Anneal status: T=2.32, dE=43.04, candidate was rejected
Itr 42, LL= -2645735.241602 (47.873701). Anneal status: T=2.32, dE=42.74, candidate was rejected
Itr 43, LL= -2645609.463637 (47.539891). Anneal status: T=2.32, dE=63.87, candidate was rejected
Itr 44, LL= -2645502.817167 (40.310738). Anneal status: T=2.32, dE=27.00, candidate was rejected
Itr 45, LL= -2645408.028125 (35.830256). Anneal status: T=1.74, dE=122.68, candidate was rejected
Itr 46, LL= -2645327.616179 (30.396803). Anneal status: T=1.74, dE=65.56, candidate was rejected
Itr 47, LL= -2645237.590337 (34.032020). Anneal status: T=1.74, dE=53.08, candidate was rejected
Itr 48, LL= -2645149.554154 (33.281012). Anneal status: T=1.74, dE=17.09, candidate was rejected
Itr 49, LL= -2645068.524827 (30.633174). Anneal status: T=1.74, dE=72.15, candidate was rejected
Itr 50, LL= -2644990.806162 (29.382477). Anneal status: T=1.16, dE=87.55, candidate was rejected
Itr 51, LL= -2644906.801323 (31.759974). Anneal status: T=1.16, dE=36.95, candidate was rejected
Itr 52, LL= -2644820.122591 (32.771942). Anneal status: T=1.16, dE=31.20, candidate was rejected
Itr 53, LL= -2644738.805486 (30.745798). Anneal status: T=1.16, dE=30.25, candidate was rejected
Itr 54, LL= -2644665.200245 (27.830817). Anneal status: T=1.16, dE=42.18, candidate was rejected
Itr 55, LL= -2644573.681497 (34.605041). Anneal status: T=0.58, dE=13.90, candidate was rejected
Itr 56, LL= -2644481.738106 (34.766810). Anneal status: T=0.58, dE=44.86, candidate was rejected
Itr 57, LL= -2644397.858898 (31.718581). Anneal status: T=0.58, dE=93.66, candidate was rejected
Itr 58, LL= -2644302.705381 (35.983056). Anneal status: T=0.58, dE=77.66, candidate was rejected
Itr 59, LL= -2644166.750656 (51.414207). Anneal status: T=0.58, dE=71.92, candidate was rejected
Itr 60, LL= -2644014.392210 (57.620589). Anneal status: T=0.00, dE=42.42, candidate was rejected
Itr 61, LL= -2643906.775713 (40.701933). Anneal status: T=0.00, dE=67.78, candidate was rejected
Itr 62, LL= -2643817.046655 (33.938056). Anneal status: T=0.00, dE=74.11, candidate was rejected
Itr 63, LL= -2643720.287901 (36.598128). Anneal status: T=0.00, dE=35.83, candidate was rejected
Itr 64, LL= -2643629.413819 (34.373562). Anneal status: T=0.00, dE=45.28, candidate was rejected
Itr 65, LL= -2643542.694455 (32.803147). Anneal status: T=0.00, dE=66.23, candidate was rejected
Itr 66, LL= -2643463.582326 (29.926556). Anneal status: T=0.00, dE=86.39, candidate was rejected
Itr 67, LL= -2643391.173979 (27.391468). Anneal status: T=0.00, dE=17.36, candidate was rejected
Itr 68, LL= -2643319.911076 (26.958894). Anneal status: T=0.00, dE=47.21, candidate was rejected
Itr 69, LL= -2643261.284852 (22.179012). Anneal status: T=0.00, dE=98.21, candidate was rejected
Itr 70, LL= -2643212.995534 (18.268840). Anneal status: T=0.00, dE=48.54, candidate was rejected
Itr 71, LL= -2643169.950773 (16.285014). Anneal status: T=0.00, dE=137.49, candidate was rejected
Itr 72, LL= -2643134.303693 (13.486488). Anneal status: T=0.00, dE=22.77, candidate was rejected
Itr 73, LL= -2643102.706440 (11.954464). Anneal status: T=0.00, dE=105.69, candidate was rejected
Itr 74, LL= -2643064.494227 (14.457332). Anneal status: T=0.00, dE=46.55, candidate was rejected
Itr 75, LL= -2643033.908171 (11.572194). Anneal status: T=0.00, dE=71.44, candidate was rejected
Itr 76, LL= -2643003.062580 (11.670524). Anneal status: T=0.00, dE=67.80, candidate was rejected
Itr 77, LL= -2642969.550649 (12.679490). Anneal status: T=0.00, dE=54.00, candidate was rejected
Itr 78, LL= -2642945.956178 (8.927258). Anneal status: T=0.00, dE=42.12, candidate was rejected
Itr 79, LL= -2642926.314188 (7.431854). Anneal status: T=0.00, dE=94.47, candidate was rejected
Itr 80, LL= -2642905.950002 (7.705166). Anneal status: T=0.00, dE=56.26, candidate was rejected
Itr 81, LL= -2642884.676473 (8.049295). Anneal status: T=0.00, dE=45.68, candidate was rejected
Itr 82, LL= -2642866.719546 (6.794442). Anneal status: T=0.00, dE=74.37, candidate was rejected
Itr 83, LL= -2642848.478070 (6.902155). Anneal status: T=0.00, dE=57.13, candidate was rejected
Itr 84, LL= -2642817.116879 (11.866436). Anneal status: T=0.00, dE=23.88, candidate was rejected
Itr 85, LL= -2642799.085360 (6.822840). Anneal status: T=0.00, dE=71.78, candidate was rejected
Itr 86, LL= -2642786.330409 (4.826304). Anneal status: T=0.00, dE=66.23, candidate was rejected
Itr 87, LL= -2642757.392270 (10.949860). Anneal status: T=0.00, dE=120.59, candidate was rejected
Itr 88, LL= -2642690.285045 (25.392881). Anneal status: T=0.00, dE=126.67, candidate was rejected
Itr 89, LL= -2642659.156944 (11.778944). Anneal status: T=0.00, dE=83.23, candidate was rejected
Itr 90, LL= -2642637.978985 (8.013882). Anneal status: T=0.00, dE=37.86, candidate was rejected
Itr 91, LL= -2642621.929885 (6.073136). Anneal status: T=0.00, dE=24.95, candidate was rejected
Itr 92, LL= -2642593.907824 (10.603886). Anneal status: T=0.00, dE=22.17, candidate was rejected
Itr 93, LL= -2642576.402402 (6.624333). Anneal status: T=0.00, dE=18.13, candidate was rejected
Itr 94, LL= -2642552.022980 (9.225626). Anneal status: T=0.00, dE=45.67, candidate was rejected
Itr 95, LL= -2642532.733089 (7.299720). Anneal status: T=0.00, dE=17.96, candidate was rejected
Itr 96, LL= -2642498.424544 (12.983205). Anneal status: T=0.00, dE=24.51, candidate was rejected
Itr 97, LL= -2642443.222362 (20.890148). Anneal status: T=0.00, dE=36.03, candidate was rejected
Itr 98, LL= -2642418.470786 (9.366928). Anneal status: T=0.00, dE=57.18, candidate was rejected
Itr 99, LL= -2642402.144044 (6.178712). Anneal status: T=0.00, dE=61.10, candidate was rejected
Itr 100, LL= -2642385.034233 (6.475097). Anneal status: T=0.00, dE=33.98, candidate was rejected
Itr 101, LL= -2642372.858972 (4.607678). Anneal status: T=0.00, dE=21.54, candidate was rejected
Itr 102, LL= -2642363.487983 (3.546430). Anneal status: T=0.00, dE=49.73, candidate was rejected
Itr 103, LL= -2642338.202260 (9.569358). Anneal status: T=0.00, dE=46.96, candidate was rejected
Itr 104, LL= -2642299.479384 (14.654776). Anneal status: T=0.00, dE=41.56, candidate was rejected
Itr 105, LL= -2642273.379781 (9.877610). Anneal status: T=0.00, dE=14.79, candidate was rejected
Itr 106, LL= -2642261.825268 (4.372944). Anneal status: T=0.00, dE=145.71, candidate was rejected
Itr 107, LL= -2642244.160482 (6.685479). Anneal status: T=0.00, dE=90.85, candidate was rejected
Itr 108, LL= -2642216.053723 (10.637457). Anneal status: T=0.00, dE=81.28, candidate was rejected
Itr 109, LL= -2642194.487873 (8.162031). Anneal status: T=0.00, dE=49.81, candidate was rejected
Itr 110, LL= -2642183.136705 (4.296114). Anneal status: T=0.00, dE=16.03, candidate was rejected
Itr 111, LL= -2642140.853500 (16.003132). Anneal status: T=0.00, dE=62.05, candidate was rejected
Itr 112, LL= -2642112.091171 (10.885994). Anneal status: T=0.00, dE=66.49, candidate was rejected
Itr 113, LL= -2642056.631003 (20.990846). Anneal status: T=0.00, dE=130.65, candidate was rejected
Itr 114, LL= -2642031.772644 (9.408716). Anneal status: T=0.00, dE=31.23, candidate was rejected
Itr 115, LL= -2642020.797687 (4.153984). Anneal status: T=0.00, dE=17.34, candidate was rejected
Itr 116, LL= -2642006.820851 (5.290207). Anneal status: T=0.00, dE=38.06, candidate was rejected
Itr 117, LL= -2641968.158981 (14.633524). Anneal status: T=0.00, dE=40.34, candidate was rejected
Itr 118, LL= -2641918.915769 (18.638836). Anneal status: T=0.00, dE=60.42, candidate was rejected
Itr 119, LL= -2641879.557024 (14.897787). Anneal status: T=0.00, dE=17.14, candidate was rejected
Itr 120, LL= -2641863.589441 (6.044024). Anneal status: T=0.00, dE=57.23, candidate was rejected
Itr 121, LL= -2641852.208837 (4.307794). Anneal status: T=0.00, dE=26.95, candidate was rejected
Itr 122, LL= -2641841.309453 (4.125660). Anneal status: T=0.00, dE=15.95, candidate was rejected
Itr 123, LL= -2641828.963885 (4.673092). Anneal status: T=0.00, dE=141.62, candidate was rejected
Itr 124, LL= -2641785.827399 (16.328266). Anneal status: T=0.00, dE=43.03, candidate was rejected
Itr 125, LL= -2641749.387931 (13.793498). Anneal status: T=0.00, dE=48.25, candidate was rejected
Itr 126, LL= -2641727.432975 (8.310764). Anneal status: T=0.00, dE=28.09, candidate was rejected
Itr 127, LL= -2641702.800176 (9.324505). Anneal status: T=0.00, dE=81.27, candidate was rejected
Itr 128, LL= -2641654.284807 (18.365188). Anneal status: T=0.00, dE=12.52, candidate was rejected
Itr 129, LL= -2641625.773266 (10.793063). Anneal status: T=0.00, dE=67.13, candidate was rejected
Itr 130, LL= -2641551.984966 (27.932912). Anneal status: T=0.00, dE=44.38, candidate was rejected
Itr 131, LL= -2641513.669669 (14.504843). Anneal status: T=0.00, dE=127.18, candidate was rejected
Itr 132, LL= -2641483.802002 (11.307027). Anneal status: T=0.00, dE=90.86, candidate was rejected
Itr 133, LL= -2641451.455759 (12.245482). Anneal status: T=0.00, dE=97.86, candidate was rejected
Itr 134, LL= -2641421.684310 (11.270867). Anneal status: T=0.00, dE=68.71, candidate was rejected
Itr 135, LL= -2641398.367110 (8.827519). Anneal status: T=0.00, dE=72.98, candidate was rejected
Itr 136, LL= -2641374.162471 (9.163570). Anneal status: T=0.00, dE=64.98, candidate was rejected
Itr 137, LL= -2641350.782475 (8.851452). Anneal status: T=0.00, dE=34.71, candidate was rejected
Itr 138, LL= -2641328.153716 (8.567116). Anneal status: T=0.00, dE=26.98, candidate was rejected
Itr 139, LL= -2641292.842388 (13.368777). Anneal status: T=0.00, dE=57.81, candidate was rejected
Itr 140, LL= -2641251.774488 (15.548408). Anneal status: T=0.00, dE=29.05, candidate was rejected
Itr 141, LL= -2641222.687832 (11.012451). Anneal status: T=0.00, dE=54.68, candidate was rejected
Itr 142, LL= -2641204.693039 (6.813054). Anneal status: T=0.00, dE=21.65, candidate was rejected
Itr 143, LL= -2641191.170008 (5.120024). Anneal status: T=0.00, dE=26.74, candidate was rejected
Itr 144, LL= -2641182.421436 (3.312358). Anneal status: T=0.00, dE=64.24, candidate was rejected
Itr 145, LL= -2641172.131596 (3.895922). Anneal status: T=0.00, dE=103.83, candidate was rejected
Itr 146, LL= -2641161.858424 (3.889626). Anneal status: T=0.00, dE=19.47, candidate was rejected
Itr 147, LL= -2641151.641417 (3.868376). Anneal status: T=0.00, dE=60.86, candidate was rejected
Itr 148, LL= -2641137.356397 (5.408633). Anneal status: T=0.00, dE=50.16, candidate was rejected
Itr 149, LL= -2641110.614800 (10.125031). Anneal status: T=0.00, dE=23.69, candidate was rejected
Itr 150, LL= -2641082.553421 (10.624841). Anneal status: T=0.00, dE=55.34, candidate was rejected
Itr 151, LL= -2641058.415925 (9.139243). Anneal status: T=0.00, dE=62.66, candidate was rejected
Itr 152, LL= -2641044.189478 (5.386646). Anneal status: T=0.00, dE=72.95, candidate was rejected
Itr 153, LL= -2641037.835026 (2.406038). Anneal status: T=0.00, dE=85.52, candidate was rejected
Itr 154, LL= -2641032.706908 (1.941706). Anneal status: T=0.00, dE=55.74, candidate was rejected
Itr 155, LL= -2641001.649071 (11.759732). Anneal status: T=0.00, dE=45.23, candidate was rejected
Itr 156, LL= -2640993.948522 (2.915769). Anneal status: T=0.00, dE=69.35, candidate was rejected
Itr 157, LL= -2640991.042807 (1.100235). Anneal status: T=0.00, dE=12.17, candidate was rejected
Itr 158, LL= -2640970.350445 (7.835075). Anneal status: T=0.00, dE=29.43, candidate was rejected
Itr 159, LL= -2640960.008808 (3.915847). Anneal status: T=0.00, dE=160.03, candidate was rejected
Itr 160, LL= -2640933.464576 (10.050979). Anneal status: T=0.00, dE=40.98, candidate was rejected
Itr 161, LL= -2640910.196556 (8.810528). Anneal status: T=0.00, dE=54.64, candidate was rejected
Itr 162, LL= -2640907.520409 (1.013343). Anneal status: T=0.00, dE=105.79, candidate was rejected
Itr 163, LL= -2640904.943245 (0.975863). Anneal status: T=0.00, dE=34.62, candidate was rejected
Itr 164, LL= -2640898.572186 (2.412453). Anneal status: T=0.00, dE=99.43, candidate was rejected
Itr 165, LL= -2640881.477106 (6.473206). Anneal status: T=0.00, dE=57.85, candidate was rejected
Itr 166, LL= -2640873.266107 (3.109189). Anneal status: T=0.00, dE=19.41, candidate was rejected
Itr 167, LL= -2640870.151603 (1.179346). Anneal status: T=0.00, dE=17.97, candidate was rejected
Itr 168, LL= -2640867.512393 (0.999371). Anneal status: T=0.00, dE=83.25, candidate was rejected
Itr 169, LL= -2640861.154810 (2.407384). Anneal status: T=0.00, dE=90.19, candidate was rejected
Itr 170, LL= -2640832.822079 (10.728595). Anneal status: T=0.00, dE=30.66, candidate was rejected
Itr 171, LL= -2640802.348464 (11.539396). Anneal status: T=0.00, dE=38.81, candidate was rejected
Itr 172, LL= -2640789.733464 (4.776957). Anneal status: T=0.00, dE=193.06, candidate was rejected
Itr 173, LL= -2640786.659050 (1.164203). Anneal status: T=0.00, dE=99.00, candidate was rejected
Itr 174, LL= -2640782.190314 (1.692199). Anneal status: T=0.00, dE=60.20, candidate was rejected
Itr 175, LL= -2640780.947528 (0.470613). Anneal status: T=0.00, dE=106.05, candidate was rejected
Itr 176, LL= -2640780.196031 (0.284573). Anneal status: T=0.00, dE=75.21, candidate was rejected
Itr 177, LL= -2640778.550701 (0.623047). Anneal status: T=0.00, dE=64.83, candidate was rejected
-- Annealing statistics:
Portion of times candidate was better: 0.005650
Portion of times candidate was chosen by chance: 0.000000
--
Your MATLAB session has timed out.  All license keys have been returned.
EM for 21 states, 100 emission nodes. 12 observed values.
            gibbs: 0
    nGibbsItrPcnt: 0.8000
     annealParams: {}
           maxItr: 500
      convergeEps: 1.0000e-06
           minItr: 5
       parametric: 0
        initprobs: []
      persistBias: 0
          obsVals: []

- Initalized simulated annealing with params:
                     type: 'linear'
    max_chance_accpetance: 0.2000
             min_duration: 5
        min_init_duration: 5
             max_duration: 11
              converge_th: 1.0000e-06

--
Itr 1, LL= -16108664.887216 (Inf). Anneal status: T=NaN, dE=1364.93, collecting statistics
Itr 2, LL= -2799493.170702 (Inf). Anneal status: T=NaN, dE=-222.82, collecting statistics
Itr 3, LL= -2759414.969358 (Inf). Anneal status: T=NaN, dE=-72.35, collecting statistics
Itr 4, LL= -2720029.177355 (14273.239959). Anneal status: T=NaN, dE=-780.69, collecting statistics
Itr 5, LL= -2693252.602356 (9844.223445). Anneal status: T=NaN, dE=-662.65, collecting statistics
Itr 6, LL= -2676909.510118 (6068.161681). Anneal status: T=NaN, dE=-262.79, collecting statistics
Itr 7, LL= -2667352.323964 (3570.231312). Anneal status: T=NaN, dE=2.04, collecting statistics
Itr 8, LL= -2661513.760051 (2188.898655). Anneal status: T=NaN, dE=58.71, collecting statistics
Itr 9, LL= -2657986.035447 (1325.457962). Anneal status: T=NaN, dE=-4.96, collecting statistics
Itr 10, LL= -2655777.563483 (830.881703). Anneal status: T=22.82, dE=88.22, candidate was rejected
Itr 11, LL= -2654264.656027 (569.666480). Anneal status: T=22.82, dE=45.36, candidate was rejected
Itr 12, LL= -2653153.020126 (418.811251). Anneal status: T=22.82, dE=87.09, candidate was rejected
Itr 13, LL= -2652273.277419 (331.583855). Anneal status: T=22.82, dE=77.80, candidate was rejected
Itr 14, LL= -2651575.909489 (262.932156). Anneal status: T=22.82, dE=19.70, candidate was chosen by chance
Itr 15, LL= -2650957.826836 (233.100116). Anneal status: T=20.54, dE=140.03, candidate was rejected
Itr 16, LL= -2650439.761593 (195.425683). Anneal status: T=20.54, dE=113.11, candidate was rejected
Itr 17, LL= -2650069.060941 (139.863828). Anneal status: T=20.54, dE=48.69, candidate was chosen by chance
Itr 18, LL= -2649687.096158 (144.133898). Anneal status: T=20.54, dE=114.12, candidate was rejected
Itr 19, LL= -2649375.185916 (117.715877). Anneal status: T=20.54, dE=54.96, candidate was rejected
Itr 20, LL= -2649078.334775 (112.045717). Anneal status: T=18.26, dE=50.89, candidate was rejected
Itr 21, LL= -2648819.190454 (97.824333). Anneal status: T=18.26, dE=84.48, candidate was rejected
Itr 22, LL= -2648589.599214 (86.676826). Anneal status: T=18.26, dE=111.36, candidate was rejected
Itr 23, LL= -2648396.126399 (73.047487). Anneal status: T=18.26, dE=21.42, candidate was rejected
Itr 24, LL= -2648266.365222 (48.996136). Anneal status: T=18.26, dE=37.19, candidate was chosen by chance
Itr 25, LL= -2648145.316623 (45.708619). Anneal status: T=15.98, dE=64.04, candidate was chosen by chance
Itr 26, LL= -2647966.122912 (67.667628). Anneal status: T=15.98, dE=28.53, candidate was chosen by chance
Itr 27, LL= -2647853.509813 (42.528149). Anneal status: T=15.98, dE=71.61, candidate was chosen by chance
Itr 28, LL= -2647619.094982 (88.530136). Anneal status: T=15.98, dE=63.64, candidate was rejected
Itr 29, LL= -2647469.657025 (56.442393). Anneal status: T=15.98, dE=4.69, candidate was chosen by chance
Itr 30, LL= -2647331.138155 (52.321230). Anneal status: T=13.69, dE=21.98, candidate was rejected
Itr 31, LL= -2647207.362263 (46.754972). Anneal status: T=13.69, dE=24.68, candidate was rejected
Itr 32, LL= -2647070.834149 (51.574393). Anneal status: T=13.69, dE=61.68, candidate was rejected
Itr 33, LL= -2646916.837759 (58.176150). Anneal status: T=13.69, dE=48.17, candidate was rejected
Itr 34, LL= -2646765.359196 (57.228305). Anneal status: T=13.69, dE=45.98, candidate was rejected
Itr 35, LL= -2646648.612310 (44.109269). Anneal status: T=11.41, dE=29.42, candidate was rejected
Itr 36, LL= -2646552.171190 (36.438959). Anneal status: T=11.41, dE=39.02, candidate was rejected
Itr 37, LL= -2646454.296704 (36.981884). Anneal status: T=11.41, dE=76.75, candidate was rejected
Itr 38, LL= -2646363.713853 (34.228005). Anneal status: T=11.41, dE=59.74, candidate was rejected
Itr 39, LL= -2646278.766960 (32.099478). Anneal status: T=11.41, dE=43.00, candidate was rejected
Itr 40, LL= -2646190.046477 (33.526507). Anneal status: T=9.13, dE=40.62, candidate was rejected
Itr 41, LL= -2646105.818708 (31.829826). Anneal status: T=9.13, dE=93.12, candidate was rejected
Itr 42, LL= -2646012.842420 (35.137026). Anneal status: T=9.13, dE=86.28, candidate was rejected
Itr 43, LL= -2645931.018424 (30.923506). Anneal status: T=9.13, dE=65.88, candidate was rejected
Itr 44, LL= -2645861.902993 (26.121403). Anneal status: T=9.13, dE=39.75, candidate was rejected
Itr 45, LL= -2645797.900166 (24.189784). Anneal status: T=6.85, dE=23.25, candidate was rejected
Itr 46, LL= -2645728.967490 (26.053643). Anneal status: T=6.85, dE=40.18, candidate was rejected
Itr 47, LL= -2645679.681760 (18.628413). Anneal status: T=6.85, dE=48.01, candidate was rejected
Itr 48, LL= -2645627.356056 (19.777792). Anneal status: T=6.85, dE=54.18, candidate was rejected
Itr 49, LL= -2645570.247668 (21.585953). Anneal status: T=6.85, dE=61.21, candidate was rejected
Itr 50, LL= -2645489.816858 (30.402069). Anneal status: T=4.56, dE=29.59, candidate was rejected
Itr 51, LL= -2645422.180520 (25.566660). Anneal status: T=4.56, dE=31.96, candidate was rejected
Itr 52, LL= -2645363.680905 (22.113527). Anneal status: T=4.56, dE=84.24, candidate was rejected
Itr 53, LL= -2645308.258741 (20.950679). Anneal status: T=4.56, dE=105.96, candidate was rejected
Itr 54, LL= -2645241.127643 (25.377420). Anneal status: T=4.56, dE=62.27, candidate was rejected
Itr 55, LL= -2645177.727223 (23.967728). Anneal status: T=2.28, dE=71.07, candidate was rejected
Itr 56, LL= -2645111.675543 (24.970602). Anneal status: T=2.28, dE=45.78, candidate was rejected
Itr 57, LL= -2645047.808700 (24.145235). Anneal status: T=2.28, dE=38.87, candidate was rejected
Itr 58, LL= -2644987.505146 (22.798663). Anneal status: T=2.28, dE=40.66, candidate was rejected
Itr 59, LL= -2644930.981632 (21.370049). Anneal status: T=2.28, dE=56.54, candidate was rejected
Itr 60, LL= -2644874.026331 (21.533757). Anneal status: T=0.00, dE=20.33, candidate was rejected
Itr 61, LL= -2644819.167584 (20.741535). Anneal status: T=0.00, dE=29.71, candidate was rejected
Itr 62, LL= -2644767.373044 (19.583396). Anneal status: T=0.00, dE=26.36, candidate was rejected
Itr 63, LL= -2644719.113995 (18.246992). Anneal status: T=0.00, dE=17.81, candidate was rejected
Itr 64, LL= -2644670.502985 (18.380406). Anneal status: T=0.00, dE=97.60, candidate was rejected
Itr 65, LL= -2644607.724533 (23.737722). Anneal status: T=0.00, dE=31.19, candidate was rejected
Itr 66, LL= -2644555.943612 (19.579812). Anneal status: T=0.00, dE=18.45, candidate was rejected
Itr 67, LL= -2644516.585234 (14.882793). Anneal status: T=0.00, dE=42.74, candidate was rejected
Itr 68, LL= -2644483.763357 (12.411296). Anneal status: T=0.00, dE=54.13, candidate was rejected
Itr 69, LL= -2644451.248006 (12.295538). Anneal status: T=0.00, dE=59.67, candidate was rejected
Itr 70, LL= -2644418.077794 (12.543325). Anneal status: T=0.00, dE=13.41, candidate was rejected
Itr 71, LL= -2644371.429375 (17.640334). Anneal status: T=0.00, dE=73.54, candidate was rejected
Itr 72, LL= -2644327.454264 (16.629703). Anneal status: T=0.00, dE=61.63, candidate was rejected
Itr 73, LL= -2644297.719210 (11.244845). Anneal status: T=0.00, dE=42.75, candidate was rejected
Itr 74, LL= -2644272.120422 (9.680751). Anneal status: T=0.00, dE=90.34, candidate was rejected
Itr 75, LL= -2644247.859682 (9.174827). Anneal status: T=0.00, dE=31.66, candidate was rejected
Itr 76, LL= -2644221.312835 (10.039470). Anneal status: T=0.00, dE=32.30, candidate was rejected
Itr 77, LL= -2644185.354110 (13.598985). Anneal status: T=0.00, dE=58.70, candidate was rejected
Itr 78, LL= -2644161.590261 (8.987210). Anneal status: T=0.00, dE=109.02, candidate was rejected
Itr 79, LL= -2644137.117232 (9.255497). Anneal status: T=0.00, dE=100.67, candidate was rejected
Itr 80, LL= -2644106.873819 (11.437914). Anneal status: T=0.00, dE=116.15, candidate was rejected
Itr 81, LL= -2644079.695173 (10.278951). Anneal status: T=0.00, dE=50.36, candidate was rejected
Itr 82, LL= -2644056.463663 (8.786237). Anneal status: T=0.00, dE=73.84, candidate was rejected
Itr 83, LL= -2644032.656668 (9.003966). Anneal status: T=0.00, dE=60.09, candidate was rejected
Itr 84, LL= -2644017.094329 (5.885834). Anneal status: T=0.00, dE=34.24, candidate was rejected
Itr 85, LL= -2644002.326570 (5.585349). Anneal status: T=0.00, dE=24.18, candidate was rejected
Itr 86, LL= -2643989.802912 (4.736629). Anneal status: T=0.00, dE=143.31, candidate was rejected
Itr 87, LL= -2643975.402604 (5.446431). Anneal status: T=0.00, dE=81.24, candidate was rejected
Itr 88, LL= -2643962.429358 (4.906720). Anneal status: T=0.00, dE=36.68, candidate was rejected
Itr 89, LL= -2643951.771741 (4.030926). Anneal status: T=0.00, dE=104.07, candidate was rejected
Itr 90, LL= -2643941.865629 (3.746707). Anneal status: T=0.00, dE=13.42, candidate was rejected
Itr 91, LL= -2643928.705431 (4.977491). Anneal status: T=0.00, dE=82.01, candidate was rejected
Itr 92, LL= -2643912.315996 (6.198895). Anneal status: T=0.00, dE=89.17, candidate was rejected
Itr 93, LL= -2643901.891607 (3.942789). Anneal status: T=0.00, dE=34.11, candidate was rejected
Itr 94, LL= -2643890.635744 (4.257292). Anneal status: T=0.00, dE=19.17, candidate was rejected
Itr 95, LL= -2643879.870509 (4.071740). Anneal status: T=0.00, dE=6.29, candidate was rejected
Itr 96, LL= -2643871.054103 (3.334647). Anneal status: T=0.00, dE=55.12, candidate was rejected
Itr 97, LL= -2643864.257497 (2.570703). Anneal status: T=0.00, dE=169.64, candidate was rejected
Itr 98, LL= -2643857.453277 (2.573589). Anneal status: T=0.00, dE=112.60, candidate was rejected
Itr 99, LL= -2643849.533914 (2.995382). Anneal status: T=0.00, dE=43.35, candidate was rejected
Itr 100, LL= -2643842.409897 (2.694562). Anneal status: T=0.00, dE=86.63, candidate was rejected
Itr 101, LL= -2643835.828900 (2.489179). Anneal status: T=0.00, dE=21.56, candidate was rejected
Itr 102, LL= -2643828.905956 (2.618523). Anneal status: T=0.00, dE=7.71, candidate was rejected
Itr 103, LL= -2643821.322340 (2.868422). Anneal status: T=0.00, dE=78.21, candidate was rejected
Itr 104, LL= -2643805.665962 (5.921874). Anneal status: T=0.00, dE=95.56, candidate was rejected
Itr 105, LL= -2643796.604392 (3.427472). Anneal status: T=0.00, dE=72.04, candidate was rejected
Itr 106, LL= -2643788.405669 (3.101117). Anneal status: T=0.00, dE=38.48, candidate was rejected
Itr 107, LL= -2643777.882953 (3.980166). Anneal status: T=0.00, dE=112.35, candidate was rejected
Itr 108, LL= -2643764.892092 (4.913749). Anneal status: T=0.00, dE=54.43, candidate was rejected
Itr 109, LL= -2643752.968361 (4.510133). Anneal status: T=0.00, dE=60.38, candidate was rejected
Itr 110, LL= -2643743.846788 (3.450236). Anneal status: T=0.00, dE=114.00, candidate was rejected
Itr 111, LL= -2643735.665468 (3.094596). Anneal status: T=0.00, dE=11.75, candidate was rejected
Itr 112, LL= -2643728.723818 (2.625698). Anneal status: T=0.00, dE=197.57, candidate was rejected
Itr 113, LL= -2643722.305621 (2.427706). Anneal status: T=0.00, dE=17.01, candidate was rejected
Itr 114, LL= -2643715.366712 (2.624674). Anneal status: T=0.00, dE=43.58, candidate was rejected
Itr 115, LL= -2643707.571351 (2.948639). Anneal status: T=0.00, dE=167.15, candidate was rejected
Itr 116, LL= -2643699.681210 (2.984498). Anneal status: T=0.00, dE=40.28, candidate was rejected
Itr 117, LL= -2643691.986125 (2.910726). Anneal status: T=0.00, dE=58.34, candidate was rejected
Itr 118, LL= -2643683.020746 (3.391234). Anneal status: T=0.00, dE=24.48, candidate was rejected
Itr 119, LL= -2643673.770561 (3.498977). Anneal status: T=0.00, dE=64.10, candidate was rejected
Itr 120, LL= -2643665.557659 (3.106624). Anneal status: T=0.00, dE=16.26, candidate was rejected
Itr 121, LL= -2643657.573957 (3.019937). Anneal status: T=0.00, dE=113.02, candidate was rejected
Itr 122, LL= -2643648.913795 (3.275826). Anneal status: T=0.00, dE=45.17, candidate was rejected
Itr 123, LL= -2643640.426130 (3.210587). Anneal status: T=0.00, dE=71.52, candidate was rejected
Itr 124, LL= -2643632.731668 (2.910555). Anneal status: T=0.00, dE=89.13, candidate was rejected
Itr 125, LL= -2643625.130017 (2.875457). Anneal status: T=0.00, dE=60.72, candidate was rejected
Itr 126, LL= -2643617.059698 (3.052747). Anneal status: T=0.00, dE=31.96, candidate was rejected
Itr 127, LL= -2643606.466227 (4.007188). Anneal status: T=0.00, dE=69.79, candidate was rejected
Itr 128, LL= -2643593.636647 (4.853060). Anneal status: T=0.00, dE=68.95, candidate was rejected
Itr 129, LL= -2643585.249033 (3.172808). Anneal status: T=0.00, dE=64.81, candidate was rejected
Itr 130, LL= -2643577.827852 (2.807241). Anneal status: T=0.00, dE=96.63, candidate was rejected
Itr 131, LL= -2643568.738552 (3.438257). Anneal status: T=0.00, dE=49.47, candidate was rejected
Itr 132, LL= -2643554.836953 (5.258648). Anneal status: T=0.00, dE=18.59, candidate was rejected
Itr 133, LL= -2643541.250736 (5.139374). Anneal status: T=0.00, dE=41.62, candidate was rejected
Itr 134, LL= -2643528.702760 (4.746654). Anneal status: T=0.00, dE=60.42, candidate was rejected
Itr 135, LL= -2643520.573333 (3.075218). Anneal status: T=0.00, dE=79.76, candidate was rejected
Itr 136, LL= -2643513.931154 (2.512626). Anneal status: T=0.00, dE=55.09, candidate was rejected
Itr 137, LL= -2643508.097231 (2.206882). Anneal status: T=0.00, dE=91.61, candidate was rejected
Itr 138, LL= -2643502.688041 (2.046216). Anneal status: T=0.00, dE=85.03, candidate was rejected
Itr 139, LL= -2643497.743851 (1.870318). Anneal status: T=0.00, dE=75.22, candidate was rejected
Itr 140, LL= -2643493.169922 (1.730257). Anneal status: T=0.00, dE=113.43, candidate was rejected
Itr 141, LL= -2643488.653627 (1.708457). Anneal status: T=0.00, dE=83.11, candidate was rejected
Itr 142, LL= -2643483.065105 (2.114071). Anneal status: T=0.00, dE=84.74, candidate was rejected
Itr 143, LL= -2643475.189579 (2.979223). Anneal status: T=0.00, dE=95.25, candidate was rejected
Itr 144, LL= -2643467.893488 (2.760038). Anneal status: T=0.00, dE=58.86, candidate was rejected
Itr 145, LL= -2643461.029751 (2.596490). Anneal status: T=0.00, dE=15.18, candidate was rejected
Itr 146, LL= -2643449.808050 (4.245079). Anneal status: T=0.00, dE=49.46, candidate was rejected
Itr 147, LL= -2643440.930637 (3.358268). Anneal status: T=0.00, dE=53.19, candidate was rejected
Itr 148, LL= -2643429.928834 (4.161925). Anneal status: T=0.00, dE=67.10, candidate was rejected
Itr 149, LL= -2643418.388081 (4.365825). Anneal status: T=0.00, dE=60.14, candidate was rejected
Itr 150, LL= -2643409.667501 (3.298978). Anneal status: T=0.00, dE=53.14, candidate was rejected
Itr 151, LL= -2643399.603449 (3.807224). Anneal status: T=0.00, dE=15.36, candidate was rejected
Itr 152, LL= -2643389.191205 (3.938960). Anneal status: T=0.00, dE=73.75, candidate was rejected
Itr 153, LL= -2643379.496132 (3.667667). Anneal status: T=0.00, dE=43.93, candidate was rejected
Itr 154, LL= -2643371.009263 (3.210613). Anneal status: T=0.00, dE=133.01, candidate was rejected
Itr 155, LL= -2643363.629483 (2.791806). Anneal status: T=0.00, dE=19.20, candidate was rejected
Itr 156, LL= -2643356.298906 (2.773201). Anneal status: T=0.00, dE=148.54, candidate was rejected
Itr 157, LL= -2643345.212028 (4.194243). Anneal status: T=0.00, dE=38.57, candidate was rejected
Itr 158, LL= -2643331.311096 (5.258841). Anneal status: T=0.00, dE=6.64, candidate was rejected
Itr 159, LL= -2643322.714318 (3.252251). Anneal status: T=0.00, dE=47.37, candidate was rejected
Itr 160, LL= -2643313.103812 (3.635767). Anneal status: T=0.00, dE=69.60, candidate was rejected
Itr 161, LL= -2643303.000590 (3.822182). Anneal status: T=0.00, dE=8.30, candidate was rejected
Itr 162, LL= -2643296.410356 (2.493181). Anneal status: T=0.00, dE=57.71, candidate was rejected
Itr 163, LL= -2643291.234242 (1.958204). Anneal status: T=0.00, dE=38.86, candidate was rejected
Itr 164, LL= -2643285.078843 (2.328687). Anneal status: T=0.00, dE=60.03, candidate was rejected
Itr 165, LL= -2643279.081425 (2.268926). Anneal status: T=0.00, dE=84.76, candidate was rejected
Itr 166, LL= -2643273.401504 (2.148816). Anneal status: T=0.00, dE=20.83, candidate was rejected
Itr 167, LL= -2643261.327694 (4.567750). Anneal status: T=0.00, dE=73.21, candidate was rejected
Itr 168, LL= -2643254.413191 (2.615898). Anneal status: T=0.00, dE=21.66, candidate was rejected
Itr 169, LL= -2643248.272205 (2.323267). Anneal status: T=0.00, dE=34.98, candidate was rejected
Itr 170, LL= -2643242.675113 (2.117505). Anneal status: T=0.00, dE=146.41, candidate was rejected
Itr 171, LL= -2643238.024663 (1.759373). Anneal status: T=0.00, dE=56.39, candidate was rejected
Itr 172, LL= -2643231.168949 (2.593680). Anneal status: T=0.00, dE=55.56, candidate was rejected
Itr 173, LL= -2643221.690369 (3.585982). Anneal status: T=0.00, dE=37.13, candidate was rejected
Itr 174, LL= -2643214.374097 (2.767937). Anneal status: T=0.00, dE=56.44, candidate was rejected
Itr 175, LL= -2643207.104260 (2.750377). Anneal status: T=0.00, dE=29.96, candidate was rejected
Itr 176, LL= -2643197.112126 (3.780307). Anneal status: T=0.00, dE=22.69, candidate was rejected
Itr 177, LL= -2643186.774771 (3.910929). Anneal status: T=0.00, dE=56.23, candidate was rejected
Itr 178, LL= -2643181.199084 (2.109456). Anneal status: T=0.00, dE=20.09, candidate was rejected
Itr 179, LL= -2643175.573883 (2.128193). Anneal status: T=0.00, dE=146.91, candidate was rejected
Itr 180, LL= -2643170.602089 (1.880993). Anneal status: T=0.00, dE=37.29, candidate was rejected
Itr 181, LL= -2643166.650087 (1.495175). Anneal status: T=0.00, dE=59.59, candidate was rejected
Itr 182, LL= -2643159.569594 (2.678792). Anneal status: T=0.00, dE=48.84, candidate was rejected
Itr 183, LL= -2643149.405889 (3.845286). Anneal status: T=0.00, dE=11.50, candidate was rejected
Itr 184, LL= -2643144.903238 (1.703517). Anneal status: T=0.00, dE=84.12, candidate was rejected
Itr 185, LL= -2643140.171686 (1.790122). Anneal status: T=0.00, dE=71.55, candidate was rejected
Itr 186, LL= -2643133.562203 (2.500618). Anneal status: T=0.00, dE=38.43, candidate was rejected
Itr 187, LL= -2643121.901808 (4.411580). Anneal status: T=0.00, dE=159.71, candidate was rejected
Itr 188, LL= -2643108.139806 (5.206722). Anneal status: T=0.00, dE=78.61, candidate was rejected
Itr 189, LL= -2643092.664480 (5.854973). Anneal status: T=0.00, dE=16.16, candidate was rejected
Itr 190, LL= -2643077.697675 (5.662611). Anneal status: T=0.00, dE=37.69, candidate was rejected
Itr 191, LL= -2643062.652352 (5.692350). Anneal status: T=0.00, dE=82.36, candidate was rejected
Itr 192, LL= -2643051.271441 (4.305956). Anneal status: T=0.00, dE=121.13, candidate was rejected
Itr 193, LL= -2643039.754103 (4.357592). Anneal status: T=0.00, dE=55.94, candidate was rejected
Itr 194, LL= -2643028.479715 (4.265690). Anneal status: T=0.00, dE=43.01, candidate was rejected
Itr 195, LL= -2643022.089119 (2.417907). Anneal status: T=0.00, dE=72.38, candidate was rejected
Itr 196, LL= -2643014.042537 (3.044462). Anneal status: T=0.00, dE=70.87, candidate was rejected
Itr 197, LL= -2643002.710501 (4.287543). Anneal status: T=0.00, dE=64.40, candidate was rejected
Itr 198, LL= -2642998.859874 (1.456914). Anneal status: T=0.00, dE=62.48, candidate was rejected
Itr 199, LL= -2642995.984324 (1.087987). Anneal status: T=0.00, dE=60.21, candidate was rejected
Itr 200, LL= -2642993.091122 (1.094668). Anneal status: T=0.00, dE=42.87, candidate was rejected
Itr 201, LL= -2642986.600296 (2.455862). Anneal status: T=0.00, dE=167.10, candidate was rejected
Itr 202, LL= -2642979.975851 (2.506424). Anneal status: T=0.00, dE=95.23, candidate was rejected
Itr 203, LL= -2642977.001313 (1.125449). Anneal status: T=0.00, dE=88.40, candidate was rejected
Itr 204, LL= -2642974.683125 (0.877112). Anneal status: T=0.00, dE=83.82, candidate was rejected
Itr 205, LL= -2642972.791895 (0.715569). Anneal status: T=0.00, dE=48.45, candidate was rejected
Itr 206, LL= -2642970.900121 (0.715775). Anneal status: T=0.00, dE=44.79, candidate was rejected
-- Annealing statistics:
Portion of times candidate was better: 0.000000
Portion of times candidate was chosen by chance: 0.033981
--
EM for 21 states, 100 emission nodes. 12 observed values.
            gibbs: 0
    nGibbsItrPcnt: 0.8000
     annealParams: {}
           maxItr: 500
      convergeEps: 1.0000e-06
           minItr: 5
       parametric: 0
        initprobs: []
      persistBias: 0
          obsVals: []

- Initalized simulated annealing with params:
                     type: 'linear'
    max_chance_accpetance: 0.2000
             min_duration: 5
        min_init_duration: 5
             max_duration: 11
              converge_th: 1.0000e-06

--
Itr 1, LL= -16006155.792771 (Inf). Anneal status: T=NaN, dE=685.32, collecting statistics
Itr 2, LL= -2798127.898172 (Inf). Anneal status: T=NaN, dE=-449.71, collecting statistics
Itr 3, LL= -2762744.422448 (Inf). Anneal status: T=NaN, dE=-1503.67, collecting statistics
Itr 4, LL= -2720086.241848 (15440.509174). Anneal status: T=NaN, dE=-313.16, collecting statistics
Itr 5, LL= -2697688.980169 (8234.026309). Anneal status: T=NaN, dE=-146.92, collecting statistics
Itr 6, LL= -2687276.228905 (3859.878340). Anneal status: T=NaN, dE=-119.29, collecting statistics
Itr 7, LL= -2680825.901670 (2400.321621). Anneal status: T=NaN, dE=-141.53, collecting statistics
Itr 8, LL= -2676818.714328 (1494.758514). Anneal status: T=NaN, dE=14.82, collecting statistics
Itr 9, LL= -2674108.864603 (1012.339652). Anneal status: T=NaN, dE=-7.90, collecting statistics
Itr 10, LL= -2672068.029858 (763.183119). Anneal status: T=NaN, dE=-41.83, collecting statistics
Itr 11, LL= -2670510.448793 (582.912204). Anneal status: T=NaN, dE=142.72, collecting statistics
Itr 12, LL= -2669309.081509 (449.864289). Anneal status: T=26.90, dE=30.48, candidate was chosen by chance
Itr 13, LL= -2668215.441420 (409.709050). Anneal status: T=26.90, dE=54.49, candidate was rejected
Itr 14, LL= -2667306.293149 (340.732708). Anneal status: T=26.90, dE=51.16, candidate was rejected
Itr 15, LL= -2666562.630429 (278.806645). Anneal status: T=26.90, dE=55.12, candidate was rejected
Itr 16, LL= -2666058.297099 (189.132377). Anneal status: T=26.90, dE=31.94, candidate was chosen by chance
Itr 17, LL= -2665611.923599 (167.428259). Anneal status: T=24.21, dE=29.57, candidate was rejected
Itr 18, LL= -2665246.122669 (137.229627). Anneal status: T=24.21, dE=107.13, candidate was rejected
Itr 19, LL= -2664940.601441 (114.631525). Anneal status: T=24.21, dE=41.67, candidate was rejected
Itr 20, LL= -2664632.932119 (115.450724). Anneal status: T=24.21, dE=59.83, candidate was rejected
Itr 21, LL= -2664372.023228 (97.915509). Anneal status: T=24.21, dE=29.54, candidate was chosen by chance
Itr 22, LL= -2664085.269468 (107.625270). Anneal status: T=21.52, dE=42.43, candidate was rejected
Itr 23, LL= -2663884.443489 (75.382714). Anneal status: T=21.52, dE=42.61, candidate was rejected
Itr 24, LL= -2663690.301138 (72.879419). Anneal status: T=21.52, dE=7.18, candidate was rejected
Itr 25, LL= -2663490.442744 (75.030642). Anneal status: T=21.52, dE=33.89, candidate was rejected
Itr 26, LL= -2663322.107849 (63.200863). Anneal status: T=21.52, dE=47.03, candidate was chosen by chance
Itr 27, LL= -2663078.568540 (91.441928). Anneal status: T=18.83, dE=101.02, candidate was rejected
Itr 28, LL= -2662869.223871 (78.610024). Anneal status: T=18.83, dE=52.24, candidate was rejected
Itr 29, LL= -2662618.818562 (94.035902). Anneal status: T=18.83, dE=9.24, candidate was chosen by chance
Itr 30, LL= -2662391.382841 (85.418055). Anneal status: T=18.83, dE=40.95, candidate was chosen by chance
Itr 31, LL= -2662029.669499 (135.860319). Anneal status: T=18.83, dE=128.69, candidate was rejected
Itr 32, LL= -2661692.820001 (126.538596). Anneal status: T=16.14, dE=68.72, candidate was rejected
Itr 33, LL= -2661424.533414 (100.795473). Anneal status: T=16.14, dE=11.82, candidate was chosen by chance
Itr 34, LL= -2661099.697242 (122.053497). Anneal status: T=16.14, dE=4.19, candidate was chosen by chance
Itr 35, LL= -2660727.908923 (139.712285). Anneal status: T=16.14, dE=86.64, candidate was rejected
Itr 36, LL= -2660438.245155 (108.866362). Anneal status: T=16.14, dE=54.89, candidate was rejected
Itr 37, LL= -2660210.496395 (85.605731). Anneal status: T=13.45, dE=13.22, candidate was rejected
Itr 38, LL= -2659979.233087 (86.934214). Anneal status: T=13.45, dE=37.75, candidate was rejected
Itr 39, LL= -2659753.551466 (84.843377). Anneal status: T=13.45, dE=115.21, candidate was rejected
Itr 40, LL= -2659566.576183 (70.297973). Anneal status: T=13.45, dE=51.24, candidate was rejected
Itr 41, LL= -2659386.173107 (67.831758). Anneal status: T=13.45, dE=17.53, candidate was rejected
Itr 42, LL= -2659177.750144 (78.372583). Anneal status: T=10.76, dE=53.69, candidate was rejected
Itr 43, LL= -2659000.074481 (66.816016). Anneal status: T=10.76, dE=53.57, candidate was rejected
Itr 44, LL= -2658899.286881 (37.904324). Anneal status: T=10.76, dE=36.79, candidate was rejected
Itr 45, LL= -2658807.472992 (34.530789). Anneal status: T=10.76, dE=54.25, candidate was rejected
Itr 46, LL= -2658736.305330 (26.766760). Anneal status: T=10.76, dE=48.16, candidate was rejected
Itr 47, LL= -2658665.407345 (26.666046). Anneal status: T=8.07, dE=72.32, candidate was rejected
Itr 48, LL= -2658571.248782 (35.415725). Anneal status: T=8.07, dE=35.37, candidate was rejected
Itr 49, LL= -2658507.312896 (24.048964). Anneal status: T=8.07, dE=42.22, candidate was rejected
Itr 50, LL= -2658471.250545 (13.564887). Anneal status: T=8.07, dE=9.29, candidate was chosen by chance
Itr 51, LL= -2658409.647570 (23.172331). Anneal status: T=8.07, dE=34.16, candidate was rejected
Itr 52, LL= -2658364.714949 (16.902068). Anneal status: T=5.38, dE=10.70, candidate was rejected
Itr 53, LL= -2658319.882607 (16.864632). Anneal status: T=5.38, dE=87.49, candidate was rejected
Itr 54, LL= -2658284.789486 (13.201241). Anneal status: T=5.38, dE=62.10, candidate was rejected
Itr 55, LL= -2658222.649574 (23.375943). Anneal status: T=5.38, dE=57.79, candidate was rejected
Itr 56, LL= -2658175.854531 (17.603884). Anneal status: T=5.38, dE=35.39, candidate was rejected
Itr 57, LL= -2658151.721755 (9.078698). Anneal status: T=2.69, dE=40.97, candidate was rejected
Itr 58, LL= -2658131.707890 (7.529241). Anneal status: T=2.69, dE=42.55, candidate was rejected
Itr 59, LL= -2658111.709097 (7.523628). Anneal status: T=2.69, dE=77.26, candidate was rejected
Itr 60, LL= -2658085.615782 (9.816486). Anneal status: T=2.69, dE=8.73, candidate was rejected
Itr 61, LL= -2658053.952387 (11.912105). Anneal status: T=2.69, dE=40.25, candidate was rejected
Itr 62, LL= -2658032.093601 (8.223605). Anneal status: T=0.00, dE=134.58, candidate was rejected
Itr 63, LL= -2658014.085087 (6.775130). Anneal status: T=0.00, dE=103.79, candidate was rejected
Itr 64, LL= -2657986.972426 (10.200345). Anneal status: T=0.00, dE=140.46, candidate was rejected
Itr 65, LL= -2657950.160126 (13.849692). Anneal status: T=0.00, dE=10.27, candidate was rejected
Itr 66, LL= -2657921.032129 (10.958820). Anneal status: T=0.00, dE=5.48, candidate was rejected
Itr 67, LL= -2657893.932973 (10.195621). Anneal status: T=0.00, dE=30.18, candidate was rejected
Itr 68, LL= -2657870.450383 (8.835036). Anneal status: T=0.00, dE=7.69, candidate was rejected
Itr 69, LL= -2657836.340586 (12.833506). Anneal status: T=0.00, dE=49.38, candidate was rejected
Itr 70, LL= -2657802.057236 (12.898970). Anneal status: T=0.00, dE=26.20, candidate was rejected
Itr 71, LL= -2657754.148072 (18.025859). Anneal status: T=0.00, dE=43.60, candidate was rejected
Itr 72, LL= -2657728.709051 (9.571623). Anneal status: T=0.00, dE=188.09, candidate was rejected
Itr 73, LL= -2657713.490127 (5.726290). Anneal status: T=0.00, dE=100.96, candidate was rejected
Itr 74, LL= -2657700.758404 (4.790480). Anneal status: T=0.00, dE=10.76, candidate was rejected
Itr 75, LL= -2657689.809891 (4.119543). Anneal status: T=0.00, dE=6.62, candidate was rejected
Itr 76, LL= -2657679.889030 (3.732889). Anneal status: T=0.00, dE=30.11, candidate was rejected
Itr 77, LL= -2657669.970975 (3.731847). Anneal status: T=0.00, dE=62.49, candidate was rejected
Itr 78, LL= -2657648.194186 (8.193940). Anneal status: T=0.00, dE=75.31, candidate was rejected
Itr 79, LL= -2657622.353173 (9.723263). Anneal status: T=0.00, dE=171.82, candidate was rejected
Itr 80, LL= -2657590.120848 (12.128256). Anneal status: T=0.00, dE=84.51, candidate was rejected
Itr 81, LL= -2657560.640198 (11.093001). Anneal status: T=0.00, dE=16.89, candidate was rejected
Itr 82, LL= -2657550.789224 (3.706773). Anneal status: T=0.00, dE=99.93, candidate was rejected
Itr 83, LL= -2657546.268764 (1.700987). Anneal status: T=0.00, dE=11.53, candidate was rejected
Itr 84, LL= -2657541.734518 (1.706178). Anneal status: T=0.00, dE=8.91, candidate was rejected
Itr 85, LL= -2657527.575233 (5.327963). Anneal status: T=0.00, dE=32.64, candidate was rejected
Itr 86, LL= -2657506.583085 (7.899127). Anneal status: T=0.00, dE=50.21, candidate was rejected
Itr 87, LL= -2657492.195931 (5.413779). Anneal status: T=0.00, dE=106.38, candidate was rejected
Itr 88, LL= -2657470.175953 (8.285999). Anneal status: T=0.00, dE=89.54, candidate was rejected
Itr 89, LL= -2657461.390058 (3.306112). Anneal status: T=0.00, dE=44.49, candidate was rejected
Itr 90, LL= -2657458.364245 (1.138610). Anneal status: T=0.00, dE=12.46, candidate was rejected
Itr 91, LL= -2657455.744333 (0.985871). Anneal status: T=0.00, dE=51.07, candidate was rejected
Itr 92, LL= -2657450.748794 (1.879820). Anneal status: T=0.00, dE=43.50, candidate was rejected
Itr 93, LL= -2657441.650925 (3.423532). Anneal status: T=0.00, dE=14.62, candidate was rejected
Itr 94, LL= -2657436.224363 (2.042025). Anneal status: T=0.00, dE=31.88, candidate was rejected
Itr 95, LL= -2657423.566618 (4.763142). Anneal status: T=0.00, dE=102.95, candidate was rejected
Itr 96, LL= -2657411.811395 (4.423541). Anneal status: T=0.00, dE=57.24, candidate was rejected
Itr 97, LL= -2657402.267085 (3.591581). Anneal status: T=0.00, dE=63.40, candidate was rejected
Itr 98, LL= -2657396.843753 (2.040839). Anneal status: T=0.00, dE=43.75, candidate was rejected
Itr 99, LL= -2657389.184725 (2.882154). Anneal status: T=0.00, dE=48.28, candidate was rejected
Itr 100, LL= -2657359.631720 (11.121068). Anneal status: T=0.00, dE=44.78, candidate was rejected
Itr 101, LL= -2657323.932307 (13.434167). Anneal status: T=0.00, dE=8.73, candidate was rejected
Itr 102, LL= -2657308.129457 (5.946904). Anneal status: T=0.00, dE=184.53, candidate was rejected
Itr 103, LL= -2657300.247541 (2.966128). Anneal status: T=0.00, dE=48.13, candidate was rejected
Itr 104, LL= -2657295.546493 (1.769107). Anneal status: T=0.00, dE=84.34, candidate was rejected
Itr 105, LL= -2657292.123948 (1.287981). Anneal status: T=0.00, dE=3.86, candidate was rejected
Itr 106, LL= -2657289.478254 (0.995635). Anneal status: T=0.00, dE=100.65, candidate was rejected
Itr 107, LL= -2657285.575046 (1.468868). Anneal status: T=0.00, dE=40.38, candidate was rejected
Itr 108, LL= -2657277.009120 (3.223562). Anneal status: T=0.00, dE=30.84, candidate was rejected
Itr 109, LL= -2657273.236897 (1.419582). Anneal status: T=0.00, dE=21.98, candidate was rejected
Itr 110, LL= -2657268.161683 (1.909933). Anneal status: T=0.00, dE=38.91, candidate was rejected
Itr 111, LL= -2657264.781659 (1.271992). Anneal status: T=0.00, dE=43.43, candidate was rejected
Itr 112, LL= -2657263.242764 (0.579128). Anneal status: T=0.00, dE=16.81, candidate was rejected
Itr 113, LL= -2657262.007702 (0.464787). Anneal status: T=0.00, dE=29.17, candidate was rejected
Itr 114, LL= -2657261.008112 (0.376173). Anneal status: T=0.00, dE=72.58, candidate was rejected
-- Annealing statistics:
Portion of times candidate was better: 0.000000
Portion of times candidate was chosen by chance: 0.078947
--
>> 