My SLURM_ARRAY_TASK_ID:  3

                            < M A T L A B (R) >
                  Copyright 1984-2014 The MathWorks, Inc.
                   R2014b (8.4.0.150421) 64-bit (glnxa64)
                             September 15, 2014

 
For online documentation, see http://www.mathworks.com/support
For product information, visit www.mathworks.com.
 
EM for 3 states, 100 emission nodes. 12 observed values.
            gibbs: 0
    nGibbsItrPcnt: 0.8000
     annealParams: {}
           maxItr: 500
      convergeEps: 1.0000e-06
           minItr: 5
       parametric: 0
        initprobs: []
      persistBias: 0
          obsVals: []

- Initalized simulated annealing with params:
                     type: 'linear'
    max_chance_accpetance: 0.2000
             min_duration: 5
        min_init_duration: 5
             max_duration: 11
              converge_th: 1.0000e-06

--
Itr 1, LL= -15986637.756741 (Inf). Anneal status: T=NaN, dE=162.07, collecting statistics
Itr 2, LL= -2807121.432816 (Inf). Anneal status: T=NaN, dE=-57.13, collecting statistics
Itr 3, LL= -2801085.040360 (Inf). Anneal status: T=NaN, dE=-10.31, collecting statistics
Itr 4, LL= -2787828.705331 (4732.571428). Anneal status: T=NaN, dE=-355.68, collecting statistics
Itr 5, LL= -2774595.976624 (4746.607523). Anneal status: T=NaN, dE=-1644.13, collecting statistics
Itr 6, LL= -2762207.456081 (4464.981802). Anneal status: T=NaN, dE=-533.47, collecting statistics
Itr 7, LL= -2753802.872640 (3042.705363). Anneal status: T=NaN, dE=-126.56, collecting statistics
Itr 8, LL= -2747920.373422 (2136.136641). Anneal status: T=NaN, dE=340.06, collecting statistics
Itr 9, LL= -2744405.592338 (1279.069480). Anneal status: T=NaN, dE=266.00, collecting statistics
Itr 10, LL= -2742285.707273 (772.438692). Anneal status: T=29.40, dE=3.90, candidate was rejected
Itr 11, LL= -2740850.645768 (523.308531). Anneal status: T=29.40, dE=5.78, candidate was chosen by chance
Itr 12, LL= -2739751.640400 (400.972366). Anneal status: T=29.40, dE=58.80, candidate was rejected
Itr 13, LL= -2738958.457165 (289.509174). Anneal status: T=29.40, dE=3.50, candidate was rejected
Itr 14, LL= -2738427.457331 (193.869255). Anneal status: T=29.40, dE=358.70, candidate was rejected
Itr 15, LL= -2738133.162682 (107.468484). Anneal status: T=26.46, dE=39.58, candidate was chosen by chance
Itr 16, LL= -2737883.110930 (91.321984). Anneal status: T=26.46, dE=95.43, candidate was rejected
Itr 17, LL= -2737771.438225 (40.787974). Anneal status: T=26.46, dE=31.20, candidate was chosen by chance
Itr 18, LL= -2737651.535261 (43.795827). Anneal status: T=26.46, dE=11.78, candidate was rejected
Itr 19, LL= -2737593.406493 (21.233078). Anneal status: T=26.46, dE=713.84, candidate was rejected
Itr 20, LL= -2737553.056882 (14.739081). Anneal status: T=23.52, dE=2.50, candidate was chosen by chance
Itr 21, LL= -2737512.595061 (14.780288). Anneal status: T=23.52, dE=23.03, candidate was rejected
Itr 22, LL= -2737495.961467 (6.076170). Anneal status: T=23.52, dE=7.62, candidate was chosen by chance
Itr 23, LL= -2737470.190095 (9.414214). Anneal status: T=23.52, dE=40.43, candidate was rejected
Itr 24, LL= -2737455.602374 (5.328906). Anneal status: T=23.52, dE=41.77, candidate was rejected
Itr 25, LL= -2737444.805660 (3.944069). Anneal status: T=20.58, dE=240.83, candidate was rejected
Itr 26, LL= -2737434.360850 (3.815533). Anneal status: T=20.58, dE=7.89, candidate was rejected
Itr 27, LL= -2737425.354276 (3.290152). Anneal status: T=20.58, dE=291.76, candidate was rejected
Itr 28, LL= -2737420.170855 (1.893539). Anneal status: T=20.58, dE=83.79, candidate was rejected
Itr 29, LL= -2737415.792206 (1.599553). Anneal status: T=20.58, dE=107.81, candidate was rejected
Itr 30, LL= -2737411.550130 (1.549664). Anneal status: T=17.64, dE=416.04, candidate was rejected
Itr 31, LL= -2737408.468967 (1.125575). Anneal status: T=17.64, dE=45.51, candidate was rejected
Itr 32, LL= -2737406.517447 (0.712908). Anneal status: T=17.64, dE=63.04, candidate was rejected
Itr 33, LL= -2737437.066800 (-11.159962). Anneal status: T=17.64, dE=32.25, candidate was chosen by chance
Itr 34, LL= -2737404.732938 (11.811728). Anneal status: T=17.64, dE=609.34, candidate was rejected
Itr 35, LL= -2737401.381163 (1.224435). Anneal status: T=14.70, dE=56.73, candidate was rejected
Itr 36, LL= -2737399.015368 (0.864248). Anneal status: T=14.70, dE=10.27, candidate was rejected
Itr 37, LL= -2737397.861401 (0.421556). Anneal status: T=14.70, dE=53.16, candidate was rejected
Itr 38, LL= -2737397.303071 (0.203964). Anneal status: T=14.70, dE=9.34, candidate was rejected
-- Annealing statistics:
Portion of times candidate was better: 0.000000
Portion of times candidate was chosen by chance: 0.157895
--
EM for 3 states, 100 emission nodes. 12 observed values.
            gibbs: 0
    nGibbsItrPcnt: 0.8000
     annealParams: {}
           maxItr: 500
      convergeEps: 1.0000e-06
           minItr: 5
       parametric: 0
        initprobs: []
      persistBias: 0
          obsVals: []

- Initalized simulated annealing with params:
                     type: 'linear'
    max_chance_accpetance: 0.2000
             min_duration: 5
        min_init_duration: 5
             max_duration: 11
              converge_th: 1.0000e-06

--
Itr 1, LL= -16181730.547171 (Inf). Anneal status: T=NaN, dE=-873.31, collecting statistics
Itr 2, LL= -2803784.422564 (Inf). Anneal status: T=NaN, dE=-101.23, collecting statistics
Itr 3, LL= -2790667.989371 (Inf). Anneal status: T=NaN, dE=-974.41, collecting statistics
Itr 4, LL= -2780029.515736 (3812.160270). Anneal status: T=NaN, dE=-133.57, collecting statistics
Itr 5, LL= -2770616.196903 (3386.049961). Anneal status: T=NaN, dE=731.24, collecting statistics
Itr 6, LL= -2761730.915138 (3206.969546). Anneal status: T=NaN, dE=2057.27, collecting statistics
Itr 7, LL= -2755839.460841 (2133.247039). Anneal status: T=NaN, dE=-45.25, collecting statistics
Itr 8, LL= -2751558.113372 (1553.554745). Anneal status: T=NaN, dE=46.13, collecting statistics
Itr 9, LL= -2748394.803661 (1149.643068). Anneal status: T=150.21, dE=235.75, candidate was rejected
Itr 10, LL= -2746073.592821 (844.569651). Anneal status: T=150.21, dE=817.82, candidate was rejected
Itr 11, LL= -2744407.044029 (606.884242). Anneal status: T=150.21, dE=1.59, candidate was chosen by chance
Itr 12, LL= -2743245.329172 (423.302680). Anneal status: T=150.21, dE=255.53, candidate was rejected
Itr 13, LL= -2742326.715102 (334.863988). Anneal status: T=150.21, dE=0.61, candidate was chosen by chance
Itr 14, LL= -2741561.230190 (279.137022). Anneal status: T=135.19, dE=307.73, candidate was rejected
Itr 15, LL= -2740967.668491 (216.504995). Anneal status: T=135.19, dE=6.68, candidate was chosen by chance
Itr 16, LL= -2740502.756905 (169.615859). Anneal status: T=135.19, dE=3.87, candidate was chosen by chance
Itr 17, LL= -2740126.444175 (137.315217). Anneal status: T=135.19, dE=-1.01, candidate was better
Itr 18, LL= -2739820.384438 (111.695479). Anneal status: T=135.19, dE=12.90, candidate was chosen by chance
Itr 19, LL= -2739583.402487 (86.495433). Anneal status: T=120.16, dE=113.36, candidate was rejected
Itr 20, LL= -2739419.808393 (59.714953). Anneal status: T=120.16, dE=54.81, candidate was rejected
Itr 21, LL= -2739327.759817 (33.601486). Anneal status: T=120.16, dE=43.56, candidate was chosen by chance
Itr 22, LL= -2739177.481838 (54.859437). Anneal status: T=120.16, dE=332.01, candidate was rejected
Itr 23, LL= -2739094.823180 (30.176452). Anneal status: T=120.16, dE=281.73, candidate was rejected
Itr 24, LL= -2739029.149009 (23.976597). Anneal status: T=105.14, dE=2.49, candidate was chosen by chance
Itr 25, LL= -2739065.653682 (-13.327596). Anneal status: T=105.14, dE=85.64, candidate was chosen by chance
Itr 26, LL= -2738950.408997 (42.074452). Anneal status: T=105.14, dE=11.72, candidate was chosen by chance
Itr 27, LL= -2738919.991642 (11.105479). Anneal status: T=105.14, dE=141.24, candidate was rejected
Itr 28, LL= -2738917.869607 (0.774771). Anneal status: T=105.14, dE=8.97, candidate was chosen by chance
Itr 29, LL= -2738905.619519 (4.472602). Anneal status: T=90.12, dE=7.56, candidate was chosen by chance
Itr 30, LL= -2738892.731427 (4.705563). Anneal status: T=90.12, dE=352.64, candidate was rejected
Itr 31, LL= -2738888.661107 (1.486119). Anneal status: T=90.12, dE=472.83, candidate was rejected
Itr 32, LL= -2738886.503388 (0.787808). Anneal status: T=90.12, dE=0.01, candidate was chosen by chance
Itr 33, LL= -2739074.772834 (-68.739411). Anneal status: T=90.12, dE=191.41, candidate was chosen by chance
Itr 34, LL= -2738889.731296 (67.556220). Anneal status: T=75.10, dE=1014.35, candidate was rejected
Itr 35, LL= -2738864.112040 (9.353884). Anneal status: T=75.10, dE=12.74, candidate was chosen by chance
Itr 36, LL= -2738871.152892 (-2.570720). Anneal status: T=75.10, dE=36.23, candidate was chosen by chance
Itr 37, LL= -2738832.848554 (13.985447). Anneal status: T=75.10, dE=1.25, candidate was chosen by chance
Itr 38, LL= -2738827.271522 (2.036280). Anneal status: T=75.10, dE=510.17, candidate was rejected
Itr 39, LL= -2738827.643036 (-0.135647). Anneal status: T=60.08, dE=3.96, candidate was chosen by chance
Itr 40, LL= -2738822.063438 (2.037221). Anneal status: T=60.08, dE=302.60, candidate was rejected
Itr 41, LL= -2738820.336926 (0.630385). Anneal status: T=60.08, dE=227.14, candidate was rejected
Itr 42, LL= -2738814.845208 (2.005140). Anneal status: T=60.08, dE=54.25, candidate was rejected
Itr 43, LL= -2738812.533705 (0.843979). Anneal status: T=60.08, dE=86.61, candidate was rejected
Itr 44, LL= -2738816.333602 (-1.387425). Anneal status: T=45.06, dE=4.18, candidate was chosen by chance
Itr 45, LL= -2738823.980685 (-2.792113). Anneal status: T=45.06, dE=11.66, candidate was chosen by chance
Itr 46, LL= -2738912.889610 (-32.462446). Anneal status: T=45.06, dE=100.41, candidate was chosen by chance
Itr 47, LL= -2738817.505155 (34.825662). Anneal status: T=45.06, dE=458.29, candidate was rejected
Itr 48, LL= -2738813.446595 (1.481866). Anneal status: T=45.06, dE=136.01, candidate was rejected
Itr 49, LL= -2738812.480620 (0.352698). Anneal status: T=30.04, dE=471.11, candidate was rejected
Itr 50, LL= -2738817.194163 (-1.721017). Anneal status: T=30.04, dE=6.07, candidate was chosen by chance
Itr 51, LL= -2738814.945813 (0.820920). Anneal status: T=30.04, dE=9.28, candidate was chosen by chance
Itr 52, LL= -2738867.243269 (-19.094921). Anneal status: T=30.04, dE=63.41, candidate was chosen by chance
Itr 53, LL= -2738804.306324 (22.979188). Anneal status: T=30.04, dE=259.23, candidate was rejected
Itr 54, LL= -2738801.479554 (1.032119). Anneal status: T=15.02, dE=130.13, candidate was rejected
Itr 55, LL= -2738801.094419 (0.140622). Anneal status: T=15.02, dE=363.85, candidate was rejected
Itr 56, LL= -2738801.085020 (0.003432). Anneal status: T=15.02, dE=474.70, candidate was rejected
Itr 57, LL= -2738801.132679 (-0.017401). Anneal status: T=15.02, dE=266.60, candidate was rejected
-- Annealing statistics:
Portion of times candidate was better: 0.017544
Portion of times candidate was chosen by chance: 0.403509
--
EM for 3 states, 100 emission nodes. 12 observed values.
            gibbs: 0
    nGibbsItrPcnt: 0.8000
     annealParams: {}
           maxItr: 500
      convergeEps: 1.0000e-06
           minItr: 5
       parametric: 0
        initprobs: []
      persistBias: 0
          obsVals: []

- Initalized simulated annealing with params:
                     type: 'linear'
    max_chance_accpetance: 0.2000
             min_duration: 5
        min_init_duration: 5
             max_duration: 11
              converge_th: 1.0000e-06

--
Itr 1, LL= -16669910.435594 (Inf). Anneal status: T=NaN, dE=-4470.77, collecting statistics
Itr 2, LL= -2813822.707127 (Inf). Anneal status: T=NaN, dE=18.54, collecting statistics
Itr 3, LL= -2803549.739970 (Inf). Anneal status: T=NaN, dE=387.01, collecting statistics
Itr 4, LL= -2789351.829353 (5064.262073). Anneal status: T=NaN, dE=-293.98, collecting statistics
Itr 5, LL= -2777037.785514 (4414.661395). Anneal status: T=NaN, dE=-70.60, collecting statistics
Itr 6, LL= -2770096.082190 (2499.679104). Anneal status: T=NaN, dE=-446.48, collecting statistics
Itr 7, LL= -2765237.041630 (1754.105423). Anneal status: T=NaN, dE=-31.50, collecting statistics
Itr 8, LL= -2761679.665161 (1286.463481). Anneal status: T=NaN, dE=24.58, collecting statistics
Itr 9, LL= -2759585.528696 (758.283624). Anneal status: T=41.92, dE=245.28, candidate was rejected
Itr 10, LL= -2758125.749605 (528.984906). Anneal status: T=41.92, dE=639.64, candidate was rejected
Itr 11, LL= -2756686.255912 (521.910103). Anneal status: T=41.92, dE=54.46, candidate was rejected
Itr 12, LL= -2755131.917674 (563.842996). Anneal status: T=41.92, dE=1.53, candidate was chosen by chance
Itr 13, LL= -2753471.470490 (602.674294). Anneal status: T=41.92, dE=3.49, candidate was chosen by chance
Itr 14, LL= -2751799.235652 (607.318745). Anneal status: T=37.73, dE=10.65, candidate was rejected
Itr 15, LL= -2750217.780805 (574.698483). Anneal status: T=37.73, dE=335.52, candidate was rejected
Itr 16, LL= -2748904.011190 (477.696575). Anneal status: T=37.73, dE=287.97, candidate was rejected
Itr 17, LL= -2747870.644674 (375.919462). Anneal status: T=37.73, dE=399.32, candidate was rejected
Itr 18, LL= -2747118.520064 (273.711796). Anneal status: T=37.73, dE=231.36, candidate was rejected
Itr 19, LL= -2746614.118965 (183.610971). Anneal status: T=33.54, dE=192.29, candidate was rejected
Itr 20, LL= -2746306.004372 (112.179789). Anneal status: T=33.54, dE=19.72, candidate was chosen by chance
Itr 21, LL= -2746072.706921 (84.949547). Anneal status: T=33.54, dE=100.32, candidate was rejected
Itr 22, LL= -2745919.599181 (55.755166). Anneal status: T=33.54, dE=7.12, candidate was chosen by chance
Itr 23, LL= -2745823.447095 (35.016352). Anneal status: T=33.54, dE=425.72, candidate was rejected
Itr 24, LL= -2745749.949570 (26.767025). Anneal status: T=29.34, dE=198.94, candidate was rejected
Itr 25, LL= -2745690.965527 (21.481943). Anneal status: T=29.34, dE=119.48, candidate was rejected
Itr 26, LL= -2745661.309747 (10.800844). Anneal status: T=29.34, dE=177.32, candidate was rejected
Itr 27, LL= -2745646.257526 (5.482184). Anneal status: T=29.34, dE=4.67, candidate was chosen by chance
Itr 28, LL= -2745605.558352 (14.823167). Anneal status: T=29.34, dE=671.07, candidate was rejected
Itr 29, LL= -2745584.462955 (7.683331). Anneal status: T=25.15, dE=103.03, candidate was rejected
Itr 30, LL= -2745589.094219 (-1.686804). Anneal status: T=25.15, dE=9.47, candidate was chosen by chance
Itr 31, LL= -2745578.220274 (3.960514). Anneal status: T=25.15, dE=126.86, candidate was rejected
Itr 32, LL= -2745571.769635 (2.349465). Anneal status: T=25.15, dE=3.22, candidate was chosen by chance
Itr 33, LL= -2745557.806387 (5.085734). Anneal status: T=25.15, dE=521.50, candidate was rejected
Itr 34, LL= -2745552.632209 (1.884563). Anneal status: T=20.96, dE=633.54, candidate was rejected
Itr 35, LL= -2745574.538897 (-7.978972). Anneal status: T=20.96, dE=26.55, candidate was chosen by chance
Itr 36, LL= -2745548.010640 (9.662188). Anneal status: T=20.96, dE=81.17, candidate was rejected
Itr 37, LL= -2745541.748711 (2.280757). Anneal status: T=20.96, dE=4.83, candidate was rejected
Itr 38, LL= -2745551.631941 (-3.599737). Anneal status: T=20.96, dE=16.23, candidate was chosen by chance
Itr 39, LL= -2745534.000393 (6.421860). Anneal status: T=16.77, dE=218.20, candidate was rejected
Itr 40, LL= -2745527.422043 (2.396019). Anneal status: T=16.77, dE=174.74, candidate was rejected
Itr 41, LL= -2745517.847853 (3.487195). Anneal status: T=16.77, dE=97.38, candidate was rejected
Itr 42, LL= -2745515.665525 (0.794869). Anneal status: T=16.77, dE=58.91, candidate was rejected
Itr 43, LL= -2745514.256388 (0.513251). Anneal status: T=16.77, dE=596.31, candidate was rejected
Itr 44, LL= -2745513.269070 (0.359611). Anneal status: T=12.58, dE=262.29, candidate was rejected
-- Annealing statistics:
Portion of times candidate was better: 0.000000
Portion of times candidate was chosen by chance: 0.204545
--
EM for 3 states, 100 emission nodes. 12 observed values.
            gibbs: 0
    nGibbsItrPcnt: 0.8000
     annealParams: {}
           maxItr: 500
      convergeEps: 1.0000e-06
           minItr: 5
       parametric: 0
        initprobs: []
      persistBias: 0
          obsVals: []

- Initalized simulated annealing with params:
                     type: 'linear'
    max_chance_accpetance: 0.2000
             min_duration: 5
        min_init_duration: 5
             max_duration: 11
              converge_th: 1.0000e-06

--
Itr 1, LL= -16434062.957224 (Inf). Anneal status: T=NaN, dE=493.66, collecting statistics
Itr 2, LL= -2809731.363923 (Inf). Anneal status: T=NaN, dE=-19.45, collecting statistics
Itr 3, LL= -2795565.226533 (Inf). Anneal status: T=NaN, dE=61.18, collecting statistics
Itr 4, LL= -2769876.080807 (9189.249273). Anneal status: T=NaN, dE=-209.70, collecting statistics
Itr 5, LL= -2753871.555495 (5778.065460). Anneal status: T=NaN, dE=991.33, collecting statistics
Itr 6, LL= -2748906.085548 (1803.086980). Anneal status: T=86.19, dE=58.62, candidate was rejected
Itr 7, LL= -2747337.136748 (570.753875). Anneal status: T=86.19, dE=19.49, candidate was chosen by chance
Itr 8, LL= -2746556.072323 (284.298718). Anneal status: T=86.19, dE=460.64, candidate was rejected
Itr 9, LL= -2746051.071345 (183.866983). Anneal status: T=86.19, dE=177.58, candidate was rejected
Itr 10, LL= -2745731.518794 (116.368029). Anneal status: T=86.19, dE=76.91, candidate was chosen by chance
Itr 11, LL= -2745491.734243 (87.329933). Anneal status: T=77.57, dE=193.73, candidate was chosen by chance
Itr 12, LL= -2745060.521697 (157.062045). Anneal status: T=77.57, dE=283.02, candidate was rejected
Itr 13, LL= -2744799.568969 (95.062650). Anneal status: T=77.57, dE=39.62, candidate was chosen by chance
Itr 14, LL= -2744514.370129 (103.905160). Anneal status: T=77.57, dE=106.89, candidate was rejected
Itr 15, LL= -2744325.314159 (68.885036). Anneal status: T=77.57, dE=32.51, candidate was chosen by chance
Itr 16, LL= -2744107.371617 (79.415710). Anneal status: T=68.95, dE=485.71, candidate was rejected
Itr 17, LL= -2743947.553590 (58.240442). Anneal status: T=68.95, dE=180.21, candidate was rejected
Itr 18, LL= -2743803.732350 (52.413990). Anneal status: T=68.95, dE=281.89, candidate was rejected
Itr 19, LL= -2743680.392909 (44.951991). Anneal status: T=68.95, dE=4.07, candidate was chosen by chance
Itr 20, LL= -2743568.600697 (40.745348). Anneal status: T=68.95, dE=6.97, candidate was chosen by chance
Itr 21, LL= -2743496.970885 (26.108264). Anneal status: T=60.33, dE=10.13, candidate was chosen by chance
Itr 22, LL= -2743419.537831 (28.224217). Anneal status: T=60.33, dE=37.47, candidate was rejected
Itr 23, LL= -2743328.686736 (33.116005). Anneal status: T=60.33, dE=50.36, candidate was rejected
Itr 24, LL= -2743240.080333 (32.298865). Anneal status: T=60.33, dE=237.63, candidate was rejected
Itr 25, LL= -2743177.386465 (22.853949). Anneal status: T=60.33, dE=33.24, candidate was chosen by chance
Itr 26, LL= -2743066.476544 (40.431188). Anneal status: T=51.71, dE=13.74, candidate was chosen by chance
Itr 27, LL= -2742953.365126 (41.235390). Anneal status: T=51.71, dE=594.31, candidate was rejected
Itr 28, LL= -2742850.634358 (37.452612). Anneal status: T=51.71, dE=729.65, candidate was rejected
Itr 29, LL= -2742743.906283 (38.911369). Anneal status: T=51.71, dE=254.64, candidate was rejected
Itr 30, LL= -2742672.468377 (26.046145). Anneal status: T=51.71, dE=10.06, candidate was chosen by chance
Itr 31, LL= -2742596.678856 (27.633457). Anneal status: T=43.09, dE=0.35, candidate was chosen by chance
Itr 32, LL= -2742526.383736 (25.630863). Anneal status: T=43.09, dE=0.28, candidate was chosen by chance
Itr 33, LL= -2742465.913806 (22.048987). Anneal status: T=43.09, dE=4.82, candidate was rejected
Itr 34, LL= -2742429.379094 (13.321847). Anneal status: T=43.09, dE=231.45, candidate was rejected
Itr 35, LL= -2742412.661713 (6.095829). Anneal status: T=43.09, dE=6.87, candidate was chosen by chance
Itr 36, LL= -2742393.381387 (7.030425). Anneal status: T=34.47, dE=4.83, candidate was chosen by chance
Itr 37, LL= -2742373.527715 (7.239542). Anneal status: T=34.47, dE=60.28, candidate was rejected
Itr 38, LL= -2742371.882702 (0.599850). Anneal status: T=34.47, dE=12.64, candidate was chosen by chance
Itr 39, LL= -2742343.528390 (10.339339). Anneal status: T=34.47, dE=67.65, candidate was rejected
Itr 40, LL= -2742334.323141 (3.356709). Anneal status: T=34.47, dE=241.32, candidate was rejected
Itr 41, LL= -2742328.416918 (2.153721). Anneal status: T=25.86, dE=415.06, candidate was rejected
Itr 42, LL= -2742311.092838 (6.317289). Anneal status: T=25.86, dE=1.71, candidate was chosen by chance
Itr 43, LL= -2742307.312668 (1.378461). Anneal status: T=25.86, dE=31.19, candidate was rejected
Itr 44, LL= -2742308.298909 (-0.359639). Anneal status: T=25.86, dE=2.46, candidate was chosen by chance
Itr 45, LL= -2742303.699011 (1.677382). Anneal status: T=25.86, dE=591.10, candidate was rejected
Itr 46, LL= -2742300.453571 (1.183472). Anneal status: T=17.24, dE=57.92, candidate was rejected
Itr 47, LL= -2742328.609929 (-10.267423). Anneal status: T=17.24, dE=28.59, candidate was chosen by chance
Itr 48, LL= -2742310.024504 (6.777242). Anneal status: T=17.24, dE=7.18, candidate was chosen by chance
Itr 49, LL= -2742302.115081 (2.884219). Anneal status: T=17.24, dE=38.04, candidate was rejected
Itr 50, LL= -2742301.034577 (0.394013). Anneal status: T=17.24, dE=528.97, candidate was rejected
Itr 51, LL= -2742300.765789 (0.098015). Anneal status: T=8.62, dE=47.92, candidate was rejected
Itr 52, LL= -2742300.747237 (0.006765). Anneal status: T=8.62, dE=190.55, candidate was rejected
-- Annealing statistics:
Portion of times candidate was better: 0.000000
Portion of times candidate was chosen by chance: 0.384615
--
>> 