My SLURM_ARRAY_TASK_ID:  8

                            < M A T L A B (R) >
                  Copyright 1984-2014 The MathWorks, Inc.
                   R2014b (8.4.0.150421) 64-bit (glnxa64)
                             September 15, 2014

 
For online documentation, see http://www.mathworks.com/support
For product information, visit www.mathworks.com.
 
EM for 8 states, 100 emission nodes. 12 observed values.
            gibbs: 0
    nGibbsItrPcnt: 0.8000
     annealParams: {}
           maxItr: 500
      convergeEps: 1.0000e-06
           minItr: 5
       parametric: 0
        initprobs: []
      persistBias: 0
          obsVals: []

- Initalized simulated annealing with params:
                     type: 'linear'
    max_chance_accpetance: 0.2000
             min_duration: 5
        min_init_duration: 5
             max_duration: 11
              converge_th: 1.0000e-06

--
Itr 1, LL= -16175741.505943 (Inf). Anneal status: T=NaN, dE=-38.74, collecting statistics
Itr 2, LL= -2805222.319764 (Inf). Anneal status: T=NaN, dE=-422.42, collecting statistics
Itr 3, LL= -2781943.722403 (Inf). Anneal status: T=NaN, dE=-477.88, collecting statistics
Itr 4, LL= -2747935.444172 (12224.646371). Anneal status: T=NaN, dE=-425.18, collecting statistics
Itr 5, LL= -2724914.817710 (8377.426228). Anneal status: T=NaN, dE=-148.01, collecting statistics
Itr 6, LL= -2712443.478885 (4576.781169). Anneal status: T=NaN, dE=-27.54, collecting statistics
Itr 7, LL= -2704514.557169 (2923.165691). Anneal status: T=NaN, dE=116.26, collecting statistics
Itr 8, LL= -2699100.919208 (2001.704131). Anneal status: T=NaN, dE=-8.40, collecting statistics
Itr 9, LL= -2695410.992938 (1367.094592). Anneal status: T=NaN, dE=-21.99, collecting statistics
Itr 10, LL= -2693066.083587 (869.963563). Anneal status: T=NaN, dE=7.75, collecting statistics
Itr 11, LL= -2691574.803765 (553.747950). Anneal status: T=NaN, dE=159.56, collecting statistics
Itr 12, LL= -2690587.899251 (366.664345). Anneal status: T=23.87, dE=194.57, candidate was rejected
Itr 13, LL= -2689870.861513 (266.498537). Anneal status: T=23.87, dE=40.10, candidate was rejected
Itr 14, LL= -2689299.383167 (212.455681). Anneal status: T=23.87, dE=7.41, candidate was chosen by chance
Itr 15, LL= -2688754.884002 (202.468780). Anneal status: T=23.87, dE=141.13, candidate was rejected
Itr 16, LL= -2688305.546503 (167.117316). Anneal status: T=23.87, dE=52.20, candidate was rejected
Itr 17, LL= -2687982.538883 (120.152868). Anneal status: T=21.49, dE=64.38, candidate was chosen by chance
Itr 18, LL= -2687577.782552 (150.579970). Anneal status: T=21.49, dE=235.53, candidate was rejected
Itr 19, LL= -2687258.849186 (118.669446). Anneal status: T=21.49, dE=19.79, candidate was rejected
Itr 20, LL= -2686970.948295 (107.135526). Anneal status: T=21.49, dE=44.41, candidate was rejected
Itr 21, LL= -2686697.602868 (101.729952). Anneal status: T=21.49, dE=12.85, candidate was rejected
Itr 22, LL= -2686455.527012 (90.101639). Anneal status: T=19.10, dE=58.15, candidate was rejected
Itr 23, LL= -2686243.422699 (78.953220). Anneal status: T=19.10, dE=69.08, candidate was rejected
Itr 24, LL= -2686052.292971 (71.151306). Anneal status: T=19.10, dE=23.50, candidate was rejected
Itr 25, LL= -2685883.897953 (62.692382). Anneal status: T=19.10, dE=191.81, candidate was rejected
Itr 26, LL= -2685740.085474 (53.543818). Anneal status: T=19.10, dE=46.19, candidate was rejected
Itr 27, LL= -2685649.271356 (33.813442). Anneal status: T=16.71, dE=16.58, candidate was chosen by chance
Itr 28, LL= -2685556.992653 (34.359923). Anneal status: T=16.71, dE=89.28, candidate was rejected
Itr 29, LL= -2685494.635491 (23.219452). Anneal status: T=16.71, dE=17.37, candidate was rejected
Itr 30, LL= -2685446.339274 (17.984105). Anneal status: T=16.71, dE=101.93, candidate was rejected
Itr 31, LL= -2685406.157393 (14.962832). Anneal status: T=16.71, dE=67.12, candidate was rejected
Itr 32, LL= -2685376.449934 (11.062557). Anneal status: T=14.32, dE=64.26, candidate was rejected
Itr 33, LL= -2685352.412425 (8.951262). Anneal status: T=14.32, dE=88.41, candidate was rejected
Itr 34, LL= -2685330.540604 (8.144861). Anneal status: T=14.32, dE=95.54, candidate was rejected
Itr 35, LL= -2685304.508174 (9.694311). Anneal status: T=14.32, dE=60.29, candidate was rejected
Itr 36, LL= -2685279.611176 (9.271574). Anneal status: T=14.32, dE=31.47, candidate was rejected
Itr 37, LL= -2685269.805674 (3.651576). Anneal status: T=11.94, dE=10.83, candidate was chosen by chance
Itr 38, LL= -2685246.702649 (8.603614). Anneal status: T=11.94, dE=174.40, candidate was rejected
Itr 39, LL= -2685237.130438 (3.564742). Anneal status: T=11.94, dE=31.76, candidate was rejected
Itr 40, LL= -2685229.169064 (2.964868). Anneal status: T=11.94, dE=40.66, candidate was rejected
Itr 41, LL= -2685222.766997 (2.384179). Anneal status: T=11.94, dE=30.33, candidate was rejected
Itr 42, LL= -2685217.970379 (1.786301). Anneal status: T=9.55, dE=251.33, candidate was rejected
Itr 43, LL= -2685215.214509 (1.026312). Anneal status: T=9.55, dE=28.95, candidate was rejected
Itr 44, LL= -2685219.430283 (-1.569995). Anneal status: T=9.55, dE=7.30, candidate was chosen by chance
Itr 45, LL= -2685207.355045 (4.496928). Anneal status: T=9.55, dE=32.37, candidate was rejected
Itr 46, LL= -2685202.422969 (1.836758). Anneal status: T=9.55, dE=29.49, candidate was rejected
Itr 47, LL= -2685210.634235 (-3.057969). Anneal status: T=7.16, dE=12.49, candidate was chosen by chance
Itr 48, LL= -2685198.323918 (4.584488). Anneal status: T=7.16, dE=20.94, candidate was rejected
Itr 49, LL= -2685194.151882 (1.553716). Anneal status: T=7.16, dE=41.71, candidate was rejected
Itr 50, LL= -2685191.616573 (0.944181). Anneal status: T=7.16, dE=97.25, candidate was rejected
Itr 51, LL= -2685189.401608 (0.824882). Anneal status: T=7.16, dE=50.48, candidate was rejected
Itr 52, LL= -2685187.318161 (0.775903). Anneal status: T=4.77, dE=87.16, candidate was rejected
-- Annealing statistics:
Portion of times candidate was better: 0.000000
Portion of times candidate was chosen by chance: 0.115385
--
EM for 8 states, 100 emission nodes. 12 observed values.
            gibbs: 0
    nGibbsItrPcnt: 0.8000
     annealParams: {}
           maxItr: 500
      convergeEps: 1.0000e-06
           minItr: 5
       parametric: 0
        initprobs: []
      persistBias: 0
          obsVals: []

- Initalized simulated annealing with params:
                     type: 'linear'
    max_chance_accpetance: 0.2000
             min_duration: 5
        min_init_duration: 5
             max_duration: 11
              converge_th: 1.0000e-06

--
Itr 1, LL= -16402352.921754 (Inf). Anneal status: T=NaN, dE=-3539.50, collecting statistics
Itr 2, LL= -2806478.063924 (Inf). Anneal status: T=NaN, dE=-125.14, collecting statistics
Itr 3, LL= -2775477.681898 (Inf). Anneal status: T=NaN, dE=-60.28, collecting statistics
Itr 4, LL= -2733318.181824 (15189.997869). Anneal status: T=NaN, dE=-244.36, collecting statistics
Itr 5, LL= -2712909.189504 (7466.745897). Anneal status: T=NaN, dE=-444.99, collecting statistics
Itr 6, LL= -2704364.005385 (3149.823132). Anneal status: T=NaN, dE=81.22, collecting statistics
Itr 7, LL= -2699200.941983 (1909.159932). Anneal status: T=NaN, dE=-188.48, collecting statistics
Itr 8, LL= -2695987.537683 (1190.502067). Anneal status: T=NaN, dE=112.30, collecting statistics
Itr 9, LL= -2694051.611128 (718.076967). Anneal status: T=NaN, dE=16.70, collecting statistics
Itr 10, LL= -2692852.627700 (445.048426). Anneal status: T=14.97, dE=50.28, candidate was rejected
Itr 11, LL= -2692094.426278 (281.560682). Anneal status: T=14.97, dE=97.76, candidate was rejected
Itr 12, LL= -2691579.146081 (191.404949). Anneal status: T=14.97, dE=470.67, candidate was rejected
Itr 13, LL= -2691178.842242 (148.724528). Anneal status: T=14.97, dE=235.75, candidate was rejected
Itr 14, LL= -2690866.736855 (115.973484). Anneal status: T=14.97, dE=41.80, candidate was rejected
Itr 15, LL= -2690613.634206 (94.059898). Anneal status: T=13.47, dE=21.72, candidate was chosen by chance
Itr 16, LL= -2690340.267740 (101.600045). Anneal status: T=13.47, dE=85.12, candidate was rejected
Itr 17, LL= -2690107.411078 (86.552866). Anneal status: T=13.47, dE=26.39, candidate was rejected
Itr 18, LL= -2689883.834023 (83.110828). Anneal status: T=13.47, dE=26.01, candidate was rejected
Itr 19, LL= -2689662.732948 (82.197258). Anneal status: T=13.47, dE=3.65, candidate was chosen by chance
Itr 20, LL= -2689438.934710 (83.206804). Anneal status: T=11.98, dE=59.01, candidate was rejected
Itr 21, LL= -2689239.103818 (74.302074). Anneal status: T=11.98, dE=211.68, candidate was rejected
Itr 22, LL= -2689065.382656 (64.598630). Anneal status: T=11.98, dE=309.87, candidate was rejected
Itr 23, LL= -2688923.690195 (52.692085). Anneal status: T=11.98, dE=54.95, candidate was rejected
Itr 24, LL= -2688804.323945 (44.391833). Anneal status: T=11.98, dE=41.33, candidate was rejected
Itr 25, LL= -2688694.695217 (40.772297). Anneal status: T=10.48, dE=90.94, candidate was rejected
Itr 26, LL= -2688600.157354 (35.161248). Anneal status: T=10.48, dE=88.07, candidate was rejected
Itr 27, LL= -2688508.974917 (33.914466). Anneal status: T=10.48, dE=87.43, candidate was rejected
Itr 28, LL= -2688432.503662 (28.443742). Anneal status: T=10.48, dE=21.50, candidate was rejected
Itr 29, LL= -2688375.058684 (21.367461). Anneal status: T=10.48, dE=6.24, candidate was rejected
Itr 30, LL= -2688323.097408 (19.328135). Anneal status: T=8.98, dE=22.08, candidate was rejected
Itr 31, LL= -2688281.552509 (15.453834). Anneal status: T=8.98, dE=46.47, candidate was rejected
Itr 32, LL= -2688271.820188 (3.620276). Anneal status: T=8.98, dE=27.43, candidate was chosen by chance
Itr 33, LL= -2688211.315788 (22.506801). Anneal status: T=8.98, dE=8.22, candidate was rejected
Itr 34, LL= -2688178.721919 (12.124742). Anneal status: T=8.98, dE=38.70, candidate was rejected
Itr 35, LL= -2688149.784913 (10.764540). Anneal status: T=7.49, dE=37.35, candidate was rejected
Itr 36, LL= -2688123.388953 (9.819378). Anneal status: T=7.49, dE=24.62, candidate was rejected
Itr 37, LL= -2688100.937964 (8.351919). Anneal status: T=7.49, dE=215.50, candidate was rejected
Itr 38, LL= -2688079.946749 (7.808938). Anneal status: T=7.49, dE=35.32, candidate was rejected
Itr 39, LL= -2688057.983143 (8.170741). Anneal status: T=7.49, dE=27.64, candidate was rejected
Itr 40, LL= -2688036.272755 (8.076607). Anneal status: T=5.99, dE=27.22, candidate was rejected
Itr 41, LL= -2688016.899652 (7.207158). Anneal status: T=5.99, dE=18.13, candidate was rejected
Itr 42, LL= -2687997.763210 (7.119167). Anneal status: T=5.99, dE=23.14, candidate was rejected
Itr 43, LL= -2687976.151201 (8.040189). Anneal status: T=5.99, dE=31.57, candidate was rejected
Itr 44, LL= -2687953.488524 (8.431130). Anneal status: T=5.99, dE=119.43, candidate was rejected
Itr 45, LL= -2687933.660927 (7.376466). Anneal status: T=4.49, dE=286.06, candidate was rejected
Itr 46, LL= -2687914.828441 (7.006306). Anneal status: T=4.49, dE=104.92, candidate was rejected
Itr 47, LL= -2687895.578115 (7.161807). Anneal status: T=4.49, dE=8.77, candidate was rejected
Itr 48, LL= -2687885.159756 (3.876028). Anneal status: T=4.49, dE=9.52, candidate was chosen by chance
Itr 49, LL= -2687857.880513 (10.148961). Anneal status: T=4.49, dE=89.19, candidate was rejected
Itr 50, LL= -2687839.007741 (7.021492). Anneal status: T=2.99, dE=50.54, candidate was rejected
Itr 51, LL= -2687821.055027 (6.679237). Anneal status: T=2.99, dE=80.82, candidate was rejected
Itr 52, LL= -2687803.894922 (6.384393). Anneal status: T=2.99, dE=19.01, candidate was rejected
Itr 53, LL= -2687787.719859 (6.017948). Anneal status: T=2.99, dE=105.75, candidate was rejected
Itr 54, LL= -2687772.328246 (5.726499). Anneal status: T=2.99, dE=46.26, candidate was rejected
Itr 55, LL= -2687754.430024 (6.659129). Anneal status: T=1.50, dE=114.47, candidate was rejected
Itr 56, LL= -2687736.015075 (6.851425). Anneal status: T=1.50, dE=22.79, candidate was rejected
Itr 57, LL= -2687723.129539 (4.794197). Anneal status: T=1.50, dE=111.51, candidate was rejected
Itr 58, LL= -2687712.204719 (4.064712). Anneal status: T=1.50, dE=17.43, candidate was rejected
Itr 59, LL= -2687702.270757 (3.696066). Anneal status: T=1.50, dE=0.80, candidate was chosen by chance
Itr 60, LL= -2687690.585668 (4.347613). Anneal status: T=0.00, dE=43.91, candidate was rejected
Itr 61, LL= -2687681.242378 (3.476326). Anneal status: T=0.00, dE=12.78, candidate was rejected
Itr 62, LL= -2687673.767612 (2.781121). Anneal status: T=0.00, dE=30.95, candidate was rejected
Itr 63, LL= -2687667.525948 (2.322330). Anneal status: T=0.00, dE=9.96, candidate was rejected
Itr 64, LL= -2687662.127283 (2.008681). Anneal status: T=0.00, dE=154.29, candidate was rejected
Itr 65, LL= -2687657.333466 (1.783638). Anneal status: T=0.00, dE=4.76, candidate was rejected
Itr 66, LL= -2687652.994998 (1.614219). Anneal status: T=0.00, dE=138.82, candidate was rejected
Itr 67, LL= -2687648.282390 (1.753429). Anneal status: T=0.00, dE=42.77, candidate was rejected
Itr 68, LL= -2687638.758668 (3.543515). Anneal status: T=0.00, dE=206.73, candidate was rejected
Itr 69, LL= -2687632.299072 (2.403446). Anneal status: T=0.00, dE=48.18, candidate was rejected
Itr 70, LL= -2687624.199134 (3.013782). Anneal status: T=0.00, dE=86.00, candidate was rejected
Itr 71, LL= -2687619.196238 (1.861457). Anneal status: T=0.00, dE=100.51, candidate was rejected
Itr 72, LL= -2687616.218078 (1.108103). Anneal status: T=0.00, dE=10.88, candidate was rejected
Itr 73, LL= -2687613.351510 (1.066584). Anneal status: T=0.00, dE=234.22, candidate was rejected
Itr 74, LL= -2687608.364234 (1.855652). Anneal status: T=0.00, dE=7.07, candidate was rejected
Itr 75, LL= -2687601.627575 (2.506563). Anneal status: T=0.00, dE=26.11, candidate was rejected
Itr 76, LL= -2687597.171309 (1.658083). Anneal status: T=0.00, dE=10.61, candidate was rejected
Itr 77, LL= -2687594.801314 (0.881827). Anneal status: T=0.00, dE=104.19, candidate was rejected
Itr 78, LL= -2687592.947691 (0.689696). Anneal status: T=0.00, dE=30.97, candidate was rejected
Itr 79, LL= -2687591.333760 (0.600512). Anneal status: T=0.00, dE=110.68, candidate was rejected
-- Annealing statistics:
Portion of times candidate was better: 0.000000
Portion of times candidate was chosen by chance: 0.063291
--
EM for 8 states, 100 emission nodes. 12 observed values.
            gibbs: 0
    nGibbsItrPcnt: 0.8000
     annealParams: {}
           maxItr: 500
      convergeEps: 1.0000e-06
           minItr: 5
       parametric: 0
        initprobs: []
      persistBias: 0
          obsVals: []

- Initalized simulated annealing with params:
                     type: 'linear'
    max_chance_accpetance: 0.2000
             min_duration: 5
        min_init_duration: 5
             max_duration: 11
              converge_th: 1.0000e-06

--
Itr 1, LL= -15962982.211852 (Inf). Anneal status: T=NaN, dE=-30.73, collecting statistics
Itr 2, LL= -2803738.718548 (Inf). Anneal status: T=NaN, dE=-256.05, collecting statistics
Itr 3, LL= -2789088.750487 (Inf). Anneal status: T=NaN, dE=-957.23, collecting statistics
Itr 4, LL= -2767679.320810 (7676.137833). Anneal status: T=NaN, dE=-452.67, collecting statistics
Itr 5, LL= -2749468.762131 (6579.721336). Anneal status: T=NaN, dE=610.60, collecting statistics
Itr 6, LL= -2734357.314491 (5496.133598). Anneal status: T=NaN, dE=11.98, collecting statistics
Itr 7, LL= -2723985.335687 (3793.205354). Anneal status: T=NaN, dE=380.07, collecting statistics
Itr 8, LL= -2717912.986508 (2229.215077). Anneal status: T=NaN, dE=-18.86, collecting statistics
Itr 9, LL= -2714140.757462 (1387.913839). Anneal status: T=50.49, dE=309.70, candidate was rejected
Itr 10, LL= -2711015.988196 (1151.292267). Anneal status: T=50.49, dE=4.96, candidate was chosen by chance
Itr 11, LL= -2707914.529008 (1144.020987). Anneal status: T=50.49, dE=7.98, candidate was chosen by chance
Itr 12, LL= -2704792.750057 (1152.835113). Anneal status: T=50.49, dE=52.13, candidate was chosen by chance
Itr 13, LL= -2701774.008605 (1116.071259). Anneal status: T=50.49, dE=26.56, candidate was chosen by chance
Itr 14, LL= -2698959.340085 (1041.785328). Anneal status: T=45.44, dE=365.66, candidate was rejected
Itr 15, LL= -2696832.547030 (788.004852). Anneal status: T=45.44, dE=130.65, candidate was chosen by chance
Itr 16, LL= -2695242.680067 (589.531213). Anneal status: T=45.44, dE=22.80, candidate was chosen by chance
Itr 17, LL= -2694197.217021 (387.891990). Anneal status: T=45.44, dE=105.42, candidate was rejected
Itr 18, LL= -2693566.492944 (234.104643). Anneal status: T=45.44, dE=54.24, candidate was chosen by chance
Itr 19, LL= -2693030.128493 (199.127978). Anneal status: T=40.39, dE=51.01, candidate was rejected
Itr 20, LL= -2692677.303922 (131.013971). Anneal status: T=40.39, dE=17.88, candidate was chosen by chance
Itr 21, LL= -2692369.095461 (114.461714). Anneal status: T=40.39, dE=93.76, candidate was rejected
Itr 22, LL= -2692156.739427 (78.873300). Anneal status: T=40.39, dE=43.13, candidate was rejected
Itr 23, LL= -2691990.371531 (61.797255). Anneal status: T=40.39, dE=89.27, candidate was rejected
Itr 24, LL= -2691832.494687 (58.646883). Anneal status: T=35.34, dE=45.48, candidate was rejected
Itr 25, LL= -2691757.291594 (27.937508). Anneal status: T=35.34, dE=30.71, candidate was chosen by chance
Itr 26, LL= -2691652.832958 (38.806855). Anneal status: T=35.34, dE=49.74, candidate was rejected
Itr 27, LL= -2691659.473139 (-2.466953). Anneal status: T=35.34, dE=81.98, candidate was chosen by chance
Itr 28, LL= -2691505.962230 (57.032069). Anneal status: T=35.34, dE=71.08, candidate was rejected
Itr 29, LL= -2691432.688560 (27.224042). Anneal status: T=30.29, dE=105.70, candidate was rejected
Itr 30, LL= -2691376.131447 (21.013757). Anneal status: T=30.29, dE=17.89, candidate was chosen by chance
Itr 31, LL= -2691320.794995 (20.560653). Anneal status: T=30.29, dE=20.15, candidate was chosen by chance
Itr 32, LL= -2691255.162297 (24.386798). Anneal status: T=30.29, dE=10.67, candidate was chosen by chance
Itr 33, LL= -2691180.467726 (27.754548). Anneal status: T=30.29, dE=34.36, candidate was rejected
Itr 34, LL= -2691115.624701 (24.094640). Anneal status: T=25.24, dE=17.79, candidate was rejected
Itr 35, LL= -2691077.895694 (14.019839). Anneal status: T=25.24, dE=274.57, candidate was rejected
Itr 36, LL= -2691050.747869 (10.088086). Anneal status: T=25.24, dE=0.72, candidate was chosen by chance
Itr 37, LL= -2691026.892061 (8.864867). Anneal status: T=25.24, dE=44.29, candidate was rejected
Itr 38, LL= -2691008.215811 (6.940195). Anneal status: T=25.24, dE=139.13, candidate was rejected
Itr 39, LL= -2690989.888149 (6.810705). Anneal status: T=20.19, dE=29.14, candidate was rejected
Itr 40, LL= -2690975.942905 (5.182199). Anneal status: T=20.19, dE=69.88, candidate was rejected
Itr 41, LL= -2690965.291235 (3.958293). Anneal status: T=20.19, dE=1.02, candidate was chosen by chance
Itr 42, LL= -2690955.696056 (3.565701). Anneal status: T=20.19, dE=40.31, candidate was rejected
Itr 43, LL= -2690961.746238 (-2.248340). Anneal status: T=20.19, dE=14.12, candidate was chosen by chance
Itr 44, LL= -2690937.388268 (9.051771). Anneal status: T=15.15, dE=11.00, candidate was rejected
Itr 45, LL= -2690922.667109 (5.470644). Anneal status: T=15.15, dE=96.98, candidate was rejected
Itr 46, LL= -2690915.634392 (2.613497). Anneal status: T=15.15, dE=36.54, candidate was rejected
Itr 47, LL= -2690911.150633 (1.666257). Anneal status: T=15.15, dE=21.11, candidate was rejected
Itr 48, LL= -2690906.211796 (1.835377). Anneal status: T=15.15, dE=32.92, candidate was rejected
Itr 49, LL= -2690889.950006 (6.043239). Anneal status: T=10.10, dE=1.04, candidate was chosen by chance
Itr 50, LL= -2690878.206535 (4.364159). Anneal status: T=10.10, dE=70.00, candidate was rejected
Itr 51, LL= -2690874.079407 (1.533748). Anneal status: T=10.10, dE=154.49, candidate was rejected
Itr 52, LL= -2690883.916036 (-3.655551). Anneal status: T=10.10, dE=13.33, candidate was chosen by chance
Itr 53, LL= -2690868.297058 (5.804404). Anneal status: T=10.10, dE=52.69, candidate was rejected
Itr 54, LL= -2690865.692004 (0.968109). Anneal status: T=5.05, dE=33.85, candidate was rejected
Itr 55, LL= -2690862.288476 (1.264845). Anneal status: T=5.05, dE=42.38, candidate was rejected
Itr 56, LL= -2690858.549593 (1.389474). Anneal status: T=5.05, dE=55.55, candidate was rejected
Itr 57, LL= -2690853.846086 (1.747958). Anneal status: T=5.05, dE=145.22, candidate was rejected
Itr 58, LL= -2690849.060621 (1.778419). Anneal status: T=5.05, dE=26.43, candidate was rejected
Itr 59, LL= -2690846.773467 (0.849975). Anneal status: T=0.00, dE=221.08, candidate was rejected
Itr 60, LL= -2690845.235129 (0.571693). Anneal status: T=0.00, dE=49.37, candidate was rejected
Itr 61, LL= -2690843.313422 (0.714165). Anneal status: T=0.00, dE=28.82, candidate was rejected
-- Annealing statistics:
Portion of times candidate was better: 0.000000
Portion of times candidate was chosen by chance: 0.295082
--
EM for 8 states, 100 emission nodes. 12 observed values.
            gibbs: 0
    nGibbsItrPcnt: 0.8000
     annealParams: {}
           maxItr: 500
      convergeEps: 1.0000e-06
           minItr: 5
       parametric: 0
        initprobs: []
      persistBias: 0
          obsVals: []

- Initalized simulated annealing with params:
                     type: 'linear'
    max_chance_accpetance: 0.2000
             min_duration: 5
        min_init_duration: 5
             max_duration: 11
              converge_th: 1.0000e-06

--
Itr 1, LL= -16497445.080253 (Inf). Anneal status: T=NaN, dE=-5416.18, collecting statistics
Itr 2, LL= -2800909.269064 (Inf). Anneal status: T=NaN, dE=-284.81, collecting statistics
Itr 3, LL= -2761941.657312 (Inf). Anneal status: T=NaN, dE=-320.62, collecting statistics
Itr 4, LL= -2731319.576803 (11087.156902). Anneal status: T=NaN, dE=-438.70, collecting statistics
Itr 5, LL= -2716906.501208 (5276.964189). Anneal status: T=NaN, dE=-366.69, collecting statistics
Itr 6, LL= -2708778.258899 (2991.726916). Anneal status: T=NaN, dE=-51.94, collecting statistics
Itr 7, LL= -2703362.475743 (1999.345328). Anneal status: T=NaN, dE=-76.67, collecting statistics
Itr 8, LL= -2699329.895111 (1491.690688). Anneal status: T=NaN, dE=11.86, collecting statistics
Itr 9, LL= -2696431.499582 (1073.746315). Anneal status: T=NaN, dE=-19.62, collecting statistics
Itr 10, LL= -2694609.470673 (675.718597). Anneal status: T=NaN, dE=-4.02, collecting statistics
Itr 11, LL= -2693515.614958 (405.942207). Anneal status: T=NaN, dE=-2.51, collecting statistics
Itr 12, LL= -2692842.056957 (250.066492). Anneal status: T=NaN, dE=248.57, collecting statistics
Itr 13, LL= -2692360.554573 (178.808253). Anneal status: T=NaN, dE=0.77, collecting statistics
Itr 14, LL= -2692028.338644 (123.392065). Anneal status: T=5.33, dE=22.46, candidate was rejected
Itr 15, LL= -2691756.061565 (101.141981). Anneal status: T=5.33, dE=208.07, candidate was rejected
Itr 16, LL= -2691523.985848 (86.217217). Anneal status: T=5.33, dE=119.09, candidate was rejected
Itr 17, LL= -2691308.541184 (80.045605). Anneal status: T=5.33, dE=105.40, candidate was rejected
Itr 18, LL= -2691058.242161 (93.002723). Anneal status: T=5.33, dE=31.45, candidate was rejected
Itr 19, LL= -2690777.561021 (104.301399). Anneal status: T=4.80, dE=16.39, candidate was rejected
Itr 20, LL= -2690506.278878 (100.819238). Anneal status: T=4.80, dE=109.51, candidate was rejected
Itr 21, LL= -2690242.562188 (98.017497). Anneal status: T=4.80, dE=130.94, candidate was rejected
Itr 22, LL= -2689987.068406 (94.970537). Anneal status: T=4.80, dE=19.66, candidate was rejected
Itr 23, LL= -2689753.027413 (87.004505). Anneal status: T=4.80, dE=29.31, candidate was rejected
Itr 24, LL= -2689530.503902 (82.730091). Anneal status: T=4.27, dE=86.09, candidate was rejected
Itr 25, LL= -2689307.164865 (83.040157). Anneal status: T=4.27, dE=55.66, candidate was rejected
Itr 26, LL= -2689124.666838 (67.860611). Anneal status: T=4.27, dE=190.22, candidate was rejected
Itr 27, LL= -2688977.791493 (54.618273). Anneal status: T=4.27, dE=59.49, candidate was rejected
Itr 28, LL= -2688846.893739 (48.679374). Anneal status: T=4.27, dE=33.26, candidate was rejected
Itr 29, LL= -2688749.382976 (36.264900). Anneal status: T=3.73, dE=224.53, candidate was rejected
Itr 30, LL= -2688668.658838 (30.022931). Anneal status: T=3.73, dE=69.98, candidate was rejected
Itr 31, LL= -2688580.715364 (32.708930). Anneal status: T=3.73, dE=132.58, candidate was rejected
Itr 32, LL= -2688504.538860 (28.333352). Anneal status: T=3.73, dE=36.93, candidate was rejected
Itr 33, LL= -2688428.581709 (28.252566). Anneal status: T=3.73, dE=32.03, candidate was rejected
Itr 34, LL= -2688352.748733 (28.207175). Anneal status: T=3.20, dE=64.23, candidate was rejected
Itr 35, LL= -2688279.979750 (27.068242). Anneal status: T=3.20, dE=44.47, candidate was rejected
Itr 36, LL= -2688197.677959 (30.615037). Anneal status: T=3.20, dE=102.69, candidate was rejected
Itr 37, LL= -2688104.392061 (34.702023). Anneal status: T=3.20, dE=172.26, candidate was rejected
Itr 38, LL= -2688011.058990 (34.720776). Anneal status: T=3.20, dE=44.86, candidate was rejected
Itr 39, LL= -2687918.634410 (34.384003). Anneal status: T=2.67, dE=22.09, candidate was rejected
Itr 40, LL= -2687838.004666 (29.997093). Anneal status: T=2.67, dE=60.27, candidate was rejected
Itr 41, LL= -2687765.716605 (26.894501). Anneal status: T=2.67, dE=19.59, candidate was rejected
Itr 42, LL= -2687697.124836 (25.519996). Anneal status: T=2.67, dE=33.95, candidate was rejected
Itr 43, LL= -2687628.887666 (25.388713). Anneal status: T=2.67, dE=44.36, candidate was rejected
Itr 44, LL= -2687566.727146 (23.128387). Anneal status: T=2.13, dE=344.32, candidate was rejected
Itr 45, LL= -2687516.960527 (18.517352). Anneal status: T=2.13, dE=106.09, candidate was rejected
Itr 46, LL= -2687471.540564 (16.900345). Anneal status: T=2.13, dE=71.72, candidate was rejected
Itr 47, LL= -2687431.974685 (14.722344). Anneal status: T=2.13, dE=19.43, candidate was rejected
Itr 48, LL= -2687390.132345 (15.569637). Anneal status: T=2.13, dE=137.15, candidate was rejected
Itr 49, LL= -2687338.661179 (19.152845). Anneal status: T=1.60, dE=2.31, candidate was rejected
Itr 50, LL= -2687307.038644 (11.767231). Anneal status: T=1.60, dE=76.52, candidate was rejected
Itr 51, LL= -2687275.195050 (11.849630). Anneal status: T=1.60, dE=38.42, candidate was rejected
Itr 52, LL= -2687246.646201 (10.623716). Anneal status: T=1.60, dE=26.59, candidate was rejected
Itr 53, LL= -2687221.812219 (9.241423). Anneal status: T=1.60, dE=171.15, candidate was rejected
Itr 54, LL= -2687196.528808 (9.408755). Anneal status: T=1.07, dE=20.19, candidate was rejected
Itr 55, LL= -2687177.694822 (7.008786). Anneal status: T=1.07, dE=14.00, candidate was rejected
Itr 56, LL= -2687161.561408 (6.003851). Anneal status: T=1.07, dE=9.58, candidate was rejected
Itr 57, LL= -2687145.501376 (5.976579). Anneal status: T=1.07, dE=44.11, candidate was rejected
Itr 58, LL= -2687130.886180 (5.438930). Anneal status: T=1.07, dE=37.36, candidate was rejected
Itr 59, LL= -2687117.846197 (4.852753). Anneal status: T=0.53, dE=52.31, candidate was rejected
Itr 60, LL= -2687105.233050 (4.693931). Anneal status: T=0.53, dE=23.12, candidate was rejected
Itr 61, LL= -2687091.803385 (4.997819). Anneal status: T=0.53, dE=91.95, candidate was rejected
Itr 62, LL= -2687076.358932 (5.747646). Anneal status: T=0.53, dE=3.10, candidate was rejected
Itr 63, LL= -2687058.253611 (6.737926). Anneal status: T=0.53, dE=32.29, candidate was rejected
Itr 64, LL= -2687037.084317 (7.878241). Anneal status: T=0.00, dE=155.84, candidate was rejected
Itr 65, LL= -2687012.187114 (9.265672). Anneal status: T=0.00, dE=40.40, candidate was rejected
Itr 66, LL= -2686988.664756 (8.754094). Anneal status: T=0.00, dE=90.01, candidate was rejected
Itr 67, LL= -2686973.195353 (5.757152). Anneal status: T=0.00, dE=122.91, candidate was rejected
Itr 68, LL= -2686961.347618 (4.409324). Anneal status: T=0.00, dE=70.22, candidate was rejected
Itr 69, LL= -2686950.910036 (3.884530). Anneal status: T=0.00, dE=269.54, candidate was rejected
Itr 70, LL= -2686941.623851 (3.456031). Anneal status: T=0.00, dE=39.34, candidate was rejected
Itr 71, LL= -2686932.901983 (3.246021). Anneal status: T=0.00, dE=295.91, candidate was rejected
Itr 72, LL= -2686925.335110 (2.816175). Anneal status: T=0.00, dE=50.55, candidate was rejected
Itr 73, LL= -2686919.069916 (2.331734). Anneal status: T=0.00, dE=42.31, candidate was rejected
Itr 74, LL= -2686913.716726 (1.992315). Anneal status: T=0.00, dE=74.15, candidate was rejected
Itr 75, LL= -2686908.893182 (1.795199). Anneal status: T=0.00, dE=41.49, candidate was rejected
Itr 76, LL= -2686904.597519 (1.598738). Anneal status: T=0.00, dE=19.72, candidate was rejected
Itr 77, LL= -2686901.029621 (1.327884). Anneal status: T=0.00, dE=83.10, candidate was rejected
Itr 78, LL= -2686897.435157 (1.337773). Anneal status: T=0.00, dE=32.83, candidate was rejected
Itr 79, LL= -2686891.428577 (2.235508). Anneal status: T=0.00, dE=8.18, candidate was rejected
Itr 80, LL= -2686883.828364 (2.828627). Anneal status: T=0.00, dE=129.18, candidate was rejected
Itr 81, LL= -2686879.600173 (1.573641). Anneal status: T=0.00, dE=18.21, candidate was rejected
Itr 82, LL= -2686877.423862 (0.809977). Anneal status: T=0.00, dE=244.50, candidate was rejected
Itr 83, LL= -2686875.711443 (0.637327). Anneal status: T=0.00, dE=227.21, candidate was rejected
Itr 84, LL= -2686873.814367 (0.706053). Anneal status: T=0.00, dE=137.40, candidate was rejected
-- Annealing statistics:
Portion of times candidate was better: 0.000000
Portion of times candidate was chosen by chance: 0.000000
--
>> 