My SLURM_ARRAY_TASK_ID:  25

                            < M A T L A B (R) >
                  Copyright 1984-2014 The MathWorks, Inc.
                   R2014b (8.4.0.150421) 64-bit (glnxa64)
                             September 15, 2014

 
For online documentation, see http://www.mathworks.com/support
For product information, visit www.mathworks.com.
 
EM for 25 states, 100 emission nodes. 12 observed values.
            gibbs: 0
    nGibbsItrPcnt: 0.8000
     annealParams: {}
           maxItr: 500
      convergeEps: 1.0000e-06
           minItr: 5
       parametric: 0
        initprobs: []
      persistBias: 0
          obsVals: []

- Initalized simulated annealing with params:
                     type: 'linear'
    max_chance_accpetance: 0.2000
             min_duration: 5
        min_init_duration: 5
             max_duration: 11
              converge_th: 1.0000e-06

--
Itr 1, LL= -16022689.092555 (Inf). Anneal status: T=NaN, dE=884.64, collecting statistics
Itr 2, LL= -2793742.309284 (Inf). Anneal status: T=NaN, dE=1.89, collecting statistics
Itr 3, LL= -2752423.771096 (Inf). Anneal status: T=NaN, dE=-1066.56, collecting statistics
Itr 4, LL= -2712391.198710 (14544.479962). Anneal status: T=NaN, dE=-229.76, collecting statistics
Itr 5, LL= -2694607.355596 (6556.518515). Anneal status: T=NaN, dE=-245.42, collecting statistics
Itr 6, LL= -2684522.044583 (3742.775730). Anneal status: T=NaN, dE=-63.25, collecting statistics
Itr 7, LL= -2677023.781092 (2793.146552). Anneal status: T=NaN, dE=-307.15, collecting statistics
Itr 8, LL= -2671321.225165 (2130.185009). Anneal status: T=NaN, dE=89.53, collecting statistics
Itr 9, LL= -2667726.399878 (1345.710599). Anneal status: T=42.58, dE=184.60, candidate was rejected
Itr 10, LL= -2665533.745182 (821.918881). Anneal status: T=42.58, dE=38.21, candidate was chosen by chance
Itr 11, LL= -2663885.007905 (618.539262). Anneal status: T=42.58, dE=17.42, candidate was rejected
Itr 12, LL= -2662614.178622 (477.058611). Anneal status: T=42.58, dE=48.46, candidate was rejected
Itr 13, LL= -2661607.334842 (378.141072). Anneal status: T=42.58, dE=23.50, candidate was rejected
Itr 14, LL= -2660741.864434 (325.168329). Anneal status: T=38.32, dE=38.59, candidate was rejected
Itr 15, LL= -2660059.318453 (256.524690). Anneal status: T=38.32, dE=67.40, candidate was rejected
Itr 16, LL= -2659565.106237 (185.789923). Anneal status: T=38.32, dE=38.11, candidate was chosen by chance
Itr 17, LL= -2659090.103607 (178.601617). Anneal status: T=38.32, dE=9.36, candidate was chosen by chance
Itr 18, LL= -2658682.645562 (153.232132). Anneal status: T=38.32, dE=193.37, candidate was rejected
Itr 19, LL= -2658332.889342 (131.552451). Anneal status: T=34.07, dE=116.35, candidate was rejected
Itr 20, LL= -2657994.344080 (127.352471). Anneal status: T=34.07, dE=125.08, candidate was rejected
Itr 21, LL= -2657679.636207 (118.400505). Anneal status: T=34.07, dE=36.01, candidate was rejected
Itr 22, LL= -2657417.781473 (98.527577). Anneal status: T=34.07, dE=89.03, candidate was rejected
Itr 23, LL= -2657198.387382 (82.559127). Anneal status: T=34.07, dE=108.01, candidate was rejected
Itr 24, LL= -2656984.797736 (80.381520). Anneal status: T=29.81, dE=16.82, candidate was rejected
Itr 25, LL= -2656896.831589 (33.107508). Anneal status: T=29.81, dE=83.19, candidate was chosen by chance
Itr 26, LL= -2656661.771121 (88.471809). Anneal status: T=29.81, dE=26.21, candidate was rejected
Itr 27, LL= -2656525.883121 (51.149906). Anneal status: T=29.81, dE=32.10, candidate was chosen by chance
Itr 28, LL= -2656324.683682 (75.737805). Anneal status: T=29.81, dE=60.42, candidate was rejected
Itr 29, LL= -2656158.888108 (62.415402). Anneal status: T=25.55, dE=101.69, candidate was rejected
Itr 30, LL= -2655987.092640 (64.678160). Anneal status: T=25.55, dE=26.45, candidate was rejected
Itr 31, LL= -2655837.178877 (56.443709). Anneal status: T=25.55, dE=21.81, candidate was chosen by chance
Itr 32, LL= -2655635.339018 (75.998582). Anneal status: T=25.55, dE=37.31, candidate was rejected
Itr 33, LL= -2655451.100888 (69.376291). Anneal status: T=25.55, dE=51.05, candidate was rejected
Itr 34, LL= -2655259.695584 (72.080146). Anneal status: T=21.29, dE=93.97, candidate was rejected
Itr 35, LL= -2655056.634029 (76.475215). Anneal status: T=21.29, dE=71.17, candidate was rejected
Itr 36, LL= -2654856.561623 (75.355231). Anneal status: T=21.29, dE=55.22, candidate was rejected
Itr 37, LL= -2654644.983594 (79.694712). Anneal status: T=21.29, dE=28.34, candidate was rejected
Itr 38, LL= -2654426.790666 (82.192884). Anneal status: T=21.29, dE=18.01, candidate was rejected
Itr 39, LL= -2654224.687409 (76.138192). Anneal status: T=17.03, dE=80.74, candidate was rejected
Itr 40, LL= -2654036.280146 (70.983916). Anneal status: T=17.03, dE=12.85, candidate was chosen by chance
Itr 41, LL= -2653789.027729 (93.160903). Anneal status: T=17.03, dE=31.20, candidate was rejected
Itr 42, LL= -2653562.379164 (85.405646). Anneal status: T=17.03, dE=80.78, candidate was rejected
Itr 43, LL= -2653360.720085 (75.995605). Anneal status: T=17.03, dE=57.38, candidate was rejected
Itr 44, LL= -2653157.443445 (76.611008). Anneal status: T=12.77, dE=67.02, candidate was rejected
Itr 45, LL= -2652973.523016 (69.321340). Anneal status: T=12.77, dE=68.56, candidate was rejected
Itr 46, LL= -2652824.158375 (56.300841). Anneal status: T=12.77, dE=27.01, candidate was rejected
Itr 47, LL= -2652675.843912 (55.908139). Anneal status: T=12.77, dE=107.60, candidate was rejected
Itr 48, LL= -2652546.553487 (48.739624). Anneal status: T=12.77, dE=148.45, candidate was rejected
Itr 49, LL= -2652417.650649 (48.595882). Anneal status: T=8.52, dE=25.60, candidate was rejected
Itr 50, LL= -2652281.579975 (51.300621). Anneal status: T=8.52, dE=21.23, candidate was rejected
Itr 51, LL= -2652168.174089 (42.757861). Anneal status: T=8.52, dE=20.52, candidate was rejected
Itr 52, LL= -2652072.068718 (36.236530). Anneal status: T=8.52, dE=87.05, candidate was rejected
Itr 53, LL= -2651997.289284 (28.196607). Anneal status: T=8.52, dE=11.92, candidate was rejected
Itr 54, LL= -2651924.781477 (27.340830). Anneal status: T=4.26, dE=69.63, candidate was rejected
Itr 55, LL= -2651839.018167 (32.340024). Anneal status: T=4.26, dE=26.56, candidate was rejected
Itr 56, LL= -2651761.548055 (29.213731). Anneal status: T=4.26, dE=46.56, candidate was rejected
Itr 57, LL= -2651691.530093 (26.404321). Anneal status: T=4.26, dE=18.73, candidate was rejected
Itr 58, LL= -2651617.567658 (27.892548). Anneal status: T=4.26, dE=19.64, candidate was rejected
Itr 59, LL= -2651523.401060 (35.512888). Anneal status: T=0.00, dE=25.29, candidate was rejected
Itr 60, LL= -2651415.631425 (40.644422). Anneal status: T=0.00, dE=37.53, candidate was rejected
Itr 61, LL= -2651322.326152 (35.190738). Anneal status: T=0.00, dE=77.14, candidate was rejected
Itr 62, LL= -2651245.819319 (28.856104). Anneal status: T=0.00, dE=117.31, candidate was rejected
Itr 63, LL= -2651178.033715 (25.567454). Anneal status: T=0.00, dE=12.03, candidate was rejected
Itr 64, LL= -2651092.713059 (32.182167). Anneal status: T=0.00, dE=2.52, candidate was rejected
Itr 65, LL= -2651009.272981 (31.473844). Anneal status: T=0.00, dE=46.71, candidate was rejected
Itr 66, LL= -2650925.986049 (31.417065). Anneal status: T=0.00, dE=27.61, candidate was rejected
Itr 67, LL= -2650849.494098 (28.854805). Anneal status: T=0.00, dE=51.51, candidate was rejected
Itr 68, LL= -2650775.203502 (28.025203). Anneal status: T=0.00, dE=35.13, candidate was rejected
Itr 69, LL= -2650709.012885 (24.970287). Anneal status: T=0.00, dE=43.21, candidate was rejected
Itr 70, LL= -2650649.339033 (22.512411). Anneal status: T=0.00, dE=30.82, candidate was rejected
Itr 71, LL= -2650598.714750 (19.098823). Anneal status: T=0.00, dE=46.10, candidate was rejected
Itr 72, LL= -2650555.648133 (16.247883). Anneal status: T=0.00, dE=167.44, candidate was rejected
Itr 73, LL= -2650517.386487 (14.435330). Anneal status: T=0.00, dE=25.49, candidate was rejected
Itr 74, LL= -2650480.781282 (13.810589). Anneal status: T=0.00, dE=70.28, candidate was rejected
Itr 75, LL= -2650438.531388 (15.940464). Anneal status: T=0.00, dE=16.27, candidate was rejected
Itr 76, LL= -2650398.769891 (15.001856). Anneal status: T=0.00, dE=43.06, candidate was rejected
Itr 77, LL= -2650361.673072 (13.996693). Anneal status: T=0.00, dE=14.92, candidate was rejected
Itr 78, LL= -2650309.955371 (19.513450). Anneal status: T=0.00, dE=39.98, candidate was rejected
Itr 79, LL= -2650260.081908 (18.817974). Anneal status: T=0.00, dE=15.41, candidate was rejected
Itr 80, LL= -2650207.163121 (19.967394). Anneal status: T=0.00, dE=30.57, candidate was rejected
Itr 81, LL= -2650174.394033 (12.364727). Anneal status: T=0.00, dE=20.35, candidate was rejected
Itr 82, LL= -2650155.710021 (7.050107). Anneal status: T=0.00, dE=2.99, candidate was rejected
Itr 83, LL= -2650138.607798 (6.453290). Anneal status: T=0.00, dE=20.79, candidate was rejected
Itr 84, LL= -2650116.960286 (8.168445). Anneal status: T=0.00, dE=51.11, candidate was rejected
Itr 85, LL= -2650101.408473 (5.868350). Anneal status: T=0.00, dE=22.49, candidate was rejected
Itr 86, LL= -2650089.945373 (4.325533). Anneal status: T=0.00, dE=8.72, candidate was rejected
Itr 87, LL= -2650065.631883 (9.174591). Anneal status: T=0.00, dE=25.23, candidate was rejected
Itr 88, LL= -2650016.194153 (18.655285). Anneal status: T=0.00, dE=73.26, candidate was rejected
Itr 89, LL= -2649991.092079 (9.472423). Anneal status: T=0.00, dE=76.71, candidate was rejected
Itr 90, LL= -2649978.049840 (4.921616). Anneal status: T=0.00, dE=94.77, candidate was rejected
Itr 91, LL= -2649963.840174 (5.362183). Anneal status: T=0.00, dE=66.71, candidate was rejected
Itr 92, LL= -2649930.779225 (12.476000). Anneal status: T=0.00, dE=7.49, candidate was rejected
Itr 93, LL= -2649908.997393 (8.219774). Anneal status: T=0.00, dE=51.34, candidate was rejected
Itr 94, LL= -2649897.325118 (4.404783). Anneal status: T=0.00, dE=36.70, candidate was rejected
Itr 95, LL= -2649885.367606 (4.512444). Anneal status: T=0.00, dE=62.16, candidate was rejected
Itr 96, LL= -2649873.454856 (4.495572). Anneal status: T=0.00, dE=52.79, candidate was rejected
Itr 97, LL= -2649860.941351 (4.722303). Anneal status: T=0.00, dE=49.92, candidate was rejected
Itr 98, LL= -2649845.946473 (5.658741). Anneal status: T=0.00, dE=39.36, candidate was rejected
Itr 99, LL= -2649833.814237 (4.578469). Anneal status: T=0.00, dE=37.64, candidate was rejected
Itr 100, LL= -2649825.281271 (3.220189). Anneal status: T=0.00, dE=19.50, candidate was rejected
Itr 101, LL= -2649818.762242 (2.460173). Anneal status: T=0.00, dE=64.26, candidate was rejected
Itr 102, LL= -2649814.176956 (1.730415). Anneal status: T=0.00, dE=43.15, candidate was rejected
Itr 103, LL= -2649809.701551 (1.688950). Anneal status: T=0.00, dE=45.89, candidate was rejected
Itr 104, LL= -2649803.930541 (2.177896). Anneal status: T=0.00, dE=14.53, candidate was rejected
Itr 105, LL= -2649795.919709 (3.023179). Anneal status: T=0.00, dE=12.15, candidate was rejected
Itr 106, LL= -2649790.705855 (1.967644). Anneal status: T=0.00, dE=24.26, candidate was rejected
Itr 107, LL= -2649787.134706 (1.347710). Anneal status: T=0.00, dE=58.32, candidate was rejected
Itr 108, LL= -2649777.315083 (3.705816). Anneal status: T=0.00, dE=22.54, candidate was rejected
Itr 109, LL= -2649767.637416 (3.652257). Anneal status: T=0.00, dE=75.76, candidate was rejected
Itr 110, LL= -2649750.970019 (6.290135). Anneal status: T=0.00, dE=28.68, candidate was rejected
Itr 111, LL= -2649738.562805 (4.682408). Anneal status: T=0.00, dE=84.34, candidate was rejected
Itr 112, LL= -2649732.479109 (2.295961). Anneal status: T=0.00, dE=9.76, candidate was rejected
Itr 113, LL= -2649727.933041 (1.715671). Anneal status: T=0.00, dE=69.75, candidate was rejected
Itr 114, LL= -2649724.047504 (1.466391). Anneal status: T=0.00, dE=134.50, candidate was rejected
Itr 115, LL= -2649717.186829 (2.589204). Anneal status: T=0.00, dE=43.65, candidate was rejected
Itr 116, LL= -2649708.936197 (3.113778). Anneal status: T=0.00, dE=142.87, candidate was rejected
Itr 117, LL= -2649704.220736 (1.779614). Anneal status: T=0.00, dE=42.84, candidate was rejected
Itr 118, LL= -2649697.728492 (2.450177). Anneal status: T=0.00, dE=16.00, candidate was rejected
Itr 119, LL= -2649692.649646 (1.916764). Anneal status: T=0.00, dE=30.31, candidate was rejected
Itr 120, LL= -2649689.800947 (1.075105). Anneal status: T=0.00, dE=11.99, candidate was rejected
Itr 121, LL= -2649687.481417 (0.875397). Anneal status: T=0.00, dE=38.37, candidate was rejected
Itr 122, LL= -2649685.310406 (0.819346). Anneal status: T=0.00, dE=22.08, candidate was rejected
Itr 123, LL= -2649681.240851 (1.535864). Anneal status: T=0.00, dE=94.41, candidate was rejected
Itr 124, LL= -2649671.462424 (3.690416). Anneal status: T=0.00, dE=70.23, candidate was rejected
Itr 125, LL= -2649661.836164 (3.633001). Anneal status: T=0.00, dE=86.21, candidate was rejected
Itr 126, LL= -2649654.341281 (2.828619). Anneal status: T=0.00, dE=46.29, candidate was rejected
Itr 127, LL= -2649649.629476 (1.778271). Anneal status: T=0.00, dE=80.91, candidate was rejected
Itr 128, LL= -2649642.611906 (2.648490). Anneal status: T=0.00, dE=7.48, candidate was rejected
Itr 129, LL= -2649632.465430 (3.829376). Anneal status: T=0.00, dE=36.49, candidate was rejected
Itr 130, LL= -2649624.652404 (2.948720). Anneal status: T=0.00, dE=42.14, candidate was rejected
Itr 131, LL= -2649611.730493 (4.876884). Anneal status: T=0.00, dE=68.60, candidate was rejected
Itr 132, LL= -2649602.531740 (3.471736). Anneal status: T=0.00, dE=122.48, candidate was rejected
Itr 133, LL= -2649577.174226 (9.570309). Anneal status: T=0.00, dE=61.63, candidate was rejected
Itr 134, LL= -2649570.048308 (2.689455). Anneal status: T=0.00, dE=125.99, candidate was rejected
Itr 135, LL= -2649566.550067 (1.320305). Anneal status: T=0.00, dE=11.16, candidate was rejected
Itr 136, LL= -2649562.275869 (1.613169). Anneal status: T=0.00, dE=16.39, candidate was rejected
Itr 137, LL= -2649554.869764 (2.795218). Anneal status: T=0.00, dE=66.22, candidate was rejected
Itr 138, LL= -2649548.234026 (2.504473). Anneal status: T=0.00, dE=46.48, candidate was rejected
Itr 139, LL= -2649527.292024 (7.903990). Anneal status: T=0.00, dE=16.08, candidate was rejected
Itr 140, LL= -2649517.766400 (3.595217). Anneal status: T=0.00, dE=4.28, candidate was rejected
Itr 141, LL= -2649507.917907 (3.717089). Anneal status: T=0.00, dE=60.07, candidate was rejected
Itr 142, LL= -2649502.764647 (1.944987). Anneal status: T=0.00, dE=62.52, candidate was rejected
Itr 143, LL= -2649492.517125 (3.867715). Anneal status: T=0.00, dE=52.44, candidate was rejected
Itr 144, LL= -2649483.396349 (3.442462). Anneal status: T=0.00, dE=101.63, candidate was rejected
Itr 145, LL= -2649480.486986 (1.098087). Anneal status: T=0.00, dE=12.01, candidate was rejected
Itr 146, LL= -2649477.379704 (1.172789). Anneal status: T=0.00, dE=102.99, candidate was rejected
Itr 147, LL= -2649473.139983 (1.600210). Anneal status: T=0.00, dE=96.76, candidate was rejected
Itr 148, LL= -2649467.664618 (2.066586). Anneal status: T=0.00, dE=31.24, candidate was rejected
Itr 149, LL= -2649460.211173 (2.813186). Anneal status: T=0.00, dE=24.38, candidate was rejected
Itr 150, LL= -2649450.682729 (3.596372). Anneal status: T=0.00, dE=8.19, candidate was rejected
Itr 151, LL= -2649442.164976 (3.214913). Anneal status: T=0.00, dE=19.01, candidate was rejected
Itr 152, LL= -2649431.640639 (3.972284). Anneal status: T=0.00, dE=88.63, candidate was rejected
Itr 153, LL= -2649424.231408 (2.796536). Anneal status: T=0.00, dE=58.81, candidate was rejected
Itr 154, LL= -2649418.592474 (2.128362). Anneal status: T=0.00, dE=74.14, candidate was rejected
Itr 155, LL= -2649413.565991 (1.897202). Anneal status: T=0.00, dE=19.76, candidate was rejected
Itr 156, LL= -2649408.499711 (1.912227). Anneal status: T=0.00, dE=33.45, candidate was rejected
Itr 157, LL= -2649402.068156 (2.427544). Anneal status: T=0.00, dE=71.90, candidate was rejected
Itr 158, LL= -2649393.359260 (3.287117). Anneal status: T=0.00, dE=66.87, candidate was rejected
Itr 159, LL= -2649377.266108 (6.074278). Anneal status: T=0.00, dE=48.00, candidate was rejected
Itr 160, LL= -2649363.105988 (5.344698). Anneal status: T=0.00, dE=85.15, candidate was rejected
Itr 161, LL= -2649349.187050 (5.253692). Anneal status: T=0.00, dE=236.80, candidate was rejected
Itr 162, LL= -2649340.724023 (3.194379). Anneal status: T=0.00, dE=14.56, candidate was rejected
Itr 163, LL= -2649335.905250 (1.818857). Anneal status: T=0.00, dE=104.80, candidate was rejected
Itr 164, LL= -2649331.980168 (1.481535). Anneal status: T=0.00, dE=33.56, candidate was rejected
Itr 165, LL= -2649328.530088 (1.302245). Anneal status: T=0.00, dE=77.27, candidate was rejected
Itr 166, LL= -2649324.976865 (1.341179). Anneal status: T=0.00, dE=25.30, candidate was rejected
Itr 167, LL= -2649320.382033 (1.734341). Anneal status: T=0.00, dE=22.91, candidate was rejected
Itr 168, LL= -2649313.905790 (2.444492). Anneal status: T=0.00, dE=31.33, candidate was rejected
Itr 169, LL= -2649309.188512 (1.780566). Anneal status: T=0.00, dE=46.05, candidate was rejected
Itr 170, LL= -2649306.019185 (1.196284). Anneal status: T=0.00, dE=30.22, candidate was rejected
Itr 171, LL= -2649303.619727 (0.905693). Anneal status: T=0.00, dE=48.35, candidate was rejected
Itr 172, LL= -2649300.953074 (1.006549). Anneal status: T=0.00, dE=47.57, candidate was rejected
Itr 173, LL= -2649296.893717 (1.532237). Anneal status: T=0.00, dE=102.47, candidate was rejected
Itr 174, LL= -2649291.971975 (1.857754). Anneal status: T=0.00, dE=24.92, candidate was rejected
Itr 175, LL= -2649287.196408 (1.802582). Anneal status: T=0.00, dE=27.35, candidate was rejected
Itr 176, LL= -2649282.193756 (1.888301). Anneal status: T=0.00, dE=64.18, candidate was rejected
Itr 177, LL= -2649279.229842 (1.118761). Anneal status: T=0.00, dE=24.28, candidate was rejected
Itr 178, LL= -2649275.218579 (1.514096). Anneal status: T=0.00, dE=24.02, candidate was rejected
Itr 179, LL= -2649269.115073 (2.303840). Anneal status: T=0.00, dE=46.54, candidate was rejected
Itr 180, LL= -2649262.516776 (2.490610). Anneal status: T=0.00, dE=22.91, candidate was rejected
Itr 181, LL= -2649258.777532 (1.411428). Anneal status: T=0.00, dE=35.02, candidate was rejected
Itr 182, LL= -2649256.557893 (0.837834). Anneal status: T=0.00, dE=132.94, candidate was rejected
Itr 183, LL= -2649254.952567 (0.605954). Anneal status: T=0.00, dE=15.25, candidate was rejected
Itr 184, LL= -2649253.580657 (0.517847). Anneal status: T=0.00, dE=13.97, candidate was rejected
-- Annealing statistics:
Portion of times candidate was better: 0.000000
Portion of times candidate was chosen by chance: 0.038043
--
EM for 25 states, 100 emission nodes. 12 observed values.
            gibbs: 0
    nGibbsItrPcnt: 0.8000
     annealParams: {}
           maxItr: 500
      convergeEps: 1.0000e-06
           minItr: 5
       parametric: 0
        initprobs: []
      persistBias: 0
          obsVals: []

- Initalized simulated annealing with params:
                     type: 'linear'
    max_chance_accpetance: 0.2000
             min_duration: 5
        min_init_duration: 5
             max_duration: 11
              converge_th: 1.0000e-06

--
Itr 1, LL= -15883094.994520 (Inf). Anneal status: T=NaN, dE=-5576.00, collecting statistics
Itr 2, LL= -2799294.813347 (Inf). Anneal status: T=NaN, dE=-51.20, collecting statistics
Itr 3, LL= -2768244.525721 (Inf). Anneal status: T=NaN, dE=-193.40, collecting statistics
Itr 4, LL= -2731438.569290 (13295.775026). Anneal status: T=NaN, dE=-47.12, collecting statistics
Itr 5, LL= -2702533.081101 (10582.514472). Anneal status: T=NaN, dE=-302.68, collecting statistics
Itr 6, LL= -2684462.948607 (6686.368659). Anneal status: T=NaN, dE=26.54, collecting statistics
Itr 7, LL= -2674382.337296 (3755.168726). Anneal status: T=NaN, dE=-168.32, collecting statistics
Itr 8, LL= -2668488.875172 (2203.672243). Anneal status: T=NaN, dE=-25.10, collecting statistics
Itr 9, LL= -2664541.985478 (1479.072943). Anneal status: T=NaN, dE=-6.80, collecting statistics
Itr 10, LL= -2661825.416528 (1019.525669). Anneal status: T=NaN, dE=124.11, collecting statistics
Itr 11, LL= -2659934.024725 (710.561929). Anneal status: T=NaN, dE=148.18, collecting statistics
Itr 12, LL= -2658540.308805 (523.966349). Anneal status: T=16.28, dE=43.96, candidate was rejected
Itr 13, LL= -2657441.334717 (413.374995). Anneal status: T=16.28, dE=28.52, candidate was rejected
Itr 14, LL= -2656547.431756 (336.377308). Anneal status: T=16.28, dE=2.15, candidate was rejected
Itr 15, LL= -2655674.466975 (328.608769). Anneal status: T=16.28, dE=159.01, candidate was rejected
Itr 16, LL= -2654943.391869 (275.287922). Anneal status: T=16.28, dE=40.14, candidate was rejected
Itr 17, LL= -2654398.191251 (205.353010). Anneal status: T=14.65, dE=19.04, candidate was chosen by chance
Itr 18, LL= -2653881.231613 (194.755873). Anneal status: T=14.65, dE=42.77, candidate was rejected
Itr 19, LL= -2653393.868195 (183.641759). Anneal status: T=14.65, dE=9.48, candidate was rejected
Itr 20, LL= -2653002.884238 (147.352401). Anneal status: T=14.65, dE=19.38, candidate was rejected
Itr 21, LL= -2652662.453533 (128.319011). Anneal status: T=14.65, dE=33.39, candidate was rejected
Itr 22, LL= -2652381.142764 (106.048461). Anneal status: T=13.02, dE=149.60, candidate was rejected
Itr 23, LL= -2652144.918996 (89.061019). Anneal status: T=13.02, dE=36.42, candidate was rejected
Itr 24, LL= -2651874.349845 (102.018992). Anneal status: T=13.02, dE=67.27, candidate was rejected
Itr 25, LL= -2651580.941069 (110.642036). Anneal status: T=13.02, dE=13.24, candidate was chosen by chance
Itr 26, LL= -2651249.423373 (125.026429). Anneal status: T=13.02, dE=63.36, candidate was rejected
Itr 27, LL= -2650966.149102 (106.845576). Anneal status: T=11.39, dE=31.77, candidate was rejected
Itr 28, LL= -2650666.935585 (112.869611). Anneal status: T=11.39, dE=40.04, candidate was rejected
Itr 29, LL= -2650396.622411 (101.979306). Anneal status: T=11.39, dE=74.21, candidate was rejected
Itr 30, LL= -2650139.669213 (96.948961). Anneal status: T=11.39, dE=30.75, candidate was rejected
Itr 31, LL= -2649917.161717 (83.960668). Anneal status: T=11.39, dE=75.92, candidate was rejected
Itr 32, LL= -2649721.643460 (73.782781). Anneal status: T=9.77, dE=21.73, candidate was rejected
Itr 33, LL= -2649546.007056 (66.284851). Anneal status: T=9.77, dE=44.73, candidate was rejected
Itr 34, LL= -2649371.240764 (65.960844). Anneal status: T=9.77, dE=131.42, candidate was rejected
Itr 35, LL= -2649176.643267 (73.450445). Anneal status: T=9.77, dE=78.52, candidate was rejected
Itr 36, LL= -2648961.255068 (81.303827). Anneal status: T=9.77, dE=71.05, candidate was rejected
Itr 37, LL= -2648768.293808 (72.844123). Anneal status: T=8.14, dE=35.33, candidate was rejected
Itr 38, LL= -2648574.458665 (73.179350). Anneal status: T=8.14, dE=31.82, candidate was rejected
Itr 39, LL= -2648390.626048 (69.408136). Anneal status: T=8.14, dE=23.69, candidate was rejected
Itr 40, LL= -2648234.830872 (58.826359). Anneal status: T=8.14, dE=82.46, candidate was rejected
Itr 41, LL= -2648097.797078 (51.745333). Anneal status: T=8.14, dE=47.31, candidate was rejected
Itr 42, LL= -2647964.246612 (50.432604). Anneal status: T=6.51, dE=95.74, candidate was rejected
Itr 43, LL= -2647865.204051 (37.403285). Anneal status: T=6.51, dE=65.48, candidate was rejected
Itr 44, LL= -2647760.416793 (39.574242). Anneal status: T=6.51, dE=94.39, candidate was rejected
Itr 45, LL= -2647652.805776 (40.642279). Anneal status: T=6.51, dE=14.44, candidate was rejected
Itr 46, LL= -2647561.197109 (34.599955). Anneal status: T=6.51, dE=93.10, candidate was rejected
Itr 47, LL= -2647467.323268 (35.456722). Anneal status: T=4.88, dE=23.71, candidate was rejected
Itr 48, LL= -2647387.775171 (30.046866). Anneal status: T=4.88, dE=142.73, candidate was rejected
Itr 49, LL= -2647306.752141 (30.604897). Anneal status: T=4.88, dE=103.21, candidate was rejected
Itr 50, LL= -2647215.074079 (34.630691). Anneal status: T=4.88, dE=21.31, candidate was rejected
Itr 51, LL= -2647130.159099 (32.077099). Anneal status: T=4.88, dE=43.82, candidate was rejected
Itr 52, LL= -2647051.392584 (29.755437). Anneal status: T=3.26, dE=95.23, candidate was rejected
Itr 53, LL= -2646985.967409 (24.716247). Anneal status: T=3.26, dE=17.11, candidate was rejected
Itr 54, LL= -2646911.951175 (27.962458). Anneal status: T=3.26, dE=66.31, candidate was rejected
Itr 55, LL= -2646840.737833 (26.904311). Anneal status: T=3.26, dE=17.51, candidate was rejected
Itr 56, LL= -2646764.472320 (28.813790). Anneal status: T=3.26, dE=18.64, candidate was rejected
Itr 57, LL= -2646666.707429 (36.937511). Anneal status: T=1.63, dE=43.78, candidate was rejected
Itr 58, LL= -2646568.531055 (37.094347). Anneal status: T=1.63, dE=71.73, candidate was rejected
Itr 59, LL= -2646489.478558 (29.869809). Anneal status: T=1.63, dE=122.67, candidate was rejected
Itr 60, LL= -2646429.407173 (22.698517). Anneal status: T=1.63, dE=80.78, candidate was rejected
Itr 61, LL= -2646381.626876 (18.054628). Anneal status: T=1.63, dE=61.82, candidate was rejected
Itr 62, LL= -2646339.428201 (15.945801). Anneal status: T=0.00, dE=81.91, candidate was rejected
Itr 63, LL= -2646304.857965 (13.063417). Anneal status: T=0.00, dE=90.09, candidate was rejected
Itr 64, LL= -2646278.576015 (9.931566). Anneal status: T=0.00, dE=42.26, candidate was rejected
Itr 65, LL= -2646256.448606 (8.361708). Anneal status: T=0.00, dE=33.47, candidate was rejected
Itr 66, LL= -2646226.146854 (11.450799). Anneal status: T=0.00, dE=10.55, candidate was rejected
Itr 67, LL= -2646160.757513 (24.710413). Anneal status: T=0.00, dE=22.96, candidate was rejected
Itr 68, LL= -2646099.147863 (23.282656). Anneal status: T=0.00, dE=137.99, candidate was rejected
Itr 69, LL= -2646050.291940 (18.463376). Anneal status: T=0.00, dE=78.43, candidate was rejected
Itr 70, LL= -2646008.512462 (15.789374). Anneal status: T=0.00, dE=94.00, candidate was rejected
Itr 71, LL= -2645977.720396 (11.637176). Anneal status: T=0.00, dE=11.79, candidate was rejected
Itr 72, LL= -2645951.668321 (9.845916). Anneal status: T=0.00, dE=33.06, candidate was rejected
Itr 73, LL= -2645933.266680 (6.954640). Anneal status: T=0.00, dE=122.38, candidate was rejected
Itr 74, LL= -2645920.375313 (4.872144). Anneal status: T=0.00, dE=17.89, candidate was rejected
Itr 75, LL= -2645904.732193 (5.912166). Anneal status: T=0.00, dE=31.42, candidate was rejected
Itr 76, LL= -2645885.024592 (7.448341). Anneal status: T=0.00, dE=70.28, candidate was rejected
Itr 77, LL= -2645855.046573 (11.330053). Anneal status: T=0.00, dE=19.27, candidate was rejected
Itr 78, LL= -2645829.737113 (9.565702). Anneal status: T=0.00, dE=48.47, candidate was rejected
Itr 79, LL= -2645810.003351 (7.458440). Anneal status: T=0.00, dE=190.26, candidate was rejected
Itr 80, LL= -2645790.335267 (7.433672). Anneal status: T=0.00, dE=93.55, candidate was rejected
Itr 81, LL= -2645775.884731 (5.461709). Anneal status: T=0.00, dE=33.22, candidate was rejected
Itr 82, LL= -2645749.566216 (9.947371). Anneal status: T=0.00, dE=87.92, candidate was rejected
Itr 83, LL= -2645725.399791 (9.134056). Anneal status: T=0.00, dE=35.78, candidate was rejected
Itr 84, LL= -2645714.691433 (4.047418). Anneal status: T=0.00, dE=118.49, candidate was rejected
Itr 85, LL= -2645704.326279 (3.917714). Anneal status: T=0.00, dE=34.20, candidate was rejected
Itr 86, LL= -2645693.428100 (4.119198). Anneal status: T=0.00, dE=79.64, candidate was rejected
Itr 87, LL= -2645682.305485 (4.204045). Anneal status: T=0.00, dE=116.00, candidate was rejected
Itr 88, LL= -2645672.156359 (3.836109). Anneal status: T=0.00, dE=100.77, candidate was rejected
Itr 89, LL= -2645654.897052 (6.523600). Anneal status: T=0.00, dE=81.62, candidate was rejected
Itr 90, LL= -2645647.669804 (2.731742). Anneal status: T=0.00, dE=63.07, candidate was rejected
Itr 91, LL= -2645642.530905 (1.942397). Anneal status: T=0.00, dE=22.94, candidate was rejected
Itr 92, LL= -2645638.758516 (1.425888). Anneal status: T=0.00, dE=53.62, candidate was rejected
Itr 93, LL= -2645635.470957 (1.242633). Anneal status: T=0.00, dE=16.17, candidate was rejected
Itr 94, LL= -2645628.935560 (2.470256). Anneal status: T=0.00, dE=30.79, candidate was rejected
Itr 95, LL= -2645614.957903 (5.283302). Anneal status: T=0.00, dE=73.42, candidate was rejected
Itr 96, LL= -2645603.223603 (4.435377). Anneal status: T=0.00, dE=130.94, candidate was rejected
Itr 97, LL= -2645598.177208 (1.907465). Anneal status: T=0.00, dE=4.49, candidate was rejected
Itr 98, LL= -2645594.757544 (1.292586). Anneal status: T=0.00, dE=56.44, candidate was rejected
Itr 99, LL= -2645579.291687 (5.845890). Anneal status: T=0.00, dE=82.72, candidate was rejected
Itr 100, LL= -2645555.419650 (9.023369). Anneal status: T=0.00, dE=22.31, candidate was rejected
Itr 101, LL= -2645547.994878 (2.806508). Anneal status: T=0.00, dE=77.82, candidate was rejected
Itr 102, LL= -2645542.623751 (2.030251). Anneal status: T=0.00, dE=90.52, candidate was rejected
Itr 103, LL= -2645538.165920 (1.685035). Anneal status: T=0.00, dE=37.79, candidate was rejected
Itr 104, LL= -2645534.852413 (1.252489). Anneal status: T=0.00, dE=62.95, candidate was rejected
Itr 105, LL= -2645530.190563 (1.762158). Anneal status: T=0.00, dE=128.62, candidate was rejected
Itr 106, LL= -2645525.743583 (1.680941). Anneal status: T=0.00, dE=24.75, candidate was rejected
Itr 107, LL= -2645518.986879 (2.554012). Anneal status: T=0.00, dE=26.24, candidate was rejected
Itr 108, LL= -2645516.657685 (0.880430). Anneal status: T=0.00, dE=102.64, candidate was rejected
Itr 109, LL= -2645514.668894 (0.751759). Anneal status: T=0.00, dE=67.32, candidate was rejected
Itr 110, LL= -2645508.499175 (2.332143). Anneal status: T=0.00, dE=24.47, candidate was rejected
Itr 111, LL= -2645503.297032 (1.966406). Anneal status: T=0.00, dE=8.19, candidate was rejected
Itr 112, LL= -2645500.751429 (0.962238). Anneal status: T=0.00, dE=5.78, candidate was rejected
Itr 113, LL= -2645495.647103 (1.929437). Anneal status: T=0.00, dE=61.89, candidate was rejected
Itr 114, LL= -2645489.083980 (2.480867). Anneal status: T=0.00, dE=8.91, candidate was rejected
Itr 115, LL= -2645483.719356 (2.027838). Anneal status: T=0.00, dE=103.07, candidate was rejected
Itr 116, LL= -2645477.979699 (2.169606). Anneal status: T=0.00, dE=77.20, candidate was rejected
Itr 117, LL= -2645475.470700 (0.948411). Anneal status: T=0.00, dE=95.00, candidate was rejected
Itr 118, LL= -2645473.858326 (0.609483). Anneal status: T=0.00, dE=95.17, candidate was rejected
Itr 119, LL= -2645472.493006 (0.516097). Anneal status: T=0.00, dE=26.58, candidate was rejected
-- Annealing statistics:
Portion of times candidate was better: 0.000000
Portion of times candidate was chosen by chance: 0.016807
--
Your MATLAB session has timed out.  All license keys have been returned.
EM for 25 states, 100 emission nodes. 12 observed values.
            gibbs: 0
    nGibbsItrPcnt: 0.8000
     annealParams: {}
           maxItr: 500
      convergeEps: 1.0000e-06
           minItr: 5
       parametric: 0
        initprobs: []
      persistBias: 0
          obsVals: []

- Initalized simulated annealing with params:
                     type: 'linear'
    max_chance_accpetance: 0.2000
             min_duration: 5
        min_init_duration: 5
             max_duration: 11
              converge_th: 1.0000e-06

--
Itr 1, LL= -16092422.902629 (Inf). Anneal status: T=NaN, dE=35.73, collecting statistics
Itr 2, LL= -2801927.764160 (Inf). Anneal status: T=NaN, dE=-93.39, collecting statistics
Itr 3, LL= -2763926.614056 (Inf). Anneal status: T=NaN, dE=-139.81, collecting statistics
Itr 4, LL= -2709197.759910 (19801.124193). Anneal status: T=NaN, dE=-207.10, collecting statistics
Itr 5, LL= -2684115.693312 (9258.115804). Anneal status: T=NaN, dE=-95.93, collecting statistics
Itr 6, LL= -2672858.842674 (4193.876838). Anneal status: T=NaN, dE=-110.67, collecting statistics
Itr 7, LL= -2664945.271498 (2960.714217). Anneal status: T=NaN, dE=-30.85, collecting statistics
Itr 8, LL= -2658790.786371 (2309.422709). Anneal status: T=NaN, dE=11.80, collecting statistics
Itr 9, LL= -2654065.310919 (1777.302477). Anneal status: T=NaN, dE=-75.01, collecting statistics
Itr 10, LL= -2650679.941143 (1275.541247). Anneal status: T=NaN, dE=35.37, collecting statistics
Itr 11, LL= -2648299.035413 (898.224525). Anneal status: T=6.90, dE=85.34, candidate was rejected
Itr 12, LL= -2646523.547179 (670.425888). Anneal status: T=6.90, dE=27.55, candidate was rejected
Itr 13, LL= -2645239.963969 (485.007289). Anneal status: T=6.90, dE=59.89, candidate was rejected
Itr 14, LL= -2644267.401078 (367.665279). Anneal status: T=6.90, dE=73.58, candidate was rejected
Itr 15, LL= -2643444.708920 (311.122906). Anneal status: T=6.90, dE=97.38, candidate was rejected
Itr 16, LL= -2642853.483884 (223.657047). Anneal status: T=6.21, dE=46.94, candidate was rejected
Itr 17, LL= -2642393.744496 (173.955685). Anneal status: T=6.21, dE=64.46, candidate was rejected
Itr 18, LL= -2642022.570492 (140.468847). Anneal status: T=6.21, dE=11.45, candidate was rejected
Itr 19, LL= -2641685.327523 (127.645756). Anneal status: T=6.21, dE=116.92, candidate was rejected
Itr 20, LL= -2641388.848448 (112.231034). Anneal status: T=6.21, dE=21.74, candidate was rejected
Itr 21, LL= -2641153.906518 (88.946363). Anneal status: T=5.52, dE=60.89, candidate was rejected
Itr 22, LL= -2640951.005058 (76.823035). Anneal status: T=5.52, dE=56.76, candidate was rejected
Itr 23, LL= -2640766.316478 (69.932603). Anneal status: T=5.52, dE=84.09, candidate was rejected
Itr 24, LL= -2640586.908452 (67.937865). Anneal status: T=5.52, dE=52.28, candidate was rejected
Itr 25, LL= -2640437.928069 (56.419421). Anneal status: T=5.52, dE=28.93, candidate was rejected
Itr 26, LL= -2640299.977437 (52.245361). Anneal status: T=4.83, dE=81.38, candidate was rejected
Itr 27, LL= -2640174.822263 (47.401877). Anneal status: T=4.83, dE=48.49, candidate was rejected
Itr 28, LL= -2640058.998764 (43.869632). Anneal status: T=4.83, dE=13.38, candidate was rejected
Itr 29, LL= -2639952.586818 (40.306654). Anneal status: T=4.83, dE=25.85, candidate was rejected
Itr 30, LL= -2639856.778943 (36.291513). Anneal status: T=4.83, dE=27.86, candidate was rejected
Itr 31, LL= -2639769.840143 (32.933150). Anneal status: T=4.14, dE=42.12, candidate was rejected
Itr 32, LL= -2639692.077489 (29.458119). Anneal status: T=4.14, dE=28.93, candidate was rejected
Itr 33, LL= -2639617.808711 (28.135395). Anneal status: T=4.14, dE=73.48, candidate was rejected
Itr 34, LL= -2639549.694443 (25.804595). Anneal status: T=4.14, dE=39.42, candidate was rejected
Itr 35, LL= -2639482.906551 (25.302760). Anneal status: T=4.14, dE=17.65, candidate was rejected
Itr 36, LL= -2639418.247884 (24.496717). Anneal status: T=3.45, dE=82.02, candidate was rejected
Itr 37, LL= -2639350.478901 (25.675727). Anneal status: T=3.45, dE=50.18, candidate was rejected
Itr 38, LL= -2639267.553394 (31.418907). Anneal status: T=3.45, dE=113.73, candidate was rejected
Itr 39, LL= -2639185.614001 (31.046262). Anneal status: T=3.45, dE=118.37, candidate was rejected
Itr 40, LL= -2639113.931939 (27.160675). Anneal status: T=3.45, dE=56.56, candidate was rejected
Itr 41, LL= -2639039.818349 (28.082755). Anneal status: T=2.76, dE=66.71, candidate was rejected
Itr 42, LL= -2638968.530885 (27.012652). Anneal status: T=2.76, dE=78.41, candidate was rejected
Itr 43, LL= -2638894.981368 (27.870555). Anneal status: T=2.76, dE=125.36, candidate was rejected
Itr 44, LL= -2638809.969991 (32.214763). Anneal status: T=2.76, dE=77.23, candidate was rejected
Itr 45, LL= -2638727.711042 (31.172745). Anneal status: T=2.76, dE=66.35, candidate was rejected
Itr 46, LL= -2638662.174153 (24.836549). Anneal status: T=2.07, dE=73.16, candidate was rejected
Itr 47, LL= -2638606.182654 (21.219654). Anneal status: T=2.07, dE=113.52, candidate was rejected
Itr 48, LL= -2638563.054419 (16.345082). Anneal status: T=2.07, dE=154.87, candidate was rejected
Itr 49, LL= -2638521.923244 (15.588475). Anneal status: T=2.07, dE=89.41, candidate was rejected
Itr 50, LL= -2638481.700631 (15.244373). Anneal status: T=2.07, dE=44.13, candidate was rejected
Itr 51, LL= -2638442.655561 (14.798310). Anneal status: T=1.38, dE=68.97, candidate was rejected
Itr 52, LL= -2638405.375105 (14.129720). Anneal status: T=1.38, dE=80.54, candidate was rejected
Itr 53, LL= -2638373.297428 (12.157979). Anneal status: T=1.38, dE=47.19, candidate was rejected
Itr 54, LL= -2638347.768173 (9.676134). Anneal status: T=1.38, dE=101.20, candidate was rejected
Itr 55, LL= -2638321.302023 (10.031335). Anneal status: T=1.38, dE=20.77, candidate was rejected
Itr 56, LL= -2638285.352344 (13.625967). Anneal status: T=0.69, dE=56.85, candidate was rejected
Itr 57, LL= -2638248.460859 (13.983129). Anneal status: T=0.69, dE=83.72, candidate was rejected
Itr 58, LL= -2638226.383265 (8.368277). Anneal status: T=0.69, dE=48.78, candidate was rejected
Itr 59, LL= -2638208.628107 (6.729960). Anneal status: T=0.69, dE=73.49, candidate was rejected
Itr 60, LL= -2638192.467376 (6.125646). Anneal status: T=0.69, dE=63.38, candidate was rejected
Itr 61, LL= -2638173.389065 (7.231584). Anneal status: T=0.00, dE=41.65, candidate was rejected
Itr 62, LL= -2638153.270948 (7.625775). Anneal status: T=0.00, dE=69.03, candidate was rejected
Itr 63, LL= -2638134.849706 (6.982627). Anneal status: T=0.00, dE=28.22, candidate was rejected
Itr 64, LL= -2638114.854599 (7.579259). Anneal status: T=0.00, dE=14.84, candidate was rejected
Itr 65, LL= -2638099.340096 (5.880905). Anneal status: T=0.00, dE=86.38, candidate was rejected
Itr 66, LL= -2638085.695868 (5.171992). Anneal status: T=0.00, dE=61.74, candidate was rejected
Itr 67, LL= -2638072.491350 (5.005341). Anneal status: T=0.00, dE=116.91, candidate was rejected
Itr 68, LL= -2638059.095608 (5.077852). Anneal status: T=0.00, dE=45.16, candidate was rejected
Itr 69, LL= -2638044.548203 (5.514435). Anneal status: T=0.00, dE=164.70, candidate was rejected
Itr 70, LL= -2638028.459494 (6.098725). Anneal status: T=0.00, dE=10.12, candidate was rejected
Itr 71, LL= -2638015.306335 (4.985981). Anneal status: T=0.00, dE=118.40, candidate was rejected
Itr 72, LL= -2638003.847097 (4.343886). Anneal status: T=0.00, dE=61.25, candidate was rejected
Itr 73, LL= -2637974.357771 (11.178651). Anneal status: T=0.00, dE=208.55, candidate was rejected
Itr 74, LL= -2637952.610570 (8.243902). Anneal status: T=0.00, dE=48.95, candidate was rejected
Itr 75, LL= -2637942.158174 (3.962314). Anneal status: T=0.00, dE=96.57, candidate was rejected
Itr 76, LL= -2637930.681398 (4.350655). Anneal status: T=0.00, dE=99.43, candidate was rejected
Itr 77, LL= -2637919.589269 (4.204860). Anneal status: T=0.00, dE=35.77, candidate was rejected
Itr 78, LL= -2637901.811355 (6.739369). Anneal status: T=0.00, dE=37.02, candidate was rejected
Itr 79, LL= -2637891.837612 (3.780938). Anneal status: T=0.00, dE=60.38, candidate was rejected
Itr 80, LL= -2637882.086750 (3.696460). Anneal status: T=0.00, dE=49.30, candidate was rejected
Itr 81, LL= -2637874.193852 (2.992134). Anneal status: T=0.00, dE=18.19, candidate was rejected
Itr 82, LL= -2637868.111118 (2.305923). Anneal status: T=0.00, dE=206.57, candidate was rejected
Itr 83, LL= -2637861.901690 (2.353957). Anneal status: T=0.00, dE=48.94, candidate was rejected
Itr 84, LL= -2637839.786651 (8.383699). Anneal status: T=0.00, dE=109.20, candidate was rejected
Itr 85, LL= -2637830.651511 (3.463114). Anneal status: T=0.00, dE=48.45, candidate was rejected
Itr 86, LL= -2637826.291415 (1.652910). Anneal status: T=0.00, dE=30.41, candidate was rejected
Itr 87, LL= -2637822.126230 (1.579022). Anneal status: T=0.00, dE=8.66, candidate was rejected
Itr 88, LL= -2637818.672683 (1.309242). Anneal status: T=0.00, dE=130.81, candidate was rejected
Itr 89, LL= -2637815.487817 (1.207386). Anneal status: T=0.00, dE=44.97, candidate was rejected
Itr 90, LL= -2637812.301430 (1.207965). Anneal status: T=0.00, dE=8.39, candidate was rejected
Itr 91, LL= -2637808.993862 (1.253906). Anneal status: T=0.00, dE=38.27, candidate was rejected
Itr 92, LL= -2637805.050479 (1.494946). Anneal status: T=0.00, dE=75.88, candidate was rejected
Itr 93, LL= -2637800.196845 (1.840028). Anneal status: T=0.00, dE=49.10, candidate was rejected
Itr 94, LL= -2637785.583437 (5.539998). Anneal status: T=0.00, dE=21.39, candidate was rejected
Itr 95, LL= -2637778.002124 (2.874120). Anneal status: T=0.00, dE=18.74, candidate was rejected
Itr 96, LL= -2637773.243962 (1.803852). Anneal status: T=0.00, dE=65.24, candidate was rejected
Itr 97, LL= -2637769.523536 (1.410442). Anneal status: T=0.00, dE=71.14, candidate was rejected
Itr 98, LL= -2637766.062677 (1.312040). Anneal status: T=0.00, dE=53.28, candidate was rejected
Itr 99, LL= -2637762.293755 (1.428831). Anneal status: T=0.00, dE=46.21, candidate was rejected
Itr 100, LL= -2637758.403829 (1.474707). Anneal status: T=0.00, dE=45.40, candidate was rejected
Itr 101, LL= -2637754.586997 (1.446998). Anneal status: T=0.00, dE=27.27, candidate was rejected
Itr 102, LL= -2637750.255887 (1.641968). Anneal status: T=0.00, dE=63.41, candidate was rejected
Itr 103, LL= -2637745.111179 (1.950415). Anneal status: T=0.00, dE=31.28, candidate was rejected
Itr 104, LL= -2637740.593236 (1.712805). Anneal status: T=0.00, dE=24.18, candidate was rejected
Itr 105, LL= -2637737.162583 (1.300603). Anneal status: T=0.00, dE=36.91, candidate was rejected
Itr 106, LL= -2637734.179100 (1.131076). Anneal status: T=0.00, dE=79.83, candidate was rejected
Itr 107, LL= -2637731.089898 (1.171157). Anneal status: T=0.00, dE=23.89, candidate was rejected
Itr 108, LL= -2637727.440914 (1.383380). Anneal status: T=0.00, dE=45.07, candidate was rejected
Itr 109, LL= -2637720.902183 (2.478926). Anneal status: T=0.00, dE=61.03, candidate was rejected
Itr 110, LL= -2637714.421590 (2.456891). Anneal status: T=0.00, dE=97.91, candidate was rejected
Itr 111, LL= -2637710.711092 (1.406709). Anneal status: T=0.00, dE=21.26, candidate was rejected
Itr 112, LL= -2637708.139979 (0.974752). Anneal status: T=0.00, dE=91.49, candidate was rejected
Itr 113, LL= -2637706.089923 (0.777211). Anneal status: T=0.00, dE=52.11, candidate was rejected
Itr 114, LL= -2637704.088009 (0.758960). Anneal status: T=0.00, dE=56.78, candidate was rejected
-- Annealing statistics:
Portion of times candidate was better: 0.000000
Portion of times candidate was chosen by chance: 0.000000
--
>> 