My SLURM_ARRAY_TASK_ID:  2

                            < M A T L A B (R) >
                  Copyright 1984-2014 The MathWorks, Inc.
                   R2014b (8.4.0.150421) 64-bit (glnxa64)
                             September 15, 2014

 
For online documentation, see http://www.mathworks.com/support
For product information, visit www.mathworks.com.
 
EM for 2 states, 100 emission nodes. 12 observed values.
            gibbs: 0
    nGibbsItrPcnt: 0.8000
     annealParams: {}
           maxItr: 500
      convergeEps: 1.0000e-06
           minItr: 5
       parametric: 0
        initprobs: []
      persistBias: 0
          obsVals: []

- Initalized simulated annealing with params:
                     type: 'linear'
    max_chance_accpetance: 0.2000
             min_duration: 5
        min_init_duration: 5
             max_duration: 11
              converge_th: 1.0000e-06

--
Itr 1, LL= -16675331.717013 (Inf). Anneal status: T=NaN, dE=-269.09, collecting statistics
Itr 2, LL= -2813656.483008 (Inf). Anneal status: T=NaN, dE=1.51, collecting statistics
Itr 3, LL= -2811010.424605 (Inf). Anneal status: T=NaN, dE=0.21, collecting statistics
Itr 4, LL= -2799389.462322 (4134.087224). Anneal status: T=NaN, dE=0.51, collecting statistics
Itr 5, LL= -2783190.385352 (5786.646406). Anneal status: T=0.11, dE=0.22, candidate was rejected
Itr 6, LL= -2775872.734025 (2629.231319). Anneal status: T=0.11, dE=-7.05, candidate was better
Itr 7, LL= -2772884.647074 (1076.449548). Anneal status: T=0.11, dE=-4.14, candidate was better
Itr 8, LL= -2771442.594965 (520.054850). Anneal status: T=0.11, dE=21.67, candidate was rejected
Itr 9, LL= -2770717.207025 (261.736592). Anneal status: T=0.11, dE=-0.56, candidate was better
Itr 10, LL= -2770359.315674 (129.169209). Anneal status: T=0.10, dE=-1.08, candidate was better
Itr 11, LL= -2770177.538706 (65.614943). Anneal status: T=0.03, dE=452.32, candidate was rejected
Itr 12, LL= -2770081.289193 (34.744889). Anneal status: T=0.03, dE=413.00, candidate was rejected
Itr 13, LL= -2770024.281381 (20.579834). Anneal status: T=0.03, dE=0.01, candidate was rejected
Itr 14, LL= -2769989.028119 (12.726698). Anneal status: T=0.03, dE=0.36, candidate was rejected
Itr 15, LL= -2769963.196435 (9.325555). Anneal status: T=0.03, dE=1.22, candidate was rejected
Itr 16, LL= -2769945.290672 (6.464260). Anneal status: T=0.02, dE=503.68, candidate was rejected
Itr 17, LL= -2769933.786367 (4.153261). Anneal status: T=0.02, dE=0.31, candidate was rejected
Itr 18, LL= -2769926.017696 (2.804642). Anneal status: T=0.02, dE=0.76, candidate was rejected
Itr 19, LL= -2769920.537899 (1.978319). Anneal status: T=0.02, dE=149.60, candidate was rejected
Itr 20, LL= -2769916.516099 (1.451955). Anneal status: T=0.02, dE=0.30, candidate was rejected
Itr 21, LL= -2769913.546600 (1.072053). Anneal status: T=0.02, dE=0.51, candidate was rejected
Itr 22, LL= -2769911.383237 (0.781022). Anneal status: T=0.01, dE=0.22, candidate was rejected
Itr 23, LL= -2769909.837886 (0.557906). Anneal status: T=0.01, dE=468.30, candidate was rejected
Itr 24, LL= -2769908.738573 (0.396877). Anneal status: T=0.01, dE=0.11, candidate was rejected
-- Annealing statistics:
Portion of times candidate was better: 0.166667
Portion of times candidate was chosen by chance: 0.000000
--
EM for 2 states, 100 emission nodes. 12 observed values.
            gibbs: 0
    nGibbsItrPcnt: 0.8000
     annealParams: {}
           maxItr: 500
      convergeEps: 1.0000e-06
           minItr: 5
       parametric: 0
        initprobs: []
      persistBias: 0
          obsVals: []

- Initalized simulated annealing with params:
                     type: 'linear'
    max_chance_accpetance: 0.2000
             min_duration: 5
        min_init_duration: 5
             max_duration: 11
              converge_th: 1.0000e-06

--
Itr 1, LL= -17017245.579358 (Inf). Anneal status: T=NaN, dE=416.55, collecting statistics
Itr 2, LL= -2818129.887570 (Inf). Anneal status: T=NaN, dE=-33.12, collecting statistics
Itr 3, LL= -2816320.322792 (Inf). Anneal status: T=NaN, dE=587.93, collecting statistics
Itr 4, LL= -2811200.463589 (1817.925028). Anneal status: T=NaN, dE=-568.84, collecting statistics
Itr 5, LL= -2799610.092008 (4122.926035). Anneal status: T=NaN, dE=0.27, collecting statistics
Itr 6, LL= -2793264.459022 (2266.613127). Anneal status: T=64.75, dE=0.06, candidate was chosen by chance
Itr 7, LL= -2791234.337276 (726.791815). Anneal status: T=64.75, dE=-38.21, candidate was better
Itr 8, LL= -2789552.318439 (602.607532). Anneal status: T=64.75, dE=26.85, candidate was chosen by chance
Itr 9, LL= -2787245.194420 (827.058881). Anneal status: T=64.75, dE=168.18, candidate was rejected
Itr 10, LL= -2784308.224991 (1053.717640). Anneal status: T=64.75, dE=0.26, candidate was chosen by chance
Itr 11, LL= -2781284.662590 (1085.929487). Anneal status: T=58.27, dE=-27.38, candidate was better
Itr 12, LL= -2779077.755114 (793.484934). Anneal status: T=39.78, dE=7.65, candidate was rejected
Itr 13, LL= -2777754.590209 (476.116547). Anneal status: T=39.78, dE=50.65, candidate was rejected
Itr 14, LL= -2776935.782547 (294.773219). Anneal status: T=39.78, dE=532.10, candidate was rejected
Itr 15, LL= -2776336.907835 (215.660267). Anneal status: T=39.78, dE=0.51, candidate was chosen by chance
Itr 16, LL= -2775858.459934 (172.330635). Anneal status: T=39.78, dE=0.33, candidate was chosen by chance
Itr 17, LL= -2775459.718779 (143.646069). Anneal status: T=35.80, dE=853.28, candidate was rejected
Itr 18, LL= -2775113.326202 (124.805478). Anneal status: T=35.80, dE=544.66, candidate was rejected
Itr 19, LL= -2774820.981057 (105.345299). Anneal status: T=35.80, dE=-1.02, candidate was better
Itr 20, LL= -2774575.114411 (88.606309). Anneal status: T=34.26, dE=119.43, candidate was rejected
Itr 21, LL= -2774377.713113 (71.146497). Anneal status: T=34.26, dE=-0.01, candidate was better
Itr 22, LL= -2774240.992226 (49.279839). Anneal status: T=34.26, dE=-0.09, candidate was better
Itr 23, LL= -2774147.158684 (33.823140). Anneal status: T=34.26, dE=0.77, candidate was chosen by chance
Itr 24, LL= -2774080.894369 (23.886373). Anneal status: T=34.26, dE=0.14, candidate was chosen by chance
Itr 25, LL= -2774036.891577 (15.862116). Anneal status: T=30.84, dE=2.13, candidate was chosen by chance
Itr 26, LL= -2774005.563642 (11.293265). Anneal status: T=26.56, dE=5.45, candidate was chosen by chance
Itr 27, LL= -2773980.031573 (9.204044). Anneal status: T=26.56, dE=14.89, candidate was rejected
Itr 28, LL= -2773966.379894 (4.921333). Anneal status: T=26.56, dE=490.80, candidate was rejected
Itr 29, LL= -2773962.516739 (1.392647). Anneal status: T=26.56, dE=1.36, candidate was chosen by chance
Itr 30, LL= -2773952.663301 (3.552117). Anneal status: T=26.56, dE=462.96, candidate was rejected
Itr 31, LL= -2773950.444957 (0.799705). Anneal status: T=23.91, dE=1.23, candidate was chosen by chance
Itr 32, LL= -2773947.847946 (0.936214). Anneal status: T=23.91, dE=43.42, candidate was rejected
Itr 33, LL= -2773947.468950 (0.136627). Anneal status: T=23.91, dE=0.42, candidate was chosen by chance
-- Annealing statistics:
Portion of times candidate was better: 0.151515
Portion of times candidate was chosen by chance: 0.363636
--
EM for 2 states, 100 emission nodes. 12 observed values.
            gibbs: 0
    nGibbsItrPcnt: 0.8000
     annealParams: {}
           maxItr: 500
      convergeEps: 1.0000e-06
           minItr: 5
       parametric: 0
        initprobs: []
      persistBias: 0
          obsVals: []

- Initalized simulated annealing with params:
                     type: 'linear'
    max_chance_accpetance: 0.2000
             min_duration: 5
        min_init_duration: 5
             max_duration: 11
              converge_th: 1.0000e-06

--
Itr 1, LL= -15903858.546480 (Inf). Anneal status: T=NaN, dE=-8280.49, collecting statistics
Itr 2, LL= -2804427.842009 (Inf). Anneal status: T=NaN, dE=-27.81, collecting statistics
Itr 3, LL= -2797915.331129 (Inf). Anneal status: T=NaN, dE=4.16, collecting statistics
Itr 4, LL= -2791491.517987 (2295.928354). Anneal status: T=NaN, dE=93.15, collecting statistics
Itr 5, LL= -2788358.036385 (1122.511597). Anneal status: T=NaN, dE=-39.03, collecting statistics
Itr 6, LL= -2786341.508652 (723.195410). Anneal status: T=NaN, dE=-63.91, collecting statistics
Itr 7, LL= -2784817.575867 (546.929649). Anneal status: T=NaN, dE=-18.04, collecting statistics
Itr 8, LL= -2783613.809686 (432.260336). Anneal status: T=NaN, dE=-24.61, collecting statistics
Itr 9, LL= -2782607.035965 (361.678663). Anneal status: T=NaN, dE=11.87, collecting statistics
Itr 10, LL= -2781716.233887 (320.132188). Anneal status: T=NaN, dE=-25.39, collecting statistics
Itr 11, LL= -2780870.209583 (304.137530). Anneal status: T=NaN, dE=-10.05, collecting statistics
Itr 12, LL= -2779987.493167 (317.424529). Anneal status: T=16.31, dE=417.38, candidate was rejected
Itr 13, LL= -2778862.115467 (404.813943). Anneal status: T=16.31, dE=665.42, candidate was rejected
Itr 14, LL= -2777199.111513 (598.447813). Anneal status: T=16.31, dE=899.22, candidate was rejected
Itr 15, LL= -2774639.589947 (921.619755). Anneal status: T=16.31, dE=367.10, candidate was rejected
Itr 16, LL= -2771055.801220 (1291.623150). Anneal status: T=16.31, dE=212.05, candidate was rejected
Itr 17, LL= -2767403.529591 (1318.007247). Anneal status: T=14.68, dE=2.13, candidate was chosen by chance
Itr 18, LL= -2764905.062870 (902.819807). Anneal status: T=14.68, dE=-0.16, candidate was better
Itr 19, LL= -2763615.090516 (466.552133). Anneal status: T=14.68, dE=129.16, candidate was rejected
Itr 20, LL= -2763049.912707 (204.506702). Anneal status: T=14.68, dE=1.20, candidate was chosen by chance
Itr 21, LL= -2762777.605562 (98.553104). Anneal status: T=14.68, dE=2.21, candidate was chosen by chance
Itr 22, LL= -2762635.198631 (51.544841). Anneal status: T=13.05, dE=206.03, candidate was rejected
Itr 23, LL= -2762555.456576 (28.864489). Anneal status: T=13.05, dE=0.00, candidate was chosen by chance
Itr 24, LL= -2762488.054335 (24.398511). Anneal status: T=13.05, dE=0.42, candidate was chosen by chance
Itr 25, LL= -2762451.551529 (13.213743). Anneal status: T=13.05, dE=2.58, candidate was chosen by chance
Itr 26, LL= -2762431.655936 (7.202151). Anneal status: T=13.05, dE=5.82, candidate was chosen by chance
Itr 27, LL= -2762405.833847 (9.347594). Anneal status: T=11.42, dE=2.08, candidate was chosen by chance
Itr 28, LL= -2762375.898784 (10.836591). Anneal status: T=11.42, dE=32.18, candidate was rejected
Itr 29, LL= -2762362.404339 (4.885086). Anneal status: T=11.42, dE=0.10, candidate was chosen by chance
Itr 30, LL= -2762359.262439 (1.137396). Anneal status: T=11.42, dE=4.69, candidate was chosen by chance
Itr 31, LL= -2762346.926130 (4.465860). Anneal status: T=11.42, dE=1.32, candidate was chosen by chance
Itr 32, LL= -2762341.803198 (1.854558). Anneal status: T=9.79, dE=0.60, candidate was chosen by chance
Itr 33, LL= -2762339.711873 (0.757084). Anneal status: T=9.79, dE=0.51, candidate was chosen by chance
Itr 34, LL= -2762343.209251 (-1.266093). Anneal status: T=9.79, dE=4.99, candidate was chosen by chance
Itr 35, LL= -2762341.419353 (0.647964). Anneal status: T=9.79, dE=0.99, candidate was chosen by chance
Itr 36, LL= -2762339.835117 (0.573512). Anneal status: T=9.79, dE=366.01, candidate was rejected
Itr 37, LL= -2762337.134018 (0.977830). Anneal status: T=8.16, dE=456.17, candidate was rejected
-- Annealing statistics:
Portion of times candidate was better: 0.027027
Portion of times candidate was chosen by chance: 0.405405
--
EM for 2 states, 100 emission nodes. 12 observed values.
            gibbs: 0
    nGibbsItrPcnt: 0.8000
     annealParams: {}
           maxItr: 500
      convergeEps: 1.0000e-06
           minItr: 5
       parametric: 0
        initprobs: []
      persistBias: 0
          obsVals: []

- Initalized simulated annealing with params:
                     type: 'linear'
    max_chance_accpetance: 0.2000
             min_duration: 5
        min_init_duration: 5
             max_duration: 11
              converge_th: 1.0000e-06

--
Itr 1, LL= -16218787.111270 (Inf). Anneal status: T=NaN, dE=-22.90, collecting statistics
Itr 2, LL= -2809176.886377 (Inf). Anneal status: T=NaN, dE=-2.87, collecting statistics
Itr 3, LL= -2808237.319632 (Inf). Anneal status: T=NaN, dE=-129.94, collecting statistics
Itr 4, LL= -2801360.898634 (2448.660927). Anneal status: T=NaN, dE=53.89, collecting statistics
Itr 5, LL= -2792189.292321 (3273.982413). Anneal status: T=NaN, dE=-42.40, collecting statistics
Itr 6, LL= -2787918.861729 (1529.420159). Anneal status: T=NaN, dE=8.97, collecting statistics
Itr 7, LL= -2786242.307497 (601.364069). Anneal status: T=NaN, dE=9.28, collecting statistics
Itr 8, LL= -2785493.312107 (268.819187). Anneal status: T=9.81, dE=230.73, candidate was rejected
Itr 9, LL= -2785052.657397 (158.196291). Anneal status: T=9.81, dE=3.86, candidate was chosen by chance
Itr 10, LL= -2784730.875081 (115.539042). Anneal status: T=9.81, dE=494.93, candidate was rejected
Itr 11, LL= -2784484.713171 (88.397020). Anneal status: T=9.81, dE=0.62, candidate was chosen by chance
Itr 12, LL= -2784225.361189 (93.141823). Anneal status: T=9.81, dE=1.34, candidate was chosen by chance
Itr 13, LL= -2783907.039706 (114.330358). Anneal status: T=8.83, dE=0.90, candidate was chosen by chance
Itr 14, LL= -2783455.945498 (162.036376). Anneal status: T=8.83, dE=124.68, candidate was rejected
Itr 15, LL= -2782783.160420 (241.708542). Anneal status: T=8.83, dE=1069.56, candidate was rejected
Itr 16, LL= -2781927.254480 (307.571913). Anneal status: T=8.83, dE=-2.16, candidate was better
Itr 17, LL= -2780842.889917 (389.788972). Anneal status: T=8.83, dE=3.61, candidate was chosen by chance
Itr 18, LL= -2779474.261208 (492.163262). Anneal status: T=7.85, dE=-18.54, candidate was better
Itr 19, LL= -2777803.848630 (600.981488). Anneal status: T=7.85, dE=0.68, candidate was rejected
Itr 20, LL= -2775739.919190 (743.007625). Anneal status: T=7.85, dE=-32.90, candidate was better
Itr 21, LL= -2773337.534302 (865.493511). Anneal status: T=7.15, dE=89.63, candidate was rejected
Itr 22, LL= -2771117.328296 (800.553838). Anneal status: T=7.15, dE=-0.44, candidate was better
Itr 23, LL= -2769511.717514 (579.409167). Anneal status: T=7.15, dE=46.02, candidate was rejected
Itr 24, LL= -2768422.390196 (393.328293). Anneal status: T=7.15, dE=-2.58, candidate was better
Itr 25, LL= -2767669.251737 (272.046080). Anneal status: T=7.15, dE=-0.93, candidate was better
Itr 26, LL= -2767115.694498 (200.008451). Anneal status: T=6.44, dE=687.06, candidate was rejected
Itr 27, LL= -2766740.788752 (135.486112). Anneal status: T=4.61, dE=-0.74, candidate was better
Itr 28, LL= -2766469.012657 (98.229692). Anneal status: T=4.61, dE=-0.47, candidate was better
Itr 29, LL= -2766235.907094 (84.261043). Anneal status: T=4.61, dE=-0.15, candidate was better
Itr 30, LL= -2766013.323793 (80.464324). Anneal status: T=4.61, dE=0.28, candidate was chosen by chance
Itr 31, LL= -2765888.451212 (45.145329). Anneal status: T=4.61, dE=0.10, candidate was chosen by chance
Itr 32, LL= -2765810.751694 (28.092065). Anneal status: T=4.15, dE=0.53, candidate was chosen by chance
Itr 33, LL= -2765749.692432 (22.076442). Anneal status: T=2.63, dE=273.06, candidate was rejected
Itr 34, LL= -2765666.273960 (30.161251). Anneal status: T=2.63, dE=1.28, candidate was chosen by chance
Itr 35, LL= -2765625.567102 (14.718644). Anneal status: T=2.63, dE=1.70, candidate was rejected
Itr 36, LL= -2765602.079562 (8.492668). Anneal status: T=2.63, dE=1.07, candidate was rejected
Itr 37, LL= -2765580.656736 (7.746171). Anneal status: T=2.63, dE=152.02, candidate was rejected
Itr 38, LL= -2765564.615312 (5.800382). Anneal status: T=2.37, dE=0.45, candidate was rejected
Itr 39, LL= -2765555.795314 (3.189221). Anneal status: T=1.82, dE=2.59, candidate was rejected
Itr 40, LL= -2765545.791802 (3.617180). Anneal status: T=1.82, dE=1.56, candidate was rejected
Itr 41, LL= -2765538.071023 (2.791774). Anneal status: T=1.82, dE=1.10, candidate was chosen by chance
Itr 42, LL= -2765533.790407 (1.547842). Anneal status: T=1.82, dE=1.00, candidate was rejected
Itr 43, LL= -2765531.013615 (1.004071). Anneal status: T=1.82, dE=0.00, candidate was chosen by chance
Itr 44, LL= -2765527.370023 (1.317502). Anneal status: T=1.64, dE=120.48, candidate was rejected
Itr 45, LL= -2765518.929791 (3.051943). Anneal status: T=1.44, dE=1.27, candidate was rejected
Itr 46, LL= -2765473.690422 (16.358366). Anneal status: T=1.44, dE=193.95, candidate was rejected
Itr 47, LL= -2765466.002795 (2.779859). Anneal status: T=1.44, dE=463.66, candidate was rejected
Itr 48, LL= -2765462.094760 (1.413156). Anneal status: T=1.44, dE=1.25, candidate was chosen by chance
Itr 49, LL= -2765454.894167 (2.603758). Anneal status: T=1.44, dE=797.56, candidate was rejected
Itr 50, LL= -2765448.922111 (2.159520). Anneal status: T=1.30, dE=22.08, candidate was rejected
Itr 51, LL= -2765441.947967 (2.521885). Anneal status: T=1.26, dE=518.70, candidate was rejected
Itr 52, LL= -2765428.017443 (5.037359). Anneal status: T=1.26, dE=0.26, candidate was chosen by chance
Itr 53, LL= -2765421.178615 (2.472973). Anneal status: T=1.26, dE=193.11, candidate was rejected
Itr 54, LL= -2765415.056403 (2.213844). Anneal status: T=1.26, dE=1.18, candidate was rejected
Itr 55, LL= -2765407.571525 (2.706602). Anneal status: T=1.26, dE=0.00, candidate was chosen by chance
Itr 56, LL= -2765405.528273 (0.738861). Anneal status: T=1.13, dE=0.50, candidate was chosen by chance
Itr 57, LL= -2765406.124031 (-0.215432). Anneal status: T=1.13, dE=1.43, candidate was chosen by chance
Itr 58, LL= -2765403.791226 (0.843567). Anneal status: T=1.13, dE=0.93, candidate was rejected
-- Annealing statistics:
Portion of times candidate was better: 0.155172
Portion of times candidate was chosen by chance: 0.275862
--
>> 