My SLURM_ARRAY_TASK_ID:  28

                            < M A T L A B (R) >
                  Copyright 1984-2014 The MathWorks, Inc.
                   R2014b (8.4.0.150421) 64-bit (glnxa64)
                             September 15, 2014

 
For online documentation, see http://www.mathworks.com/support
For product information, visit www.mathworks.com.
 
EM for 28 states, 100 emission nodes. 12 observed values.
            gibbs: 0
    nGibbsItrPcnt: 0.8000
     annealParams: {}
           maxItr: 500
      convergeEps: 1.0000e-06
           minItr: 5
       parametric: 0
        initprobs: []
      persistBias: 0
          obsVals: []

- Initalized simulated annealing with params:
                     type: 'linear'
    max_chance_accpetance: 0.2000
             min_duration: 5
        min_init_duration: 5
             max_duration: 11
              converge_th: 1.0000e-06

--
Itr 1, LL= -15945217.070205 (Inf). Anneal status: T=NaN, dE=-129.63, collecting statistics
Itr 2, LL= -2796706.262977 (Inf). Anneal status: T=NaN, dE=-10.94, collecting statistics
Itr 3, LL= -2755348.933555 (Inf). Anneal status: T=NaN, dE=-288.40, collecting statistics
Itr 4, LL= -2707314.819661 (17433.042077). Anneal status: T=NaN, dE=-40.48, collecting statistics
Itr 5, LL= -2682084.103845 (9319.461347). Anneal status: T=NaN, dE=-15.27, collecting statistics
Itr 6, LL= -2668737.689111 (4976.135803). Anneal status: T=NaN, dE=-14.71, collecting statistics
Itr 7, LL= -2659714.533904 (3381.057360). Anneal status: T=NaN, dE=-280.42, collecting statistics
Itr 8, LL= -2653125.497704 (2477.347142). Anneal status: T=NaN, dE=42.45, collecting statistics
Itr 9, LL= -2648676.794723 (1676.778194). Anneal status: T=NaN, dE=-4.50, collecting statistics
Itr 10, LL= -2645839.054569 (1071.380306). Anneal status: T=NaN, dE=3.99, collecting statistics
Itr 11, LL= -2643835.599145 (757.209861). Anneal status: T=NaN, dE=9.28, collecting statistics
Itr 12, LL= -2642312.201549 (576.207384). Anneal status: T=0.59, dE=67.83, candidate was rejected
Itr 13, LL= -2641052.281379 (476.824869). Anneal status: T=0.59, dE=44.48, candidate was rejected
Itr 14, LL= -2640003.207305 (397.218216). Anneal status: T=0.59, dE=45.89, candidate was rejected
Itr 15, LL= -2639092.660936 (344.903509). Anneal status: T=0.59, dE=38.70, candidate was rejected
Itr 16, LL= -2638336.325207 (286.589304). Anneal status: T=0.59, dE=36.05, candidate was rejected
Itr 17, LL= -2637674.987807 (250.664554). Anneal status: T=0.53, dE=22.54, candidate was rejected
Itr 18, LL= -2637084.907959 (223.712114). Anneal status: T=0.53, dE=52.29, candidate was rejected
Itr 19, LL= -2636511.925012 (217.278915). Anneal status: T=0.53, dE=27.11, candidate was rejected
Itr 20, LL= -2635983.002455 (200.614513). Anneal status: T=0.53, dE=74.06, candidate was rejected
Itr 21, LL= -2635473.908430 (193.132514). Anneal status: T=0.53, dE=31.47, candidate was rejected
Itr 22, LL= -2634999.287092 (180.089560). Anneal status: T=0.47, dE=29.32, candidate was rejected
Itr 23, LL= -2634565.773095 (164.521486). Anneal status: T=0.47, dE=44.27, candidate was rejected
Itr 24, LL= -2634163.843502 (152.560091). Anneal status: T=0.47, dE=19.29, candidate was rejected
Itr 25, LL= -2633820.948277 (130.172322). Anneal status: T=0.47, dE=57.33, candidate was rejected
Itr 26, LL= -2633502.389162 (120.949420). Anneal status: T=0.47, dE=54.03, candidate was rejected
Itr 27, LL= -2633226.759274 (104.662858). Anneal status: T=0.41, dE=40.14, candidate was rejected
Itr 28, LL= -2632979.927797 (93.737266). Anneal status: T=0.41, dE=22.29, candidate was rejected
Itr 29, LL= -2632736.887705 (92.306094). Anneal status: T=0.41, dE=30.75, candidate was rejected
Itr 30, LL= -2632542.567734 (73.809111). Anneal status: T=0.41, dE=24.30, candidate was rejected
Itr 31, LL= -2632388.390059 (58.566071). Anneal status: T=0.41, dE=30.75, candidate was rejected
Itr 32, LL= -2632247.223580 (53.626767). Anneal status: T=0.35, dE=83.62, candidate was rejected
Itr 33, LL= -2632114.587865 (50.388776). Anneal status: T=0.35, dE=89.24, candidate was rejected
Itr 34, LL= -2631993.532732 (45.991589). Anneal status: T=0.35, dE=24.70, candidate was rejected
Itr 35, LL= -2631883.828028 (41.681221). Anneal status: T=0.35, dE=20.26, candidate was rejected
Itr 36, LL= -2631785.700608 (37.284100). Anneal status: T=0.35, dE=35.19, candidate was rejected
Itr 37, LL= -2631690.262968 (36.263454). Anneal status: T=0.30, dE=103.90, candidate was rejected
Itr 38, LL= -2631600.592305 (34.073410). Anneal status: T=0.30, dE=30.24, candidate was rejected
Itr 39, LL= -2631526.136917 (28.292815). Anneal status: T=0.30, dE=75.87, candidate was rejected
Itr 40, LL= -2631464.115447 (23.568632). Anneal status: T=0.30, dE=54.11, candidate was rejected
Itr 41, LL= -2631393.201446 (26.948496). Anneal status: T=0.30, dE=38.55, candidate was rejected
Itr 42, LL= -2631308.019279 (32.371509). Anneal status: T=0.24, dE=23.45, candidate was rejected
Itr 43, LL= -2631228.667794 (30.156669). Anneal status: T=0.24, dE=59.29, candidate was rejected
Itr 44, LL= -2631164.554955 (24.366122). Anneal status: T=0.24, dE=26.49, candidate was rejected
Itr 45, LL= -2631109.126217 (21.066237). Anneal status: T=0.24, dE=45.65, candidate was rejected
Itr 46, LL= -2631052.612903 (21.478894). Anneal status: T=0.24, dE=19.79, candidate was rejected
Itr 47, LL= -2630999.565205 (20.162158). Anneal status: T=0.18, dE=36.90, candidate was rejected
Itr 48, LL= -2630949.456571 (19.045474). Anneal status: T=0.18, dE=24.71, candidate was rejected
Itr 49, LL= -2630906.457643 (16.343502). Anneal status: T=0.18, dE=74.58, candidate was rejected
Itr 50, LL= -2630870.895425 (13.517097). Anneal status: T=0.18, dE=44.27, candidate was rejected
Itr 51, LL= -2630814.373675 (21.484046). Anneal status: T=0.18, dE=70.47, candidate was rejected
Itr 52, LL= -2630776.015542 (14.580327). Anneal status: T=0.12, dE=25.19, candidate was rejected
Itr 53, LL= -2630745.059958 (11.766712). Anneal status: T=0.12, dE=33.87, candidate was rejected
Itr 54, LL= -2630716.993245 (10.668732). Anneal status: T=0.12, dE=27.86, candidate was rejected
Itr 55, LL= -2630691.641462 (9.636834). Anneal status: T=0.12, dE=20.44, candidate was rejected
Itr 56, LL= -2630659.473973 (12.227769). Anneal status: T=0.12, dE=34.10, candidate was rejected
Itr 57, LL= -2630635.754529 (9.016539). Anneal status: T=0.06, dE=41.34, candidate was rejected
Itr 58, LL= -2630608.212412 (10.469757). Anneal status: T=0.06, dE=153.93, candidate was rejected
Itr 59, LL= -2630582.401345 (9.811825). Anneal status: T=0.06, dE=98.08, candidate was rejected
Itr 60, LL= -2630558.548098 (9.067668). Anneal status: T=0.06, dE=79.37, candidate was rejected
Itr 61, LL= -2630546.686623 (4.509109). Anneal status: T=0.06, dE=34.20, candidate was rejected
Itr 62, LL= -2630536.445858 (3.893018). Anneal status: T=0.00, dE=64.32, candidate was rejected
Itr 63, LL= -2630525.628865 (4.112087). Anneal status: T=0.00, dE=33.44, candidate was rejected
Itr 64, LL= -2630515.678196 (3.782768). Anneal status: T=0.00, dE=25.45, candidate was rejected
Itr 65, LL= -2630503.120243 (4.773951). Anneal status: T=0.00, dE=30.05, candidate was rejected
Itr 66, LL= -2630494.369288 (3.326723). Anneal status: T=0.00, dE=32.92, candidate was rejected
Itr 67, LL= -2630482.644216 (4.457364). Anneal status: T=0.00, dE=71.26, candidate was rejected
Itr 68, LL= -2630472.242897 (3.954148). Anneal status: T=0.00, dE=6.46, candidate was rejected
Itr 69, LL= -2630466.811462 (2.064814). Anneal status: T=0.00, dE=35.91, candidate was rejected
Itr 70, LL= -2630460.074502 (2.561127). Anneal status: T=0.00, dE=63.62, candidate was rejected
Itr 71, LL= -2630454.167665 (2.245553). Anneal status: T=0.00, dE=30.83, candidate was rejected
Itr 72, LL= -2630447.838262 (2.406202). Anneal status: T=0.00, dE=39.76, candidate was rejected
Itr 73, LL= -2630437.329867 (3.994907). Anneal status: T=0.00, dE=32.02, candidate was rejected
Itr 74, LL= -2630434.059324 (1.243346). Anneal status: T=0.00, dE=215.31, candidate was rejected
Itr 75, LL= -2630431.659576 (0.912301). Anneal status: T=0.00, dE=59.55, candidate was rejected
Itr 76, LL= -2630429.147114 (0.955152). Anneal status: T=0.00, dE=52.81, candidate was rejected
Itr 77, LL= -2630421.718543 (2.824091). Anneal status: T=0.00, dE=42.86, candidate was rejected
Itr 78, LL= -2630412.429634 (3.531338). Anneal status: T=0.00, dE=49.57, candidate was rejected
Itr 79, LL= -2630403.891053 (3.246100). Anneal status: T=0.00, dE=55.57, candidate was rejected
Itr 80, LL= -2630397.055809 (2.598553). Anneal status: T=0.00, dE=26.17, candidate was rejected
Itr 81, LL= -2630391.937035 (1.946008). Anneal status: T=0.00, dE=155.35, candidate was rejected
Itr 82, LL= -2630387.019777 (1.869401). Anneal status: T=0.00, dE=11.61, candidate was rejected
Itr 83, LL= -2630384.420453 (0.988191). Anneal status: T=0.00, dE=5.92, candidate was rejected
Itr 84, LL= -2630382.249011 (0.825523). Anneal status: T=0.00, dE=61.61, candidate was rejected
Itr 85, LL= -2630379.934750 (0.879819). Anneal status: T=0.00, dE=51.01, candidate was rejected
-- Annealing statistics:
Portion of times candidate was better: 0.000000
Portion of times candidate was chosen by chance: 0.000000
--
EM for 28 states, 100 emission nodes. 12 observed values.
            gibbs: 0
    nGibbsItrPcnt: 0.8000
     annealParams: {}
           maxItr: 500
      convergeEps: 1.0000e-06
           minItr: 5
       parametric: 0
        initprobs: []
      persistBias: 0
          obsVals: []

- Initalized simulated annealing with params:
                     type: 'linear'
    max_chance_accpetance: 0.2000
             min_duration: 5
        min_init_duration: 5
             max_duration: 11
              converge_th: 1.0000e-06

--
Itr 1, LL= -15627319.117624 (Inf). Anneal status: T=NaN, dE=42.73, collecting statistics
Itr 2, LL= -2800320.306723 (Inf). Anneal status: T=NaN, dE=-104.19, collecting statistics
Itr 3, LL= -2783297.976194 (Inf). Anneal status: T=NaN, dE=-270.68, collecting statistics
Itr 4, LL= -2745270.407738 (13662.773006). Anneal status: T=NaN, dE=-289.41, collecting statistics
Itr 5, LL= -2715507.207622 (10841.627853). Anneal status: T=NaN, dE=-96.70, collecting statistics
Itr 6, LL= -2696771.388752 (6899.565141). Anneal status: T=NaN, dE=-40.41, collecting statistics
Itr 7, LL= -2685803.845180 (4066.916320). Anneal status: T=NaN, dE=-83.18, collecting statistics
Itr 8, LL= -2679109.884049 (2492.349225). Anneal status: T=NaN, dE=10.57, collecting statistics
Itr 9, LL= -2674429.457798 (1747.007944). Anneal status: T=NaN, dE=-2.01, collecting statistics
Itr 10, LL= -2670897.565152 (1320.615369). Anneal status: T=NaN, dE=86.90, collecting statistics
Itr 11, LL= -2668279.616707 (980.175533). Anneal status: T=3.01, dE=17.41, candidate was rejected
Itr 12, LL= -2666278.688556 (749.894478). Anneal status: T=3.01, dE=5.66, candidate was rejected
Itr 13, LL= -2664642.257363 (613.750993). Anneal status: T=3.01, dE=34.24, candidate was rejected
Itr 14, LL= -2663442.918861 (450.093629). Anneal status: T=3.01, dE=23.59, candidate was rejected
Itr 15, LL= -2662551.878157 (334.544697). Anneal status: T=3.01, dE=22.75, candidate was rejected
Itr 16, LL= -2661822.036830 (274.113467). Anneal status: T=2.71, dE=9.08, candidate was rejected
Itr 17, LL= -2661250.216774 (214.822797). Anneal status: T=2.71, dE=16.73, candidate was rejected
Itr 18, LL= -2660799.113438 (169.508050). Anneal status: T=2.71, dE=37.30, candidate was rejected
Itr 19, LL= -2660366.590163 (162.553901). Anneal status: T=2.71, dE=13.29, candidate was rejected
Itr 20, LL= -2659999.864129 (137.847933). Anneal status: T=2.71, dE=18.92, candidate was rejected
Itr 21, LL= -2659681.268031 (119.772975). Anneal status: T=2.41, dE=11.70, candidate was rejected
Itr 22, LL= -2659392.250941 (108.666062). Anneal status: T=2.41, dE=3.21, candidate was rejected
Itr 23, LL= -2659154.221530 (89.505191). Anneal status: T=2.41, dE=23.17, candidate was rejected
Itr 24, LL= -2658936.052569 (82.044493). Anneal status: T=2.41, dE=8.52, candidate was rejected
Itr 25, LL= -2658718.453620 (81.836849). Anneal status: T=2.41, dE=50.29, candidate was rejected
Itr 26, LL= -2658509.879451 (78.449137). Anneal status: T=2.11, dE=23.66, candidate was rejected
Itr 27, LL= -2658300.736234 (78.669340). Anneal status: T=2.11, dE=20.86, candidate was rejected
Itr 28, LL= -2658075.968021 (84.553343). Anneal status: T=2.11, dE=25.05, candidate was rejected
Itr 29, LL= -2657865.675284 (79.114645). Anneal status: T=2.11, dE=122.95, candidate was rejected
Itr 30, LL= -2657674.776761 (71.823992). Anneal status: T=2.11, dE=12.67, candidate was rejected
Itr 31, LL= -2657483.657351 (71.912264). Anneal status: T=1.81, dE=14.28, candidate was rejected
Itr 32, LL= -2657305.857366 (66.905392). Anneal status: T=1.81, dE=14.94, candidate was rejected
Itr 33, LL= -2657115.535752 (71.622020). Anneal status: T=1.81, dE=28.39, candidate was rejected
Itr 34, LL= -2656831.363989 (106.947462). Anneal status: T=1.81, dE=35.75, candidate was rejected
Itr 35, LL= -2656413.686742 (157.208791). Anneal status: T=1.81, dE=17.22, candidate was rejected
Itr 36, LL= -2655922.681492 (184.837645). Anneal status: T=1.51, dE=3.25, candidate was rejected
Itr 37, LL= -2655430.405405 (185.350308). Anneal status: T=1.51, dE=34.47, candidate was rejected
Itr 38, LL= -2654983.168427 (168.423536). Anneal status: T=1.51, dE=42.18, candidate was rejected
Itr 39, LL= -2654423.516416 (210.793054). Anneal status: T=1.51, dE=36.05, candidate was rejected
Itr 40, LL= -2653806.191543 (232.564573). Anneal status: T=1.51, dE=44.69, candidate was rejected
Itr 41, LL= -2653293.833932 (193.065196). Anneal status: T=1.20, dE=123.64, candidate was rejected
Itr 42, LL= -2652925.045087 (138.992840). Anneal status: T=1.20, dE=52.56, candidate was rejected
Itr 43, LL= -2652681.346666 (91.860274). Anneal status: T=1.20, dE=33.09, candidate was rejected
Itr 44, LL= -2652500.947424 (68.006375). Anneal status: T=1.20, dE=50.75, candidate was rejected
Itr 45, LL= -2652354.476106 (55.220081). Anneal status: T=1.20, dE=52.31, candidate was rejected
Itr 46, LL= -2652235.509669 (44.853144). Anneal status: T=0.90, dE=147.52, candidate was rejected
Itr 47, LL= -2652100.457088 (50.920282). Anneal status: T=0.90, dE=27.90, candidate was rejected
Itr 48, LL= -2651998.062975 (38.608686). Anneal status: T=0.90, dE=33.63, candidate was rejected
Itr 49, LL= -2651904.415631 (35.311996). Anneal status: T=0.90, dE=128.20, candidate was rejected
Itr 50, LL= -2651800.849038 (39.053667). Anneal status: T=0.90, dE=31.19, candidate was rejected
Itr 51, LL= -2651702.780433 (36.981889). Anneal status: T=0.60, dE=44.02, candidate was rejected
Itr 52, LL= -2651608.064813 (35.718792). Anneal status: T=0.60, dE=21.02, candidate was rejected
Itr 53, LL= -2651498.276956 (41.404255). Anneal status: T=0.60, dE=60.51, candidate was rejected
Itr 54, LL= -2651368.533916 (48.931972). Anneal status: T=0.60, dE=43.34, candidate was rejected
Itr 55, LL= -2651231.933459 (51.520735). Anneal status: T=0.60, dE=24.43, candidate was rejected
Itr 56, LL= -2651060.487362 (64.666578). Anneal status: T=0.30, dE=71.44, candidate was rejected
Itr 57, LL= -2650889.444601 (64.518619). Anneal status: T=0.30, dE=62.57, candidate was rejected
Itr 58, LL= -2650735.757529 (57.975662). Anneal status: T=0.30, dE=21.49, candidate was rejected
Itr 59, LL= -2650593.132226 (53.805930). Anneal status: T=0.30, dE=27.90, candidate was rejected
Itr 60, LL= -2650455.861782 (51.788576). Anneal status: T=0.30, dE=63.22, candidate was rejected
Itr 61, LL= -2650313.326251 (53.777742). Anneal status: T=0.00, dE=20.16, candidate was rejected
Itr 62, LL= -2650188.716176 (47.017111). Anneal status: T=0.00, dE=145.22, candidate was rejected
Itr 63, LL= -2650075.826806 (42.596729). Anneal status: T=0.00, dE=49.80, candidate was rejected
Itr 64, LL= -2649967.144348 (41.011075). Anneal status: T=0.00, dE=21.22, candidate was rejected
Itr 65, LL= -2649887.899696 (29.904013). Anneal status: T=0.00, dE=42.47, candidate was rejected
Itr 66, LL= -2649818.243946 (26.286300). Anneal status: T=0.00, dE=43.73, candidate was rejected
Itr 67, LL= -2649736.494779 (30.850858). Anneal status: T=0.00, dE=8.79, candidate was rejected
Itr 68, LL= -2649654.844582 (30.814459). Anneal status: T=0.00, dE=19.14, candidate was rejected
Itr 69, LL= -2649579.584886 (28.403585). Anneal status: T=0.00, dE=10.64, candidate was rejected
Itr 70, LL= -2649507.273735 (27.291556). Anneal status: T=0.00, dE=41.50, candidate was rejected
Itr 71, LL= -2649436.986553 (26.528397). Anneal status: T=0.00, dE=38.23, candidate was rejected
Itr 72, LL= -2649406.802493 (11.392632). Anneal status: T=0.00, dE=5.26, candidate was rejected
Itr 73, LL= -2649377.773000 (10.956978). Anneal status: T=0.00, dE=28.79, candidate was rejected
Itr 74, LL= -2649348.749139 (10.954972). Anneal status: T=0.00, dE=81.52, candidate was rejected
Itr 75, LL= -2649305.462777 (16.338492). Anneal status: T=0.00, dE=33.55, candidate was rejected
Itr 76, LL= -2649256.940932 (18.314930). Anneal status: T=0.00, dE=74.34, candidate was rejected
Itr 77, LL= -2649204.291937 (19.873118). Anneal status: T=0.00, dE=54.68, candidate was rejected
Itr 78, LL= -2649154.735647 (18.706103). Anneal status: T=0.00, dE=28.12, candidate was rejected
Itr 79, LL= -2649112.653099 (15.885274). Anneal status: T=0.00, dE=89.45, candidate was rejected
Itr 80, LL= -2649078.212143 (13.000941). Anneal status: T=0.00, dE=29.54, candidate was rejected
Itr 81, LL= -2649046.436759 (11.994883). Anneal status: T=0.00, dE=84.94, candidate was rejected
Itr 82, LL= -2649019.433001 (10.193765). Anneal status: T=0.00, dE=26.42, candidate was rejected
Itr 83, LL= -2648998.882584 (7.757745). Anneal status: T=0.00, dE=86.13, candidate was rejected
Itr 84, LL= -2648972.353966 (10.014583). Anneal status: T=0.00, dE=88.67, candidate was rejected
Itr 85, LL= -2648951.268116 (7.960011). Anneal status: T=0.00, dE=94.49, candidate was rejected
Itr 86, LL= -2648925.957461 (9.554972). Anneal status: T=0.00, dE=40.79, candidate was rejected
Itr 87, LL= -2648895.891347 (11.350304). Anneal status: T=0.00, dE=1.30, candidate was rejected
Itr 88, LL= -2648874.929226 (7.913532). Anneal status: T=0.00, dE=15.76, candidate was rejected
Itr 89, LL= -2648844.262516 (11.577258). Anneal status: T=0.00, dE=38.27, candidate was rejected
Itr 90, LL= -2648812.108323 (12.138952). Anneal status: T=0.00, dE=47.06, candidate was rejected
Itr 91, LL= -2648781.998179 (11.367414). Anneal status: T=0.00, dE=49.67, candidate was rejected
Itr 92, LL= -2648755.979988 (9.822700). Anneal status: T=0.00, dE=24.43, candidate was rejected
Itr 93, LL= -2648722.130211 (12.779500). Anneal status: T=0.00, dE=20.77, candidate was rejected
Itr 94, LL= -2648698.885571 (8.775794). Anneal status: T=0.00, dE=1.80, candidate was rejected
Itr 95, LL= -2648681.761183 (6.465208). Anneal status: T=0.00, dE=54.72, candidate was rejected
Itr 96, LL= -2648667.716945 (5.302350). Anneal status: T=0.00, dE=133.75, candidate was rejected
Itr 97, LL= -2648651.556766 (6.101248). Anneal status: T=0.00, dE=77.26, candidate was rejected
Itr 98, LL= -2648637.619709 (5.261944). Anneal status: T=0.00, dE=112.28, candidate was rejected
Itr 99, LL= -2648625.274310 (4.661037). Anneal status: T=0.00, dE=27.31, candidate was rejected
Itr 100, LL= -2648611.979403 (5.019550). Anneal status: T=0.00, dE=47.44, candidate was rejected
Itr 101, LL= -2648601.723872 (3.872040). Anneal status: T=0.00, dE=33.60, candidate was rejected
Itr 102, LL= -2648593.735543 (3.016055). Anneal status: T=0.00, dE=90.83, candidate was rejected
Itr 103, LL= -2648582.643439 (4.187922). Anneal status: T=0.00, dE=15.21, candidate was rejected
Itr 104, LL= -2648572.049173 (3.999976). Anneal status: T=0.00, dE=32.46, candidate was rejected
Itr 105, LL= -2648552.149600 (7.513321). Anneal status: T=0.00, dE=25.06, candidate was rejected
Itr 106, LL= -2648527.822122 (9.185199). Anneal status: T=0.00, dE=32.46, candidate was rejected
Itr 107, LL= -2648510.410588 (6.574042). Anneal status: T=0.00, dE=50.37, candidate was rejected
Itr 108, LL= -2648498.506011 (4.494820). Anneal status: T=0.00, dE=237.51, candidate was rejected
Itr 109, LL= -2648481.110027 (6.568244). Anneal status: T=0.00, dE=51.02, candidate was rejected
Itr 110, LL= -2648465.443029 (5.915465). Anneal status: T=0.00, dE=49.28, candidate was rejected
Itr 111, LL= -2648457.874425 (2.857732). Anneal status: T=0.00, dE=44.52, candidate was rejected
Itr 112, LL= -2648451.058553 (2.573525). Anneal status: T=0.00, dE=14.13, candidate was rejected
Itr 113, LL= -2648439.005999 (4.550794). Anneal status: T=0.00, dE=54.65, candidate was rejected
Itr 114, LL= -2648420.167350 (7.113114). Anneal status: T=0.00, dE=5.85, candidate was rejected
Itr 115, LL= -2648395.224789 (9.417902). Anneal status: T=0.00, dE=25.07, candidate was rejected
Itr 116, LL= -2648383.126630 (4.568110). Anneal status: T=0.00, dE=17.18, candidate was rejected
Itr 117, LL= -2648367.114852 (6.045869). Anneal status: T=0.00, dE=73.86, candidate was rejected
Itr 118, LL= -2648344.292547 (8.617501). Anneal status: T=0.00, dE=92.49, candidate was rejected
Itr 119, LL= -2648325.056650 (7.263367). Anneal status: T=0.00, dE=60.51, candidate was rejected
Itr 120, LL= -2648315.420411 (3.638616). Anneal status: T=0.00, dE=42.07, candidate was rejected
Itr 121, LL= -2648307.773744 (2.887370). Anneal status: T=0.00, dE=1.31, candidate was rejected
Itr 122, LL= -2648300.538733 (2.731937). Anneal status: T=0.00, dE=22.33, candidate was rejected
Itr 123, LL= -2648291.378816 (3.458791). Anneal status: T=0.00, dE=27.75, candidate was rejected
Itr 124, LL= -2648285.088766 (2.375135). Anneal status: T=0.00, dE=15.35, candidate was rejected
Itr 125, LL= -2648277.637141 (2.813755). Anneal status: T=0.00, dE=29.33, candidate was rejected
Itr 126, LL= -2648271.717553 (2.235260). Anneal status: T=0.00, dE=64.68, candidate was rejected
Itr 127, LL= -2648262.298961 (3.556505). Anneal status: T=0.00, dE=28.32, candidate was rejected
Itr 128, LL= -2648256.624648 (2.142655). Anneal status: T=0.00, dE=140.10, candidate was rejected
Itr 129, LL= -2648252.588587 (1.524045). Anneal status: T=0.00, dE=176.15, candidate was rejected
Itr 130, LL= -2648248.005515 (1.730602). Anneal status: T=0.00, dE=59.98, candidate was rejected
Itr 131, LL= -2648234.291759 (5.178426). Anneal status: T=0.00, dE=92.54, candidate was rejected
Itr 132, LL= -2648224.688846 (3.626157). Anneal status: T=0.00, dE=15.16, candidate was rejected
Itr 133, LL= -2648220.802567 (1.467504). Anneal status: T=0.00, dE=22.37, candidate was rejected
Itr 134, LL= -2648218.439796 (0.892211). Anneal status: T=0.00, dE=86.57, candidate was rejected
Itr 135, LL= -2648216.561857 (0.709133). Anneal status: T=0.00, dE=13.58, candidate was rejected
Itr 136, LL= -2648214.879663 (0.635218). Anneal status: T=0.00, dE=27.47, candidate was rejected
-- Annealing statistics:
Portion of times candidate was better: 0.000000
Portion of times candidate was chosen by chance: 0.000000
--
Your MATLAB session has timed out.  All license keys have been returned.
EM for 28 states, 100 emission nodes. 12 observed values.
            gibbs: 0
    nGibbsItrPcnt: 0.8000
     annealParams: {}
           maxItr: 500
      convergeEps: 1.0000e-06
           minItr: 5
       parametric: 0
        initprobs: []
      persistBias: 0
          obsVals: []

- Initalized simulated annealing with params:
                     type: 'linear'
    max_chance_accpetance: 0.2000
             min_duration: 5
        min_init_duration: 5
             max_duration: 11
              converge_th: 1.0000e-06

--
Itr 1, LL= -15753962.365315 (Inf). Anneal status: T=NaN, dE=17.84, collecting statistics
Itr 2, LL= -2795330.640894 (Inf). Anneal status: T=NaN, dE=-32.15, collecting statistics
Itr 3, LL= -2768943.339886 (Inf). Anneal status: T=NaN, dE=-370.47, collecting statistics
Itr 4, LL= -2734744.364247 (12350.912042). Anneal status: T=NaN, dE=-35.42, collecting statistics
Itr 5, LL= -2702889.194139 (11648.317307). Anneal status: T=NaN, dE=-31.96, collecting statistics
Itr 6, LL= -2684710.637599 (6725.601841). Anneal status: T=NaN, dE=-17.38, collecting statistics
Itr 7, LL= -2675486.859223 (3435.669471). Anneal status: T=NaN, dE=65.77, collecting statistics
Itr 8, LL= -2669791.602406 (2128.680542). Anneal status: T=NaN, dE=25.84, collecting statistics
Itr 9, LL= -2666232.736826 (1333.012501). Anneal status: T=4.73, dE=15.12, candidate was chosen by chance
Itr 10, LL= -2663973.797557 (847.240092). Anneal status: T=4.73, dE=56.52, candidate was rejected
Itr 11, LL= -2662437.313579 (576.763923). Anneal status: T=4.73, dE=46.18, candidate was rejected
Itr 12, LL= -2661256.513152 (443.503560). Anneal status: T=4.73, dE=21.05, candidate was rejected
Itr 13, LL= -2660287.911950 (363.963863). Anneal status: T=4.73, dE=21.78, candidate was rejected
Itr 14, LL= -2659494.290895 (298.321490). Anneal status: T=4.26, dE=23.63, candidate was rejected
Itr 15, LL= -2658813.072647 (256.145783). Anneal status: T=4.26, dE=39.47, candidate was rejected
Itr 16, LL= -2658215.723117 (224.667742). Anneal status: T=4.26, dE=37.04, candidate was rejected
Itr 17, LL= -2657665.242974 (207.086332). Anneal status: T=4.26, dE=14.99, candidate was rejected
Itr 18, LL= -2657154.157268 (192.306276). Anneal status: T=4.26, dE=29.38, candidate was rejected
Itr 19, LL= -2656711.277042 (166.674645). Anneal status: T=3.78, dE=19.52, candidate was rejected
Itr 20, LL= -2656305.755519 (152.640419). Anneal status: T=3.78, dE=20.78, candidate was rejected
Itr 21, LL= -2655938.039407 (138.431395). Anneal status: T=3.78, dE=18.52, candidate was rejected
Itr 22, LL= -2655605.933939 (125.042626). Anneal status: T=3.78, dE=47.20, candidate was rejected
Itr 23, LL= -2655299.834506 (115.265382). Anneal status: T=3.78, dE=155.25, candidate was rejected
Itr 24, LL= -2654933.142544 (138.098137). Anneal status: T=3.31, dE=21.61, candidate was rejected
Itr 25, LL= -2654379.102398 (208.683276). Anneal status: T=3.31, dE=36.58, candidate was rejected
Itr 26, LL= -2653753.591176 (235.652557). Anneal status: T=3.31, dE=64.12, candidate was rejected
Itr 27, LL= -2653224.471097 (199.385535). Anneal status: T=3.31, dE=-2.64, candidate was better
Itr 28, LL= -2652790.100704 (163.714152). Anneal status: T=3.31, dE=51.15, candidate was rejected
Itr 29, LL= -2652419.795178 (139.590963). Anneal status: T=2.84, dE=104.47, candidate was rejected
Itr 30, LL= -2652116.338316 (114.407554). Anneal status: T=2.84, dE=35.44, candidate was rejected
Itr 31, LL= -2651854.787556 (98.619641). Anneal status: T=2.84, dE=43.91, candidate was rejected
Itr 32, LL= -2651633.643613 (83.392177). Anneal status: T=2.84, dE=8.75, candidate was rejected
Itr 33, LL= -2651436.963535 (74.173172). Anneal status: T=2.84, dE=55.82, candidate was rejected
Itr 34, LL= -2651242.189036 (73.459977). Anneal status: T=2.37, dE=30.51, candidate was rejected
Itr 35, LL= -2651035.984785 (77.776467). Anneal status: T=2.37, dE=41.02, candidate was rejected
Itr 36, LL= -2650810.135184 (85.192959). Anneal status: T=2.37, dE=35.43, candidate was rejected
Itr 37, LL= -2650592.668412 (82.037853). Anneal status: T=2.37, dE=45.44, candidate was rejected
Itr 38, LL= -2650347.634235 (92.445052). Anneal status: T=2.37, dE=59.87, candidate was rejected
Itr 39, LL= -2650081.789229 (100.305712). Anneal status: T=1.89, dE=30.62, candidate was rejected
Itr 40, LL= -2649770.761157 (117.365462). Anneal status: T=1.89, dE=26.23, candidate was rejected
Itr 41, LL= -2649438.185429 (125.511132). Anneal status: T=1.89, dE=63.95, candidate was rejected
Itr 42, LL= -2649108.853166 (124.302679). Anneal status: T=1.89, dE=48.00, candidate was rejected
Itr 43, LL= -2648784.424256 (122.467187). Anneal status: T=1.89, dE=19.56, candidate was rejected
Itr 44, LL= -2648489.200230 (111.456419). Anneal status: T=1.42, dE=87.40, candidate was rejected
Itr 45, LL= -2648237.708687 (94.956605). Anneal status: T=1.42, dE=62.89, candidate was rejected
Itr 46, LL= -2647977.207542 (98.367735). Anneal status: T=1.42, dE=87.80, candidate was rejected
Itr 47, LL= -2647723.760405 (95.713489). Anneal status: T=1.42, dE=61.31, candidate was rejected
Itr 48, LL= -2647494.352246 (86.643540). Anneal status: T=1.42, dE=25.80, candidate was rejected
Itr 49, LL= -2647316.469446 (67.189114). Anneal status: T=0.95, dE=34.50, candidate was rejected
Itr 50, LL= -2647174.328464 (53.692478). Anneal status: T=0.95, dE=12.27, candidate was rejected
Itr 51, LL= -2647048.319607 (47.601269). Anneal status: T=0.95, dE=52.16, candidate was rejected
Itr 52, LL= -2646949.962977 (37.157097). Anneal status: T=0.95, dE=50.91, candidate was rejected
Itr 53, LL= -2646853.798450 (36.330315). Anneal status: T=0.95, dE=39.32, candidate was rejected
Itr 54, LL= -2646756.829966 (36.635376). Anneal status: T=0.47, dE=63.57, candidate was rejected
Itr 55, LL= -2646660.309422 (36.467477). Anneal status: T=0.47, dE=8.62, candidate was rejected
Itr 56, LL= -2646588.307605 (27.204782). Anneal status: T=0.47, dE=85.51, candidate was rejected
Itr 57, LL= -2646512.617070 (28.599286). Anneal status: T=0.47, dE=65.86, candidate was rejected
Itr 58, LL= -2646450.696474 (23.397053). Anneal status: T=0.47, dE=58.19, candidate was rejected
Itr 59, LL= -2646393.525065 (21.603051). Anneal status: T=0.00, dE=40.75, candidate was rejected
Itr 60, LL= -2646342.777088 (19.176278). Anneal status: T=0.00, dE=97.84, candidate was rejected
Itr 61, LL= -2646291.651746 (19.319244). Anneal status: T=0.00, dE=18.51, candidate was rejected
Itr 62, LL= -2646181.746503 (41.531795). Anneal status: T=0.00, dE=39.74, candidate was rejected
Itr 63, LL= -2646095.317802 (32.661665). Anneal status: T=0.00, dE=61.39, candidate was rejected
Itr 64, LL= -2646008.800211 (32.696325). Anneal status: T=0.00, dE=87.21, candidate was rejected
Itr 65, LL= -2645922.081424 (32.773431). Anneal status: T=0.00, dE=53.32, candidate was rejected
Itr 66, LL= -2645839.554544 (31.190215). Anneal status: T=0.00, dE=16.33, candidate was rejected
Itr 67, LL= -2645770.561904 (26.075897). Anneal status: T=0.00, dE=38.81, candidate was rejected
Itr 68, LL= -2645707.608985 (23.793794). Anneal status: T=0.00, dE=29.28, candidate was rejected
Itr 69, LL= -2645633.782842 (27.904120). Anneal status: T=0.00, dE=64.12, candidate was rejected
Itr 70, LL= -2645546.493740 (32.993645). Anneal status: T=0.00, dE=36.59, candidate was rejected
Itr 71, LL= -2645452.128904 (35.669317). Anneal status: T=0.00, dE=28.39, candidate was rejected
Itr 72, LL= -2645326.958017 (47.315499). Anneal status: T=0.00, dE=52.34, candidate was rejected
Itr 73, LL= -2645204.208466 (46.402412). Anneal status: T=0.00, dE=23.74, candidate was rejected
Itr 74, LL= -2645123.071941 (30.673067). Anneal status: T=0.00, dE=24.37, candidate was rejected
Itr 75, LL= -2645058.414779 (24.443914). Anneal status: T=0.00, dE=42.67, candidate was rejected
Itr 76, LL= -2644996.519472 (23.400355). Anneal status: T=0.00, dE=81.34, candidate was rejected
Itr 77, LL= -2644927.429671 (26.120942). Anneal status: T=0.00, dE=37.39, candidate was rejected
Itr 78, LL= -2644853.251721 (28.045363). Anneal status: T=0.00, dE=34.73, candidate was rejected
Itr 79, LL= -2644777.159235 (28.770022). Anneal status: T=0.00, dE=106.64, candidate was rejected
Itr 80, LL= -2644728.567232 (18.372815). Anneal status: T=0.00, dE=39.84, candidate was rejected
Itr 81, LL= -2644684.530417 (16.650788). Anneal status: T=0.00, dE=44.61, candidate was rejected
Itr 82, LL= -2644641.475649 (16.279737). Anneal status: T=0.00, dE=38.62, candidate was rejected
Itr 83, LL= -2644600.581760 (15.462923). Anneal status: T=0.00, dE=15.29, candidate was rejected
Itr 84, LL= -2644558.695451 (15.838425). Anneal status: T=0.00, dE=20.57, candidate was rejected
Itr 85, LL= -2644509.267671 (18.690370). Anneal status: T=0.00, dE=216.17, candidate was rejected
Itr 86, LL= -2644455.288797 (20.411679). Anneal status: T=0.00, dE=39.42, candidate was rejected
Itr 87, LL= -2644427.967617 (10.331496). Anneal status: T=0.00, dE=40.72, candidate was rejected
Itr 88, LL= -2644401.375502 (10.055905). Anneal status: T=0.00, dE=215.05, candidate was rejected
Itr 89, LL= -2644358.613524 (16.170759). Anneal status: T=0.00, dE=58.98, candidate was rejected
Itr 90, LL= -2644326.657285 (12.084684). Anneal status: T=0.00, dE=80.53, candidate was rejected
Itr 91, LL= -2644293.504869 (12.537186). Anneal status: T=0.00, dE=115.66, candidate was rejected
Itr 92, LL= -2644252.372688 (15.555074). Anneal status: T=0.00, dE=68.18, candidate was rejected
Itr 93, LL= -2644212.089199 (15.234358). Anneal status: T=0.00, dE=144.27, candidate was rejected
Itr 94, LL= -2644174.931365 (14.052517). Anneal status: T=0.00, dE=24.90, candidate was rejected
Itr 95, LL= -2644123.435277 (19.475295). Anneal status: T=0.00, dE=41.83, candidate was rejected
Itr 96, LL= -2644061.819359 (23.302966). Anneal status: T=0.00, dE=76.16, candidate was rejected
Itr 97, LL= -2644003.221218 (22.162167). Anneal status: T=0.00, dE=20.46, candidate was rejected
Itr 98, LL= -2643928.592015 (28.225837). Anneal status: T=0.00, dE=66.14, candidate was rejected
Itr 99, LL= -2643871.634039 (21.542933). Anneal status: T=0.00, dE=74.80, candidate was rejected
Itr 100, LL= -2643824.254797 (17.920402). Anneal status: T=0.00, dE=43.75, candidate was rejected
Itr 101, LL= -2643751.277721 (27.602847). Anneal status: T=0.00, dE=12.27, candidate was rejected
Itr 102, LL= -2643681.008059 (26.579528). Anneal status: T=0.00, dE=72.90, candidate was rejected
Itr 103, LL= -2643626.795258 (20.506559). Anneal status: T=0.00, dE=46.66, candidate was rejected
Itr 104, LL= -2643581.353335 (17.189235). Anneal status: T=0.00, dE=142.35, candidate was rejected
Itr 105, LL= -2643550.754520 (11.574758). Anneal status: T=0.00, dE=43.37, candidate was rejected
Itr 106, LL= -2643528.814805 (8.299336). Anneal status: T=0.00, dE=61.29, candidate was rejected
Itr 107, LL= -2643512.234046 (6.272207). Anneal status: T=0.00, dE=20.48, candidate was rejected
Itr 108, LL= -2643490.937559 (8.056133). Anneal status: T=0.00, dE=25.16, candidate was rejected
Itr 109, LL= -2643468.154730 (8.618463). Anneal status: T=0.00, dE=74.11, candidate was rejected
Itr 110, LL= -2643455.737826 (4.697202). Anneal status: T=0.00, dE=45.82, candidate was rejected
Itr 111, LL= -2643447.361751 (3.168608). Anneal status: T=0.00, dE=45.12, candidate was rejected
Itr 112, LL= -2643432.235896 (5.722019). Anneal status: T=0.00, dE=4.80, candidate was rejected
Itr 113, LL= -2643417.018617 (5.756637). Anneal status: T=0.00, dE=65.30, candidate was rejected
Itr 114, LL= -2643406.510065 (3.975367). Anneal status: T=0.00, dE=69.52, candidate was rejected
Itr 115, LL= -2643397.597776 (3.371517). Anneal status: T=0.00, dE=14.92, candidate was rejected
Itr 116, LL= -2643392.778149 (1.823270). Anneal status: T=0.00, dE=3.74, candidate was rejected
Itr 117, LL= -2643384.655789 (3.072703). Anneal status: T=0.00, dE=48.18, candidate was rejected
Itr 118, LL= -2643373.704338 (4.142965). Anneal status: T=0.00, dE=26.68, candidate was rejected
Itr 119, LL= -2643364.646176 (3.426743). Anneal status: T=0.00, dE=100.84, candidate was rejected
Itr 120, LL= -2643356.727964 (2.995505). Anneal status: T=0.00, dE=22.92, candidate was rejected
Itr 121, LL= -2643346.547500 (3.851340). Anneal status: T=0.00, dE=0.30, candidate was rejected
Itr 122, LL= -2643325.670781 (7.897837). Anneal status: T=0.00, dE=35.15, candidate was rejected
Itr 123, LL= -2643309.033226 (6.294175). Anneal status: T=0.00, dE=48.47, candidate was rejected
Itr 124, LL= -2643294.406117 (5.533636). Anneal status: T=0.00, dE=134.64, candidate was rejected
Itr 125, LL= -2643282.926126 (4.343062). Anneal status: T=0.00, dE=47.41, candidate was rejected
Itr 126, LL= -2643274.397918 (3.226370). Anneal status: T=0.00, dE=58.52, candidate was rejected
Itr 127, LL= -2643261.730681 (4.792252). Anneal status: T=0.00, dE=12.32, candidate was rejected
Itr 128, LL= -2643246.698084 (5.687139). Anneal status: T=0.00, dE=34.34, candidate was rejected
Itr 129, LL= -2643227.292216 (7.341679). Anneal status: T=0.00, dE=72.39, candidate was rejected
Itr 130, LL= -2643208.545565 (7.092334). Anneal status: T=0.00, dE=30.43, candidate was rejected
Itr 131, LL= -2643192.536807 (6.056563). Anneal status: T=0.00, dE=10.38, candidate was rejected
Itr 132, LL= -2643171.084688 (8.115988). Anneal status: T=0.00, dE=34.40, candidate was rejected
Itr 133, LL= -2643156.354823 (5.572800). Anneal status: T=0.00, dE=61.73, candidate was rejected
Itr 134, LL= -2643143.884165 (4.718093). Anneal status: T=0.00, dE=106.72, candidate was rejected
Itr 135, LL= -2643132.264405 (4.396189). Anneal status: T=0.00, dE=69.84, candidate was rejected
Itr 136, LL= -2643119.793404 (4.718266). Anneal status: T=0.00, dE=33.55, candidate was rejected
Itr 137, LL= -2643108.904554 (4.119696). Anneal status: T=0.00, dE=48.07, candidate was rejected
Itr 138, LL= -2643099.241390 (3.655984). Anneal status: T=0.00, dE=67.80, candidate was rejected
Itr 139, LL= -2643088.851937 (3.930784). Anneal status: T=0.00, dE=141.29, candidate was rejected
Itr 140, LL= -2643075.669858 (4.987376). Anneal status: T=0.00, dE=37.50, candidate was rejected
Itr 141, LL= -2643063.726218 (4.518841). Anneal status: T=0.00, dE=27.40, candidate was rejected
Itr 142, LL= -2643053.285767 (3.950132). Anneal status: T=0.00, dE=30.41, candidate was rejected
Itr 143, LL= -2643041.337548 (4.520612). Anneal status: T=0.00, dE=62.18, candidate was rejected
Itr 144, LL= -2643028.040277 (5.031049). Anneal status: T=0.00, dE=29.17, candidate was rejected
Itr 145, LL= -2643009.273386 (7.100527). Anneal status: T=0.00, dE=51.79, candidate was rejected
Itr 146, LL= -2642994.502762 (5.588563). Anneal status: T=0.00, dE=5.62, candidate was rejected
Itr 147, LL= -2642988.987150 (2.086880). Anneal status: T=0.00, dE=38.72, candidate was rejected
Itr 148, LL= -2642982.915735 (2.297177). Anneal status: T=0.00, dE=138.60, candidate was rejected
Itr 149, LL= -2642967.688015 (5.761566). Anneal status: T=0.00, dE=56.86, candidate was rejected
Itr 150, LL= -2642951.795480 (6.013140). Anneal status: T=0.00, dE=45.86, candidate was rejected
Itr 151, LL= -2642942.088716 (3.672698). Anneal status: T=0.00, dE=38.33, candidate was rejected
Itr 152, LL= -2642935.328237 (2.557937). Anneal status: T=0.00, dE=37.13, candidate was rejected
Itr 153, LL= -2642929.666204 (2.142327). Anneal status: T=0.00, dE=51.43, candidate was rejected
Itr 154, LL= -2642924.213774 (2.063025). Anneal status: T=0.00, dE=12.38, candidate was rejected
Itr 155, LL= -2642918.058120 (2.329107). Anneal status: T=0.00, dE=48.00, candidate was rejected
Itr 156, LL= -2642909.959387 (3.064315). Anneal status: T=0.00, dE=70.76, candidate was rejected
Itr 157, LL= -2642900.811245 (3.461390). Anneal status: T=0.00, dE=36.76, candidate was rejected
Itr 158, LL= -2642893.537410 (2.752216). Anneal status: T=0.00, dE=19.80, candidate was rejected
Itr 159, LL= -2642887.745612 (2.191461). Anneal status: T=0.00, dE=81.06, candidate was rejected
Itr 160, LL= -2642880.235425 (2.841660). Anneal status: T=0.00, dE=62.21, candidate was rejected
Itr 161, LL= -2642873.694871 (2.474783). Anneal status: T=0.00, dE=29.37, candidate was rejected
Itr 162, LL= -2642869.033095 (1.763904). Anneal status: T=0.00, dE=91.80, candidate was rejected
Itr 163, LL= -2642863.052993 (2.262731). Anneal status: T=0.00, dE=23.13, candidate was rejected
Itr 164, LL= -2642848.683331 (5.437157). Anneal status: T=0.00, dE=107.41, candidate was rejected
Itr 165, LL= -2642831.328216 (6.566821). Anneal status: T=0.00, dE=77.05, candidate was rejected
Itr 166, LL= -2642813.863057 (6.608503). Anneal status: T=0.00, dE=65.45, candidate was rejected
Itr 167, LL= -2642806.634549 (2.735156). Anneal status: T=0.00, dE=69.15, candidate was rejected
Itr 168, LL= -2642800.050636 (2.491258). Anneal status: T=0.00, dE=106.49, candidate was rejected
Itr 169, LL= -2642791.872049 (3.094667). Anneal status: T=0.00, dE=78.88, candidate was rejected
Itr 170, LL= -2642758.982285 (12.445083). Anneal status: T=0.00, dE=66.98, candidate was rejected
Itr 171, LL= -2642723.241751 (13.523948). Anneal status: T=0.00, dE=73.84, candidate was rejected
Itr 172, LL= -2642694.497263 (10.876844). Anneal status: T=0.00, dE=10.97, candidate was rejected
Itr 173, LL= -2642677.149208 (6.564533). Anneal status: T=0.00, dE=12.29, candidate was rejected
Itr 174, LL= -2642663.006259 (5.351750). Anneal status: T=0.00, dE=63.99, candidate was rejected
Itr 175, LL= -2642653.006110 (3.784118). Anneal status: T=0.00, dE=40.06, candidate was rejected
Itr 176, LL= -2642643.982492 (3.414606). Anneal status: T=0.00, dE=28.67, candidate was rejected
Itr 177, LL= -2642629.272847 (5.566261). Anneal status: T=0.00, dE=61.93, candidate was rejected
Itr 178, LL= -2642616.655549 (4.774524). Anneal status: T=0.00, dE=21.26, candidate was rejected
Itr 179, LL= -2642604.265010 (4.688739). Anneal status: T=0.00, dE=36.96, candidate was rejected
Itr 180, LL= -2642591.130174 (4.970414). Anneal status: T=0.00, dE=47.77, candidate was rejected
Itr 181, LL= -2642571.096146 (7.581206). Anneal status: T=0.00, dE=96.43, candidate was rejected
Itr 182, LL= -2642559.851866 (4.255053). Anneal status: T=0.00, dE=5.76, candidate was rejected
Itr 183, LL= -2642544.438311 (5.832812). Anneal status: T=0.00, dE=24.31, candidate was rejected
Itr 184, LL= -2642526.728276 (6.701887). Anneal status: T=0.00, dE=99.90, candidate was rejected
Itr 185, LL= -2642513.508731 (5.002615). Anneal status: T=0.00, dE=73.79, candidate was rejected
Itr 186, LL= -2642504.430905 (3.435300). Anneal status: T=0.00, dE=201.94, candidate was rejected
Itr 187, LL= -2642493.199912 (4.250132). Anneal status: T=0.00, dE=77.45, candidate was rejected
Itr 188, LL= -2642484.663911 (3.230283). Anneal status: T=0.00, dE=44.82, candidate was rejected
Itr 189, LL= -2642478.372023 (2.381050). Anneal status: T=0.00, dE=1.07, candidate was rejected
Itr 190, LL= -2642473.568294 (1.817887). Anneal status: T=0.00, dE=7.83, candidate was rejected
Itr 191, LL= -2642466.054617 (2.843426). Anneal status: T=0.00, dE=22.42, candidate was rejected
Itr 192, LL= -2642458.672831 (2.793522). Anneal status: T=0.00, dE=89.37, candidate was rejected
Itr 193, LL= -2642454.504293 (1.577522). Anneal status: T=0.00, dE=72.26, candidate was rejected
Itr 194, LL= -2642451.653579 (1.078813). Anneal status: T=0.00, dE=72.10, candidate was rejected
Itr 195, LL= -2642447.402497 (1.608765). Anneal status: T=0.00, dE=28.78, candidate was rejected
Itr 196, LL= -2642440.230840 (2.714021). Anneal status: T=0.00, dE=44.01, candidate was rejected
Itr 197, LL= -2642434.152654 (2.300217). Anneal status: T=0.00, dE=24.85, candidate was rejected
Itr 198, LL= -2642429.943687 (1.592837). Anneal status: T=0.00, dE=77.25, candidate was rejected
Itr 199, LL= -2642423.777242 (2.333627). Anneal status: T=0.00, dE=32.21, candidate was rejected
Itr 200, LL= -2642413.057051 (4.056954). Anneal status: T=0.00, dE=30.30, candidate was rejected
Itr 201, LL= -2642409.360637 (1.398879). Anneal status: T=0.00, dE=63.28, candidate was rejected
Itr 202, LL= -2642403.420399 (2.248038). Anneal status: T=0.00, dE=14.72, candidate was rejected
Itr 203, LL= -2642393.539971 (3.739182). Anneal status: T=0.00, dE=23.71, candidate was rejected
Itr 204, LL= -2642364.588282 (10.956615). Anneal status: T=0.00, dE=37.19, candidate was rejected
Itr 205, LL= -2642348.975888 (5.908493). Anneal status: T=0.00, dE=26.54, candidate was rejected
Itr 206, LL= -2642340.970583 (3.029617). Anneal status: T=0.00, dE=32.17, candidate was rejected
Itr 207, LL= -2642330.393538 (4.002907). Anneal status: T=0.00, dE=27.24, candidate was rejected
Itr 208, LL= -2642324.928024 (2.068445). Anneal status: T=0.00, dE=89.04, candidate was rejected
Itr 209, LL= -2642317.233044 (2.912201). Anneal status: T=0.00, dE=15.17, candidate was rejected
Itr 210, LL= -2642302.458802 (5.591396). Anneal status: T=0.00, dE=41.32, candidate was rejected
Itr 211, LL= -2642295.670624 (2.569039). Anneal status: T=0.00, dE=86.04, candidate was rejected
Itr 212, LL= -2642291.956735 (1.405554). Anneal status: T=0.00, dE=65.76, candidate was rejected
Itr 213, LL= -2642288.154199 (1.439105). Anneal status: T=0.00, dE=7.95, candidate was rejected
Itr 214, LL= -2642282.711570 (2.059817). Anneal status: T=0.00, dE=44.68, candidate was rejected
Itr 215, LL= -2642277.102031 (2.122990). Anneal status: T=0.00, dE=75.12, candidate was rejected
Itr 216, LL= -2642263.382446 (5.192334). Anneal status: T=0.00, dE=45.37, candidate was rejected
Itr 217, LL= -2642252.040946 (4.292343). Anneal status: T=0.00, dE=20.07, candidate was rejected
Itr 218, LL= -2642247.693190 (1.645473). Anneal status: T=0.00, dE=40.34, candidate was rejected
Itr 219, LL= -2642246.447307 (0.471524). Anneal status: T=0.00, dE=30.32, candidate was rejected
Itr 220, LL= -2642245.496369 (0.359897). Anneal status: T=0.00, dE=31.90, candidate was rejected
Itr 221, LL= -2642244.664438 (0.314858). Anneal status: T=0.00, dE=44.21, candidate was rejected
-- Annealing statistics:
Portion of times candidate was better: 0.004525
Portion of times candidate was chosen by chance: 0.004525
--
>> 