My SLURM_ARRAY_TASK_ID:  14

                            < M A T L A B (R) >
                  Copyright 1984-2014 The MathWorks, Inc.
                   R2014b (8.4.0.150421) 64-bit (glnxa64)
                             September 15, 2014

 
For online documentation, see http://www.mathworks.com/support
For product information, visit www.mathworks.com.
 
EM for 14 states, 100 emission nodes. 12 observed values.
            gibbs: 0
    nGibbsItrPcnt: 0.8000
     annealParams: {}
           maxItr: 500
      convergeEps: 1.0000e-06
           minItr: 5
       parametric: 0
        initprobs: []
      persistBias: 0
          obsVals: []

- Initalized simulated annealing with params:
                     type: 'linear'
    max_chance_accpetance: 0.2000
             min_duration: 5
        min_init_duration: 5
             max_duration: 11
              converge_th: 1.0000e-06

--
Itr 1, LL= -16104317.910717 (Inf). Anneal status: T=NaN, dE=3281.46, collecting statistics
Itr 2, LL= -2815010.932296 (Inf). Anneal status: T=NaN, dE=-283.67, collecting statistics
Itr 3, LL= -2792106.468731 (Inf). Anneal status: T=NaN, dE=-585.08, collecting statistics
Itr 4, LL= -2753666.543723 (13767.356452). Anneal status: T=NaN, dE=-69.04, collecting statistics
Itr 5, LL= -2719123.846453 (12544.255712). Anneal status: T=NaN, dE=-173.84, collecting statistics
Itr 6, LL= -2699382.568571 (7260.161360). Anneal status: T=NaN, dE=-38.67, collecting statistics
Itr 7, LL= -2689032.137352 (3834.369881). Anneal status: T=NaN, dE=-185.81, collecting statistics
Itr 8, LL= -2683149.697873 (2187.567563). Anneal status: T=NaN, dE=-74.05, collecting statistics
Itr 9, LL= -2679535.189438 (1347.113968). Anneal status: T=NaN, dE=153.19, collecting statistics
Itr 10, LL= -2677120.289268 (901.238461). Anneal status: T=NaN, dE=39.55, collecting statistics
Itr 11, LL= -2675327.493830 (669.673098). Anneal status: T=29.94, dE=6.25, candidate was rejected
Itr 12, LL= -2673889.648362 (537.446527). Anneal status: T=29.94, dE=-9.89, candidate was better
Itr 13, LL= -2672671.038428 (455.744288). Anneal status: T=29.94, dE=157.81, candidate was rejected
Itr 14, LL= -2671740.973860 (347.990663). Anneal status: T=29.94, dE=100.35, candidate was rejected
Itr 15, LL= -2671054.998333 (256.752258). Anneal status: T=29.94, dE=140.82, candidate was rejected
Itr 16, LL= -2670501.817364 (207.102051). Anneal status: T=26.95, dE=-4.65, candidate was better
Itr 17, LL= -2670054.096092 (167.654360). Anneal status: T=18.39, dE=19.39, candidate was chosen by chance
Itr 18, LL= -2669676.758548 (141.322060). Anneal status: T=18.39, dE=12.00, candidate was chosen by chance
Itr 19, LL= -2669371.191875 (114.458304). Anneal status: T=18.39, dE=19.49, candidate was rejected
Itr 20, LL= -2669098.170493 (102.279287). Anneal status: T=18.39, dE=67.10, candidate was rejected
Itr 21, LL= -2668851.379881 (92.462171). Anneal status: T=18.39, dE=18.31, candidate was rejected
Itr 22, LL= -2668656.984661 (72.838533). Anneal status: T=16.55, dE=28.70, candidate was chosen by chance
Itr 23, LL= -2668408.011971 (93.295126). Anneal status: T=16.55, dE=41.87, candidate was rejected
Itr 24, LL= -2668202.030378 (77.192690). Anneal status: T=16.55, dE=80.54, candidate was rejected
Itr 25, LL= -2668019.727920 (68.324084). Anneal status: T=16.55, dE=88.08, candidate was rejected
Itr 26, LL= -2667857.905794 (60.652522). Anneal status: T=16.55, dE=107.92, candidate was rejected
Itr 27, LL= -2667730.105311 (47.903782). Anneal status: T=14.71, dE=13.03, candidate was chosen by chance
Itr 28, LL= -2667590.618699 (52.286628). Anneal status: T=14.71, dE=81.41, candidate was rejected
Itr 29, LL= -2667474.894922 (43.381385). Anneal status: T=14.71, dE=69.32, candidate was rejected
Itr 30, LL= -2667373.830693 (37.887603). Anneal status: T=14.71, dE=69.45, candidate was rejected
Itr 31, LL= -2667269.753578 (39.018571). Anneal status: T=14.71, dE=161.97, candidate was rejected
Itr 32, LL= -2667179.283337 (33.918670). Anneal status: T=12.88, dE=7.69, candidate was chosen by chance
Itr 33, LL= -2667065.135145 (42.797345). Anneal status: T=12.88, dE=17.85, candidate was rejected
Itr 34, LL= -2666975.787246 (33.500456). Anneal status: T=12.88, dE=97.78, candidate was rejected
Itr 35, LL= -2666905.249966 (26.448414). Anneal status: T=12.88, dE=326.53, candidate was rejected
Itr 36, LL= -2666843.994974 (22.968567). Anneal status: T=12.88, dE=42.51, candidate was rejected
Itr 37, LL= -2666783.459895 (22.699145). Anneal status: T=11.04, dE=120.35, candidate was rejected
Itr 38, LL= -2666736.013187 (17.791737). Anneal status: T=11.04, dE=16.21, candidate was rejected
Itr 39, LL= -2666683.758421 (19.595027). Anneal status: T=11.04, dE=10.47, candidate was rejected
Itr 40, LL= -2666641.759222 (15.749599). Anneal status: T=11.04, dE=67.96, candidate was rejected
Itr 41, LL= -2666605.244760 (13.693051). Anneal status: T=11.04, dE=35.71, candidate was rejected
Itr 42, LL= -2666568.057067 (13.945706). Anneal status: T=9.20, dE=83.70, candidate was rejected
Itr 43, LL= -2666532.774455 (13.231469). Anneal status: T=9.20, dE=118.91, candidate was rejected
Itr 44, LL= -2666503.067850 (11.140536). Anneal status: T=9.20, dE=64.44, candidate was rejected
Itr 45, LL= -2666478.148781 (9.345224). Anneal status: T=9.20, dE=82.59, candidate was rejected
Itr 46, LL= -2666460.022285 (6.797916). Anneal status: T=9.20, dE=139.83, candidate was rejected
Itr 47, LL= -2666442.079971 (6.728889). Anneal status: T=7.36, dE=22.02, candidate was rejected
Itr 48, LL= -2666419.874764 (8.327654). Anneal status: T=7.36, dE=47.23, candidate was rejected
Itr 49, LL= -2666401.455493 (6.907866). Anneal status: T=7.36, dE=12.43, candidate was rejected
Itr 50, LL= -2666386.834488 (5.483422). Anneal status: T=7.36, dE=105.48, candidate was rejected
Itr 51, LL= -2666374.438142 (4.649117). Anneal status: T=7.36, dE=25.69, candidate was rejected
Itr 52, LL= -2666360.088344 (5.381764). Anneal status: T=5.52, dE=57.47, candidate was rejected
Itr 53, LL= -2666344.116650 (5.990074). Anneal status: T=5.52, dE=31.54, candidate was rejected
Itr 54, LL= -2666325.797650 (6.870456). Anneal status: T=5.52, dE=59.25, candidate was rejected
Itr 55, LL= -2666308.392845 (6.527636). Anneal status: T=5.52, dE=76.35, candidate was rejected
Itr 56, LL= -2666288.194763 (7.575299). Anneal status: T=5.52, dE=44.07, candidate was rejected
Itr 57, LL= -2666265.133635 (8.649150). Anneal status: T=3.68, dE=44.21, candidate was rejected
Itr 58, LL= -2666242.091402 (8.642139). Anneal status: T=3.68, dE=12.80, candidate was rejected
Itr 59, LL= -2666220.495257 (8.099844). Anneal status: T=3.68, dE=218.65, candidate was rejected
Itr 60, LL= -2666197.609994 (8.583410). Anneal status: T=3.68, dE=93.03, candidate was rejected
Itr 61, LL= -2666175.139719 (8.427835). Anneal status: T=3.68, dE=109.21, candidate was rejected
Itr 62, LL= -2666156.063882 (7.154758). Anneal status: T=1.84, dE=60.77, candidate was rejected
Itr 63, LL= -2666135.866487 (7.575474). Anneal status: T=1.84, dE=87.51, candidate was rejected
Itr 64, LL= -2666115.046276 (7.809134). Anneal status: T=1.84, dE=68.01, candidate was rejected
Itr 65, LL= -2666094.018826 (7.886925). Anneal status: T=1.84, dE=76.02, candidate was rejected
Itr 66, LL= -2666075.540766 (6.930761). Anneal status: T=1.84, dE=34.12, candidate was rejected
Itr 67, LL= -2666052.235749 (8.741319). Anneal status: T=0.00, dE=28.77, candidate was rejected
Itr 68, LL= -2666023.924508 (10.619162). Anneal status: T=0.00, dE=85.31, candidate was rejected
Itr 69, LL= -2665989.358270 (12.965464). Anneal status: T=0.00, dE=37.81, candidate was rejected
Itr 70, LL= -2665963.931883 (9.537317). Anneal status: T=0.00, dE=28.55, candidate was rejected
Itr 71, LL= -2665944.113727 (7.433768). Anneal status: T=0.00, dE=77.55, candidate was rejected
Itr 72, LL= -2665926.467786 (6.619021). Anneal status: T=0.00, dE=62.73, candidate was rejected
Itr 73, LL= -2665911.777271 (5.510473). Anneal status: T=0.00, dE=33.29, candidate was rejected
Itr 74, LL= -2665898.969796 (4.804163). Anneal status: T=0.00, dE=96.86, candidate was rejected
Itr 75, LL= -2665885.592134 (5.018068). Anneal status: T=0.00, dE=91.02, candidate was rejected
Itr 76, LL= -2665870.718992 (5.579062). Anneal status: T=0.00, dE=18.90, candidate was rejected
Itr 77, LL= -2665858.012140 (4.766492). Anneal status: T=0.00, dE=49.18, candidate was rejected
Itr 78, LL= -2665845.571589 (4.666622). Anneal status: T=0.00, dE=28.36, candidate was rejected
Itr 79, LL= -2665824.863678 (7.767859). Anneal status: T=0.00, dE=31.62, candidate was rejected
Itr 80, LL= -2665811.651120 (4.956274). Anneal status: T=0.00, dE=111.97, candidate was rejected
Itr 81, LL= -2665796.898888 (5.533861). Anneal status: T=0.00, dE=16.12, candidate was rejected
Itr 82, LL= -2665784.562915 (4.627499). Anneal status: T=0.00, dE=51.77, candidate was rejected
Itr 83, LL= -2665772.004886 (4.710819). Anneal status: T=0.00, dE=82.94, candidate was rejected
Itr 84, LL= -2665762.561837 (3.542332). Anneal status: T=0.00, dE=77.62, candidate was rejected
Itr 85, LL= -2665747.112581 (5.795436). Anneal status: T=0.00, dE=16.04, candidate was rejected
Itr 86, LL= -2665729.150540 (6.738089). Anneal status: T=0.00, dE=97.35, candidate was rejected
Itr 87, LL= -2665718.903121 (3.844134). Anneal status: T=0.00, dE=82.76, candidate was rejected
Itr 88, LL= -2665709.111849 (3.673033). Anneal status: T=0.00, dE=112.02, candidate was rejected
Itr 89, LL= -2665699.189707 (3.722140). Anneal status: T=0.00, dE=54.55, candidate was rejected
Itr 90, LL= -2665688.612096 (3.968044). Anneal status: T=0.00, dE=20.37, candidate was rejected
Itr 91, LL= -2665675.948946 (4.750424). Anneal status: T=0.00, dE=23.14, candidate was rejected
Itr 92, LL= -2665661.705639 (5.343225). Anneal status: T=0.00, dE=9.36, candidate was rejected
Itr 93, LL= -2665651.076448 (3.987449). Anneal status: T=0.00, dE=94.13, candidate was rejected
Itr 94, LL= -2665636.585005 (5.436362). Anneal status: T=0.00, dE=33.16, candidate was rejected
Itr 95, LL= -2665622.208574 (5.393245). Anneal status: T=0.00, dE=15.04, candidate was rejected
Itr 96, LL= -2665607.937644 (5.353696). Anneal status: T=0.00, dE=45.34, candidate was rejected
Itr 97, LL= -2665590.157857 (6.670068). Anneal status: T=0.00, dE=66.10, candidate was rejected
Itr 98, LL= -2665576.023537 (5.302511). Anneal status: T=0.00, dE=54.97, candidate was rejected
Itr 99, LL= -2665566.386457 (3.615384). Anneal status: T=0.00, dE=175.95, candidate was rejected
Itr 100, LL= -2665557.464195 (3.347229). Anneal status: T=0.00, dE=140.24, candidate was rejected
Itr 101, LL= -2665549.165637 (3.113254). Anneal status: T=0.00, dE=52.18, candidate was rejected
Itr 102, LL= -2665541.313195 (2.945900). Anneal status: T=0.00, dE=18.05, candidate was rejected
Itr 103, LL= -2665527.753054 (5.087200). Anneal status: T=0.00, dE=8.88, candidate was rejected
Itr 104, LL= -2665500.385962 (10.267045). Anneal status: T=0.00, dE=71.91, candidate was rejected
Itr 105, LL= -2665482.784801 (6.603324). Anneal status: T=0.00, dE=32.74, candidate was rejected
Itr 106, LL= -2665468.935997 (5.195608). Anneal status: T=0.00, dE=56.82, candidate was rejected
Itr 107, LL= -2665459.898471 (3.390595). Anneal status: T=0.00, dE=19.29, candidate was rejected
Itr 108, LL= -2665451.204836 (3.261589). Anneal status: T=0.00, dE=8.34, candidate was rejected
Itr 109, LL= -2665442.719890 (3.183305). Anneal status: T=0.00, dE=103.19, candidate was rejected
Itr 110, LL= -2665433.528672 (3.448290). Anneal status: T=0.00, dE=8.46, candidate was rejected
Itr 111, LL= -2665425.754731 (2.916577). Anneal status: T=0.00, dE=36.58, candidate was rejected
Itr 112, LL= -2665418.644198 (2.667691). Anneal status: T=0.00, dE=24.11, candidate was rejected
Itr 113, LL= -2665407.755478 (4.085182). Anneal status: T=0.00, dE=74.62, candidate was rejected
Itr 114, LL= -2665392.511022 (5.719371). Anneal status: T=0.00, dE=41.19, candidate was rejected
Itr 115, LL= -2665384.544636 (2.988823). Anneal status: T=0.00, dE=62.61, candidate was rejected
Itr 116, LL= -2665379.565843 (1.867945). Anneal status: T=0.00, dE=111.55, candidate was rejected
Itr 117, LL= -2665374.687686 (1.830192). Anneal status: T=0.00, dE=88.06, candidate was rejected
Itr 118, LL= -2665369.059117 (2.111736). Anneal status: T=0.00, dE=30.64, candidate was rejected
Itr 119, LL= -2665362.683629 (2.391972). Anneal status: T=0.00, dE=110.37, candidate was rejected
Itr 120, LL= -2665354.775676 (2.966933). Anneal status: T=0.00, dE=94.06, candidate was rejected
Itr 121, LL= -2665348.470366 (2.365655). Anneal status: T=0.00, dE=68.66, candidate was rejected
Itr 122, LL= -2665338.215210 (3.847585). Anneal status: T=0.00, dE=34.09, candidate was rejected
Itr 123, LL= -2665333.281464 (1.851077). Anneal status: T=0.00, dE=49.62, candidate was rejected
Itr 124, LL= -2665323.645124 (3.615435). Anneal status: T=0.00, dE=20.62, candidate was rejected
Itr 125, LL= -2665310.487695 (4.936522). Anneal status: T=0.00, dE=28.83, candidate was rejected
Itr 126, LL= -2665298.421397 (4.527164). Anneal status: T=0.00, dE=29.02, candidate was rejected
Itr 127, LL= -2665292.159949 (2.349249). Anneal status: T=0.00, dE=40.76, candidate was rejected
Itr 128, LL= -2665288.113189 (1.518318). Anneal status: T=0.00, dE=49.75, candidate was rejected
Itr 129, LL= -2665282.499829 (2.106099). Anneal status: T=0.00, dE=23.74, candidate was rejected
Itr 130, LL= -2665272.235973 (3.850945). Anneal status: T=0.00, dE=59.13, candidate was rejected
Itr 131, LL= -2665268.876106 (1.260609). Anneal status: T=0.00, dE=30.71, candidate was rejected
Itr 132, LL= -2665266.027959 (1.068615). Anneal status: T=0.00, dE=38.58, candidate was rejected
Itr 133, LL= -2665263.265142 (1.036601). Anneal status: T=0.00, dE=17.69, candidate was rejected
Itr 134, LL= -2665260.075825 (1.196624). Anneal status: T=0.00, dE=17.84, candidate was rejected
Itr 135, LL= -2665251.725003 (3.133211). Anneal status: T=0.00, dE=97.70, candidate was rejected
Itr 136, LL= -2665240.416305 (4.243013). Anneal status: T=0.00, dE=86.54, candidate was rejected
Itr 137, LL= -2665235.198281 (1.957806). Anneal status: T=0.00, dE=44.55, candidate was rejected
Itr 138, LL= -2665232.376095 (1.058888). Anneal status: T=0.00, dE=30.10, candidate was rejected
Itr 139, LL= -2665230.013188 (0.886567). Anneal status: T=0.00, dE=31.12, candidate was rejected
Itr 140, LL= -2665226.531967 (1.306161). Anneal status: T=0.00, dE=66.71, candidate was rejected
Itr 141, LL= -2665218.433596 (3.038530). Anneal status: T=0.00, dE=103.79, candidate was rejected
Itr 142, LL= -2665212.903720 (2.074830). Anneal status: T=0.00, dE=65.50, candidate was rejected
Itr 143, LL= -2665209.627724 (1.229169). Anneal status: T=0.00, dE=172.79, candidate was rejected
Itr 144, LL= -2665204.893592 (1.776270). Anneal status: T=0.00, dE=39.68, candidate was rejected
Itr 145, LL= -2665192.537190 (4.636192). Anneal status: T=0.00, dE=6.51, candidate was rejected
Itr 146, LL= -2665187.776150 (1.786378). Anneal status: T=0.00, dE=37.68, candidate was rejected
Itr 147, LL= -2665185.215948 (0.960608). Anneal status: T=0.00, dE=66.16, candidate was rejected
Itr 148, LL= -2665182.149130 (1.150696). Anneal status: T=0.00, dE=88.89, candidate was rejected
Itr 149, LL= -2665177.711420 (1.665068). Anneal status: T=0.00, dE=5.52, candidate was rejected
Itr 150, LL= -2665172.684813 (1.886031). Anneal status: T=0.00, dE=8.17, candidate was rejected
Itr 151, LL= -2665157.978838 (5.517832). Anneal status: T=0.00, dE=53.19, candidate was rejected
Itr 152, LL= -2665144.502013 (5.056670). Anneal status: T=0.00, dE=39.09, candidate was rejected
Itr 153, LL= -2665140.680085 (1.434042). Anneal status: T=0.00, dE=17.98, candidate was rejected
Itr 154, LL= -2665137.276995 (1.276889). Anneal status: T=0.00, dE=16.34, candidate was rejected
Itr 155, LL= -2665131.320194 (2.235082). Anneal status: T=0.00, dE=36.49, candidate was rejected
Itr 156, LL= -2665128.490647 (1.061691). Anneal status: T=0.00, dE=14.45, candidate was rejected
Itr 157, LL= -2665126.661888 (0.686180). Anneal status: T=0.00, dE=29.02, candidate was rejected
Itr 158, LL= -2665124.981606 (0.630470). Anneal status: T=0.00, dE=40.14, candidate was rejected
Itr 159, LL= -2665121.839270 (1.179058). Anneal status: T=0.00, dE=2.28, candidate was rejected
Itr 160, LL= -2665117.825547 (1.506019). Anneal status: T=0.00, dE=38.84, candidate was rejected
Itr 161, LL= -2665116.512420 (0.492709). Anneal status: T=0.00, dE=72.70, candidate was rejected
Itr 162, LL= -2665115.555634 (0.359003). Anneal status: T=0.00, dE=151.79, candidate was rejected
Itr 163, LL= -2665110.727887 (1.811459). Anneal status: T=0.00, dE=63.01, candidate was rejected
Itr 164, LL= -2665096.388213 (5.380517). Anneal status: T=0.00, dE=65.46, candidate was rejected
Itr 165, LL= -2665093.091509 (1.236992). Anneal status: T=0.00, dE=29.57, candidate was rejected
Itr 166, LL= -2665091.243836 (0.693286). Anneal status: T=0.00, dE=25.48, candidate was rejected
Itr 167, LL= -2665089.193637 (0.769279). Anneal status: T=0.00, dE=119.51, candidate was rejected
Itr 168, LL= -2665084.846284 (1.631222). Anneal status: T=0.00, dE=59.48, candidate was rejected
Itr 169, LL= -2665082.089157 (1.034536). Anneal status: T=0.00, dE=29.34, candidate was rejected
Itr 170, LL= -2665081.500068 (0.221040). Anneal status: T=0.00, dE=84.51, candidate was rejected
Itr 171, LL= -2665081.171769 (0.123185). Anneal status: T=0.00, dE=24.25, candidate was rejected
Itr 172, LL= -2665080.878814 (0.109923). Anneal status: T=0.00, dE=51.24, candidate was rejected
-- Annealing statistics:
Portion of times candidate was better: 0.011628
Portion of times candidate was chosen by chance: 0.029070
--
EM for 14 states, 100 emission nodes. 12 observed values.
            gibbs: 0
    nGibbsItrPcnt: 0.8000
     annealParams: {}
           maxItr: 500
      convergeEps: 1.0000e-06
           minItr: 5
       parametric: 0
        initprobs: []
      persistBias: 0
          obsVals: []

- Initalized simulated annealing with params:
                     type: 'linear'
    max_chance_accpetance: 0.2000
             min_duration: 5
        min_init_duration: 5
             max_duration: 11
              converge_th: 1.0000e-06

--
Itr 1, LL= -15983189.360913 (Inf). Anneal status: T=NaN, dE=4035.97, collecting statistics
Itr 2, LL= -2811134.232775 (Inf). Anneal status: T=NaN, dE=-0.16, collecting statistics
Itr 3, LL= -2792879.604961 (Inf). Anneal status: T=NaN, dE=-16.49, collecting statistics
Itr 4, LL= -2757268.131834 (12750.808543). Anneal status: T=NaN, dE=49.90, collecting statistics
Itr 5, LL= -2724787.375679 (11780.049891). Anneal status: T=NaN, dE=7.23, collecting statistics
Itr 6, LL= -2705585.937425 (7046.949213). Anneal status: T=14.40, dE=42.84, candidate was rejected
Itr 7, LL= -2695172.924196 (3848.709104). Anneal status: T=14.40, dE=-18.46, candidate was better
Itr 8, LL= -2689608.524216 (2064.579950). Anneal status: T=14.40, dE=0.02, candidate was chosen by chance
Itr 9, LL= -2686213.121579 (1262.415183). Anneal status: T=14.40, dE=8.57, candidate was rejected
Itr 10, LL= -2684061.790301 (800.878851). Anneal status: T=14.40, dE=7.35, candidate was chosen by chance
Itr 11, LL= -2682612.965334 (539.788232). Anneal status: T=12.96, dE=33.71, candidate was rejected
Itr 12, LL= -2681520.540363 (407.224219). Anneal status: T=12.96, dE=112.59, candidate was rejected
Itr 13, LL= -2680634.976685 (330.246837). Anneal status: T=12.96, dE=-8.49, candidate was better
Itr 14, LL= -2679942.900751 (258.176119). Anneal status: T=11.17, dE=121.57, candidate was rejected
Itr 15, LL= -2679379.154977 (210.357383). Anneal status: T=11.17, dE=178.44, candidate was rejected
Itr 16, LL= -2678964.511113 (154.753710). Anneal status: T=11.17, dE=135.65, candidate was rejected
Itr 17, LL= -2678616.385297 (129.947901). Anneal status: T=11.17, dE=-3.73, candidate was better
Itr 18, LL= -2678326.932745 (108.060472). Anneal status: T=11.17, dE=52.04, candidate was rejected
Itr 19, LL= -2678091.870151 (87.764713). Anneal status: T=10.05, dE=27.55, candidate was rejected
Itr 20, LL= -2677905.089874 (69.743790). Anneal status: T=9.62, dE=79.76, candidate was rejected
Itr 21, LL= -2677743.922886 (60.183981). Anneal status: T=9.62, dE=117.89, candidate was rejected
Itr 22, LL= -2677604.339823 (52.127114). Anneal status: T=9.62, dE=21.07, candidate was rejected
Itr 23, LL= -2677463.880208 (52.457196). Anneal status: T=9.62, dE=36.79, candidate was rejected
Itr 24, LL= -2677342.073873 (45.493175). Anneal status: T=9.62, dE=64.95, candidate was rejected
Itr 25, LL= -2677228.256506 (42.511328). Anneal status: T=8.66, dE=61.57, candidate was rejected
Itr 26, LL= -2677132.784388 (35.660806). Anneal status: T=8.66, dE=83.87, candidate was rejected
Itr 27, LL= -2677038.517954 (35.211714). Anneal status: T=8.66, dE=43.94, candidate was rejected
Itr 28, LL= -2676943.897537 (35.345183). Anneal status: T=8.66, dE=22.98, candidate was rejected
Itr 29, LL= -2676855.913169 (32.867468). Anneal status: T=8.66, dE=59.95, candidate was rejected
Itr 30, LL= -2676769.287449 (32.360995). Anneal status: T=7.70, dE=107.79, candidate was rejected
Itr 31, LL= -2676683.670442 (31.985202). Anneal status: T=7.70, dE=224.65, candidate was rejected
Itr 32, LL= -2676617.392112 (24.761361). Anneal status: T=7.70, dE=14.87, candidate was chosen by chance
Itr 33, LL= -2676521.173065 (35.948002). Anneal status: T=7.70, dE=59.20, candidate was rejected
Itr 34, LL= -2676440.617430 (30.097141). Anneal status: T=7.70, dE=68.69, candidate was rejected
Itr 35, LL= -2676362.604869 (29.147877). Anneal status: T=6.73, dE=110.40, candidate was rejected
Itr 36, LL= -2676289.140418 (27.449364). Anneal status: T=6.73, dE=10.60, candidate was rejected
Itr 37, LL= -2676208.968543 (29.956358). Anneal status: T=6.73, dE=15.43, candidate was rejected
Itr 38, LL= -2676128.575182 (30.040016). Anneal status: T=6.73, dE=213.72, candidate was rejected
Itr 39, LL= -2676047.650642 (30.239407). Anneal status: T=6.73, dE=109.29, candidate was rejected
Itr 40, LL= -2675970.393260 (28.869958). Anneal status: T=5.77, dE=2.21, candidate was chosen by chance
Itr 41, LL= -2675896.773559 (27.511403). Anneal status: T=5.77, dE=30.60, candidate was rejected
Itr 42, LL= -2675838.017449 (21.957540). Anneal status: T=5.77, dE=70.63, candidate was rejected
Itr 43, LL= -2675790.990222 (17.574766). Anneal status: T=5.77, dE=29.38, candidate was rejected
Itr 44, LL= -2675750.733325 (15.044859). Anneal status: T=5.77, dE=12.73, candidate was rejected
Itr 45, LL= -2675711.118477 (14.805134). Anneal status: T=4.81, dE=13.00, candidate was rejected
Itr 46, LL= -2675678.479834 (12.198119). Anneal status: T=4.81, dE=138.92, candidate was rejected
Itr 47, LL= -2675643.854737 (12.940679). Anneal status: T=4.81, dE=88.55, candidate was rejected
Itr 48, LL= -2675589.445390 (20.335049). Anneal status: T=4.81, dE=39.42, candidate was rejected
Itr 49, LL= -2675556.958756 (12.141860). Anneal status: T=4.81, dE=55.47, candidate was rejected
Itr 50, LL= -2675531.471462 (9.525977). Anneal status: T=3.85, dE=70.99, candidate was rejected
Itr 51, LL= -2675509.067544 (8.373633). Anneal status: T=3.85, dE=63.84, candidate was rejected
Itr 52, LL= -2675488.452101 (7.705241). Anneal status: T=3.85, dE=272.42, candidate was rejected
Itr 53, LL= -2675469.261149 (7.172878). Anneal status: T=3.85, dE=15.54, candidate was rejected
Itr 54, LL= -2675451.422899 (6.667335). Anneal status: T=3.85, dE=96.02, candidate was rejected
Itr 55, LL= -2675434.540877 (6.309972). Anneal status: T=2.89, dE=199.85, candidate was rejected
Itr 56, LL= -2675415.030869 (7.292276). Anneal status: T=2.89, dE=99.85, candidate was rejected
Itr 57, LL= -2675375.628215 (14.727679). Anneal status: T=2.89, dE=112.72, candidate was rejected
Itr 58, LL= -2675335.786057 (14.892173). Anneal status: T=2.89, dE=93.44, candidate was rejected
Itr 59, LL= -2675312.757639 (8.607674). Anneal status: T=2.89, dE=26.55, candidate was rejected
Itr 60, LL= -2675288.901897 (8.916992). Anneal status: T=1.92, dE=43.86, candidate was rejected
Itr 61, LL= -2675274.682271 (5.315174). Anneal status: T=1.92, dE=59.64, candidate was rejected
Itr 62, LL= -2675264.788138 (3.698361). Anneal status: T=1.92, dE=16.10, candidate was rejected
Itr 63, LL= -2675256.902823 (2.947490). Anneal status: T=1.92, dE=52.67, candidate was rejected
Itr 64, LL= -2675250.408665 (2.427489). Anneal status: T=1.92, dE=93.68, candidate was rejected
Itr 65, LL= -2675244.892093 (2.062077). Anneal status: T=0.96, dE=8.14, candidate was rejected
Itr 66, LL= -2675239.998826 (1.829091). Anneal status: T=0.96, dE=287.81, candidate was rejected
Itr 67, LL= -2675235.738777 (1.592399). Anneal status: T=0.96, dE=71.22, candidate was rejected
Itr 68, LL= -2675230.299202 (2.033307). Anneal status: T=0.96, dE=78.38, candidate was rejected
Itr 69, LL= -2675220.267161 (3.749973). Anneal status: T=0.96, dE=59.13, candidate was rejected
Itr 70, LL= -2675212.198128 (3.016213). Anneal status: T=0.00, dE=20.76, candidate was rejected
Itr 71, LL= -2675207.571971 (1.729267). Anneal status: T=0.00, dE=49.04, candidate was rejected
Itr 72, LL= -2675204.049981 (1.316530). Anneal status: T=0.00, dE=80.59, candidate was rejected
Itr 73, LL= -2675200.815688 (1.208989). Anneal status: T=0.00, dE=70.78, candidate was rejected
Itr 74, LL= -2675197.931118 (1.078263). Anneal status: T=0.00, dE=39.39, candidate was rejected
Itr 75, LL= -2675195.637940 (0.857199). Anneal status: T=0.00, dE=1.91, candidate was rejected
Itr 76, LL= -2675193.773652 (0.696879). Anneal status: T=0.00, dE=61.14, candidate was rejected
Itr 77, LL= -2675192.243123 (0.572119). Anneal status: T=0.00, dE=35.39, candidate was rejected
-- Annealing statistics:
Portion of times candidate was better: 0.038961
Portion of times candidate was chosen by chance: 0.051948
--
EM for 14 states, 100 emission nodes. 12 observed values.
            gibbs: 0
    nGibbsItrPcnt: 0.8000
     annealParams: {}
           maxItr: 500
      convergeEps: 1.0000e-06
           minItr: 5
       parametric: 0
        initprobs: []
      persistBias: 0
          obsVals: []

- Initalized simulated annealing with params:
                     type: 'linear'
    max_chance_accpetance: 0.2000
             min_duration: 5
        min_init_duration: 5
             max_duration: 11
              converge_th: 1.0000e-06

--
Itr 1, LL= -15668036.714543 (Inf). Anneal status: T=NaN, dE=-141.29, collecting statistics
Itr 2, LL= -2805977.903153 (Inf). Anneal status: T=NaN, dE=-173.69, collecting statistics
Itr 3, LL= -2783000.407630 (Inf). Anneal status: T=NaN, dE=-574.15, collecting statistics
Itr 4, LL= -2747898.641974 (12612.921493). Anneal status: T=NaN, dE=-50.61, collecting statistics
Itr 5, LL= -2725909.167361 (8002.287376). Anneal status: T=NaN, dE=-48.34, collecting statistics
Itr 6, LL= -2715538.114819 (3804.621469). Anneal status: T=NaN, dE=-20.95, collecting statistics
Itr 7, LL= -2709228.400890 (2323.559332). Anneal status: T=NaN, dE=-54.85, collecting statistics
Itr 8, LL= -2704269.256031 (1830.463928). Anneal status: T=NaN, dE=-28.44, collecting statistics
Itr 9, LL= -2699476.512062 (1772.288007). Anneal status: T=NaN, dE=15.33, collecting statistics
Itr 10, LL= -2695046.886620 (1640.920164). Anneal status: T=NaN, dE=46.40, collecting statistics
Itr 11, LL= -2691564.993524 (1291.960119). Anneal status: T=NaN, dE=18.32, collecting statistics
Itr 12, LL= -2688955.902614 (969.358316). Anneal status: T=8.26, dE=59.80, candidate was rejected
Itr 13, LL= -2686951.427273 (745.447457). Anneal status: T=8.26, dE=10.87, candidate was rejected
Itr 14, LL= -2685475.099433 (549.443442). Anneal status: T=8.26, dE=24.31, candidate was rejected
Itr 15, LL= -2684285.275285 (443.059088). Anneal status: T=8.26, dE=333.46, candidate was rejected
Itr 16, LL= -2683394.173730 (331.969766). Anneal status: T=8.26, dE=-9.03, candidate was better
Itr 17, LL= -2682674.462179 (268.209404). Anneal status: T=7.43, dE=27.53, candidate was rejected
Itr 18, LL= -2682070.296000 (225.210397). Anneal status: T=7.43, dE=67.51, candidate was rejected
Itr 19, LL= -2681567.693570 (187.393459). Anneal status: T=7.43, dE=29.96, candidate was rejected
Itr 20, LL= -2681081.837568 (181.183568). Anneal status: T=7.43, dE=75.15, candidate was rejected
Itr 21, LL= -2680703.479186 (141.121534). Anneal status: T=7.43, dE=40.39, candidate was rejected
Itr 22, LL= -2680403.344666 (111.961104). Anneal status: T=6.60, dE=4.08, candidate was rejected
Itr 23, LL= -2680138.029449 (98.983318). Anneal status: T=6.60, dE=0.75, candidate was chosen by chance
Itr 24, LL= -2679902.799805 (87.767735). Anneal status: T=6.60, dE=13.29, candidate was rejected
Itr 25, LL= -2679670.127910 (86.821020). Anneal status: T=6.60, dE=50.50, candidate was rejected
Itr 26, LL= -2679443.951013 (84.404754). Anneal status: T=6.60, dE=30.01, candidate was rejected
Itr 27, LL= -2679258.127831 (69.351397). Anneal status: T=5.78, dE=43.96, candidate was rejected
Itr 28, LL= -2679104.256687 (57.430504). Anneal status: T=5.78, dE=12.10, candidate was rejected
Itr 29, LL= -2678970.144757 (50.058496). Anneal status: T=5.78, dE=9.39, candidate was rejected
Itr 30, LL= -2678844.635210 (46.849924). Anneal status: T=5.78, dE=49.08, candidate was rejected
Itr 31, LL= -2678722.755591 (45.497084). Anneal status: T=5.78, dE=12.98, candidate was rejected
Itr 32, LL= -2678573.384276 (55.762141). Anneal status: T=4.95, dE=0.87, candidate was rejected
Itr 33, LL= -2678410.397872 (60.848213). Anneal status: T=4.95, dE=110.53, candidate was rejected
Itr 34, LL= -2678248.105514 (60.592790). Anneal status: T=4.95, dE=25.99, candidate was rejected
Itr 35, LL= -2678096.191558 (56.721390). Anneal status: T=4.95, dE=2.18, candidate was chosen by chance
Itr 36, LL= -2677953.160604 (53.407699). Anneal status: T=4.95, dE=47.04, candidate was rejected
Itr 37, LL= -2677831.370183 (45.478921). Anneal status: T=4.13, dE=60.07, candidate was rejected
Itr 38, LL= -2677707.652818 (46.200581). Anneal status: T=4.13, dE=3.74, candidate was rejected
Itr 39, LL= -2677568.574050 (51.939489). Anneal status: T=4.13, dE=20.22, candidate was rejected
Itr 40, LL= -2677437.476208 (48.961526). Anneal status: T=4.13, dE=25.78, candidate was rejected
Itr 41, LL= -2677345.358096 (34.405327). Anneal status: T=4.13, dE=76.37, candidate was rejected
Itr 42, LL= -2677250.515476 (35.424126). Anneal status: T=3.30, dE=6.97, candidate was rejected
Itr 43, LL= -2677157.033547 (34.917139). Anneal status: T=3.30, dE=42.02, candidate was rejected
Itr 44, LL= -2677078.197675 (29.447608). Anneal status: T=3.30, dE=172.17, candidate was rejected
Itr 45, LL= -2676998.198952 (29.882849). Anneal status: T=3.30, dE=25.44, candidate was rejected
Itr 46, LL= -2676923.688190 (27.833699). Anneal status: T=3.30, dE=14.17, candidate was rejected
Itr 47, LL= -2676849.610641 (27.672641). Anneal status: T=2.48, dE=67.74, candidate was rejected
Itr 48, LL= -2676777.020359 (27.117804). Anneal status: T=2.48, dE=91.67, candidate was rejected
Itr 49, LL= -2676713.217826 (23.835580). Anneal status: T=2.48, dE=15.76, candidate was rejected
Itr 50, LL= -2676653.274935 (22.394215). Anneal status: T=2.48, dE=103.72, candidate was rejected
Itr 51, LL= -2676604.837906 (18.096116). Anneal status: T=2.48, dE=27.74, candidate was rejected
Itr 52, LL= -2676562.075950 (15.976193). Anneal status: T=1.65, dE=41.54, candidate was rejected
Itr 53, LL= -2676513.825484 (18.027031). Anneal status: T=1.65, dE=98.85, candidate was rejected
Itr 54, LL= -2676467.739729 (17.218575). Anneal status: T=1.65, dE=54.62, candidate was rejected
Itr 55, LL= -2676430.207194 (14.023160). Anneal status: T=1.65, dE=191.49, candidate was rejected
Itr 56, LL= -2676400.845712 (10.970390). Anneal status: T=1.65, dE=2.10, candidate was rejected
Itr 57, LL= -2676374.921487 (9.686226). Anneal status: T=0.83, dE=36.42, candidate was rejected
Itr 58, LL= -2676348.672785 (9.807558). Anneal status: T=0.83, dE=24.84, candidate was rejected
Itr 59, LL= -2676318.542298 (11.258058). Anneal status: T=0.83, dE=12.68, candidate was rejected
Itr 60, LL= -2676290.979330 (10.298837). Anneal status: T=0.83, dE=5.19, candidate was rejected
Itr 61, LL= -2676267.127891 (8.912125). Anneal status: T=0.83, dE=14.22, candidate was rejected
Itr 62, LL= -2676243.539683 (8.813847). Anneal status: T=0.00, dE=12.69, candidate was rejected
Itr 63, LL= -2676222.604539 (7.822585). Anneal status: T=0.00, dE=100.59, candidate was rejected
Itr 64, LL= -2676195.345298 (10.185715). Anneal status: T=0.00, dE=10.67, candidate was rejected
Itr 65, LL= -2676173.805843 (8.048536). Anneal status: T=0.00, dE=113.11, candidate was rejected
Itr 66, LL= -2676148.408774 (9.490067). Anneal status: T=0.00, dE=88.67, candidate was rejected
Itr 67, LL= -2676107.547753 (15.268593). Anneal status: T=0.00, dE=0.76, candidate was rejected
Itr 68, LL= -2676051.257393 (21.034416). Anneal status: T=0.00, dE=76.54, candidate was rejected
Itr 69, LL= -2675990.069950 (22.864825). Anneal status: T=0.00, dE=38.88, candidate was rejected
Itr 70, LL= -2675933.532374 (21.127723). Anneal status: T=0.00, dE=21.66, candidate was rejected
Itr 71, LL= -2675896.437653 (13.862348). Anneal status: T=0.00, dE=48.18, candidate was rejected
Itr 72, LL= -2675866.591696 (11.153629). Anneal status: T=0.00, dE=0.18, candidate was rejected
Itr 73, LL= -2675844.189666 (8.371878). Anneal status: T=0.00, dE=86.92, candidate was rejected
Itr 74, LL= -2675824.384346 (7.401522). Anneal status: T=0.00, dE=49.89, candidate was rejected
Itr 75, LL= -2675805.473135 (7.067433). Anneal status: T=0.00, dE=11.70, candidate was rejected
Itr 76, LL= -2675789.641571 (5.916560). Anneal status: T=0.00, dE=45.33, candidate was rejected
Itr 77, LL= -2675777.547665 (4.519752). Anneal status: T=0.00, dE=14.59, candidate was rejected
Itr 78, LL= -2675765.832533 (4.378216). Anneal status: T=0.00, dE=112.17, candidate was rejected
Itr 79, LL= -2675752.029965 (5.158362). Anneal status: T=0.00, dE=73.58, candidate was rejected
Itr 80, LL= -2675741.837302 (3.809270). Anneal status: T=0.00, dE=41.89, candidate was rejected
Itr 81, LL= -2675732.818418 (3.370611). Anneal status: T=0.00, dE=32.66, candidate was rejected
Itr 82, LL= -2675720.039803 (4.775744). Anneal status: T=0.00, dE=47.37, candidate was rejected
Itr 83, LL= -2675707.249908 (4.779982). Anneal status: T=0.00, dE=31.21, candidate was rejected
Itr 84, LL= -2675695.072931 (4.550938). Anneal status: T=0.00, dE=51.30, candidate was rejected
Itr 85, LL= -2675687.610988 (2.788787). Anneal status: T=0.00, dE=262.55, candidate was rejected
Itr 86, LL= -2675682.945245 (1.743755). Anneal status: T=0.00, dE=118.12, candidate was rejected
Itr 87, LL= -2675679.214533 (1.394303). Anneal status: T=0.00, dE=16.41, candidate was rejected
Itr 88, LL= -2675674.992545 (1.577913). Anneal status: T=0.00, dE=42.11, candidate was rejected
Itr 89, LL= -2675670.545024 (1.662205). Anneal status: T=0.00, dE=72.49, candidate was rejected
Itr 90, LL= -2675667.091066 (1.290876). Anneal status: T=0.00, dE=72.94, candidate was rejected
Itr 91, LL= -2675663.565447 (1.317660). Anneal status: T=0.00, dE=47.53, candidate was rejected
Itr 92, LL= -2675660.468746 (1.157358). Anneal status: T=0.00, dE=151.54, candidate was rejected
Itr 93, LL= -2675654.963869 (2.057390). Anneal status: T=0.00, dE=169.76, candidate was rejected
Itr 94, LL= -2675649.375095 (2.088750). Anneal status: T=0.00, dE=71.96, candidate was rejected
Itr 95, LL= -2675641.917880 (2.787068). Anneal status: T=0.00, dE=62.76, candidate was rejected
Itr 96, LL= -2675635.748239 (2.305854). Anneal status: T=0.00, dE=20.26, candidate was rejected
Itr 97, LL= -2675627.319908 (3.150029). Anneal status: T=0.00, dE=10.54, candidate was rejected
Itr 98, LL= -2675618.547338 (3.278697). Anneal status: T=0.00, dE=9.35, candidate was rejected
Itr 99, LL= -2675609.363310 (3.432488). Anneal status: T=0.00, dE=72.97, candidate was rejected
Itr 100, LL= -2675598.403912 (4.096038). Anneal status: T=0.00, dE=71.11, candidate was rejected
Itr 101, LL= -2675591.009217 (2.763754). Anneal status: T=0.00, dE=89.26, candidate was rejected
Itr 102, LL= -2675584.893731 (2.285658). Anneal status: T=0.00, dE=59.13, candidate was rejected
Itr 103, LL= -2675579.089340 (2.169391). Anneal status: T=0.00, dE=44.57, candidate was rejected
Itr 104, LL= -2675574.795391 (1.604867). Anneal status: T=0.00, dE=29.61, candidate was rejected
Itr 105, LL= -2675571.328671 (1.295692). Anneal status: T=0.00, dE=23.16, candidate was rejected
Itr 106, LL= -2675568.524850 (1.047933). Anneal status: T=0.00, dE=23.91, candidate was rejected
Itr 107, LL= -2675566.216950 (0.862583). Anneal status: T=0.00, dE=167.79, candidate was rejected
Itr 108, LL= -2675564.270556 (0.727470). Anneal status: T=0.00, dE=33.73, candidate was rejected
Itr 109, LL= -2675562.532321 (0.649670). Anneal status: T=0.00, dE=61.48, candidate was rejected
-- Annealing statistics:
Portion of times candidate was better: 0.009174
Portion of times candidate was chosen by chance: 0.018349
--
EM for 14 states, 100 emission nodes. 12 observed values.
            gibbs: 0
    nGibbsItrPcnt: 0.8000
     annealParams: {}
           maxItr: 500
      convergeEps: 1.0000e-06
           minItr: 5
       parametric: 0
        initprobs: []
      persistBias: 0
          obsVals: []

- Initalized simulated annealing with params:
                     type: 'linear'
    max_chance_accpetance: 0.2000
             min_duration: 5
        min_init_duration: 5
             max_duration: 11
              converge_th: 1.0000e-06

--
Itr 1, LL= -16081386.407456 (Inf). Anneal status: T=NaN, dE=2326.04, collecting statistics
Itr 2, LL= -2807420.994053 (Inf). Anneal status: T=NaN, dE=-314.50, collecting statistics
Itr 3, LL= -2778718.424228 (Inf). Anneal status: T=NaN, dE=-431.17, collecting statistics
Itr 4, LL= -2739741.798404 (14026.835351). Anneal status: T=NaN, dE=-325.12, collecting statistics
Itr 5, LL= -2712352.210625 (9997.141992). Anneal status: T=NaN, dE=-29.22, collecting statistics
Itr 6, LL= -2697730.655819 (5390.728663). Anneal status: T=NaN, dE=-172.97, collecting statistics
Itr 7, LL= -2688733.433684 (3335.107645). Anneal status: T=NaN, dE=-94.69, collecting statistics
Itr 8, LL= -2682552.869241 (2298.689921). Anneal status: T=NaN, dE=1.87, collecting statistics
Itr 9, LL= -2678322.703541 (1576.917923). Anneal status: T=NaN, dE=-72.84, collecting statistics
Itr 10, LL= -2675739.490280 (964.489177). Anneal status: T=NaN, dE=63.77, collecting statistics
Itr 11, LL= -2674145.707405 (595.642020). Anneal status: T=20.14, dE=65.90, candidate was rejected
Itr 12, LL= -2673136.624879 (377.347623). Anneal status: T=20.14, dE=18.78, candidate was rejected
Itr 13, LL= -2672455.618219 (254.759391). Anneal status: T=20.14, dE=15.36, candidate was rejected
Itr 14, LL= -2672005.503473 (168.427398). Anneal status: T=20.14, dE=85.03, candidate was rejected
Itr 15, LL= -2671692.000364 (117.328766). Anneal status: T=20.14, dE=32.70, candidate was rejected
Itr 16, LL= -2671439.899577 (94.359974). Anneal status: T=18.13, dE=9.11, candidate was chosen by chance
Itr 17, LL= -2671229.920201 (78.601572). Anneal status: T=18.13, dE=117.72, candidate was rejected
Itr 18, LL= -2671047.787268 (68.183174). Anneal status: T=18.13, dE=50.78, candidate was rejected
Itr 19, LL= -2670869.355117 (66.802306). Anneal status: T=18.13, dE=189.68, candidate was rejected
Itr 20, LL= -2670711.027773 (59.279329). Anneal status: T=18.13, dE=13.79, candidate was chosen by chance
Itr 21, LL= -2670544.289671 (62.432102). Anneal status: T=16.11, dE=43.99, candidate was rejected
Itr 22, LL= -2670409.512147 (50.468185). Anneal status: T=16.11, dE=25.38, candidate was chosen by chance
Itr 23, LL= -2670231.988298 (66.478137). Anneal status: T=16.11, dE=26.56, candidate was rejected
Itr 24, LL= -2670096.381047 (50.784820). Anneal status: T=16.11, dE=41.29, candidate was rejected
Itr 25, LL= -2669989.408266 (40.063266). Anneal status: T=16.11, dE=7.74, candidate was chosen by chance
Itr 26, LL= -2669889.147932 (37.550836). Anneal status: T=14.10, dE=2.44, candidate was chosen by chance
Itr 27, LL= -2669802.343827 (32.512250). Anneal status: T=14.10, dE=105.13, candidate was rejected
Itr 28, LL= -2669726.595071 (28.372421). Anneal status: T=14.10, dE=151.32, candidate was rejected
Itr 29, LL= -2669661.632688 (24.332972). Anneal status: T=14.10, dE=22.78, candidate was rejected
Itr 30, LL= -2669604.604986 (21.361397). Anneal status: T=14.10, dE=57.37, candidate was rejected
Itr 31, LL= -2669556.263202 (18.108219). Anneal status: T=12.09, dE=90.33, candidate was rejected
Itr 32, LL= -2669515.917855 (15.113128). Anneal status: T=12.09, dE=83.79, candidate was rejected
Itr 33, LL= -2669478.948856 (13.848578). Anneal status: T=12.09, dE=21.48, candidate was rejected
Itr 34, LL= -2669447.377508 (11.826783). Anneal status: T=12.09, dE=43.67, candidate was rejected
Itr 35, LL= -2669424.064676 (8.733205). Anneal status: T=12.09, dE=162.80, candidate was rejected
Itr 36, LL= -2669403.721225 (7.620914). Anneal status: T=10.07, dE=13.33, candidate was rejected
Itr 37, LL= -2669382.886952 (7.804842). Anneal status: T=10.07, dE=63.68, candidate was rejected
Itr 38, LL= -2669362.573121 (7.609935). Anneal status: T=10.07, dE=39.25, candidate was rejected
Itr 39, LL= -2669344.420939 (6.800193). Anneal status: T=10.07, dE=72.55, candidate was rejected
Itr 40, LL= -2669329.339342 (5.649926). Anneal status: T=10.07, dE=53.98, candidate was rejected
Itr 41, LL= -2669316.345879 (4.867688). Anneal status: T=8.06, dE=103.17, candidate was rejected
Itr 42, LL= -2669304.934596 (4.274983). Anneal status: T=8.06, dE=60.93, candidate was rejected
Itr 43, LL= -2669292.403360 (4.694569). Anneal status: T=8.06, dE=47.88, candidate was rejected
Itr 44, LL= -2669277.704396 (5.506689). Anneal status: T=8.06, dE=71.95, candidate was rejected
Itr 45, LL= -2669266.102483 (4.346462). Anneal status: T=8.06, dE=100.94, candidate was rejected
Itr 46, LL= -2669252.846466 (4.966166). Anneal status: T=6.04, dE=25.09, candidate was rejected
Itr 47, LL= -2669239.312207 (5.070430). Anneal status: T=6.04, dE=19.72, candidate was rejected
Itr 48, LL= -2669229.076802 (3.834577). Anneal status: T=6.04, dE=135.42, candidate was rejected
Itr 49, LL= -2669220.165254 (3.338622). Anneal status: T=6.04, dE=42.93, candidate was rejected
Itr 50, LL= -2669209.468569 (4.007419). Anneal status: T=6.04, dE=158.98, candidate was rejected
Itr 51, LL= -2669199.958673 (3.562814). Anneal status: T=4.03, dE=45.17, candidate was rejected
Itr 52, LL= -2669192.348348 (2.851163). Anneal status: T=4.03, dE=86.46, candidate was rejected
Itr 53, LL= -2669184.338056 (3.001017). Anneal status: T=4.03, dE=36.28, candidate was rejected
Itr 54, LL= -2669169.982470 (5.378267). Anneal status: T=4.03, dE=16.93, candidate was rejected
Itr 55, LL= -2669159.191049 (4.042987). Anneal status: T=4.03, dE=10.76, candidate was rejected
Itr 56, LL= -2669150.960163 (3.083700). Anneal status: T=2.01, dE=17.23, candidate was rejected
Itr 57, LL= -2669143.067969 (2.956818). Anneal status: T=2.01, dE=12.96, candidate was rejected
Itr 58, LL= -2669136.469662 (2.472070). Anneal status: T=2.01, dE=85.36, candidate was rejected
Itr 59, LL= -2669130.656678 (2.177852). Anneal status: T=2.01, dE=56.36, candidate was rejected
Itr 60, LL= -2669125.351466 (1.987618). Anneal status: T=2.01, dE=22.86, candidate was rejected
Itr 61, LL= -2669120.310845 (1.888492). Anneal status: T=0.00, dE=111.50, candidate was rejected
Itr 62, LL= -2669114.271864 (2.262536). Anneal status: T=0.00, dE=217.73, candidate was rejected
Itr 63, LL= -2669106.280297 (2.994090). Anneal status: T=0.00, dE=88.79, candidate was rejected
Itr 64, LL= -2669100.272869 (2.250726). Anneal status: T=0.00, dE=112.75, candidate was rejected
Itr 65, LL= -2669096.165695 (1.538786). Anneal status: T=0.00, dE=61.93, candidate was rejected
Itr 66, LL= -2669091.324753 (1.813701). Anneal status: T=0.00, dE=31.79, candidate was rejected
Itr 67, LL= -2669087.176775 (1.554078). Anneal status: T=0.00, dE=190.05, candidate was rejected
Itr 68, LL= -2669083.327590 (1.442135). Anneal status: T=0.00, dE=146.72, candidate was rejected
Itr 69, LL= -2669079.744384 (1.342486). Anneal status: T=0.00, dE=55.70, candidate was rejected
Itr 70, LL= -2669076.402778 (1.251969). Anneal status: T=0.00, dE=37.99, candidate was rejected
Itr 71, LL= -2669073.160089 (1.214910). Anneal status: T=0.00, dE=54.23, candidate was rejected
Itr 72, LL= -2669069.895092 (1.223270). Anneal status: T=0.00, dE=39.62, candidate was rejected
Itr 73, LL= -2669066.619356 (1.227295). Anneal status: T=0.00, dE=334.94, candidate was rejected
Itr 74, LL= -2669063.379411 (1.213887). Anneal status: T=0.00, dE=77.86, candidate was rejected
Itr 75, LL= -2669060.045412 (1.249127). Anneal status: T=0.00, dE=37.44, candidate was rejected
Itr 76, LL= -2669056.585935 (1.296140). Anneal status: T=0.00, dE=17.77, candidate was rejected
Itr 77, LL= -2669053.047467 (1.325737). Anneal status: T=0.00, dE=8.06, candidate was rejected
Itr 78, LL= -2669049.283297 (1.410302). Anneal status: T=0.00, dE=20.29, candidate was rejected
Itr 79, LL= -2669044.931582 (1.630436). Anneal status: T=0.00, dE=70.50, candidate was rejected
Itr 80, LL= -2669038.589366 (2.376212). Anneal status: T=0.00, dE=71.26, candidate was rejected
Itr 81, LL= -2669032.111243 (2.427137). Anneal status: T=0.00, dE=72.39, candidate was rejected
Itr 82, LL= -2669026.271570 (2.187937). Anneal status: T=0.00, dE=17.97, candidate was rejected
Itr 83, LL= -2669019.545002 (2.520233). Anneal status: T=0.00, dE=35.65, candidate was rejected
Itr 84, LL= -2669010.579156 (3.359228). Anneal status: T=0.00, dE=41.45, candidate was rejected
Itr 85, LL= -2669002.850704 (2.895625). Anneal status: T=0.00, dE=3.99, candidate was rejected
Itr 86, LL= -2668987.322845 (5.817850). Anneal status: T=0.00, dE=111.35, candidate was rejected
Itr 87, LL= -2668975.736691 (4.341030). Anneal status: T=0.00, dE=21.04, candidate was rejected
Itr 88, LL= -2668966.360091 (3.513183). Anneal status: T=0.00, dE=45.22, candidate was rejected
Itr 89, LL= -2668956.767439 (3.594145). Anneal status: T=0.00, dE=39.46, candidate was rejected
Itr 90, LL= -2668946.577670 (3.817885). Anneal status: T=0.00, dE=114.22, candidate was rejected
Itr 91, LL= -2668934.465343 (4.538242). Anneal status: T=0.00, dE=7.17, candidate was rejected
Itr 92, LL= -2668921.313667 (4.927688). Anneal status: T=0.00, dE=91.35, candidate was rejected
Itr 93, LL= -2668909.147281 (4.558541). Anneal status: T=0.00, dE=123.08, candidate was rejected
Itr 94, LL= -2668897.473462 (4.374004). Anneal status: T=0.00, dE=152.37, candidate was rejected
Itr 95, LL= -2668885.849699 (4.355268). Anneal status: T=0.00, dE=78.66, candidate was rejected
Itr 96, LL= -2668873.704343 (4.550721). Anneal status: T=0.00, dE=45.39, candidate was rejected
Itr 97, LL= -2668860.532762 (4.935258). Anneal status: T=0.00, dE=67.82, candidate was rejected
Itr 98, LL= -2668847.983819 (4.701985). Anneal status: T=0.00, dE=79.38, candidate was rejected
Itr 99, LL= -2668835.941106 (4.512326). Anneal status: T=0.00, dE=40.31, candidate was rejected
Itr 100, LL= -2668823.822563 (4.540759). Anneal status: T=0.00, dE=22.30, candidate was rejected
Itr 101, LL= -2668810.675900 (4.926014). Anneal status: T=0.00, dE=19.63, candidate was rejected
Itr 102, LL= -2668796.457254 (5.327709). Anneal status: T=0.00, dE=199.01, candidate was rejected
Itr 103, LL= -2668780.930134 (5.818023). Anneal status: T=0.00, dE=47.58, candidate was rejected
Itr 104, LL= -2668767.864474 (4.895741). Anneal status: T=0.00, dE=40.53, candidate was rejected
Itr 105, LL= -2668751.356787 (6.185509). Anneal status: T=0.00, dE=186.27, candidate was rejected
Itr 106, LL= -2668736.159235 (5.694630). Anneal status: T=0.00, dE=34.59, candidate was rejected
Itr 107, LL= -2668718.481047 (6.624180). Anneal status: T=0.00, dE=42.42, candidate was rejected
Itr 108, LL= -2668694.188864 (9.102565). Anneal status: T=0.00, dE=51.12, candidate was rejected
Itr 109, LL= -2668676.990279 (6.444569). Anneal status: T=0.00, dE=76.97, candidate was rejected
Itr 110, LL= -2668662.707372 (5.352055). Anneal status: T=0.00, dE=99.31, candidate was rejected
Itr 111, LL= -2668648.952288 (5.154298). Anneal status: T=0.00, dE=114.92, candidate was rejected
Itr 112, LL= -2668634.835971 (5.289687). Anneal status: T=0.00, dE=38.31, candidate was rejected
Itr 113, LL= -2668617.610864 (6.454651). Anneal status: T=0.00, dE=48.68, candidate was rejected
Itr 114, LL= -2668600.944331 (6.245380). Anneal status: T=0.00, dE=364.42, candidate was rejected
Itr 115, LL= -2668587.657737 (4.978861). Anneal status: T=0.00, dE=55.83, candidate was rejected
Itr 116, LL= -2668575.072657 (4.716008). Anneal status: T=0.00, dE=91.55, candidate was rejected
Itr 117, LL= -2668561.279807 (5.168620). Anneal status: T=0.00, dE=176.71, candidate was rejected
Itr 118, LL= -2668548.595069 (4.753400). Anneal status: T=0.00, dE=63.21, candidate was rejected
Itr 119, LL= -2668539.603862 (3.369325). Anneal status: T=0.00, dE=104.71, candidate was rejected
Itr 120, LL= -2668531.273148 (3.121825). Anneal status: T=0.00, dE=21.63, candidate was rejected
Itr 121, LL= -2668522.732878 (3.200364). Anneal status: T=0.00, dE=53.85, candidate was rejected
Itr 122, LL= -2668513.434347 (3.484524). Anneal status: T=0.00, dE=56.44, candidate was rejected
Itr 123, LL= -2668504.032402 (3.523289). Anneal status: T=0.00, dE=127.01, candidate was rejected
Itr 124, LL= -2668495.507514 (3.194632). Anneal status: T=0.00, dE=31.09, candidate was rejected
Itr 125, LL= -2668485.847346 (3.620080). Anneal status: T=0.00, dE=179.50, candidate was rejected
Itr 126, LL= -2668475.909773 (3.724049). Anneal status: T=0.00, dE=7.59, candidate was rejected
Itr 127, LL= -2668468.885635 (2.632266). Anneal status: T=0.00, dE=23.31, candidate was rejected
Itr 128, LL= -2668461.858778 (2.633292). Anneal status: T=0.00, dE=18.69, candidate was rejected
Itr 129, LL= -2668453.630705 (3.083452). Anneal status: T=0.00, dE=51.75, candidate was rejected
Itr 130, LL= -2668447.182256 (2.416549). Anneal status: T=0.00, dE=67.30, candidate was rejected
Itr 131, LL= -2668442.619150 (1.710023). Anneal status: T=0.00, dE=95.68, candidate was rejected
Itr 132, LL= -2668436.865678 (2.156116). Anneal status: T=0.00, dE=101.18, candidate was rejected
Itr 133, LL= -2668432.065504 (1.798871). Anneal status: T=0.00, dE=31.23, candidate was rejected
Itr 134, LL= -2668429.220173 (1.066293). Anneal status: T=0.00, dE=35.98, candidate was rejected
Itr 135, LL= -2668426.902856 (0.868420). Anneal status: T=0.00, dE=103.12, candidate was rejected
Itr 136, LL= -2668424.935643 (0.737218). Anneal status: T=0.00, dE=59.23, candidate was rejected
Itr 137, LL= -2668423.236210 (0.636867). Anneal status: T=0.00, dE=83.18, candidate was rejected
-- Annealing statistics:
Portion of times candidate was better: 0.000000
Portion of times candidate was chosen by chance: 0.036496
--
>> Your MATLAB session has timed out.  All license keys have been returned.
