My SLURM_ARRAY_TASK_ID:  4

                            < M A T L A B (R) >
                  Copyright 1984-2014 The MathWorks, Inc.
                   R2014b (8.4.0.150421) 64-bit (glnxa64)
                             September 15, 2014

 
For online documentation, see http://www.mathworks.com/support
For product information, visit www.mathworks.com.
 
EM for 4 states, 100 emission nodes. 12 observed values.
            gibbs: 0
    nGibbsItrPcnt: 0.8000
     annealParams: {}
           maxItr: 500
      convergeEps: 1.0000e-06
           minItr: 5
       parametric: 0
        initprobs: []
      persistBias: 0
          obsVals: []

- Initalized simulated annealing with params:
                     type: 'linear'
    max_chance_accpetance: 0.2000
             min_duration: 5
        min_init_duration: 5
             max_duration: 11
              converge_th: 1.0000e-06

--
Itr 1, LL= -16699749.518136 (Inf). Anneal status: T=NaN, dE=-1466.28, collecting statistics
Itr 2, LL= -2820960.433906 (Inf). Anneal status: T=NaN, dE=45.30, collecting statistics
Itr 3, LL= -2806153.395986 (Inf). Anneal status: T=NaN, dE=-815.98, collecting statistics
Itr 4, LL= -2787560.441363 (6625.779848). Anneal status: T=NaN, dE=-237.00, collecting statistics
Itr 5, LL= -2770963.750095 (5953.840864). Anneal status: T=NaN, dE=-368.67, collecting statistics
Itr 6, LL= -2758959.867741 (4332.024319). Anneal status: T=NaN, dE=162.62, collecting statistics
Itr 7, LL= -2750935.297324 (2908.549164). Anneal status: T=NaN, dE=15.35, collecting statistics
Itr 8, LL= -2745818.470578 (1860.031659). Anneal status: T=NaN, dE=-57.02, collecting statistics
Itr 9, LL= -2742370.142026 (1255.847242). Anneal status: T=7.13, dE=239.81, candidate was rejected
Itr 10, LL= -2740106.307083 (825.503059). Anneal status: T=7.13, dE=12.71, candidate was rejected
Itr 11, LL= -2738746.966464 (496.090467). Anneal status: T=7.13, dE=-1.61, candidate was better
Itr 12, LL= -2737947.298914 (291.982998). Anneal status: T=7.13, dE=3.17, candidate was chosen by chance
Itr 13, LL= -2737439.654540 (185.410572). Anneal status: T=7.13, dE=-2.42, candidate was better
Itr 14, LL= -2737095.032727 (125.892022). Anneal status: T=6.42, dE=10.81, candidate was rejected
Itr 15, LL= -2736811.493960 (103.591130). Anneal status: T=4.38, dE=61.15, candidate was rejected
Itr 16, LL= -2736550.250954 (95.455243). Anneal status: T=4.38, dE=714.84, candidate was rejected
Itr 17, LL= -2736276.389673 (100.075370). Anneal status: T=4.38, dE=29.91, candidate was rejected
Itr 18, LL= -2735999.301339 (101.264746). Anneal status: T=4.38, dE=169.73, candidate was rejected
Itr 19, LL= -2735723.912610 (100.653801). Anneal status: T=4.38, dE=131.21, candidate was rejected
Itr 20, LL= -2735437.630216 (104.645938). Anneal status: T=3.94, dE=238.62, candidate was rejected
Itr 21, LL= -2735116.917132 (117.243793). Anneal status: T=3.94, dE=109.52, candidate was rejected
Itr 22, LL= -2734738.267972 (138.439844). Anneal status: T=3.94, dE=41.93, candidate was rejected
Itr 23, LL= -2734325.116977 (151.075150). Anneal status: T=3.94, dE=34.10, candidate was rejected
Itr 24, LL= -2733888.817241 (159.563957). Anneal status: T=3.94, dE=186.81, candidate was rejected
Itr 25, LL= -2733481.575371 (148.960656). Anneal status: T=3.50, dE=102.29, candidate was rejected
Itr 26, LL= -2733117.598164 (133.155171). Anneal status: T=3.50, dE=7.84, candidate was rejected
Itr 27, LL= -2732872.406817 (89.711232). Anneal status: T=3.50, dE=16.69, candidate was rejected
Itr 28, LL= -2732729.021564 (52.466867). Anneal status: T=3.50, dE=39.98, candidate was rejected
Itr 29, LL= -2732633.450703 (34.972682). Anneal status: T=3.50, dE=10.62, candidate was rejected
Itr 30, LL= -2732562.410420 (25.997004). Anneal status: T=3.07, dE=41.92, candidate was rejected
Itr 31, LL= -2732525.195730 (13.618972). Anneal status: T=3.07, dE=263.50, candidate was rejected
Itr 32, LL= -2732492.618538 (11.922010). Anneal status: T=3.07, dE=180.63, candidate was rejected
Itr 33, LL= -2732477.267075 (5.618117). Anneal status: T=3.07, dE=6.66, candidate was rejected
Itr 34, LL= -2732459.960876 (6.333520). Anneal status: T=3.07, dE=218.14, candidate was rejected
Itr 35, LL= -2732426.804831 (12.134137). Anneal status: T=2.63, dE=12.05, candidate was rejected
Itr 36, LL= -2732416.720620 (3.690570). Anneal status: T=2.63, dE=49.10, candidate was rejected
Itr 37, LL= -2732411.517047 (1.904385). Anneal status: T=2.63, dE=105.39, candidate was rejected
Itr 38, LL= -2732411.074727 (0.161879). Anneal status: T=2.63, dE=2.18, candidate was chosen by chance
Itr 39, LL= -2732408.087075 (1.093412). Anneal status: T=2.63, dE=132.65, candidate was rejected
Itr 40, LL= -2732406.150623 (0.708698). Anneal status: T=2.19, dE=167.07, candidate was rejected
Itr 41, LL= -2732398.451378 (2.817753). Anneal status: T=2.19, dE=96.72, candidate was rejected
Itr 42, LL= -2732388.505886 (3.639840). Anneal status: T=2.19, dE=281.82, candidate was rejected
Itr 43, LL= -2732385.693869 (1.029142). Anneal status: T=2.19, dE=3.56, candidate was rejected
Itr 44, LL= -2732384.393728 (0.475826). Anneal status: T=2.19, dE=321.82, candidate was rejected
Itr 45, LL= -2732382.113793 (0.834412). Anneal status: T=1.75, dE=21.85, candidate was rejected
Itr 46, LL= -2732380.622251 (0.545876). Anneal status: T=1.75, dE=147.06, candidate was rejected
-- Annealing statistics:
Portion of times candidate was better: 0.043478
Portion of times candidate was chosen by chance: 0.043478
--
EM for 4 states, 100 emission nodes. 12 observed values.
            gibbs: 0
    nGibbsItrPcnt: 0.8000
     annealParams: {}
           maxItr: 500
      convergeEps: 1.0000e-06
           minItr: 5
       parametric: 0
        initprobs: []
      persistBias: 0
          obsVals: []

- Initalized simulated annealing with params:
                     type: 'linear'
    max_chance_accpetance: 0.2000
             min_duration: 5
        min_init_duration: 5
             max_duration: 11
              converge_th: 1.0000e-06

--
Itr 1, LL= -16609429.816298 (Inf). Anneal status: T=NaN, dE=-286.83, collecting statistics
Itr 2, LL= -2815184.015088 (Inf). Anneal status: T=NaN, dE=-34.13, collecting statistics
Itr 3, LL= -2791604.810834 (Inf). Anneal status: T=NaN, dE=274.07, collecting statistics
Itr 4, LL= -2767502.245268 (8633.946135). Anneal status: T=NaN, dE=-177.60, collecting statistics
Itr 5, LL= -2754457.697889 (4713.473097). Anneal status: T=NaN, dE=-90.77, collecting statistics
Itr 6, LL= -2746903.931386 (2742.378839). Anneal status: T=NaN, dE=441.24, collecting statistics
Itr 7, LL= -2743257.053824 (1327.632000). Anneal status: T=NaN, dE=-57.25, collecting statistics
Itr 8, LL= -2741828.547428 (520.733700). Anneal status: T=NaN, dE=73.90, collecting statistics
Itr 9, LL= -2741268.217027 (204.363764). Anneal status: T=24.21, dE=75.18, candidate was rejected
Itr 10, LL= -2741017.806843 (91.348297). Anneal status: T=24.21, dE=-1.10, candidate was better
Itr 11, LL= -2740889.368503 (46.857900). Anneal status: T=24.21, dE=42.65, candidate was rejected
Itr 12, LL= -2740816.884305 (26.445503). Anneal status: T=24.21, dE=451.40, candidate was rejected
Itr 13, LL= -2740797.806604 (6.960589). Anneal status: T=24.21, dE=28.91, candidate was chosen by chance
Itr 14, LL= -2740742.569519 (20.153652). Anneal status: T=21.79, dE=7.56, candidate was chosen by chance
Itr 15, LL= -2740697.185496 (16.559024). Anneal status: T=21.79, dE=27.30, candidate was rejected
Itr 16, LL= -2740665.705360 (11.486178). Anneal status: T=21.79, dE=12.27, candidate was rejected
Itr 17, LL= -2740638.441221 (9.947999). Anneal status: T=21.79, dE=13.62, candidate was rejected
Itr 18, LL= -2740609.583360 (10.529612). Anneal status: T=21.79, dE=170.07, candidate was rejected
Itr 19, LL= -2740587.696150 (7.986256). Anneal status: T=19.37, dE=154.90, candidate was rejected
Itr 20, LL= -2740576.144372 (4.215073). Anneal status: T=19.37, dE=9.08, candidate was chosen by chance
Itr 21, LL= -2740551.972287 (8.820074). Anneal status: T=19.37, dE=243.92, candidate was rejected
Itr 22, LL= -2740534.803280 (6.264799). Anneal status: T=19.37, dE=438.39, candidate was rejected
Itr 23, LL= -2740518.910113 (5.799294). Anneal status: T=19.37, dE=9.25, candidate was rejected
Itr 24, LL= -2740503.010379 (5.801724). Anneal status: T=16.95, dE=150.95, candidate was rejected
Itr 25, LL= -2740486.537191 (6.011009). Anneal status: T=16.95, dE=113.20, candidate was rejected
Itr 26, LL= -2740468.798611 (6.472785). Anneal status: T=16.95, dE=54.45, candidate was rejected
Itr 27, LL= -2740460.344687 (3.084846). Anneal status: T=16.95, dE=11.48, candidate was chosen by chance
Itr 28, LL= -2740429.388452 (11.295998). Anneal status: T=16.95, dE=22.98, candidate was rejected
Itr 29, LL= -2740402.450870 (9.829694). Anneal status: T=14.53, dE=36.25, candidate was rejected
Itr 30, LL= -2740371.879948 (11.155632). Anneal status: T=14.53, dE=1.61, candidate was chosen by chance
Itr 31, LL= -2740331.268193 (14.819797). Anneal status: T=14.53, dE=1.12, candidate was chosen by chance
Itr 32, LL= -2740277.717370 (19.541733). Anneal status: T=14.53, dE=31.44, candidate was rejected
Itr 33, LL= -2740205.656150 (26.297050). Anneal status: T=14.53, dE=18.46, candidate was rejected
Itr 34, LL= -2740101.592022 (37.976758). Anneal status: T=12.10, dE=1.60, candidate was rejected
Itr 35, LL= -2739940.285945 (58.868648). Anneal status: T=12.10, dE=13.23, candidate was rejected
Itr 36, LL= -2739668.833751 (99.072303). Anneal status: T=12.10, dE=10.77, candidate was rejected
Itr 37, LL= -2739183.474075 (177.159980). Anneal status: T=12.10, dE=9.27, candidate was rejected
Itr 38, LL= -2738303.186815 (321.368491). Anneal status: T=12.10, dE=106.65, candidate was rejected
Itr 39, LL= -2736854.645620 (528.992261). Anneal status: T=9.68, dE=63.81, candidate was rejected
Itr 40, LL= -2735046.892529 (660.522141). Anneal status: T=9.68, dE=72.12, candidate was rejected
Itr 41, LL= -2733499.630628 (565.716773). Anneal status: T=9.68, dE=475.89, candidate was rejected
Itr 42, LL= -2732519.461064 (358.576805). Anneal status: T=9.68, dE=289.32, candidate was rejected
Itr 43, LL= -2732004.471668 (188.466872). Anneal status: T=9.68, dE=10.55, candidate was rejected
Itr 44, LL= -2731759.519928 (89.660080). Anneal status: T=7.26, dE=214.88, candidate was rejected
Itr 45, LL= -2731636.020178 (45.208866). Anneal status: T=7.26, dE=105.91, candidate was rejected
Itr 46, LL= -2731580.949959 (20.160160). Anneal status: T=7.26, dE=468.11, candidate was rejected
Itr 47, LL= -2731536.277383 (16.354110). Anneal status: T=7.26, dE=55.59, candidate was rejected
Itr 48, LL= -2731484.667168 (18.894208). Anneal status: T=7.26, dE=222.03, candidate was rejected
Itr 49, LL= -2731457.166534 (10.068017). Anneal status: T=4.84, dE=2.17, candidate was chosen by chance
Itr 50, LL= -2731432.199422 (9.140583). Anneal status: T=4.84, dE=30.64, candidate was rejected
Itr 51, LL= -2731415.889530 (5.971187). Anneal status: T=4.84, dE=19.64, candidate was rejected
Itr 52, LL= -2731403.120715 (4.674797). Anneal status: T=4.84, dE=133.20, candidate was rejected
Itr 53, LL= -2731390.069156 (4.778335). Anneal status: T=4.84, dE=9.22, candidate was rejected
Itr 54, LL= -2731374.146210 (5.829613). Anneal status: T=2.42, dE=11.73, candidate was rejected
Itr 55, LL= -2731361.515208 (4.624413). Anneal status: T=2.42, dE=407.15, candidate was rejected
Itr 56, LL= -2731338.230805 (8.524834). Anneal status: T=2.42, dE=98.43, candidate was rejected
Itr 57, LL= -2731313.531912 (9.042781). Anneal status: T=2.42, dE=8.96, candidate was rejected
Itr 58, LL= -2731309.103576 (1.621321). Anneal status: T=2.42, dE=1.04, candidate was rejected
Itr 59, LL= -2731296.298577 (4.688228). Anneal status: T=0.00, dE=55.87, candidate was rejected
Itr 60, LL= -2731263.604763 (11.970072). Anneal status: T=0.00, dE=109.63, candidate was rejected
Itr 61, LL= -2731258.498766 (1.869464). Anneal status: T=0.00, dE=3.84, candidate was rejected
Itr 62, LL= -2731257.270529 (0.449696). Anneal status: T=0.00, dE=549.01, candidate was rejected
Itr 63, LL= -2731256.514234 (0.276903). Anneal status: T=0.00, dE=4.90, candidate was rejected
Itr 64, LL= -2731253.288533 (1.181032). Anneal status: T=0.00, dE=48.51, candidate was rejected
Itr 65, LL= -2731240.623471 (4.637088). Anneal status: T=0.00, dE=2.19, candidate was rejected
Itr 66, LL= -2731231.778276 (3.238527). Anneal status: T=0.00, dE=31.37, candidate was rejected
Itr 67, LL= -2731219.147383 (4.624614). Anneal status: T=0.00, dE=4.56, candidate was rejected
Itr 68, LL= -2731209.629493 (3.484850). Anneal status: T=0.00, dE=94.13, candidate was rejected
Itr 69, LL= -2731205.241263 (1.606699). Anneal status: T=0.00, dE=27.64, candidate was rejected
Itr 70, LL= -2731203.682332 (0.570785). Anneal status: T=0.00, dE=109.71, candidate was rejected
Itr 71, LL= -2731202.726440 (0.349989). Anneal status: T=0.00, dE=35.67, candidate was rejected
Itr 72, LL= -2731201.755845 (0.355373). Anneal status: T=0.00, dE=6.84, candidate was rejected
-- Annealing statistics:
Portion of times candidate was better: 0.013889
Portion of times candidate was chosen by chance: 0.097222
--
EM for 4 states, 100 emission nodes. 12 observed values.
            gibbs: 0
    nGibbsItrPcnt: 0.8000
     annealParams: {}
           maxItr: 500
      convergeEps: 1.0000e-06
           minItr: 5
       parametric: 0
        initprobs: []
      persistBias: 0
          obsVals: []

- Initalized simulated annealing with params:
                     type: 'linear'
    max_chance_accpetance: 0.2000
             min_duration: 5
        min_init_duration: 5
             max_duration: 11
              converge_th: 1.0000e-06

--
Itr 1, LL= -16292525.149587 (Inf). Anneal status: T=NaN, dE=-8621.50, collecting statistics
Itr 2, LL= -2813612.225918 (Inf). Anneal status: T=NaN, dE=9.40, collecting statistics
Itr 3, LL= -2800402.157984 (Inf). Anneal status: T=NaN, dE=-7.52, collecting statistics
Itr 4, LL= -2791920.528977 (3028.718209). Anneal status: T=NaN, dE=-685.47, collecting statistics
Itr 5, LL= -2783656.212880 (2960.082857). Anneal status: T=NaN, dE=24.52, collecting statistics
Itr 6, LL= -2773476.974490 (3656.787193). Anneal status: T=NaN, dE=-23.42, collecting statistics
Itr 7, LL= -2765486.694441 (2880.961379). Anneal status: T=NaN, dE=14.94, collecting statistics
Itr 8, LL= -2758258.520066 (2613.707883). Anneal status: T=NaN, dE=-145.72, collecting statistics
Itr 9, LL= -2752032.487650 (2257.233095). Anneal status: T=6.43, dE=17.64, candidate was rejected
Itr 10, LL= -2748547.189536 (1266.445120). Anneal status: T=6.43, dE=-2.14, candidate was better
Itr 11, LL= -2746588.263932 (712.713106). Anneal status: T=6.43, dE=1.05, candidate was chosen by chance
Itr 12, LL= -2745430.558180 (421.506844). Anneal status: T=6.43, dE=0.08, candidate was chosen by chance
Itr 13, LL= -2744664.711657 (278.953158). Anneal status: T=6.43, dE=0.68, candidate was chosen by chance
Itr 14, LL= -2743931.903533 (266.993677). Anneal status: T=5.78, dE=32.29, candidate was rejected
Itr 15, LL= -2743132.583005 (291.304798). Anneal status: T=5.78, dE=3.82, candidate was chosen by chance
Itr 16, LL= -2742306.457092 (301.161496). Anneal status: T=5.78, dE=33.47, candidate was rejected
Itr 17, LL= -2741560.393294 (272.057047). Anneal status: T=5.78, dE=13.95, candidate was rejected
Itr 18, LL= -2740817.889840 (270.832427). Anneal status: T=5.78, dE=45.38, candidate was rejected
Itr 19, LL= -2739996.478948 (299.695538). Anneal status: T=5.14, dE=120.56, candidate was rejected
Itr 20, LL= -2739081.739863 (333.846810). Anneal status: T=5.14, dE=4.27, candidate was chosen by chance
Itr 21, LL= -2737622.225114 (532.848191). Anneal status: T=5.14, dE=-12.66, candidate was better
Itr 22, LL= -2736250.645225 (501.011380). Anneal status: T=5.14, dE=3.90, candidate was chosen by chance
Itr 23, LL= -2735027.878419 (446.876754). Anneal status: T=5.14, dE=378.05, candidate was rejected
Itr 24, LL= -2734175.690857 (311.582770). Anneal status: T=4.50, dE=394.12, candidate was rejected
Itr 25, LL= -2733415.483701 (278.038883). Anneal status: T=4.50, dE=182.20, candidate was rejected
Itr 26, LL= -2732754.606582 (241.777045). Anneal status: T=4.50, dE=50.99, candidate was rejected
Itr 27, LL= -2731892.156454 (315.597356). Anneal status: T=4.50, dE=-1.32, candidate was better
Itr 28, LL= -2731078.020980 (298.011571). Anneal status: T=4.50, dE=47.90, candidate was rejected
Itr 29, LL= -2730533.550569 (199.360987). Anneal status: T=3.86, dE=-6.09, candidate was better
Itr 30, LL= -2730129.542971 (147.959214). Anneal status: T=3.86, dE=42.82, candidate was rejected
Itr 31, LL= -2729884.783231 (89.651329). Anneal status: T=3.86, dE=34.76, candidate was rejected
Itr 32, LL= -2729752.530636 (48.446218). Anneal status: T=3.86, dE=5.49, candidate was rejected
Itr 33, LL= -2729540.690049 (77.604320). Anneal status: T=3.86, dE=17.60, candidate was rejected
Itr 34, LL= -2729450.969899 (32.870054). Anneal status: T=3.21, dE=106.49, candidate was rejected
Itr 35, LL= -2729419.379037 (11.574072). Anneal status: T=3.21, dE=12.55, candidate was rejected
Itr 36, LL= -2729387.992085 (11.499498). Anneal status: T=3.21, dE=212.64, candidate was rejected
Itr 37, LL= -2729310.242868 (28.485953). Anneal status: T=3.21, dE=82.40, candidate was rejected
Itr 38, LL= -2729287.272376 (8.416226). Anneal status: T=3.21, dE=186.96, candidate was rejected
Itr 39, LL= -2729276.025174 (4.120930). Anneal status: T=2.57, dE=380.97, candidate was rejected
Itr 40, LL= -2729256.906322 (7.005100). Anneal status: T=2.57, dE=124.85, candidate was rejected
Itr 41, LL= -2729237.096477 (7.258329). Anneal status: T=2.57, dE=54.55, candidate was rejected
Itr 42, LL= -2729183.275770 (19.720055). Anneal status: T=2.57, dE=18.62, candidate was rejected
Itr 43, LL= -2729145.166826 (13.963498). Anneal status: T=2.57, dE=351.99, candidate was rejected
Itr 44, LL= -2729133.901987 (4.127607). Anneal status: T=1.93, dE=98.72, candidate was rejected
Itr 45, LL= -2729100.430447 (12.264528). Anneal status: T=1.93, dE=10.70, candidate was rejected
Itr 46, LL= -2729079.372440 (7.716098). Anneal status: T=1.93, dE=2.42, candidate was rejected
Itr 47, LL= -2729070.480676 (3.258155). Anneal status: T=1.93, dE=256.87, candidate was rejected
Itr 48, LL= -2729069.056334 (0.521915). Anneal status: T=1.93, dE=259.05, candidate was rejected
Itr 49, LL= -2729059.735147 (3.415519). Anneal status: T=1.29, dE=339.66, candidate was rejected
Itr 50, LL= -2729042.036034 (6.485426). Anneal status: T=1.29, dE=170.26, candidate was rejected
Itr 51, LL= -2729037.906204 (1.513289). Anneal status: T=1.29, dE=141.44, candidate was rejected
Itr 52, LL= -2729029.952836 (2.914349). Anneal status: T=1.29, dE=30.00, candidate was rejected
Itr 53, LL= -2729020.610124 (3.423455). Anneal status: T=1.29, dE=460.76, candidate was rejected
Itr 54, LL= -2729010.276525 (3.786559). Anneal status: T=0.64, dE=111.94, candidate was rejected
Itr 55, LL= -2728999.633719 (3.899878). Anneal status: T=0.64, dE=47.72, candidate was rejected
Itr 56, LL= -2728984.993889 (5.364541). Anneal status: T=0.64, dE=92.42, candidate was rejected
Itr 57, LL= -2728983.790475 (0.440975). Anneal status: T=0.64, dE=93.25, candidate was rejected
Itr 58, LL= -2728983.475989 (0.115239). Anneal status: T=0.64, dE=208.90, candidate was rejected
Itr 59, LL= -2728983.248914 (0.083209). Anneal status: T=0.00, dE=2.89, candidate was rejected
-- Annealing statistics:
Portion of times candidate was better: 0.067797
Portion of times candidate was chosen by chance: 0.101695
--
EM for 4 states, 100 emission nodes. 12 observed values.
            gibbs: 0
    nGibbsItrPcnt: 0.8000
     annealParams: {}
           maxItr: 500
      convergeEps: 1.0000e-06
           minItr: 5
       parametric: 0
        initprobs: []
      persistBias: 0
          obsVals: []

- Initalized simulated annealing with params:
                     type: 'linear'
    max_chance_accpetance: 0.2000
             min_duration: 5
        min_init_duration: 5
             max_duration: 11
              converge_th: 1.0000e-06

--
Itr 1, LL= -16365742.009266 (Inf). Anneal status: T=NaN, dE=209.43, collecting statistics
Itr 2, LL= -2814528.762070 (Inf). Anneal status: T=NaN, dE=-51.73, collecting statistics
Itr 3, LL= -2799544.753178 (Inf). Anneal status: T=NaN, dE=-94.00, collecting statistics
Itr 4, LL= -2780209.327540 (6906.632093). Anneal status: T=NaN, dE=-169.60, collecting statistics
Itr 5, LL= -2769167.921013 (3971.429927). Anneal status: T=NaN, dE=83.91, collecting statistics
Itr 6, LL= -2761042.066246 (2934.403040). Anneal status: T=NaN, dE=-30.76, collecting statistics
Itr 7, LL= -2753477.967192 (2739.581243). Anneal status: T=NaN, dE=-99.70, collecting statistics
Itr 8, LL= -2747048.909829 (2334.886075). Anneal status: T=NaN, dE=232.73, collecting statistics
Itr 9, LL= -2742888.075435 (1514.656102). Anneal status: T=59.29, dE=131.41, candidate was rejected
Itr 10, LL= -2740143.822035 (1000.497769). Anneal status: T=59.29, dE=189.74, candidate was rejected
Itr 11, LL= -2737901.246663 (818.415206). Anneal status: T=59.29, dE=144.10, candidate was rejected
Itr 12, LL= -2735834.136171 (754.998193). Anneal status: T=59.29, dE=155.35, candidate was rejected
Itr 13, LL= -2733912.821166 (702.277590). Anneal status: T=59.29, dE=37.99, candidate was rejected
Itr 14, LL= -2732096.617729 (664.323830). Anneal status: T=53.36, dE=17.67, candidate was rejected
Itr 15, LL= -2730636.746199 (534.341107). Anneal status: T=53.36, dE=0.62, candidate was chosen by chance
Itr 16, LL= -2729650.602005 (361.140747). Anneal status: T=53.36, dE=4.38, candidate was chosen by chance
Itr 17, LL= -2729285.981975 (133.577546). Anneal status: T=53.36, dE=168.33, candidate was chosen by chance
Itr 18, LL= -2728847.195093 (160.769844). Anneal status: T=53.36, dE=138.14, candidate was rejected
Itr 19, LL= -2728699.631283 (54.075512). Anneal status: T=47.43, dE=3.93, candidate was chosen by chance
Itr 20, LL= -2728600.972421 (36.155999). Anneal status: T=47.43, dE=37.51, candidate was rejected
Itr 21, LL= -2728567.419448 (12.296768). Anneal status: T=47.43, dE=11.95, candidate was chosen by chance
Itr 22, LL= -2728531.214770 (13.268750). Anneal status: T=47.43, dE=566.61, candidate was rejected
Itr 23, LL= -2728517.725505 (4.943783). Anneal status: T=47.43, dE=58.37, candidate was rejected
Itr 24, LL= -2728510.454487 (2.664823). Anneal status: T=41.50, dE=6.22, candidate was rejected
Itr 25, LL= -2728530.470465 (-7.335863). Anneal status: T=41.50, dE=41.38, candidate was chosen by chance
Itr 26, LL= -2728507.283828 (8.497848). Anneal status: T=41.50, dE=27.59, candidate was chosen by chance
Itr 27, LL= -2728467.467496 (14.592716). Anneal status: T=41.50, dE=218.32, candidate was rejected
Itr 28, LL= -2728459.097718 (3.067575). Anneal status: T=41.50, dE=48.54, candidate was rejected
Itr 29, LL= -2728454.727282 (1.601796). Anneal status: T=35.57, dE=46.85, candidate was rejected
Itr 30, LL= -2728465.762388 (-4.044452). Anneal status: T=35.57, dE=21.08, candidate was chosen by chance
Itr 31, LL= -2728468.126778 (-0.866564). Anneal status: T=35.57, dE=36.34, candidate was chosen by chance
Itr 32, LL= -2728434.583861 (12.293681). Anneal status: T=35.57, dE=8.54, candidate was chosen by chance
Itr 33, LL= -2728461.399377 (-9.828169). Anneal status: T=35.57, dE=37.10, candidate was chosen by chance
Itr 34, LL= -2728455.031461 (2.333885). Anneal status: T=29.64, dE=31.16, candidate was chosen by chance
Itr 35, LL= -2728423.049468 (11.721650). Anneal status: T=29.64, dE=159.85, candidate was rejected
Itr 36, LL= -2728419.611706 (1.259981). Anneal status: T=29.64, dE=144.77, candidate was rejected
Itr 37, LL= -2728418.116921 (0.547857). Anneal status: T=29.64, dE=190.42, candidate was rejected
Itr 38, LL= -2728421.553726 (-1.259633). Anneal status: T=29.64, dE=9.50, candidate was chosen by chance
Itr 39, LL= -2728408.044613 (4.951256). Anneal status: T=23.71, dE=169.97, candidate was rejected
Itr 40, LL= -2728404.776224 (1.197911). Anneal status: T=23.71, dE=110.12, candidate was rejected
Itr 41, LL= -2728403.735253 (0.381531). Anneal status: T=23.71, dE=408.32, candidate was rejected
Itr 42, LL= -2728418.027276 (-5.238236). Anneal status: T=23.71, dE=14.61, candidate was chosen by chance
Itr 43, LL= -2728405.573067 (4.564627). Anneal status: T=23.71, dE=0.51, candidate was chosen by chance
Itr 44, LL= -2728403.334233 (0.820565). Anneal status: T=17.79, dE=50.92, candidate was rejected
Itr 45, LL= -2728401.682779 (0.605282). Anneal status: T=17.79, dE=350.86, candidate was rejected
Itr 46, LL= -2728399.258498 (0.888535). Anneal status: T=17.79, dE=81.56, candidate was rejected
-- Annealing statistics:
Portion of times candidate was better: 0.000000
Portion of times candidate was chosen by chance: 0.326087
--
>> 