My SLURM_ARRAY_TASK_ID:  26

                            < M A T L A B (R) >
                  Copyright 1984-2014 The MathWorks, Inc.
                   R2014b (8.4.0.150421) 64-bit (glnxa64)
                             September 15, 2014

 
For online documentation, see http://www.mathworks.com/support
For product information, visit www.mathworks.com.
 
EM for 26 states, 100 emission nodes. 12 observed values.
            gibbs: 0
    nGibbsItrPcnt: 0.8000
     annealParams: {}
           maxItr: 500
      convergeEps: 1.0000e-06
           minItr: 5
       parametric: 0
        initprobs: []
      persistBias: 0
          obsVals: []

- Initalized simulated annealing with params:
                     type: 'linear'
    max_chance_accpetance: 0.2000
             min_duration: 5
        min_init_duration: 5
             max_duration: 11
              converge_th: 1.0000e-06

--
Itr 1, LL= -16010614.761387 (Inf). Anneal status: T=NaN, dE=-6104.41, collecting statistics
Itr 2, LL= -2800817.902545 (Inf). Anneal status: T=NaN, dE=-585.13, collecting statistics
Itr 3, LL= -2750013.736901 (Inf). Anneal status: T=NaN, dE=-534.69, collecting statistics
Itr 4, LL= -2714235.831026 (13010.082602). Anneal status: T=NaN, dE=-254.78, collecting statistics
Itr 5, LL= -2697348.820772 (6221.644435). Anneal status: T=NaN, dE=-200.65, collecting statistics
Itr 6, LL= -2688013.442570 (3460.945848). Anneal status: T=NaN, dE=212.92, collecting statistics
Itr 7, LL= -2681354.244319 (2477.367912). Anneal status: T=NaN, dE=-43.37, collecting statistics
Itr 8, LL= -2675914.670281 (2028.666689). Anneal status: T=NaN, dE=-27.33, collecting statistics
Itr 9, LL= -2671765.642356 (1550.508307). Anneal status: T=NaN, dE=60.13, collecting statistics
Itr 10, LL= -2668807.747353 (1107.093735). Anneal status: T=NaN, dE=35.85, collecting statistics
Itr 11, LL= -2666771.102198 (763.129213). Anneal status: T=5.44, dE=54.38, candidate was rejected
Itr 12, LL= -2665317.678273 (545.012627). Anneal status: T=5.44, dE=21.78, candidate was rejected
Itr 13, LL= -2664267.602062 (393.977881). Anneal status: T=5.44, dE=28.43, candidate was rejected
Itr 14, LL= -2663446.553260 (308.170546). Anneal status: T=5.44, dE=32.05, candidate was rejected
Itr 15, LL= -2662743.430605 (263.989774). Anneal status: T=5.44, dE=18.96, candidate was rejected
Itr 16, LL= -2662143.698989 (225.230719). Anneal status: T=4.90, dE=11.51, candidate was rejected
Itr 17, LL= -2661627.863799 (193.766847). Anneal status: T=4.90, dE=64.91, candidate was rejected
Itr 18, LL= -2661191.797062 (163.834600). Anneal status: T=4.90, dE=5.76, candidate was rejected
Itr 19, LL= -2660793.949867 (149.499632). Anneal status: T=4.90, dE=75.78, candidate was rejected
Itr 20, LL= -2660436.534496 (134.326587). Anneal status: T=4.90, dE=23.26, candidate was rejected
Itr 21, LL= -2660122.408289 (118.073182). Anneal status: T=4.35, dE=14.16, candidate was rejected
Itr 22, LL= -2659815.851973 (115.241432). Anneal status: T=4.35, dE=95.15, candidate was rejected
Itr 23, LL= -2659516.523569 (112.537266). Anneal status: T=4.35, dE=8.22, candidate was rejected
Itr 24, LL= -2659213.821191 (113.818574). Anneal status: T=4.35, dE=51.61, candidate was rejected
Itr 25, LL= -2658918.587854 (111.022790). Anneal status: T=4.35, dE=104.42, candidate was rejected
Itr 26, LL= -2658640.707499 (104.508787). Anneal status: T=3.81, dE=37.77, candidate was rejected
Itr 27, LL= -2658364.733851 (103.802536). Anneal status: T=3.81, dE=49.71, candidate was rejected
Itr 28, LL= -2658120.473891 (91.883539). Anneal status: T=3.81, dE=31.33, candidate was rejected
Itr 29, LL= -2657922.660100 (74.418670). Anneal status: T=3.81, dE=65.26, candidate was rejected
Itr 30, LL= -2657750.091632 (64.926068). Anneal status: T=3.81, dE=25.22, candidate was rejected
Itr 31, LL= -2657613.436938 (51.417436). Anneal status: T=3.27, dE=29.10, candidate was rejected
Itr 32, LL= -2657497.250625 (43.718289). Anneal status: T=3.27, dE=13.14, candidate was rejected
Itr 33, LL= -2657394.467890 (38.676516). Anneal status: T=3.27, dE=106.24, candidate was rejected
Itr 34, LL= -2657311.272524 (31.307119). Anneal status: T=3.27, dE=0.93, candidate was chosen by chance
Itr 35, LL= -2657245.389290 (24.793194). Anneal status: T=3.27, dE=151.11, candidate was rejected
Itr 36, LL= -2657189.827308 (20.909616). Anneal status: T=2.72, dE=38.74, candidate was rejected
Itr 37, LL= -2657135.407003 (20.480398). Anneal status: T=2.72, dE=83.21, candidate was rejected
Itr 38, LL= -2657075.609977 (22.504320). Anneal status: T=2.72, dE=111.68, candidate was rejected
Itr 39, LL= -2657028.218342 (17.836013). Anneal status: T=2.72, dE=38.80, candidate was rejected
Itr 40, LL= -2656985.045139 (16.248680). Anneal status: T=2.72, dE=27.34, candidate was rejected
Itr 41, LL= -2656941.133059 (16.527033). Anneal status: T=2.18, dE=6.71, candidate was rejected
Itr 42, LL= -2656900.744090 (15.201303). Anneal status: T=2.18, dE=103.92, candidate was rejected
Itr 43, LL= -2656849.991698 (19.102103). Anneal status: T=2.18, dE=41.91, candidate was rejected
Itr 44, LL= -2656815.326496 (13.047482). Anneal status: T=2.18, dE=103.80, candidate was rejected
Itr 45, LL= -2656786.132542 (10.988327). Anneal status: T=2.18, dE=8.51, candidate was rejected
Itr 46, LL= -2656761.746032 (9.178951). Anneal status: T=1.63, dE=100.60, candidate was rejected
Itr 47, LL= -2656738.909727 (8.595541). Anneal status: T=1.63, dE=32.53, candidate was rejected
Itr 48, LL= -2656715.788638 (8.702808). Anneal status: T=1.63, dE=59.53, candidate was rejected
Itr 49, LL= -2656685.548950 (11.382357). Anneal status: T=1.63, dE=85.67, candidate was rejected
Itr 50, LL= -2656658.196461 (10.295719). Anneal status: T=1.63, dE=27.80, candidate was rejected
Itr 51, LL= -2656638.463686 (7.427668). Anneal status: T=1.09, dE=94.82, candidate was rejected
Itr 52, LL= -2656624.845128 (5.126237). Anneal status: T=1.09, dE=2.53, candidate was chosen by chance
Itr 53, LL= -2656604.590498 (7.624197). Anneal status: T=1.09, dE=33.12, candidate was rejected
Itr 54, LL= -2656585.621706 (7.140239). Anneal status: T=1.09, dE=32.95, candidate was rejected
Itr 55, LL= -2656564.355316 (8.005159). Anneal status: T=1.09, dE=47.81, candidate was rejected
Itr 56, LL= -2656543.281283 (7.932815). Anneal status: T=0.54, dE=44.17, candidate was rejected
Itr 57, LL= -2656529.001402 (5.375362). Anneal status: T=0.54, dE=107.95, candidate was rejected
Itr 58, LL= -2656517.131963 (4.468025). Anneal status: T=0.54, dE=54.54, candidate was rejected
Itr 59, LL= -2656506.990118 (3.817722). Anneal status: T=0.54, dE=40.68, candidate was rejected
Itr 60, LL= -2656496.395459 (3.988192). Anneal status: T=0.54, dE=89.85, candidate was rejected
Itr 61, LL= -2656483.335863 (4.916098). Anneal status: T=0.00, dE=22.36, candidate was rejected
Itr 62, LL= -2656470.115217 (4.976747). Anneal status: T=0.00, dE=49.81, candidate was rejected
Itr 63, LL= -2656455.818638 (5.381796). Anneal status: T=0.00, dE=36.89, candidate was rejected
Itr 64, LL= -2656441.380980 (5.434932). Anneal status: T=0.00, dE=28.34, candidate was rejected
Itr 65, LL= -2656431.400618 (3.757042). Anneal status: T=0.00, dE=51.94, candidate was rejected
Itr 66, LL= -2656420.882761 (3.959393). Anneal status: T=0.00, dE=34.27, candidate was rejected
Itr 67, LL= -2656411.076358 (3.691585). Anneal status: T=0.00, dE=47.83, candidate was rejected
Itr 68, LL= -2656402.404850 (3.264370). Anneal status: T=0.00, dE=24.55, candidate was rejected
Itr 69, LL= -2656393.767921 (3.251363). Anneal status: T=0.00, dE=76.03, candidate was rejected
Itr 70, LL= -2656382.781545 (4.135824). Anneal status: T=0.00, dE=12.99, candidate was rejected
Itr 71, LL= -2656371.610803 (4.205246). Anneal status: T=0.00, dE=43.15, candidate was rejected
Itr 72, LL= -2656362.432313 (3.455273). Anneal status: T=0.00, dE=72.30, candidate was rejected
Itr 73, LL= -2656350.373030 (4.539773). Anneal status: T=0.00, dE=54.70, candidate was rejected
Itr 74, LL= -2656342.929308 (2.802237). Anneal status: T=0.00, dE=17.86, candidate was rejected
Itr 75, LL= -2656335.178344 (2.917908). Anneal status: T=0.00, dE=10.82, candidate was rejected
Itr 76, LL= -2656328.573837 (2.486323). Anneal status: T=0.00, dE=58.80, candidate was rejected
Itr 77, LL= -2656323.586088 (1.877685). Anneal status: T=0.00, dE=31.62, candidate was rejected
Itr 78, LL= -2656319.150596 (1.669786). Anneal status: T=0.00, dE=53.90, candidate was rejected
Itr 79, LL= -2656314.812148 (1.633256). Anneal status: T=0.00, dE=42.20, candidate was rejected
Itr 80, LL= -2656310.410092 (1.657204). Anneal status: T=0.00, dE=13.58, candidate was rejected
Itr 81, LL= -2656306.054314 (1.639785). Anneal status: T=0.00, dE=44.51, candidate was rejected
Itr 82, LL= -2656301.824542 (1.592351). Anneal status: T=0.00, dE=172.34, candidate was rejected
Itr 83, LL= -2656297.043746 (1.799794). Anneal status: T=0.00, dE=152.67, candidate was rejected
Itr 84, LL= -2656288.004615 (3.402907). Anneal status: T=0.00, dE=103.32, candidate was rejected
Itr 85, LL= -2656277.781801 (3.848534). Anneal status: T=0.00, dE=8.39, candidate was rejected
Itr 86, LL= -2656267.543845 (3.854249). Anneal status: T=0.00, dE=122.29, candidate was rejected
Itr 87, LL= -2656258.344912 (3.463105). Anneal status: T=0.00, dE=33.34, candidate was rejected
Itr 88, LL= -2656249.360336 (3.382418). Anneal status: T=0.00, dE=55.41, candidate was rejected
Itr 89, LL= -2656242.061400 (2.747835). Anneal status: T=0.00, dE=68.85, candidate was rejected
Itr 90, LL= -2656235.816262 (2.351118). Anneal status: T=0.00, dE=68.03, candidate was rejected
Itr 91, LL= -2656230.004423 (2.187998). Anneal status: T=0.00, dE=94.06, candidate was rejected
Itr 92, LL= -2656224.717259 (1.990477). Anneal status: T=0.00, dE=47.99, candidate was rejected
Itr 93, LL= -2656219.553454 (1.944039). Anneal status: T=0.00, dE=18.63, candidate was rejected
Itr 94, LL= -2656212.885520 (2.510310). Anneal status: T=0.00, dE=75.52, candidate was rejected
Itr 95, LL= -2656205.220218 (2.885801). Anneal status: T=0.00, dE=93.10, candidate was rejected
Itr 96, LL= -2656200.782461 (1.670713). Anneal status: T=0.00, dE=63.16, candidate was rejected
Itr 97, LL= -2656196.451262 (1.630599). Anneal status: T=0.00, dE=33.15, candidate was rejected
Itr 98, LL= -2656191.597335 (1.827397). Anneal status: T=0.00, dE=16.58, candidate was rejected
Itr 99, LL= -2656186.783381 (1.812352). Anneal status: T=0.00, dE=98.03, candidate was rejected
Itr 100, LL= -2656178.605715 (3.078724). Anneal status: T=0.00, dE=79.93, candidate was rejected
Itr 101, LL= -2656173.360376 (1.974769). Anneal status: T=0.00, dE=44.19, candidate was rejected
Itr 102, LL= -2656166.937009 (2.418279). Anneal status: T=0.00, dE=159.91, candidate was rejected
Itr 103, LL= -2656157.379736 (3.598145). Anneal status: T=0.00, dE=51.70, candidate was rejected
Itr 104, LL= -2656150.673236 (2.524888). Anneal status: T=0.00, dE=136.35, candidate was rejected
Itr 105, LL= -2656142.722520 (2.993323). Anneal status: T=0.00, dE=45.12, candidate was rejected
Itr 106, LL= -2656133.441068 (3.494335). Anneal status: T=0.00, dE=121.92, candidate was rejected
Itr 107, LL= -2656126.250051 (2.707325). Anneal status: T=0.00, dE=19.43, candidate was rejected
Itr 108, LL= -2656121.294654 (1.865648). Anneal status: T=0.00, dE=30.51, candidate was rejected
Itr 109, LL= -2656117.171350 (1.552378). Anneal status: T=0.00, dE=44.79, candidate was rejected
Itr 110, LL= -2656113.629823 (1.333347). Anneal status: T=0.00, dE=87.00, candidate was rejected
Itr 111, LL= -2656110.340064 (1.238561). Anneal status: T=0.00, dE=23.61, candidate was rejected
Itr 112, LL= -2656106.479927 (1.453305). Anneal status: T=0.00, dE=21.67, candidate was rejected
Itr 113, LL= -2656101.609324 (1.833738). Anneal status: T=0.00, dE=55.09, candidate was rejected
Itr 114, LL= -2656093.393195 (3.093304). Anneal status: T=0.00, dE=40.33, candidate was rejected
Itr 115, LL= -2656086.141842 (2.730082). Anneal status: T=0.00, dE=20.71, candidate was rejected
Itr 116, LL= -2656080.164150 (2.250564). Anneal status: T=0.00, dE=116.91, candidate was rejected
Itr 117, LL= -2656074.496039 (2.134013). Anneal status: T=0.00, dE=102.88, candidate was rejected
Itr 118, LL= -2656064.178039 (3.884680). Anneal status: T=0.00, dE=28.19, candidate was rejected
Itr 119, LL= -2656061.361695 (1.060345). Anneal status: T=0.00, dE=16.96, candidate was rejected
Itr 120, LL= -2656058.262112 (1.166985). Anneal status: T=0.00, dE=15.04, candidate was rejected
Itr 121, LL= -2656053.419464 (1.823246). Anneal status: T=0.00, dE=110.68, candidate was rejected
Itr 122, LL= -2656048.998970 (1.664309). Anneal status: T=0.00, dE=45.23, candidate was rejected
Itr 123, LL= -2656045.549707 (1.298644). Anneal status: T=0.00, dE=27.99, candidate was rejected
Itr 124, LL= -2656042.610068 (1.106773). Anneal status: T=0.00, dE=30.13, candidate was rejected
Itr 125, LL= -2656040.178905 (0.915333). Anneal status: T=0.00, dE=34.43, candidate was rejected
Itr 126, LL= -2656038.040341 (0.805170). Anneal status: T=0.00, dE=9.98, candidate was rejected
Itr 127, LL= -2656036.074129 (0.740280). Anneal status: T=0.00, dE=10.08, candidate was rejected
-- Annealing statistics:
Portion of times candidate was better: 0.000000
Portion of times candidate was chosen by chance: 0.015748
--
EM for 26 states, 100 emission nodes. 12 observed values.
            gibbs: 0
    nGibbsItrPcnt: 0.8000
     annealParams: {}
           maxItr: 500
      convergeEps: 1.0000e-06
           minItr: 5
       parametric: 0
        initprobs: []
      persistBias: 0
          obsVals: []

- Initalized simulated annealing with params:
                     type: 'linear'
    max_chance_accpetance: 0.2000
             min_duration: 5
        min_init_duration: 5
             max_duration: 11
              converge_th: 1.0000e-06

--
Itr 1, LL= -16081583.759774 (Inf). Anneal status: T=NaN, dE=-1703.56, collecting statistics
Itr 2, LL= -2799833.266107 (Inf). Anneal status: T=NaN, dE=-47.06, collecting statistics
Itr 3, LL= -2751039.617551 (Inf). Anneal status: T=NaN, dE=-458.02, collecting statistics
Itr 4, LL= -2711590.637297 (14339.662723). Anneal status: T=NaN, dE=-149.23, collecting statistics
Itr 5, LL= -2691802.290605 (7297.689563). Anneal status: T=NaN, dE=-233.55, collecting statistics
Itr 6, LL= -2682128.079902 (3593.952920). Anneal status: T=NaN, dE=16.14, collecting statistics
Itr 7, LL= -2676177.031404 (2218.778642). Anneal status: T=NaN, dE=-43.35, collecting statistics
Itr 8, LL= -2671916.056271 (1592.187319). Anneal status: T=NaN, dE=28.50, collecting statistics
Itr 9, LL= -2668655.570806 (1220.279903). Anneal status: T=NaN, dE=61.96, collecting statistics
Itr 10, LL= -2666091.269053 (960.896483). Anneal status: T=0.55, dE=0.86, candidate was chosen by chance
Itr 11, LL= -2664115.190669 (741.189323). Anneal status: T=0.55, dE=29.37, candidate was rejected
Itr 12, LL= -2662622.116006 (560.439229). Anneal status: T=0.55, dE=80.11, candidate was rejected
Itr 13, LL= -2661464.784263 (434.658653). Anneal status: T=0.55, dE=129.29, candidate was rejected
Itr 14, LL= -2660585.225617 (330.479160). Anneal status: T=0.55, dE=33.63, candidate was rejected
Itr 15, LL= -2659876.774381 (266.276468). Anneal status: T=0.49, dE=54.85, candidate was rejected
Itr 16, LL= -2659297.608478 (217.741629). Anneal status: T=0.49, dE=43.90, candidate was rejected
Itr 17, LL= -2658795.643459 (188.758497). Anneal status: T=0.49, dE=22.60, candidate was rejected
Itr 18, LL= -2658348.828330 (168.051700). Anneal status: T=0.49, dE=3.73, candidate was rejected
Itr 19, LL= -2657975.637315 (140.384516). Anneal status: T=0.49, dE=61.83, candidate was rejected
Itr 20, LL= -2657663.135876 (117.571220). Anneal status: T=0.44, dE=9.91, candidate was rejected
Itr 21, LL= -2657391.419719 (102.238750). Anneal status: T=0.44, dE=19.55, candidate was rejected
Itr 22, LL= -2657133.112942 (97.203135). Anneal status: T=0.44, dE=41.62, candidate was rejected
Itr 23, LL= -2656873.148884 (97.836295). Anneal status: T=0.44, dE=26.82, candidate was rejected
Itr 24, LL= -2656640.602612 (87.526298). Anneal status: T=0.44, dE=35.28, candidate was rejected
Itr 25, LL= -2656435.923692 (77.044264). Anneal status: T=0.38, dE=68.88, candidate was rejected
Itr 26, LL= -2656255.864463 (67.782260). Anneal status: T=0.38, dE=42.06, candidate was rejected
Itr 27, LL= -2656097.447883 (59.639051). Anneal status: T=0.38, dE=56.43, candidate was rejected
Itr 28, LL= -2655971.329298 (47.482665). Anneal status: T=0.38, dE=87.46, candidate was rejected
Itr 29, LL= -2655853.550995 (44.344719). Anneal status: T=0.38, dE=34.58, candidate was rejected
Itr 30, LL= -2655739.703373 (42.866679). Anneal status: T=0.33, dE=7.09, candidate was rejected
Itr 31, LL= -2655636.701849 (38.784495). Anneal status: T=0.33, dE=19.42, candidate was rejected
Itr 32, LL= -2655559.863218 (28.934165). Anneal status: T=0.33, dE=50.01, candidate was rejected
Itr 33, LL= -2655492.315997 (25.436151). Anneal status: T=0.33, dE=4.74, candidate was rejected
Itr 34, LL= -2655421.654478 (26.609574). Anneal status: T=0.33, dE=24.22, candidate was rejected
Itr 35, LL= -2655363.461130 (21.914918). Anneal status: T=0.27, dE=32.13, candidate was rejected
Itr 36, LL= -2655306.333672 (21.513988). Anneal status: T=0.27, dE=4.72, candidate was rejected
Itr 37, LL= -2655261.462025 (16.898859). Anneal status: T=0.27, dE=68.56, candidate was rejected
Itr 38, LL= -2655230.673556 (11.595268). Anneal status: T=0.27, dE=23.83, candidate was rejected
Itr 39, LL= -2655203.498033 (10.234713). Anneal status: T=0.27, dE=78.99, candidate was rejected
Itr 40, LL= -2655177.817122 (9.671918). Anneal status: T=0.22, dE=58.81, candidate was rejected
Itr 41, LL= -2655144.465531 (12.560964). Anneal status: T=0.22, dE=49.37, candidate was rejected
Itr 42, LL= -2655110.170212 (12.916555). Anneal status: T=0.22, dE=67.31, candidate was rejected
Itr 43, LL= -2655080.810341 (11.057873). Anneal status: T=0.22, dE=41.36, candidate was rejected
Itr 44, LL= -2655055.010534 (9.717146). Anneal status: T=0.22, dE=16.71, candidate was rejected
Itr 45, LL= -2655024.530984 (11.479819). Anneal status: T=0.16, dE=47.78, candidate was rejected
Itr 46, LL= -2655000.265631 (9.139408). Anneal status: T=0.16, dE=62.29, candidate was rejected
Itr 47, LL= -2654979.548211 (7.803171). Anneal status: T=0.16, dE=2.93, candidate was rejected
Itr 48, LL= -2654961.140405 (6.933314). Anneal status: T=0.16, dE=17.15, candidate was rejected
Itr 49, LL= -2654943.707278 (6.566246). Anneal status: T=0.16, dE=19.16, candidate was rejected
Itr 50, LL= -2654924.185426 (7.353019). Anneal status: T=0.11, dE=30.34, candidate was rejected
Itr 51, LL= -2654903.017793 (7.972971). Anneal status: T=0.11, dE=112.47, candidate was rejected
Itr 52, LL= -2654881.721804 (8.021381). Anneal status: T=0.11, dE=31.44, candidate was rejected
Itr 53, LL= -2654859.860252 (8.234473). Anneal status: T=0.11, dE=147.57, candidate was rejected
Itr 54, LL= -2654836.798624 (8.686571). Anneal status: T=0.11, dE=48.52, candidate was rejected
Itr 55, LL= -2654814.398484 (8.437483). Anneal status: T=0.05, dE=66.44, candidate was rejected
Itr 56, LL= -2654795.724015 (7.034190). Anneal status: T=0.05, dE=35.81, candidate was rejected
Itr 57, LL= -2654770.440821 (9.523593). Anneal status: T=0.05, dE=17.74, candidate was rejected
Itr 58, LL= -2654753.417405 (6.412387). Anneal status: T=0.05, dE=47.24, candidate was rejected
Itr 59, LL= -2654740.780038 (4.760279). Anneal status: T=0.05, dE=60.70, candidate was rejected
Itr 60, LL= -2654724.589312 (6.098797). Anneal status: T=0.00, dE=26.28, candidate was rejected
Itr 61, LL= -2654713.280196 (4.259996). Anneal status: T=0.00, dE=42.86, candidate was rejected
Itr 62, LL= -2654702.103585 (4.210101). Anneal status: T=0.00, dE=6.61, candidate was rejected
Itr 63, LL= -2654689.780749 (4.641890). Anneal status: T=0.00, dE=15.96, candidate was rejected
Itr 64, LL= -2654676.644157 (4.948447). Anneal status: T=0.00, dE=54.73, candidate was rejected
Itr 65, LL= -2654666.703818 (3.744463). Anneal status: T=0.00, dE=7.00, candidate was rejected
Itr 66, LL= -2654656.360317 (3.896346). Anneal status: T=0.00, dE=39.16, candidate was rejected
Itr 67, LL= -2654647.471819 (3.348267). Anneal status: T=0.00, dE=82.12, candidate was rejected
Itr 68, LL= -2654636.384149 (4.176701). Anneal status: T=0.00, dE=74.10, candidate was rejected
Itr 69, LL= -2654624.318419 (4.545154). Anneal status: T=0.00, dE=52.87, candidate was rejected
Itr 70, LL= -2654608.903694 (5.806745). Anneal status: T=0.00, dE=90.53, candidate was rejected
Itr 71, LL= -2654597.875576 (4.154329). Anneal status: T=0.00, dE=16.80, candidate was rejected
Itr 72, LL= -2654582.773283 (5.689108). Anneal status: T=0.00, dE=45.06, candidate was rejected
Itr 73, LL= -2654568.212781 (5.485043). Anneal status: T=0.00, dE=46.29, candidate was rejected
Itr 74, LL= -2654540.609677 (10.398340). Anneal status: T=0.00, dE=75.84, candidate was rejected
Itr 75, LL= -2654511.987407 (10.782382). Anneal status: T=0.00, dE=111.43, candidate was rejected
Itr 76, LL= -2654499.057715 (4.870836). Anneal status: T=0.00, dE=24.48, candidate was rejected
Itr 77, LL= -2654488.357373 (4.031021). Anneal status: T=0.00, dE=55.63, candidate was rejected
Itr 78, LL= -2654477.322877 (4.156920). Anneal status: T=0.00, dE=53.20, candidate was rejected
Itr 79, LL= -2654465.475563 (4.463144). Anneal status: T=0.00, dE=44.64, candidate was rejected
Itr 80, LL= -2654453.181352 (4.631521). Anneal status: T=0.00, dE=21.03, candidate was rejected
Itr 81, LL= -2654441.594975 (4.364883). Anneal status: T=0.00, dE=45.64, candidate was rejected
Itr 82, LL= -2654421.830392 (7.445853). Anneal status: T=0.00, dE=24.71, candidate was rejected
Itr 83, LL= -2654404.773513 (6.425836). Anneal status: T=0.00, dE=75.03, candidate was rejected
Itr 84, LL= -2654379.065653 (9.684981). Anneal status: T=0.00, dE=10.44, candidate was rejected
Itr 85, LL= -2654347.301143 (11.966833). Anneal status: T=0.00, dE=10.86, candidate was rejected
Itr 86, LL= -2654303.835990 (16.375082). Anneal status: T=0.00, dE=54.76, candidate was rejected
Itr 87, LL= -2654255.443067 (18.231870). Anneal status: T=0.00, dE=37.75, candidate was rejected
Itr 88, LL= -2654203.900080 (19.419000). Anneal status: T=0.00, dE=55.59, candidate was rejected
Itr 89, LL= -2654136.722105 (25.310028). Anneal status: T=0.00, dE=25.40, candidate was rejected
Itr 90, LL= -2654080.411755 (21.216070). Anneal status: T=0.00, dE=104.05, candidate was rejected
Itr 91, LL= -2654040.678645 (14.970575). Anneal status: T=0.00, dE=104.18, candidate was rejected
Itr 92, LL= -2653994.213293 (17.507400). Anneal status: T=0.00, dE=74.72, candidate was rejected
Itr 93, LL= -2653916.119032 (29.425181). Anneal status: T=0.00, dE=96.24, candidate was rejected
Itr 94, LL= -2653880.239493 (13.519470). Anneal status: T=0.00, dE=42.75, candidate was rejected
Itr 95, LL= -2653845.900637 (12.939113). Anneal status: T=0.00, dE=19.39, candidate was rejected
Itr 96, LL= -2653807.441956 (14.491678). Anneal status: T=0.00, dE=36.96, candidate was rejected
Itr 97, LL= -2653784.923430 (8.485366). Anneal status: T=0.00, dE=137.42, candidate was rejected
Itr 98, LL= -2653756.633931 (10.660057). Anneal status: T=0.00, dE=42.91, candidate was rejected
Itr 99, LL= -2653725.575688 (11.703501). Anneal status: T=0.00, dE=51.90, candidate was rejected
Itr 100, LL= -2653710.379707 (5.726282). Anneal status: T=0.00, dE=26.25, candidate was rejected
Itr 101, LL= -2653688.531316 (8.233149). Anneal status: T=0.00, dE=42.09, candidate was rejected
Itr 102, LL= -2653655.792906 (12.336945). Anneal status: T=0.00, dE=52.84, candidate was rejected
Itr 103, LL= -2653620.164858 (13.426025). Anneal status: T=0.00, dE=48.41, candidate was rejected
Itr 104, LL= -2653599.192230 (7.903402). Anneal status: T=0.00, dE=46.54, candidate was rejected
Itr 105, LL= -2653584.271051 (5.622997). Anneal status: T=0.00, dE=60.30, candidate was rejected
Itr 106, LL= -2653573.792406 (3.948865). Anneal status: T=0.00, dE=37.74, candidate was rejected
Itr 107, LL= -2653556.587348 (6.483731). Anneal status: T=0.00, dE=25.17, candidate was rejected
Itr 108, LL= -2653540.714872 (5.981586). Anneal status: T=0.00, dE=106.25, candidate was rejected
Itr 109, LL= -2653528.631392 (4.553720). Anneal status: T=0.00, dE=76.69, candidate was rejected
Itr 110, LL= -2653516.769504 (4.470232). Anneal status: T=0.00, dE=37.05, candidate was rejected
Itr 111, LL= -2653505.748161 (4.153485). Anneal status: T=0.00, dE=41.35, candidate was rejected
Itr 112, LL= -2653493.112848 (4.761743). Anneal status: T=0.00, dE=73.15, candidate was rejected
Itr 113, LL= -2653486.771266 (2.389899). Anneal status: T=0.00, dE=23.96, candidate was rejected
Itr 114, LL= -2653475.796687 (4.135909). Anneal status: T=0.00, dE=60.88, candidate was rejected
Itr 115, LL= -2653424.026154 (19.510460). Anneal status: T=0.00, dE=61.61, candidate was rejected
Itr 116, LL= -2653398.901839 (9.468639). Anneal status: T=0.00, dE=13.55, candidate was rejected
Itr 117, LL= -2653388.063627 (4.084652). Anneal status: T=0.00, dE=64.45, candidate was rejected
Itr 118, LL= -2653375.839456 (4.607004). Anneal status: T=0.00, dE=71.76, candidate was rejected
Itr 119, LL= -2653359.568844 (6.132042). Anneal status: T=0.00, dE=67.22, candidate was rejected
Itr 120, LL= -2653329.439257 (11.355260). Anneal status: T=0.00, dE=77.35, candidate was rejected
Itr 121, LL= -2653249.810057 (30.011049). Anneal status: T=0.00, dE=33.70, candidate was rejected
Itr 122, LL= -2653174.133216 (28.522321). Anneal status: T=0.00, dE=73.12, candidate was rejected
Itr 123, LL= -2653138.408247 (13.464992). Anneal status: T=0.00, dE=41.43, candidate was rejected
Itr 124, LL= -2653121.892763 (6.224886). Anneal status: T=0.00, dE=90.97, candidate was rejected
Itr 125, LL= -2653092.296576 (11.155231). Anneal status: T=0.00, dE=19.02, candidate was rejected
Itr 126, LL= -2653056.593887 (13.457010). Anneal status: T=0.00, dE=20.96, candidate was rejected
Itr 127, LL= -2653040.045081 (6.237638). Anneal status: T=0.00, dE=12.36, candidate was rejected
Itr 128, LL= -2653029.852481 (3.841857). Anneal status: T=0.00, dE=28.98, candidate was rejected
Itr 129, LL= -2652978.649482 (19.299820). Anneal status: T=0.00, dE=57.03, candidate was rejected
Itr 130, LL= -2652850.193284 (48.419612). Anneal status: T=0.00, dE=60.17, candidate was rejected
Itr 131, LL= -2652820.293612 (11.270773). Anneal status: T=0.00, dE=49.96, candidate was rejected
Itr 132, LL= -2652812.775022 (2.834187). Anneal status: T=0.00, dE=84.36, candidate was rejected
Itr 133, LL= -2652798.624388 (5.334200). Anneal status: T=0.00, dE=35.30, candidate was rejected
Itr 134, LL= -2652791.411028 (2.719151). Anneal status: T=0.00, dE=51.09, candidate was rejected
Itr 135, LL= -2652784.059269 (2.771329). Anneal status: T=0.00, dE=31.95, candidate was rejected
Itr 136, LL= -2652764.852162 (7.240359). Anneal status: T=0.00, dE=58.44, candidate was rejected
Itr 137, LL= -2652734.202534 (11.553843). Anneal status: T=0.00, dE=22.15, candidate was rejected
Itr 138, LL= -2652706.762122 (10.344200). Anneal status: T=0.00, dE=115.25, candidate was rejected
Itr 139, LL= -2652674.721061 (12.078629). Anneal status: T=0.00, dE=14.95, candidate was rejected
Itr 140, LL= -2652666.303127 (3.173376). Anneal status: T=0.00, dE=73.57, candidate was rejected
Itr 141, LL= -2652598.339834 (25.620747). Anneal status: T=0.00, dE=37.13, candidate was rejected
Itr 142, LL= -2652542.003386 (21.238213). Anneal status: T=0.00, dE=42.54, candidate was rejected
Itr 143, LL= -2652525.113363 (6.367486). Anneal status: T=0.00, dE=19.89, candidate was rejected
Itr 144, LL= -2652508.478891 (6.271184). Anneal status: T=0.00, dE=32.53, candidate was rejected
Itr 145, LL= -2652485.887463 (8.517005). Anneal status: T=0.00, dE=39.26, candidate was rejected
Itr 146, LL= -2652470.396056 (5.840336). Anneal status: T=0.00, dE=67.17, candidate was rejected
Itr 147, LL= -2652461.816650 (3.234496). Anneal status: T=0.00, dE=16.20, candidate was rejected
Itr 148, LL= -2652447.503503 (5.396174). Anneal status: T=0.00, dE=31.02, candidate was rejected
Itr 149, LL= -2652427.369189 (7.590844). Anneal status: T=0.00, dE=35.37, candidate was rejected
Itr 150, LL= -2652400.427178 (10.157492). Anneal status: T=0.00, dE=122.17, candidate was rejected
Itr 151, LL= -2652358.698152 (15.732551). Anneal status: T=0.00, dE=40.71, candidate was rejected
Itr 152, LL= -2652305.763903 (19.957425). Anneal status: T=0.00, dE=56.80, candidate was rejected
Itr 153, LL= -2652283.724303 (8.309600). Anneal status: T=0.00, dE=22.62, candidate was rejected
Itr 154, LL= -2652254.882352 (10.874384). Anneal status: T=0.00, dE=79.64, candidate was rejected
Itr 155, LL= -2652214.694223 (15.152439). Anneal status: T=0.00, dE=97.23, candidate was rejected
Itr 156, LL= -2652182.280027 (12.221558). Anneal status: T=0.00, dE=106.08, candidate was rejected
Itr 157, LL= -2652145.370238 (13.916762). Anneal status: T=0.00, dE=65.19, candidate was rejected
Itr 158, LL= -2652099.107572 (17.443488). Anneal status: T=0.00, dE=104.79, candidate was rejected
Itr 159, LL= -2652042.085834 (21.500606). Anneal status: T=0.00, dE=18.57, candidate was rejected
Itr 160, LL= -2651988.414473 (20.237749). Anneal status: T=0.00, dE=69.98, candidate was rejected
Itr 161, LL= -2651926.522291 (23.338029). Anneal status: T=0.00, dE=67.54, candidate was rejected
Itr 162, LL= -2651840.185906 (32.556100). Anneal status: T=0.00, dE=115.30, candidate was rejected
Itr 163, LL= -2651678.093168 (61.124626). Anneal status: T=0.00, dE=55.04, candidate was rejected
Itr 164, LL= -2651563.153579 (43.345981). Anneal status: T=0.00, dE=33.63, candidate was rejected
Itr 165, LL= -2651484.435724 (29.687340). Anneal status: T=0.00, dE=55.05, candidate was rejected
Itr 166, LL= -2651410.636391 (27.833214). Anneal status: T=0.00, dE=73.62, candidate was rejected
Itr 167, LL= -2651353.705509 (21.471922). Anneal status: T=0.00, dE=117.47, candidate was rejected
Itr 168, LL= -2651312.013315 (15.724871). Anneal status: T=0.00, dE=42.89, candidate was rejected
Itr 169, LL= -2651278.128180 (12.780516). Anneal status: T=0.00, dE=51.69, candidate was rejected
Itr 170, LL= -2651251.108420 (10.191221). Anneal status: T=0.00, dE=86.06, candidate was rejected
Itr 171, LL= -2651229.052306 (8.319134). Anneal status: T=0.00, dE=19.88, candidate was rejected
Itr 172, LL= -2651185.667050 (16.364205). Anneal status: T=0.00, dE=65.18, candidate was rejected
Itr 173, LL= -2651115.491085 (26.469653). Anneal status: T=0.00, dE=43.33, candidate was rejected
Itr 174, LL= -2651084.583862 (11.658195). Anneal status: T=0.00, dE=116.58, candidate was rejected
Itr 175, LL= -2651060.036666 (9.259303). Anneal status: T=0.00, dE=74.64, candidate was rejected
Itr 176, LL= -2651035.972345 (9.077245). Anneal status: T=0.00, dE=18.03, candidate was rejected
Itr 177, LL= -2651016.001089 (7.533378). Anneal status: T=0.00, dE=74.12, candidate was rejected
Itr 178, LL= -2650996.507820 (7.353131). Anneal status: T=0.00, dE=23.08, candidate was rejected
Itr 179, LL= -2650977.275815 (7.254632). Anneal status: T=0.00, dE=84.18, candidate was rejected
Itr 180, LL= -2650951.981513 (9.541501). Anneal status: T=0.00, dE=37.08, candidate was rejected
Itr 181, LL= -2650939.710925 (4.628748). Anneal status: T=0.00, dE=92.50, candidate was rejected
Itr 182, LL= -2650928.853530 (4.095678). Anneal status: T=0.00, dE=100.22, candidate was rejected
Itr 183, LL= -2650905.608326 (8.768701). Anneal status: T=0.00, dE=31.34, candidate was rejected
Itr 184, LL= -2650895.467681 (3.825351). Anneal status: T=0.00, dE=33.68, candidate was rejected
Itr 185, LL= -2650885.359221 (3.813225). Anneal status: T=0.00, dE=111.87, candidate was rejected
Itr 186, LL= -2650872.209474 (4.960511). Anneal status: T=0.00, dE=70.54, candidate was rejected
Itr 187, LL= -2650852.133952 (7.573176). Anneal status: T=0.00, dE=71.84, candidate was rejected
Itr 188, LL= -2650836.519788 (5.890243). Anneal status: T=0.00, dE=103.87, candidate was rejected
Itr 189, LL= -2650807.769779 (10.845636). Anneal status: T=0.00, dE=55.09, candidate was rejected
Itr 190, LL= -2650799.080432 (3.278000). Anneal status: T=0.00, dE=29.68, candidate was rejected
Itr 191, LL= -2650792.603935 (2.443224). Anneal status: T=0.00, dE=9.04, candidate was rejected
Itr 192, LL= -2650785.696577 (2.605771). Anneal status: T=0.00, dE=68.24, candidate was rejected
Itr 193, LL= -2650772.030492 (5.155485). Anneal status: T=0.00, dE=14.92, candidate was rejected
Itr 194, LL= -2650761.215890 (4.079794). Anneal status: T=0.00, dE=35.29, candidate was rejected
Itr 195, LL= -2650749.777468 (4.315146). Anneal status: T=0.00, dE=42.83, candidate was rejected
Itr 196, LL= -2650743.492210 (2.371125). Anneal status: T=0.00, dE=56.70, candidate was rejected
Itr 197, LL= -2650739.319859 (1.574031). Anneal status: T=0.00, dE=12.10, candidate was rejected
Itr 198, LL= -2650735.275649 (1.525691). Anneal status: T=0.00, dE=37.17, candidate was rejected
Itr 199, LL= -2650730.842989 (1.672238). Anneal status: T=0.00, dE=25.44, candidate was rejected
Itr 200, LL= -2650726.356581 (1.692517). Anneal status: T=0.00, dE=47.07, candidate was rejected
Itr 201, LL= -2650722.567165 (1.429576). Anneal status: T=0.00, dE=64.28, candidate was rejected
Itr 202, LL= -2650719.120899 (1.300123). Anneal status: T=0.00, dE=17.54, candidate was rejected
Itr 203, LL= -2650715.827741 (1.242364). Anneal status: T=0.00, dE=34.83, candidate was rejected
Itr 204, LL= -2650709.802690 (2.272990). Anneal status: T=0.00, dE=57.29, candidate was rejected
Itr 205, LL= -2650697.873271 (4.500462). Anneal status: T=0.00, dE=5.28, candidate was rejected
Itr 206, LL= -2650691.070986 (2.566224). Anneal status: T=0.00, dE=46.39, candidate was rejected
Itr 207, LL= -2650680.654710 (3.929645). Anneal status: T=0.00, dE=17.97, candidate was rejected
Itr 208, LL= -2650672.237268 (3.175577). Anneal status: T=0.00, dE=79.85, candidate was rejected
Itr 209, LL= -2650661.914126 (3.894537). Anneal status: T=0.00, dE=63.15, candidate was rejected
Itr 210, LL= -2650650.311468 (4.377268). Anneal status: T=0.00, dE=38.30, candidate was rejected
Itr 211, LL= -2650641.686956 (3.253735). Anneal status: T=0.00, dE=96.21, candidate was rejected
Itr 212, LL= -2650636.840316 (1.828478). Anneal status: T=0.00, dE=106.41, candidate was rejected
Itr 213, LL= -2650632.664234 (1.575502). Anneal status: T=0.00, dE=62.82, candidate was rejected
Itr 214, LL= -2650626.427590 (2.352889). Anneal status: T=0.00, dE=78.84, candidate was rejected
Itr 215, LL= -2650619.053295 (2.782095). Anneal status: T=0.00, dE=56.36, candidate was rejected
Itr 216, LL= -2650613.067692 (2.258191). Anneal status: T=0.00, dE=16.62, candidate was rejected
Itr 217, LL= -2650608.988896 (1.538812). Anneal status: T=0.00, dE=54.54, candidate was rejected
Itr 218, LL= -2650605.935343 (1.152019). Anneal status: T=0.00, dE=20.42, candidate was rejected
Itr 219, LL= -2650603.439234 (0.941712). Anneal status: T=0.00, dE=76.08, candidate was rejected
Itr 220, LL= -2650600.724123 (1.024337). Anneal status: T=0.00, dE=86.66, candidate was rejected
Itr 221, LL= -2650594.750129 (2.253826). Anneal status: T=0.00, dE=28.63, candidate was rejected
Itr 222, LL= -2650588.402409 (2.394829). Anneal status: T=0.00, dE=29.57, candidate was rejected
Itr 223, LL= -2650580.304189 (3.055254). Anneal status: T=0.00, dE=82.11, candidate was rejected
Itr 224, LL= -2650562.706282 (6.639266). Anneal status: T=0.00, dE=25.80, candidate was rejected
Itr 225, LL= -2650548.241878 (5.457107). Anneal status: T=0.00, dE=70.18, candidate was rejected
Itr 226, LL= -2650528.128880 (7.588241). Anneal status: T=0.00, dE=2.09, candidate was rejected
Itr 227, LL= -2650515.001877 (4.952599). Anneal status: T=0.00, dE=79.21, candidate was rejected
Itr 228, LL= -2650509.893593 (1.927280). Anneal status: T=0.00, dE=100.13, candidate was rejected
Itr 229, LL= -2650507.551515 (0.883633). Anneal status: T=0.00, dE=113.36, candidate was rejected
Itr 230, LL= -2650505.764019 (0.674398). Anneal status: T=0.00, dE=20.36, candidate was rejected
Itr 231, LL= -2650502.751972 (1.136405). Anneal status: T=0.00, dE=79.69, candidate was rejected
Itr 232, LL= -2650489.749487 (4.905667). Anneal status: T=0.00, dE=3.93, candidate was rejected
Itr 233, LL= -2650484.395981 (2.019818). Anneal status: T=0.00, dE=8.25, candidate was rejected
Itr 234, LL= -2650477.714910 (2.520698). Anneal status: T=0.00, dE=57.31, candidate was rejected
Itr 235, LL= -2650474.920707 (1.054226). Anneal status: T=0.00, dE=91.78, candidate was rejected
Itr 236, LL= -2650471.905185 (1.137729). Anneal status: T=0.00, dE=78.31, candidate was rejected
Itr 237, LL= -2650464.288581 (2.873679). Anneal status: T=0.00, dE=48.87, candidate was rejected
Itr 238, LL= -2650455.076773 (3.475545). Anneal status: T=0.00, dE=24.18, candidate was rejected
Itr 239, LL= -2650446.093556 (3.389311). Anneal status: T=0.00, dE=45.73, candidate was rejected
Itr 240, LL= -2650444.309760 (0.673017). Anneal status: T=0.00, dE=47.20, candidate was rejected
Itr 241, LL= -2650440.071237 (1.599175). Anneal status: T=0.00, dE=107.83, candidate was rejected
Itr 242, LL= -2650417.707470 (8.437756). Anneal status: T=0.00, dE=161.27, candidate was rejected
Itr 243, LL= -2650388.537048 (11.005971). Anneal status: T=0.00, dE=15.30, candidate was rejected
Itr 244, LL= -2650377.330078 (4.228425). Anneal status: T=0.00, dE=64.02, candidate was rejected
Itr 245, LL= -2650372.594718 (1.786674). Anneal status: T=0.00, dE=43.59, candidate was rejected
Itr 246, LL= -2650369.314137 (1.237781). Anneal status: T=0.00, dE=39.03, candidate was rejected
Itr 247, LL= -2650366.428409 (1.088802). Anneal status: T=0.00, dE=49.80, candidate was rejected
Itr 248, LL= -2650364.003519 (0.914926). Anneal status: T=0.00, dE=62.91, candidate was rejected
Itr 249, LL= -2650361.874849 (0.803161). Anneal status: T=0.00, dE=61.82, candidate was rejected
Itr 250, LL= -2650359.185429 (1.014737). Anneal status: T=0.00, dE=59.03, candidate was rejected
Itr 251, LL= -2650355.423631 (1.419354). Anneal status: T=0.00, dE=66.59, candidate was rejected
Itr 252, LL= -2650350.805994 (1.742271). Anneal status: T=0.00, dE=72.13, candidate was rejected
Itr 253, LL= -2650343.307319 (2.829314). Anneal status: T=0.00, dE=73.85, candidate was rejected
Itr 254, LL= -2650335.422798 (2.974905). Anneal status: T=0.00, dE=22.56, candidate was rejected
Itr 255, LL= -2650328.589274 (2.578362). Anneal status: T=0.00, dE=29.21, candidate was rejected
Itr 256, LL= -2650322.317617 (2.366370). Anneal status: T=0.00, dE=75.77, candidate was rejected
Itr 257, LL= -2650316.958661 (2.022002). Anneal status: T=0.00, dE=83.45, candidate was rejected
Itr 258, LL= -2650312.653993 (1.624209). Anneal status: T=0.00, dE=11.95, candidate was rejected
Itr 259, LL= -2650309.102267 (1.340116). Anneal status: T=0.00, dE=92.15, candidate was rejected
Itr 260, LL= -2650304.892882 (1.588262). Anneal status: T=0.00, dE=45.23, candidate was rejected
Itr 261, LL= -2650299.846538 (1.904062). Anneal status: T=0.00, dE=17.54, candidate was rejected
Itr 262, LL= -2650294.584111 (1.985597). Anneal status: T=0.00, dE=37.68, candidate was rejected
Itr 263, LL= -2650288.746827 (2.202504). Anneal status: T=0.00, dE=74.82, candidate was rejected
Itr 264, LL= -2650284.534559 (1.589362). Anneal status: T=0.00, dE=34.87, candidate was rejected
Itr 265, LL= -2650280.337755 (1.583530). Anneal status: T=0.00, dE=48.57, candidate was rejected
Itr 266, LL= -2650272.020060 (3.138421). Anneal status: T=0.00, dE=39.49, candidate was rejected
Itr 267, LL= -2650268.808605 (1.211745). Anneal status: T=0.00, dE=21.32, candidate was rejected
Itr 268, LL= -2650267.500081 (0.493732). Anneal status: T=0.00, dE=31.43, candidate was rejected
Itr 269, LL= -2650266.612423 (0.334932). Anneal status: T=0.00, dE=13.51, candidate was rejected
Itr 270, LL= -2650264.939940 (0.631062). Anneal status: T=0.00, dE=116.85, candidate was rejected
-- Annealing statistics:
Portion of times candidate was better: 0.000000
Portion of times candidate was chosen by chance: 0.003704
--
Your MATLAB session has timed out.  All license keys have been returned.
EM for 26 states, 100 emission nodes. 12 observed values.
            gibbs: 0
    nGibbsItrPcnt: 0.8000
     annealParams: {}
           maxItr: 500
      convergeEps: 1.0000e-06
           minItr: 5
       parametric: 0
        initprobs: []
      persistBias: 0
          obsVals: []

- Initalized simulated annealing with params:
                     type: 'linear'
    max_chance_accpetance: 0.2000
             min_duration: 5
        min_init_duration: 5
             max_duration: 11
              converge_th: 1.0000e-06

--
Itr 1, LL= -16030283.163873 (Inf). Anneal status: T=NaN, dE=-3276.66, collecting statistics
Itr 2, LL= -2808808.965154 (Inf). Anneal status: T=NaN, dE=-112.13, collecting statistics
Itr 3, LL= -2777871.583216 (Inf). Anneal status: T=NaN, dE=-1147.01, collecting statistics
Itr 4, LL= -2738009.952628 (14349.702423). Anneal status: T=NaN, dE=-211.38, collecting statistics
Itr 5, LL= -2709900.424864 (10266.408176). Anneal status: T=NaN, dE=141.25, collecting statistics
Itr 6, LL= -2693901.367149 (5903.928265). Anneal status: T=NaN, dE=-250.86, collecting statistics
Itr 7, LL= -2684432.162651 (3515.052412). Anneal status: T=NaN, dE=9.57, collecting statistics
Itr 8, LL= -2678492.125795 (2212.772198). Anneal status: T=NaN, dE=85.10, collecting statistics
Itr 9, LL= -2674327.097625 (1554.989888). Anneal status: T=NaN, dE=-36.79, collecting statistics
Itr 10, LL= -2670992.069129 (1247.053324). Anneal status: T=NaN, dE=-19.05, collecting statistics
Itr 11, LL= -2668244.802757 (1028.556544). Anneal status: T=NaN, dE=-31.18, collecting statistics
Itr 12, LL= -2666032.526630 (829.112878). Anneal status: T=9.03, dE=47.07, candidate was rejected
Itr 13, LL= -2664361.933234 (626.621536). Anneal status: T=9.03, dE=87.25, candidate was rejected
Itr 14, LL= -2663178.258773 (444.261888). Anneal status: T=9.03, dE=100.49, candidate was rejected
Itr 15, LL= -2662351.592152 (310.406042). Anneal status: T=9.03, dE=102.02, candidate was rejected
Itr 16, LL= -2661744.809864 (227.912154). Anneal status: T=9.03, dE=5.79, candidate was chosen by chance
Itr 17, LL= -2661251.525837 (185.323561). Anneal status: T=8.13, dE=26.50, candidate was rejected
Itr 18, LL= -2660837.795553 (155.464555). Anneal status: T=8.13, dE=15.85, candidate was rejected
Itr 19, LL= -2660484.291701 (132.854341). Anneal status: T=8.13, dE=43.77, candidate was rejected
Itr 20, LL= -2660163.503859 (120.574980). Anneal status: T=8.13, dE=15.12, candidate was rejected
Itr 21, LL= -2659828.897363 (125.784184). Anneal status: T=8.13, dE=53.36, candidate was rejected
Itr 22, LL= -2659522.090575 (115.348318). Anneal status: T=7.23, dE=72.12, candidate was rejected
Itr 23, LL= -2659247.788551 (103.139592). Anneal status: T=7.23, dE=111.65, candidate was rejected
Itr 24, LL= -2658981.109637 (100.283590). Anneal status: T=7.23, dE=86.67, candidate was rejected
Itr 25, LL= -2658742.529801 (89.726037). Anneal status: T=7.23, dE=11.24, candidate was chosen by chance
Itr 26, LL= -2658502.341032 (90.339236). Anneal status: T=7.23, dE=102.12, candidate was rejected
Itr 27, LL= -2658271.137150 (86.967718). Anneal status: T=6.32, dE=3.73, candidate was rejected
Itr 28, LL= -2658066.266081 (77.069290). Anneal status: T=6.32, dE=20.49, candidate was rejected
Itr 29, LL= -2657886.107970 (67.777886). Anneal status: T=6.32, dE=20.35, candidate was rejected
Itr 30, LL= -2657719.577173 (62.655355). Anneal status: T=6.32, dE=38.06, candidate was rejected
Itr 31, LL= -2657558.775980 (60.503446). Anneal status: T=6.32, dE=79.23, candidate was rejected
Itr 32, LL= -2657403.683911 (58.358848). Anneal status: T=5.42, dE=105.92, candidate was rejected
Itr 33, LL= -2657275.404742 (48.272368). Anneal status: T=5.42, dE=47.03, candidate was rejected
Itr 34, LL= -2657159.873686 (43.477261). Anneal status: T=5.42, dE=48.41, candidate was rejected
Itr 35, LL= -2657053.586067 (40.000461). Anneal status: T=5.42, dE=104.09, candidate was rejected
Itr 36, LL= -2656943.999227 (41.243745). Anneal status: T=5.42, dE=23.47, candidate was rejected
Itr 37, LL= -2656829.966780 (42.918649). Anneal status: T=4.52, dE=173.04, candidate was rejected
Itr 38, LL= -2656699.258934 (49.196918). Anneal status: T=4.52, dE=18.02, candidate was rejected
Itr 39, LL= -2656551.674167 (55.551928). Anneal status: T=4.52, dE=57.05, candidate was rejected
Itr 40, LL= -2656388.624204 (61.376545). Anneal status: T=4.52, dE=20.00, candidate was rejected
Itr 41, LL= -2656256.902400 (49.586798). Anneal status: T=4.52, dE=73.04, candidate was rejected
Itr 42, LL= -2656113.068593 (54.149057). Anneal status: T=3.61, dE=60.23, candidate was rejected
Itr 43, LL= -2655943.194599 (63.955859). Anneal status: T=3.61, dE=4.82, candidate was rejected
Itr 44, LL= -2655796.909281 (55.078481). Anneal status: T=3.61, dE=39.98, candidate was rejected
Itr 45, LL= -2655652.625259 (54.327958). Anneal status: T=3.61, dE=13.70, candidate was rejected
Itr 46, LL= -2655534.510860 (44.476600). Anneal status: T=3.61, dE=68.69, candidate was rejected
Itr 47, LL= -2655435.605695 (37.244918). Anneal status: T=2.71, dE=68.34, candidate was rejected
Itr 48, LL= -2655336.446764 (37.341870). Anneal status: T=2.71, dE=15.26, candidate was rejected
Itr 49, LL= -2655217.514082 (44.790061). Anneal status: T=2.71, dE=41.01, candidate was rejected
Itr 50, LL= -2655091.723027 (47.375047). Anneal status: T=2.71, dE=82.25, candidate was rejected
Itr 51, LL= -2654990.143983 (38.258205). Anneal status: T=2.71, dE=80.62, candidate was rejected
Itr 52, LL= -2654916.161531 (27.865434). Anneal status: T=1.81, dE=102.34, candidate was rejected
Itr 53, LL= -2654845.028567 (26.792923). Anneal status: T=1.81, dE=27.25, candidate was rejected
Itr 54, LL= -2654772.086072 (27.475237). Anneal status: T=1.81, dE=33.56, candidate was rejected
Itr 55, LL= -2654703.404491 (25.870989). Anneal status: T=1.81, dE=96.27, candidate was rejected
Itr 56, LL= -2654640.241469 (23.792874). Anneal status: T=1.81, dE=135.22, candidate was rejected
Itr 57, LL= -2654575.765209 (24.288135). Anneal status: T=0.90, dE=28.38, candidate was rejected
Itr 58, LL= -2654500.338989 (28.413663). Anneal status: T=0.90, dE=36.62, candidate was rejected
Itr 59, LL= -2654433.996435 (24.992483). Anneal status: T=0.90, dE=51.61, candidate was rejected
Itr 60, LL= -2654394.573292 (14.851808). Anneal status: T=0.90, dE=37.88, candidate was rejected
Itr 61, LL= -2654359.431959 (13.238926). Anneal status: T=0.90, dE=85.20, candidate was rejected
Itr 62, LL= -2654316.054901 (16.341817). Anneal status: T=0.00, dE=101.43, candidate was rejected
Itr 63, LL= -2654262.963790 (20.001805). Anneal status: T=0.00, dE=131.82, candidate was rejected
Itr 64, LL= -2654220.729201 (15.911984). Anneal status: T=0.00, dE=14.91, candidate was rejected
Itr 65, LL= -2654187.111050 (12.665921). Anneal status: T=0.00, dE=37.60, candidate was rejected
Itr 66, LL= -2654151.483688 (13.423079). Anneal status: T=0.00, dE=41.01, candidate was rejected
Itr 67, LL= -2654120.174738 (11.796218). Anneal status: T=0.00, dE=58.83, candidate was rejected
Itr 68, LL= -2654090.640869 (11.127555). Anneal status: T=0.00, dE=69.41, candidate was rejected
Itr 69, LL= -2654050.826939 (15.000968). Anneal status: T=0.00, dE=48.53, candidate was rejected
Itr 70, LL= -2654002.169316 (18.333343). Anneal status: T=0.00, dE=71.10, candidate was rejected
Itr 71, LL= -2653944.038386 (21.903121). Anneal status: T=0.00, dE=49.69, candidate was rejected
Itr 72, LL= -2653852.790487 (34.381998). Anneal status: T=0.00, dE=78.20, candidate was rejected
Itr 73, LL= -2653772.330585 (30.318148). Anneal status: T=0.00, dE=81.65, candidate was rejected
Itr 74, LL= -2653708.379281 (24.098263). Anneal status: T=0.00, dE=47.74, candidate was rejected
Itr 75, LL= -2653637.199109 (26.822907). Anneal status: T=0.00, dE=26.35, candidate was rejected
Itr 76, LL= -2653558.197288 (29.771146). Anneal status: T=0.00, dE=38.96, candidate was rejected
Itr 77, LL= -2653463.588588 (35.653524). Anneal status: T=0.00, dE=23.01, candidate was rejected
Itr 78, LL= -2653381.839424 (30.808474). Anneal status: T=0.00, dE=50.09, candidate was rejected
Itr 79, LL= -2653312.299437 (26.208059). Anneal status: T=0.00, dE=22.09, candidate was rejected
Itr 80, LL= -2653228.212695 (31.691234). Anneal status: T=0.00, dE=87.76, candidate was rejected
Itr 81, LL= -2653154.090781 (27.936502). Anneal status: T=0.00, dE=10.01, candidate was rejected
Itr 82, LL= -2653096.168870 (21.831341). Anneal status: T=0.00, dE=50.17, candidate was rejected
Itr 83, LL= -2653030.167928 (24.876951). Anneal status: T=0.00, dE=34.17, candidate was rejected
Itr 84, LL= -2652964.901674 (24.600645). Anneal status: T=0.00, dE=41.84, candidate was rejected
Itr 85, LL= -2652907.799411 (21.523942). Anneal status: T=0.00, dE=88.43, candidate was rejected
Itr 86, LL= -2652860.438247 (17.852548). Anneal status: T=0.00, dE=55.38, candidate was rejected
Itr 87, LL= -2652822.266588 (14.388868). Anneal status: T=0.00, dE=135.55, candidate was rejected
Itr 88, LL= -2652783.765497 (14.513257). Anneal status: T=0.00, dE=83.89, candidate was rejected
Itr 89, LL= -2652748.986310 (13.110449). Anneal status: T=0.00, dE=93.15, candidate was rejected
Itr 90, LL= -2652724.687836 (9.159734). Anneal status: T=0.00, dE=57.51, candidate was rejected
Itr 91, LL= -2652703.219878 (8.092795). Anneal status: T=0.00, dE=110.37, candidate was rejected
Itr 92, LL= -2652682.381377 (7.855572). Anneal status: T=0.00, dE=10.57, candidate was rejected
Itr 93, LL= -2652658.202433 (9.114903). Anneal status: T=0.00, dE=20.70, candidate was rejected
Itr 94, LL= -2652629.720531 (10.737117). Anneal status: T=0.00, dE=31.31, candidate was rejected
Itr 95, LL= -2652607.805337 (8.261686). Anneal status: T=0.00, dE=70.13, candidate was rejected
Itr 96, LL= -2652583.490025 (9.166569). Anneal status: T=0.00, dE=12.07, candidate was rejected
Itr 97, LL= -2652561.677307 (8.223198). Anneal status: T=0.00, dE=43.23, candidate was rejected
Itr 98, LL= -2652529.446317 (12.150892). Anneal status: T=0.00, dE=17.83, candidate was rejected
Itr 99, LL= -2652470.703314 (22.146032). Anneal status: T=0.00, dE=-18.89, candidate was better
Itr 100, LL= -2652379.460121 (34.399322). Anneal status: T=0.00, dE=33.05, candidate was rejected
Itr 101, LL= -2652294.949900 (31.862040). Anneal status: T=0.00, dE=69.21, candidate was rejected
Itr 102, LL= -2652218.979526 (28.643260). Anneal status: T=0.00, dE=38.74, candidate was rejected
Itr 103, LL= -2652172.414787 (17.556899). Anneal status: T=0.00, dE=81.88, candidate was rejected
Itr 104, LL= -2652142.386941 (11.321981). Anneal status: T=0.00, dE=36.01, candidate was rejected
Itr 105, LL= -2652119.388435 (8.671671). Anneal status: T=0.00, dE=83.89, candidate was rejected
Itr 106, LL= -2652098.067420 (8.039236). Anneal status: T=0.00, dE=141.18, candidate was rejected
Itr 107, LL= -2652080.099795 (6.774872). Anneal status: T=0.00, dE=81.57, candidate was rejected
Itr 108, LL= -2652063.324602 (6.325296). Anneal status: T=0.00, dE=26.13, candidate was rejected
Itr 109, LL= -2652043.424462 (7.503644). Anneal status: T=0.00, dE=61.92, candidate was rejected
Itr 110, LL= -2652025.837872 (6.631336). Anneal status: T=0.00, dE=19.48, candidate was rejected
Itr 111, LL= -2652005.141248 (7.804081). Anneal status: T=0.00, dE=44.30, candidate was rejected
Itr 112, LL= -2651991.165691 (5.269807). Anneal status: T=0.00, dE=110.07, candidate was rejected
Itr 113, LL= -2651977.782221 (5.046574). Anneal status: T=0.00, dE=85.64, candidate was rejected
Itr 114, LL= -2651961.708317 (6.061101). Anneal status: T=0.00, dE=20.03, candidate was rejected
Itr 115, LL= -2651937.788628 (9.019621). Anneal status: T=0.00, dE=17.95, candidate was rejected
Itr 116, LL= -2651921.339903 (6.202531). Anneal status: T=0.00, dE=48.13, candidate was rejected
Itr 117, LL= -2651891.576958 (11.223163). Anneal status: T=0.00, dE=67.65, candidate was rejected
Itr 118, LL= -2651867.197684 (9.193164). Anneal status: T=0.00, dE=18.19, candidate was rejected
Itr 119, LL= -2651843.655712 (8.877508). Anneal status: T=0.00, dE=34.00, candidate was rejected
Itr 120, LL= -2651822.987461 (7.793918). Anneal status: T=0.00, dE=51.23, candidate was rejected
Itr 121, LL= -2651796.530681 (9.976827). Anneal status: T=0.00, dE=72.21, candidate was rejected
Itr 122, LL= -2651758.498136 (14.342181). Anneal status: T=0.00, dE=31.18, candidate was rejected
Itr 123, LL= -2651723.963880 (13.023153). Anneal status: T=0.00, dE=1.40, candidate was rejected
Itr 124, LL= -2651699.620518 (9.180202). Anneal status: T=0.00, dE=18.98, candidate was rejected
Itr 125, LL= -2651678.944683 (7.797201). Anneal status: T=0.00, dE=126.68, candidate was rejected
Itr 126, LL= -2651659.633733 (7.282537). Anneal status: T=0.00, dE=46.02, candidate was rejected
Itr 127, LL= -2651639.234548 (7.692988). Anneal status: T=0.00, dE=14.50, candidate was rejected
Itr 128, LL= -2651619.814923 (7.323630). Anneal status: T=0.00, dE=20.87, candidate was rejected
Itr 129, LL= -2651603.978504 (5.972357). Anneal status: T=0.00, dE=60.23, candidate was rejected
Itr 130, LL= -2651588.135128 (5.975016). Anneal status: T=0.00, dE=62.64, candidate was rejected
Itr 131, LL= -2651571.185875 (6.392113). Anneal status: T=0.00, dE=120.18, candidate was rejected
Itr 132, LL= -2651552.439905 (7.069759). Anneal status: T=0.00, dE=17.68, candidate was rejected
Itr 133, LL= -2651529.321237 (8.718918). Anneal status: T=0.00, dE=62.86, candidate was rejected
Itr 134, LL= -2651511.034783 (6.896569). Anneal status: T=0.00, dE=94.51, candidate was rejected
Itr 135, LL= -2651495.168334 (5.983927). Anneal status: T=0.00, dE=9.92, candidate was rejected
Itr 136, LL= -2651472.859103 (8.413830). Anneal status: T=0.00, dE=17.28, candidate was rejected
Itr 137, LL= -2651426.463687 (17.497979). Anneal status: T=0.00, dE=76.97, candidate was rejected
Itr 138, LL= -2651364.101859 (23.520105). Anneal status: T=0.00, dE=28.98, candidate was rejected
Itr 139, LL= -2651328.334105 (13.490321). Anneal status: T=0.00, dE=47.76, candidate was rejected
Itr 140, LL= -2651307.868561 (7.718978). Anneal status: T=0.00, dE=15.86, candidate was rejected
Itr 141, LL= -2651293.543127 (5.403157). Anneal status: T=0.00, dE=25.90, candidate was rejected
Itr 142, LL= -2651280.407936 (4.954258). Anneal status: T=0.00, dE=28.23, candidate was rejected
Itr 143, LL= -2651271.977241 (3.179858). Anneal status: T=0.00, dE=26.07, candidate was rejected
Itr 144, LL= -2651264.687129 (2.749666). Anneal status: T=0.00, dE=14.27, candidate was rejected
Itr 145, LL= -2651254.616251 (3.798519). Anneal status: T=0.00, dE=96.04, candidate was rejected
Itr 146, LL= -2651245.608728 (3.397457). Anneal status: T=0.00, dE=58.36, candidate was rejected
Itr 147, LL= -2651234.943929 (4.022562). Anneal status: T=0.00, dE=35.47, candidate was rejected
Itr 148, LL= -2651224.538243 (3.924845). Anneal status: T=0.00, dE=36.19, candidate was rejected
Itr 149, LL= -2651215.778704 (3.303960). Anneal status: T=0.00, dE=83.42, candidate was rejected
Itr 150, LL= -2651208.849915 (2.613438). Anneal status: T=0.00, dE=45.14, candidate was rejected
Itr 151, LL= -2651202.836932 (2.268016). Anneal status: T=0.00, dE=52.54, candidate was rejected
Itr 152, LL= -2651196.656926 (2.331019). Anneal status: T=0.00, dE=109.73, candidate was rejected
Itr 153, LL= -2651190.161536 (2.449985). Anneal status: T=0.00, dE=37.08, candidate was rejected
Itr 154, LL= -2651183.113099 (2.658593). Anneal status: T=0.00, dE=115.20, candidate was rejected
Itr 155, LL= -2651175.846034 (2.741065). Anneal status: T=0.00, dE=40.03, candidate was rejected
Itr 156, LL= -2651167.985966 (2.964748). Anneal status: T=0.00, dE=15.53, candidate was rejected
Itr 157, LL= -2651159.491089 (3.204202). Anneal status: T=0.00, dE=14.33, candidate was rejected
Itr 158, LL= -2651150.997035 (3.203902). Anneal status: T=0.00, dE=40.49, candidate was rejected
Itr 159, LL= -2651142.892560 (3.056965). Anneal status: T=0.00, dE=29.73, candidate was rejected
Itr 160, LL= -2651126.613514 (6.140388). Anneal status: T=0.00, dE=86.16, candidate was rejected
Itr 161, LL= -2651112.470767 (5.334618). Anneal status: T=0.00, dE=52.03, candidate was rejected
Itr 162, LL= -2651101.911529 (3.982946). Anneal status: T=0.00, dE=43.40, candidate was rejected
Itr 163, LL= -2651092.879645 (3.406841). Anneal status: T=0.00, dE=53.60, candidate was rejected
Itr 164, LL= -2651088.057941 (1.818761). Anneal status: T=0.00, dE=96.50, candidate was rejected
Itr 165, LL= -2651082.971152 (1.918755). Anneal status: T=0.00, dE=157.11, candidate was rejected
Itr 166, LL= -2651063.142171 (7.479578). Anneal status: T=0.00, dE=57.65, candidate was rejected
Itr 167, LL= -2651053.185843 (3.755598). Anneal status: T=0.00, dE=44.05, candidate was rejected
Itr 168, LL= -2651041.024643 (4.587309). Anneal status: T=0.00, dE=60.54, candidate was rejected
Itr 169, LL= -2651031.084713 (3.749444). Anneal status: T=0.00, dE=119.67, candidate was rejected
Itr 170, LL= -2651013.102487 (6.783107). Anneal status: T=0.00, dE=38.51, candidate was rejected
Itr 171, LL= -2651003.478414 (3.630338). Anneal status: T=0.00, dE=28.50, candidate was rejected
Itr 172, LL= -2650993.705872 (3.686356). Anneal status: T=0.00, dE=79.11, candidate was rejected
Itr 173, LL= -2650982.673277 (4.161683). Anneal status: T=0.00, dE=27.37, candidate was rejected
Itr 174, LL= -2650973.182919 (3.579940). Anneal status: T=0.00, dE=107.08, candidate was rejected
Itr 175, LL= -2650965.797934 (2.785764). Anneal status: T=0.00, dE=43.98, candidate was rejected
Itr 176, LL= -2650960.082312 (2.156053). Anneal status: T=0.00, dE=33.84, candidate was rejected
Itr 177, LL= -2650954.336284 (2.167527). Anneal status: T=0.00, dE=133.02, candidate was rejected
Itr 178, LL= -2650947.968953 (2.401902). Anneal status: T=0.00, dE=11.87, candidate was rejected
Itr 179, LL= -2650939.314247 (3.264759). Anneal status: T=0.00, dE=3.95, candidate was rejected
Itr 180, LL= -2650928.506994 (4.076764). Anneal status: T=0.00, dE=27.79, candidate was rejected
Itr 181, LL= -2650921.445296 (2.663858). Anneal status: T=0.00, dE=62.74, candidate was rejected
Itr 182, LL= -2650917.315166 (1.557998). Anneal status: T=0.00, dE=175.13, candidate was rejected
Itr 183, LL= -2650913.898698 (1.288787). Anneal status: T=0.00, dE=64.11, candidate was rejected
Itr 184, LL= -2650911.437095 (0.928587). Anneal status: T=0.00, dE=90.20, candidate was rejected
Itr 185, LL= -2650909.244778 (0.827005). Anneal status: T=0.00, dE=14.68, candidate was rejected
Itr 186, LL= -2650905.065619 (1.576500). Anneal status: T=0.00, dE=42.49, candidate was rejected
Itr 187, LL= -2650900.433774 (1.747269). Anneal status: T=0.00, dE=106.79, candidate was rejected
Itr 188, LL= -2650890.581608 (3.716536). Anneal status: T=0.00, dE=20.85, candidate was rejected
Itr 189, LL= -2650884.821023 (2.173076). Anneal status: T=0.00, dE=34.70, candidate was rejected
Itr 190, LL= -2650883.557940 (0.476476). Anneal status: T=0.00, dE=21.39, candidate was rejected
Itr 191, LL= -2650880.193540 (1.269162). Anneal status: T=0.00, dE=150.87, candidate was rejected
Itr 192, LL= -2650875.133236 (1.908915). Anneal status: T=0.00, dE=52.66, candidate was rejected
Itr 193, LL= -2650873.242503 (0.713248). Anneal status: T=0.00, dE=13.54, candidate was rejected
Itr 194, LL= -2650871.113423 (0.803162). Anneal status: T=0.00, dE=29.29, candidate was rejected
Itr 195, LL= -2650869.189372 (0.725818). Anneal status: T=0.00, dE=48.65, candidate was rejected
-- Annealing statistics:
Portion of times candidate was better: 0.005128
Portion of times candidate was chosen by chance: 0.010256
--
>> 