*** Error in `/software/matlab-2014b-x86_64/bin/glnxa64/MATLAB': munmap_chunk(): invalid pointer: 0x00007f9d90a44710 ***
======= Backtrace: =========
/lib64/libc.so.6(+0x7f804)[0x7f9db010b804]
/software/matlab-2014b-x86_64/bin/glnxa64/libmwservices.so(+0x2fa942)[0x7f9db1dda942]
/software/matlab-2014b-x86_64/bin/glnxa64/libmwservices.so(Ox0c6ee92b372820cc+0x1c0)[0x7f9db1ddab30]
/software/matlab-2014b-x86_64/bin/glnxa64/libmwservices.so(Ox0c6ee9185d4d6997+0x5c)[0x7f9db1d9c4cc]
/software/matlab-2014b-x86_64/bin/glnxa64/libmwservices.so(+0x2ac983)[0x7f9db1d8c983]
/software/matlab-2014b-x86_64/bin/glnxa64/libmwservices.so(Ox0c6ef89343891d77+0x9f)[0x7f9db1d8cdef]
/software/matlab-2014b-x86_64/bin/glnxa64/libmwservices.so(+0x2a5572)[0x7f9db1d85572]
/software/matlab-2014b-x86_64/bin/glnxa64/libmwservices.so(+0x2a6bdd)[0x7f9db1d86bdd]
/software/matlab-2014b-x86_64/bin/glnxa64/libmwservices.so(Ox0c6eefeb301f8d16+0x34c)[0x7f9db1d7fd6c]
/software/matlab-2014b-x86_64/bin/glnxa64/libmwservices.so(lc_checkout+0x99)[0x7f9db1d7fed9]
/software/matlab-2014b-x86_64/bin/glnxa64/libmwservices.so(+0x216185)[0x7f9db1cf6185]
/software/matlab-2014b-x86_64/bin/glnxa64/libmwservices.so(+0x202133)[0x7f9db1ce2133]
/software/matlab-2014b-x86_64/bin/glnxa64/libmwservices.so(+0x202b11)[0x7f9db1ce2b11]
/software/matlab-2014b-x86_64/bin/glnxa64/libmwservices.so(_Z19svLmCheckoutFeaturePKcbPSs+0x65)[0x7f9db1d16fe5]
/software/matlab-2014b-x86_64/bin/glnxa64/libmwservices.so(+0x249a78)[0x7f9db1d29a78]
/software/matlab-2014b-x86_64/bin/glnxa64/libmwservices.so(+0x249cd3)[0x7f9db1d29cd3]
/software/matlab-2014b-x86_64/bin/glnxa64/libboost_thread.so.1.49.0(+0xe409)[0x7f9daede7409]
/lib64/libpthread.so.0(+0x7ea5)[0x7f9db0461ea5]
/lib64/libc.so.6(clone+0x6d)[0x7f9db018a8cd]
======= Memory map: ========
00400000-00409000 r-xp 00000000 00:2d 6454044                            /software/matlab-2014b-x86_64/bin/glnxa64/MATLAB
00609000-0060a000 rw-p 00009000 00:2d 6454044                            /software/matlab-2014b-x86_64/bin/glnxa64/MATLAB
00e3a000-01a16000 rw-p 00000000 00:00 0                                  [heap]
7f9cf0000000-7f9cf0021000 rw-p 00000000 00:00 0 
7f9cf0021000-7f9cf4000000 ---p 00000000 00:00 0 
7f9d0c000000-7f9d0c6d1000 rw-p 00000000 00:00 0 
7f9d0c6d1000-7f9d0c6d2000 rwxp 00000000 00:00 0 
7f9d0c6d2000-7f9d0ffda000 rw-p 00000000 00:00 0 
7f9d0ffda000-7f9d10000000 ---p 00000000 00:00 0 
7f9d10000000-7f9d1244e000 rw-p 00000000 00:00 0 
7f9d1244e000-7f9d12450000 rwxp 00000000 00:00 0 
7f9d12450000-7f9d13fe6000 rw-p 00000000 00:00 0 
7f9d13fe6000-7f9d14000000 ---p 00000000 00:00 0 
7f9d14000000-7f9d14a35000 rw-p 00000000 00:00 0 
7f9d14a35000-7f9d14a38000 rwxp 00000000 00:00 0 
7f9d14a38000-7f9d14e91000 rw-p 00000000 00:00 0 
7f9d14e91000-7f9d14e93000 rwxp 00000000 00:00 0 
7f9d14e93000-7f9d1626c000 rw-p 00000000 00:00 0 
7f9d1626c000-7f9d1626d000 rwxp 00000000 00:00 0 
7f9d1626d000-7f9d16714000 rw-p 00000000 00:00 0 
7f9d16714000-7f9d16716000 rwxp 00000000 00:00 0 
7f9d16716000-7f9d17ff4000 rw-p 00000000 00:00 0 
7f9d17ff4000-7f9d18000000 ---p 00000000 00:00 0 
7f9d18000000-7f9d181fc000 rw-p 00000000 00:00 0 
7f9d181fc000-7f9d181fd000 rwxp 00000000 00:00 0 
7f9d181fd000-7f9d1bff8000 rw-p 00000000 00:00 0 
7f9d1bff8000-7f9d1c000000 ---p 00000000 00:00 0 
7f9d1c000000-7f9d1c4f4000 rw-p 00000000 00:00 0 
7f9d1c4f4000-7f9d1c4f5000 rwxp 00000000 00:00 0 
7f9d1c4f5000-7f9d1ca2e000 rw-p 00000000 00:00 0 
7f9d1ca2e000-7f9d1ca30000 rwxp 00000000 00:00 0 
7f9d1ca30000-7f9d1cb40000 rw-p 00000000 00:00 0 
7f9d1cb40000-7f9d1cb41000 rwxp 00000000 00:00 0 
7f9d1cb41000-7f9d1ffe3000 rw-p 00000000 00:00 0 
7f9d1ffe3000-7f9d20000000 ---p 00000000 00:00 0 
7f9d20000000-7f9d20252000 rw-p 00000000 00:00 0 
7f9d20252000-7f9d20253000 rwxp 00000000 00:00 0 
7f9d20253000-7f9d216b2000 rw-p 00000000 00:00 0 
7f9d216b2000-7f9d216b3000 rwxp 00000000 00:00 0 
7f9d216b3000-7f9d22c6a000 rw-p 00000000 00:00 0 
7f9d22c6a000-7f9d22c6b000 rwxp 00000000 00:00 0 
7f9d22c6b000-7f9d23fee000 rw-p 00000000 00:00 0 
7f9d23fee000-7f9d24000000 ---p 00000000 00:00 0 
7f9d24000000-7f9d253a8000 rw-p 00000000 00:00 0 
7f9d253a8000-7f9d253a9000 rwxp 00000000 00:00 0 
7f9d253a9000-7f9d26141000 rw-p 00000000 00:00 0 
7f9d26141000-7f9d26142000 rwxp 00000000 00:00 0 
7f9d26142000-7f9d26286000 rw-p 00000000 00:00 0 
7f9d26286000-7f9d26287000 rwxp 00000000 00:00 0 
7f9d26287000-7f9d27f4e000 rw-p 00000000 00:00 0 
7f9d27f4e000-7f9d28000000 ---p 00000000 00:00 0 
7f9d28000000-7f9d2bfb1000 rw-p 00000000 00:00 0 
7f9d2bfb1000-7f9d2c000000 ---p 00000000 00:00 0 
7f9d2c000000-7f9d2d347000 rw-p 00000000 00:00 0 
7f9d2d347000-7f9d2d349000 rwxp 00000000 00:00 0 
7f9d2d349000-7f9d2e41b000 rw-p 00000000 00:00 0 
7f9d2e41b000-7f9d2e41d000 rwxp 00000000 00:00 0 
7f9d2e41d000-7f9d2ffb2000 rw-p 00000000 00:00 0 
7f9d2ffb2000-7f9d30000000 ---p 00000000 00:00 0 
7f9d30000000-7f9d30f4a000 rw-p 00000000 00:00 0 
7f9d30f4a000-7f9d30f4b000 rwxp 00000000 00:00 0 
7f9d30f4b000-7f9d32c09000 rw-p 00000000 00:00 0 
7f9d32c09000-7f9d32c0a000 rwxp 00000000 00:00 0 
7f9d32c0a000-7f9d33f8f000 rw-p 00000000 00:00 0 
7f9d33f8f000-7f9d34000000 ---p 00000000 00:00 0 
7f9d34000000-7f9d37e7e000 rw-p 00000000 00:00 0 
7f9d37e7e000-7f9d37e7f000 rwxp 00000000 00:00 0 
7f9d37e7f000-7f9d37ffd000 rw-p 00000000 00:00 0 
7f9d37ffd000-7f9d38000000 ---p 00000000 00:00 0 
7f9d38000000-7f9d3a13f000 rw-p 00000000 00:00 0 
7f9d3a13f000-7f9d3a140000 rwxp 00000000 00:00 0 
7f9d3a140000-7f9d3aadd000 rw-p 00000000 00:00 0 
7f9d3aadd000-7f9d3aade000 rwxp 00000000 00:00 0 
7f9d3aade000-7f9d3aaf9000 rw-p 00000000 00:00 0 
7f9d3aaf9000-7f9d3aafa000 rwxp 00000000 00:00 0 
7f9d3aafa000-7f9d3bfca000 rw-p 00000000 00:00 0 
7f9d3bfca000-7f9d3c000000 ---p 00000000 00:00 0 
7f9d3c000000-7f9d3ff92000 rw-p 00000000 00:00 0 
7f9d3ff92000-7f9d40000000 ---p 00000000 00:00 0 
7f9d48000000-7f9d48021000 rw-p 00000000 00:00 0 
7f9d48021000-7f9d4c000000 ---p 00000000 00:00 0 
7f9d4c000000-7f9d4c021000 rw-p 00000000 00:00 0 
7f9d4c021000-7f9d50000000 ---p 00000000 00:00 0 
7f9d50000000-7f9d50021000 rw-p 00000000 00:00 0 
7f9d50021000-7f9d54000000 ---p 00000000 00:00 0 
7f9d54000000-7f9d54021000 rw-p 00000000 00:00 0 
7f9d54021000-7f9d58000000 ---p 00000000 00:00 0 
7f9d58000000-7f9d58021000 rw-p 00000000 00:00 0 
7f9d58021000-7f9d5c000000 ---p 00000000 00:00 0 
7f9d60000000-7f9d60021000 rw-p 00000000 00:00 0 
7f9d60021000-7f9d64000000 ---p 00000000 00:00 0 
7f9d64000000-7f9d67ee2000 rw-p 00000000 00:00 0 
7f9d67ee2000-7f9d68000000 ---p 00000000 00:00 0 
7f9d68000000-7f9d6bf03000 rw-p 00000000 00:00 0 
7f9d6bf03000-7f9d6c000000 ---p 00000000 00:00 0 
7f9d6c000000-7f9d6ff91000 rw-p 00000000 00:00 0 
7f9d6ff91000-7f9d70000000 ---p 00000000 00:00 0 
7f9d74000000-7f9d74215000 rw-p 00000000 00:00 0 
7f9d74215000-7f9d74216000 rwxp 00000000 00:00 0 
7f9d74216000-7f9d742c6000 rw-p 00000000 00:00 0 
7f9d742c6000-7f9d742c7000 rwxp 00000000 00:00 0 
7f9d742c7000-7f9d742c8000 rw-p 00000000 00:00 0 
7f9d742c8000-7f9d742c9000 rwxp 00000000 00:00 0 
7f9d742c9000-7f9d743c9000 rw-p 00000000 00:00 0 
7f9d743c9000-7f9d743ca000 rwxp 00000000 00:00 0 
7f9d743ca000-7f9d74465000 rw-p 00000000 00:00 0 
7f9d74465000-7f9d74467000 rwxp 00000000 00:00 0 
7f9d74467000-7f9d7447f000 rw-p 00000000 00:00 0 
7f9d7447f000-7f9d74480000 rwxp 00000000 00:00 0 
7f9d74480000-7f9d74582000 rw-p 00000000 00:00 0 
7f9d74582000-7f9d74583000 rwxp 00000000 00:00 0 
7f9d74583000-7f9d745b4000 rw-p 00000000 00:00 0 
7f9d745b4000-7f9d745b5000 rwxp 00000000 00:00 0 
7f9d745b5000-7f9d745ed000 rw-p 00000000 00:00 0 
7f9d745ed000-7f9d745ee000 rwxp 00000000 00:00 0 
7f9d745ee000-7f9d74733000 rw-p 00000000 00:00 0 
7f9d74733000-7f9d74734000 rwxp 00000000 00:00 0 
7f9d74734000-7f9d74931000 rw-p 00000000 00:00 0 
7f9d74931000-7f9d74932000 rwxp 00000000 00:00 0 
7f9d74932000-7f9d7494b000 rw-p 00000000 00:00 0 
7f9d7494b000-7f9d7494c000 rwxp 00000000 00:00 0 
7f9d7494c000-7f9d7499d000 rw-p 00000000 00:00 0 
7f9d7499d000-7f9d7499e000 rwxp 00000000 00:00 0 
7f9d7499e000-7f9d749f7000 rw-p 00000000 00:00 0 
7f9d749f7000-7f9d749f8000 rwxp 00000000 00:00 0 
7f9d749f8000-7f9d74a91000 rw-p 00000000 00:00 0 
7f9d74a91000-7f9d74a92000 rwxp 00000000 00:00 0 
7f9d74a92000-7f9d74b1c000 rw-p 00000000 00:00 0 
7f9d74b1c000-7f9d74b1d000 rwxp 00000000 00:00 0 
7f9d74b1d000-7f9d74bb6000 rw-p 00000000 00:00 0 
7f9d74bb6000-7f9d74bb7000 rwxp 00000000 00:00 0 
7f9d74bb7000-7f9d74bd0000 rw-p 00000000 00:00 0 
7f9d74bd0000-7f9d74bd1000 rwxp 00000000 00:00 0 
7f9d74bd1000-7f9d74caa000 rw-p 00000000 00:00 0 
7f9d74caa000-7f9d74cab000 rwxp 00000000 00:00 0 
7f9d74cab000-7f9d74ed9000 rw-p 00000000 00:00 0 
7f9d74ed9000-7f9d74eda000 rwxp 00000000 00:00 0 
7f9d74eda000-7f9d75016000 rw-p 00000000 00:00 0 
7f9d75016000-7f9d75017000 rwxp 00000000 00:00 0 
7f9d75017000-7f9d7535d000 rw-p 00000000 00:00 0 
7f9d7535d000-7f9d7535e000 rwxp 00000000 00:00 0 
7f9d7535e000-7f9d7550a000 rw-p 00000000 00:00 0 
7f9d7550a000-7f9d7550b000 rwxp 00000000 00:00 0 
7f9d7550b000-7f9d7551e000 rw-p 00000000 00:00 0 
7f9d7551e000-7f9d7551f000 rwxp 00000000 00:00 0 
7f9d7551f000-7f9d75667000 rw-p 00000000 00:00 0 
7f9d75667000-7f9d75669000 rwxp 00000000 00:00 0 
7f9d75669000-7f9d756b4000 rw-p 00000000 00:00 0 
7f9d756b4000-7f9d756b5000 rwxp 00000000 00:00 0 
7f9d756b5000-7f9d756cd000 rw-p 00000000 00:00 0 
7f9d756cd000-7f9d756ce000 rwxp 00000000 00:00 0 
7f9d756ce000-7f9d75719000 rw-p 00000000 00:00 0 
7f9d75719000-7f9d7571a000 rwxp 00000000 00:00 0 
7f9d7571a000-7f9d7578b000 rw-p 00000000 00:00 0 
7f9d7578b000-7f9d7578c000 rwxp 00000000 00:00 0 
7f9d7578c000-7f9d757ed000 rw-p 00000000 00:00 0 
7f9d757ed000-7f9d757ee000 rwxp 00000000 00:00 0 
7f9d757ee000-7f9d75ca1000 rw-p 00000000 00:00 0 
7f9d75ca1000-7f9d75ca2000 rwxp 00000000 00:00 0 
7f9d75ca2000-7f9d75cbd000 rw-p 00000000 00:00 0 
7f9d75cbd000-7f9d75cbe000 rwxp 00000000 00:00 0 
7f9d75cbe000-7f9d75ceb000 rw-p 00000000 00:00 0 
7f9d75ceb000-7f9d75cec000 rwxp 00000000 00:00 0 
7f9d75cec000-7f9d75d28000 rw-p 00000000 00:00 0 
7f9d75d28000-7f9d75d29000 rwxp 00000000 00:00 0 
7f9d75d29000-7f9d75d76000 rw-p 00000000 00:00 0 
7f9d75d76000-7f9d75d77000 rwxp 00000000 00:00 0 
7f9d75d77000-7f9d75d88000 rw-p 00000000 00:00 0 
7f9d75d88000-7f9d75d89000 rwxp 00000000 00:00 0 
7f9d75d89000-7f9d75da0000 rw-p 00000000 00:00 0 
7f9d75da0000-7f9d75da1000 rwxp 00000000 00:00 0 
7f9d75da1000-7f9d75da8000 rw-p 00000000 00:00 0 
7f9d75da8000-7f9d75da9000 rwxp 00000000 00:00 0 
7f9d75da9000-7f9d75e25000 rw-p 00000000 00:00 0 
7f9d75e25000-7f9d75e26000 rwxp 00000000 00:00 0 
7f9d75e26000-7f9d75e32000 rw-p 00000000 00:00 0 
7f9d75e32000-7f9d75e33000 rwxp 00000000 00:00 0 
7f9d75e33000-7f9d75ee2000 rw-p 00000000 00:00 0 
7f9d75ee2000-7f9d75ee4000 rwxp 00000000 00:00 0 
7f9d75ee4000-7f9d75f0d000 rw-p 00000000 00:00 0 
7f9d75f0d000-7f9d75f0e000 rwxp 00000000 00:00 0 
7f9d75f0e000-7f9d75f37000 rw-p 00000000 00:00 0 
7f9d75f37000-7f9d75f39000 rwxp 00000000 00:00 0 
7f9d75f39000-7f9d75f49000 rw-p 00000000 00:00 0 
7f9d75f49000-7f9d75f4a000 rwxp 00000000 00:00 0 
7f9d75f4a000-7f9d75f4c000 rw-p 00000000 00:00 0 
7f9d75f4c000-7f9d75f4d000 rwxp 00000000 00:00 0 
7f9d75f4d000-7f9d75f4e000 rw-p 00000000 00:00 0 
7f9d75f4e000-7f9d75f4f000 rwxp 00000000 00:00 0 
7f9d75f4f000-7f9d75f51000 rw-p 00000000 00:00 0 
7f9d75f51000-7f9d75f52000 rwxp 00000000 00:00 0 
7f9d75f52000-7f9d75f56000 rw-p 00000000 00:00 0 
7f9d75f56000-7f9d75f57000 rwxp 00000000 00:00 0 
7f9d75f57000-7f9d75f5f000 rw-p 00000000 00:00 0 
7f9d75f5f000-7f9d75f60000 rwxp 00000000 00:00 0 
7f9d75f60000-7f9d75f68000 rw-p 00000000 00:00 0 
7f9d75f68000-7f9d75f69000 rwxp 00000000 00:00 0 
7f9d75f69000-7f9d75f6e000 rw-p 00000000 00:00 0 
7f9d75f6e000-7f9d75f6f000 rwxp 00000000 00:00 0 
7f9d75f6f000-7f9d75f87000 rw-p 00000000 00:00 0 
7f9d75f87000-7f9d75f88000 rwxp 00000000 00:00 0 
7f9d75f88000-7f9d75f94000 rw-p 00000000 00:00 0 
7f9d75f94000-7f9d75f95000 rwxp 00000000 00:00 0 
7f9d75f95000-7f9d75fae000 rw-p 00000000 00:00 0 
7f9d75fae000-7f9d75faf000 rwxp 00000000 00:00 0 
7f9d75faf000-7f9d75fb2000 rw-p 00000000 00:00 0 
7f9d75fb2000-7f9d75fb3000 rwxp 00000000 00:00 0 
7f9d75fb3000-7f9d75fb5000 rw-p 00000000 00:00 0 
7f9d75fb5000-7f9d75fb6000 rwxp 00000000 00:00 0 
7f9d75fb6000-7f9d75fc4000 rw-p 00000000 00:00 0 
7f9d75fc4000-7f9d75fc6000 rwxp 00000000 00:00 0 
7f9d75fc6000-7f9d75fcb000 rw-p 00000000 00:00 0 
7f9d75fcb000-7f9d75fcc000 rwxp 00000000 00:00 0 
7f9d75fcc000-7f9d76006000 rw-p 00000000 00:00 0 
7f9d76006000-7f9d76007000 rwxp 00000000 00:00 0 
7f9d76007000-7f9d76027000 rw-p 00000000 00:00 0 
7f9d76027000-7f9d76028000 rwxp 00000000 00:00 0 
7f9d76028000-7f9d76032000 rw-p 00000000 00:00 0 
7f9d76032000-7f9d76033000 rwxp 00000000 00:00 0 
7f9d76033000-7f9d76063000 rw-p 00000000 00:00 0 
7f9d76063000-7f9d76064000 rwxp 00000000 00:00 0 
7f9d76064000-7f9d7608a000 rw-p 00000000 00:00 0 
7f9d7608a000-7f9d7608b000 rwxp 00000000 00:00 0 
7f9d7608b000-7f9d76091000 rw-p 00000000 00:00 0 
7f9d76091000-7f9d76092000 rwxp 00000000 00:00 0 
7f9d76092000-7f9d76096000 rw-p 00000000 00:00 0 
7f9d76096000-7f9d76097000 rwxp 00000000 00:00 0 
7f9d76097000-7f9d760b5000 rw-p 00000000 00:00 0 
7f9d760b5000-7f9d760b6000 rwxp 00000000 00:00 0 
7f9d760b6000-7f9d760d5000 rw-p 00000000 00:00 0 
7f9d760d5000-7f9d760d6000 rwxp 00000000 00:00 0 
7f9d760d6000-7f9d760f0000 rw-p 00000000 00:00 0 
7f9d760f0000-7f9d760f1000 rwxp 00000000 00:00 0 
7f9d760f1000-7f9d76136000 rw-p 00000000 00:00 0 
7f9d76136000-7f9d76137000 rwxp 00000000 00:00 0 
7f9d76137000-7f9d76154000 rw-p 00000000 00:00 0 
7f9d76154000-7f9d76155000 rwxp 00000000 00:00 0 
7f9d76155000-7f9d76164000 rw-p 00000000 00:00 0 
7f9d76164000-7f9d76166000 rwxp 00000000 00:00 0 
7f9d76166000-7f9d7616d000 rw-p 00000000 00:00 0 
7f9d7616d000-7f9d7616e000 rwxp 00000000 00:00 0 
7f9d7616e000-7f9d76179000 rw-p 00000000 00:00 0 
7f9d76179000-7f9d7617a000 rwxp 00000000 00:00 0 
7f9d7617a000-7f9d761b7000 rw-p 00000000 00:00 0 
7f9d761b7000-7f9d761b8000 rwxp 00000000 00:00 0 
7f9d761b8000-7f9d761e9000 rw-p 00000000 00:00 0 
7f9d761e9000-7f9d761ea000 rwxp 00000000 00:00 0 
7f9d761ea000-7f9d76201000 rw-p 00000000 00:00 0 
7f9d76201000-7f9d76202000 rwxp 00000000 00:00 0 
7f9d76202000-7f9d76204000 rw-p 00000000 00:00 0 
7f9d76204000-7f9d76205000 rwxp 00000000 00:00 0 
7f9d76205000-7f9d7621b000 rw-p 00000000 00:00 0 
7f9d7621b000-7f9d7621d000 rwxp 00000000 00:00 0 
7f9d7621d000-7f9d77fee000 rw-p 00000000 00:00 0 
7f9d77fee000-7f9d78000000 ---p 00000000 00:00 0 
7f9d79062000-7f9d79084000 r-xp 00000000 00:2d 5928915                    /software/matlab-2014b-x86_64/bin/glnxa64/libmwmltiming.so
7f9d79084000-7f9d79284000 ---p 00022000 00:2d 5928915                    /software/matlab-2014b-x86_64/bin/glnxa64/libmwmltiming.so
7f9d79284000-7f9d79287000 rw-p 00022000 00:2d 5928915                    /software/matlab-2014b-x86_64/bin/glnxa64/libmwmltiming.so
7f9d79287000-7f9d792fc000 r-xp 00000000 00:2d 5928935                    /software/matlab-2014b-x86_64/bin/glnxa64/libmwfunctionargs.so
7f9d792fc000-7f9d794fc000 ---p 00075000 00:2d 5928935                    /software/matlab-2014b-x86_64/bin/glnxa64/libmwfunctionargs.so
7f9d794fc000-7f9d79502000 rw-p 00075000 00:2d 5928935                    /software/matlab-2014b-x86_64/bin/glnxa64/libmwfunctionargs.so
7f9d79502000-7f9d79503000 ---p 00000000 00:00 0 
7f9d79503000-7f9d79903000 rwxp 00000000 00:00 0 
7f9d79903000-7f9d79904000 ---p 00000000 00:00 0 
7f9d79904000-7f9d79d04000 rwxp 00000000 00:00 0 
7f9d79d04000-7f9d79d05000 ---p 00000000 00:00 0 
7f9d79d05000-7f9d7a105000 rwxp 00000000 00:00 0 
7f9d7a944000-7f9d7a979000 r-xp 00000000 00:2d 6968166                    /software/matlab-2014b-x86_64/sys/os/glnxa64/libquadmath.so.0.0.0
7f9d7a979000-7f9d7ab78000 ---p 00035000 00:2d 6968166                    /software/matlab-2014b-x86_64/sys/os/glnxa64/libquadmath.so.0.0.0
7f9d7ab78000-7f9d7ab79000 rw-p 00034000 00:2d 6968166                    /software/matlab-2014b-x86_64/sys/os/glnxa64/libquadmath.so.0.0.0
7f9d7ab79000-7f9d7ac8b000 r-xp 00000000 00:2d 6968159                    /software/matlab-2014b-x86_64/sys/os/glnxa64/libgfortran.so.3.0.0
7f9d7ac8b000-7f9d7ae8a000 ---p 00112000 00:2d 6968159                    /software/matlab-2014b-x86_64/sys/os/glnxa64/libgfortran.so.3.0.0
7f9d7ae8a000-7f9d7ae8c000 rw-p 00111000 00:2d 6968159                    /software/matlab-2014b-x86_64/sys/os/glnxa64/libgfortran.so.3.0.0
7f9d7ae8c000-7f9d7aede000 r-xp 00000000 00:2d 6453933                    /software/matlab-2014b-x86_64/bin/glnxa64/libmwumfpack.so
7f9d7aede000-7f9d7b0dd000 ---p 00052000 00:2d 6453933                    /software/matlab-2014b-x86_64/bin/glnxa64/libmwumfpack.so
7f9d7b0dd000-7f9d7b0de000 rw-p 00051000 00:2d 6453933                    /software/matlab-2014b-x86_64/bin/glnxa64/libmwumfpack.so
7f9d7b0de000-7f9d7b100000 r-xp 00000000 00:2d 6453511                    /software/matlab-2014b-x86_64/bin/glnxa64/libmwspqr.so
7f9d7b100000-7f9d7b300000 ---p 00022000 00:2d 6453511                    /software/matlab-2014b-x86_64/bin/glnxa64/libmwspqr.so
7f9d7b300000-7f9d7b301000 rw-p 00022000 00:2d 6453511                    /software/matlab-2014b-x86_64/bin/glnxa64/libmwspqr.so
7f9d7b301000-7f9d7b332000 r-xp 00000000 00:2d 6454087                    /software/matlab-2014b-x86_64/bin/glnxa64/libmwrookfastbp.so
7f9d7b332000-7f9d7b531000 ---p 00031000 00:2d 6454087                    /software/matlab-2014b-x86_64/bin/glnxa64/libmwrookfastbp.so
7f9d7b531000-7f9d7b532000 rw-p 00030000 00:2d 6454087                    /software/matlab-2014b-x86_64/bin/glnxa64/libmwrookfastbp.so
7f9d7b532000-7f9d7b560000 r-xp 00000000 00:2d 6453926                    /software/matlab-2014b-x86_64/bin/glnxa64/libmwma57.so
7f9d7b560000-7f9d7b75f000 ---p 0002e000 00:2d 6453926                    /software/matlab-2014b-x86_64/bin/glnxa64/libmwma57.so
7f9d7b75f000-7f9d7b760000 rw-p 0002d000 00:2d 6453926                    /software/matlab-2014b-x86_64/bin/glnxa64/libmwma57.so
7f9d7b760000-7f9d7b76b000 r-xp 00000000 00:2d 6453517                    /software/matlab-2014b-x86_64/bin/glnxa64/libmwcsparse.so
7f9d7b76b000-7f9d7b96a000 ---p 0000b000 00:2d 6453517                    /software/matlab-2014b-x86_64/bin/glnxa64/libmwcsparse.so
7f9d7b96a000-7f9d7b96b000 rw-p 0000a000 00:2d 6453517                    /software/matlab-2014b-x86_64/bin/glnxa64/libmwcsparse.so
7f9d7b96b000-7f9d7bb68000 r-xp 00000000 00:2d 6453573                    /software/matlab-2014b-x86_64/bin/glnxa64/libmwmathlinalg.so
7f9d7bb68000-7f9d7bd68000 ---p 001fd000 00:2d 6453573                    /software/matlab-2014b-x86_64/bin/glnxa64/libmwmathlinalg.so
7f9d7bd68000-7f9d7bd7b000 rw-p 001fd000 00:2d 6453573                    /software/matlab-2014b-x86_64/bin/glnxa64/libmwmathlinalg.so
7f9d7bd7b000-7f9d7bdf9000 r-xp 00000000 00:2d 6453388                    /software/matlab-2014b-x86_64/bin/glnxa64/libmwsaveload.so
7f9d7bdf9000-7f9d7bff9000 ---p 0007e000 00:2d 6453388                    /software/matlab-2014b-x86_64/bin/glnxa64/libmwsaveload.so
7f9d7bff9000-7f9d7c000000 rw-p 0007e000 00:2d 6453388                    /software/matlab-2014b-x86_64/bin/glnxa64/libmwsaveload.so
7f9d7c000000-7f9d7c021000 rw-p 00000000 00:00 0 
7f9d7c021000-7f9d80000000 ---p 00000000 00:00 0 
7f9d80000000-7f9d812a2000 rw-p 00000000 00:00 0 
7f9d812a2000-7f9d812a3000 rwxp 00000000 00:00 0 
7f9d812a3000-7f9d812b9000 rw-p 00000000 00:00 0 
7f9d812b9000-7f9d812ba000 rwxp 00000000 00:00 0 
7f9d812ba000-7f9d8134f000 rw-p 00000000 00:00 0 
7f9d8134f000-7f9d81350000 rwxp 00000000 00:00 0 
7f9d81350000-7f9d8143c000 rw-p 00000000 00:00 0 
7f9d8143c000-7f9d8143d000 rwxp 00000000 00:00 0 
7f9d8143d000-7f9d81455000 rw-p 00000000 00:00 0 
7f9d81455000-7f9d81456000 rwxp 00000000 00:00 0 
7f9d81456000-7f9d81485000 rw-p 00000000 00:00 0 
7f9d81485000-7f9d81486000 rwxp 00000000 00:00 0 
7f9d81486000-7f9d8149d000 rw-p 00000000 00:00 0 
7f9d8149d000-7f9d8149e000 rwxp 00000000 00:00 0 
7f9d8149e000-7f9d814b5000 rw-p 00000000 00:00 0 
7f9d814b5000-7f9d814b6000 rwxp 00000000 00:00 0 
7f9d814b6000-7f9d8157d000 rw-p 00000000 00:00 0 
7f9d8157d000-7f9d8157e000 rwxp 00000000 00:00 0 
7f9d8157e000-7f9d815ec000 rw-p 00000000 00:00 0 
7f9d815ec000-7f9d815ee000 rwxp 00000000 00:00 0 
7f9d815ee000-7f9d81652000 rw-p 00000000 00:00 0 
7f9d81652000-7f9d81653000 rwxp 00000000 00:00 0 
7f9d81653000-7f9d81683000 rw-p 00000000 00:00 0 
7f9d81683000-7f9d81684000 rwxp 00000000 00:00 0 
7f9d81684000-7f9d816d6000 rw-p 00000000 00:00 0 
7f9d816d6000-7f9d816d7000 rwxp 00000000 00:00 0 
7f9d816d7000-7f9d816ee000 rw-p 00000000 00:00 0 
7f9d816ee000-7f9d816ef000 rwxp 00000000 00:00 0 
7f9d816ef000-7f9d81715000 rw-p 00000000 00:00 0 
7f9d81715000-7f9d81717000 rwxp 00000000 00:00 0 
7f9d81717000-7f9d8174b000 rw-p 00000000 00:00 0 
7f9d8174b000-7f9d8174c000 rwxp 00000000 00:00 0 
7f9d8174c000-7f9d81773000 rw-p 00000000 00:00 0 
7f9d81773000-7f9d81774000 rwxp 00000000 00:00 0 
7f9d81774000-7f9d81777000 rw-p 00000000 00:00 0 
7f9d81777000-7f9d81778000 rwxp 00000000 00:00 0 
7f9d81778000-7f9d81793000 rw-p 00000000 00:00 0 
7f9d81793000-7f9d81794000 rwxp 00000000 00:00 0 
7f9d81794000-7f9d81879000 rw-p 00000000 00:00 0 
7f9d81879000-7f9d8187a000 rwxp 00000000 00:00 0 
7f9d8187a000-7f9d81a13000 rw-p 00000000 00:00 0 
7f9d81a13000-7f9d81a14000 rwxp 00000000 00:00 0 
7f9d81a14000-7f9d81aee000 rw-p 00000000 00:00 0 
7f9d81aee000-7f9d81aef000 rwxp 00000000 00:00 0 
7f9d81aef000-7f9d81bb5000 rw-p 00000000 00:00 0 
7f9d81bb5000-7f9d81bb6000 rwxp 00000000 00:00 0 
7f9d81bb6000-7f9d81c6f000 rw-p 00000000 00:00 0 
7f9d81c6f000-7f9d81c70000 rwxp 00000000 00:00 0 
7f9d81c70000-7f9d81cc0000 rw-p 00000000 00:00 0 
7f9d81cc0000-7f9d81cc1000 rwxp 00000000 00:00 0 
7f9d81cc1000-7f9d81d9a000 rw-p 00000000 00:00 0 
7f9d81d9a000-7f9d81d9b000 rwxp 00000000 00:00 0 
7f9d81d9b000-7f9d81db6000 rw-p 00000000 00:00 0 
7f9d81db6000-7f9d81db7000 rwxp 00000000 00:00 0 
7f9d81db7000-7f9d81e21000 rw-p 00000000 00:00 0 
7f9d81e21000-7f9d81e22000 rwxp 00000000 00:00 0 
7f9d81e22000-7f9d81e3c000 rw-p 00000000 00:00 0 
7f9d81e3c000-7f9d81e3d000 rwxp 00000000 00:00 0 
7f9d81e3d000-7f9d81e77000 rw-p 00000000 00:00 0 
7f9d81e77000-7f9d81e78000 rwxp 00000000 00:00 0 
7f9d81e78000-7f9d81eaf000 rw-p 00000000 00:00 0 
7f9d81eaf000-7f9d81eb0000 rwxp 00000000 00:00 0 
7f9d81eb0000-7f9d81eb1000 rw-p 00000000 00:00 0 
7f9d81eb1000-7f9d81eb2000 rwxp 00000000 00:00 0 
7f9d81eb2000-7f9d81f43000 rw-p 00000000 00:00 0 
7f9d81f43000-7f9d81f44000 rwxp 00000000 00:00 0 
7f9d81f44000-7f9d81fec000 rw-p 00000000 00:00 0 
7f9d81fec000-7f9d81fed000 rwxp 00000000 00:00 0 
7f9d81fed000-7f9d8201d000 rw-p 00000000 00:00 0 
7f9d8201d000-7f9d8201e000 rwxp 00000000 00:00 0 
7f9d8201e000-7f9d8203f000 rw-p 00000000 00:00 0 
7f9d8203f000-7f9d82040000 rwxp 00000000 00:00 0 
7f9d82040000-7f9d82078000 rw-p 00000000 00:00 0 
7f9d82078000-7f9d82079000 rwxp 00000000 00:00 0 
7f9d82079000-7f9d820f0000 rw-p 00000000 00:00 0 
7f9d820f0000-7f9d820f1000 rwxp 00000000 00:00 0 
7f9d820f1000-7f9d82218000 rw-p 00000000 00:00 0 
7f9d82218000-7f9d82219000 rwxp 00000000 00:00 0 
7f9d82219000-7f9d8228f000 rw-p 00000000 00:00 0 
7f9d8228f000-7f9d82290000 rwxp 00000000 00:00 0 
7f9d82290000-7f9d82300000 rw-p 00000000 00:00 0 
7f9d82300000-7f9d82301000 rwxp 00000000 00:00 0 
7f9d82301000-7f9d82378000 rw-p 00000000 00:00 0 
7f9d82378000-7f9d82379000 rwxp 00000000 00:00 0 
7f9d82379000-7f9d82449000 rw-p 00000000 00:00 0 
7f9d82449000-7f9d8244a000 rwxp 00000000 00:00 0 
7f9d8244a000-7f9d824f0000 rw-p 00000000 00:00 0 
7f9d824f0000-7f9d824f1000 rwxp 00000000 00:00 0 
7f9d824f1000-7f9d82505000 rw-p 00000000 00:00 0 
7f9d82505000-7f9d82506000 rwxp 00000000 00:00 0 
7f9d82506000-7f9d825ab000 rw-p 00000000 00:00 0 
7f9d825ab000-7f9d825ac000 rwxp 00000000 00:00 0 
7f9d825ac000-7f9d825ca000 rw-p 00000000 00:00 0 
7f9d825ca000-7f9d825cb000 rwxp 00000000 00:00 0 
7f9d825cb000-7f9d8274d000 rw-p 00000000 00:00 0 
7f9d8274d000-7f9d8274e000 rwxp 00000000 00:00 0 
7f9d8274e000-7f9d827b9000 rw-p 00000000 00:00 0 
7f9d827b9000-7f9d827ba000 rwxp 00000000 00:00 0 
7f9d827ba000-7f9d8287c000 rw-p 00000000 00:00 0 
7f9d8287c000-7f9d8287d000 rwxp 00000000 00:00 0 
7f9d8287d000-7f9d82bcb000 rw-p 00000000 00:00 0 
7f9d82bcb000-7f9d82bcc000 rwxp 00000000 00:00 0 
7f9d82bcc000-7f9d82e56000 rw-p 00000000 00:00 0 
7f9d82e56000-7f9d82e57000 rwxp 00000000 00:00 0 
7f9d82e57000-7f9d82ec2000 rw-p 00000000 00:00 0 
7f9d82ec2000-7f9d82ec3000 rwxp 00000000 00:00 0 
7f9d82ec3000-7f9d82f53000 rw-p 00000000 00:00 0 
7f9d82f53000-7f9d82f54000 rwxp 00000000 00:00 0 
7f9d82f54000-7f9d83200000 rw-p 00000000 00:00 0 
7f9d83200000-7f9d83201000 rwxp 00000000 00:00 0 
7f9d83201000-7f9d832fe000 rw-p 00000000 00:00 0 
7f9d832fe000-7f9d832ff000 rwxp 00000000 00:00 0 
7f9d832ff000-7f9d8333a000 rw-p 00000000 00:00 0 
7f9d8333a000-7f9d8333b000 rwxp 00000000 00:00 0 
7f9d8333b000-7f9d83424000 rw-p 00000000 00:00 0 
7f9d83424000-7f9d83425000 rwxp 00000000 00:00 0 
7f9d83425000-7f9d8347f000 rw-p 00000000 00:00 0 
7f9d8347f000-7f9d83480000 rwxp 00000000 00:00 0 
7f9d83480000-7f9d83526000 rw-p 00000000 00:00 0 
7f9d83526000-7f9d83527000 rwxp 00000000 00:00 0 
7f9d83527000-7f9d83572000 rw-p 00000000 00:00 0 
7f9d83572000-7f9d83573000 rwxp 00000000 00:00 0 
7f9d83573000-7f9d83591000 rw-p 00000000 00:00 0 
7f9d83591000-7f9d83592000 rwxp 00000000 00:00 0 
7f9d83592000-7f9d83682000 rw-p 00000000 00:00 0 
7f9d83682000-7f9d83683000 rwxp 00000000 00:00 0 
7f9d83683000-7f9d8376a000 rw-p 00000000 00:00 0 
7f9d8376a000-7f9d8376b000 rwxp 00000000 00:00 0 
7f9d8376b000-7f9d838aa000 rw-p 00000000 00:00 0 
7f9d838aa000-7f9d838ab000 rwxp 00000000 00:00 0 
7f9d838ab000-7f9d8395e000 rw-p 00000000 00:00 0 
7f9d8395e000-7f9d83960000 rwxp 00000000 00:00 0 
7f9d83960000-7f9d8397b000 rw-p 00000000 00:00 0 
7f9d8397b000-7f9d8397c000 rwxp 00000000 00:00 0 
7f9d8397c000-7f9d83d2b000 rw-p 00000000 00:00 0 
7f9d83d2b000-7f9d83d2c000 rwxp 00000000 00:00 0 
7f9d83d2c000-7f9d83d65000 rw-p 00000000 00:00 0 
7f9d83d65000-7f9d83d66000 rwxp 00000000 00:00 0 
7f9d83d66000-7f9d83dcd000 rw-p 00000000 00:00 0 
7f9d83dcd000-7f9d83dce000 rwxp 00000000 00:00 0 
7f9d83dce000-7f9d83e19000 rw-p 00000000 00:00 0 
7f9d83e19000-7f9d83e1a000 rwxp 00000000 00:00 0 
7f9d83e1a000-7f9d83e4d000 rw-p 00000000 00:00 0 
7f9d83e4d000-7f9d83e4e000 rwxp 00000000 00:00 0 
7f9d83e4e000-7f9d83ff8000 rw-p 00000000 00:00 0 
7f9d83ff8000-7f9d83ff9000 rwxp 00000000 00:00 0 
7f9d83ff9000-7f9d84000000 rw-p 00000000 00:00 0 
7f9d84079000-7f9d8407c000 r-xp 00000000 00:2d 5928682                    /software/matlab-2014b-x86_64/bin/glnxa64/libmwumfpack_api.so
7f9d8407c000-7f9d8427b000 ---p 00003000 00:2d 5928682                    /software/matlab-2014b-x86_64/bin/glnxa64/libmwumfpack_api.so
7f9d8427b000-7f9d8427c000 rw-p 00002000 00:2d 5928682                    /software/matlab-2014b-x86_64/bin/glnxa64/libmwumfpack_api.so
7f9d8427c000-7f9d8467c000 rw-p 00000000 00:00 0 
7f9d8467c000-7f9d846a4000 r-xp 00000000 00:2d 6454315                    /software/matlab-2014b-x86_64/bin/glnxa64/libmwtypeconversion.so
7f9d846a4000-7f9d848a4000 ---p 00028000 00:2d 6454315                    /software/matlab-2014b-x86_64/bin/glnxa64/libmwtypeconversion.so
7f9d848a4000-7f9d848a7000 rw-p 00028000 00:2d 6454315                    /software/matlab-2014b-x86_64/bin/glnxa64/libmwtypeconversion.so
7f9d84b49000-7f9d84b4a000 ---p 00000000 00:00 0 
7f9d84b4a000-7f9d8534a000 rwxp 00000000 00:00 0 
7f9d8534a000-7f9d85380000 r-xp 00000000 00:2d 6454317                    /software/matlab-2014b-x86_64/bin/glnxa64/libmwwkspintrospect.so
7f9d85380000-7f9d8557f000 ---p 00036000 00:2d 6454317                    /software/matlab-2014b-x86_64/bin/glnxa64/libmwwkspintrospect.so
7f9d8557f000-7f9d85583000 rw-p 00035000 00:2d 6454317                    /software/matlab-2014b-x86_64/bin/glnxa64/libmwwkspintrospect.so
7f9d85583000-7f9d855a1000 r-xp 00000000 00:2d 6454266                    /software/matlab-2014b-x86_64/bin/glnxa64/libmwgbt.so
7f9d855a1000-7f9d857a1000 ---p 0001e000 00:2d 6454266                    /software/matlab-2014b-x86_64/bin/glnxa64/libmwgbt.so
7f9d857a1000-7f9d857a3000 rw-p 0001e000 00:2d 6454266                    /software/matlab-2014b-x86_64/bin/glnxa64/libmwgbt.so
7f9d857a3000-7f9d857e0000 r-xp 00000000 00:2d 6453559                    /software/matlab-2014b-x86_64/bin/glnxa64/libmwgbtutils.so
7f9d857e0000-7f9d859e0000 ---p 0003d000 00:2d 6453559                    /software/matlab-2014b-x86_64/bin/glnxa64/libmwgbtutils.so
7f9d859e0000-7f9d859e7000 rw-p 0003d000 00:2d 6453559                    /software/matlab-2014b-x86_64/bin/glnxa64/libmwgbtutils.so
7f9d859e7000-7f9d85b7f000 r-xp 00000000 00:2d 6453258                    /software/matlab-2014b-x86_64/bin/glnxa64/libmwhgutils.so
7f9d85b7f000-7f9d85d7e000 ---p 00198000 00:2d 6453258                    /software/matlab-2014b-x86_64/bin/glnxa64/libmwhgutils.so
7f9d85d7e000-7f9d85d9a000 rw-p 00197000 00:2d 6453258                    /software/matlab-2014b-x86_64/bin/glnxa64/libmwhgutils.so
7f9d85d9a000-7f9d86a70000 r-xp 00000000 00:2d 6453254                    /software/matlab-2014b-x86_64/bin/glnxa64/libmwhg.so
7f9d86a70000-7f9d86c70000 ---p 00cd6000 00:2d 6453254                    /software/matlab-2014b-x86_64/bin/glnxa64/libmwhg.so
7f9d86c70000-7f9d86d9e000 rw-p 00cd6000 00:2d 6453254                    /software/matlab-2014b-x86_64/bin/glnxa64/libmwhg.so
7f9d86d9e000-7f9d86da9000 rw-p 00000000 00:00 0 
7f9d86da9000-7f9d87110000 r-xp 00000000 00:2d 6453938                    /software/matlab-2014b-x86_64/bin/glnxa64/libmwhgdatatypes.so
7f9d87110000-7f9d87310000 ---p 00367000 00:2d 6453938                    /software/matlab-2014b-x86_64/bin/glnxa64/libmwhgdatatypes.so
7f9d87310000-7f9d8733c000 rw-p 00367000 00:2d 6453938                    /software/matlab-2014b-x86_64/bin/glnxa64/libmwhgdatatypes.so
7f9d8733c000-7f9d8733e000 rw-p 00000000 00:00 0 
7f9d8733e000-7f9d8739b000 r-xp 00000000 00:2d 6453261                    /software/matlab-2014b-x86_64/bin/glnxa64/libuij.so
7f9d8739b000-7f9d8759a000 ---p 0005d000 00:2d 6453261                    /software/matlab-2014b-x86_64/bin/glnxa64/libuij.so
7f9d8759a000-7f9d8759f000 rw-p 0005c000 00:2d 6453261                    /software/matlab-2014b-x86_64/bin/glnxa64/libuij.so
7f9d8759f000-7f9d87775000 r-xp 00000000 00:2d 6453592                    /software/matlab-2014b-x86_64/bin/glnxa64/libmwhgbuiltins.so
7f9d87775000-7f9d87975000 ---p 001d6000 00:2d 6453592                    /software/matlab-2014b-x86_64/bin/glnxa64/libmwhgbuiltins.so
7f9d87975000-7f9d8798d000 rw-p 001d6000 00:2d 6453592                    /software/matlab-2014b-x86_64/bin/glnxa64/libmwhgbuiltins.so
7f9d8798d000-7f9d8798e000 rw-p 00000000 00:00 0 
7f9d8798e000-7f9d87991000 r-xp 00000000 00:2d 5928684                    /software/matlab-2014b-x86_64/bin/glnxa64/libmwtypevalidation.so
7f9d87991000-7f9d87b90000 ---p 00003000 00:2d 5928684                    /software/matlab-2014b-x86_64/bin/glnxa64/libmwtypevalidation.so
7f9d87b90000-7f9d87b91000 rw-p 00002000 00:2d 5928684                    /software/matlab-2014b-x86_64/bin/glnxa64/libmwtypevalidation.so
7f9d87b91000-7f9d87bd1000 r-xp 00000000 00:2d 6453798                    /software/matlab-2014b-x86_64/bin/glnxa64/libmwapplyfuns.so
7f9d87bd1000-7f9d87dd0000 ---p 00040000 00:2d 6453798                    /software/matlab-2014b-x86_64/bin/glnxa64/libmwapplyfuns.so
7f9d87dd0000-7f9d87dd4000 rw-p 0003f000 00:2d 6453798                    /software/matlab-2014b-x86_64/bin/glnxa64/libmwapplyfuns.so
7f9d87dd4000-7f9d87dfd000 r-xp 00000000 00:2d 6453540                    /software/matlab-2014b-x86_64/bin/glnxa64/libmwmlregexp.so
7f9d87dfd000-7f9d87ffd000 ---p 00029000 00:2d 6453540                    /software/matlab-2014b-x86_64/bin/glnxa64/libmwmlregexp.so
7f9d87ffd000-7f9d88000000 rw-p 00029000 00:2d 6453540                    /software/matlab-2014b-x86_64/bin/glnxa64/libmwmlregexp.so
7f9d88000000-7f9d88021000 rw-p 00000000 00:00 0 
7f9d88021000-7f9d8c000000 ---p 00000000 00:00 0 
7f9d8c0f2000-7f9d8c219000 r-xp 00000000 00:2d 6454255                    /software/matlab-2014b-x86_64/bin/glnxa64/libmwfileio.so
7f9d8c219000-7f9d8c419000 ---p 00127000 00:2d 6454255                    /software/matlab-2014b-x86_64/bin/glnxa64/libmwfileio.so
7f9d8c419000-7f9d8c425000 rw-p 00127000 00:2d 6454255                    /software/matlab-2014b-x86_64/bin/glnxa64/libmwfileio.so
7f9d8c425000-7f9d8c426000 rw-p 00000000 00:00 0 
7f9d8c426000-7f9d8c45b000 r-xp 00000000 00:2d 6454314                    /software/matlab-2014b-x86_64/bin/glnxa64/libmwtimefun.so
7f9d8c45b000-7f9d8c65a000 ---p 00035000 00:2d 6454314                    /software/matlab-2014b-x86_64/bin/glnxa64/libmwtimefun.so
7f9d8c65a000-7f9d8c65e000 rw-p 00034000 00:2d 6454314                    /software/matlab-2014b-x86_64/bin/glnxa64/libmwtimefun.so
7f9d8c65e000-7f9d8c7c0000 r-xp 00000000 00:2d 5928911                    /software/matlab-2014b-x86_64/bin/glnxa64/libmwdiagnostic.so
7f9d8c7c0000-7f9d8c9bf000 ---p 00162000 00:2d 5928911                    /software/matlab-2014b-x86_64/bin/glnxa64/libmwdiagnostic.so
7f9d8c9bf000-7f9d8c9d2000 rw-p 00161000 00:2d 5928911                    /software/matlab-2014b-x86_64/bin/glnxa64/libmwdiagnostic.so
7f9d8c9d2000-7f9d8c9d3000 rw-p 00000000 00:00 0 
7f9d8c9d3000-7f9d8ca07000 r-xp 00000000 00:2d 6453895                    /software/matlab-2014b-x86_64/bin/glnxa64/libmwmldisplay.so
7f9d8ca07000-7f9d8cc07000 ---p 00034000 00:2d 6453895                    /software/matlab-2014b-x86_64/bin/glnxa64/libmwmldisplay.so
7f9d8cc07000-7f9d8cc0a000 rw-p 00034000 00:2d 6453895                    /software/matlab-2014b-x86_64/bin/glnxa64/libmwmldisplay.so
7f9d8cc0a000-7f9d8cc0b000 rw-p 00000000 00:00 0 
7f9d8ce2e000-7f9d8ce3a000 r-xp 00000000 00:2d 6453861                    /software/matlab-2014b-x86_64/bin/glnxa64/libxmlxrcsc.so
7f9d8ce3a000-7f9d8d039000 ---p 0000c000 00:2d 6453861                    /software/matlab-2014b-x86_64/bin/glnxa64/libxmlxrcsc.so
7f9d8d039000-7f9d8d03b000 rw-p 0000b000 00:2d 6453861                    /software/matlab-2014b-x86_64/bin/glnxa64/libxmlxrcsc.so
7f9d8d03b000-7f9d8d084000 r-xp 00000000 00:2d 5928870                    /software/matlab-2014b-x86_64/bin/glnxa64/libmwstrfun.so
7f9d8d084000-7f9d8d284000 ---p 00049000 00:2d 5928870                    /software/matlab-2014b-x86_64/bin/glnxa64/libmwstrfun.so
7f9d8d284000-7f9d8d28a000 rw-p 00049000 00:2d 5928870                    /software/matlab-2014b-x86_64/bin/glnxa64/libmwstrfun.so
7f9d8d28a000-7f9d8d29d000 r-xp 00000000 00:2d 5928701                    /software/matlab-2014b-x86_64/bin/glnxa64/libmwsysintrospect.so
7f9d8d29d000-7f9d8d49c000 ---p 00013000 00:2d 5928701                    /software/matlab-2014b-x86_64/bin/glnxa64/libmwsysintrospect.so
7f9d8d49c000-7f9d8d49e000 rw-p 00012000 00:2d 5928701                    /software/matlab-2014b-x86_64/bin/glnxa64/libmwsysintrospect.so
7f9d8d49e000-7f9d8d4a1000 r-xp 00000000 00:2d 6453569                    /software/matlab-2014b-x86_64/bin/glnxa64/libmwmathxps.so
7f9d8d4a1000-7f9d8d6a0000 ---p 00003000 00:2d 6453569                    /software/matlab-2014b-x86_64/bin/glnxa64/libmwmathxps.so
7f9d8d6a0000-7f9d8d6a1000 rw-p 00002000 00:2d 6453569                    /software/matlab-2014b-x86_64/bin/glnxa64/libmwmathxps.so
7f9d8d6a1000-7f9d8ded9000 r-xp 00000000 00:2d 6453256                    /software/matlab-2014b-x86_64/bin/glnxa64/libmwmathelem.so
7f9d8ded9000-7f9d8e0d8000 ---p 00838000 00:2d 6453256                    /software/matlab-2014b-x86_64/bin/glnxa64/libmwmathelem.so
7f9d8e0d8000-7f9d8e0fe000 rw-p 00837000 00:2d 6453256                    /software/matlab-2014b-x86_64/bin/glnxa64/libmwmathelem.so
7f9d8e0fe000-7f9d8e115000 r-xp 00000000 00:2d 6453796                    /software/matlab-2014b-x86_64/bin/glnxa64/libmwPathNameResolver.so
7f9d8e115000-7f9d8e314000 ---p 00017000 00:2d 6453796                    /software/matlab-2014b-x86_64/bin/glnxa64/libmwPathNameResolver.so
7f9d8e314000-7f9d8e316000 rw-p 00016000 00:2d 6453796                    /software/matlab-2014b-x86_64/bin/glnxa64/libmwPathNameResolver.so
7f9d8e316000-7f9d8e33f000 r-xp 00000000 00:2d 6453892                    /software/matlab-2014b-x86_64/bin/glnxa64/libmwmlintrospect.so
7f9d8e33f000-7f9d8e53e000 ---p 00029000 00:2d 6453892                    /software/matlab-2014b-x86_64/bin/glnxa64/libmwmlintrospect.so
7f9d8e53e000-7f9d8e541000 rw-p 00028000 00:2d 6453892                    /software/matlab-2014b-x86_64/bin/glnxa64/libmwmlintrospect.so
7f9d8e541000-7f9d8e542000 ---p 00000000 00:00 0 
7f9d8e542000-7f9d8ed42000 rwxp 00000000 00:00 0 
7f9d8ed42000-7f9d8ed43000 ---p 00000000 00:00 0 
7f9d8ed43000-7f9d8f543000 rwxp 00000000 00:00 0 
7f9d8fb70000-7f9d8fbab000 r-xp 00000000 00:24 80574                      /usr/lib64/libblkid.so.1.1.0
7f9d8fbab000-7f9d8fdaa000 ---p 0003b000 00:24 80574                      /usr/lib64/libblkid.so.1.1.0
7f9d8fdaa000-7f9d8fdad000 r--p 0003a000 00:24 80574                      /usr/lib64/libblkid.so.1.1.0
7f9d8fdad000-7f9d8fdae000 rw-p 0003d000 00:24 80574                      /usr/lib64/libblkid.so.1.1.0
7f9d8fdae000-7f9d8fdaf000 rw-p 00000000 00:00 0 
7f9d90000000-7f9d9058d000 rw-p 00000000 00:00 0 
7f9d9058d000-7f9d9058e000 rwxp 00000000 00:00 0 
7f9d9058e000-7f9d905a8000 rw-p 00000000 00:00 0 
7f9d905a8000-7f9d905a9000 rwxp 00000000 00:00 0 
7f9d905a9000-7f9d905aa000 rw-p 00000000 00:00 0 
7f9d905aa000-7f9d905ab000 rwxp 00000000 00:00 0 
7f9d905ab000-7f9d905c8000 rw-p 00000000 00:00 0 
7f9d905c8000-7f9d905cb000 rwxp 00000000 00:00 0 
7f9d905cb000-7f9d905d2000 rw-p 00000000 00:00 0 
7f9d905d2000-7f9d905d4000 rwxp 00000000 00:00 0 
7f9d905d4000-7f9d905ee000 rw-p 00000000 00:00 0 
7f9d905ee000-7f9d905f0000 rwxp 00000000 00:00 0 
7f9d905f0000-7f9d905fd000 rw-p 00000000 00:00 0 
7f9d905fd000-7f9d905fe000 rwxp 00000000 00:00 0 
7f9d905fe000-7f9d9063d000 rw-p 00000000 00:00 0 
7f9d9063d000-7f9d9063e000 rwxp 00000000 00:00 0 
7f9d9063e000-7f9d9064e000 rw-p 00000000 00:00 0 
7f9d9064e000-7f9d9064f000 rwxp 00000000 00:00 0 
7f9d9064f000-7f9d90650000 rw-p 00000000 00:00 0 
7f9d90650000-7f9d90651000 rwxp 00000000 00:00 0 
7f9d90651000-7f9d9067c000 rw-p 00000000 00:00 0 
7f9d9067c000-7f9d9067d000 rwxp 00000000 00:00 0 
7f9d9067d000-7f9d9068d000 rw-p 00000000 00:00 0 
7f9d9068d000-7f9d9068e000 rwxp 00000000 00:00 0 
7f9d9068e000-7f9d90691000 rw-p 00000000 00:00 0 
7f9d90691000-7f9d90692000 rwxp 00000000 00:00 0 
7f9d90692000-7f9d9096b000 rw-p 00000000 00:00 0 
7f9d9096b000-7f9d9096c000 rwxp 00000000 00:00 0 
7f9d9096c000-7f9d90975000 rw-p 00000000 00:00 0 
7f9d90975000-7f9d90978000 rwxp 00000000 00:00 0 
7f9d90978000-7f9d90979000 rw-p 00000000 00:00 0 
7f9d90979000-7f9d9097a000 rwxp 00000000 00:00 0 
7f9d9097a000-7f9d90a1d000 rw-p 00000000 00:00 0 
7f9d90a1d000-7f9d90a1f000 rwxp 00000000 00:00 0 
7f9d90a1f000-7f9d90a29000 rw-p 00000000 00:00 0 
7f9d90a29000-7f9d90a2a000 rwxp 00000000 00:00 0 
7f9d90a2a000-7f9d90a3e000 rw-p 00000000 00:00 0 
7f9d90a3e000-7f9d90a40000 rwxp 00000000 00:00 0 
7f9d90a40000-7f9d90a41000 rw-p 00000000 00:00 0 
7f9d90a41000-7f9d90a42000 rwxp 00000000 00:00 0 
7f9d90a42000-7f9d90a5a000 rw-p 00000000 00:00 0 
7f9d90a5a000-7f9d90a5c000 rwxp 00000000 00:00 0 
7f9d90a5c000-7f9d90a65000 rw-p 00000000 00:00 0 
7f9d90a65000-7f9d90a66000 rwxp 00000000 00:00 0 
7f9d90a66000-7f9d90a6a000 rw-p 00000000 00:00 0 
7f9d90a6a000-7f9d90a6b000 rwxp 00000000 00:00 0 
7f9d90a6b000-7f9d90a6c000 rw-p 00000000 00:00 0 
7f9d90a6c000-7f9d90a6d000 rwxp 00000000 00:00 0 
7f9d90a6d000-7f9d90a8c000 rw-p 00000000 00:00 0 
7f9d90a8c000-7f9d90a8e000 rwxp 00000000 00:00 0 
7f9d90a8e000-7f9d90a90000 rw-p 00000000 00:00 0 
7f9d90a90000-7f9d90a91000 rwxp 00000000 00:00 0 
7f9d90a91000-7f9d90a9c000 rw-p 00000000 00:00 0 
7f9d90a9c000-7f9d90a9d000 rwxp 00000000 00:00 0 
7f9d90a9d000-7f9d90ab7000 rw-p 00000000 00:00 0 
7f9d90ab7000-7f9d90ab8000 rwxp 00000000 00:00 0 
7f9d90ab8000-7f9d90ab9000 rw-p 00000000 00:00 0 
7f9d90ab9000-7f9d90aba000 rwxp 00000000 00:00 0 
7f9d90aba000-7f9d90abb000 rw-p 00000000 00:00 0 
7f9d90abb000-7f9d90abd000 rwxp 00000000 00:00 0 
7f9d90abd000-7f9d90acc000 rw-p 00000000 00:00 0 
7f9d90acc000-7f9d90acd000 rwxp 00000000 00:00 0 
7f9d90acd000-7f9d90e9d000 rw-p 00000000 00:00 0 
7f9d90e9d000-7f9d90e9f000 rwxp 00000000 00:00 0 
7f9d90e9f000-7f9d90ece000 rw-p 00000000 00:00 0 
7f9d90ece000-7f9d90ecf000 rwxp 00000000 00:00 0 
7f9d90ecf000-7f9d90efe000 rw-p 00000000 00:00 0 
7f9d90efe000-7f9d90eff000 rwxp 00000000 00:00 0 
7f9d90eff000-7f9d90f99000 rw-p 00000000 00:00 0 
7f9d90f99000-7f9d90f9b000 rwxp 00000000 00:00 0 
7f9d90f9b000-7f9d91251000 rw-p 00000000 00:00 0 
7f9d91251000-7f9d91252000 rwxp 00000000 00:00 0 
7f9d91252000-7f9d94000000 rw-p 00000000 00:00 0 
7f9d94054000-7f9d940b5000 rw-p 00000000 00:00 0 
7f9d94cb8000-7f9d94cf7000 r-xp 00000000 00:24 78521                      /usr/lib64/libmount.so.1.1.0
7f9d94cf7000-7f9d94ef6000 ---p 0003f000 00:24 78521                      /usr/lib64/libmount.so.1.1.0
7f9d94ef6000-7f9d94ef7000 r--p 0003e000 00:24 78521                      /usr/lib64/libmount.so.1.1.0
7f9d94ef7000-7f9d94ef8000 rw-p 0003f000 00:24 78521                      /usr/lib64/libmount.so.1.1.0
7f9d94ef8000-7f9d94ef9000 rw-p 00000000 00:00 0 
7f9d94ef9000-7f9d94f1d000 r-xp 00000000 00:24 74242                      /usr/lib64/libselinux.so.1
7f9d94f1d000-7f9d9511c000 ---p 00024000 00:24 74242                      /usr/lib64/libselinux.so.1
7f9d9511c000-7f9d9511d000 r--p 00023000 00:24 74242                      /usr/lib64/libselinux.so.1
7f9d9511d000-7f9d9511e000 rw-p 00024000 00:24 74242                      /usr/lib64/libselinux.so.1
7f9d9511e000-7f9d95120000 rw-p 00000000 00:00 0 
7f9d95120000-7f9d95180000 r-xp 00000000 00:24 74457                      /usr/lib64/libpcre.so.1.2.0
7f9d95180000-7f9d95380000 ---p 00060000 00:24 74457                      /usr/lib64/libpcre.so.1.2.0
7f9d95380000-7f9d95381000 r--p 00060000 00:24 74457                      /usr/lib64/libpcre.so.1.2.0
7f9d95381000-7f9d95382000 rw-p 00061000 00:24 74457                      /usr/lib64/libpcre.so.1.2.0
7f9d95382000-7f9d95385000 r-xp 00000000 00:24 75864                      /usr/lib64/libgmodule-2.0.so.0.5600.1
7f9d95385000-7f9d95584000 ---p 00003000 00:24 75864                      /usr/lib64/libgmodule-2.0.so.0.5600.1
7f9d95584000-7f9d95585000 r--p 00002000 00:24 75864                      /usr/lib64/libgmodule-2.0.so.0.5600.1
7f9d95585000-7f9d95586000 rw-p 00003000 00:24 75864                      /usr/lib64/libgmodule-2.0.so.0.5600.1
7f9d95586000-7f9d9558d000 r-xp 00000000 00:24 75518                      /usr/lib64/libffi.so.6.0.1
7f9d9558d000-7f9d9578c000 ---p 00007000 00:24 75518                      /usr/lib64/libffi.so.6.0.1
7f9d9578c000-7f9d9578d000 r--p 00006000 00:24 75518                      /usr/lib64/libffi.so.6.0.1
7f9d9578d000-7f9d9578e000 rw-p 00007000 00:24 75518                      /usr/lib64/libffi.so.6.0.1
7f9d959bf000-7f9d95ad3000 r-xp 00000000 00:24 75471                      /usr/lib64/libglib-2.0.so.0.5600.1
7f9d95ad3000-7f9d95cd2000 ---p 00114000 00:24 75471                      /usr/lib64/libglib-2.0.so.0.5600.1
7f9d95cd2000-7f9d95cd3000 r--p 00113000 00:24 75471                      /usr/lib64/libglib-2.0.so.0.5600.1
7f9d95cd3000-7f9d95cd4000 rw-p 00114000 00:24 75471                      /usr/lib64/libglib-2.0.so.0.5600.1
7f9d95cd4000-7f9d95cd5000 rw-p 00000000 00:00 0 
7f9d95cd5000-7f9d95d24000 r-xp 00000000 00:24 75405                      /usr/lib64/libgobject-2.0.so.0.5600.1
7f9d95d24000-7f9d95f23000 ---p 0004f000 00:24 75405                      /usr/lib64/libgobject-2.0.so.0.5600.1
7f9d95f23000-7f9d95f24000 r--p 0004e000 00:24 75405                      /usr/lib64/libgobject-2.0.so.0.5600.1
7f9d95f24000-7f9d95f25000 rw-p 0004f000 00:24 75405                      /usr/lib64/libgobject-2.0.so.0.5600.1
7f9d95f25000-7f9d960ba000 r-xp 00000000 00:24 74428                      /usr/lib64/libgio-2.0.so.0.5600.1
7f9d960ba000-7f9d962ba000 ---p 00195000 00:24 74428                      /usr/lib64/libgio-2.0.so.0.5600.1
7f9d962ba000-7f9d962bf000 r--p 00195000 00:24 74428                      /usr/lib64/libgio-2.0.so.0.5600.1
7f9d962bf000-7f9d962c2000 rw-p 0019a000 00:24 74428                      /usr/lib64/libgio-2.0.so.0.5600.1
7f9d962c2000-7f9d962c4000 rw-p 00000000 00:00 0 
7f9d9673c000-7f9d96752000 r-xp 00000000 00:24 75884                      /usr/lib64/libresolv-2.17.so
7f9d96752000-7f9d96951000 ---p 00016000 00:24 75884                      /usr/lib64/libresolv-2.17.so
7f9d96951000-7f9d96952000 r--p 00015000 00:24 75884                      /usr/lib64/libresolv-2.17.so
7f9d96952000-7f9d96953000 rw-p 00016000 00:24 75884                      /usr/lib64/libresolv-2.17.so
7f9d96953000-7f9d96955000 rw-p 00000000 00:00 0 
7f9d96955000-7f9d9695b000 r-xp 00000000 00:24 78683                      /usr/lib64/libnss_dns-2.17.so
7f9d9695b000-7f9d96b5a000 ---p 00006000 00:24 78683                      /usr/lib64/libnss_dns-2.17.so
7f9d96b5a000-7f9d96b5b000 r--p 00005000 00:24 78683                      /usr/lib64/libnss_dns-2.17.so
7f9d96b5b000-7f9d96b5c000 rw-p 00006000 00:24 78683                      /usr/lib64/libnss_dns-2.17.so
7f9d96b5c000-7f9d96b60000 r-xp 00000000 00:24 81733                      /usr/lib64/libnss_extrausers.so.2
7f9d96b60000-7f9d96d5f000 ---p 00004000 00:24 81733                      /usr/lib64/libnss_extrausers.so.2
7f9d96d5f000-7f9d96d60000 r--p 00003000 00:24 81733                      /usr/lib64/libnss_extrausers.so.2
7f9d96d60000-7f9d96d61000 rw-p 00004000 00:24 81733                      /usr/lib64/libnss_extrausers.so.2
7f9d96d61000-7f9d96d6d000 r-xp 00000000 00:24 81111                      /usr/lib64/libnss_files-2.17.so
7f9d96d6d000-7f9d96f6c000 ---p 0000c000 00:24 81111                      /usr/lib64/libnss_files-2.17.so
7f9d96f6c000-7f9d96f6d000 r--p 0000b000 00:24 81111                      /usr/lib64/libnss_files-2.17.so
7f9d96f6d000-7f9d96f6e000 rw-p 0000c000 00:24 81111                      /usr/lib64/libnss_files-2.17.so
7f9d96f6e000-7f9d96f74000 rw-p 00000000 00:00 0 
7f9d96f74000-7f9d96f79000 r-xp 00000000 00:2d 6453495                    /software/matlab-2014b-x86_64/bin/glnxa64/libmwnativejava_services.so
7f9d96f79000-7f9d97178000 ---p 00005000 00:2d 6453495                    /software/matlab-2014b-x86_64/bin/glnxa64/libmwnativejava_services.so
7f9d97178000-7f9d97179000 rw-p 00004000 00:2d 6453495                    /software/matlab-2014b-x86_64/bin/glnxa64/libmwnativejava_services.so
7f9d97179000-7f9d972ea000 r-xp 00000000 00:2d 6453586                    /software/matlab-2014b-x86_64/bin/glnxa64/libmwjmi.so
7f9d972ea000-7f9d974ea000 ---p 00171000 00:2d 6453586                    /software/matlab-2014b-x86_64/bin/glnxa64/libmwjmi.so
7f9d974ea000-7f9d974fd000 rw-p 00171000 00:2d 6453586                    /software/matlab-2014b-x86_64/bin/glnxa64/libmwjmi.so
7f9d974fd000-7f9d97501000 rw-p 00000000 00:00 0 
7f9d97501000-7f9d975ef000 r-xp 00000000 00:2d 6453947                    /software/matlab-2014b-x86_64/bin/glnxa64/libmwudd_mi.so
7f9d975ef000-7f9d977ef000 ---p 000ee000 00:2d 6453947                    /software/matlab-2014b-x86_64/bin/glnxa64/libmwudd_mi.so
7f9d977ef000-7f9d977fe000 rw-p 000ee000 00:2d 6453947                    /software/matlab-2014b-x86_64/bin/glnxa64/libmwudd_mi.so
7f9d977fe000-7f9d977ff000 rw-p 00000000 00:00 0 
7f9d977ff000-7f9d97800000 ---p 00000000 00:00 0 
7f9d97800000-7f9d98000000 rwxp 00000000 00:00 0 
7f9d98000000-7f9d98021000 rw-p 00000000 00:00 0 
7f9d98021000-7f9d9c000000 ---p 00000000 00:00 0 
7f9d9c04d000-7f9d9c04e000 ---p 00000000 00:00 0 
7f9d9c04e000-7f9d9c84e000 rwxp 00000000 00:00 0 
7f9d9c84e000-7f9d9ca4e000 rw-p 00000000 00:00 0 
7f9d9ca4e000-7f9d9cadd000 r-xp 00000000 00:2d 6454166                    /software/matlab-2014b-x86_64/bin/glnxa64/libmwMVMLocal.so
7f9d9cadd000-7f9d9ccdd000 ---p 0008f000 00:2d 6454166                    /software/matlab-2014b-x86_64/bin/glnxa64/libmwMVMLocal.so
7f9d9ccdd000-7f9d9cce5000 rw-p 0008f000 00:2d 6454166                    /software/matlab-2014b-x86_64/bin/glnxa64/libmwMVMLocal.so
7f9d9d000000-7f9d9d201000 r--p 00000000 00:24 71768                      /usr/lib/locale/locale-archive
7f9d9d201000-7f9d9d205000 r-xp 00000000 00:2d 6453836                    /software/matlab-2014b-x86_64/bin/glnxa64/libmwompwrapper.so
7f9d9d205000-7f9d9d404000 ---p 00004000 00:2d 6453836                    /software/matlab-2014b-x86_64/bin/glnxa64/libmwompwrapper.so
7f9d9d404000-7f9d9d405000 rw-p 00003000 00:2d 6453836                    /software/matlab-2014b-x86_64/bin/glnxa64/libmwompwrapper.so
7f9d9d405000-7f9d9d414000 r-xp 00000000 00:2d 6454182                    /software/matlab-2014b-x86_64/bin/glnxa64/libmwbinder.so
7f9d9d414000-7f9d9d614000 ---p 0000f000 00:2d 6454182                    /software/matlab-2014b-x86_64/bin/glnxa64/libmwbinder.so
7f9d9d614000-7f9d9d615000 rw-p 0000f000 00:2d 6454182                    /software/matlab-2014b-x86_64/bin/glnxa64/libmwbinder.so
7f9d9d615000-7f9d9d6c3000 r-xp 00000000 00:2d 6454301                    /software/matlab-2014b-x86_64/bin/glnxa64/libmwlapack.so
7f9d9d6c3000-7f9d9d8c2000 ---p 000ae000 00:2d 6454301                    /software/matlab-2014b-x86_64/bin/glnxa64/libmwlapack.so
7f9d9d8c2000-7f9d9d8cc000 rw-p 000ad000 00:2d 6454301                    /software/matlab-2014b-x86_64/bin/glnxa64/libmwlapack.so
7f9d9d8cc000-7f9d9d8e3000 r-xp 00000000 00:2d 6454183                    /software/matlab-2014b-x86_64/bin/glnxa64/libmwblas.so
7f9d9d8e3000-7f9d9dae2000 ---p 00017000 00:2d 6454183                    /software/matlab-2014b-x86_64/bin/glnxa64/libmwblas.so
7f9d9dae2000-7f9d9dae4000 rw-p 00016000 00:2d 6454183                    /software/matlab-2014b-x86_64/bin/glnxa64/libmwblas.so
7f9d9dae4000-7f9d9daea000 r-xp 00000000 00:2d 5928885                    /software/matlab-2014b-x86_64/bin/glnxa64/libmwcolamd.so
7f9d9daea000-7f9d9dce9000 ---p 00006000 00:2d 5928885                    /software/matlab-2014b-x86_64/bin/glnxa64/libmwcolamd.so
7f9d9dce9000-7f9d9dcea000 rw-p 00005000 00:2d 5928885                    /software/matlab-2014b-x86_64/bin/glnxa64/libmwcolamd.so
7f9d9dcea000-7f9d9dcf2000 r-xp 00000000 00:2d 5928848                    /software/matlab-2014b-x86_64/bin/glnxa64/libmwamd.so
7f9d9dcf2000-7f9d9def1000 ---p 00008000 00:2d 5928848                    /software/matlab-2014b-x86_64/bin/glnxa64/libmwamd.so
7f9d9def1000-7f9d9def2000 rw-p 00007000 00:2d 5928848                    /software/matlab-2014b-x86_64/bin/glnxa64/libmwamd.so
7f9d9def2000-7f9d9def4000 r-xp 00000000 00:24 77960                      /usr/lib64/libXau.so.6.0.0
7f9d9def4000-7f9d9e0f4000 ---p 00002000 00:24 77960                      /usr/lib64/libXau.so.6.0.0
7f9d9e0f4000-7f9d9e0f5000 r--p 00002000 00:24 77960                      /usr/lib64/libXau.so.6.0.0
7f9d9e0f5000-7f9d9e0f6000 rw-p 00003000 00:24 77960                      /usr/lib64/libXau.so.6.0.0
7f9d9e0f6000-7f9d9e0fa000 r-xp 00000000 00:24 75419                      /usr/lib64/libuuid.so.1.3.0
7f9d9e0fa000-7f9d9e2f9000 ---p 00004000 00:24 75419                      /usr/lib64/libuuid.so.1.3.0
7f9d9e2f9000-7f9d9e2fa000 r--p 00003000 00:24 75419                      /usr/lib64/libuuid.so.1.3.0
7f9d9e2fa000-7f9d9e2fb000 rw-p 00004000 00:24 75419                      /usr/lib64/libuuid.so.1.3.0
7f9d9e2fb000-7f9d9e33a000 r-xp 00000000 00:2d 5928876                    /software/matlab-2014b-x86_64/bin/glnxa64/libmwcholmod.so
7f9d9e33a000-7f9d9e539000 ---p 0003f000 00:2d 5928876                    /software/matlab-2014b-x86_64/bin/glnxa64/libmwcholmod.so
7f9d9e539000-7f9d9e53a000 rw-p 0003e000 00:2d 5928876                    /software/matlab-2014b-x86_64/bin/glnxa64/libmwcholmod.so
7f9d9e53a000-7f9d9e561000 r-xp 00000000 00:24 75748                      /usr/lib64/libxcb.so.1.1.0
7f9d9e561000-7f9d9e760000 ---p 00027000 00:24 75748                      /usr/lib64/libxcb.so.1.1.0
7f9d9e760000-7f9d9e761000 r--p 00026000 00:24 75748                      /usr/lib64/libxcb.so.1.1.0
7f9d9e761000-7f9d9e762000 rw-p 00027000 00:24 75748                      /usr/lib64/libxcb.so.1.1.0
7f9d9e762000-7f9d9e779000 r-xp 00000000 00:24 77907                      /usr/lib64/libICE.so.6.3.0
7f9d9e779000-7f9d9e978000 ---p 00017000 00:24 77907                      /usr/lib64/libICE.so.6.3.0
7f9d9e978000-7f9d9e979000 r--p 00016000 00:24 77907                      /usr/lib64/libICE.so.6.3.0
7f9d9e979000-7f9d9e97a000 rw-p 00017000 00:24 77907                      /usr/lib64/libICE.so.6.3.0
7f9d9e97a000-7f9d9e97e000 rw-p 00000000 00:00 0 
7f9d9e97e000-7f9d9e985000 r-xp 00000000 00:24 78718                      /usr/lib64/libSM.so.6.0.1
7f9d9e985000-7f9d9eb84000 ---p 00007000 00:24 78718                      /usr/lib64/libSM.so.6.0.1
7f9d9eb84000-7f9d9eb85000 r--p 00006000 00:24 78718                      /usr/lib64/libSM.so.6.0.1
7f9d9eb85000-7f9d9eb86000 rw-p 00007000 00:24 78718                      /usr/lib64/libSM.so.6.0.1
7f9d9eb86000-7f9d9ec0d000 r-xp 00000000 00:2d 6453252                    /software/matlab-2014b-x86_64/bin/glnxa64/libsqlite3.so.3.6.23
7f9d9ec0d000-7f9d9ee0c000 ---p 00087000 00:2d 6453252                    /software/matlab-2014b-x86_64/bin/glnxa64/libsqlite3.so.3.6.23
7f9d9ee0c000-7f9d9ee10000 rw-p 00086000 00:2d 6453252                    /software/matlab-2014b-x86_64/bin/glnxa64/libsqlite3.so.3.6.23
7f9d9ee10000-7f9d9ee1f000 r-xp 00000000 00:2d 6453824                    /software/matlab-2014b-x86_64/bin/glnxa64/libmwsqldb_res.so
7f9d9ee1f000-7f9d9f01e000 ---p 0000f000 00:2d 6453824                    /software/matlab-2014b-x86_64/bin/glnxa64/libmwsqldb_res.so
7f9d9f01e000-7f9d9f01f000 rw-p 0000e000 00:2d 6453824                    /software/matlab-2014b-x86_64/bin/glnxa64/libmwsqldb_res.so
7f9d9f01f000-7f9d9f208000 r-xp 00000000 00:2d 6453913                    /software/matlab-2014b-x86_64/bin/glnxa64/libmwmathcore.so
7f9d9f208000-7f9d9f407000 ---p 001e9000 00:2d 6453913                    /software/matlab-2014b-x86_64/bin/glnxa64/libmwmathcore.so
7f9d9f407000-7f9d9f419000 rw-p 001e8000 00:2d 6453913                    /software/matlab-2014b-x86_64/bin/glnxa64/libmwmathcore.so
7f9d9f419000-7f9d9f41a000 rw-p 00000000 00:00 0 
7f9d9f41a000-7f9d9f423000 r-xp 00000000 00:2d 5928932                    /software/matlab-2014b-x86_64/bin/glnxa64/libmwmfl_rng.so
7f9d9f423000-7f9d9f623000 ---p 00009000 00:2d 5928932                    /software/matlab-2014b-x86_64/bin/glnxa64/libmwmfl_rng.so
7f9d9f623000-7f9d9f624000 rw-p 00009000 00:2d 5928932                    /software/matlab-2014b-x86_64/bin/glnxa64/libmwmfl_rng.so
7f9d9f624000-7f9d9f897000 r-xp 00000000 00:2d 6453437                    /software/matlab-2014b-x86_64/bin/glnxa64/libhdf5.so.6.0.5
7f9d9f897000-7f9d9fa96000 ---p 00273000 00:2d 6453437                    /software/matlab-2014b-x86_64/bin/glnxa64/libhdf5.so.6.0.5
7f9d9fa96000-7f9d9faa1000 rw-p 00272000 00:2d 6453437                    /software/matlab-2014b-x86_64/bin/glnxa64/libhdf5.so.6.0.5
7f9d9faa1000-7f9d9faa2000 rw-p 00000000 00:00 0 
7f9d9faa2000-7f9d9fabd000 r-xp 00000000 00:2d 6453438                    /software/matlab-2014b-x86_64/bin/glnxa64/libhdf5_hl.so.6.0.5
7f9d9fabd000-7f9d9fcbd000 ---p 0001b000 00:2d 6453438                    /software/matlab-2014b-x86_64/bin/glnxa64/libhdf5_hl.so.6.0.5
7f9d9fcbd000-7f9d9fcbe000 rw-p 0001b000 00:2d 6453438                    /software/matlab-2014b-x86_64/bin/glnxa64/libhdf5_hl.so.6.0.5
7f9d9fcbe000-7f9d9fccf000 rw-p 00000000 00:00 0 
7f9d9fccf000-7f9d9fd04000 r-xp 00000000 00:2d 6454302                    /software/matlab-2014b-x86_64/bin/glnxa64/libtex_base.so
7f9d9fd04000-7f9d9ff03000 ---p 00035000 00:2d 6454302                    /software/matlab-2014b-x86_64/bin/glnxa64/libtex_base.so
7f9d9ff03000-7f9d9ff05000 rw-p 00034000 00:2d 6454302                    /software/matlab-2014b-x86_64/bin/glnxa64/libtex_base.so
7f9d9ff05000-7f9d9ff7f000 rw-p 00000000 00:00 0 
7f9d9ff7f000-7f9d9ffda000 r-xp 00000000 00:2d 5928806                    /software/matlab-2014b-x86_64/bin/glnxa64/libboost_program_options.so.1.49.0
7f9d9ffda000-7f9da01d9000 ---p 0005b000 00:2d 5928806                    /software/matlab-2014b-x86_64/bin/glnxa64/libboost_program_options.so.1.49.0
7f9da01d9000-7f9da01dd000 rw-p 0005a000 00:2d 5928806                    /software/matlab-2014b-x86_64/bin/glnxa64/libboost_program_options.so.1.49.0
7f9da01dd000-7f9da01e2000 r-xp 00000000 00:2d 6453944                    /software/matlab-2014b-x86_64/bin/glnxa64/libmwuinone.so
7f9da01e2000-7f9da03e2000 ---p 00005000 00:2d 6453944                    /software/matlab-2014b-x86_64/bin/glnxa64/libmwuinone.so
7f9da03e2000-7f9da03e3000 rw-p 00005000 00:2d 6453944                    /software/matlab-2014b-x86_64/bin/glnxa64/libmwuinone.so
7f9da03e3000-7f9da046b000 r-xp 00000000 00:2d 6453251                    /software/matlab-2014b-x86_64/bin/glnxa64/libmwhardcopy.so
7f9da046b000-7f9da066a000 ---p 00088000 00:2d 6453251                    /software/matlab-2014b-x86_64/bin/glnxa64/libmwhardcopy.so
7f9da066a000-7f9da0672000 rw-p 00087000 00:2d 6453251                    /software/matlab-2014b-x86_64/bin/glnxa64/libmwhardcopy.so
7f9da0672000-7f9da07aa000 r-xp 00000000 00:24 78026                      /usr/lib64/libX11.so.6.3.0
7f9da07aa000-7f9da09aa000 ---p 00138000 00:24 78026                      /usr/lib64/libX11.so.6.3.0
7f9da09aa000-7f9da09ab000 r--p 00138000 00:24 78026                      /usr/lib64/libX11.so.6.3.0
7f9da09ab000-7f9da09b0000 rw-p 00139000 00:24 78026                      /usr/lib64/libX11.so.6.3.0
7f9da09b0000-7f9da0a11000 r-xp 00000000 00:24 75879                      /usr/lib64/libXt.so.6.0.0
7f9da0a11000-7f9da0c10000 ---p 00061000 00:24 75879                      /usr/lib64/libXt.so.6.0.0
7f9da0c10000-7f9da0c11000 r--p 00060000 00:24 75879                      /usr/lib64/libXt.so.6.0.0
7f9da0c11000-7f9da0c16000 rw-p 00061000 00:24 75879                      /usr/lib64/libXt.so.6.0.0
7f9da0c16000-7f9da0c17000 rw-p 00000000 00:00 0 
7f9da0c17000-7f9da0c28000 r-xp 00000000 00:24 70620                      /usr/lib64/libXext.so.6.4.0
7f9da0c28000-7f9da0e27000 ---p 00011000 00:24 70620                      /usr/lib64/libXext.so.6.4.0
7f9da0e27000-7f9da0e28000 r--p 00010000 00:24 70620                      /usr/lib64/libXext.so.6.4.0
7f9da0e28000-7f9da0e29000 rw-p 00011000 00:24 70620                      /usr/lib64/libXext.so.6.4.0
7f9da0e29000-7f9da0e4e000 r-xp 00000000 00:2d 6453274                    /software/matlab-2014b-x86_64/bin/glnxa64/libpng12.so.0.39.0
7f9da0e4e000-7f9da104e000 ---p 00025000 00:2d 6453274                    /software/matlab-2014b-x86_64/bin/glnxa64/libpng12.so.0.39.0
7f9da104e000-7f9da104f000 rw-p 00025000 00:2d 6453274                    /software/matlab-2014b-x86_64/bin/glnxa64/libpng12.so.0.39.0
7f9da104f000-7f9da1054000 r-xp 00000000 00:2d 6454103                    /software/matlab-2014b-x86_64/bin/glnxa64/libmwplatform_res.so
7f9da1054000-7f9da1253000 ---p 00005000 00:2d 6454103                    /software/matlab-2014b-x86_64/bin/glnxa64/libmwplatform_res.so
7f9da1253000-7f9da1254000 rw-p 00004000 00:2d 6454103                    /software/matlab-2014b-x86_64/bin/glnxa64/libmwplatform_res.so
7f9da1254000-7f9da1267000 r-xp 00000000 00:2d 5928917                    /software/matlab-2014b-x86_64/bin/glnxa64/libmwmlib.so
7f9da1267000-7f9da1467000 ---p 00013000 00:2d 5928917                    /software/matlab-2014b-x86_64/bin/glnxa64/libmwmlib.so
7f9da1467000-7f9da1469000 rw-p 00013000 00:2d 5928917                    /software/matlab-2014b-x86_64/bin/glnxa64/libmwmlib.so
7f9da1469000-7f9da14a7000 r-xp 00000000 00:2d 6454051                    /software/matlab-2014b-x86_64/bin/glnxa64/libmwsqldb.so
7f9da14a7000-7f9da16a7000 ---p 0003e000 00:2d 6454051                    /software/matlab-2014b-x86_64/bin/glnxa64/libmwsqldb.so
7f9da16a7000-7f9da16ab000 rw-p 0003e000 00:2d 6454051                    /software/matlab-2014b-x86_64/bin/glnxa64/libmwsqldb.so
7f9da16ab000-7f9da1724000 r-xp 00000000 00:2d 5928742                    /software/matlab-2014b-x86_64/bin/glnxa64/libmwspmatrix.so
7f9da1724000-7f9da1923000 ---p 00079000 00:2d 5928742                    /software/matlab-2014b-x86_64/bin/glnxa64/libmwspmatrix.so
7f9da1923000-7f9da1925000 rw-p 00078000 00:2d 5928742                    /software/matlab-2014b-x86_64/bin/glnxa64/libmwspmatrix.so
7f9da1925000-7f9da194d000 r-xp 00000000 00:2d 6453580                    /software/matlab-2014b-x86_64/bin/glnxa64/libmwm_pcodegen.so
7f9da194d000-7f9da1b4d000 ---p 00028000 00:2d 6453580                    /software/matlab-2014b-x86_64/bin/glnxa64/libmwm_pcodegen.so
7f9da1b4d000-7f9da1b4f000 rw-p 00028000 00:2d 6453580                    /software/matlab-2014b-x86_64/bin/glnxa64/libmwm_pcodegen.so
7f9da1b4f000-7f9da1b6a000 r-xp 00000000 00:2d 6453925                    /software/matlab-2014b-x86_64/bin/glnxa64/libmwm_pcodeio.so
7f9da1b6a000-7f9da1d69000 ---p 0001b000 00:2d 6453925                    /software/matlab-2014b-x86_64/bin/glnxa64/libmwm_pcodeio.so
7f9da1d69000-7f9da1d6b000 rw-p 0001a000 00:2d 6453925                    /software/matlab-2014b-x86_64/bin/glnxa64/libmwm_pcodeio.so
7f9da1d6b000-7f9da1df0000 r-xp 00000000 00:2d 5928949                    /software/matlab-2014b-x86_64/bin/glnxa64/libmwmathrng.so
7f9da1df0000-7f9da1ff0000 ---p 00085000 00:2d 5928949                    /software/matlab-2014b-x86_64/bin/glnxa64/libmwmathrng.so
7f9da1ff0000-7f9da1ff8000 rw-p 00085000 00:2d 5928949                    /software/matlab-2014b-x86_64/bin/glnxa64/libmwmathrng.so
7f9da1ff8000-7f9da1ff9000 rw-p 00000000 00:00 0 
7f9da1ff9000-7f9da20f8000 r-xp 00000000 00:2d 5928943                    /software/matlab-2014b-x86_64/bin/glnxa64/libmwmathutil.so
7f9da20f8000-7f9da22f7000 ---p 000ff000 00:2d 5928943                    /software/matlab-2014b-x86_64/bin/glnxa64/libmwmathutil.so
7f9da22f7000-7f9da22f8000 rw-p 000fe000 00:2d 5928943                    /software/matlab-2014b-x86_64/bin/glnxa64/libmwmathutil.so
7f9da22f8000-7f9da2336000 r-xp 00000000 00:2d 6453723                    /software/matlab-2014b-x86_64/bin/glnxa64/libmwprofiler.so
7f9da2336000-7f9da2536000 ---p 0003e000 00:2d 6453723                    /software/matlab-2014b-x86_64/bin/glnxa64/libmwprofiler.so
7f9da2536000-7f9da2539000 rw-p 0003e000 00:2d 6453723                    /software/matlab-2014b-x86_64/bin/glnxa64/libmwprofiler.so
7f9da2539000-7f9da258a000 r-xp 00000000 00:2d 6453776                    /software/matlab-2014b-x86_64/bin/glnxa64/libmat.so
7f9da258a000-7f9da2789000 ---p 00051000 00:2d 6453776                    /software/matlab-2014b-x86_64/bin/glnxa64/libmat.so
7f9da2789000-7f9da278e000 rw-p 00050000 00:2d 6453776                    /software/matlab-2014b-x86_64/bin/glnxa64/libmat.so
7f9da278e000-7f9da27aa000 r-xp 00000000 00:2d 5928955                    /software/matlab-2014b-x86_64/bin/glnxa64/libmwgraphics_util.so
7f9da27aa000-7f9da29aa000 ---p 0001c000 00:2d 5928955                    /software/matlab-2014b-x86_64/bin/glnxa64/libmwgraphics_util.so
7f9da29aa000-7f9da29ad000 rw-p 0001c000 00:2d 5928955                    /software/matlab-2014b-x86_64/bin/glnxa64/libmwgraphics_util.so
7f9da29ad000-7f9da29bb000 r-xp 00000000 00:2d 6453509                    /software/matlab-2014b-x86_64/bin/glnxa64/libmwmtok.so
7f9da29bb000-7f9da2bba000 ---p 0000e000 00:2d 6453509                    /software/matlab-2014b-x86_64/bin/glnxa64/libmwmtok.so
7f9da2bba000-7f9da2bbb000 rw-p 0000d000 00:2d 6453509                    /software/matlab-2014b-x86_64/bin/glnxa64/libmwmtok.so
7f9da2bbb000-7f9da2bd1000 r-xp 00000000 00:2d 6454299                    /software/matlab-2014b-x86_64/bin/glnxa64/libmwir_xfmr.so
7f9da2bd1000-7f9da2dd1000 ---p 00016000 00:2d 6454299                    /software/matlab-2014b-x86_64/bin/glnxa64/libmwir_xfmr.so
7f9da2dd1000-7f9da2dd2000 rw-p 00016000 00:2d 6454299                    /software/matlab-2014b-x86_64/bin/glnxa64/libmwir_xfmr.so
7f9da2dd2000-7f9da2e11000 r-xp 00000000 00:2d 5928696                    /software/matlab-2014b-x86_64/bin/glnxa64/libmwtabcompletion.so
7f9da2e11000-7f9da3011000 ---p 0003f000 00:2d 5928696                    /software/matlab-2014b-x86_64/bin/glnxa64/libmwtabcompletion.so
7f9da3011000-7f9da3015000 rw-p 0003f000 00:2d 5928696                    /software/matlab-2014b-x86_64/bin/glnxa64/libmwtabcompletion.so
7f9da3015000-7f9da30f7000 r-xp 00000000 00:2d 5928692                    /software/matlab-2014b-x86_64/bin/glnxa64/libmwudd.so
7f9da30f7000-7f9da32f6000 ---p 000e2000 00:2d 5928692                    /software/matlab-2014b-x86_64/bin/glnxa64/libmwudd.so
7f9da32f6000-7f9da330d000 rw-p 000e1000 00:2d 5928692                    /software/matlab-2014b-x86_64/bin/glnxa64/libmwudd.so
7f9da330d000-7f9da330f000 rw-p 00000000 00:00 0 
7f9da330f000-7f9da3334000 r-xp 00000000 00:24 80644                      /usr/lib64/libtinfo.so.5.9
7f9da3334000-7f9da3534000 ---p 00025000 00:24 80644                      /usr/lib64/libtinfo.so.5.9
7f9da3534000-7f9da3538000 r--p 00025000 00:24 80644                      /usr/lib64/libtinfo.so.5.9
7f9da3538000-7f9da3539000 rw-p 00029000 00:24 80644                      /usr/lib64/libtinfo.so.5.9
7f9da3539000-7f9da3545000 r-xp 00000000 00:2d 5928832                    /software/matlab-2014b-x86_64/bin/glnxa64/libminizip.so
7f9da3545000-7f9da3744000 ---p 0000c000 00:2d 5928832                    /software/matlab-2014b-x86_64/bin/glnxa64/libminizip.so
7f9da3744000-7f9da3745000 rw-p 0000b000 00:2d 5928832                    /software/matlab-2014b-x86_64/bin/glnxa64/libminizip.so
7f9da3745000-7f9da3822000 r-xp 00000000 00:2d 6454259                    /software/matlab-2014b-x86_64/bin/glnxa64/libmwflnetwork.so
7f9da3822000-7f9da3a21000 ---p 000dd000 00:2d 6454259                    /software/matlab-2014b-x86_64/bin/glnxa64/libmwflnetwork.so
7f9da3a21000-7f9da3a25000 rw-p 000dc000 00:2d 6454259                    /software/matlab-2014b-x86_64/bin/glnxa64/libmwflnetwork.so
7f9da3a25000-7f9da3a91000 r-xp 00000000 00:2d 6453928                    /software/matlab-2014b-x86_64/bin/glnxa64/libmwxmlcore.so
7f9da3a91000-7f9da3c90000 ---p 0006c000 00:2d 6453928                    /software/matlab-2014b-x86_64/bin/glnxa64/libmwxmlcore.so
7f9da3c90000-7f9da3c98000 rw-p 0006b000 00:2d 6453928                    /software/matlab-2014b-x86_64/bin/glnxa64/libmwxmlcore.so
7f9da3c98000-7f9da3c99000 rw-p 00000000 00:00 0 
7f9da3c99000-7f9da3d6e000 r-xp 00000000 00:2d 6454115                    /software/matlab-2014b-x86_64/bin/glnxa64/libavrocpp.so.1.7.5.0
7f9da3d6e000-7f9da3f6e000 ---p 000d5000 00:2d 6454115                    /software/matlab-2014b-x86_64/bin/glnxa64/libavrocpp.so.1.7.5.0
7f9da3f6e000-7f9da3f77000 rw-p 000d5000 00:2d 6454115                    /software/matlab-2014b-x86_64/bin/glnxa64/libavrocpp.so.1.7.5.0
7f9da3f77000-7f9da3f79000 r-xp 00000000 00:24 70578                      /usr/lib64/libfreebl3.so
7f9da3f79000-7f9da4178000 ---p 00002000 00:24 70578                      /usr/lib64/libfreebl3.so
7f9da4178000-7f9da4179000 r--p 00001000 00:24 70578                      /usr/lib64/libfreebl3.so
7f9da4179000-7f9da417a000 rw-p 00002000 00:24 70578                      /usr/lib64/libfreebl3.so
7f9da417a000-7f9da41dc000 r-xp 00000000 00:2d 6454316                    /software/matlab-2014b-x86_64/bin/glnxa64/libmwuix.so
7f9da41dc000-7f9da43dc000 ---p 00062000 00:2d 6454316                    /software/matlab-2014b-x86_64/bin/glnxa64/libmwuix.so
7f9da43dc000-7f9da43e2000 rw-p 00062000 00:2d 6454316                    /software/matlab-2014b-x86_64/bin/glnxa64/libmwuix.so
7f9da43e2000-7f9da43e5000 rw-p 00000000 00:00 0 
7f9da43e5000-7f9da4407000 r-xp 00000000 00:2d 6454004                    /software/matlab-2014b-x86_64/bin/glnxa64/libmwsplashscreen.so
7f9da4407000-7f9da4606000 ---p 00022000 00:2d 6454004                    /software/matlab-2014b-x86_64/bin/glnxa64/libmwsplashscreen.so
7f9da4606000-7f9da4609000 rw-p 00021000 00:2d 6454004                    /software/matlab-2014b-x86_64/bin/glnxa64/libmwsplashscreen.so
7f9da4609000-7f9da461b000 r-xp 00000000 00:2d 5928869                    /software/matlab-2014b-x86_64/bin/glnxa64/libmwnativedialogs.so
7f9da461b000-7f9da481a000 ---p 00012000 00:2d 5928869                    /software/matlab-2014b-x86_64/bin/glnxa64/libmwnativedialogs.so
7f9da481a000-7f9da481c000 rw-p 00011000 00:2d 5928869                    /software/matlab-2014b-x86_64/bin/glnxa64/libmwnativedialogs.so
7f9da481c000-7f9da4884000 r-xp 00000000 00:2d 6453937                    /software/matlab-2014b-x86_64/bin/glnxa64/libmwm_ir.so
7f9da4884000-7f9da4a83000 ---p 00068000 00:2d 6453937                    /software/matlab-2014b-x86_64/bin/glnxa64/libmwm_ir.so
7f9da4a83000-7f9da4a8c000 rw-p 00067000 00:2d 6453937                    /software/matlab-2014b-x86_64/bin/glnxa64/libmwm_ir.so
7f9da4a8c000-7f9da51e9000 r-xp 00000000 00:2d 5928950                    /software/matlab-2014b-x86_64/bin/glnxa64/libmwm_interpreter.so
7f9da51e9000-7f9da53e8000 ---p 0075d000 00:2d 5928950                    /software/matlab-2014b-x86_64/bin/glnxa64/libmwm_interpreter.so
7f9da53e8000-7f9da54e0000 rw-p 0075c000 00:2d 5928950                    /software/matlab-2014b-x86_64/bin/glnxa64/libmwm_interpreter.so
7f9da54e0000-7f9da557b000 rw-p 00000000 00:00 0 
7f9da557b000-7f9da56b4000 r-xp 00000000 00:2d 6454289                    /software/matlab-2014b-x86_64/bin/glnxa64/libmwgui.so
7f9da56b4000-7f9da58b3000 ---p 00139000 00:2d 6454289                    /software/matlab-2014b-x86_64/bin/glnxa64/libmwgui.so
7f9da58b3000-7f9da58f2000 rw-p 00138000 00:2d 6454289                    /software/matlab-2014b-x86_64/bin/glnxa64/libmwgui.so
7f9da58f2000-7f9da5c8e000 r-xp 00000000 00:2d 5928933                    /software/matlab-2014b-x86_64/bin/glnxa64/libmwmcos.so
7f9da5c8e000-7f9da5e8d000 ---p 0039c000 00:2d 5928933                    /software/matlab-2014b-x86_64/bin/glnxa64/libmwmcos.so
7f9da5e8d000-7f9da5ecd000 rw-p 0039b000 00:2d 5928933                    /software/matlab-2014b-x86_64/bin/glnxa64/libmwmcos.so
7f9da5ecd000-7f9da5ece000 rw-p 00000000 00:00 0 
7f9da5ece000-7f9da5fc1000 r-xp 00000000 00:2d 6453923                    /software/matlab-2014b-x86_64/bin/glnxa64/libmwm_dispatcher.so
7f9da5fc1000-7f9da61c1000 ---p 000f3000 00:2d 6453923                    /software/matlab-2014b-x86_64/bin/glnxa64/libmwm_dispatcher.so
7f9da61c1000-7f9da61cd000 rw-p 000f3000 00:2d 6453923                    /software/matlab-2014b-x86_64/bin/glnxa64/libmwm_dispatcher.so
7f9da61cd000-7f9da65a1000 r-xp 00000000 00:2d 6454285                    /software/matlab-2014b-x86_64/bin/glnxa64/libmwm_parser.so
7f9da65a1000-7f9da67a1000 ---p 003d4000 00:2d 6454285                    /software/matlab-2014b-x86_64/bin/glnxa64/libmwm_parser.so
7f9da67a1000-7f9da6c36000 rw-p 003d4000 00:2d 6454285                    /software/matlab-2014b-x86_64/bin/glnxa64/libmwm_parser.so
7f9da6c36000-7f9da6c62000 r-xp 00000000 00:2d 6453450                    /software/matlab-2014b-x86_64/bin/glnxa64/libmex.so
7f9da6c62000-7f9da6e62000 ---p 0002c000 00:2d 6453450                    /software/matlab-2014b-x86_64/bin/glnxa64/libmex.so
7f9da6e62000-7f9da6e65000 rw-p 0002c000 00:2d 6453450                    /software/matlab-2014b-x86_64/bin/glnxa64/libmex.so
7f9da6e65000-7f9da6eb2000 r-xp 00000000 00:2d 6453814                    /software/matlab-2014b-x86_64/bin/glnxa64/libmwbridge.so
7f9da6eb2000-7f9da70b2000 ---p 0004d000 00:2d 6453814                    /software/matlab-2014b-x86_64/bin/glnxa64/libmwbridge.so
7f9da70b2000-7f9da70b7000 rw-p 0004d000 00:2d 6453814                    /software/matlab-2014b-x86_64/bin/glnxa64/libmwbridge.so
7f9da70b7000-7f9da70bd000 rw-p 00000000 00:00 0 
7f9da70bd000-7f9da71b2000 r-xp 00000000 00:2d 6454306                    /software/matlab-2014b-x86_64/bin/glnxa64/libmwiqm.so
7f9da71b2000-7f9da73b1000 ---p 000f5000 00:2d 6454306                    /software/matlab-2014b-x86_64/bin/glnxa64/libmwiqm.so
7f9da73b1000-7f9da73bd000 rw-p 000f4000 00:2d 6454306                    /software/matlab-2014b-x86_64/bin/glnxa64/libmwiqm.so
7f9da73bd000-7f9da73be000 rw-p 00000000 00:00 0 
7f9da73be000-7f9da77fe000 r-xp 00000000 00:2d 6454287                    /software/matlab-2014b-x86_64/bin/glnxa64/libxerces-c-3.1.so
7f9da77fe000-7f9da79fd000 ---p 00440000 00:2d 6454287                    /software/matlab-2014b-x86_64/bin/glnxa64/libxerces-c-3.1.so
7f9da79fd000-7f9da7a43000 rw-p 0043f000 00:2d 6454287                    /software/matlab-2014b-x86_64/bin/glnxa64/libxerces-c-3.1.so
7f9da7a43000-7f9da7b33000 r-xp 00000000 00:2d 6453710                    /software/matlab-2014b-x86_64/bin/glnxa64/libPocoNet.so.21
7f9da7b33000-7f9da7d33000 ---p 000f0000 00:2d 6453710                    /software/matlab-2014b-x86_64/bin/glnxa64/libPocoNet.so.21
7f9da7d33000-7f9da7d3e000 rw-p 000f0000 00:2d 6453710                    /software/matlab-2014b-x86_64/bin/glnxa64/libPocoNet.so.21
7f9da7d3e000-7f9da7d3f000 rw-p 00000000 00:00 0 
7f9da7d3f000-7f9da7ed1000 r-xp 00000000 00:2d 6453708                    /software/matlab-2014b-x86_64/bin/glnxa64/libPocoFoundation.so.21
7f9da7ed1000-7f9da80d0000 ---p 00192000 00:2d 6453708                    /software/matlab-2014b-x86_64/bin/glnxa64/libPocoFoundation.so.21
7f9da80d0000-7f9da80e0000 rw-p 00191000 00:2d 6453708                    /software/matlab-2014b-x86_64/bin/glnxa64/libPocoFoundation.so.21
7f9da80e0000-7f9da80e1000 rw-p 00000000 00:00 0 
7f9da80e1000-7f9da8107000 r-xp 00000000 00:24 75774                      /usr/lib64/libncurses.so.5.9
7f9da8107000-7f9da8306000 ---p 00026000 00:24 75774                      /usr/lib64/libncurses.so.5.9
7f9da8306000-7f9da8307000 r--p 00025000 00:24 75774                      /usr/lib64/libncurses.so.5.9
7f9da8307000-7f9da8308000 rw-p 00026000 00:24 75774                      /usr/lib64/libncurses.so.5.9
7f9da8308000-7f9da831c000 r-xp 00000000 00:2d 6453742                    /software/matlab-2014b-x86_64/bin/glnxa64/libboost_iostreams.so.1.49.0
7f9da831c000-7f9da851b000 ---p 00014000 00:2d 6453742                    /software/matlab-2014b-x86_64/bin/glnxa64/libboost_iostreams.so.1.49.0
7f9da851b000-7f9da851d000 rw-p 00013000 00:2d 6453742                    /software/matlab-2014b-x86_64/bin/glnxa64/libboost_iostreams.so.1.49.0
7f9da851d000-7f9da87c2000 r-xp 00000000 00:2d 6454205                    /software/matlab-2014b-x86_64/bin/glnxa64/libmwopcmwservices.so
7f9da87c2000-7f9da89c2000 ---p 002a5000 00:2d 6454205                    /software/matlab-2014b-x86_64/bin/glnxa64/libmwopcmwservices.so
7f9da89c2000-7f9da89ff000 rw-p 002a5000 00:2d 6454205                    /software/matlab-2014b-x86_64/bin/glnxa64/libmwopcmwservices.so
7f9da89ff000-7f9da8a02000 rw-p 00000000 00:00 0 
7f9da8a02000-7f9da8a21000 r-xp 00000000 00:2d 6453835                    /software/matlab-2014b-x86_64/bin/glnxa64/libmwopczippackage.so
7f9da8a21000-7f9da8c21000 ---p 0001f000 00:2d 6453835                    /software/matlab-2014b-x86_64/bin/glnxa64/libmwopczippackage.so
7f9da8c21000-7f9da8c23000 rw-p 0001f000 00:2d 6453835                    /software/matlab-2014b-x86_64/bin/glnxa64/libmwopczippackage.so
7f9da8c23000-7f9da8ca4000 r-xp 00000000 00:2d 6453500                    /software/matlab-2014b-x86_64/bin/glnxa64/libmwopcmodel.so
7f9da8ca4000-7f9da8ea3000 ---p 00081000 00:2d 6453500                    /software/matlab-2014b-x86_64/bin/glnxa64/libmwopcmodel.so
7f9da8ea3000-7f9da8ea8000 rw-p 00080000 00:2d 6453500                    /software/matlab-2014b-x86_64/bin/glnxa64/libmwopcmodel.so
7f9da8ea8000-7f9da8f03000 r-xp 00000000 00:2d 6453834                    /software/matlab-2014b-x86_64/bin/glnxa64/libmwopccore.so
7f9da8f03000-7f9da9103000 ---p 0005b000 00:2d 6453834                    /software/matlab-2014b-x86_64/bin/glnxa64/libmwopccore.so
7f9da9103000-7f9da9107000 rw-p 0005b000 00:2d 6453834                    /software/matlab-2014b-x86_64/bin/glnxa64/libmwopccore.so
7f9da9107000-7f9da910f000 r-xp 00000000 00:2d 6453842                    /software/matlab-2014b-x86_64/bin/glnxa64/libmwnativedisplay.so
7f9da910f000-7f9da930f000 ---p 00008000 00:2d 6453842                    /software/matlab-2014b-x86_64/bin/glnxa64/libmwnativedisplay.so
7f9da930f000-7f9da9310000 rw-p 00008000 00:2d 6453842                    /software/matlab-2014b-x86_64/bin/glnxa64/libmwnativedisplay.so
7f9da9310000-7f9da9332000 r-xp 00000000 00:2d 5928840                    /software/matlab-2014b-x86_64/bin/glnxa64/libmwMATLAB_settings_res.so
7f9da9332000-7f9da9531000 ---p 00022000 00:2d 5928840                    /software/matlab-2014b-x86_64/bin/glnxa64/libmwMATLAB_settings_res.so
7f9da9531000-7f9da9532000 rw-p 00021000 00:2d 5928840                    /software/matlab-2014b-x86_64/bin/glnxa64/libmwMATLAB_settings_res.so
7f9da9532000-7f9da98cd000 r-xp 00000000 00:2d 5928883                    /software/matlab-2014b-x86_64/bin/glnxa64/libmwms.so
7f9da98cd000-7f9da9acc000 ---p 0039b000 00:2d 5928883                    /software/matlab-2014b-x86_64/bin/glnxa64/libmwms.so
7f9da9acc000-7f9da9af6000 rw-p 0039a000 00:2d 5928883                    /software/matlab-2014b-x86_64/bin/glnxa64/libmwms.so
7f9da9af6000-7f9da9afb000 rw-p 00000000 00:00 0 
7f9da9afb000-7f9da9d5c000 r-xp 00000000 00:2d 5928757                    /software/matlab-2014b-x86_64/bin/glnxa64/libmwsettingscore.so
7f9da9d5c000-7f9da9f5b000 ---p 00261000 00:2d 5928757                    /software/matlab-2014b-x86_64/bin/glnxa64/libmwsettingscore.so
7f9da9f5b000-7f9da9f6e000 rw-p 00260000 00:2d 5928757                    /software/matlab-2014b-x86_64/bin/glnxa64/libmwsettingscore.so
7f9da9f6e000-7f9da9f6f000 rw-p 00000000 00:00 0 
7f9da9f6f000-7f9daa404000 r-xp 00000000 00:2d 5928906                    /software/matlab-2014b-x86_64/bin/glnxa64/libmwmlutil.so
7f9daa404000-7f9daa604000 ---p 00495000 00:2d 5928906                    /software/matlab-2014b-x86_64/bin/glnxa64/libmwmlutil.so
7f9daa604000-7f9daa637000 rw-p 00495000 00:2d 5928906                    /software/matlab-2014b-x86_64/bin/glnxa64/libmwmlutil.so
7f9daa637000-7f9daa63f000 rw-p 00000000 00:00 0 
7f9daa63f000-7f9daa682000 r-xp 00000000 00:2d 6454224                    /software/matlab-2014b-x86_64/bin/glnxa64/libmwmpath.so
7f9daa682000-7f9daa881000 ---p 00043000 00:2d 6454224                    /software/matlab-2014b-x86_64/bin/glnxa64/libmwmpath.so
7f9daa881000-7f9daa884000 rw-p 00042000 00:2d 6454224                    /software/matlab-2014b-x86_64/bin/glnxa64/libmwmpath.so
7f9daa884000-7f9daa887000 rw-p 00000000 00:00 0 
7f9daa887000-7f9daa8c9000 r-xp 00000000 00:2d 6453400                    /software/matlab-2014b-x86_64/bin/glnxa64/libmwregexp.so
7f9daa8c9000-7f9daaac9000 ---p 00042000 00:2d 6453400                    /software/matlab-2014b-x86_64/bin/glnxa64/libmwregexp.so
7f9daaac9000-7f9daaacf000 rw-p 00042000 00:2d 6453400                    /software/matlab-2014b-x86_64/bin/glnxa64/libmwregexp.so
7f9daaacf000-7f9daaae4000 r-xp 00000000 00:24 78601                      /usr/lib64/libz.so.1.2.7
7f9daaae4000-7f9daace3000 ---p 00015000 00:24 78601                      /usr/lib64/libz.so.1.2.7
7f9daace3000-7f9daace4000 r--p 00014000 00:24 78601                      /usr/lib64/libz.so.1.2.7
7f9daace4000-7f9daace5000 rw-p 00015000 00:24 78601                      /usr/lib64/libz.so.1.2.7
7f9daace5000-7f9daacf4000 r-xp 00000000 00:2d 6453262                    /software/matlab-2014b-x86_64/bin/glnxa64/libunwind.so.8.0.0
7f9daacf4000-7f9daaef3000 ---p 0000f000 00:2d 6453262                    /software/matlab-2014b-x86_64/bin/glnxa64/libunwind.so.8.0.0
7f9daaef3000-7f9daaef4000 rw-p 0000e000 00:2d 6453262                    /software/matlab-2014b-x86_64/bin/glnxa64/libunwind.so.8.0.0
7f9daaef4000-7f9daaf03000 rw-p 00000000 00:00 0 
7f9daaf03000-7f9daaf1a000 r-xp 00000000 00:2d 6453751                    /software/matlab-2014b-x86_64/bin/glnxa64/libboost_signals.so.1.49.0
7f9daaf1a000-7f9dab11a000 ---p 00017000 00:2d 6453751                    /software/matlab-2014b-x86_64/bin/glnxa64/libboost_signals.so.1.49.0
7f9dab11a000-7f9dab11b000 rw-p 00017000 00:2d 6453751                    /software/matlab-2014b-x86_64/bin/glnxa64/libboost_signals.so.1.49.0
7f9dab11b000-7f9dab18e000 r-xp 00000000 00:2d 6453419                    /software/matlab-2014b-x86_64/bin/glnxa64/libboost_serialization.so.1.49.0
7f9dab18e000-7f9dab38e000 ---p 00073000 00:2d 6453419                    /software/matlab-2014b-x86_64/bin/glnxa64/libboost_serialization.so.1.49.0
7f9dab38e000-7f9dab392000 rw-p 00073000 00:2d 6453419                    /software/matlab-2014b-x86_64/bin/glnxa64/libboost_serialization.so.1.49.0
7f9dab392000-7f9dab393000 rw-p 00000000 00:00 0 
7f9dab393000-7f9dab4a7000 r-xp 00000000 00:2d 6453418                    /software/matlab-2014b-x86_64/bin/glnxa64/libboost_regex.so.1.49.0
7f9dab4a7000-7f9dab6a7000 ---p 00114000 00:2d 6453418                    /software/matlab-2014b-x86_64/bin/glnxa64/libboost_regex.so.1.49.0
7f9dab6a7000-7f9dab6ae000 rw-p 00114000 00:2d 6453418                    /software/matlab-2014b-x86_64/bin/glnxa64/libboost_regex.so.1.49.0
7f9dab6ae000-7f9dab6cc000 r-xp 00000000 00:2d 6453741                    /software/matlab-2014b-x86_64/bin/glnxa64/libboost_filesystem.so.1.49.0
7f9dab6cc000-7f9dab8cc000 ---p 0001e000 00:2d 6453741                    /software/matlab-2014b-x86_64/bin/glnxa64/libboost_filesystem.so.1.49.0
7f9dab8cc000-7f9dab8cd000 rw-p 0001e000 00:2d 6453741                    /software/matlab-2014b-x86_64/bin/glnxa64/libboost_filesystem.so.1.49.0
7f9dab8cd000-7f9dab8d4000 r-xp 00000000 00:2d 6454117                    /software/matlab-2014b-x86_64/bin/glnxa64/libboost_chrono.so.1.49.0
7f9dab8d4000-7f9dabad3000 ---p 00007000 00:2d 6454117                    /software/matlab-2014b-x86_64/bin/glnxa64/libboost_chrono.so.1.49.0
7f9dabad3000-7f9dabad4000 rw-p 00006000 00:2d 6454117                    /software/matlab-2014b-x86_64/bin/glnxa64/libboost_chrono.so.1.49.0
7f9dabad4000-7f9dabadc000 r-xp 00000000 00:24 77844                      /usr/lib64/libcrypt-2.17.so
7f9dabadc000-7f9dabcdb000 ---p 00008000 00:24 77844                      /usr/lib64/libcrypt-2.17.so
7f9dabcdb000-7f9dabcdc000 r--p 00007000 00:24 77844                      /usr/lib64/libcrypt-2.17.so
7f9dabcdc000-7f9dabcdd000 rw-p 00008000 00:24 77844                      /usr/lib64/libcrypt-2.17.so
7f9dabcdd000-7f9dabd0b000 rw-p 00000000 00:00 0 
7f9dabd0b000-7f9dabd33000 r-xp 00000000 00:2d 6454305                    /software/matlab-2014b-x86_64/bin/glnxa64/libtbbmalloc.so.2
7f9dabd33000-7f9dabf33000 ---p 00028000 00:2d 6454305                    /software/matlab-2014b-x86_64/bin/glnxa64/libtbbmalloc.so.2
7f9dabf33000-7f9dabf36000 rw-p 00028000 00:2d 6454305                    /software/matlab-2014b-x86_64/bin/glnxa64/libtbbmalloc.so.2
7f9dabf36000-7f9dabf56000 rw-p 00000000 00:00 0 
7f9dabf56000-7f9dabf9b000 r-xp 00000000 00:2d 6453585                    /software/matlab-2014b-x86_64/bin/glnxa64/libtbb.so.2
7f9dabf9b000-7f9dac19a000 ---p 00045000 00:2d 6453585                    /software/matlab-2014b-x86_64/bin/glnxa64/libtbb.so.2
7f9dac19a000-7f9dac19f000 rw-p 00044000 00:2d 6453585                    /software/matlab-2014b-x86_64/bin/glnxa64/libtbb.so.2
7f9dac19f000-7f9dac1a1000 rw-p 00000000 00:00 0 
7f9dac1a1000-7f9dac1ad000 r-xp 00000000 00:2d 6453440                    /software/matlab-2014b-x86_64/bin/glnxa64/libicuio.so.52.1
7f9dac1ad000-7f9dac3ac000 ---p 0000c000 00:2d 6453440                    /software/matlab-2014b-x86_64/bin/glnxa64/libicuio.so.52.1
7f9dac3ac000-7f9dac3ae000 rw-p 0000b000 00:2d 6453440                    /software/matlab-2014b-x86_64/bin/glnxa64/libicuio.so.52.1
7f9dac3ae000-7f9dac5c2000 r-xp 00000000 00:2d 5928816                    /software/matlab-2014b-x86_64/bin/glnxa64/libicui18n.so.52.1
7f9dac5c2000-7f9dac7c2000 ---p 00214000 00:2d 5928816                    /software/matlab-2014b-x86_64/bin/glnxa64/libicui18n.so.52.1
7f9dac7c2000-7f9dac7d0000 rw-p 00214000 00:2d 5928816                    /software/matlab-2014b-x86_64/bin/glnxa64/libicui18n.so.52.1
7f9dac7d0000-7f9dac7d1000 rw-p 00000000 00:00 0 
7f9dac7d1000-7f9dac947000 r-xp 00000000 00:2d 5928817                    /software/matlab-2014b-x86_64/bin/glnxa64/libicuuc.so.52.1
7f9dac947000-7f9dacb46000 ---p 00176000 00:2d 5928817                    /software/matlab-2014b-x86_64/bin/glnxa64/libicuuc.so.52.1
7f9dacb46000-7f9dacb57000 rw-p 00175000 00:2d 5928817                    /software/matlab-2014b-x86_64/bin/glnxa64/libicuuc.so.52.1
7f9dacb57000-7f9dacb5c000 rw-p 00000000 00:00 0 
7f9dacb5c000-7f9dae1c7000 r-xp 00000000 00:2d 6453761                    /software/matlab-2014b-x86_64/bin/glnxa64/libicudata.so.52.1
7f9dae1c7000-7f9dae3c7000 ---p 0166b000 00:2d 6453761                    /software/matlab-2014b-x86_64/bin/glnxa64/libicudata.so.52.1
7f9dae3c7000-7f9dae3c8000 rw-p 0166b000 00:2d 6453761                    /software/matlab-2014b-x86_64/bin/glnxa64/libicudata.so.52.1
7f9dae3c8000-7f9dae3ee000 r-xp 00000000 00:2d 6453431                    /software/matlab-2014b-x86_64/bin/glnxa64/libexpat.so.1.5.0
7f9dae3ee000-7f9dae5ed000 ---p 00026000 00:2d 6453431                    /software/matlab-2014b-x86_64/bin/glnxa64/libexpat.so.1.5.0
7f9dae5ed000-7f9dae5f0000 rw-p 00025000 00:2d 6453431                    /software/matlab-2014b-x86_64/bin/glnxa64/libexpat.so.1.5.0
7f9dae5f0000-7f9dae8eb000 r-xp 00000000 00:2d 6453415                    /software/matlab-2014b-x86_64/bin/glnxa64/libboost_log_setup.so.1.49.0
7f9dae8eb000-7f9daeaeb000 ---p 002fb000 00:2d 6453415                    /software/matlab-2014b-x86_64/bin/glnxa64/libboost_log_setup.so.1.49.0
7f9daeaeb000-7f9daeb00000 rw-p 002fb000 00:2d 6453415                    /software/matlab-2014b-x86_64/bin/glnxa64/libboost_log_setup.so.1.49.0
7f9daeb00000-7f9daeb01000 rw-p 00000000 00:00 0 
7f9daeb01000-7f9daebd1000 r-xp 00000000 00:2d 6454120                    /software/matlab-2014b-x86_64/bin/glnxa64/libboost_log.so.1.49.0
7f9daebd1000-7f9daedd0000 ---p 000d0000 00:2d 6454120                    /software/matlab-2014b-x86_64/bin/glnxa64/libboost_log.so.1.49.0
7f9daedd0000-7f9daedd9000 rw-p 000cf000 00:2d 6454120                    /software/matlab-2014b-x86_64/bin/glnxa64/libboost_log.so.1.49.0
7f9daedd9000-7f9daedf3000 r-xp 00000000 00:2d 6453422                    /software/matlab-2014b-x86_64/bin/glnxa64/libboost_thread.so.1.49.0
7f9daedf3000-7f9daeff2000 ---p 0001a000 00:2d 6453422                    /software/matlab-2014b-x86_64/bin/glnxa64/libboost_thread.so.1.49.0
7f9daeff2000-7f9daeff4000 rw-p 00019000 00:2d 6453422                    /software/matlab-2014b-x86_64/bin/glnxa64/libboost_thread.so.1.49.0
7f9daeff4000-7f9daeff7000 r-xp 00000000 00:2d 6453421                    /software/matlab-2014b-x86_64/bin/glnxa64/libboost_system.so.1.49.0
7f9daeff7000-7f9daf1f6000 ---p 00003000 00:2d 6453421                    /software/matlab-2014b-x86_64/bin/glnxa64/libboost_system.so.1.49.0
7f9daf1f6000-7f9daf1f7000 rw-p 00002000 00:2d 6453421                    /software/matlab-2014b-x86_64/bin/glnxa64/libboost_system.so.1.49.0
7f9daf1f7000-7f9daf206000 r-xp 00000000 00:2d 6454118                    /software/matlab-2014b-x86_64/bin/glnxa64/libboost_date_time.so.1.49.0
7f9daf206000-7f9daf406000 ---p 0000f000 00:2d 6454118                    /software/matlab-2014b-x86_64/bin/glnxa64/libboost_date_time.so.1.49.0
7f9daf406000-7f9daf407000 rw-p 0000f000 00:2d 6454118                    /software/matlab-2014b-x86_64/bin/glnxa64/libboost_date_time.so.1.49.0
7f9daf407000-7f9daf408000 rw-p 00000000 00:00 0 
7f9daf408000-7f9daf40a000 r-xp 00000000 00:24 78731                      /usr/lib64/libdl-2.17.so
7f9daf40a000-7f9daf60a000 ---p 00002000 00:24 78731                      /usr/lib64/libdl-2.17.so
7f9daf60a000-7f9daf60b000 r--p 00002000 00:24 78731                      /usr/lib64/libdl-2.17.so
7f9daf60b000-7f9daf60c000 rw-p 00003000 00:24 78731                      /usr/lib64/libdl-2.17.so
7f9daf60c000-7f9dafa72000 r-xp 00000000 00:2d 6453794                    /software/matlab-2014b-x86_64/bin/glnxa64/libmwMATLAB_res.so
7f9dafa72000-7f9dafc71000 ---p 00466000 00:2d 6453794                    /software/matlab-2014b-x86_64/bin/glnxa64/libmwMATLAB_res.so
7f9dafc71000-7f9dafc73000 rw-p 00465000 00:2d 6453794                    /software/matlab-2014b-x86_64/bin/glnxa64/libmwMATLAB_res.so
7f9dafc73000-7f9dafc82000 rw-p 00000000 00:00 0 
7f9dafc82000-7f9dafc84000 r-xp 00000000 00:2d 6453703                    /software/matlab-2014b-x86_64/bin/glnxa64/libmwresource_core.so
7f9dafc84000-7f9dafe83000 ---p 00002000 00:2d 6453703                    /software/matlab-2014b-x86_64/bin/glnxa64/libmwresource_core.so
7f9dafe83000-7f9dafe84000 rw-p 00001000 00:2d 6453703                    /software/matlab-2014b-x86_64/bin/glnxa64/libmwresource_core.so
7f9dafe84000-7f9dafe8b000 r-xp 00000000 00:24 78551                      /usr/lib64/librt-2.17.so
7f9dafe8b000-7f9db008a000 ---p 00007000 00:24 78551                      /usr/lib64/librt-2.17.so
7f9db008a000-7f9db008b000 r--p 00006000 00:24 78551                      /usr/lib64/librt-2.17.so
7f9db008b000-7f9db008c000 rw-p 00007000 00:24 78551                      /usr/lib64/librt-2.17.so
7f9db008c000-7f9db024f000 r-xp 00000000 00:24 78076                      /usr/lib64/libc-2.17.so
7f9db024f000-7f9db044f000 ---p 001c3000 00:24 78076                      /usr/lib64/libc-2.17.so
7f9db044f000-7f9db0453000 r--p 001c3000 00:24 78076                      /usr/lib64/libc-2.17.so
7f9db0453000-7f9db0455000 rw-p 001c7000 00:24 78076                      /usr/lib64/libc-2.17.so
7f9db0455000-7f9db045a000 rw-p 00000000 00:00 0 
7f9db045a000-7f9db0471000 r-xp 00000000 00:24 75735                      /usr/lib64/libpthread-2.17.so
7f9db0471000-7f9db0670000 ---p 00017000 00:24 75735                      /usr/lib64/libpthread-2.17.so
7f9db0670000-7f9db0671000 r--p 00016000 00:24 75735                      /usr/lib64/libpthread-2.17.so
7f9db0671000-7f9db0672000 rw-p 00017000 00:24 75735                      /usr/lib64/libpthread-2.17.so
7f9db0672000-7f9db0676000 rw-p 00000000 00:00 0 
7f9db0676000-7f9db068b000 r-xp 00000000 00:2d 6968158                    /software/matlab-2014b-x86_64/sys/os/glnxa64/libgcc_s.so.1
7f9db068b000-7f9db088a000 ---p 00015000 00:2d 6968158                    /software/matlab-2014b-x86_64/sys/os/glnxa64/libgcc_s.so.1
7f9db088a000-7f9db088b000 rw-p 00014000 00:2d 6968158                    /software/matlab-2014b-x86_64/sys/os/glnxa64/libgcc_s.so.1
7f9db088b000-7f9db098c000 r-xp 00000000 00:24 78415                      /usr/lib64/libm-2.17.so
7f9db098c000-7f9db0b8b000 ---p 00101000 00:24 78415                      /usr/lib64/libm-2.17.so
7f9db0b8b000-7f9db0b8c000 r--p 00100000 00:24 78415                      /usr/lib64/libm-2.17.so
7f9db0b8c000-7f9db0b8d000 rw-p 00101000 00:24 78415                      /usr/lib64/libm-2.17.so
7f9db0b8d000-7f9db0c76000 r-xp 00000000 00:2d 6968167                    /software/matlab-2014b-x86_64/sys/os/glnxa64/libstdc++.so.6.0.17
7f9db0c76000-7f9db0e75000 ---p 000e9000 00:2d 6968167                    /software/matlab-2014b-x86_64/sys/os/glnxa64/libstdc++.so.6.0.17
7f9db0e75000-7f9db0e7d000 r--p 000e8000 00:2d 6968167                    /software/matlab-2014b-x86_64/sys/os/glnxa64/libstdc++.so.6.0.17
7f9db0e7d000-7f9db0e7f000 rw-p 000f0000 00:2d 6968167                    /software/matlab-2014b-x86_64/sys/os/glnxa64/libstdc++.so.6.0.17
7f9db0e7f000-7f9db0e94000 rw-p 00000000 00:00 0 
7f9db0e94000-7f9db0ea0000 r-xp 00000000 00:2d 6453516                    /software/matlab-2014b-x86_64/bin/glnxa64/libmwcpp11compat.so
7f9db0ea0000-7f9db10a0000 ---p 0000c000 00:2d 6453516                    /software/matlab-2014b-x86_64/bin/glnxa64/libmwcpp11compat.so
7f9db10a0000-7f9db10a1000 rw-p 0000c000 00:2d 6453516                    /software/matlab-2014b-x86_64/bin/glnxa64/libmwcpp11compat.so
7f9db10a1000-7f9db12ce000 r-xp 00000000 00:2d 6454214                    /software/matlab-2014b-x86_64/bin/glnxa64/libmwmvm.so
7f9db12ce000-7f9db14ce000 ---p 0022d000 00:2d 6454214                    /software/matlab-2014b-x86_64/bin/glnxa64/libmwmvm.so
7f9db14ce000-7f9db14e9000 rw-p 0022d000 00:2d 6454214                    /software/matlab-2014b-x86_64/bin/glnxa64/libmwmvm.so
7f9db14e9000-7f9db14eb000 rw-p 00000000 00:00 0 
7f9db14eb000-7f9db15f8000 r-xp 00000000 00:2d 5928930                    /software/matlab-2014b-x86_64/bin/glnxa64/libmwmcr.so
7f9db15f8000-7f9db17f8000 ---p 0010d000 00:2d 5928930                    /software/matlab-2014b-x86_64/bin/glnxa64/libmwmcr.so
7f9db17f8000-7f9db1806000 rw-p 0010d000 00:2d 5928930                    /software/matlab-2014b-x86_64/bin/glnxa64/libmwmcr.so
7f9db1806000-7f9db1807000 rw-p 00000000 00:00 0 
7f9db1807000-7f9db18d8000 r-xp 00000000 00:2d 6454303                    /software/matlab-2014b-x86_64/bin/glnxa64/libmwi18n.so
7f9db18d8000-7f9db1ad8000 ---p 000d1000 00:2d 6454303                    /software/matlab-2014b-x86_64/bin/glnxa64/libmwi18n.so
7f9db1ad8000-7f9db1ae0000 rw-p 000d1000 00:2d 6454303                    /software/matlab-2014b-x86_64/bin/glnxa64/libmwi18n.so
7f9db1ae0000-7f9db1ec3000 r-xp 00000000 00:2d 6454078                    /software/matlab-2014b-x86_64/bin/glnxa64/libmwservices.so
7f9db1ec3000-7f9db20c2000 ---p 003e3000 00:2d 6454078                    /software/matlab-2014b-x86_64/bin/glnxa64/libmwservices.so
7f9db20c2000-7f9db20e9000 rw-p 003e2000 00:2d 6454078                    /software/matlab-2014b-x86_64/bin/glnxa64/libmwservices.so
7f9db20e9000-7f9db20f5000 rw-p 00000000 00:00 0 
7f9db20f5000-7f9db22aa000 r-xp 00000000 00:2d 6453299                    /software/matlab-2014b-x86_64/bin/glnxa64/libmx.so
7f9db22aa000-7f9db24aa000 ---p 001b5000 00:2d 6453299                    /software/matlab-2014b-x86_64/bin/glnxa64/libmx.so
7f9db24aa000-7f9db24bb000 rw-p 001b5000 00:2d 6453299                    /software/matlab-2014b-x86_64/bin/glnxa64/libmx.so
7f9db24bb000-7f9db2692000 r-xp 00000000 00:2d 6453551                    /software/matlab-2014b-x86_64/bin/glnxa64/libmwfl.so
7f9db2692000-7f9db2892000 ---p 001d7000 00:2d 6453551                    /software/matlab-2014b-x86_64/bin/glnxa64/libmwfl.so
7f9db2892000-7f9db28a5000 rw-p 001d7000 00:2d 6453551                    /software/matlab-2014b-x86_64/bin/glnxa64/libmwfl.so
7f9db28a5000-7f9db28b6000 rw-p 00000000 00:00 0 
7f9db28b6000-7f9db2957000 r-xp 00000000 00:2d 6453575                    /software/matlab-2014b-x86_64/bin/glnxa64/libut.so
7f9db2957000-7f9db2b56000 ---p 000a1000 00:2d 6453575                    /software/matlab-2014b-x86_64/bin/glnxa64/libut.so
7f9db2b56000-7f9db2b61000 rw-p 000a0000 00:2d 6453575                    /software/matlab-2014b-x86_64/bin/glnxa64/libut.so
7f9db2b61000-7f9db2b73000 rw-p 00000000 00:00 0 
7f9db2b73000-7f9db2b95000 r-xp 00000000 00:24 75186                      /usr/lib64/ld-2.17.so
7f9db2ba7000-7f9db2d7c000 rw-p 00000000 00:00 0 
7f9db2d8c000-7f9db2d94000 rw-p 00000000 00:00 0 
7f9db2d94000-7f9db2d95000 r--p 00021000 00:24 75186                      /usr/lib64/ld-2.17.so
7f9db2d95000-7f9db2d96000 rw-p 00022000 00:24 75186                      /usr/lib64/ld-2.17.so
7f9db2d96000-7f9db2d97000 rw-p 00000000 00:00 0 
7ffc90417000-7ffc90437000 rwxp 00000000 00:00 0                          [stack]
7ffc90437000-7ffc90439000 rw-p 00000000 00:00 0 
7ffc90570000-7ffc90572000 r-xp 00000000 00:00 0                          [vdso]
ffffffffff600000-ffffffffff601000 r-xp 00000000 00:00 0                  [vsyscall]

------------------------------------------------------------------------
              abort() detected at Fri Jul 16 04:59:54 2021
------------------------------------------------------------------------

Configuration:
  Crash Decoding     : Disabled
  Current Visual     : None
  Default Encoding   : US-ASCII
  GNU C Library      : 2.17 stable
  MATLAB Architecture: glnxa64
  MATLAB Root        : /software/matlab-2014b-x86_64
  MATLAB Version     : 8.4.0.150421 (R2014b)
  Operating System   : Linux 3.10.0-1127.8.2.el7.x86_64 #1 SMP Wed May 13 10:45:47 CDT 2020 x86_64
  Processor ID       : x86 Family 6 Model 79 Stepping 1, GenuineIntel
  Software OpenGL    : 0
  Window System      : No active display

Fault Count: 1


Abnormal termination:
abort()

Register State (from fault):
  RAX = 0000000000000000  RBX = 0000000000000000
  RCX = ffffffffffffffff  RDX = 0000000000000006
  RSP = 00007f9d8ed3d648  RBP = 00007f9d8ed3e080
  RSI = 0000000000001780  RDI = 000000000000174d

   R8 = 0000000000000000   R9 = 0000000000000027
  R10 = 0000000000000008  R11 = 0000000000000206
  R12 = 0000000000000008  R13 = 00007f9d8ed3dba0
  R14 = 0000000000000079  R15 = 0000000000000002

  RIP = 00007f9db00c2377  EFL = 0000000000000206

   CS = 0033   FS = 0000   GS = 0000

Stack Trace (from fault):
[  0] 0x00007f9db00c2377                                   /lib64/libc.so.6+00222071 gsignal+00000055
[  1] 0x00007f9db00c3a68                                   /lib64/libc.so.6+00227944 abort+00000328
[  2] 0x00007f9db0104ec7                                   /lib64/libc.so.6+00495303
[  3] 0x00007f9db010b804                                   /lib64/libc.so.6+00522244
[  4] 0x00007f9db1dda942 /software/matlab-2014b-x86_64/bin/glnxa64/libmwservices.so+03123522
[  5] 0x00007f9db1ddab30 /software/matlab-2014b-x86_64/bin/glnxa64/libmwservices.so+03124016 Ox0c6ee92b372820cc+00000448
[  6] 0x00007f9db1d9c4cc /software/matlab-2014b-x86_64/bin/glnxa64/libmwservices.so+02868428 Ox0c6ee9185d4d6997+00000092
[  7] 0x00007f9db1d8c983 /software/matlab-2014b-x86_64/bin/glnxa64/libmwservices.so+02804099
[  8] 0x00007f9db1d8cdef /software/matlab-2014b-x86_64/bin/glnxa64/libmwservices.so+02805231 Ox0c6ef89343891d77+00000159
[  9] 0x00007f9db1d85572 /software/matlab-2014b-x86_64/bin/glnxa64/libmwservices.so+02774386
[ 10] 0x00007f9db1d86bdd /software/matlab-2014b-x86_64/bin/glnxa64/libmwservices.so+02780125
[ 11] 0x00007f9db1d7fd6c /software/matlab-2014b-x86_64/bin/glnxa64/libmwservices.so+02751852 Ox0c6eefeb301f8d16+00000844
[ 12] 0x00007f9db1d7fed9 /software/matlab-2014b-x86_64/bin/glnxa64/libmwservices.so+02752217 lc_checkout+00000153
[ 13] 0x00007f9db1cf6185 /software/matlab-2014b-x86_64/bin/glnxa64/libmwservices.so+02187653
[ 14] 0x00007f9db1ce2133 /software/matlab-2014b-x86_64/bin/glnxa64/libmwservices.so+02105651
[ 15] 0x00007f9db1ce2b11 /software/matlab-2014b-x86_64/bin/glnxa64/libmwservices.so+02108177
[ 16] 0x00007f9db1d16fe5 /software/matlab-2014b-x86_64/bin/glnxa64/libmwservices.so+02322405 _Z19svLmCheckoutFeaturePKcbPSs+00000101
[ 17] 0x00007f9db1d29a78 /software/matlab-2014b-x86_64/bin/glnxa64/libmwservices.so+02398840
[ 18] 0x00007f9db1d29cd3 /software/matlab-2014b-x86_64/bin/glnxa64/libmwservices.so+02399443
[ 19] 0x00007f9daede7409 /software/matlab-2014b-x86_64/bin/glnxa64/libboost_thread.so.1.49.0+00058377
[ 20] 0x00007f9db0461ea5                             /lib64/libpthread.so.0+00032421
[ 21] 0x00007f9db018a8cd                                   /lib64/libc.so.6+01042637 clone+00000109


If this problem is reproducible, please submit a Service Request via:
    http://www.mathworks.com/support/contact_us/

A technical support engineer might contact you with further information.

Thank you for your help.** This crash report has been saved to disk as /home/calebsponheim/matlab_crash_dump.5965-1 **



MATLAB is exiting because of fatal error
/tmp/slurmd/job12123557/slurm_script: line 13:  5965 Killed                  matlab -nojvm -nodisplay -nosplash -r "addpath(genpath('./')); midway_train_HMM_log_likelihood('./data/RSRTP1050211CT0.mat',$SLURM_ARRAY_TASK_ID,4)"
