My SLURM_ARRAY_TASK_ID:  15

                            < M A T L A B (R) >
                  Copyright 1984-2014 The MathWorks, Inc.
                   R2014b (8.4.0.150421) 64-bit (glnxa64)
                             September 15, 2014

 
For online documentation, see http://www.mathworks.com/support
For product information, visit www.mathworks.com.
 
EM for 15 states, 100 emission nodes. 12 observed values.
            gibbs: 0
    nGibbsItrPcnt: 0.8000
     annealParams: {}
           maxItr: 500
      convergeEps: 1.0000e-06
           minItr: 5
       parametric: 0
        initprobs: []
      persistBias: 0
          obsVals: []

- Initalized simulated annealing with params:
                     type: 'linear'
    max_chance_accpetance: 0.2000
             min_duration: 5
        min_init_duration: 5
             max_duration: 11
              converge_th: 1.0000e-06

--
Itr 1, LL= -16327826.416609 (Inf). Anneal status: T=NaN, dE=-10805.15, collecting statistics
Itr 2, LL= -2813119.943495 (Inf). Anneal status: T=NaN, dE=41.59, collecting statistics
Itr 3, LL= -2783632.477889 (Inf). Anneal status: T=NaN, dE=-397.54, collecting statistics
Itr 4, LL= -2737748.369511 (16483.536797). Anneal status: T=NaN, dE=-930.99, collecting statistics
Itr 5, LL= -2707949.572736 (10884.417687). Anneal status: T=NaN, dE=205.16, collecting statistics
Itr 6, LL= -2695503.285295 (4596.203551). Anneal status: T=NaN, dE=-219.82, collecting statistics
Itr 7, LL= -2689741.851128 (2137.424280). Anneal status: T=NaN, dE=-13.05, collecting statistics
Itr 8, LL= -2686361.739307 (1256.667743). Anneal status: T=NaN, dE=-6.38, collecting statistics
Itr 9, LL= -2683912.136412 (911.866358). Anneal status: T=NaN, dE=-0.08, collecting statistics
Itr 10, LL= -2681887.269978 (754.445873). Anneal status: T=NaN, dE=23.71, collecting statistics
Itr 11, LL= -2680159.075542 (644.394884). Anneal status: T=10.14, dE=8.46, candidate was chosen by chance
Itr 12, LL= -2678778.034854 (515.283104). Anneal status: T=10.14, dE=19.81, candidate was chosen by chance
Itr 13, LL= -2677692.198458 (405.347656). Anneal status: T=10.14, dE=157.63, candidate was rejected
Itr 14, LL= -2676818.939394 (326.123766). Anneal status: T=10.14, dE=36.73, candidate was rejected
Itr 15, LL= -2676089.828122 (272.379750). Anneal status: T=10.14, dE=37.18, candidate was rejected
Itr 16, LL= -2675413.844518 (252.601238). Anneal status: T=9.13, dE=7.51, candidate was rejected
Itr 17, LL= -2674778.379251 (237.520363). Anneal status: T=9.13, dE=51.62, candidate was rejected
Itr 18, LL= -2674204.151793 (214.682256). Anneal status: T=9.13, dE=88.25, candidate was rejected
Itr 19, LL= -2673694.402199 (190.617307). Anneal status: T=9.13, dE=70.92, candidate was rejected
Itr 20, LL= -2673247.062512 (167.311450). Anneal status: T=9.13, dE=67.22, candidate was rejected
Itr 21, LL= -2672838.788844 (152.725752). Anneal status: T=8.11, dE=107.83, candidate was rejected
Itr 22, LL= -2672514.843887 (121.198839). Anneal status: T=8.11, dE=78.04, candidate was rejected
Itr 23, LL= -2672253.979183 (97.610198). Anneal status: T=8.11, dE=29.05, candidate was rejected
Itr 24, LL= -2672039.989012 (80.078530). Anneal status: T=8.11, dE=37.31, candidate was rejected
Itr 25, LL= -2671866.203555 (65.038494). Anneal status: T=8.11, dE=63.82, candidate was rejected
Itr 26, LL= -2671723.082009 (53.566135). Anneal status: T=7.10, dE=39.82, candidate was rejected
Itr 27, LL= -2671603.621676 (44.712842). Anneal status: T=7.10, dE=8.58, candidate was rejected
Itr 28, LL= -2671487.567535 (43.439880). Anneal status: T=7.10, dE=134.30, candidate was rejected
Itr 29, LL= -2671385.191520 (38.321726). Anneal status: T=7.10, dE=173.18, candidate was rejected
Itr 30, LL= -2671274.113125 (41.580823). Anneal status: T=7.10, dE=91.12, candidate was rejected
Itr 31, LL= -2671176.919974 (36.384567). Anneal status: T=6.09, dE=0.22, candidate was chosen by chance
Itr 32, LL= -2671084.150814 (34.729695). Anneal status: T=6.09, dE=74.72, candidate was rejected
Itr 33, LL= -2671007.932472 (28.534609). Anneal status: T=6.09, dE=23.30, candidate was rejected
Itr 34, LL= -2670947.675567 (22.559613). Anneal status: T=6.09, dE=77.39, candidate was rejected
Itr 35, LL= -2670894.545669 (19.891778). Anneal status: T=6.09, dE=59.96, candidate was rejected
Itr 36, LL= -2670853.317744 (15.435999). Anneal status: T=5.07, dE=145.62, candidate was rejected
Itr 37, LL= -2670805.133777 (18.040664). Anneal status: T=5.07, dE=153.57, candidate was rejected
Itr 38, LL= -2670751.857778 (19.947542). Anneal status: T=5.07, dE=76.41, candidate was rejected
Itr 39, LL= -2670710.546666 (15.467971). Anneal status: T=5.07, dE=50.58, candidate was rejected
Itr 40, LL= -2670672.595304 (14.210212). Anneal status: T=5.07, dE=35.98, candidate was rejected
Itr 41, LL= -2670636.548036 (13.497450). Anneal status: T=4.06, dE=103.40, candidate was rejected
Itr 42, LL= -2670604.982113 (11.819625). Anneal status: T=4.06, dE=1.45, candidate was chosen by chance
Itr 43, LL= -2670571.046014 (12.707270). Anneal status: T=4.06, dE=14.08, candidate was rejected
Itr 44, LL= -2670537.384864 (12.604477). Anneal status: T=4.06, dE=35.86, candidate was rejected
Itr 45, LL= -2670510.415526 (10.098843). Anneal status: T=4.06, dE=60.55, candidate was rejected
Itr 46, LL= -2670487.630024 (8.532265). Anneal status: T=3.04, dE=121.23, candidate was rejected
Itr 47, LL= -2670463.833198 (8.911041). Anneal status: T=3.04, dE=60.82, candidate was rejected
Itr 48, LL= -2670438.646454 (9.431599). Anneal status: T=3.04, dE=17.30, candidate was rejected
Itr 49, LL= -2670412.291745 (9.869056). Anneal status: T=3.04, dE=23.04, candidate was rejected
Itr 50, LL= -2670378.562500 (12.630726). Anneal status: T=3.04, dE=11.91, candidate was rejected
Itr 51, LL= -2670346.886795 (11.861878). Anneal status: T=2.03, dE=49.64, candidate was rejected
Itr 52, LL= -2670321.037678 (9.680059). Anneal status: T=2.03, dE=37.80, candidate was rejected
Itr 53, LL= -2670294.293792 (10.015233). Anneal status: T=2.03, dE=62.89, candidate was rejected
Itr 54, LL= -2670264.578053 (11.128263). Anneal status: T=2.03, dE=137.13, candidate was rejected
Itr 55, LL= -2670242.421819 (8.297393). Anneal status: T=2.03, dE=48.19, candidate was rejected
Itr 56, LL= -2670220.504001 (8.208175). Anneal status: T=1.01, dE=79.08, candidate was rejected
Itr 57, LL= -2670196.224194 (9.092810). Anneal status: T=1.01, dE=25.89, candidate was rejected
Itr 58, LL= -2670174.523219 (8.127109). Anneal status: T=1.01, dE=39.95, candidate was rejected
Itr 59, LL= -2670149.063618 (9.534808). Anneal status: T=1.01, dE=55.60, candidate was rejected
Itr 60, LL= -2670121.513254 (10.317912). Anneal status: T=1.01, dE=32.33, candidate was rejected
Itr 61, LL= -2670094.565501 (10.092332). Anneal status: T=0.00, dE=89.06, candidate was rejected
Itr 62, LL= -2670069.308420 (9.459246). Anneal status: T=0.00, dE=80.93, candidate was rejected
Itr 63, LL= -2670030.143368 (14.668178). Anneal status: T=0.00, dE=59.02, candidate was rejected
Itr 64, LL= -2670000.268153 (11.189093). Anneal status: T=0.00, dE=97.47, candidate was rejected
Itr 65, LL= -2669969.717975 (11.442013). Anneal status: T=0.00, dE=59.26, candidate was rejected
Itr 66, LL= -2669938.034500 (11.866604). Anneal status: T=0.00, dE=133.97, candidate was rejected
Itr 67, LL= -2669899.890699 (14.286400). Anneal status: T=0.00, dE=75.10, candidate was rejected
Itr 68, LL= -2669862.457745 (14.020359). Anneal status: T=0.00, dE=119.43, candidate was rejected
Itr 69, LL= -2669830.541948 (11.954098). Anneal status: T=0.00, dE=13.87, candidate was rejected
Itr 70, LL= -2669799.683770 (11.558103). Anneal status: T=0.00, dE=36.16, candidate was rejected
Itr 71, LL= -2669756.906581 (16.022621). Anneal status: T=0.00, dE=37.73, candidate was rejected
Itr 72, LL= -2669720.387167 (13.678928). Anneal status: T=0.00, dE=69.41, candidate was rejected
Itr 73, LL= -2669696.738282 (8.858188). Anneal status: T=0.00, dE=85.32, candidate was rejected
Itr 74, LL= -2669677.161362 (7.333013). Anneal status: T=0.00, dE=21.70, candidate was rejected
Itr 75, LL= -2669659.728090 (6.530105). Anneal status: T=0.00, dE=29.02, candidate was rejected
Itr 76, LL= -2669637.247502 (8.420769). Anneal status: T=0.00, dE=42.14, candidate was rejected
Itr 77, LL= -2669622.186841 (5.641463). Anneal status: T=0.00, dE=75.29, candidate was rejected
Itr 78, LL= -2669611.145181 (4.136038). Anneal status: T=0.00, dE=21.62, candidate was rejected
Itr 79, LL= -2669592.684734 (6.915032). Anneal status: T=0.00, dE=67.75, candidate was rejected
Itr 80, LL= -2669576.551801 (6.043219). Anneal status: T=0.00, dE=14.24, candidate was rejected
Itr 81, LL= -2669567.350836 (3.446601). Anneal status: T=0.00, dE=55.19, candidate was rejected
Itr 82, LL= -2669558.412934 (3.348071). Anneal status: T=0.00, dE=99.47, candidate was rejected
Itr 83, LL= -2669548.172423 (3.836032). Anneal status: T=0.00, dE=40.95, candidate was rejected
Itr 84, LL= -2669538.333232 (3.685714). Anneal status: T=0.00, dE=45.83, candidate was rejected
Itr 85, LL= -2669530.903087 (2.783307). Anneal status: T=0.00, dE=132.56, candidate was rejected
Itr 86, LL= -2669524.708949 (2.320309). Anneal status: T=0.00, dE=23.77, candidate was rejected
Itr 87, LL= -2669513.743595 (4.107606). Anneal status: T=0.00, dE=39.94, candidate was rejected
Itr 88, LL= -2669501.701312 (4.511040). Anneal status: T=0.00, dE=8.05, candidate was rejected
Itr 89, LL= -2669491.478814 (3.829366). Anneal status: T=0.00, dE=42.16, candidate was rejected
Itr 90, LL= -2669484.732689 (2.527120). Anneal status: T=0.00, dE=85.86, candidate was rejected
Itr 91, LL= -2669476.509546 (3.080423). Anneal status: T=0.00, dE=25.63, candidate was rejected
Itr 92, LL= -2669471.992079 (1.692267). Anneal status: T=0.00, dE=33.23, candidate was rejected
Itr 93, LL= -2669467.106271 (1.830253). Anneal status: T=0.00, dE=75.04, candidate was rejected
Itr 94, LL= -2669461.333184 (2.162636). Anneal status: T=0.00, dE=50.27, candidate was rejected
Itr 95, LL= -2669458.111939 (1.206702). Anneal status: T=0.00, dE=53.60, candidate was rejected
Itr 96, LL= -2669455.746296 (0.886189). Anneal status: T=0.00, dE=11.28, candidate was rejected
Itr 97, LL= -2669453.635638 (0.790670). Anneal status: T=0.00, dE=50.61, candidate was rejected
Itr 98, LL= -2669451.803695 (0.686261). Anneal status: T=0.00, dE=66.11, candidate was rejected
-- Annealing statistics:
Portion of times candidate was better: 0.000000
Portion of times candidate was chosen by chance: 0.040816
--
EM for 15 states, 100 emission nodes. 12 observed values.
            gibbs: 0
    nGibbsItrPcnt: 0.8000
     annealParams: {}
           maxItr: 500
      convergeEps: 1.0000e-06
           minItr: 5
       parametric: 0
        initprobs: []
      persistBias: 0
          obsVals: []

- Initalized simulated annealing with params:
                     type: 'linear'
    max_chance_accpetance: 0.2000
             min_duration: 5
        min_init_duration: 5
             max_duration: 11
              converge_th: 1.0000e-06

--
Itr 1, LL= -15991675.202267 (Inf). Anneal status: T=NaN, dE=-1862.57, collecting statistics
Itr 2, LL= -2805131.290786 (Inf). Anneal status: T=NaN, dE=-100.84, collecting statistics
Itr 3, LL= -2768978.909971 (Inf). Anneal status: T=NaN, dE=-622.57, collecting statistics
Itr 4, LL= -2730646.073346 (13843.672296). Anneal status: T=NaN, dE=-774.36, collecting statistics
Itr 5, LL= -2710213.916187 (7482.535858). Anneal status: T=NaN, dE=-185.28, collecting statistics
Itr 6, LL= -2701586.022959 (3183.473148). Anneal status: T=NaN, dE=-21.60, collecting statistics
Itr 7, LL= -2696769.025043 (1783.025924). Anneal status: T=NaN, dE=555.96, collecting statistics
Itr 8, LL= -2693740.634345 (1122.969995). Anneal status: T=NaN, dE=18.96, collecting statistics
Itr 9, LL= -2691664.768063 (770.625893). Anneal status: T=NaN, dE=15.32, collecting statistics
Itr 10, LL= -2690050.438501 (599.751344). Anneal status: T=5.33, dE=11.47, candidate was rejected
Itr 11, LL= -2688698.286277 (502.649395). Anneal status: T=5.33, dE=302.87, candidate was rejected
Itr 12, LL= -2687504.540409 (443.986547). Anneal status: T=5.33, dE=108.05, candidate was rejected
Itr 13, LL= -2686348.383065 (430.197355). Anneal status: T=5.33, dE=14.08, candidate was rejected
Itr 14, LL= -2685146.757384 (447.308208). Anneal status: T=5.33, dE=8.36, candidate was chosen by chance
Itr 15, LL= -2683986.903348 (431.951823). Anneal status: T=4.79, dE=2.49, candidate was rejected
Itr 16, LL= -2683107.705149 (327.571718). Anneal status: T=4.79, dE=63.14, candidate was rejected
Itr 17, LL= -2682315.247250 (295.350759). Anneal status: T=4.79, dE=98.07, candidate was rejected
Itr 18, LL= -2681630.125125 (255.421925). Anneal status: T=4.79, dE=107.38, candidate was rejected
Itr 19, LL= -2681098.426319 (198.274475). Anneal status: T=4.79, dE=183.55, candidate was rejected
Itr 20, LL= -2680754.073366 (128.437266). Anneal status: T=4.26, dE=15.20, candidate was rejected
Itr 21, LL= -2680446.737279 (114.645387). Anneal status: T=4.26, dE=209.76, candidate was rejected
Itr 22, LL= -2680163.383786 (105.711294). Anneal status: T=4.26, dE=121.06, candidate was rejected
Itr 23, LL= -2679940.192078 (83.275411). Anneal status: T=4.26, dE=39.12, candidate was rejected
Itr 24, LL= -2679760.172137 (67.173119). Anneal status: T=4.26, dE=10.88, candidate was rejected
Itr 25, LL= -2679600.533138 (59.572122). Anneal status: T=3.73, dE=45.29, candidate was rejected
Itr 26, LL= -2679407.005262 (72.222659). Anneal status: T=3.73, dE=61.09, candidate was rejected
Itr 27, LL= -2679202.213183 (76.431867). Anneal status: T=3.73, dE=6.84, candidate was rejected
Itr 28, LL= -2679006.544833 (73.032318). Anneal status: T=3.73, dE=11.32, candidate was rejected
Itr 29, LL= -2678804.881826 (75.275295). Anneal status: T=3.73, dE=59.19, candidate was rejected
Itr 30, LL= -2678608.376892 (73.355449). Anneal status: T=3.20, dE=155.39, candidate was rejected
Itr 31, LL= -2678396.440631 (79.121779). Anneal status: T=3.20, dE=19.83, candidate was rejected
Itr 32, LL= -2678158.534096 (88.824243). Anneal status: T=3.20, dE=24.99, candidate was rejected
Itr 33, LL= -2677899.945610 (96.554585). Anneal status: T=3.20, dE=48.91, candidate was rejected
Itr 34, LL= -2677645.836633 (94.891140). Anneal status: T=3.20, dE=13.89, candidate was rejected
Itr 35, LL= -2677386.181352 (96.971481). Anneal status: T=2.66, dE=38.79, candidate was rejected
Itr 36, LL= -2677115.565815 (101.074525). Anneal status: T=2.66, dE=120.95, candidate was rejected
Itr 37, LL= -2676800.802838 (117.575416). Anneal status: T=2.66, dE=206.87, candidate was rejected
Itr 38, LL= -2676509.085362 (108.979897). Anneal status: T=2.66, dE=0.97, candidate was chosen by chance
Itr 39, LL= -2676268.774656 (89.785126). Anneal status: T=2.66, dE=14.83, candidate was rejected
Itr 40, LL= -2676076.256057 (71.935450). Anneal status: T=2.13, dE=29.55, candidate was rejected
Itr 41, LL= -2675917.256811 (59.415065). Anneal status: T=2.13, dE=8.95, candidate was rejected
Itr 42, LL= -2675776.274614 (52.685559). Anneal status: T=2.13, dE=31.33, candidate was rejected
Itr 43, LL= -2675633.897836 (53.209523). Anneal status: T=2.13, dE=134.18, candidate was rejected
Itr 44, LL= -2675525.846616 (40.383410). Anneal status: T=2.13, dE=171.62, candidate was rejected
Itr 45, LL= -2675435.940051 (33.603325). Anneal status: T=1.60, dE=37.87, candidate was rejected
Itr 46, LL= -2675371.113053 (24.230443). Anneal status: T=1.60, dE=84.72, candidate was rejected
Itr 47, LL= -2675314.801922 (21.047970). Anneal status: T=1.60, dE=122.95, candidate was rejected
Itr 48, LL= -2675245.967442 (25.729488). Anneal status: T=1.60, dE=61.77, candidate was rejected
Itr 49, LL= -2675156.040567 (33.614432). Anneal status: T=1.60, dE=12.72, candidate was rejected
Itr 50, LL= -2675089.715132 (24.793109). Anneal status: T=1.07, dE=1.07, candidate was chosen by chance
Itr 51, LL= -2675040.387247 (18.439712). Anneal status: T=1.07, dE=56.48, candidate was rejected
Itr 52, LL= -2675004.242978 (13.511672). Anneal status: T=1.07, dE=210.56, candidate was rejected
Itr 53, LL= -2674966.917881 (13.953285). Anneal status: T=1.07, dE=27.02, candidate was rejected
Itr 54, LL= -2674908.051575 (22.006368). Anneal status: T=1.07, dE=59.22, candidate was rejected
Itr 55, LL= -2674837.206415 (26.485082). Anneal status: T=0.53, dE=2.72, candidate was rejected
Itr 56, LL= -2674803.088308 (12.755209). Anneal status: T=0.53, dE=10.09, candidate was rejected
Itr 57, LL= -2674777.195037 (9.680440). Anneal status: T=0.53, dE=25.59, candidate was rejected
Itr 58, LL= -2674745.258035 (11.940061). Anneal status: T=0.53, dE=33.48, candidate was rejected
Itr 59, LL= -2674710.818473 (12.875829). Anneal status: T=0.53, dE=204.66, candidate was rejected
Itr 60, LL= -2674681.909273 (10.808346). Anneal status: T=0.00, dE=53.97, candidate was rejected
Itr 61, LL= -2674659.569729 (8.352224). Anneal status: T=0.00, dE=46.57, candidate was rejected
Itr 62, LL= -2674635.143419 (9.132493). Anneal status: T=0.00, dE=84.43, candidate was rejected
Itr 63, LL= -2674599.866657 (13.189374). Anneal status: T=0.00, dE=7.63, candidate was rejected
Itr 64, LL= -2674568.024622 (11.905345). Anneal status: T=0.00, dE=41.07, candidate was rejected
Itr 65, LL= -2674543.441559 (9.191415). Anneal status: T=0.00, dE=21.99, candidate was rejected
Itr 66, LL= -2674527.405485 (5.995817). Anneal status: T=0.00, dE=124.90, candidate was rejected
Itr 67, LL= -2674514.504183 (4.823769). Anneal status: T=0.00, dE=69.88, candidate was rejected
Itr 68, LL= -2674502.020809 (4.667529). Anneal status: T=0.00, dE=40.02, candidate was rejected
Itr 69, LL= -2674490.671264 (4.243610). Anneal status: T=0.00, dE=17.36, candidate was rejected
Itr 70, LL= -2674477.298555 (5.000096). Anneal status: T=0.00, dE=46.95, candidate was rejected
Itr 71, LL= -2674466.619125 (3.993090). Anneal status: T=0.00, dE=128.51, candidate was rejected
Itr 72, LL= -2674459.380819 (2.706449). Anneal status: T=0.00, dE=27.32, candidate was rejected
Itr 73, LL= -2674451.591865 (2.912347). Anneal status: T=0.00, dE=30.37, candidate was rejected
Itr 74, LL= -2674443.401885 (3.062303). Anneal status: T=0.00, dE=36.95, candidate was rejected
Itr 75, LL= -2674427.435682 (5.969916). Anneal status: T=0.00, dE=61.89, candidate was rejected
Itr 76, LL= -2674408.739022 (6.990902). Anneal status: T=0.00, dE=20.50, candidate was rejected
Itr 77, LL= -2674399.449577 (3.473457). Anneal status: T=0.00, dE=75.56, candidate was rejected
Itr 78, LL= -2674391.670455 (2.908736). Anneal status: T=0.00, dE=18.14, candidate was rejected
Itr 79, LL= -2674384.134371 (2.817868). Anneal status: T=0.00, dE=22.95, candidate was rejected
Itr 80, LL= -2674374.914490 (3.447478). Anneal status: T=0.00, dE=90.47, candidate was rejected
Itr 81, LL= -2674362.936741 (4.478710). Anneal status: T=0.00, dE=54.80, candidate was rejected
Itr 82, LL= -2674355.139403 (2.915587). Anneal status: T=0.00, dE=43.52, candidate was rejected
Itr 83, LL= -2674347.505779 (2.854379). Anneal status: T=0.00, dE=80.88, candidate was rejected
Itr 84, LL= -2674344.827555 (1.001449). Anneal status: T=0.00, dE=55.39, candidate was rejected
Itr 85, LL= -2674339.577603 (1.963080). Anneal status: T=0.00, dE=159.34, candidate was rejected
Itr 86, LL= -2674330.700456 (3.319379). Anneal status: T=0.00, dE=65.55, candidate was rejected
Itr 87, LL= -2674317.963952 (4.762501). Anneal status: T=0.00, dE=98.34, candidate was rejected
Itr 88, LL= -2674308.887247 (3.394026). Anneal status: T=0.00, dE=50.08, candidate was rejected
Itr 89, LL= -2674299.340316 (3.569868). Anneal status: T=0.00, dE=52.88, candidate was rejected
Itr 90, LL= -2674294.785224 (1.703284). Anneal status: T=0.00, dE=93.50, candidate was rejected
Itr 91, LL= -2674292.295559 (0.930961). Anneal status: T=0.00, dE=16.98, candidate was rejected
Itr 92, LL= -2674287.284690 (1.873718). Anneal status: T=0.00, dE=39.70, candidate was rejected
Itr 93, LL= -2674284.948332 (0.873638). Anneal status: T=0.00, dE=27.33, candidate was rejected
Itr 94, LL= -2674283.434788 (0.565962). Anneal status: T=0.00, dE=56.99, candidate was rejected
Itr 95, LL= -2674282.191822 (0.464785). Anneal status: T=0.00, dE=130.59, candidate was rejected
-- Annealing statistics:
Portion of times candidate was better: 0.000000
Portion of times candidate was chosen by chance: 0.031579
--
EM for 15 states, 100 emission nodes. 12 observed values.
            gibbs: 0
    nGibbsItrPcnt: 0.8000
     annealParams: {}
           maxItr: 500
      convergeEps: 1.0000e-06
           minItr: 5
       parametric: 0
        initprobs: []
      persistBias: 0
          obsVals: []

- Initalized simulated annealing with params:
                     type: 'linear'
    max_chance_accpetance: 0.2000
             min_duration: 5
        min_init_duration: 5
             max_duration: 11
              converge_th: 1.0000e-06

--
Itr 1, LL= -15958590.731327 (Inf). Anneal status: T=NaN, dE=-1947.02, collecting statistics
Itr 2, LL= -2810471.675205 (Inf). Anneal status: T=NaN, dE=-133.07, collecting statistics
Itr 3, LL= -2783090.237234 (Inf). Anneal status: T=NaN, dE=-1264.61, collecting statistics
Itr 4, LL= -2745791.233583 (13402.010166). Anneal status: T=NaN, dE=-186.57, collecting statistics
Itr 5, LL= -2719620.196148 (9531.328207). Anneal status: T=NaN, dE=-148.16, collecting statistics
Itr 6, LL= -2703201.521708 (6037.120353). Anneal status: T=NaN, dE=-26.35, collecting statistics
Itr 7, LL= -2694628.723271 (3171.350108). Anneal status: T=NaN, dE=56.42, collecting statistics
Itr 8, LL= -2689861.176020 (1769.277975). Anneal status: T=NaN, dE=-14.29, collecting statistics
Itr 9, LL= -2686732.123408 (1163.276618). Anneal status: T=NaN, dE=-23.01, collecting statistics
Itr 10, LL= -2684448.672385 (849.899029). Anneal status: T=NaN, dE=131.73, collecting statistics
Itr 11, LL= -2682939.001630 (562.376465). Anneal status: T=NaN, dE=14.56, collecting statistics
Itr 12, LL= -2681901.873706 (386.564109). Anneal status: T=11.03, dE=6.71, candidate was rejected
Itr 13, LL= -2681159.448290 (276.827957). Anneal status: T=11.03, dE=62.79, candidate was rejected
Itr 14, LL= -2680613.429262 (203.650338). Anneal status: T=11.03, dE=44.53, candidate was rejected
Itr 15, LL= -2680235.509704 (140.982491). Anneal status: T=11.03, dE=49.34, candidate was rejected
Itr 16, LL= -2679972.708586 (98.051502). Anneal status: T=11.03, dE=44.63, candidate was rejected
Itr 17, LL= -2679755.409996 (81.082389). Anneal status: T=9.92, dE=93.99, candidate was rejected
Itr 18, LL= -2679602.358900 (57.113830). Anneal status: T=9.92, dE=1.55, candidate was chosen by chance
Itr 19, LL= -2679489.428524 (42.144453). Anneal status: T=9.92, dE=10.50, candidate was chosen by chance
Itr 20, LL= -2679377.588217 (41.739410). Anneal status: T=9.92, dE=37.17, candidate was rejected
Itr 21, LL= -2679278.985916 (36.800450). Anneal status: T=9.92, dE=38.94, candidate was rejected
Itr 22, LL= -2679198.300444 (30.114621). Anneal status: T=8.82, dE=83.94, candidate was rejected
Itr 23, LL= -2679142.108303 (20.973491). Anneal status: T=8.82, dE=20.57, candidate was chosen by chance
Itr 24, LL= -2679065.130430 (28.732284). Anneal status: T=8.82, dE=6.35, candidate was rejected
Itr 25, LL= -2679021.643905 (16.231978). Anneal status: T=8.82, dE=164.11, candidate was rejected
Itr 26, LL= -2678986.189581 (13.234057). Anneal status: T=8.82, dE=60.16, candidate was rejected
Itr 27, LL= -2678952.670604 (12.511814). Anneal status: T=7.72, dE=154.84, candidate was rejected
Itr 28, LL= -2678921.878100 (11.494232). Anneal status: T=7.72, dE=54.31, candidate was rejected
Itr 29, LL= -2678903.962017 (6.687796). Anneal status: T=7.72, dE=59.70, candidate was rejected
Itr 30, LL= -2678890.443442 (5.046308). Anneal status: T=7.72, dE=77.94, candidate was rejected
Itr 31, LL= -2678877.281736 (4.913118). Anneal status: T=7.72, dE=64.08, candidate was rejected
Itr 32, LL= -2678863.649412 (5.088820). Anneal status: T=6.62, dE=93.15, candidate was rejected
Itr 33, LL= -2678852.469784 (4.173273). Anneal status: T=6.62, dE=13.03, candidate was rejected
Itr 34, LL= -2678842.713654 (3.641906). Anneal status: T=6.62, dE=82.05, candidate was rejected
Itr 35, LL= -2678833.259336 (3.529254). Anneal status: T=6.62, dE=103.82, candidate was rejected
Itr 36, LL= -2678823.064034 (3.805874). Anneal status: T=6.62, dE=20.29, candidate was rejected
Itr 37, LL= -2678812.604832 (3.904402). Anneal status: T=5.51, dE=58.52, candidate was rejected
Itr 38, LL= -2678806.128537 (2.417599). Anneal status: T=5.51, dE=11.16, candidate was rejected
Itr 39, LL= -2678801.837544 (1.601831). Anneal status: T=5.51, dE=33.73, candidate was rejected
Itr 40, LL= -2678798.344158 (1.304085). Anneal status: T=5.51, dE=21.84, candidate was rejected
Itr 41, LL= -2678791.357760 (2.608034). Anneal status: T=5.51, dE=43.77, candidate was rejected
Itr 42, LL= -2678785.161788 (2.312973). Anneal status: T=4.41, dE=36.90, candidate was rejected
Itr 43, LL= -2678780.382707 (1.784048). Anneal status: T=4.41, dE=133.50, candidate was rejected
Itr 44, LL= -2678787.175295 (-2.535702). Anneal status: T=4.41, dE=12.09, candidate was chosen by chance
Itr 45, LL= -2678772.493204 (5.480872). Anneal status: T=4.41, dE=28.50, candidate was rejected
Itr 46, LL= -2678769.841899 (0.989746). Anneal status: T=4.41, dE=33.65, candidate was rejected
Itr 47, LL= -2678785.882792 (-5.988156). Anneal status: T=3.31, dE=17.39, candidate was chosen by chance
Itr 48, LL= -2678770.156969 (5.870504). Anneal status: T=3.31, dE=61.58, candidate was rejected
Itr 49, LL= -2678767.660709 (0.931868). Anneal status: T=3.31, dE=28.75, candidate was rejected
Itr 50, LL= -2678766.218476 (0.538394). Anneal status: T=3.31, dE=14.00, candidate was rejected
Itr 51, LL= -2678765.129784 (0.406416). Anneal status: T=3.31, dE=49.85, candidate was rejected
-- Annealing statistics:
Portion of times candidate was better: 0.000000
Portion of times candidate was chosen by chance: 0.098039
--
EM for 15 states, 100 emission nodes. 12 observed values.
            gibbs: 0
    nGibbsItrPcnt: 0.8000
     annealParams: {}
           maxItr: 500
      convergeEps: 1.0000e-06
           minItr: 5
       parametric: 0
        initprobs: []
      persistBias: 0
          obsVals: []

- Initalized simulated annealing with params:
                     type: 'linear'
    max_chance_accpetance: 0.2000
             min_duration: 5
        min_init_duration: 5
             max_duration: 11
              converge_th: 1.0000e-06

--
Itr 1, LL= -16173208.985491 (Inf). Anneal status: T=NaN, dE=-645.42, collecting statistics
Itr 2, LL= -2810560.780945 (Inf). Anneal status: T=NaN, dE=-147.89, collecting statistics
Itr 3, LL= -2780177.561046 (Inf). Anneal status: T=NaN, dE=-497.44, collecting statistics
Itr 4, LL= -2733787.642654 (16685.955258). Anneal status: T=NaN, dE=-594.43, collecting statistics
Itr 5, LL= -2701926.203459 (11654.686962). Anneal status: T=NaN, dE=151.09, collecting statistics
Itr 6, LL= -2687711.462422 (5260.965684). Anneal status: T=NaN, dE=-43.99, collecting statistics
Itr 7, LL= -2681531.533132 (2299.327653). Anneal status: T=NaN, dE=-41.09, collecting statistics
Itr 8, LL= -2678433.634640 (1155.272073). Anneal status: T=NaN, dE=28.86, collecting statistics
Itr 9, LL= -2676666.789254 (659.656212). Anneal status: T=NaN, dE=37.59, collecting statistics
Itr 10, LL= -2675560.910565 (413.155157). Anneal status: T=10.32, dE=10.20, candidate was chosen by chance
Itr 11, LL= -2674780.947457 (291.513867). Anneal status: T=10.32, dE=176.89, candidate was rejected
Itr 12, LL= -2674201.367312 (216.683219). Anneal status: T=10.32, dE=42.49, candidate was rejected
Itr 13, LL= -2673695.132852 (189.303044). Anneal status: T=10.32, dE=93.40, candidate was rejected
Itr 14, LL= -2673209.367662 (181.683089). Anneal status: T=10.32, dE=87.22, candidate was rejected
Itr 15, LL= -2672719.569979 (183.224587). Anneal status: T=9.29, dE=41.45, candidate was rejected
Itr 16, LL= -2672164.614866 (207.636865). Anneal status: T=9.29, dE=111.27, candidate was rejected
Itr 17, LL= -2671570.644769 (222.280504). Anneal status: T=9.29, dE=37.25, candidate was rejected
Itr 18, LL= -2671038.167355 (199.312496). Anneal status: T=9.29, dE=32.37, candidate was rejected
Itr 19, LL= -2670550.952012 (182.406732). Anneal status: T=9.29, dE=87.80, candidate was rejected
Itr 20, LL= -2670103.469814 (167.561752). Anneal status: T=8.26, dE=107.99, candidate was rejected
Itr 21, LL= -2669721.989483 (142.870992). Anneal status: T=8.26, dE=16.55, candidate was rejected
Itr 22, LL= -2669415.818235 (114.682820). Anneal status: T=8.26, dE=35.47, candidate was rejected
Itr 23, LL= -2669136.817585 (104.517494). Anneal status: T=8.26, dE=70.26, candidate was rejected
Itr 24, LL= -2668834.737748 (113.175104). Anneal status: T=8.26, dE=136.41, candidate was rejected
Itr 25, LL= -2668531.408399 (113.656100). Anneal status: T=7.23, dE=14.25, candidate was rejected
Itr 26, LL= -2668261.541546 (101.129352). Anneal status: T=7.23, dE=29.32, candidate was rejected
Itr 27, LL= -2668013.738560 (92.870576). Anneal status: T=7.23, dE=20.59, candidate was chosen by chance
Itr 28, LL= -2667752.948074 (97.747055). Anneal status: T=7.23, dE=25.52, candidate was rejected
Itr 29, LL= -2667509.844956 (91.126548). Anneal status: T=7.23, dE=29.24, candidate was rejected
Itr 30, LL= -2667303.093931 (77.507127). Anneal status: T=6.19, dE=67.30, candidate was rejected
Itr 31, LL= -2667124.520043 (66.949230). Anneal status: T=6.19, dE=14.71, candidate was rejected
Itr 32, LL= -2666971.802668 (57.259184). Anneal status: T=6.19, dE=105.05, candidate was rejected
Itr 33, LL= -2666838.237854 (50.081075). Anneal status: T=6.19, dE=44.04, candidate was rejected
Itr 34, LL= -2666717.060131 (45.438723). Anneal status: T=6.19, dE=22.78, candidate was rejected
Itr 35, LL= -2666604.894483 (42.061323). Anneal status: T=5.16, dE=32.21, candidate was rejected
Itr 36, LL= -2666506.347724 (36.955890). Anneal status: T=5.16, dE=53.21, candidate was rejected
Itr 37, LL= -2666432.916645 (27.538310). Anneal status: T=5.16, dE=52.86, candidate was rejected
Itr 38, LL= -2666370.399801 (23.445872). Anneal status: T=5.16, dE=17.50, candidate was rejected
Itr 39, LL= -2666307.498226 (23.590712). Anneal status: T=5.16, dE=42.84, candidate was rejected
Itr 40, LL= -2666228.654288 (29.570459). Anneal status: T=4.13, dE=33.75, candidate was rejected
Itr 41, LL= -2666151.817254 (28.818621). Anneal status: T=4.13, dE=105.27, candidate was rejected
Itr 42, LL= -2666097.831073 (20.248727). Anneal status: T=4.13, dE=26.86, candidate was rejected
Itr 43, LL= -2666053.404482 (16.663526). Anneal status: T=4.13, dE=26.01, candidate was rejected
Itr 44, LL= -2666014.881034 (14.449616). Anneal status: T=4.13, dE=118.77, candidate was rejected
Itr 45, LL= -2665977.874836 (13.880717). Anneal status: T=3.10, dE=5.06, candidate was rejected
Itr 46, LL= -2665932.531225 (17.008247). Anneal status: T=3.10, dE=76.22, candidate was rejected
Itr 47, LL= -2665901.979068 (11.460214). Anneal status: T=3.10, dE=42.42, candidate was rejected
Itr 48, LL= -2665877.266988 (9.269688). Anneal status: T=3.10, dE=46.30, candidate was rejected
Itr 49, LL= -2665853.320634 (8.982542). Anneal status: T=3.10, dE=64.03, candidate was rejected
Itr 50, LL= -2665827.983521 (9.504316). Anneal status: T=2.06, dE=24.90, candidate was rejected
Itr 51, LL= -2665805.030126 (8.610231). Anneal status: T=2.06, dE=19.24, candidate was rejected
Itr 52, LL= -2665787.186056 (6.693689). Anneal status: T=2.06, dE=34.97, candidate was rejected
Itr 53, LL= -2665772.058325 (5.674771). Anneal status: T=2.06, dE=52.56, candidate was rejected
Itr 54, LL= -2665756.060630 (6.001149). Anneal status: T=2.06, dE=15.94, candidate was rejected
Itr 55, LL= -2665734.197091 (8.201628). Anneal status: T=1.03, dE=27.44, candidate was rejected
Itr 56, LL= -2665703.159174 (11.643290). Anneal status: T=1.03, dE=15.08, candidate was rejected
Itr 57, LL= -2665678.584740 (9.218744). Anneal status: T=1.03, dE=77.92, candidate was rejected
Itr 58, LL= -2665662.112919 (6.179223). Anneal status: T=1.03, dE=118.24, candidate was rejected
Itr 59, LL= -2665650.710899 (4.277369). Anneal status: T=1.03, dE=119.62, candidate was rejected
Itr 60, LL= -2665640.112213 (3.976022). Anneal status: T=0.00, dE=46.29, candidate was rejected
Itr 61, LL= -2665628.904170 (4.204635). Anneal status: T=0.00, dE=42.77, candidate was rejected
Itr 62, LL= -2665618.638188 (3.851242). Anneal status: T=0.00, dE=64.49, candidate was rejected
Itr 63, LL= -2665606.725551 (4.468995). Anneal status: T=0.00, dE=58.48, candidate was rejected
Itr 64, LL= -2665591.147593 (5.844057). Anneal status: T=0.00, dE=58.16, candidate was rejected
Itr 65, LL= -2665577.189481 (5.236404). Anneal status: T=0.00, dE=57.05, candidate was rejected
Itr 66, LL= -2665566.618166 (3.965864). Anneal status: T=0.00, dE=70.51, candidate was rejected
Itr 67, LL= -2665556.080402 (3.953292). Anneal status: T=0.00, dE=21.29, candidate was rejected
Itr 68, LL= -2665541.932076 (5.307833). Anneal status: T=0.00, dE=34.58, candidate was rejected
Itr 69, LL= -2665525.696154 (6.091040). Anneal status: T=0.00, dE=75.44, candidate was rejected
Itr 70, LL= -2665509.809278 (5.960129). Anneal status: T=0.00, dE=83.88, candidate was rejected
Itr 71, LL= -2665493.532597 (6.106404). Anneal status: T=0.00, dE=96.99, candidate was rejected
Itr 72, LL= -2665477.533417 (6.002333). Anneal status: T=0.00, dE=67.60, candidate was rejected
Itr 73, LL= -2665462.532839 (5.627726). Anneal status: T=0.00, dE=54.72, candidate was rejected
Itr 74, LL= -2665451.253687 (4.231592). Anneal status: T=0.00, dE=94.61, candidate was rejected
Itr 75, LL= -2665441.123744 (3.800461). Anneal status: T=0.00, dE=70.80, candidate was rejected
Itr 76, LL= -2665432.119385 (3.378187). Anneal status: T=0.00, dE=40.11, candidate was rejected
Itr 77, LL= -2665423.029613 (3.410243). Anneal status: T=0.00, dE=83.53, candidate was rejected
Itr 78, LL= -2665412.850206 (3.819059). Anneal status: T=0.00, dE=59.96, candidate was rejected
Itr 79, LL= -2665404.042628 (3.304396). Anneal status: T=0.00, dE=61.52, candidate was rejected
Itr 80, LL= -2665395.138246 (3.340725). Anneal status: T=0.00, dE=11.91, candidate was rejected
Itr 81, LL= -2665385.391974 (3.656595). Anneal status: T=0.00, dE=31.68, candidate was rejected
Itr 82, LL= -2665374.701323 (4.010922). Anneal status: T=0.00, dE=16.61, candidate was rejected
Itr 83, LL= -2665363.147603 (4.334745). Anneal status: T=0.00, dE=31.45, candidate was rejected
Itr 84, LL= -2665350.863919 (4.608634). Anneal status: T=0.00, dE=54.45, candidate was rejected
Itr 85, LL= -2665338.220902 (4.743472). Anneal status: T=0.00, dE=33.31, candidate was rejected
Itr 86, LL= -2665324.350463 (5.204007). Anneal status: T=0.00, dE=130.43, candidate was rejected
Itr 87, LL= -2665307.882547 (6.178579). Anneal status: T=0.00, dE=146.41, candidate was rejected
Itr 88, LL= -2665291.529450 (6.135537). Anneal status: T=0.00, dE=33.83, candidate was rejected
Itr 89, LL= -2665273.770014 (6.663225). Anneal status: T=0.00, dE=56.34, candidate was rejected
Itr 90, LL= -2665253.270474 (7.691345). Anneal status: T=0.00, dE=136.96, candidate was rejected
Itr 91, LL= -2665233.575874 (7.389391). Anneal status: T=0.00, dE=18.90, candidate was rejected
Itr 92, LL= -2665212.831048 (7.783493). Anneal status: T=0.00, dE=12.94, candidate was rejected
Itr 93, LL= -2665188.485617 (9.134516). Anneal status: T=0.00, dE=11.80, candidate was rejected
Itr 94, LL= -2665156.186597 (12.118850). Anneal status: T=0.00, dE=26.05, candidate was rejected
Itr 95, LL= -2665117.762944 (14.417036). Anneal status: T=0.00, dE=44.86, candidate was rejected
Itr 96, LL= -2665083.845659 (12.726374). Anneal status: T=0.00, dE=44.20, candidate was rejected
Itr 97, LL= -2665051.542411 (12.120912). Anneal status: T=0.00, dE=57.35, candidate was rejected
Itr 98, LL= -2665014.738370 (13.809880). Anneal status: T=0.00, dE=94.47, candidate was rejected
Itr 99, LL= -2664977.317275 (14.041609). Anneal status: T=0.00, dE=64.21, candidate was rejected
Itr 100, LL= -2664940.064894 (13.978498). Anneal status: T=0.00, dE=41.26, candidate was rejected
Itr 101, LL= -2664898.258827 (15.687432). Anneal status: T=0.00, dE=64.84, candidate was rejected
Itr 102, LL= -2664855.338706 (16.105726). Anneal status: T=0.00, dE=79.53, candidate was rejected
Itr 103, LL= -2664820.220780 (13.178174). Anneal status: T=0.00, dE=62.21, candidate was rejected
Itr 104, LL= -2664785.320661 (13.096613). Anneal status: T=0.00, dE=102.83, candidate was rejected
Itr 105, LL= -2664740.195565 (16.933858). Anneal status: T=0.00, dE=89.49, candidate was rejected
Itr 106, LL= -2664703.996021 (13.584643). Anneal status: T=0.00, dE=93.73, candidate was rejected
Itr 107, LL= -2664677.964560 (9.768988). Anneal status: T=0.00, dE=182.08, candidate was rejected
Itr 108, LL= -2664655.333165 (8.493107). Anneal status: T=0.00, dE=113.41, candidate was rejected
Itr 109, LL= -2664632.744532 (8.477131). Anneal status: T=0.00, dE=50.69, candidate was rejected
Itr 110, LL= -2664610.027763 (8.525291). Anneal status: T=0.00, dE=116.09, candidate was rejected
Itr 111, LL= -2664571.041481 (14.631140). Anneal status: T=0.00, dE=99.10, candidate was rejected
Itr 112, LL= -2664549.780156 (7.979268). Anneal status: T=0.00, dE=57.43, candidate was rejected
Itr 113, LL= -2664537.381562 (4.653167). Anneal status: T=0.00, dE=136.56, candidate was rejected
Itr 114, LL= -2664528.278293 (3.416454). Anneal status: T=0.00, dE=298.92, candidate was rejected
Itr 115, LL= -2664521.037756 (2.717381). Anneal status: T=0.00, dE=111.36, candidate was rejected
Itr 116, LL= -2664514.996865 (2.267158). Anneal status: T=0.00, dE=64.34, candidate was rejected
Itr 117, LL= -2664509.957498 (1.891289). Anneal status: T=0.00, dE=67.84, candidate was rejected
Itr 118, LL= -2664505.232282 (1.773390). Anneal status: T=0.00, dE=65.42, candidate was rejected
Itr 119, LL= -2664493.539825 (4.388228). Anneal status: T=0.00, dE=174.36, candidate was rejected
Itr 120, LL= -2664484.780852 (3.287294). Anneal status: T=0.00, dE=31.84, candidate was rejected
Itr 121, LL= -2664480.470931 (1.617544). Anneal status: T=0.00, dE=53.10, candidate was rejected
Itr 122, LL= -2664477.776173 (1.011363). Anneal status: T=0.00, dE=61.46, candidate was rejected
Itr 123, LL= -2664475.598942 (0.817132). Anneal status: T=0.00, dE=8.62, candidate was rejected
Itr 124, LL= -2664473.844838 (0.658330). Anneal status: T=0.00, dE=23.66, candidate was rejected
Itr 125, LL= -2664472.338674 (0.565276). Anneal status: T=0.00, dE=29.12, candidate was rejected
-- Annealing statistics:
Portion of times candidate was better: 0.000000
Portion of times candidate was chosen by chance: 0.016000
--
>> Your MATLAB session has timed out.  All license keys have been returned.
