My SLURM_ARRAY_TASK_ID:  28

                            < M A T L A B (R) >
                  Copyright 1984-2014 The MathWorks, Inc.
                   R2014b (8.4.0.150421) 64-bit (glnxa64)
                             September 15, 2014

 
For online documentation, see http://www.mathworks.com/support
For product information, visit www.mathworks.com.
 
EM for 28 states, 100 emission nodes. 12 observed values.
            gibbs: 0
    nGibbsItrPcnt: 0.8000
     annealParams: {}
           maxItr: 500
      convergeEps: 1.0000e-06
           minItr: 5
       parametric: 0
        initprobs: []
      persistBias: 0
          obsVals: []

- Initalized simulated annealing with params:
                     type: 'linear'
    max_chance_accpetance: 0.2000
             min_duration: 5
        min_init_duration: 5
             max_duration: 11
              converge_th: 1.0000e-06

--
Itr 1, LL= -16006444.817044 (Inf). Anneal status: T=NaN, dE=-583.07, collecting statistics
Itr 2, LL= -2806897.110919 (Inf). Anneal status: T=NaN, dE=-813.16, collecting statistics
Itr 3, LL= -2774990.692512 (Inf). Anneal status: T=NaN, dE=-591.52, collecting statistics
Itr 4, LL= -2736517.927795 (13864.105858). Anneal status: T=NaN, dE=-830.10, collecting statistics
Itr 5, LL= -2705811.935121 (11220.826424). Anneal status: T=NaN, dE=-78.46, collecting statistics
Itr 6, LL= -2687830.593281 (6645.451447). Anneal status: T=NaN, dE=-344.79, collecting statistics
Itr 7, LL= -2678049.319015 (3639.096263). Anneal status: T=NaN, dE=-52.62, collecting statistics
Itr 8, LL= -2672212.662158 (2179.443379). Anneal status: T=NaN, dE=-62.81, collecting statistics
Itr 9, LL= -2668177.422912 (1510.074143). Anneal status: T=NaN, dE=19.92, collecting statistics
Itr 10, LL= -2664931.586777 (1216.499363). Anneal status: T=NaN, dE=4.26, collecting statistics
Itr 11, LL= -2662010.440634 (1096.143014). Anneal status: T=NaN, dE=26.05, collecting statistics
Itr 12, LL= -2659514.872332 (937.475024). Anneal status: T=2.47, dE=60.45, candidate was rejected
Itr 13, LL= -2657535.190369 (744.377098). Anneal status: T=2.47, dE=43.36, candidate was rejected
Itr 14, LL= -2656022.719399 (569.125472). Anneal status: T=2.47, dE=69.47, candidate was rejected
Itr 15, LL= -2654906.582990 (420.228487). Anneal status: T=2.47, dE=24.66, candidate was rejected
Itr 16, LL= -2654067.972439 (315.871962). Anneal status: T=2.47, dE=28.58, candidate was rejected
Itr 17, LL= -2653465.047899 (227.169970). Anneal status: T=2.22, dE=36.76, candidate was rejected
Itr 18, LL= -2653011.422109 (170.956007). Anneal status: T=2.22, dE=36.18, candidate was rejected
Itr 19, LL= -2652609.542590 (151.480508). Anneal status: T=2.22, dE=21.87, candidate was rejected
Itr 20, LL= -2652228.014229 (143.831331). Anneal status: T=2.22, dE=111.97, candidate was rejected
Itr 21, LL= -2651825.247465 (151.859780). Anneal status: T=2.22, dE=58.69, candidate was rejected
Itr 22, LL= -2651412.628029 (155.598276). Anneal status: T=1.97, dE=35.88, candidate was rejected
Itr 23, LL= -2650985.103359 (161.244110). Anneal status: T=1.97, dE=97.57, candidate was rejected
Itr 24, LL= -2650609.830237 (141.559876). Anneal status: T=1.97, dE=133.53, candidate was rejected
Itr 25, LL= -2650328.653006 (106.080204). Anneal status: T=1.97, dE=3.36, candidate was chosen by chance
Itr 26, LL= -2650077.767035 (94.662211). Anneal status: T=1.97, dE=46.42, candidate was rejected
Itr 27, LL= -2649859.459468 (82.377796). Anneal status: T=1.73, dE=33.85, candidate was rejected
Itr 28, LL= -2649671.165905 (71.057943). Anneal status: T=1.73, dE=23.97, candidate was rejected
Itr 29, LL= -2649511.555650 (60.237760). Anneal status: T=1.73, dE=66.40, candidate was rejected
Itr 30, LL= -2649366.449777 (54.767028). Anneal status: T=1.73, dE=50.90, candidate was rejected
Itr 31, LL= -2649256.507199 (41.497686). Anneal status: T=1.73, dE=89.08, candidate was rejected
Itr 32, LL= -2649166.497750 (33.975362). Anneal status: T=1.48, dE=59.79, candidate was rejected
Itr 33, LL= -2649081.177029 (32.206628). Anneal status: T=1.48, dE=97.25, candidate was rejected
Itr 34, LL= -2649013.701132 (25.471434). Anneal status: T=1.48, dE=46.83, candidate was rejected
Itr 35, LL= -2648870.988483 (53.873881). Anneal status: T=1.48, dE=13.72, candidate was rejected
Itr 36, LL= -2648648.513086 (83.988763). Anneal status: T=1.48, dE=46.73, candidate was rejected
Itr 37, LL= -2648483.113355 (62.446841). Anneal status: T=1.23, dE=27.53, candidate was rejected
Itr 38, LL= -2648369.669938 (42.833355). Anneal status: T=1.23, dE=70.31, candidate was rejected
Itr 39, LL= -2648277.576648 (34.773578). Anneal status: T=1.23, dE=67.27, candidate was rejected
Itr 40, LL= -2648164.491730 (42.701308). Anneal status: T=1.23, dE=17.85, candidate was rejected
Itr 41, LL= -2648072.976094 (34.558139). Anneal status: T=1.23, dE=28.50, candidate was rejected
Itr 42, LL= -2648009.379778 (24.016074). Anneal status: T=0.99, dE=56.63, candidate was rejected
Itr 43, LL= -2647953.809409 (20.985715). Anneal status: T=0.99, dE=40.99, candidate was rejected
Itr 44, LL= -2647900.192703 (20.248354). Anneal status: T=0.99, dE=45.76, candidate was rejected
Itr 45, LL= -2647861.248101 (14.707730). Anneal status: T=0.99, dE=124.77, candidate was rejected
Itr 46, LL= -2647827.268236 (12.832948). Anneal status: T=0.99, dE=99.14, candidate was rejected
Itr 47, LL= -2647796.328222 (11.685057). Anneal status: T=0.74, dE=102.80, candidate was rejected
Itr 48, LL= -2647765.359513 (11.696031). Anneal status: T=0.74, dE=46.10, candidate was rejected
Itr 49, LL= -2647727.800557 (14.185153). Anneal status: T=0.74, dE=42.95, candidate was rejected
Itr 50, LL= -2647693.608830 (12.913611). Anneal status: T=0.74, dE=34.88, candidate was rejected
Itr 51, LL= -2647662.899150 (11.598653). Anneal status: T=0.74, dE=56.65, candidate was rejected
Itr 52, LL= -2647634.138702 (10.862579). Anneal status: T=0.49, dE=42.55, candidate was rejected
Itr 53, LL= -2647602.186961 (12.068035). Anneal status: T=0.49, dE=21.08, candidate was rejected
Itr 54, LL= -2647571.791361 (11.480426). Anneal status: T=0.49, dE=35.59, candidate was rejected
Itr 55, LL= -2647537.693327 (12.878984). Anneal status: T=0.49, dE=8.25, candidate was rejected
Itr 56, LL= -2647503.326958 (12.980502). Anneal status: T=0.49, dE=20.97, candidate was rejected
Itr 57, LL= -2647478.268792 (9.464829). Anneal status: T=0.25, dE=28.71, candidate was rejected
Itr 58, LL= -2647453.132031 (9.494605). Anneal status: T=0.25, dE=102.90, candidate was rejected
Itr 59, LL= -2647428.487828 (9.308646). Anneal status: T=0.25, dE=8.65, candidate was rejected
Itr 60, LL= -2647402.231223 (9.917777). Anneal status: T=0.25, dE=29.00, candidate was rejected
Itr 61, LL= -2647374.142923 (10.609759). Anneal status: T=0.25, dE=34.97, candidate was rejected
Itr 62, LL= -2647343.203213 (11.686943). Anneal status: T=0.00, dE=33.40, candidate was rejected
Itr 63, LL= -2647312.722699 (11.513624). Anneal status: T=0.00, dE=48.41, candidate was rejected
Itr 64, LL= -2647282.922230 (11.256875). Anneal status: T=0.00, dE=115.21, candidate was rejected
Itr 65, LL= -2647250.756592 (12.150435). Anneal status: T=0.00, dE=15.60, candidate was rejected
Itr 66, LL= -2647212.935203 (14.287044). Anneal status: T=0.00, dE=55.82, candidate was rejected
Itr 67, LL= -2647168.629193 (16.736852). Anneal status: T=0.00, dE=35.05, candidate was rejected
Itr 68, LL= -2647141.411059 (10.281980). Anneal status: T=0.00, dE=90.62, candidate was rejected
Itr 69, LL= -2647116.331701 (9.474128). Anneal status: T=0.00, dE=63.88, candidate was rejected
Itr 70, LL= -2647087.805337 (10.776392). Anneal status: T=0.00, dE=68.04, candidate was rejected
Itr 71, LL= -2647050.324594 (14.159237). Anneal status: T=0.00, dE=88.01, candidate was rejected
Itr 72, LL= -2647020.647426 (11.211410). Anneal status: T=0.00, dE=23.79, candidate was rejected
Itr 73, LL= -2646995.351121 (9.556520). Anneal status: T=0.00, dE=32.97, candidate was rejected
Itr 74, LL= -2646968.016178 (10.326781). Anneal status: T=0.00, dE=8.58, candidate was rejected
Itr 75, LL= -2646944.503997 (8.882685). Anneal status: T=0.00, dE=3.03, candidate was rejected
Itr 76, LL= -2646921.956088 (8.518467). Anneal status: T=0.00, dE=56.70, candidate was rejected
Itr 77, LL= -2646901.678223 (7.660923). Anneal status: T=0.00, dE=65.43, candidate was rejected
Itr 78, LL= -2646883.210911 (6.976954). Anneal status: T=0.00, dE=85.89, candidate was rejected
Itr 79, LL= -2646865.758511 (6.593566). Anneal status: T=0.00, dE=20.20, candidate was rejected
Itr 80, LL= -2646849.618279 (6.097866). Anneal status: T=0.00, dE=75.95, candidate was rejected
Itr 81, LL= -2646833.428505 (6.116620). Anneal status: T=0.00, dE=105.65, candidate was rejected
Itr 82, LL= -2646817.095986 (6.170588). Anneal status: T=0.00, dE=19.91, candidate was rejected
Itr 83, LL= -2646801.644419 (5.837792). Anneal status: T=0.00, dE=28.70, candidate was rejected
Itr 84, LL= -2646787.900789 (5.192543). Anneal status: T=0.00, dE=16.96, candidate was rejected
Itr 85, LL= -2646775.344812 (4.743854). Anneal status: T=0.00, dE=62.12, candidate was rejected
Itr 86, LL= -2646762.063808 (5.017806). Anneal status: T=0.00, dE=31.55, candidate was rejected
Itr 87, LL= -2646751.850480 (3.858801). Anneal status: T=0.00, dE=49.44, candidate was rejected
Itr 88, LL= -2646743.573195 (3.127337). Anneal status: T=0.00, dE=61.98, candidate was rejected
Itr 89, LL= -2646735.507229 (3.047505). Anneal status: T=0.00, dE=7.55, candidate was rejected
Itr 90, LL= -2646724.894332 (4.009806). Anneal status: T=0.00, dE=50.54, candidate was rejected
Itr 91, LL= -2646699.322800 (9.661575). Anneal status: T=0.00, dE=44.60, candidate was rejected
Itr 92, LL= -2646681.514647 (6.728438). Anneal status: T=0.00, dE=79.97, candidate was rejected
Itr 93, LL= -2646675.309055 (2.344669). Anneal status: T=0.00, dE=6.19, candidate was rejected
Itr 94, LL= -2646669.806265 (2.079133). Anneal status: T=0.00, dE=106.32, candidate was rejected
Itr 95, LL= -2646662.338855 (2.821436). Anneal status: T=0.00, dE=67.26, candidate was rejected
Itr 96, LL= -2646654.879314 (2.818471). Anneal status: T=0.00, dE=53.53, candidate was rejected
Itr 97, LL= -2646650.185487 (1.773494). Anneal status: T=0.00, dE=5.26, candidate was rejected
Itr 98, LL= -2646645.815262 (1.651229). Anneal status: T=0.00, dE=137.85, candidate was rejected
Itr 99, LL= -2646642.217048 (1.359537). Anneal status: T=0.00, dE=12.36, candidate was rejected
Itr 100, LL= -2646638.208023 (1.514759). Anneal status: T=0.00, dE=63.92, candidate was rejected
Itr 101, LL= -2646633.222751 (1.883624). Anneal status: T=0.00, dE=69.95, candidate was rejected
Itr 102, LL= -2646628.804003 (1.669573). Anneal status: T=0.00, dE=102.96, candidate was rejected
Itr 103, LL= -2646616.778468 (4.543718). Anneal status: T=0.00, dE=51.96, candidate was rejected
Itr 104, LL= -2646612.454643 (1.633718). Anneal status: T=0.00, dE=28.97, candidate was rejected
Itr 105, LL= -2646608.433961 (1.519181). Anneal status: T=0.00, dE=85.72, candidate was rejected
Itr 106, LL= -2646603.729070 (1.777706). Anneal status: T=0.00, dE=83.93, candidate was rejected
Itr 107, LL= -2646601.103219 (0.992159). Anneal status: T=0.00, dE=46.31, candidate was rejected
Itr 108, LL= -2646598.402885 (1.020303). Anneal status: T=0.00, dE=83.30, candidate was rejected
Itr 109, LL= -2646591.473136 (2.618361). Anneal status: T=0.00, dE=36.21, candidate was rejected
Itr 110, LL= -2646587.599464 (1.463646). Anneal status: T=0.00, dE=30.41, candidate was rejected
Itr 111, LL= -2646585.453247 (0.810937). Anneal status: T=0.00, dE=109.69, candidate was rejected
Itr 112, LL= -2646583.394038 (0.778062). Anneal status: T=0.00, dE=58.25, candidate was rejected
Itr 113, LL= -2646576.577934 (2.575435). Anneal status: T=0.00, dE=100.89, candidate was rejected
Itr 114, LL= -2646569.268012 (2.762029). Anneal status: T=0.00, dE=36.38, candidate was rejected
Itr 115, LL= -2646564.269214 (1.888784). Anneal status: T=0.00, dE=94.54, candidate was rejected
Itr 116, LL= -2646561.206475 (1.157251). Anneal status: T=0.00, dE=91.34, candidate was rejected
Itr 117, LL= -2646559.126835 (0.785789). Anneal status: T=0.00, dE=48.68, candidate was rejected
Itr 118, LL= -2646554.922019 (1.588786). Anneal status: T=0.00, dE=17.53, candidate was rejected
Itr 119, LL= -2646542.233206 (4.794464). Anneal status: T=0.00, dE=19.98, candidate was rejected
Itr 120, LL= -2646537.953057 (1.617261). Anneal status: T=0.00, dE=42.17, candidate was rejected
Itr 121, LL= -2646535.932259 (0.763563). Anneal status: T=0.00, dE=45.20, candidate was rejected
Itr 122, LL= -2646534.294098 (0.618983). Anneal status: T=0.00, dE=41.40, candidate was rejected
Itr 123, LL= -2646532.283148 (0.759843). Anneal status: T=0.00, dE=44.19, candidate was rejected
-- Annealing statistics:
Portion of times candidate was better: 0.000000
Portion of times candidate was chosen by chance: 0.008130
--
EM for 28 states, 100 emission nodes. 12 observed values.
            gibbs: 0
    nGibbsItrPcnt: 0.8000
     annealParams: {}
           maxItr: 500
      convergeEps: 1.0000e-06
           minItr: 5
       parametric: 0
        initprobs: []
      persistBias: 0
          obsVals: []

- Initalized simulated annealing with params:
                     type: 'linear'
    max_chance_accpetance: 0.2000
             min_duration: 5
        min_init_duration: 5
             max_duration: 11
              converge_th: 1.0000e-06

--
Itr 1, LL= -16021612.862326 (Inf). Anneal status: T=NaN, dE=-548.69, collecting statistics
Itr 2, LL= -2807040.538704 (Inf). Anneal status: T=NaN, dE=-19.08, collecting statistics
Itr 3, LL= -2769265.950872 (Inf). Anneal status: T=NaN, dE=-889.51, collecting statistics
Itr 4, LL= -2723419.406245 (16555.486342). Anneal status: T=NaN, dE=-907.87, collecting statistics
Itr 5, LL= -2697055.130083 (9680.578798). Anneal status: T=NaN, dE=-129.28, collecting statistics
Itr 6, LL= -2682611.620589 (5355.288935). Anneal status: T=NaN, dE=-191.86, collecting statistics
Itr 7, LL= -2672737.305748 (3680.858893). Anneal status: T=NaN, dE=-52.05, collecting statistics
Itr 8, LL= -2665914.724205 (2552.656981). Anneal status: T=NaN, dE=-54.94, collecting statistics
Itr 9, LL= -2661265.376013 (1743.997342). Anneal status: T=NaN, dE=46.36, collecting statistics
Itr 10, LL= -2658080.689925 (1196.681142). Anneal status: T=NaN, dE=39.27, collecting statistics
Itr 11, LL= -2655856.991809 (836.580366). Anneal status: T=NaN, dE=72.29, collecting statistics
Itr 12, LL= -2654212.424769 (619.222739). Anneal status: T=23.96, dE=89.67, candidate was rejected
Itr 13, LL= -2652987.152852 (461.632952). Anneal status: T=23.96, dE=17.61, candidate was rejected
Itr 14, LL= -2652090.439774 (338.001289). Anneal status: T=23.96, dE=35.20, candidate was rejected
Itr 15, LL= -2651418.358369 (253.415719). Anneal status: T=23.96, dE=8.85, candidate was rejected
Itr 16, LL= -2650930.569039 (183.972978). Anneal status: T=23.96, dE=53.17, candidate was rejected
Itr 17, LL= -2650504.583370 (160.692881). Anneal status: T=21.57, dE=23.54, candidate was rejected
Itr 18, LL= -2650173.301195 (124.988343). Anneal status: T=21.57, dE=72.10, candidate was rejected
Itr 19, LL= -2649900.726363 (102.851701). Anneal status: T=21.57, dE=52.58, candidate was rejected
Itr 20, LL= -2649673.036551 (85.923902). Anneal status: T=21.57, dE=31.59, candidate was rejected
Itr 21, LL= -2649475.734183 (74.462911). Anneal status: T=21.57, dE=88.79, candidate was rejected
Itr 22, LL= -2649301.433096 (65.787010). Anneal status: T=19.17, dE=43.57, candidate was rejected
Itr 23, LL= -2649141.789349 (60.258808). Anneal status: T=19.17, dE=85.40, candidate was rejected
Itr 24, LL= -2649002.681024 (52.510713). Anneal status: T=19.17, dE=69.83, candidate was rejected
Itr 25, LL= -2648908.063236 (35.718268). Anneal status: T=19.17, dE=29.96, candidate was chosen by chance
Itr 26, LL= -2648773.451005 (50.818008). Anneal status: T=19.17, dE=63.90, candidate was rejected
Itr 27, LL= -2648668.972732 (39.444020). Anneal status: T=16.77, dE=31.26, candidate was rejected
Itr 28, LL= -2648566.099808 (38.839479). Anneal status: T=16.77, dE=66.75, candidate was rejected
Itr 29, LL= -2648461.873252 (39.352069). Anneal status: T=16.77, dE=72.39, candidate was rejected
Itr 30, LL= -2648368.609844 (35.214178). Anneal status: T=16.77, dE=76.64, candidate was rejected
Itr 31, LL= -2648291.829987 (28.991378). Anneal status: T=16.77, dE=24.73, candidate was rejected
Itr 32, LL= -2648223.984425 (25.618613). Anneal status: T=14.38, dE=43.70, candidate was rejected
Itr 33, LL= -2648170.296821 (20.273060). Anneal status: T=14.38, dE=70.82, candidate was rejected
Itr 34, LL= -2648140.350822 (11.308185). Anneal status: T=14.38, dE=21.72, candidate was chosen by chance
Itr 35, LL= -2648074.574210 (24.838794). Anneal status: T=14.38, dE=29.82, candidate was rejected
Itr 36, LL= -2648026.481706 (18.161310). Anneal status: T=14.38, dE=54.18, candidate was rejected
Itr 37, LL= -2647985.295742 (15.553456). Anneal status: T=11.98, dE=6.75, candidate was chosen by chance
Itr 38, LL= -2647925.504597 (22.579863). Anneal status: T=11.98, dE=12.89, candidate was rejected
Itr 39, LL= -2647892.503960 (12.462827). Anneal status: T=11.98, dE=9.09, candidate was chosen by chance
Itr 40, LL= -2647847.467009 (17.008603). Anneal status: T=11.98, dE=69.06, candidate was rejected
Itr 41, LL= -2647812.791143 (13.095870). Anneal status: T=11.98, dE=36.62, candidate was rejected
Itr 42, LL= -2647778.746421 (12.857677). Anneal status: T=9.59, dE=42.86, candidate was rejected
Itr 43, LL= -2647743.366265 (13.362202). Anneal status: T=9.59, dE=77.94, candidate was rejected
Itr 44, LL= -2647714.982802 (10.719869). Anneal status: T=9.59, dE=70.55, candidate was rejected
Itr 45, LL= -2647689.811018 (9.506984). Anneal status: T=9.59, dE=50.69, candidate was rejected
Itr 46, LL= -2647656.734919 (12.492437). Anneal status: T=9.59, dE=61.91, candidate was rejected
Itr 47, LL= -2647639.076640 (6.669399). Anneal status: T=7.19, dE=10.85, candidate was chosen by chance
Itr 48, LL= -2647599.689218 (14.876432). Anneal status: T=7.19, dE=89.47, candidate was rejected
Itr 49, LL= -2647565.630642 (12.863945). Anneal status: T=7.19, dE=89.38, candidate was rejected
Itr 50, LL= -2647531.148841 (13.023964). Anneal status: T=7.19, dE=41.18, candidate was rejected
Itr 51, LL= -2647496.671444 (13.022471). Anneal status: T=7.19, dE=57.31, candidate was rejected
Itr 52, LL= -2647466.027522 (11.574678). Anneal status: T=4.79, dE=55.57, candidate was rejected
Itr 53, LL= -2647435.628764 (11.482209). Anneal status: T=4.79, dE=31.34, candidate was rejected
Itr 54, LL= -2647408.939568 (10.081150). Anneal status: T=4.79, dE=26.25, candidate was rejected
Itr 55, LL= -2647383.743194 (9.517371). Anneal status: T=4.79, dE=52.48, candidate was rejected
Itr 56, LL= -2647356.456189 (10.307159). Anneal status: T=4.79, dE=74.29, candidate was rejected
Itr 57, LL= -2647329.926866 (10.021062). Anneal status: T=2.40, dE=34.34, candidate was rejected
Itr 58, LL= -2647305.199652 (9.340436). Anneal status: T=2.40, dE=53.72, candidate was rejected
Itr 59, LL= -2647282.969181 (8.397396). Anneal status: T=2.40, dE=66.54, candidate was rejected
Itr 60, LL= -2647262.673428 (7.666635). Anneal status: T=2.40, dE=117.10, candidate was rejected
Itr 61, LL= -2647241.639904 (7.945386). Anneal status: T=2.40, dE=52.06, candidate was rejected
Itr 62, LL= -2647219.524356 (8.354186). Anneal status: T=0.00, dE=73.51, candidate was rejected
Itr 63, LL= -2647196.639758 (8.644768). Anneal status: T=0.00, dE=25.99, candidate was rejected
Itr 64, LL= -2647180.669704 (6.032817). Anneal status: T=0.00, dE=104.08, candidate was rejected
Itr 65, LL= -2647163.319810 (6.554103). Anneal status: T=0.00, dE=35.10, candidate was rejected
Itr 66, LL= -2647149.399766 (5.258476). Anneal status: T=0.00, dE=57.09, candidate was rejected
Itr 67, LL= -2647137.057364 (4.662526). Anneal status: T=0.00, dE=47.05, candidate was rejected
Itr 68, LL= -2647123.135247 (5.259311). Anneal status: T=0.00, dE=56.34, candidate was rejected
Itr 69, LL= -2647105.112947 (6.808259). Anneal status: T=0.00, dE=22.99, candidate was rejected
Itr 70, LL= -2647094.606532 (3.969021). Anneal status: T=0.00, dE=74.91, candidate was rejected
Itr 71, LL= -2647085.679828 (3.372265). Anneal status: T=0.00, dE=22.29, candidate was rejected
Itr 72, LL= -2647077.532211 (3.077958). Anneal status: T=0.00, dE=84.65, candidate was rejected
Itr 73, LL= -2647070.002840 (2.844409). Anneal status: T=0.00, dE=3.27, candidate was rejected
Itr 74, LL= -2647062.687655 (2.763503). Anneal status: T=0.00, dE=39.32, candidate was rejected
Itr 75, LL= -2647055.918392 (2.557273). Anneal status: T=0.00, dE=64.84, candidate was rejected
Itr 76, LL= -2647048.918524 (2.644398). Anneal status: T=0.00, dE=27.24, candidate was rejected
Itr 77, LL= -2647040.696453 (3.106127). Anneal status: T=0.00, dE=89.42, candidate was rejected
Itr 78, LL= -2647032.322335 (3.163578). Anneal status: T=0.00, dE=125.33, candidate was rejected
Itr 79, LL= -2647023.114594 (3.478515). Anneal status: T=0.00, dE=50.71, candidate was rejected
Itr 80, LL= -2647000.448784 (8.562755). Anneal status: T=0.00, dE=2.40, candidate was rejected
Itr 81, LL= -2646991.657338 (3.321286). Anneal status: T=0.00, dE=14.04, candidate was rejected
Itr 82, LL= -2646983.769638 (2.979873). Anneal status: T=0.00, dE=82.68, candidate was rejected
Itr 83, LL= -2646976.125664 (2.887805). Anneal status: T=0.00, dE=58.73, candidate was rejected
Itr 84, LL= -2646969.282208 (2.585386). Anneal status: T=0.00, dE=9.69, candidate was rejected
Itr 85, LL= -2646963.185196 (2.303394). Anneal status: T=0.00, dE=30.34, candidate was rejected
Itr 86, LL= -2646957.115518 (2.293072). Anneal status: T=0.00, dE=11.03, candidate was rejected
Itr 87, LL= -2646946.766119 (3.909923). Anneal status: T=0.00, dE=32.48, candidate was rejected
Itr 88, LL= -2646938.014955 (3.306135). Anneal status: T=0.00, dE=69.70, candidate was rejected
Itr 89, LL= -2646929.711247 (3.137100). Anneal status: T=0.00, dE=41.60, candidate was rejected
Itr 90, LL= -2646920.175029 (3.602747). Anneal status: T=0.00, dE=17.22, candidate was rejected
Itr 91, LL= -2646913.063985 (2.686535). Anneal status: T=0.00, dE=62.62, candidate was rejected
Itr 92, LL= -2646902.964670 (3.815507). Anneal status: T=0.00, dE=59.81, candidate was rejected
Itr 93, LL= -2646890.384893 (4.752640). Anneal status: T=0.00, dE=33.61, candidate was rejected
Itr 94, LL= -2646882.655312 (2.920250). Anneal status: T=0.00, dE=47.96, candidate was rejected
Itr 95, LL= -2646875.934135 (2.539280). Anneal status: T=0.00, dE=76.55, candidate was rejected
Itr 96, LL= -2646869.061088 (2.596664). Anneal status: T=0.00, dE=46.03, candidate was rejected
Itr 97, LL= -2646862.476048 (2.487860). Anneal status: T=0.00, dE=26.66, candidate was rejected
Itr 98, LL= -2646856.946046 (2.089267). Anneal status: T=0.00, dE=52.43, candidate was rejected
Itr 99, LL= -2646851.652136 (2.000074). Anneal status: T=0.00, dE=13.63, candidate was rejected
Itr 100, LL= -2646846.936756 (1.781505). Anneal status: T=0.00, dE=75.60, candidate was rejected
Itr 101, LL= -2646842.557137 (1.654655). Anneal status: T=0.00, dE=102.64, candidate was rejected
Itr 102, LL= -2646838.522586 (1.524288). Anneal status: T=0.00, dE=86.11, candidate was rejected
Itr 103, LL= -2646835.250931 (1.236062). Anneal status: T=0.00, dE=32.73, candidate was rejected
Itr 104, LL= -2646832.530771 (1.027703). Anneal status: T=0.00, dE=110.82, candidate was rejected
Itr 105, LL= -2646829.958570 (0.971804). Anneal status: T=0.00, dE=63.51, candidate was rejected
Itr 106, LL= -2646827.432415 (0.954408). Anneal status: T=0.00, dE=87.05, candidate was rejected
Itr 107, LL= -2646824.984544 (0.924832). Anneal status: T=0.00, dE=88.80, candidate was rejected
-- Annealing statistics:
Portion of times candidate was better: 0.000000
Portion of times candidate was chosen by chance: 0.046729
--
Your MATLAB session has timed out.  All license keys have been returned.
EM for 28 states, 100 emission nodes. 12 observed values.
            gibbs: 0
    nGibbsItrPcnt: 0.8000
     annealParams: {}
           maxItr: 500
      convergeEps: 1.0000e-06
           minItr: 5
       parametric: 0
        initprobs: []
      persistBias: 0
          obsVals: []

- Initalized simulated annealing with params:
                     type: 'linear'
    max_chance_accpetance: 0.2000
             min_duration: 5
        min_init_duration: 5
             max_duration: 11
              converge_th: 1.0000e-06

--
Itr 1, LL= -16110952.169901 (Inf). Anneal status: T=NaN, dE=-6325.98, collecting statistics
Itr 2, LL= -2800259.196040 (Inf). Anneal status: T=NaN, dE=-9.87, collecting statistics
Itr 3, LL= -2750019.416555 (Inf). Anneal status: T=NaN, dE=-550.18, collecting statistics
Itr 4, LL= -2711040.182968 (14174.166681). Anneal status: T=NaN, dE=-57.91, collecting statistics
Itr 5, LL= -2690011.605160 (7756.645563). Anneal status: T=NaN, dE=-250.23, collecting statistics
Itr 6, LL= -2676417.322639 (5053.614823). Anneal status: T=NaN, dE=-231.71, collecting statistics
Itr 7, LL= -2667299.408452 (3406.761012). Anneal status: T=NaN, dE=-100.14, collecting statistics
Itr 8, LL= -2661443.720071 (2195.362231). Anneal status: T=NaN, dE=-41.55, collecting statistics
Itr 9, LL= -2657562.189664 (1458.430392). Anneal status: T=NaN, dE=31.73, collecting statistics
Itr 10, LL= -2654860.300284 (1016.679643). Anneal status: T=NaN, dE=131.47, collecting statistics
Itr 11, LL= -2652823.122307 (767.339049). Anneal status: T=NaN, dE=79.66, collecting statistics
Itr 12, LL= -2651257.152772 (590.303033). Anneal status: T=9.50, dE=20.80, candidate was rejected
Itr 13, LL= -2650022.288754 (465.765464). Anneal status: T=9.50, dE=39.75, candidate was rejected
Itr 14, LL= -2648940.465414 (408.231789). Anneal status: T=9.50, dE=65.13, candidate was rejected
Itr 15, LL= -2647990.119632 (358.764492). Anneal status: T=9.50, dE=83.02, candidate was rejected
Itr 16, LL= -2647183.459554 (304.631075). Anneal status: T=9.50, dE=155.50, candidate was rejected
Itr 17, LL= -2646532.249511 (246.001100). Anneal status: T=8.55, dE=61.56, candidate was rejected
Itr 18, LL= -2646010.318466 (197.213182). Anneal status: T=8.55, dE=45.80, candidate was rejected
Itr 19, LL= -2645574.109255 (164.855446). Anneal status: T=8.55, dE=63.53, candidate was rejected
Itr 20, LL= -2645213.170332 (136.431227). Anneal status: T=8.55, dE=28.18, candidate was rejected
Itr 21, LL= -2644907.770223 (115.453875). Anneal status: T=8.55, dE=34.78, candidate was rejected
Itr 22, LL= -2644631.274817 (104.538770). Anneal status: T=7.60, dE=150.34, candidate was rejected
Itr 23, LL= -2644368.899103 (99.210698). Anneal status: T=7.60, dE=26.94, candidate was rejected
Itr 24, LL= -2644112.368381 (97.010187). Anneal status: T=7.60, dE=21.77, candidate was rejected
Itr 25, LL= -2643876.505960 (89.202874). Anneal status: T=7.60, dE=65.65, candidate was rejected
Itr 26, LL= -2643656.584030 (83.181620). Anneal status: T=7.60, dE=64.68, candidate was rejected
Itr 27, LL= -2643435.914651 (83.471272). Anneal status: T=6.65, dE=41.23, candidate was rejected
Itr 28, LL= -2643241.893531 (73.397323). Anneal status: T=6.65, dE=113.17, candidate was rejected
Itr 29, LL= -2643064.298249 (67.188433). Anneal status: T=6.65, dE=62.72, candidate was rejected
Itr 30, LL= -2642884.300270 (68.102005). Anneal status: T=6.65, dE=32.59, candidate was rejected
Itr 31, LL= -2642708.548973 (66.499807). Anneal status: T=6.65, dE=111.94, candidate was rejected
Itr 32, LL= -2642545.382397 (61.742176). Anneal status: T=5.70, dE=81.27, candidate was rejected
Itr 33, LL= -2642388.228219 (59.470758). Anneal status: T=5.70, dE=60.28, candidate was rejected
Itr 34, LL= -2642244.008877 (54.579165). Anneal status: T=5.70, dE=55.97, candidate was rejected
Itr 35, LL= -2642089.583403 (58.444819). Anneal status: T=5.70, dE=55.86, candidate was rejected
Itr 36, LL= -2641915.570557 (65.861827). Anneal status: T=5.70, dE=35.73, candidate was rejected
Itr 37, LL= -2641723.174036 (72.824629). Anneal status: T=4.75, dE=94.38, candidate was rejected
Itr 38, LL= -2641526.055690 (74.617336). Anneal status: T=4.75, dE=71.71, candidate was rejected
Itr 39, LL= -2641339.797889 (70.511438). Anneal status: T=4.75, dE=59.38, candidate was rejected
Itr 40, LL= -2641159.688161 (68.188776). Anneal status: T=4.75, dE=42.48, candidate was rejected
Itr 41, LL= -2641002.502573 (59.513852). Anneal status: T=4.75, dE=90.84, candidate was rejected
Itr 42, LL= -2640876.940970 (47.543160). Anneal status: T=3.80, dE=65.28, candidate was rejected
Itr 43, LL= -2640769.975815 (40.503650). Anneal status: T=3.80, dE=62.37, candidate was rejected
Itr 44, LL= -2640667.211666 (38.914464). Anneal status: T=3.80, dE=75.58, candidate was rejected
Itr 45, LL= -2640563.821426 (39.153074). Anneal status: T=3.80, dE=68.19, candidate was rejected
Itr 46, LL= -2640467.325040 (36.543857). Anneal status: T=3.80, dE=24.15, candidate was rejected
Itr 47, LL= -2640387.613018 (30.188604). Anneal status: T=2.85, dE=28.83, candidate was rejected
Itr 48, LL= -2640311.923212 (28.666172). Anneal status: T=2.85, dE=63.03, candidate was rejected
Itr 49, LL= -2640237.938492 (28.021204). Anneal status: T=2.85, dE=49.09, candidate was rejected
Itr 50, LL= -2640174.820498 (23.906176). Anneal status: T=2.85, dE=45.51, candidate was rejected
Itr 51, LL= -2640124.797665 (18.946788). Anneal status: T=2.85, dE=29.90, candidate was rejected
Itr 52, LL= -2640083.032142 (15.819526). Anneal status: T=1.90, dE=41.16, candidate was rejected
Itr 53, LL= -2640044.351487 (14.651303). Anneal status: T=1.90, dE=83.18, candidate was rejected
Itr 54, LL= -2640002.896807 (15.702266). Anneal status: T=1.90, dE=21.52, candidate was rejected
Itr 55, LL= -2639959.663858 (16.376099). Anneal status: T=1.90, dE=50.08, candidate was rejected
Itr 56, LL= -2639919.108797 (15.362000). Anneal status: T=1.90, dE=53.84, candidate was rejected
Itr 57, LL= -2639883.048026 (13.659802). Anneal status: T=0.95, dE=28.80, candidate was rejected
Itr 58, LL= -2639849.084119 (12.865686). Anneal status: T=0.95, dE=58.93, candidate was rejected
Itr 59, LL= -2639803.586787 (17.234823). Anneal status: T=0.95, dE=95.43, candidate was rejected
Itr 60, LL= -2639761.332351 (16.006659). Anneal status: T=0.95, dE=63.36, candidate was rejected
Itr 61, LL= -2639722.595391 (14.674418). Anneal status: T=0.95, dE=28.67, candidate was rejected
Itr 62, LL= -2639682.672505 (15.123895). Anneal status: T=0.00, dE=38.23, candidate was rejected
Itr 63, LL= -2639633.334852 (18.690751). Anneal status: T=0.00, dE=67.08, candidate was rejected
Itr 64, LL= -2639587.532634 (17.351735). Anneal status: T=0.00, dE=41.64, candidate was rejected
Itr 65, LL= -2639548.218146 (14.894179). Anneal status: T=0.00, dE=80.28, candidate was rejected
Itr 66, LL= -2639510.009213 (14.475558). Anneal status: T=0.00, dE=61.11, candidate was rejected
Itr 67, LL= -2639475.502531 (13.073139). Anneal status: T=0.00, dE=88.90, candidate was rejected
Itr 68, LL= -2639440.315311 (13.331141). Anneal status: T=0.00, dE=40.11, candidate was rejected
Itr 69, LL= -2639406.804612 (12.696138). Anneal status: T=0.00, dE=36.97, candidate was rejected
Itr 70, LL= -2639372.324359 (13.063637). Anneal status: T=0.00, dE=67.93, candidate was rejected
Itr 71, LL= -2639330.228961 (15.949019). Anneal status: T=0.00, dE=62.71, candidate was rejected
Itr 72, LL= -2639296.339639 (12.840122). Anneal status: T=0.00, dE=125.41, candidate was rejected
Itr 73, LL= -2639266.206196 (11.417226). Anneal status: T=0.00, dE=68.96, candidate was rejected
Itr 74, LL= -2639238.515483 (10.491823). Anneal status: T=0.00, dE=45.93, candidate was rejected
Itr 75, LL= -2639211.530493 (10.224536). Anneal status: T=0.00, dE=131.59, candidate was rejected
Itr 76, LL= -2639184.694142 (10.168321). Anneal status: T=0.00, dE=8.98, candidate was rejected
