My SLURM_ARRAY_TASK_ID:  27

                            < M A T L A B (R) >
                  Copyright 1984-2014 The MathWorks, Inc.
                   R2014b (8.4.0.150421) 64-bit (glnxa64)
                             September 15, 2014

 
For online documentation, see http://www.mathworks.com/support
For product information, visit www.mathworks.com.
 
EM for 27 states, 131 emission nodes. 22 observed values.
            gibbs: 0
    nGibbsItrPcnt: 0.8000
     annealParams: {}
           maxItr: 500
      convergeEps: 1.0000e-06
           minItr: 5
       parametric: 0
        initprobs: []
      persistBias: 0
          obsVals: []

- Initalized simulated annealing with params:
                     type: 'linear'
    max_chance_accpetance: 0.2000
             min_duration: 5
        min_init_duration: 5
             max_duration: 11
              converge_th: 1.0000e-06

--
Itr 1, LL= -16489863.727912 (Inf). Anneal status: T=NaN, dE=100.63, collecting statistics
Itr 2, LL= -4752517.924152 (Inf). Anneal status: T=NaN, dE=-1005.59, collecting statistics
Itr 3, LL= -4629701.059507 (Inf). Anneal status: T=NaN, dE=-835.91, collecting statistics
Itr 4, LL= -4562103.697412 (14600.804939). Anneal status: T=NaN, dE=-443.04, collecting statistics
Itr 5, LL= -4533939.158661 (6173.585832). Anneal status: T=NaN, dE=-28.65, collecting statistics
Itr 6, LL= -4521509.290740 (2741.516259). Anneal status: T=NaN, dE=44.69, collecting statistics
Itr 7, LL= -4514910.559394 (1459.408999). Anneal status: T=NaN, dE=9.58, collecting statistics
Itr 8, LL= -4510374.989207 (1004.575866). Anneal status: T=11.79, dE=85.90, candidate was rejected
Itr 9, LL= -4507164.071912 (711.895863). Anneal status: T=11.79, dE=20.59, candidate was rejected
Itr 10, LL= -4504802.719800 (523.910839). Anneal status: T=11.79, dE=61.76, candidate was rejected
Itr 11, LL= -4502836.308341 (436.514445). Anneal status: T=11.79, dE=7.86, candidate was chosen by chance
Itr 12, LL= -4501377.761501 (323.917358). Anneal status: T=11.79, dE=7.94, candidate was chosen by chance
Itr 13, LL= -4500309.573791 (237.302392). Anneal status: T=10.61, dE=40.30, candidate was rejected
Itr 14, LL= -4499372.833940 (208.150092). Anneal status: T=10.61, dE=31.58, candidate was rejected
Itr 15, LL= -4498592.254307 (173.486319). Anneal status: T=10.61, dE=51.24, candidate was rejected
Itr 16, LL= -4497848.044974 (165.431604). Anneal status: T=10.61, dE=46.92, candidate was rejected
Itr 17, LL= -4497150.338780 (155.120001). Anneal status: T=10.61, dE=58.81, candidate was rejected
Itr 18, LL= -4496338.159419 (180.598668). Anneal status: T=9.43, dE=38.15, candidate was rejected
Itr 19, LL= -4495379.495838 (213.209849). Anneal status: T=9.43, dE=25.02, candidate was rejected
Itr 20, LL= -4494153.806295 (272.655411). Anneal status: T=9.43, dE=16.21, candidate was rejected
Itr 21, LL= -4493301.931142 (189.551847). Anneal status: T=9.43, dE=33.34, candidate was rejected
Itr 22, LL= -4492876.889484 (94.594502). Anneal status: T=9.43, dE=21.95, candidate was rejected
Itr 23, LL= -4492466.244310 (91.399160). Anneal status: T=8.25, dE=18.82, candidate was rejected
Itr 24, LL= -4492159.600028 (68.257448). Anneal status: T=8.25, dE=45.15, candidate was rejected
Itr 25, LL= -4491980.671314 (39.831335). Anneal status: T=8.25, dE=31.46, candidate was rejected
Itr 26, LL= -4491838.520544 (31.645455). Anneal status: T=8.25, dE=72.95, candidate was rejected
Itr 27, LL= -4491716.475256 (27.170453). Anneal status: T=8.25, dE=69.42, candidate was rejected
Itr 28, LL= -4491616.979821 (22.150872). Anneal status: T=7.07, dE=36.03, candidate was rejected
Itr 29, LL= -4491518.022044 (22.031660). Anneal status: T=7.07, dE=43.32, candidate was rejected
Itr 30, LL= -4491450.453972 (15.043482). Anneal status: T=7.07, dE=32.10, candidate was chosen by chance
Itr 31, LL= -4491290.971939 (35.507913). Anneal status: T=7.07, dE=83.77, candidate was rejected
Itr 32, LL= -4491177.094200 (25.355235). Anneal status: T=7.07, dE=24.40, candidate was rejected
Itr 33, LL= -4491090.994689 (19.170812). Anneal status: T=5.89, dE=66.21, candidate was rejected
Itr 34, LL= -4490986.237626 (23.325527). Anneal status: T=5.89, dE=38.91, candidate was rejected
Itr 35, LL= -4490888.611184 (21.738308). Anneal status: T=5.89, dE=30.25, candidate was rejected
Itr 36, LL= -4490813.110214 (16.812034). Anneal status: T=5.89, dE=43.84, candidate was rejected
Itr 37, LL= -4490747.524190 (14.604488). Anneal status: T=5.89, dE=37.30, candidate was rejected
Itr 38, LL= -4490675.109274 (16.125359). Anneal status: T=4.72, dE=46.97, candidate was rejected
Itr 39, LL= -4490610.028079 (14.492519). Anneal status: T=4.72, dE=29.36, candidate was rejected
Itr 40, LL= -4490539.467209 (15.712981). Anneal status: T=4.72, dE=75.88, candidate was rejected
Itr 41, LL= -4490482.841200 (12.610068). Anneal status: T=4.72, dE=65.22, candidate was rejected
Itr 42, LL= -4490432.860524 (11.130357). Anneal status: T=4.72, dE=26.09, candidate was rejected
Itr 43, LL= -4490369.803385 (14.042552). Anneal status: T=3.54, dE=64.06, candidate was rejected
Itr 44, LL= -4490307.435117 (13.889339). Anneal status: T=3.54, dE=68.13, candidate was rejected
Itr 45, LL= -4490247.104368 (13.435773). Anneal status: T=3.54, dE=42.70, candidate was rejected
Itr 46, LL= -4490187.182262 (13.344946). Anneal status: T=3.54, dE=27.92, candidate was rejected
Itr 47, LL= -4490156.005379 (6.943337). Anneal status: T=3.54, dE=45.40, candidate was rejected
Itr 48, LL= -4490122.351334 (7.495072). Anneal status: T=2.36, dE=40.45, candidate was rejected
Itr 49, LL= -4490087.533832 (7.754243). Anneal status: T=2.36, dE=30.51, candidate was rejected
Itr 50, LL= -4490038.871277 (10.837774). Anneal status: T=2.36, dE=28.41, candidate was rejected
Itr 51, LL= -4490012.707627 (5.827043). Anneal status: T=2.36, dE=73.07, candidate was rejected
Itr 52, LL= -4490004.458954 (1.837116). Anneal status: T=2.36, dE=51.48, candidate was rejected
Itr 53, LL= -4489973.939265 (6.797251). Anneal status: T=1.18, dE=48.15, candidate was rejected
Itr 54, LL= -4489946.740696 (6.057623). Anneal status: T=1.18, dE=35.82, candidate was rejected
Itr 55, LL= -4489930.067215 (3.713514). Anneal status: T=1.18, dE=16.54, candidate was rejected
Itr 56, LL= -4489921.747959 (1.852870). Anneal status: T=1.18, dE=14.23, candidate was rejected
Itr 57, LL= -4489907.599157 (3.151236). Anneal status: T=1.18, dE=19.92, candidate was rejected
Itr 58, LL= -4489892.375766 (3.390580). Anneal status: T=0.00, dE=58.94, candidate was rejected
Itr 59, LL= -4489885.023182 (1.637586). Anneal status: T=0.00, dE=58.14, candidate was rejected
Itr 60, LL= -4489875.180386 (2.192216). Anneal status: T=0.00, dE=56.49, candidate was rejected
Itr 61, LL= -4489864.382923 (2.404847). Anneal status: T=0.00, dE=35.05, candidate was rejected
Itr 62, LL= -4489842.178594 (4.945434). Anneal status: T=0.00, dE=28.64, candidate was rejected
Itr 63, LL= -4489787.856233 (12.098947). Anneal status: T=0.00, dE=66.97, candidate was rejected
Itr 64, LL= -4489760.698737 (6.048726). Anneal status: T=0.00, dE=50.17, candidate was rejected
Itr 65, LL= -4489748.503899 (2.716144). Anneal status: T=0.00, dE=42.34, candidate was rejected
Itr 66, LL= -4489736.897652 (2.585055). Anneal status: T=0.00, dE=51.53, candidate was rejected
Itr 67, LL= -4489723.146439 (3.062810). Anneal status: T=0.00, dE=51.42, candidate was rejected
Itr 68, LL= -4489695.647089 (6.124955). Anneal status: T=0.00, dE=102.98, candidate was rejected
Itr 69, LL= -4489660.965774 (7.724647). Anneal status: T=0.00, dE=30.04, candidate was rejected
Itr 70, LL= -4489649.758700 (2.496196). Anneal status: T=0.00, dE=80.33, candidate was rejected
Itr 71, LL= -4489637.975313 (2.624567). Anneal status: T=0.00, dE=30.44, candidate was rejected
Itr 72, LL= -4489597.695568 (8.971713). Anneal status: T=0.00, dE=45.54, candidate was rejected
Itr 73, LL= -4489587.294778 (2.316642). Anneal status: T=0.00, dE=40.65, candidate was rejected
Itr 74, LL= -4489580.439593 (1.526908). Anneal status: T=0.00, dE=61.92, candidate was rejected
Itr 75, LL= -4489575.718654 (1.051532). Anneal status: T=0.00, dE=57.97, candidate was rejected
Itr 76, LL= -4489566.071349 (2.148823). Anneal status: T=0.00, dE=25.51, candidate was rejected
Itr 77, LL= -4489554.194160 (2.645509). Anneal status: T=0.00, dE=38.76, candidate was rejected
Itr 78, LL= -4489548.514091 (1.265174). Anneal status: T=0.00, dE=33.17, candidate was rejected
Itr 79, LL= -4489540.994584 (1.674892). Anneal status: T=0.00, dE=70.81, candidate was rejected
Itr 80, LL= -4489528.725614 (2.732789). Anneal status: T=0.00, dE=65.36, candidate was rejected
Itr 81, LL= -4489508.764230 (4.446209). Anneal status: T=0.00, dE=61.30, candidate was rejected
Itr 82, LL= -4489495.422143 (2.971837). Anneal status: T=0.00, dE=55.35, candidate was rejected
Itr 83, LL= -4489474.275321 (4.710289). Anneal status: T=0.00, dE=21.87, candidate was rejected
Itr 84, LL= -4489444.702447 (6.587158). Anneal status: T=0.00, dE=51.55, candidate was rejected
Itr 85, LL= -4489421.941324 (5.069919). Anneal status: T=0.00, dE=35.26, candidate was rejected
Itr 86, LL= -4489399.736285 (4.946080). Anneal status: T=0.00, dE=30.87, candidate was rejected
Itr 87, LL= -4489387.032803 (2.829662). Anneal status: T=0.00, dE=22.74, candidate was rejected
Itr 88, LL= -4489381.159832 (1.308190). Anneal status: T=0.00, dE=14.77, candidate was rejected
Itr 89, LL= -4489376.944336 (0.938993). Anneal status: T=0.00, dE=42.66, candidate was rejected
Itr 90, LL= -4489373.326202 (0.805932). Anneal status: T=0.00, dE=17.98, candidate was rejected
Itr 91, LL= -4489367.414170 (1.316895). Anneal status: T=0.00, dE=59.63, candidate was rejected
Itr 92, LL= -4489351.410704 (3.564748). Anneal status: T=0.00, dE=37.19, candidate was rejected
Itr 93, LL= -4489331.322975 (4.474528). Anneal status: T=0.00, dE=51.40, candidate was rejected
Itr 94, LL= -4489317.479585 (3.083620). Anneal status: T=0.00, dE=47.06, candidate was rejected
Itr 95, LL= -4489306.423756 (2.462697). Anneal status: T=0.00, dE=32.77, candidate was rejected
Itr 96, LL= -4489303.318967 (0.691597). Anneal status: T=0.00, dE=93.57, candidate was rejected
Itr 97, LL= -4489301.374377 (0.433161). Anneal status: T=0.00, dE=48.82, candidate was rejected
Itr 98, LL= -4489297.855085 (0.783929). Anneal status: T=0.00, dE=24.91, candidate was rejected
-- Annealing statistics:
Portion of times candidate was better: 0.000000
Portion of times candidate was chosen by chance: 0.030612
--
EM for 27 states, 131 emission nodes. 22 observed values.
            gibbs: 0
    nGibbsItrPcnt: 0.8000
     annealParams: {}
           maxItr: 500
      convergeEps: 1.0000e-06
           minItr: 5
       parametric: 0
        initprobs: []
      persistBias: 0
          obsVals: []

- Initalized simulated annealing with params:
                     type: 'linear'
    max_chance_accpetance: 0.2000
             min_duration: 5
        min_init_duration: 5
             max_duration: 11
              converge_th: 1.0000e-06

--
Itr 1, LL= -16340718.396098 (Inf). Anneal status: T=NaN, dE=168.01, collecting statistics
Itr 2, LL= -4771561.331070 (Inf). Anneal status: T=NaN, dE=-266.44, collecting statistics
Itr 3, LL= -4642346.953383 (Inf). Anneal status: T=NaN, dE=-368.59, collecting statistics
Itr 4, LL= -4562260.689678 (17251.244792). Anneal status: T=NaN, dE=35.61, collecting statistics
Itr 5, LL= -4534264.367488 (6136.502075). Anneal status: T=NaN, dE=62.51, collecting statistics
Itr 6, LL= -4521161.459854 (2889.753789). Anneal status: T=NaN, dE=-65.62, collecting statistics
Itr 7, LL= -4514030.547346 (1577.230225). Anneal status: T=NaN, dE=-1.34, collecting statistics
Itr 8, LL= -4510016.276926 (889.287385). Anneal status: T=8.24, dE=37.44, candidate was rejected
Itr 9, LL= -4507625.283557 (530.151827). Anneal status: T=8.24, dE=16.30, candidate was rejected
Itr 10, LL= -4506002.183697 (360.078702). Anneal status: T=8.24, dE=13.20, candidate was rejected
Itr 11, LL= -4504749.404049 (278.024643). Anneal status: T=8.24, dE=41.22, candidate was rejected
Itr 12, LL= -4503775.192981 (216.263100). Anneal status: T=8.24, dE=43.89, candidate was rejected
Itr 13, LL= -4502887.870101 (197.017578). Anneal status: T=7.42, dE=43.04, candidate was rejected
Itr 14, LL= -4502132.160684 (167.827723). Anneal status: T=7.42, dE=58.07, candidate was rejected
Itr 15, LL= -4501497.713494 (140.921494). Anneal status: T=7.42, dE=36.70, candidate was rejected
Itr 16, LL= -4500970.925123 (117.025134). Anneal status: T=7.42, dE=41.51, candidate was rejected
Itr 17, LL= -4500514.063098 (101.502994). Anneal status: T=7.42, dE=23.62, candidate was rejected
Itr 18, LL= -4500051.687346 (102.738431). Anneal status: T=6.59, dE=35.62, candidate was rejected
Itr 19, LL= -4499615.244301 (96.986229). Anneal status: T=6.59, dE=25.45, candidate was rejected
Itr 20, LL= -4499250.402563 (81.082874). Anneal status: T=6.59, dE=23.23, candidate was rejected
Itr 21, LL= -4498910.075572 (75.640820). Anneal status: T=6.59, dE=24.97, candidate was rejected
Itr 22, LL= -4498511.187290 (88.663315). Anneal status: T=6.59, dE=48.07, candidate was rejected
Itr 23, LL= -4498138.532218 (82.839645). Anneal status: T=5.77, dE=23.20, candidate was rejected
Itr 24, LL= -4497815.307321 (71.857480). Anneal status: T=5.77, dE=65.99, candidate was rejected
Itr 25, LL= -4497554.551385 (57.973909). Anneal status: T=5.77, dE=5.27, candidate was rejected
Itr 26, LL= -4497322.751632 (51.539064). Anneal status: T=5.77, dE=64.62, candidate was rejected
Itr 27, LL= -4497096.012724 (50.416419). Anneal status: T=5.77, dE=13.30, candidate was rejected
Itr 28, LL= -4496939.574276 (34.786548). Anneal status: T=4.95, dE=20.49, candidate was rejected
Itr 29, LL= -4496816.781027 (27.305959). Anneal status: T=4.95, dE=24.66, candidate was rejected
Itr 30, LL= -4496716.534969 (22.292671). Anneal status: T=4.95, dE=50.47, candidate was rejected
Itr 31, LL= -4496605.855334 (24.613434). Anneal status: T=4.95, dE=12.38, candidate was rejected
Itr 32, LL= -4496454.647836 (33.627030). Anneal status: T=4.95, dE=47.57, candidate was rejected
Itr 33, LL= -4496347.005391 (23.939404). Anneal status: T=4.12, dE=52.03, candidate was rejected
Itr 34, LL= -4496280.803077 (14.723578). Anneal status: T=4.12, dE=41.17, candidate was rejected
Itr 35, LL= -4496204.953035 (16.869508). Anneal status: T=4.12, dE=41.40, candidate was rejected
Itr 36, LL= -4496116.533273 (19.665421). Anneal status: T=4.12, dE=18.04, candidate was rejected
Itr 37, LL= -4496033.356164 (18.499767). Anneal status: T=4.12, dE=30.73, candidate was rejected
Itr 38, LL= -4495937.780701 (21.257730). Anneal status: T=3.30, dE=11.28, candidate was rejected
Itr 39, LL= -4495814.387088 (27.445578). Anneal status: T=3.30, dE=52.54, candidate was rejected
Itr 40, LL= -4495688.908429 (27.910107). Anneal status: T=3.30, dE=41.05, candidate was rejected
Itr 41, LL= -4495537.150408 (33.756344). Anneal status: T=3.30, dE=51.99, candidate was rejected
Itr 42, LL= -4495366.430810 (37.975350). Anneal status: T=3.30, dE=25.19, candidate was rejected
Itr 43, LL= -4495236.314728 (28.944489). Anneal status: T=2.47, dE=35.60, candidate was rejected
Itr 44, LL= -4495129.280916 (23.810497). Anneal status: T=2.47, dE=38.59, candidate was rejected
Itr 45, LL= -4495027.540013 (22.633588). Anneal status: T=2.47, dE=17.02, candidate was rejected
Itr 46, LL= -4494957.801254 (15.514645). Anneal status: T=2.47, dE=46.12, candidate was rejected
Itr 47, LL= -4494911.327632 (10.339056). Anneal status: T=2.47, dE=45.63, candidate was rejected
Itr 48, LL= -4494876.789129 (7.683912). Anneal status: T=1.65, dE=71.71, candidate was rejected
Itr 49, LL= -4494840.896553 (7.985219). Anneal status: T=1.65, dE=81.66, candidate was rejected
Itr 50, LL= -4494807.722403 (7.380495). Anneal status: T=1.65, dE=12.62, candidate was rejected
Itr 51, LL= -4494777.378816 (6.750809). Anneal status: T=1.65, dE=62.62, candidate was rejected
Itr 52, LL= -4494744.399527 (7.337246). Anneal status: T=1.65, dE=35.48, candidate was rejected
Itr 53, LL= -4494709.286831 (7.811945). Anneal status: T=0.82, dE=92.72, candidate was rejected
Itr 54, LL= -4494681.909045 (6.091114). Anneal status: T=0.82, dE=41.69, candidate was rejected
Itr 55, LL= -4494663.544919 (4.085746). Anneal status: T=0.82, dE=42.63, candidate was rejected
Itr 56, LL= -4494637.726317 (5.744279). Anneal status: T=0.82, dE=52.28, candidate was rejected
Itr 57, LL= -4494617.501314 (4.499807). Anneal status: T=0.82, dE=25.85, candidate was rejected
Itr 58, LL= -4494607.287029 (2.272559). Anneal status: T=0.00, dE=92.10, candidate was rejected
Itr 59, LL= -4494592.701925 (3.245023). Anneal status: T=0.00, dE=26.48, candidate was rejected
Itr 60, LL= -4494557.518936 (7.827848). Anneal status: T=0.00, dE=27.22, candidate was rejected
Itr 61, LL= -4494517.817552 (8.833213). Anneal status: T=0.00, dE=31.65, candidate was rejected
Itr 62, LL= -4494478.899655 (8.658971). Anneal status: T=0.00, dE=17.69, candidate was rejected
Itr 63, LL= -4494458.740322 (4.485355). Anneal status: T=0.00, dE=75.59, candidate was rejected
Itr 64, LL= -4494437.098268 (4.815275). Anneal status: T=0.00, dE=39.70, candidate was rejected
Itr 65, LL= -4494410.457322 (5.927538). Anneal status: T=0.00, dE=44.09, candidate was rejected
Itr 66, LL= -4494400.995478 (2.105247). Anneal status: T=0.00, dE=98.03, candidate was rejected
Itr 67, LL= -4494394.855409 (1.366159). Anneal status: T=0.00, dE=70.57, candidate was rejected
Itr 68, LL= -4494384.185443 (2.374061). Anneal status: T=0.00, dE=9.39, candidate was rejected
Itr 69, LL= -4494368.119610 (3.574646). Anneal status: T=0.00, dE=21.84, candidate was rejected
Itr 70, LL= -4494358.304719 (2.183820). Anneal status: T=0.00, dE=49.63, candidate was rejected
Itr 71, LL= -4494342.975689 (3.410727). Anneal status: T=0.00, dE=74.01, candidate was rejected
Itr 72, LL= -4494327.200488 (3.510013). Anneal status: T=0.00, dE=62.33, candidate was rejected
Itr 73, LL= -4494315.142955 (2.682834). Anneal status: T=0.00, dE=39.27, candidate was rejected
Itr 74, LL= -4494298.521462 (3.698337). Anneal status: T=0.00, dE=23.58, candidate was rejected
Itr 75, LL= -4494284.772552 (3.059189). Anneal status: T=0.00, dE=30.68, candidate was rejected
Itr 76, LL= -4494262.836345 (4.880912). Anneal status: T=0.00, dE=18.80, candidate was rejected
Itr 77, LL= -4494233.121431 (6.611744). Anneal status: T=0.00, dE=23.07, candidate was rejected
Itr 78, LL= -4494224.486091 (1.921427). Anneal status: T=0.00, dE=31.34, candidate was rejected
Itr 79, LL= -4494218.760651 (1.273955). Anneal status: T=0.00, dE=43.60, candidate was rejected
Itr 80, LL= -4494208.084964 (2.375427). Anneal status: T=0.00, dE=80.72, candidate was rejected
Itr 81, LL= -4494195.101862 (2.888852). Anneal status: T=0.00, dE=11.16, candidate was rejected
Itr 82, LL= -4494187.104496 (1.779488). Anneal status: T=0.00, dE=31.46, candidate was rejected
Itr 83, LL= -4494167.842402 (4.286002). Anneal status: T=0.00, dE=62.10, candidate was rejected
Itr 84, LL= -4494150.833160 (3.784737). Anneal status: T=0.00, dE=38.62, candidate was rejected
Itr 85, LL= -4494137.446008 (2.978795). Anneal status: T=0.00, dE=96.75, candidate was rejected
Itr 86, LL= -4494129.666635 (1.731005). Anneal status: T=0.00, dE=56.08, candidate was rejected
Itr 87, LL= -4494124.022785 (1.255827). Anneal status: T=0.00, dE=7.96, candidate was rejected
Itr 88, LL= -4494120.689715 (0.741651). Anneal status: T=0.00, dE=45.69, candidate was rejected
Itr 89, LL= -4494117.089273 (0.801145). Anneal status: T=0.00, dE=26.52, candidate was rejected
Itr 90, LL= -4494107.858955 (2.053867). Anneal status: T=0.00, dE=19.66, candidate was rejected
Itr 91, LL= -4494100.081777 (1.730528). Anneal status: T=0.00, dE=55.02, candidate was rejected
Itr 92, LL= -4494096.099860 (0.886032). Anneal status: T=0.00, dE=23.22, candidate was rejected
Itr 93, LL= -4494091.972463 (0.918404). Anneal status: T=0.00, dE=38.94, candidate was rejected
Itr 94, LL= -4494088.071502 (0.868020). Anneal status: T=0.00, dE=29.69, candidate was rejected
-- Annealing statistics:
Portion of times candidate was better: 0.000000
Portion of times candidate was chosen by chance: 0.000000
--
EM for 27 states, 131 emission nodes. 22 observed values.
            gibbs: 0
    nGibbsItrPcnt: 0.8000
     annealParams: {}
           maxItr: 500
      convergeEps: 1.0000e-06
           minItr: 5
       parametric: 0
        initprobs: []
      persistBias: 0
          obsVals: []

- Initalized simulated annealing with params:
                     type: 'linear'
    max_chance_accpetance: 0.2000
             min_duration: 5
        min_init_duration: 5
             max_duration: 11
              converge_th: 1.0000e-06

--
Itr 1, LL= -16413700.752243 (Inf). Anneal status: T=NaN, dE=-38.31, collecting statistics
Itr 2, LL= -4764397.036958 (Inf). Anneal status: T=NaN, dE=60.56, collecting statistics
Itr 3, LL= -4641311.894969 (Inf). Anneal status: T=NaN, dE=-1266.42, collecting statistics
Itr 4, LL= -4568883.371035 (15605.183528). Anneal status: T=NaN, dE=-222.67, collecting statistics
Itr 5, LL= -4541509.600538 (5991.348055). Anneal status: T=NaN, dE=-40.37, collecting statistics
Itr 6, LL= -4529872.903435 (2562.297149). Anneal status: T=NaN, dE=-34.91, collecting statistics
Itr 7, LL= -4523440.258251 (1420.049816). Anneal status: T=NaN, dE=15.57, collecting statistics
Itr 8, LL= -4519717.426238 (823.008993). Anneal status: T=NaN, dE=25.85, collecting statistics
Itr 9, LL= -4517382.499910 (516.608918). Anneal status: T=4.26, dE=13.07, candidate was rejected
Itr 10, LL= -4515770.131856 (356.925289). Anneal status: T=4.26, dE=126.28, candidate was rejected
Itr 11, LL= -4514535.614521 (273.379135). Anneal status: T=4.26, dE=80.34, candidate was rejected
Itr 12, LL= -4513432.877483 (244.263670). Anneal status: T=4.26, dE=140.62, candidate was rejected
Itr 13, LL= -4512544.050676 (196.929218). Anneal status: T=4.26, dE=17.85, candidate was rejected
Itr 14, LL= -4511706.915768 (185.512850). Anneal status: T=3.83, dE=30.93, candidate was rejected
Itr 15, LL= -4510982.700597 (160.519108). Anneal status: T=3.83, dE=92.50, candidate was rejected
Itr 16, LL= -4510387.689054 (131.902865). Anneal status: T=3.83, dE=34.23, candidate was rejected
Itr 17, LL= -4509833.093462 (122.959628). Anneal status: T=3.83, dE=24.42, candidate was rejected
Itr 18, LL= -4509332.505728 (110.999171). Anneal status: T=3.83, dE=13.75, candidate was rejected
Itr 19, LL= -4508883.235327 (99.631243). Anneal status: T=3.41, dE=53.80, candidate was rejected
Itr 20, LL= -4508410.348707 (104.878879). Anneal status: T=3.41, dE=12.59, candidate was rejected
Itr 21, LL= -4507894.073276 (114.513851). Anneal status: T=3.41, dE=43.57, candidate was rejected
Itr 22, LL= -4507316.304749 (128.168168). Anneal status: T=3.41, dE=30.37, candidate was rejected
Itr 23, LL= -4506774.474273 (120.211328). Anneal status: T=3.41, dE=39.24, candidate was rejected
Itr 24, LL= -4506295.283367 (106.326799). Anneal status: T=2.98, dE=28.47, candidate was rejected
Itr 25, LL= -4505800.356056 (109.830200). Anneal status: T=2.98, dE=73.75, candidate was rejected
Itr 26, LL= -4505364.041237 (96.834033). Anneal status: T=2.98, dE=47.26, candidate was rejected
Itr 27, LL= -4504997.589533 (81.336758). Anneal status: T=2.98, dE=39.22, candidate was rejected
Itr 28, LL= -4504659.135440 (75.128585). Anneal status: T=2.98, dE=12.12, candidate was rejected
Itr 29, LL= -4504333.620890 (72.261749). Anneal status: T=2.55, dE=14.55, candidate was rejected
Itr 30, LL= -4503959.857200 (82.978687). Anneal status: T=2.55, dE=52.71, candidate was rejected
Itr 31, LL= -4503549.919281 (91.017223). Anneal status: T=2.55, dE=20.87, candidate was rejected
Itr 32, LL= -4503262.376144 (63.848107). Anneal status: T=2.55, dE=45.49, candidate was rejected
Itr 33, LL= -4502976.121922 (63.565966). Anneal status: T=2.55, dE=47.53, candidate was rejected
Itr 34, LL= -4502700.802253 (61.141712). Anneal status: T=2.13, dE=30.25, candidate was rejected
Itr 35, LL= -4502461.214449 (53.209799). Anneal status: T=2.13, dE=68.70, candidate was rejected
Itr 36, LL= -4502299.921674 (35.823246). Anneal status: T=2.13, dE=63.38, candidate was rejected
Itr 37, LL= -4502152.402452 (32.765303). Anneal status: T=2.13, dE=42.71, candidate was rejected
Itr 38, LL= -4501981.370231 (37.988989). Anneal status: T=2.13, dE=23.12, candidate was rejected
Itr 39, LL= -4501852.738652 (28.572215). Anneal status: T=1.70, dE=29.09, candidate was rejected
Itr 40, LL= -4501728.097959 (27.686533). Anneal status: T=1.70, dE=47.62, candidate was rejected
Itr 41, LL= -4501606.018694 (27.118311). Anneal status: T=1.70, dE=39.00, candidate was rejected
Itr 42, LL= -4501446.871086 (35.353518). Anneal status: T=1.70, dE=27.02, candidate was rejected
Itr 43, LL= -4501297.735782 (33.130526). Anneal status: T=1.70, dE=21.71, candidate was rejected
Itr 44, LL= -4501169.666878 (28.451551). Anneal status: T=1.28, dE=58.90, candidate was rejected
Itr 45, LL= -4501053.976191 (25.702361). Anneal status: T=1.28, dE=63.99, candidate was rejected
Itr 46, LL= -4500938.879421 (25.571071). Anneal status: T=1.28, dE=41.20, candidate was rejected
Itr 47, LL= -4500839.447030 (22.091478). Anneal status: T=1.28, dE=66.38, candidate was rejected
Itr 48, LL= -4500732.231783 (23.821167). Anneal status: T=1.28, dE=27.36, candidate was rejected
Itr 49, LL= -4500640.285276 (20.429233). Anneal status: T=0.85, dE=36.66, candidate was rejected
Itr 50, LL= -4500537.587369 (22.818510). Anneal status: T=0.85, dE=60.60, candidate was rejected
Itr 51, LL= -4500415.075117 (27.221693). Anneal status: T=0.85, dE=21.98, candidate was rejected
Itr 52, LL= -4500310.550464 (23.225558). Anneal status: T=0.85, dE=28.56, candidate was rejected
Itr 53, LL= -4500197.455578 (25.130463). Anneal status: T=0.85, dE=82.74, candidate was rejected
Itr 54, LL= -4500054.803307 (31.699114). Anneal status: T=0.43, dE=62.10, candidate was rejected
Itr 55, LL= -4499888.705263 (36.910227). Anneal status: T=0.43, dE=78.72, candidate was rejected
Itr 56, LL= -4499669.623775 (48.685979). Anneal status: T=0.43, dE=59.51, candidate was rejected
Itr 57, LL= -4499317.465349 (78.263174). Anneal status: T=0.43, dE=12.02, candidate was rejected
Itr 58, LL= -4498810.287292 (112.723332). Anneal status: T=0.43, dE=46.27, candidate was rejected
Itr 59, LL= -4498267.127932 (120.734000). Anneal status: T=0.00, dE=20.29, candidate was rejected
Itr 60, LL= -4497926.921935 (75.630457). Anneal status: T=0.00, dE=86.77, candidate was rejected
Itr 61, LL= -4497810.332643 (25.920673). Anneal status: T=0.00, dE=20.38, candidate was rejected
Itr 62, LL= -4497742.477311 (15.086303). Anneal status: T=0.00, dE=36.15, candidate was rejected
Itr 63, LL= -4497687.859209 (12.143448). Anneal status: T=0.00, dE=29.53, candidate was rejected
Itr 64, LL= -4497627.672439 (13.381713). Anneal status: T=0.00, dE=47.57, candidate was rejected
Itr 65, LL= -4497587.071119 (9.027275). Anneal status: T=0.00, dE=19.32, candidate was rejected
Itr 66, LL= -4497526.142576 (13.546940). Anneal status: T=0.00, dE=66.47, candidate was rejected
Itr 67, LL= -4497461.803574 (14.305420). Anneal status: T=0.00, dE=11.40, candidate was rejected
Itr 68, LL= -4497431.501159 (6.737670). Anneal status: T=0.00, dE=67.11, candidate was rejected
Itr 69, LL= -4497404.381709 (6.029986). Anneal status: T=0.00, dE=8.65, candidate was rejected
Itr 70, LL= -4497363.777793 (9.028300). Anneal status: T=0.00, dE=16.92, candidate was rejected
Itr 71, LL= -4497339.680377 (5.358120). Anneal status: T=0.00, dE=44.80, candidate was rejected
Itr 72, LL= -4497314.767587 (5.539450). Anneal status: T=0.00, dE=52.39, candidate was rejected
Itr 73, LL= -4497285.269790 (6.558980). Anneal status: T=0.00, dE=34.02, candidate was rejected
Itr 74, LL= -4497253.595264 (7.043032). Anneal status: T=0.00, dE=46.24, candidate was rejected
Itr 75, LL= -4497215.712004 (8.423643). Anneal status: T=0.00, dE=65.63, candidate was rejected
Itr 76, LL= -4497185.710229 (6.671189). Anneal status: T=0.00, dE=59.64, candidate was rejected
Itr 77, LL= -4497166.704533 (4.226131). Anneal status: T=0.00, dE=49.26, candidate was rejected
Itr 78, LL= -4497144.054704 (5.036466). Anneal status: T=0.00, dE=50.68, candidate was rejected
Itr 79, LL= -4497112.699831 (6.972174). Anneal status: T=0.00, dE=34.67, candidate was rejected
Itr 80, LL= -4497080.075181 (7.254577). Anneal status: T=0.00, dE=53.90, candidate was rejected
Itr 81, LL= -4497032.416282 (10.597743). Anneal status: T=0.00, dE=40.51, candidate was rejected
Itr 82, LL= -4496994.086698 (8.523306). Anneal status: T=0.00, dE=4.95, candidate was rejected
Itr 83, LL= -4496959.116698 (7.776306). Anneal status: T=0.00, dE=30.02, candidate was rejected
Itr 84, LL= -4496936.483103 (5.033089). Anneal status: T=0.00, dE=31.97, candidate was rejected
Itr 85, LL= -4496906.930939 (6.571621). Anneal status: T=0.00, dE=46.39, candidate was rejected
Itr 86, LL= -4496889.334165 (3.913084). Anneal status: T=0.00, dE=32.72, candidate was rejected
Itr 87, LL= -4496870.883179 (4.103055). Anneal status: T=0.00, dE=44.86, candidate was rejected
Itr 88, LL= -4496856.335831 (3.234994). Anneal status: T=0.00, dE=38.37, candidate was rejected
Itr 89, LL= -4496828.514967 (6.186736). Anneal status: T=0.00, dE=4.91, candidate was rejected
Itr 90, LL= -4496803.254207 (5.617461). Anneal status: T=0.00, dE=34.71, candidate was rejected
Itr 91, LL= -4496785.625791 (3.920211). Anneal status: T=0.00, dE=82.68, candidate was rejected
Itr 92, LL= -4496769.961541 (3.483433). Anneal status: T=0.00, dE=45.40, candidate was rejected
Itr 93, LL= -4496755.337895 (3.252034). Anneal status: T=0.00, dE=57.01, candidate was rejected
Itr 94, LL= -4496736.801746 (4.122116). Anneal status: T=0.00, dE=37.86, candidate was rejected
Itr 95, LL= -4496727.658838 (2.033232). Anneal status: T=0.00, dE=61.30, candidate was rejected
Itr 96, LL= -4496713.644838 (3.116489). Anneal status: T=0.00, dE=39.40, candidate was rejected
Itr 97, LL= -4496695.406156 (4.056003). Anneal status: T=0.00, dE=16.03, candidate was rejected
Itr 98, LL= -4496674.843014 (4.572945). Anneal status: T=0.00, dE=33.91, candidate was rejected
Itr 99, LL= -4496668.582817 (1.392183). Anneal status: T=0.00, dE=37.28, candidate was rejected
Itr 100, LL= -4496664.349316 (0.941475). Anneal status: T=0.00, dE=76.30, candidate was rejected
Itr 101, LL= -4496655.533675 (1.960485). Anneal status: T=0.00, dE=45.49, candidate was rejected
Itr 102, LL= -4496648.196078 (1.631790). Anneal status: T=0.00, dE=19.51, candidate was rejected
Itr 103, LL= -4496643.602392 (1.021580). Anneal status: T=0.00, dE=26.47, candidate was rejected
Itr 104, LL= -4496639.541984 (0.902986). Anneal status: T=0.00, dE=26.91, candidate was rejected
Itr 105, LL= -4496634.329590 (1.159176). Anneal status: T=0.00, dE=32.16, candidate was rejected
Itr 106, LL= -4496629.108446 (1.161123). Anneal status: T=0.00, dE=43.12, candidate was rejected
Itr 107, LL= -4496626.181178 (0.650992). Anneal status: T=0.00, dE=61.27, candidate was rejected
Itr 108, LL= -4496619.108962 (1.572783). Anneal status: T=0.00, dE=43.94, candidate was rejected
Itr 109, LL= -4496605.474970 (3.032054). Anneal status: T=0.00, dE=54.94, candidate was rejected
Itr 110, LL= -4496594.783000 (2.377787). Anneal status: T=0.00, dE=38.36, candidate was rejected
Itr 111, LL= -4496573.553031 (4.721344). Anneal status: T=0.00, dE=42.73, candidate was rejected
Itr 112, LL= -4496556.436400 (3.806594). Anneal status: T=0.00, dE=40.53, candidate was rejected
Itr 113, LL= -4496548.238729 (1.823100). Anneal status: T=0.00, dE=58.76, candidate was rejected
Itr 114, LL= -4496540.990991 (1.611845). Anneal status: T=0.00, dE=34.84, candidate was rejected
Itr 115, LL= -4496533.475971 (1.671289). Anneal status: T=0.00, dE=92.94, candidate was rejected
Itr 116, LL= -4496529.242786 (0.941433). Anneal status: T=0.00, dE=79.59, candidate was rejected
Itr 117, LL= -4496521.330535 (1.759635). Anneal status: T=0.00, dE=38.78, candidate was rejected
Itr 118, LL= -4496502.320918 (4.227627). Anneal status: T=0.00, dE=31.01, candidate was rejected
Itr 119, LL= -4496482.238323 (4.466270). Anneal status: T=0.00, dE=109.03, candidate was rejected
Itr 120, LL= -4496474.503671 (1.720156). Anneal status: T=0.00, dE=24.67, candidate was rejected
Itr 121, LL= -4496469.756379 (1.055781). Anneal status: T=0.00, dE=43.24, candidate was rejected
Itr 122, LL= -4496464.073146 (1.263932). Anneal status: T=0.00, dE=62.66, candidate was rejected
Itr 123, LL= -4496455.218826 (1.969174). Anneal status: T=0.00, dE=36.89, candidate was rejected
Itr 124, LL= -4496442.331593 (2.866087). Anneal status: T=0.00, dE=44.67, candidate was rejected
Itr 125, LL= -4496428.322096 (3.115685). Anneal status: T=0.00, dE=34.63, candidate was rejected
Itr 126, LL= -4496420.837676 (1.664526). Anneal status: T=0.00, dE=54.65, candidate was rejected
Itr 127, LL= -4496416.259271 (1.018233). Anneal status: T=0.00, dE=56.82, candidate was rejected
Itr 128, LL= -4496411.021737 (1.164824). Anneal status: T=0.00, dE=45.93, candidate was rejected
Itr 129, LL= -4496401.854262 (2.038843). Anneal status: T=0.00, dE=27.58, candidate was rejected
Itr 130, LL= -4496397.157973 (1.044455). Anneal status: T=0.00, dE=22.83, candidate was rejected
Itr 131, LL= -4496388.823550 (1.853578). Anneal status: T=0.00, dE=67.78, candidate was rejected
Itr 132, LL= -4496381.027524 (1.733842). Anneal status: T=0.00, dE=49.99, candidate was rejected
Itr 133, LL= -4496375.836876 (1.154406). Anneal status: T=0.00, dE=19.59, candidate was rejected
Itr 134, LL= -4496372.257389 (0.796083). Anneal status: T=0.00, dE=12.20, candidate was rejected
Itr 135, LL= -4496368.941591 (0.737439). Anneal status: T=0.00, dE=37.05, candidate was rejected
Itr 136, LL= -4496365.619140 (0.738919). Anneal status: T=0.00, dE=21.54, candidate was rejected
-- Annealing statistics:
Portion of times candidate was better: 0.000000
Portion of times candidate was chosen by chance: 0.000000
--
Your MATLAB session has timed out.  All license keys have been returned.
EM for 27 states, 131 emission nodes. 22 observed values.
            gibbs: 0
    nGibbsItrPcnt: 0.8000
     annealParams: {}
           maxItr: 500
      convergeEps: 1.0000e-06
           minItr: 5
       parametric: 0
        initprobs: []
      persistBias: 0
          obsVals: []

- Initalized simulated annealing with params:
                     type: 'linear'
    max_chance_accpetance: 0.2000
             min_duration: 5
        min_init_duration: 5
             max_duration: 11
              converge_th: 1.0000e-06

--
Itr 1, LL= -16370851.965664 (Inf). Anneal status: T=NaN, dE=-2838.82, collecting statistics
Itr 2, LL= -4751255.961581 (Inf). Anneal status: T=NaN, dE=-330.69, collecting statistics
Itr 3, LL= -4624648.271613 (Inf). Anneal status: T=NaN, dE=-511.67, collecting statistics
Itr 4, LL= -4562280.909068 (13485.860736). Anneal status: T=NaN, dE=-70.37, collecting statistics
Itr 5, LL= -4535620.504608 (5843.656932). Anneal status: T=NaN, dE=-45.69, collecting statistics
Itr 6, LL= -4520422.494171 (3350.811740). Anneal status: T=NaN, dE=-29.32, collecting statistics
Itr 7, LL= -4512543.162599 (1743.052023). Anneal status: T=NaN, dE=69.85, collecting statistics
Itr 8, LL= -4508015.729361 (1003.299708). Anneal status: T=NaN, dE=22.90, collecting statistics
Itr 9, LL= -4505025.144999 (663.392619). Anneal status: T=NaN, dE=57.65, collecting statistics
Itr 10, LL= -4502805.974979 (492.598809). Anneal status: T=18.93, dE=51.04, candidate was rejected
Itr 11, LL= -4501033.282407 (393.686200). Anneal status: T=18.93, dE=14.90, candidate was rejected
Itr 12, LL= -4499611.353321 (315.911702). Anneal status: T=18.93, dE=41.08, candidate was rejected
Itr 13, LL= -4498414.016995 (266.097721). Anneal status: T=18.93, dE=55.82, candidate was rejected
Itr 14, LL= -4497379.466541 (229.981156). Anneal status: T=18.93, dE=58.17, candidate was rejected
Itr 15, LL= -4496539.825867 (186.695537). Anneal status: T=17.03, dE=55.40, candidate was rejected
Itr 16, LL= -4495790.757043 (166.587833). Anneal status: T=17.03, dE=85.29, candidate was rejected
Itr 17, LL= -4495109.119152 (151.616907). Anneal status: T=17.03, dE=42.00, candidate was rejected
Itr 18, LL= -4494527.098255 (129.478703). Anneal status: T=17.03, dE=19.04, candidate was chosen by chance
Itr 19, LL= -4494048.417196 (106.503098). Anneal status: T=17.03, dE=46.98, candidate was rejected
Itr 20, LL= -4493665.014199 (85.313499). Anneal status: T=15.14, dE=31.64, candidate was chosen by chance
Itr 21, LL= -4493295.983189 (82.122501). Anneal status: T=15.14, dE=14.15, candidate was chosen by chance
Itr 22, LL= -4492975.600399 (71.302400). Anneal status: T=15.14, dE=32.04, candidate was rejected
Itr 23, LL= -4492696.417347 (62.137674). Anneal status: T=15.14, dE=48.89, candidate was rejected
Itr 24, LL= -4492482.157905 (47.690612). Anneal status: T=15.14, dE=63.38, candidate was rejected
Itr 25, LL= -4492287.252241 (43.384850). Anneal status: T=13.25, dE=37.68, candidate was rejected
Itr 26, LL= -4492116.507967 (38.008316). Anneal status: T=13.25, dE=69.28, candidate was rejected
Itr 27, LL= -4491941.298212 (39.003831). Anneal status: T=13.25, dE=77.57, candidate was rejected
Itr 28, LL= -4491802.156161 (30.975928). Anneal status: T=13.25, dE=64.26, candidate was rejected
Itr 29, LL= -4491687.650918 (25.492050). Anneal status: T=13.25, dE=100.56, candidate was rejected
Itr 30, LL= -4491572.297655 (25.681497). Anneal status: T=11.36, dE=99.57, candidate was rejected
Itr 31, LL= -4491456.497745 (25.781598). Anneal status: T=11.36, dE=19.12, candidate was rejected
Itr 32, LL= -4491350.397594 (23.622660). Anneal status: T=11.36, dE=49.37, candidate was rejected
Itr 33, LL= -4491259.168334 (20.312212). Anneal status: T=11.36, dE=78.77, candidate was rejected
Itr 34, LL= -4491160.981042 (21.861863). Anneal status: T=11.36, dE=43.24, candidate was rejected
Itr 35, LL= -4491078.386166 (18.390540). Anneal status: T=9.46, dE=57.42, candidate was rejected
Itr 36, LL= -4491009.895744 (15.250329). Anneal status: T=9.46, dE=29.04, candidate was rejected
Itr 37, LL= -4490952.993318 (12.670296). Anneal status: T=9.46, dE=54.37, candidate was rejected
Itr 38, LL= -4490898.223048 (12.195690). Anneal status: T=9.46, dE=52.91, candidate was rejected
Itr 39, LL= -4490836.407203 (13.764695). Anneal status: T=9.46, dE=74.06, candidate was rejected
Itr 40, LL= -4490788.405703 (10.688766). Anneal status: T=7.57, dE=34.52, candidate was rejected
Itr 41, LL= -4490746.638714 (9.300592). Anneal status: T=7.57, dE=77.32, candidate was rejected
Itr 42, LL= -4490706.527631 (8.931941). Anneal status: T=7.57, dE=40.66, candidate was rejected
Itr 43, LL= -4490658.111744 (10.781352). Anneal status: T=7.57, dE=39.01, candidate was rejected
Itr 44, LL= -4490613.602784 (9.911456). Anneal status: T=7.57, dE=47.00, candidate was rejected
Itr 45, LL= -4490563.424825 (11.173965). Anneal status: T=5.68, dE=52.36, candidate was rejected
Itr 46, LL= -4490515.162076 (10.747593). Anneal status: T=5.68, dE=14.23, candidate was rejected
Itr 47, LL= -4490475.959953 (8.729983). Anneal status: T=5.68, dE=43.72, candidate was rejected
Itr 48, LL= -4490442.966604 (7.347406). Anneal status: T=5.68, dE=40.63, candidate was rejected
Itr 49, LL= -4490415.565094 (6.102184). Anneal status: T=5.68, dE=36.04, candidate was rejected
Itr 50, LL= -4490383.224038 (7.202241). Anneal status: T=3.79, dE=63.85, candidate was rejected
Itr 51, LL= -4490360.605028 (5.037211). Anneal status: T=3.79, dE=79.76, candidate was rejected
Itr 52, LL= -4490340.537908 (4.468933). Anneal status: T=3.79, dE=24.05, candidate was rejected
Itr 53, LL= -4490314.908334 (5.707713). Anneal status: T=3.79, dE=37.36, candidate was rejected
Itr 54, LL= -4490296.954704 (3.998301). Anneal status: T=3.79, dE=55.38, candidate was rejected
Itr 55, LL= -4490275.102947 (4.866439). Anneal status: T=1.89, dE=51.05, candidate was rejected
Itr 56, LL= -4490249.191626 (5.770542). Anneal status: T=1.89, dE=52.92, candidate was rejected
Itr 57, LL= -4490207.722907 (9.235282). Anneal status: T=1.89, dE=78.78, candidate was rejected
Itr 58, LL= -4490179.949989 (6.185219). Anneal status: T=1.89, dE=61.30, candidate was rejected
Itr 59, LL= -4490157.639178 (4.968801). Anneal status: T=1.89, dE=69.27, candidate was rejected
Itr 60, LL= -4490137.838297 (4.409841). Anneal status: T=0.00, dE=17.32, candidate was rejected
Itr 61, LL= -4490124.643314 (2.938659). Anneal status: T=0.00, dE=20.38, candidate was rejected
Itr 62, LL= -4490107.683481 (3.777141). Anneal status: T=0.00, dE=40.18, candidate was rejected
Itr 63, LL= -4490085.524789 (4.935002). Anneal status: T=0.00, dE=36.30, candidate was rejected
Itr 64, LL= -4490075.467581 (2.239870). Anneal status: T=0.00, dE=56.05, candidate was rejected
Itr 65, LL= -4490064.890627 (2.355629). Anneal status: T=0.00, dE=29.07, candidate was rejected
Itr 66, LL= -4490054.787794 (2.250042). Anneal status: T=0.00, dE=22.23, candidate was rejected
Itr 67, LL= -4490043.584631 (2.495106). Anneal status: T=0.00, dE=52.59, candidate was rejected
Itr 68, LL= -4490031.516848 (2.687676). Anneal status: T=0.00, dE=52.52, candidate was rejected
Itr 69, LL= -4490012.790153 (4.170727). Anneal status: T=0.00, dE=31.53, candidate was rejected
Itr 70, LL= -4490002.203120 (2.357907). Anneal status: T=0.00, dE=43.66, candidate was rejected
Itr 71, LL= -4489995.519889 (1.488470). Anneal status: T=0.00, dE=27.28, candidate was rejected
Itr 72, LL= -4489985.078009 (2.325588). Anneal status: T=0.00, dE=32.91, candidate was rejected
Itr 73, LL= -4489972.299495 (2.846004). Anneal status: T=0.00, dE=59.51, candidate was rejected
Itr 74, LL= -4489961.151034 (2.482969). Anneal status: T=0.00, dE=45.42, candidate was rejected
Itr 75, LL= -4489954.796134 (1.415357). Anneal status: T=0.00, dE=20.02, candidate was rejected
Itr 76, LL= -4489947.466391 (1.632476). Anneal status: T=0.00, dE=24.90, candidate was rejected
Itr 77, LL= -4489934.637825 (2.857175). Anneal status: T=0.00, dE=81.29, candidate was rejected
Itr 78, LL= -4489926.601045 (1.789955). Anneal status: T=0.00, dE=56.82, candidate was rejected
Itr 79, LL= -4489921.030262 (1.240729). Anneal status: T=0.00, dE=23.31, candidate was rejected
Itr 80, LL= -4489914.602398 (1.431621). Anneal status: T=0.00, dE=23.20, candidate was rejected
Itr 81, LL= -4489907.896408 (1.493567). Anneal status: T=0.00, dE=41.61, candidate was rejected
Itr 82, LL= -4489901.952310 (1.323880). Anneal status: T=0.00, dE=46.16, candidate was rejected
Itr 83, LL= -4489895.493613 (1.438494). Anneal status: T=0.00, dE=42.97, candidate was rejected
Itr 84, LL= -4489888.584149 (1.538892). Anneal status: T=0.00, dE=64.31, candidate was rejected
Itr 85, LL= -4489884.629760 (0.880732). Anneal status: T=0.00, dE=18.57, candidate was rejected
Itr 86, LL= -4489881.819433 (0.625924). Anneal status: T=0.00, dE=44.86, candidate was rejected
Itr 87, LL= -4489879.064193 (0.613655). Anneal status: T=0.00, dE=99.48, candidate was rejected
-- Annealing statistics:
Portion of times candidate was better: 0.000000
Portion of times candidate was chosen by chance: 0.034483
--
>> 