My SLURM_ARRAY_TASK_ID:  26

                            < M A T L A B (R) >
                  Copyright 1984-2014 The MathWorks, Inc.
                   R2014b (8.4.0.150421) 64-bit (glnxa64)
                             September 15, 2014

 
For online documentation, see http://www.mathworks.com/support
For product information, visit www.mathworks.com.
 
EM for 26 states, 131 emission nodes. 22 observed values.
            gibbs: 0
    nGibbsItrPcnt: 0.8000
     annealParams: {}
           maxItr: 500
      convergeEps: 1.0000e-06
           minItr: 5
       parametric: 0
        initprobs: []
      persistBias: 0
          obsVals: []

- Initalized simulated annealing with params:
                     type: 'linear'
    max_chance_accpetance: 0.2000
             min_duration: 5
        min_init_duration: 5
             max_duration: 11
              converge_th: 1.0000e-06

--
Itr 1, LL= -16455988.218661 (Inf). Anneal status: T=NaN, dE=-729.57, collecting statistics
Itr 2, LL= -4761261.100269 (Inf). Anneal status: T=NaN, dE=-23.73, collecting statistics
Itr 3, LL= -4641400.287937 (Inf). Anneal status: T=NaN, dE=-808.58, collecting statistics
Itr 4, LL= -4573813.238556 (14561.779891). Anneal status: T=NaN, dE=-258.84, collecting statistics
Itr 5, LL= -4545415.627040 (6208.738756). Anneal status: T=NaN, dE=-96.28, collecting statistics
Itr 6, LL= -4530145.961519 (3359.355178). Anneal status: T=NaN, dE=-105.73, collecting statistics
Itr 7, LL= -4520467.453238 (2136.467205). Anneal status: T=NaN, dE=-69.71, collecting statistics
Itr 8, LL= -4513832.873140 (1467.675670). Anneal status: T=NaN, dE=-17.47, collecting statistics
Itr 9, LL= -4508843.216282 (1105.414622). Anneal status: T=NaN, dE=17.16, collecting statistics
Itr 10, LL= -4505102.587151 (829.620582). Anneal status: T=NaN, dE=35.19, collecting statistics
Itr 11, LL= -4502074.737350 (672.093419). Anneal status: T=NaN, dE=52.79, collecting statistics
Itr 12, LL= -4499514.481490 (568.683554). Anneal status: T=13.75, dE=59.86, candidate was rejected
Itr 13, LL= -4497771.661690 (387.335080). Anneal status: T=13.75, dE=51.40, candidate was rejected
Itr 14, LL= -4496611.793898 (257.876095). Anneal status: T=13.75, dE=48.10, candidate was rejected
Itr 15, LL= -4495891.799958 (160.119213). Anneal status: T=13.75, dE=37.78, candidate was rejected
Itr 16, LL= -4495242.953950 (144.319756). Anneal status: T=13.75, dE=26.60, candidate was rejected
Itr 17, LL= -4494710.819212 (118.377303). Anneal status: T=12.38, dE=21.18, candidate was rejected
Itr 18, LL= -4494271.146387 (97.820047). Anneal status: T=12.38, dE=46.45, candidate was rejected
Itr 19, LL= -4493922.329111 (77.613759). Anneal status: T=12.38, dE=23.23, candidate was rejected
Itr 20, LL= -4493581.797441 (75.776047). Anneal status: T=12.38, dE=68.09, candidate was rejected
Itr 21, LL= -4493290.405999 (64.846142). Anneal status: T=12.38, dE=63.57, candidate was rejected
Itr 22, LL= -4493064.441663 (50.289279). Anneal status: T=11.00, dE=28.92, candidate was rejected
Itr 23, LL= -4492845.049379 (48.829098). Anneal status: T=11.00, dE=59.38, candidate was rejected
Itr 24, LL= -4492636.520887 (46.413462). Anneal status: T=11.00, dE=95.58, candidate was rejected
Itr 25, LL= -4492458.348245 (39.658815). Anneal status: T=11.00, dE=31.12, candidate was rejected
Itr 26, LL= -4492310.687734 (32.868532). Anneal status: T=11.00, dE=58.73, candidate was rejected
Itr 27, LL= -4492165.918168 (32.226080). Anneal status: T=9.63, dE=31.20, candidate was rejected
Itr 28, LL= -4491998.892121 (37.181629). Anneal status: T=9.63, dE=27.88, candidate was rejected
Itr 29, LL= -4491878.950660 (26.701133). Anneal status: T=9.63, dE=28.39, candidate was rejected
Itr 30, LL= -4491793.107793 (19.110681). Anneal status: T=9.63, dE=74.10, candidate was rejected
Itr 31, LL= -4491709.360273 (18.644563). Anneal status: T=9.63, dE=68.84, candidate was rejected
Itr 32, LL= -4491638.994898 (15.665612). Anneal status: T=8.25, dE=22.05, candidate was rejected
Itr 33, LL= -4491583.730665 (12.303801). Anneal status: T=8.25, dE=59.78, candidate was rejected
Itr 34, LL= -4491520.666637 (14.040488). Anneal status: T=8.25, dE=24.37, candidate was rejected
Itr 35, LL= -4491452.829188 (15.103448). Anneal status: T=8.25, dE=27.43, candidate was rejected
Itr 36, LL= -4491385.635472 (14.960352). Anneal status: T=8.25, dE=51.11, candidate was rejected
Itr 37, LL= -4491343.490789 (9.383448). Anneal status: T=6.88, dE=60.70, candidate was rejected
Itr 38, LL= -4491310.085918 (7.437612). Anneal status: T=6.88, dE=42.82, candidate was rejected
Itr 39, LL= -4491276.892256 (7.390641). Anneal status: T=6.88, dE=6.92, candidate was chosen by chance
Itr 40, LL= -4491229.511198 (10.549574). Anneal status: T=6.88, dE=52.80, candidate was rejected
Itr 41, LL= -4491192.281953 (8.289321). Anneal status: T=6.88, dE=52.85, candidate was rejected
Itr 42, LL= -4491171.871875 (4.544468). Anneal status: T=5.50, dE=31.66, candidate was rejected
Itr 43, LL= -4491144.002845 (6.205291). Anneal status: T=5.50, dE=47.59, candidate was rejected
Itr 44, LL= -4491119.071137 (5.551305). Anneal status: T=5.50, dE=28.77, candidate was rejected
Itr 45, LL= -4491096.833975 (4.951363). Anneal status: T=5.50, dE=41.69, candidate was rejected
Itr 46, LL= -4491078.866905 (4.000597). Anneal status: T=5.50, dE=42.54, candidate was rejected
Itr 47, LL= -4491052.438344 (5.884680). Anneal status: T=4.13, dE=13.57, candidate was rejected
Itr 48, LL= -4491024.665109 (6.184126). Anneal status: T=4.13, dE=44.51, candidate was rejected
Itr 49, LL= -4490995.027058 (6.599396). Anneal status: T=4.13, dE=41.57, candidate was rejected
Itr 50, LL= -4490967.873825 (6.046151). Anneal status: T=4.13, dE=42.13, candidate was rejected
Itr 51, LL= -4490940.633816 (6.065510). Anneal status: T=4.13, dE=55.18, candidate was rejected
Itr 52, LL= -4490915.909323 (5.505415). Anneal status: T=2.75, dE=54.27, candidate was rejected
Itr 53, LL= -4490895.007740 (4.654191). Anneal status: T=2.75, dE=73.78, candidate was rejected
Itr 54, LL= -4490868.583854 (5.883880). Anneal status: T=2.75, dE=58.83, candidate was rejected
Itr 55, LL= -4490846.220245 (4.979796). Anneal status: T=2.75, dE=44.13, candidate was rejected
Itr 56, LL= -4490825.349720 (4.647348). Anneal status: T=2.75, dE=55.68, candidate was rejected
Itr 57, LL= -4490807.591905 (3.954243). Anneal status: T=1.38, dE=49.58, candidate was rejected
Itr 58, LL= -4490787.903750 (4.384101). Anneal status: T=1.38, dE=30.90, candidate was rejected
Itr 59, LL= -4490768.520739 (4.316171). Anneal status: T=1.38, dE=86.91, candidate was rejected
Itr 60, LL= -4490751.820006 (3.718903). Anneal status: T=1.38, dE=40.09, candidate was rejected
Itr 61, LL= -4490732.495058 (4.303277). Anneal status: T=1.38, dE=73.16, candidate was rejected
Itr 62, LL= -4490712.162626 (4.527642). Anneal status: T=0.00, dE=51.03, candidate was rejected
Itr 63, LL= -4490691.366486 (4.630923). Anneal status: T=0.00, dE=42.86, candidate was rejected
Itr 64, LL= -4490677.323613 (3.127107). Anneal status: T=0.00, dE=35.02, candidate was rejected
Itr 65, LL= -4490664.437814 (2.869456). Anneal status: T=0.00, dE=42.90, candidate was rejected
Itr 66, LL= -4490651.984107 (2.773244). Anneal status: T=0.00, dE=21.87, candidate was rejected
Itr 67, LL= -4490634.751182 (3.837511). Anneal status: T=0.00, dE=57.68, candidate was rejected
Itr 68, LL= -4490624.320454 (2.322774). Anneal status: T=0.00, dE=86.30, candidate was rejected
Itr 69, LL= -4490616.028120 (1.846588). Anneal status: T=0.00, dE=64.81, candidate was rejected
Itr 70, LL= -4490599.796498 (3.614565). Anneal status: T=0.00, dE=101.53, candidate was rejected
Itr 71, LL= -4490581.738951 (4.021188). Anneal status: T=0.00, dE=34.83, candidate was rejected
Itr 72, LL= -4490571.088636 (2.371701). Anneal status: T=0.00, dE=59.39, candidate was rejected
Itr 73, LL= -4490557.383199 (3.052048). Anneal status: T=0.00, dE=70.17, candidate was rejected
Itr 74, LL= -4490542.887390 (3.228065). Anneal status: T=0.00, dE=62.09, candidate was rejected
Itr 75, LL= -4490533.106524 (2.178103). Anneal status: T=0.00, dE=71.34, candidate was rejected
Itr 76, LL= -4490514.155090 (4.220308). Anneal status: T=0.00, dE=127.71, candidate was rejected
Itr 77, LL= -4490496.490647 (3.933724). Anneal status: T=0.00, dE=66.46, candidate was rejected
Itr 78, LL= -4490482.929764 (3.019907). Anneal status: T=0.00, dE=20.75, candidate was rejected
Itr 79, LL= -4490473.323395 (2.139273). Anneal status: T=0.00, dE=42.45, candidate was rejected
Itr 80, LL= -4490465.921944 (1.648256). Anneal status: T=0.00, dE=16.35, candidate was rejected
Itr 81, LL= -4490459.845740 (1.353134). Anneal status: T=0.00, dE=49.40, candidate was rejected
Itr 82, LL= -4490455.192990 (1.036141). Anneal status: T=0.00, dE=61.13, candidate was rejected
Itr 83, LL= -4490449.926430 (1.172834). Anneal status: T=0.00, dE=44.78, candidate was rejected
Itr 84, LL= -4490440.695948 (2.055581). Anneal status: T=0.00, dE=62.63, candidate was rejected
Itr 85, LL= -4490430.986106 (2.162336). Anneal status: T=0.00, dE=38.20, candidate was rejected
Itr 86, LL= -4490419.507561 (2.556224). Anneal status: T=0.00, dE=46.39, candidate was rejected
Itr 87, LL= -4490405.004401 (3.229801). Anneal status: T=0.00, dE=32.79, candidate was rejected
Itr 88, LL= -4490394.468582 (2.346296). Anneal status: T=0.00, dE=68.18, candidate was rejected
Itr 89, LL= -4490390.053104 (0.983316). Anneal status: T=0.00, dE=119.78, candidate was rejected
Itr 90, LL= -4490383.414017 (1.478510). Anneal status: T=0.00, dE=27.20, candidate was rejected
Itr 91, LL= -4490380.082158 (0.741999). Anneal status: T=0.00, dE=84.39, candidate was rejected
Itr 92, LL= -4490378.352723 (0.385142). Anneal status: T=0.00, dE=20.23, candidate was rejected
Itr 93, LL= -4490376.700178 (0.368019). Anneal status: T=0.00, dE=19.02, candidate was rejected
-- Annealing statistics:
Portion of times candidate was better: 0.000000
Portion of times candidate was chosen by chance: 0.010753
--
EM for 26 states, 131 emission nodes. 22 observed values.
            gibbs: 0
    nGibbsItrPcnt: 0.8000
     annealParams: {}
           maxItr: 500
      convergeEps: 1.0000e-06
           minItr: 5
       parametric: 0
        initprobs: []
      persistBias: 0
          obsVals: []

- Initalized simulated annealing with params:
                     type: 'linear'
    max_chance_accpetance: 0.2000
             min_duration: 5
        min_init_duration: 5
             max_duration: 11
              converge_th: 1.0000e-06

--
Itr 1, LL= -16500935.781341 (Inf). Anneal status: T=NaN, dE=-212.23, collecting statistics
Itr 2, LL= -4757638.529881 (Inf). Anneal status: T=NaN, dE=-135.81, collecting statistics
Itr 3, LL= -4630293.117165 (Inf). Anneal status: T=NaN, dE=-309.37, collecting statistics
Itr 4, LL= -4554351.712242 (16400.992983). Anneal status: T=NaN, dE=-529.94, collecting statistics
Itr 5, LL= -4529252.241386 (5511.096297). Anneal status: T=NaN, dE=-74.71, collecting statistics
Itr 6, LL= -4518581.943550 (2355.863014). Anneal status: T=NaN, dE=1.60, collecting statistics
Itr 7, LL= -4512611.663789 (1321.272876). Anneal status: T=NaN, dE=141.42, collecting statistics
Itr 8, LL= -4508716.235652 (863.231412). Anneal status: T=NaN, dE=56.22, collecting statistics
Itr 9, LL= -4505986.995795 (605.325267). Anneal status: T=13.61, dE=31.37, candidate was chosen by chance
Itr 10, LL= -4503835.010854 (477.583478). Anneal status: T=13.61, dE=72.61, candidate was rejected
Itr 11, LL= -4502204.332104 (362.064495). Anneal status: T=13.61, dE=69.26, candidate was rejected
Itr 12, LL= -4500946.906671 (279.291063). Anneal status: T=13.61, dE=63.15, candidate was rejected
Itr 13, LL= -4499790.496540 (256.925966). Anneal status: T=13.61, dE=19.11, candidate was rejected
Itr 14, LL= -4498780.578829 (224.436607). Anneal status: T=12.25, dE=30.64, candidate was rejected
Itr 15, LL= -4497924.801818 (190.224217). Anneal status: T=12.25, dE=26.67, candidate was rejected
Itr 16, LL= -4497225.609015 (155.447864). Anneal status: T=12.25, dE=105.55, candidate was rejected
Itr 17, LL= -4496669.969803 (123.551554). Anneal status: T=12.25, dE=46.97, candidate was rejected
Itr 18, LL= -4496224.318864 (99.106882). Anneal status: T=12.25, dE=57.85, candidate was rejected
Itr 19, LL= -4495817.537016 (90.471876). Anneal status: T=10.89, dE=75.92, candidate was rejected
Itr 20, LL= -4495414.556276 (89.634585). Anneal status: T=10.89, dE=62.01, candidate was rejected
Itr 21, LL= -4495074.044265 (75.746521). Anneal status: T=10.89, dE=56.00, candidate was rejected
Itr 22, LL= -4494784.831000 (64.340045). Anneal status: T=10.89, dE=75.02, candidate was rejected
Itr 23, LL= -4494561.965750 (49.583074). Anneal status: T=10.89, dE=127.34, candidate was rejected
Itr 24, LL= -4494377.997672 (40.931259). Anneal status: T=9.52, dE=67.91, candidate was rejected
Itr 25, LL= -4494221.598923 (34.798753). Anneal status: T=9.52, dE=67.19, candidate was rejected
Itr 26, LL= -4494093.104167 (28.591104). Anneal status: T=9.52, dE=44.31, candidate was rejected
Itr 27, LL= -4493960.147026 (29.584866). Anneal status: T=9.52, dE=35.06, candidate was rejected
Itr 28, LL= -4493839.715214 (26.798594). Anneal status: T=9.52, dE=52.86, candidate was rejected
Itr 29, LL= -4493712.921938 (28.214908). Anneal status: T=8.16, dE=66.16, candidate was rejected
Itr 30, LL= -4493605.508427 (23.903065). Anneal status: T=8.16, dE=16.69, candidate was rejected
Itr 31, LL= -4493490.603449 (25.570775). Anneal status: T=8.16, dE=33.74, candidate was rejected
Itr 32, LL= -4493371.984631 (26.397923). Anneal status: T=8.16, dE=47.92, candidate was rejected
Itr 33, LL= -4493279.118069 (20.667455). Anneal status: T=8.16, dE=77.19, candidate was rejected
Itr 34, LL= -4493186.748530 (20.557267). Anneal status: T=6.80, dE=39.87, candidate was rejected
Itr 35, LL= -4493095.519090 (20.303950). Anneal status: T=6.80, dE=41.64, candidate was rejected
Itr 36, LL= -4493009.971714 (19.039741). Anneal status: T=6.80, dE=62.46, candidate was rejected
Itr 37, LL= -4492936.236814 (16.411025). Anneal status: T=6.80, dE=17.61, candidate was rejected
Itr 38, LL= -4492866.854169 (15.442606). Anneal status: T=6.80, dE=40.08, candidate was rejected
Itr 39, LL= -4492796.153466 (15.736211). Anneal status: T=5.44, dE=20.85, candidate was rejected
Itr 40, LL= -4492737.504865 (13.053920). Anneal status: T=5.44, dE=35.24, candidate was rejected
Itr 41, LL= -4492671.177546 (14.763231). Anneal status: T=5.44, dE=39.12, candidate was rejected
Itr 42, LL= -4492615.506285 (12.391572). Anneal status: T=5.44, dE=44.16, candidate was rejected
Itr 43, LL= -4492562.955252 (11.697202). Anneal status: T=5.44, dE=88.27, candidate was rejected
Itr 44, LL= -4492507.055687 (12.442690). Anneal status: T=4.08, dE=40.96, candidate was rejected
Itr 45, LL= -4492454.766776 (11.639138). Anneal status: T=4.08, dE=34.71, candidate was rejected
Itr 46, LL= -4492386.738703 (15.142740). Anneal status: T=4.08, dE=49.16, candidate was rejected
Itr 47, LL= -4492328.243411 (13.020983). Anneal status: T=4.08, dE=19.99, candidate was rejected
Itr 48, LL= -4492294.809234 (7.442505). Anneal status: T=4.08, dE=63.72, candidate was rejected
Itr 49, LL= -4492260.395860 (7.660533). Anneal status: T=2.72, dE=52.74, candidate was rejected
Itr 50, LL= -4492226.400957 (7.567438). Anneal status: T=2.72, dE=90.00, candidate was rejected
Itr 51, LL= -4492195.877317 (6.794769). Anneal status: T=2.72, dE=26.36, candidate was rejected
Itr 52, LL= -4492178.118191 (3.953328). Anneal status: T=2.72, dE=68.51, candidate was rejected
Itr 53, LL= -4492148.288903 (6.640273). Anneal status: T=2.72, dE=42.16, candidate was rejected
Itr 54, LL= -4492115.062426 (7.396567). Anneal status: T=1.36, dE=48.69, candidate was rejected
Itr 55, LL= -4492082.323674 (7.288049). Anneal status: T=1.36, dE=45.43, candidate was rejected
Itr 56, LL= -4492061.105787 (4.723397). Anneal status: T=1.36, dE=20.99, candidate was rejected
Itr 57, LL= -4492037.088502 (5.346607). Anneal status: T=1.36, dE=38.75, candidate was rejected
Itr 58, LL= -4492007.135591 (6.668002). Anneal status: T=1.36, dE=56.65, candidate was rejected
Itr 59, LL= -4491982.786512 (5.420534). Anneal status: T=0.00, dE=57.15, candidate was rejected
Itr 60, LL= -4491959.078522 (5.277845). Anneal status: T=0.00, dE=83.37, candidate was rejected
Itr 61, LL= -4491939.393845 (4.382203). Anneal status: T=0.00, dE=35.60, candidate was rejected
Itr 62, LL= -4491913.009207 (5.873774). Anneal status: T=0.00, dE=29.84, candidate was rejected
Itr 63, LL= -4491887.088615 (5.770502). Anneal status: T=0.00, dE=67.75, candidate was rejected
Itr 64, LL= -4491873.603825 (3.002032). Anneal status: T=0.00, dE=30.64, candidate was rejected
Itr 65, LL= -4491856.671428 (3.769562). Anneal status: T=0.00, dE=58.94, candidate was rejected
Itr 66, LL= -4491844.705993 (2.663806). Anneal status: T=0.00, dE=74.12, candidate was rejected
Itr 67, LL= -4491834.995267 (2.161857). Anneal status: T=0.00, dE=40.02, candidate was rejected
Itr 68, LL= -4491827.905292 (1.578414). Anneal status: T=0.00, dE=31.39, candidate was rejected
Itr 69, LL= -4491814.552005 (2.972796). Anneal status: T=0.00, dE=27.39, candidate was rejected
Itr 70, LL= -4491804.288858 (2.284855). Anneal status: T=0.00, dE=105.03, candidate was rejected
Itr 71, LL= -4491793.557640 (2.389066). Anneal status: T=0.00, dE=21.88, candidate was rejected
Itr 72, LL= -4491780.538506 (2.898427). Anneal status: T=0.00, dE=38.11, candidate was rejected
Itr 73, LL= -4491767.917929 (2.809705). Anneal status: T=0.00, dE=19.86, candidate was rejected
Itr 74, LL= -4491753.756665 (3.152715). Anneal status: T=0.00, dE=23.88, candidate was rejected
Itr 75, LL= -4491740.646316 (2.918759). Anneal status: T=0.00, dE=31.78, candidate was rejected
Itr 76, LL= -4491729.869213 (2.399316). Anneal status: T=0.00, dE=36.16, candidate was rejected
Itr 77, LL= -4491720.821495 (2.014306). Anneal status: T=0.00, dE=48.82, candidate was rejected
Itr 78, LL= -4491709.850047 (2.442593). Anneal status: T=0.00, dE=27.82, candidate was rejected
Itr 79, LL= -4491698.025790 (2.632462). Anneal status: T=0.00, dE=34.45, candidate was rejected
Itr 80, LL= -4491691.189820 (1.521912). Anneal status: T=0.00, dE=49.67, candidate was rejected
Itr 81, LL= -4491688.569150 (0.583448). Anneal status: T=0.00, dE=79.11, candidate was rejected
Itr 82, LL= -4491685.252358 (0.738429). Anneal status: T=0.00, dE=20.10, candidate was rejected
Itr 83, LL= -4491680.228584 (1.118461). Anneal status: T=0.00, dE=19.57, candidate was rejected
Itr 84, LL= -4491670.527142 (2.159869). Anneal status: T=0.00, dE=64.57, candidate was rejected
Itr 85, LL= -4491662.534161 (1.779512). Anneal status: T=0.00, dE=30.47, candidate was rejected
Itr 86, LL= -4491655.350152 (1.599410). Anneal status: T=0.00, dE=71.01, candidate was rejected
Itr 87, LL= -4491651.040581 (0.959462). Anneal status: T=0.00, dE=40.25, candidate was rejected
Itr 88, LL= -4491648.157868 (0.641794). Anneal status: T=0.00, dE=82.93, candidate was rejected
Itr 89, LL= -4491645.144406 (0.670903). Anneal status: T=0.00, dE=36.22, candidate was rejected
-- Annealing statistics:
Portion of times candidate was better: 0.000000
Portion of times candidate was chosen by chance: 0.011236
--
EM for 26 states, 131 emission nodes. 22 observed values.
            gibbs: 0
    nGibbsItrPcnt: 0.8000
     annealParams: {}
           maxItr: 500
      convergeEps: 1.0000e-06
           minItr: 5
       parametric: 0
        initprobs: []
      persistBias: 0
          obsVals: []

- Initalized simulated annealing with params:
                     type: 'linear'
    max_chance_accpetance: 0.2000
             min_duration: 5
        min_init_duration: 5
             max_duration: 11
              converge_th: 1.0000e-06

--
Itr 1, LL= -16466256.362800 (Inf). Anneal status: T=NaN, dE=-429.66, collecting statistics
Itr 2, LL= -4750764.960762 (Inf). Anneal status: T=NaN, dE=-561.69, collecting statistics
Itr 3, LL= -4616495.932758 (Inf). Anneal status: T=NaN, dE=-612.66, collecting statistics
Itr 4, LL= -4561268.747243 (11963.009676). Anneal status: T=NaN, dE=-149.96, collecting statistics
Itr 5, LL= -4539744.960016 (4718.815843). Anneal status: T=NaN, dE=-18.72, collecting statistics
Itr 6, LL= -4529422.717086 (2273.749521). Anneal status: T=NaN, dE=-14.36, collecting statistics
Itr 7, LL= -4523150.183202 (1384.841795). Anneal status: T=NaN, dE=34.14, collecting statistics
Itr 8, LL= -4518506.210371 (1026.712058). Anneal status: T=NaN, dE=52.66, collecting statistics
Itr 9, LL= -4514952.476281 (786.484277). Anneal status: T=NaN, dE=19.94, collecting statistics
Itr 10, LL= -4512181.679494 (613.693455). Anneal status: T=14.89, dE=50.02, candidate was rejected
Itr 11, LL= -4510211.694859 (436.592490). Anneal status: T=14.89, dE=21.90, candidate was chosen by chance
Itr 12, LL= -4508844.688509 (303.091394). Anneal status: T=14.89, dE=67.95, candidate was rejected
Itr 13, LL= -4507858.114210 (218.808668). Anneal status: T=14.89, dE=25.72, candidate was rejected
Itr 14, LL= -4507087.650716 (170.915649). Anneal status: T=14.89, dE=36.86, candidate was rejected
Itr 15, LL= -4506428.970318 (146.143241). Anneal status: T=13.40, dE=49.02, candidate was rejected
Itr 16, LL= -4505869.287751 (124.196469). Anneal status: T=13.40, dE=91.87, candidate was rejected
Itr 17, LL= -4505387.040323 (107.026502). Anneal status: T=13.40, dE=61.27, candidate was rejected
Itr 18, LL= -4505006.774277 (84.402526). Anneal status: T=13.40, dE=30.62, candidate was rejected
Itr 19, LL= -4504647.498369 (79.750359). Anneal status: T=13.40, dE=50.84, candidate was rejected
Itr 20, LL= -4504350.832003 (65.857842). Anneal status: T=11.91, dE=54.52, candidate was rejected
Itr 21, LL= -4504071.144958 (62.092642). Anneal status: T=11.91, dE=63.16, candidate was rejected
Itr 22, LL= -4503800.290402 (60.135497). Anneal status: T=11.91, dE=25.44, candidate was rejected
Itr 23, LL= -4503538.715972 (58.078603). Anneal status: T=11.91, dE=59.33, candidate was rejected
Itr 24, LL= -4503240.645010 (66.185944). Anneal status: T=11.91, dE=43.16, candidate was rejected
Itr 25, LL= -4502924.205966 (70.269184). Anneal status: T=10.42, dE=90.11, candidate was rejected
Itr 26, LL= -4502594.990601 (73.111460). Anneal status: T=10.42, dE=57.25, candidate was rejected
Itr 27, LL= -4502219.555729 (83.381888). Anneal status: T=10.42, dE=41.71, candidate was rejected
Itr 28, LL= -4501772.511693 (99.294144). Anneal status: T=10.42, dE=35.41, candidate was rejected
Itr 29, LL= -4501225.123439 (121.593940). Anneal status: T=10.42, dE=59.91, candidate was rejected
Itr 30, LL= -4500415.590753 (179.847189). Anneal status: T=8.94, dE=31.02, candidate was rejected
Itr 31, LL= -4499544.408787 (193.578115). Anneal status: T=8.94, dE=63.50, candidate was rejected
Itr 32, LL= -4499059.452059 (107.779073). Anneal status: T=8.94, dE=53.64, candidate was rejected
Itr 33, LL= -4498777.591471 (62.648780). Anneal status: T=8.94, dE=26.64, candidate was rejected
Itr 34, LL= -4498554.628391 (49.560814). Anneal status: T=8.94, dE=32.54, candidate was rejected
Itr 35, LL= -4498369.760443 (41.094966). Anneal status: T=7.45, dE=131.57, candidate was rejected
Itr 36, LL= -4498204.073449 (36.832676). Anneal status: T=7.45, dE=39.64, candidate was rejected
Itr 37, LL= -4498041.302913 (36.185672). Anneal status: T=7.45, dE=50.37, candidate was rejected
Itr 38, LL= -4497906.733774 (29.917275). Anneal status: T=7.45, dE=31.41, candidate was rejected
Itr 39, LL= -4497773.689058 (29.579252). Anneal status: T=7.45, dE=33.95, candidate was rejected
Itr 40, LL= -4497652.868725 (26.862253). Anneal status: T=5.96, dE=54.06, candidate was rejected
Itr 41, LL= -4497533.770791 (26.480019). Anneal status: T=5.96, dE=35.76, candidate was rejected
Itr 42, LL= -4497441.875904 (20.432284). Anneal status: T=5.96, dE=16.82, candidate was rejected
Itr 43, LL= -4497311.848288 (28.911461). Anneal status: T=5.96, dE=65.71, candidate was rejected
Itr 44, LL= -4497149.070008 (36.194573). Anneal status: T=5.96, dE=32.17, candidate was rejected
Itr 45, LL= -4496996.238655 (33.984053). Anneal status: T=4.47, dE=47.25, candidate was rejected
Itr 46, LL= -4496857.242308 (30.908709). Anneal status: T=4.47, dE=36.28, candidate was rejected
Itr 47, LL= -4496738.985695 (26.297613). Anneal status: T=4.47, dE=42.50, candidate was rejected
Itr 48, LL= -4496635.118236 (23.098396). Anneal status: T=4.47, dE=30.13, candidate was rejected
Itr 49, LL= -4496520.053288 (25.589123). Anneal status: T=4.47, dE=50.80, candidate was rejected
Itr 50, LL= -4496394.217148 (27.985228). Anneal status: T=2.98, dE=91.48, candidate was rejected
Itr 51, LL= -4496285.972087 (24.073748). Anneal status: T=2.98, dE=48.12, candidate was rejected
Itr 52, LL= -4496153.046741 (29.563366). Anneal status: T=2.98, dE=35.71, candidate was rejected
Itr 53, LL= -4496031.642965 (27.001700). Anneal status: T=2.98, dE=135.06, candidate was rejected
Itr 54, LL= -4495873.543959 (35.164122). Anneal status: T=2.98, dE=30.79, candidate was rejected
Itr 55, LL= -4495723.521122 (33.369007). Anneal status: T=1.49, dE=114.61, candidate was rejected
Itr 56, LL= -4495588.395918 (30.056387). Anneal status: T=1.49, dE=90.65, candidate was rejected
Itr 57, LL= -4495460.249782 (28.504864). Anneal status: T=1.49, dE=41.84, candidate was rejected
Itr 58, LL= -4495351.870645 (24.108574). Anneal status: T=1.49, dE=50.48, candidate was rejected
Itr 59, LL= -4495243.502568 (24.106695). Anneal status: T=1.49, dE=32.45, candidate was rejected
Itr 60, LL= -4495142.357618 (22.500438). Anneal status: T=0.00, dE=44.05, candidate was rejected
Itr 61, LL= -4495060.429377 (18.225950). Anneal status: T=0.00, dE=43.55, candidate was rejected
Itr 62, LL= -4494940.844394 (26.603643). Anneal status: T=0.00, dE=52.46, candidate was rejected
Itr 63, LL= -4494851.778760 (19.814640). Anneal status: T=0.00, dE=40.70, candidate was rejected
Itr 64, LL= -4494783.755119 (15.133678). Anneal status: T=0.00, dE=36.53, candidate was rejected
Itr 65, LL= -4494717.219242 (14.802910). Anneal status: T=0.00, dE=66.34, candidate was rejected
Itr 66, LL= -4494659.729911 (12.790422). Anneal status: T=0.00, dE=93.70, candidate was rejected
Itr 67, LL= -4494621.802498 (8.438328). Anneal status: T=0.00, dE=36.74, candidate was rejected
Itr 68, LL= -4494573.239183 (10.804761). Anneal status: T=0.00, dE=23.59, candidate was rejected
Itr 69, LL= -4494509.402568 (14.203043). Anneal status: T=0.00, dE=26.62, candidate was rejected
Itr 70, LL= -4494428.643945 (17.968284). Anneal status: T=0.00, dE=42.70, candidate was rejected
Itr 71, LL= -4494367.890539 (13.517493). Anneal status: T=0.00, dE=44.90, candidate was rejected
Itr 72, LL= -4494296.233079 (15.943835). Anneal status: T=0.00, dE=34.27, candidate was rejected
Itr 73, LL= -4494234.789459 (13.671466). Anneal status: T=0.00, dE=53.94, candidate was rejected
Itr 74, LL= -4494200.156026 (7.706191). Anneal status: T=0.00, dE=20.04, candidate was rejected
Itr 75, LL= -4494162.261343 (8.431908). Anneal status: T=0.00, dE=42.50, candidate was rejected
Itr 76, LL= -4494122.272773 (8.897892). Anneal status: T=0.00, dE=16.17, candidate was rejected
Itr 77, LL= -4494092.290252 (6.671497). Anneal status: T=0.00, dE=63.88, candidate was rejected
Itr 78, LL= -4494047.006630 (10.076255). Anneal status: T=0.00, dE=75.47, candidate was rejected
Itr 79, LL= -4494001.934627 (10.029268). Anneal status: T=0.00, dE=44.75, candidate was rejected
Itr 80, LL= -4493922.620335 (17.648923). Anneal status: T=0.00, dE=65.38, candidate was rejected
Itr 81, LL= -4493853.318998 (15.421124). Anneal status: T=0.00, dE=20.46, candidate was rejected
Itr 82, LL= -4493827.172119 (5.818365). Anneal status: T=0.00, dE=72.96, candidate was rejected
Itr 83, LL= -4493799.266228 (6.209827). Anneal status: T=0.00, dE=77.27, candidate was rejected
Itr 84, LL= -4493770.445283 (6.413492). Anneal status: T=0.00, dE=39.71, candidate was rejected
Itr 85, LL= -4493745.164799 (5.625673). Anneal status: T=0.00, dE=56.80, candidate was rejected
Itr 86, LL= -4493709.401338 (7.958498). Anneal status: T=0.00, dE=39.78, candidate was rejected
Itr 87, LL= -4493677.771734 (7.038640). Anneal status: T=0.00, dE=30.93, candidate was rejected
Itr 88, LL= -4493637.662878 (8.925619). Anneal status: T=0.00, dE=24.10, candidate was rejected
Itr 89, LL= -4493600.740606 (8.216566). Anneal status: T=0.00, dE=11.75, candidate was rejected
Itr 90, LL= -4493561.025788 (8.838083). Anneal status: T=0.00, dE=35.15, candidate was rejected
Itr 91, LL= -4493533.545295 (6.115527). Anneal status: T=0.00, dE=58.74, candidate was rejected
Itr 92, LL= -4493522.436627 (2.472145). Anneal status: T=0.00, dE=33.70, candidate was rejected
Itr 93, LL= -4493501.864185 (4.578244). Anneal status: T=0.00, dE=43.38, candidate was rejected
Itr 94, LL= -4493471.346877 (6.791431). Anneal status: T=0.00, dE=28.21, candidate was rejected
Itr 95, LL= -4493454.352442 (3.782028). Anneal status: T=0.00, dE=20.35, candidate was rejected
Itr 96, LL= -4493445.287363 (2.017397). Anneal status: T=0.00, dE=37.28, candidate was rejected
Itr 97, LL= -4493439.520150 (1.283472). Anneal status: T=0.00, dE=61.25, candidate was rejected
Itr 98, LL= -4493434.496024 (1.118103). Anneal status: T=0.00, dE=72.54, candidate was rejected
Itr 99, LL= -4493425.987494 (1.893547). Anneal status: T=0.00, dE=73.21, candidate was rejected
Itr 100, LL= -4493402.621259 (5.200093). Anneal status: T=0.00, dE=47.37, candidate was rejected
Itr 101, LL= -4493353.155299 (11.008575). Anneal status: T=0.00, dE=42.69, candidate was rejected
Itr 102, LL= -4493276.737486 (17.006857). Anneal status: T=0.00, dE=68.42, candidate was rejected
Itr 103, LL= -4493253.519563 (5.167258). Anneal status: T=0.00, dE=39.84, candidate was rejected
Itr 104, LL= -4493236.904572 (3.697764). Anneal status: T=0.00, dE=52.04, candidate was rejected
Itr 105, LL= -4493207.381476 (6.570563). Anneal status: T=0.00, dE=79.54, candidate was rejected
Itr 106, LL= -4493176.596179 (6.851519). Anneal status: T=0.00, dE=13.66, candidate was rejected
Itr 107, LL= -4493154.890913 (4.830717). Anneal status: T=0.00, dE=24.11, candidate was rejected
Itr 108, LL= -4493122.671991 (7.170668). Anneal status: T=0.00, dE=11.95, candidate was rejected
Itr 109, LL= -4493099.365703 (5.187103). Anneal status: T=0.00, dE=38.94, candidate was rejected
Itr 110, LL= -4493085.476736 (3.091177). Anneal status: T=0.00, dE=71.18, candidate was rejected
Itr 111, LL= -4493067.047729 (4.101637). Anneal status: T=0.00, dE=62.69, candidate was rejected
Itr 112, LL= -4493042.942997 (5.364872). Anneal status: T=0.00, dE=70.52, candidate was rejected
Itr 113, LL= -4493031.025546 (2.652423). Anneal status: T=0.00, dE=58.86, candidate was rejected
Itr 114, LL= -4493018.458858 (2.796929). Anneal status: T=0.00, dE=71.46, candidate was rejected
Itr 115, LL= -4493006.918533 (2.568502). Anneal status: T=0.00, dE=23.99, candidate was rejected
Itr 116, LL= -4492998.840253 (1.797967). Anneal status: T=0.00, dE=47.71, candidate was rejected
Itr 117, LL= -4492984.922413 (3.097673). Anneal status: T=0.00, dE=36.31, candidate was rejected
Itr 118, LL= -4492979.114510 (1.292660). Anneal status: T=0.00, dE=41.84, candidate was rejected
Itr 119, LL= -4492969.329557 (2.177832). Anneal status: T=0.00, dE=19.91, candidate was rejected
Itr 120, LL= -4492964.206834 (1.140164). Anneal status: T=0.00, dE=58.69, candidate was rejected
Itr 121, LL= -4492951.231835 (2.887848). Anneal status: T=0.00, dE=44.39, candidate was rejected
Itr 122, LL= -4492920.093118 (6.930571). Anneal status: T=0.00, dE=32.37, candidate was rejected
Itr 123, LL= -4492877.729926 (9.428877). Anneal status: T=0.00, dE=29.82, candidate was rejected
Itr 124, LL= -4492856.249626 (4.780967). Anneal status: T=0.00, dE=82.24, candidate was rejected
Itr 125, LL= -4492850.447654 (1.291377). Anneal status: T=0.00, dE=73.91, candidate was rejected
Itr 126, LL= -4492831.170743 (4.290575). Anneal status: T=0.00, dE=48.39, candidate was rejected
Itr 127, LL= -4492811.748018 (4.323048). Anneal status: T=0.00, dE=29.81, candidate was rejected
Itr 128, LL= -4492804.080227 (1.706680). Anneal status: T=0.00, dE=85.71, candidate was rejected
Itr 129, LL= -4492793.502136 (2.354452). Anneal status: T=0.00, dE=31.44, candidate was rejected
Itr 130, LL= -4492773.398755 (4.474584). Anneal status: T=0.00, dE=44.99, candidate was rejected
Itr 131, LL= -4492754.408635 (4.226815). Anneal status: T=0.00, dE=59.42, candidate was rejected
Itr 132, LL= -4492747.341770 (1.572947). Anneal status: T=0.00, dE=59.92, candidate was rejected
Itr 133, LL= -4492736.331103 (2.450765). Anneal status: T=0.00, dE=64.02, candidate was rejected
Itr 134, LL= -4492726.650559 (2.154710). Anneal status: T=0.00, dE=86.16, candidate was rejected
Itr 135, LL= -4492721.207198 (1.211594). Anneal status: T=0.00, dE=27.72, candidate was rejected
Itr 136, LL= -4492717.311803 (0.867046). Anneal status: T=0.00, dE=60.35, candidate was rejected
Itr 137, LL= -4492711.787757 (1.229556). Anneal status: T=0.00, dE=82.05, candidate was rejected
Itr 138, LL= -4492704.057978 (1.720515). Anneal status: T=0.00, dE=30.15, candidate was rejected
Itr 139, LL= -4492698.330470 (1.274847). Anneal status: T=0.00, dE=55.70, candidate was rejected
Itr 140, LL= -4492689.601710 (1.942877). Anneal status: T=0.00, dE=34.31, candidate was rejected
Itr 141, LL= -4492683.495530 (1.359137). Anneal status: T=0.00, dE=48.88, candidate was rejected
Itr 142, LL= -4492670.193181 (2.960892). Anneal status: T=0.00, dE=53.01, candidate was rejected
Itr 143, LL= -4492654.904859 (3.402948). Anneal status: T=0.00, dE=31.92, candidate was rejected
Itr 144, LL= -4492643.833422 (2.464342). Anneal status: T=0.00, dE=31.20, candidate was rejected
Itr 145, LL= -4492631.908776 (2.654260). Anneal status: T=0.00, dE=26.20, candidate was rejected
Itr 146, LL= -4492620.405680 (2.560436). Anneal status: T=0.00, dE=70.74, candidate was rejected
Itr 147, LL= -4492609.999425 (2.316300). Anneal status: T=0.00, dE=36.39, candidate was rejected
Itr 148, LL= -4492605.728390 (0.950680). Anneal status: T=0.00, dE=68.95, candidate was rejected
Itr 149, LL= -4492599.908041 (1.295540). Anneal status: T=0.00, dE=46.31, candidate was rejected
Itr 150, LL= -4492592.755787 (1.592008). Anneal status: T=0.00, dE=35.17, candidate was rejected
Itr 151, LL= -4492583.205550 (2.125774). Anneal status: T=0.00, dE=58.43, candidate was rejected
Itr 152, LL= -4492576.552682 (1.480856). Anneal status: T=0.00, dE=5.43, candidate was rejected
Itr 153, LL= -4492573.152798 (0.756778). Anneal status: T=0.00, dE=87.07, candidate was rejected
Itr 154, LL= -4492570.376417 (0.617993). Anneal status: T=0.00, dE=23.07, candidate was rejected
Itr 155, LL= -4492566.945058 (0.763785). Anneal status: T=0.00, dE=83.56, candidate was rejected
-- Annealing statistics:
Portion of times candidate was better: 0.000000
Portion of times candidate was chosen by chance: 0.006452
--
Your MATLAB session has timed out.  All license keys have been returned.
EM for 26 states, 131 emission nodes. 22 observed values.
            gibbs: 0
    nGibbsItrPcnt: 0.8000
     annealParams: {}
           maxItr: 500
      convergeEps: 1.0000e-06
           minItr: 5
       parametric: 0
        initprobs: []
      persistBias: 0
          obsVals: []

- Initalized simulated annealing with params:
                     type: 'linear'
    max_chance_accpetance: 0.2000
             min_duration: 5
        min_init_duration: 5
             max_duration: 11
              converge_th: 1.0000e-06

--
Itr 1, LL= -16458968.869190 (Inf). Anneal status: T=NaN, dE=-105.17, collecting statistics
Itr 2, LL= -4772190.118299 (Inf). Anneal status: T=NaN, dE=-353.50, collecting statistics
Itr 3, LL= -4640494.146799 (Inf). Anneal status: T=NaN, dE=-554.27, collecting statistics
Itr 4, LL= -4564777.127518 (16316.585451). Anneal status: T=NaN, dE=-224.94, collecting statistics
Itr 5, LL= -4536135.331372 (6274.522358). Anneal status: T=NaN, dE=21.61, collecting statistics
Itr 6, LL= -4524247.757117 (2620.639242). Anneal status: T=NaN, dE=78.38, collecting statistics
Itr 7, LL= -4518107.718789 (1357.140161). Anneal status: T=NaN, dE=-0.71, collecting statistics
Itr 8, LL= -4514372.689807 (826.679932). Anneal status: T=NaN, dE=17.61, collecting statistics
Itr 9, LL= -4511835.231664 (562.084329). Anneal status: T=7.52, dE=41.97, candidate was rejected
Itr 10, LL= -4509952.232484 (417.346619). Anneal status: T=7.52, dE=69.38, candidate was rejected
Itr 11, LL= -4508480.544088 (326.320174). Anneal status: T=7.52, dE=28.00, candidate was rejected
Itr 12, LL= -4507370.628257 (246.184013). Anneal status: T=7.52, dE=26.27, candidate was rejected
Itr 13, LL= -4506495.319949 (194.194882). Anneal status: T=7.52, dE=41.97, candidate was rejected
Itr 14, LL= -4505750.472129 (165.283167). Anneal status: T=6.77, dE=38.97, candidate was rejected
Itr 15, LL= -4505105.594370 (143.123274). Anneal status: T=6.77, dE=41.73, candidate was rejected
Itr 16, LL= -4504569.924130 (118.902926). Anneal status: T=6.77, dE=29.04, candidate was rejected
Itr 17, LL= -4504068.483131 (111.318285). Anneal status: T=6.77, dE=41.87, candidate was rejected
Itr 18, LL= -4503667.150961 (89.104367). Anneal status: T=6.77, dE=60.00, candidate was rejected
Itr 19, LL= -4503331.020801 (74.634770). Anneal status: T=6.02, dE=28.60, candidate was rejected
Itr 20, LL= -4503027.164416 (67.473695). Anneal status: T=6.02, dE=75.97, candidate was rejected
Itr 21, LL= -4502701.313922 (72.362542). Anneal status: T=6.02, dE=56.33, candidate was rejected
Itr 22, LL= -4502347.830327 (78.504784). Anneal status: T=6.02, dE=57.74, candidate was rejected
Itr 23, LL= -4501983.235678 (80.978783). Anneal status: T=6.02, dE=24.73, candidate was rejected
Itr 24, LL= -4501566.098718 (92.656267). Anneal status: T=5.26, dE=42.11, candidate was rejected
Itr 25, LL= -4501087.800117 (106.251600). Anneal status: T=5.26, dE=60.40, candidate was rejected
Itr 26, LL= -4500545.511767 (120.479398). Anneal status: T=5.26, dE=23.46, candidate was rejected
Itr 27, LL= -4499832.339777 (158.463455). Anneal status: T=5.26, dE=40.63, candidate was rejected
Itr 28, LL= -4499047.320917 (174.455135). Anneal status: T=5.26, dE=57.68, candidate was rejected
Itr 29, LL= -4498458.036145 (130.979901). Anneal status: T=4.51, dE=65.35, candidate was rejected
Itr 30, LL= -4498236.355215 (49.279315). Anneal status: T=4.51, dE=67.89, candidate was rejected
Itr 31, LL= -4498107.371523 (28.674281). Anneal status: T=4.51, dE=40.73, candidate was rejected
Itr 32, LL= -4497991.030233 (25.864498). Anneal status: T=4.51, dE=47.81, candidate was rejected
Itr 33, LL= -4497911.062442 (17.778557). Anneal status: T=4.51, dE=65.04, candidate was rejected
Itr 34, LL= -4497858.231801 (11.745595). Anneal status: T=3.76, dE=87.15, candidate was rejected
Itr 35, LL= -4497780.498819 (17.282222). Anneal status: T=3.76, dE=12.26, candidate was rejected
Itr 36, LL= -4497727.800730 (11.716465). Anneal status: T=3.76, dE=39.11, candidate was rejected
Itr 37, LL= -4497686.488018 (9.185241). Anneal status: T=3.76, dE=33.69, candidate was rejected
Itr 38, LL= -4497642.411895 (9.799732). Anneal status: T=3.76, dE=51.10, candidate was rejected
Itr 39, LL= -4497597.954274 (9.884650). Anneal status: T=3.01, dE=31.85, candidate was rejected
Itr 40, LL= -4497554.718606 (9.613057). Anneal status: T=3.01, dE=32.53, candidate was rejected
Itr 41, LL= -4497518.339572 (8.088625). Anneal status: T=3.01, dE=25.99, candidate was rejected
Itr 42, LL= -4497467.160247 (11.379459). Anneal status: T=3.01, dE=32.54, candidate was rejected
Itr 43, LL= -4497414.356381 (11.740801). Anneal status: T=3.01, dE=84.48, candidate was rejected
Itr 44, LL= -4497383.525731 (6.855194). Anneal status: T=2.26, dE=68.82, candidate was rejected
Itr 45, LL= -4497351.149511 (7.198901). Anneal status: T=2.26, dE=51.65, candidate was rejected
Itr 46, LL= -4497319.904465 (6.947433). Anneal status: T=2.26, dE=43.40, candidate was rejected
Itr 47, LL= -4497284.084987 (7.964627). Anneal status: T=2.26, dE=44.59, candidate was rejected
Itr 48, LL= -4497253.494051 (6.802091). Anneal status: T=2.26, dE=22.40, candidate was rejected
Itr 49, LL= -4497208.983712 (9.897227). Anneal status: T=1.50, dE=29.46, candidate was rejected
Itr 50, LL= -4497150.364326 (13.034615). Anneal status: T=1.50, dE=38.27, candidate was rejected
Itr 51, LL= -4497120.478628 (6.645475). Anneal status: T=1.50, dE=114.98, candidate was rejected
Itr 52, LL= -4497089.534198 (6.880943). Anneal status: T=1.50, dE=50.06, candidate was rejected
Itr 53, LL= -4497070.491515 (4.234446). Anneal status: T=1.50, dE=81.79, candidate was rejected
Itr 54, LL= -4497051.690168 (4.180799). Anneal status: T=0.75, dE=92.67, candidate was rejected
Itr 55, LL= -4497032.034961 (4.370687). Anneal status: T=0.75, dE=42.63, candidate was rejected
Itr 56, LL= -4497009.863128 (4.930326). Anneal status: T=0.75, dE=42.88, candidate was rejected
Itr 57, LL= -4496994.939054 (3.318666). Anneal status: T=0.75, dE=71.31, candidate was rejected
Itr 58, LL= -4496979.247069 (3.489438). Anneal status: T=0.75, dE=40.38, candidate was rejected
Itr 59, LL= -4496955.666588 (5.243627). Anneal status: T=0.00, dE=46.72, candidate was rejected
Itr 60, LL= -4496910.230041 (10.103846). Anneal status: T=0.00, dE=41.41, candidate was rejected
Itr 61, LL= -4496888.074696 (4.926793). Anneal status: T=0.00, dE=83.21, candidate was rejected
Itr 62, LL= -4496874.342814 (3.053641). Anneal status: T=0.00, dE=60.93, candidate was rejected
Itr 63, LL= -4496855.471169 (4.196614). Anneal status: T=0.00, dE=23.54, candidate was rejected
Itr 64, LL= -4496829.690538 (5.733035). Anneal status: T=0.00, dE=106.58, candidate was rejected
Itr 65, LL= -4496800.688247 (6.449497). Anneal status: T=0.00, dE=17.68, candidate was rejected
Itr 66, LL= -4496779.699740 (4.667431). Anneal status: T=0.00, dE=45.99, candidate was rejected
Itr 67, LL= -4496761.603212 (4.024331). Anneal status: T=0.00, dE=72.82, candidate was rejected
Itr 68, LL= -4496748.244198 (2.970808). Anneal status: T=0.00, dE=27.63, candidate was rejected
Itr 69, LL= -4496729.923011 (4.074319). Anneal status: T=0.00, dE=39.12, candidate was rejected
Itr 70, LL= -4496706.248547 (5.264818). Anneal status: T=0.00, dE=24.55, candidate was rejected
Itr 71, LL= -4496688.268443 (3.998506). Anneal status: T=0.00, dE=33.08, candidate was rejected
Itr 72, LL= -4496674.075050 (3.156410). Anneal status: T=0.00, dE=21.93, candidate was rejected
Itr 73, LL= -4496662.281479 (2.622732). Anneal status: T=0.00, dE=20.69, candidate was rejected
Itr 74, LL= -4496648.370550 (3.093612). Anneal status: T=0.00, dE=52.86, candidate was rejected
Itr 75, LL= -4496625.529433 (5.079587). Anneal status: T=0.00, dE=60.29, candidate was rejected
Itr 76, LL= -4496601.039283 (5.446340). Anneal status: T=0.00, dE=85.99, candidate was rejected
Itr 77, LL= -4496567.423475 (7.475826). Anneal status: T=0.00, dE=53.45, candidate was rejected
Itr 78, LL= -4496538.089093 (6.523728). Anneal status: T=0.00, dE=8.02, candidate was rejected
Itr 79, LL= -4496509.920025 (6.264612). Anneal status: T=0.00, dE=31.37, candidate was rejected
Itr 80, LL= -4496496.174980 (3.056825). Anneal status: T=0.00, dE=32.90, candidate was rejected
Itr 81, LL= -4496484.954273 (2.495434). Anneal status: T=0.00, dE=41.86, candidate was rejected
Itr 82, LL= -4496471.625476 (2.964270). Anneal status: T=0.00, dE=57.12, candidate was rejected
Itr 83, LL= -4496456.388307 (3.388695). Anneal status: T=0.00, dE=29.38, candidate was rejected
Itr 84, LL= -4496444.345550 (2.678277). Anneal status: T=0.00, dE=103.49, candidate was rejected
Itr 85, LL= -4496434.658385 (2.154406). Anneal status: T=0.00, dE=71.63, candidate was rejected
Itr 86, LL= -4496423.626660 (2.453438). Anneal status: T=0.00, dE=61.92, candidate was rejected
Itr 87, LL= -4496407.842015 (3.510489). Anneal status: T=0.00, dE=40.51, candidate was rejected
Itr 88, LL= -4496390.277578 (3.906326). Anneal status: T=0.00, dE=21.73, candidate was rejected
Itr 89, LL= -4496380.827400 (2.101725). Anneal status: T=0.00, dE=32.49, candidate was rejected
Itr 90, LL= -4496373.490741 (1.631681). Anneal status: T=0.00, dE=59.76, candidate was rejected
Itr 91, LL= -4496360.425385 (2.905754). Anneal status: T=0.00, dE=16.10, candidate was rejected
Itr 92, LL= -4496331.145422 (6.511925). Anneal status: T=0.00, dE=41.00, candidate was rejected
Itr 93, LL= -4496320.203043 (2.433624). Anneal status: T=0.00, dE=29.36, candidate was rejected
Itr 94, LL= -4496304.762933 (3.433944). Anneal status: T=0.00, dE=70.79, candidate was rejected
Itr 95, LL= -4496280.251137 (5.451542). Anneal status: T=0.00, dE=30.66, candidate was rejected
Itr 96, LL= -4496264.744821 (3.448699). Anneal status: T=0.00, dE=11.92, candidate was rejected
Itr 97, LL= -4496253.789048 (2.436639). Anneal status: T=0.00, dE=17.61, candidate was rejected
Itr 98, LL= -4496235.381396 (4.093998). Anneal status: T=0.00, dE=28.57, candidate was rejected
Itr 99, LL= -4496228.884482 (1.444968). Anneal status: T=0.00, dE=32.80, candidate was rejected
Itr 100, LL= -4496223.111955 (1.283860). Anneal status: T=0.00, dE=76.02, candidate was rejected
Itr 101, LL= -4496214.077422 (2.009360). Anneal status: T=0.00, dE=45.11, candidate was rejected
Itr 102, LL= -4496205.448010 (1.919262). Anneal status: T=0.00, dE=40.77, candidate was rejected
Itr 103, LL= -4496199.387162 (1.347992). Anneal status: T=0.00, dE=81.90, candidate was rejected
Itr 104, LL= -4496193.378122 (1.336471). Anneal status: T=0.00, dE=55.68, candidate was rejected
Itr 105, LL= -4496185.192206 (1.820633). Anneal status: T=0.00, dE=47.26, candidate was rejected
Itr 106, LL= -4496174.470460 (2.384632). Anneal status: T=0.00, dE=48.52, candidate was rejected
Itr 107, LL= -4496164.879441 (2.133151). Anneal status: T=0.00, dE=62.22, candidate was rejected
Itr 108, LL= -4496158.530836 (1.412005). Anneal status: T=0.00, dE=39.68, candidate was rejected
Itr 109, LL= -4496151.926333 (1.468921). Anneal status: T=0.00, dE=25.04, candidate was rejected
Itr 110, LL= -4496141.889040 (2.232419). Anneal status: T=0.00, dE=93.85, candidate was rejected
Itr 111, LL= -4496133.224349 (1.927139). Anneal status: T=0.00, dE=29.03, candidate was rejected
Itr 112, LL= -4496122.477725 (2.390192). Anneal status: T=0.00, dE=17.14, candidate was rejected
Itr 113, LL= -4496099.303265 (5.154322). Anneal status: T=0.00, dE=18.81, candidate was rejected
Itr 114, LL= -4496056.505028 (9.518971). Anneal status: T=0.00, dE=14.49, candidate was rejected
Itr 115, LL= -4496041.787495 (3.273432). Anneal status: T=0.00, dE=49.17, candidate was rejected
Itr 116, LL= -4496033.225950 (1.904240). Anneal status: T=0.00, dE=18.31, candidate was rejected
Itr 117, LL= -4496024.855744 (1.861687). Anneal status: T=0.00, dE=62.16, candidate was rejected
Itr 118, LL= -4496020.696182 (0.925164). Anneal status: T=0.00, dE=45.96, candidate was rejected
Itr 119, LL= -4496017.171963 (0.783853). Anneal status: T=0.00, dE=29.11, candidate was rejected
Itr 120, LL= -4496011.206141 (1.326913). Anneal status: T=0.00, dE=20.75, candidate was rejected
Itr 121, LL= -4496004.357242 (1.523328). Anneal status: T=0.00, dE=37.13, candidate was rejected
Itr 122, LL= -4495997.515512 (1.521736). Anneal status: T=0.00, dE=58.65, candidate was rejected
Itr 123, LL= -4495991.180632 (1.409004). Anneal status: T=0.00, dE=123.18, candidate was rejected
Itr 124, LL= -4495984.284569 (1.533825). Anneal status: T=0.00, dE=53.45, candidate was rejected
Itr 125, LL= -4495975.812368 (1.884393). Anneal status: T=0.00, dE=70.14, candidate was rejected
Itr 126, LL= -4495971.535412 (0.951286). Anneal status: T=0.00, dE=81.24, candidate was rejected
Itr 127, LL= -4495966.463514 (1.128098). Anneal status: T=0.00, dE=40.27, candidate was rejected
Itr 128, LL= -4495958.407568 (1.791816). Anneal status: T=0.00, dE=76.68, candidate was rejected
Itr 129, LL= -4495947.308574 (2.468660). Anneal status: T=0.00, dE=31.97, candidate was rejected
Itr 130, LL= -4495935.728338 (2.575705). Anneal status: T=0.00, dE=27.58, candidate was rejected
Itr 131, LL= -4495924.641935 (2.465872). Anneal status: T=0.00, dE=157.69, candidate was rejected
Itr 132, LL= -4495921.978355 (0.592443). Anneal status: T=0.00, dE=57.00, candidate was rejected
Itr 133, LL= -4495917.451661 (1.006844). Anneal status: T=0.00, dE=14.90, candidate was rejected
Itr 134, LL= -4495905.884640 (2.572783). Anneal status: T=0.00, dE=23.06, candidate was rejected
Itr 135, LL= -4495901.458440 (0.984496). Anneal status: T=0.00, dE=36.55, candidate was rejected
Itr 136, LL= -4495893.511166 (1.767671). Anneal status: T=0.00, dE=33.89, candidate was rejected
Itr 137, LL= -4495888.434427 (1.129194). Anneal status: T=0.00, dE=77.92, candidate was rejected
Itr 138, LL= -4495887.162877 (0.282825). Anneal status: T=0.00, dE=67.45, candidate was rejected
Itr 139, LL= -4495885.343587 (0.404657). Anneal status: T=0.00, dE=117.24, candidate was rejected
Itr 140, LL= -4495879.685543 (1.258494). Anneal status: T=0.00, dE=46.22, candidate was rejected
Itr 141, LL= -4495872.122097 (1.682306). Anneal status: T=0.00, dE=40.11, candidate was rejected
Itr 142, LL= -4495869.801304 (0.516205). Anneal status: T=0.00, dE=29.41, candidate was rejected
Itr 143, LL= -4495868.161751 (0.364680). Anneal status: T=0.00, dE=87.35, candidate was rejected
Itr 144, LL= -4495865.241453 (0.649552). Anneal status: T=0.00, dE=4.74, candidate was rejected
-- Annealing statistics:
Portion of times candidate was better: 0.000000
Portion of times candidate was chosen by chance: 0.000000
--
>> 