My SLURM_ARRAY_TASK_ID:  17

                            < M A T L A B (R) >
                  Copyright 1984-2014 The MathWorks, Inc.
                   R2014b (8.4.0.150421) 64-bit (glnxa64)
                             September 15, 2014

 
For online documentation, see http://www.mathworks.com/support
For product information, visit www.mathworks.com.
 
EM for 17 states, 131 emission nodes. 22 observed values.
            gibbs: 0
    nGibbsItrPcnt: 0.8000
     annealParams: {}
           maxItr: 500
      convergeEps: 1.0000e-06
           minItr: 5
       parametric: 0
        initprobs: []
      persistBias: 0
          obsVals: []

- Initalized simulated annealing with params:
                     type: 'linear'
    max_chance_accpetance: 0.2000
             min_duration: 5
        min_init_duration: 5
             max_duration: 11
              converge_th: 1.0000e-06

--
Itr 1, LL= -16477440.355354 (Inf). Anneal status: T=NaN, dE=-219.34, collecting statistics
Itr 2, LL= -4771777.817352 (Inf). Anneal status: T=NaN, dE=-181.09, collecting statistics
Itr 3, LL= -4647938.680588 (Inf). Anneal status: T=NaN, dE=-587.71, collecting statistics
Itr 4, LL= -4590764.375455 (12301.002458). Anneal status: T=NaN, dE=-643.75, collecting statistics
Itr 5, LL= -4557014.883826 (7351.606153). Anneal status: T=NaN, dE=-62.36, collecting statistics
Itr 6, LL= -4541209.007011 (3468.471624). Anneal status: T=NaN, dE=56.27, collecting statistics
Itr 7, LL= -4533974.626145 (1593.051730). Anneal status: T=NaN, dE=36.82, collecting statistics
Itr 8, LL= -4530124.788600 (849.108754). Anneal status: T=NaN, dE=4.33, collecting statistics
Itr 9, LL= -4527987.269737 (471.845471). Anneal status: T=5.31, dE=24.07, candidate was rejected
Itr 10, LL= -4526665.347450 (291.944789). Anneal status: T=5.31, dE=62.32, candidate was rejected
Itr 11, LL= -4525741.745310 (204.035878). Anneal status: T=5.31, dE=29.61, candidate was rejected
Itr 12, LL= -4524956.454732 (173.516436). Anneal status: T=5.31, dE=28.91, candidate was rejected
Itr 13, LL= -4524259.529875 (154.018025). Anneal status: T=5.31, dE=36.78, candidate was rejected
Itr 14, LL= -4523603.051850 (145.101761). Anneal status: T=4.78, dE=57.96, candidate was rejected
Itr 15, LL= -4522953.055728 (143.689911). Anneal status: T=4.78, dE=62.83, candidate was rejected
Itr 16, LL= -4522146.089015 (178.415894). Anneal status: T=4.78, dE=47.41, candidate was rejected
Itr 17, LL= -4521178.497504 (213.967327). Anneal status: T=4.78, dE=103.77, candidate was rejected
Itr 18, LL= -4520328.969489 (187.899685). Anneal status: T=4.78, dE=42.65, candidate was rejected
Itr 19, LL= -4519885.941714 (98.007861). Anneal status: T=4.25, dE=65.89, candidate was rejected
Itr 20, LL= -4519551.568619 (73.978215). Anneal status: T=4.25, dE=40.66, candidate was rejected
Itr 21, LL= -4519270.677908 (62.150129). Anneal status: T=4.25, dE=55.33, candidate was rejected
Itr 22, LL= -4519060.001717 (46.617299). Anneal status: T=4.25, dE=63.60, candidate was rejected
Itr 23, LL= -4518880.380018 (39.747580). Anneal status: T=4.25, dE=86.28, candidate was rejected
Itr 24, LL= -4518717.570818 (36.028659). Anneal status: T=3.72, dE=141.67, candidate was rejected
Itr 25, LL= -4518569.671435 (32.730389). Anneal status: T=3.72, dE=23.76, candidate was rejected
Itr 26, LL= -4518422.852286 (32.492395). Anneal status: T=3.72, dE=105.30, candidate was rejected
Itr 27, LL= -4518303.513158 (26.411678). Anneal status: T=3.72, dE=39.50, candidate was rejected
Itr 28, LL= -4518195.618184 (23.879532). Anneal status: T=3.72, dE=80.48, candidate was rejected
Itr 29, LL= -4518100.478219 (21.057071). Anneal status: T=3.18, dE=100.35, candidate was rejected
Itr 30, LL= -4518002.623590 (21.658356). Anneal status: T=3.18, dE=63.96, candidate was rejected
Itr 31, LL= -4517913.115544 (19.811420). Anneal status: T=3.18, dE=42.59, candidate was rejected
Itr 32, LL= -4517838.554311 (16.503468). Anneal status: T=3.18, dE=63.98, candidate was rejected
Itr 33, LL= -4517775.144498 (14.035431). Anneal status: T=3.18, dE=62.57, candidate was rejected
Itr 34, LL= -4517718.663730 (12.501899). Anneal status: T=2.65, dE=73.45, candidate was rejected
Itr 35, LL= -4517664.355738 (12.021110). Anneal status: T=2.65, dE=51.37, candidate was rejected
Itr 36, LL= -4517605.267513 (13.079375). Anneal status: T=2.65, dE=81.95, candidate was rejected
Itr 37, LL= -4517536.912666 (15.130770). Anneal status: T=2.65, dE=86.34, candidate was rejected
Itr 38, LL= -4517496.173050 (9.018104). Anneal status: T=2.65, dE=33.45, candidate was rejected
Itr 39, LL= -4517468.057274 (6.223752). Anneal status: T=2.12, dE=29.17, candidate was rejected
Itr 40, LL= -4517438.921285 (6.449628). Anneal status: T=2.12, dE=19.85, candidate was rejected
Itr 41, LL= -4517406.694340 (7.133897). Anneal status: T=2.12, dE=33.70, candidate was rejected
Itr 42, LL= -4517379.959544 (5.918173). Anneal status: T=2.12, dE=37.68, candidate was rejected
Itr 43, LL= -4517350.638054 (6.490818). Anneal status: T=2.12, dE=59.19, candidate was rejected
Itr 44, LL= -4517325.076953 (5.658428). Anneal status: T=1.59, dE=66.12, candidate was rejected
Itr 45, LL= -4517299.842247 (5.586206). Anneal status: T=1.59, dE=50.34, candidate was rejected
Itr 46, LL= -4517282.185423 (3.908712). Anneal status: T=1.59, dE=36.13, candidate was rejected
Itr 47, LL= -4517254.830755 (6.055559). Anneal status: T=1.59, dE=43.13, candidate was rejected
Itr 48, LL= -4517224.233675 (6.773379). Anneal status: T=1.59, dE=114.91, candidate was rejected
Itr 49, LL= -4517189.667467 (7.652090). Anneal status: T=1.06, dE=33.20, candidate was rejected
Itr 50, LL= -4517160.170613 (6.529913). Anneal status: T=1.06, dE=126.40, candidate was rejected
Itr 51, LL= -4517132.518757 (6.121513). Anneal status: T=1.06, dE=63.12, candidate was rejected
Itr 52, LL= -4517117.362669 (3.355245). Anneal status: T=1.06, dE=41.48, candidate was rejected
Itr 53, LL= -4517090.040198 (6.048652). Anneal status: T=1.06, dE=65.39, candidate was rejected
Itr 54, LL= -4517075.314668 (3.259959). Anneal status: T=0.53, dE=23.37, candidate was rejected
Itr 55, LL= -4517065.952958 (2.072516). Anneal status: T=0.53, dE=23.35, candidate was rejected
Itr 56, LL= -4517049.755172 (3.585909). Anneal status: T=0.53, dE=104.56, candidate was rejected
Itr 57, LL= -4517014.648461 (7.772044). Anneal status: T=0.53, dE=63.62, candidate was rejected
Itr 58, LL= -4516988.642696 (5.757290). Anneal status: T=0.53, dE=10.61, candidate was rejected
Itr 59, LL= -4516973.863314 (3.271955). Anneal status: T=0.00, dE=60.19, candidate was rejected
Itr 60, LL= -4516951.337303 (4.986969). Anneal status: T=0.00, dE=87.92, candidate was rejected
Itr 61, LL= -4516918.377079 (7.297007). Anneal status: T=0.00, dE=41.07, candidate was rejected
Itr 62, LL= -4516872.559309 (10.143591). Anneal status: T=0.00, dE=11.10, candidate was rejected
Itr 63, LL= -4516856.315770 (3.596192). Anneal status: T=0.00, dE=27.44, candidate was rejected
Itr 64, LL= -4516840.826295 (3.429260). Anneal status: T=0.00, dE=41.14, candidate was rejected
Itr 65, LL= -4516824.162740 (3.689206). Anneal status: T=0.00, dE=77.28, candidate was rejected
Itr 66, LL= -4516804.011365 (4.461403). Anneal status: T=0.00, dE=54.03, candidate was rejected
Itr 67, LL= -4516774.781088 (6.471451). Anneal status: T=0.00, dE=28.88, candidate was rejected
Itr 68, LL= -4516760.848468 (3.084639). Anneal status: T=0.00, dE=27.47, candidate was rejected
Itr 69, LL= -4516749.592456 (2.492054). Anneal status: T=0.00, dE=121.90, candidate was rejected
Itr 70, LL= -4516735.979598 (3.013862). Anneal status: T=0.00, dE=74.66, candidate was rejected
Itr 71, LL= -4516722.594770 (2.963385). Anneal status: T=0.00, dE=74.83, candidate was rejected
Itr 72, LL= -4516704.475508 (4.011595). Anneal status: T=0.00, dE=14.21, candidate was rejected
Itr 73, LL= -4516689.704909 (3.270216). Anneal status: T=0.00, dE=29.55, candidate was rejected
Itr 74, LL= -4516680.590714 (2.017893). Anneal status: T=0.00, dE=57.83, candidate was rejected
Itr 75, LL= -4516670.611585 (2.209395). Anneal status: T=0.00, dE=92.51, candidate was rejected
Itr 76, LL= -4516661.243937 (2.074016). Anneal status: T=0.00, dE=117.90, candidate was rejected
Itr 77, LL= -4516652.628127 (1.907562). Anneal status: T=0.00, dE=100.28, candidate was rejected
Itr 78, LL= -4516641.367370 (2.493164). Anneal status: T=0.00, dE=22.46, candidate was rejected
Itr 79, LL= -4516631.249909 (2.240041). Anneal status: T=0.00, dE=37.23, candidate was rejected
Itr 80, LL= -4516625.063241 (1.369753). Anneal status: T=0.00, dE=24.90, candidate was rejected
Itr 81, LL= -4516615.775675 (2.056307). Anneal status: T=0.00, dE=102.10, candidate was rejected
Itr 82, LL= -4516603.225890 (2.778581). Anneal status: T=0.00, dE=28.05, candidate was rejected
Itr 83, LL= -4516594.089723 (2.022796). Anneal status: T=0.00, dE=138.41, candidate was rejected
Itr 84, LL= -4516584.744410 (2.069106). Anneal status: T=0.00, dE=86.78, candidate was rejected
Itr 85, LL= -4516578.270038 (1.433466). Anneal status: T=0.00, dE=37.83, candidate was rejected
Itr 86, LL= -4516572.252376 (1.332350). Anneal status: T=0.00, dE=24.87, candidate was rejected
Itr 87, LL= -4516567.625380 (1.024448). Anneal status: T=0.00, dE=26.13, candidate was rejected
Itr 88, LL= -4516562.955483 (1.033948). Anneal status: T=0.00, dE=99.26, candidate was rejected
Itr 89, LL= -4516558.238174 (1.044447). Anneal status: T=0.00, dE=19.42, candidate was rejected
Itr 90, LL= -4516551.201959 (1.557871). Anneal status: T=0.00, dE=15.04, candidate was rejected
Itr 91, LL= -4516535.097753 (3.565598). Anneal status: T=0.00, dE=14.79, candidate was rejected
Itr 92, LL= -4516528.432572 (1.475729). Anneal status: T=0.00, dE=67.45, candidate was rejected
Itr 93, LL= -4516518.898362 (2.110960). Anneal status: T=0.00, dE=42.20, candidate was rejected
Itr 94, LL= -4516505.919308 (2.873685). Anneal status: T=0.00, dE=34.97, candidate was rejected
Itr 95, LL= -4516497.346273 (1.898157). Anneal status: T=0.00, dE=77.52, candidate was rejected
Itr 96, LL= -4516491.369734 (1.323269). Anneal status: T=0.00, dE=65.38, candidate was rejected
Itr 97, LL= -4516483.605215 (1.719148). Anneal status: T=0.00, dE=83.03, candidate was rejected
Itr 98, LL= -4516473.034936 (2.340378). Anneal status: T=0.00, dE=66.54, candidate was rejected
Itr 99, LL= -4516464.783778 (1.826903). Anneal status: T=0.00, dE=89.21, candidate was rejected
Itr 100, LL= -4516453.665330 (2.461759). Anneal status: T=0.00, dE=37.15, candidate was rejected
Itr 101, LL= -4516449.076945 (1.015926). Anneal status: T=0.00, dE=38.44, candidate was rejected
Itr 102, LL= -4516446.849002 (0.493295). Anneal status: T=0.00, dE=16.75, candidate was rejected
Itr 103, LL= -4516442.286803 (1.010130). Anneal status: T=0.00, dE=42.00, candidate was rejected
Itr 104, LL= -4516439.456321 (0.626706). Anneal status: T=0.00, dE=42.89, candidate was rejected
Itr 105, LL= -4516435.361160 (0.906723). Anneal status: T=0.00, dE=65.53, candidate was rejected
Itr 106, LL= -4516426.293844 (2.007627). Anneal status: T=0.00, dE=70.50, candidate was rejected
Itr 107, LL= -4516421.696520 (1.017912). Anneal status: T=0.00, dE=32.51, candidate was rejected
Itr 108, LL= -4516414.442436 (1.606157). Anneal status: T=0.00, dE=46.96, candidate was rejected
Itr 109, LL= -4516407.015388 (1.644457). Anneal status: T=0.00, dE=61.62, candidate was rejected
Itr 110, LL= -4516396.654120 (2.294140). Anneal status: T=0.00, dE=33.99, candidate was rejected
Itr 111, LL= -4516391.734165 (1.089354). Anneal status: T=0.00, dE=35.77, candidate was rejected
Itr 112, LL= -4516386.037678 (1.261292). Anneal status: T=0.00, dE=40.41, candidate was rejected
Itr 113, LL= -4516383.005619 (0.671346). Anneal status: T=0.00, dE=16.30, candidate was rejected
Itr 114, LL= -4516380.511530 (0.552232). Anneal status: T=0.00, dE=45.95, candidate was rejected
Itr 115, LL= -4516377.097292 (0.755968). Anneal status: T=0.00, dE=16.12, candidate was rejected
-- Annealing statistics:
Portion of times candidate was better: 0.000000
Portion of times candidate was chosen by chance: 0.000000
--
EM for 17 states, 131 emission nodes. 22 observed values.
            gibbs: 0
    nGibbsItrPcnt: 0.8000
     annealParams: {}
           maxItr: 500
      convergeEps: 1.0000e-06
           minItr: 5
       parametric: 0
        initprobs: []
      persistBias: 0
          obsVals: []

- Initalized simulated annealing with params:
                     type: 'linear'
    max_chance_accpetance: 0.2000
             min_duration: 5
        min_init_duration: 5
             max_duration: 11
              converge_th: 1.0000e-06

--
Itr 1, LL= -16420724.551689 (Inf). Anneal status: T=NaN, dE=-7152.64, collecting statistics
Itr 2, LL= -4771474.274952 (Inf). Anneal status: T=NaN, dE=-465.57, collecting statistics
Itr 3, LL= -4649680.107325 (Inf). Anneal status: T=NaN, dE=-487.45, collecting statistics
Itr 4, LL= -4590411.864987 (12746.735468). Anneal status: T=NaN, dE=-277.99, collecting statistics
Itr 5, LL= -4567501.347648 (4990.950271). Anneal status: T=NaN, dE=-130.50, collecting statistics
Itr 6, LL= -4554267.168062 (2897.465940). Anneal status: T=NaN, dE=-33.23, collecting statistics
Itr 7, LL= -4545633.299926 (1895.775504). Anneal status: T=NaN, dE=120.09, collecting statistics
Itr 8, LL= -4540326.894511 (1167.363284). Anneal status: T=NaN, dE=6.02, collecting statistics
Itr 9, LL= -4536700.482744 (798.711602). Anneal status: T=NaN, dE=47.00, collecting statistics
Itr 10, LL= -4534030.477715 (588.534562). Anneal status: T=2.54, dE=36.60, candidate was rejected
Itr 11, LL= -4532011.098283 (445.382854). Anneal status: T=2.54, dE=84.11, candidate was rejected
Itr 12, LL= -4530485.368360 (336.656263). Anneal status: T=2.54, dE=117.52, candidate was rejected
Itr 13, LL= -4529354.330704 (249.650438). Anneal status: T=2.54, dE=81.21, candidate was rejected
Itr 14, LL= -4528536.082771 (180.654432). Anneal status: T=2.54, dE=32.58, candidate was rejected
Itr 15, LL= -4527828.196491 (156.316802). Anneal status: T=2.28, dE=15.54, candidate was rejected
Itr 16, LL= -4527273.863501 (122.428009). Anneal status: T=2.28, dE=79.02, candidate was rejected
Itr 17, LL= -4526783.511330 (108.310693). Anneal status: T=2.28, dE=16.57, candidate was rejected
Itr 18, LL= -4526356.723150 (94.280669). Anneal status: T=2.28, dE=22.60, candidate was rejected
Itr 19, LL= -4525959.403503 (87.779128). Anneal status: T=2.28, dE=50.45, candidate was rejected
Itr 20, LL= -4525642.535721 (70.011185). Anneal status: T=2.03, dE=13.50, candidate was rejected
Itr 21, LL= -4525365.890665 (61.128349). Anneal status: T=2.03, dE=32.75, candidate was rejected
Itr 22, LL= -4525114.568218 (55.536382). Anneal status: T=2.03, dE=37.67, candidate was rejected
Itr 23, LL= -4524902.331214 (46.902018). Anneal status: T=2.03, dE=46.06, candidate was rejected
Itr 24, LL= -4524718.075500 (40.720374). Anneal status: T=2.03, dE=99.32, candidate was rejected
Itr 25, LL= -4524555.406128 (35.951272). Anneal status: T=1.78, dE=16.17, candidate was rejected
Itr 26, LL= -4524411.927814 (31.711030). Anneal status: T=1.78, dE=31.78, candidate was rejected
Itr 27, LL= -4524252.389394 (35.261692). Anneal status: T=1.78, dE=132.39, candidate was rejected
Itr 28, LL= -4524120.380704 (29.178012). Anneal status: T=1.78, dE=7.49, candidate was rejected
Itr 29, LL= -4524007.307529 (24.993405). Anneal status: T=1.78, dE=10.05, candidate was rejected
Itr 30, LL= -4523909.073737 (21.713889). Anneal status: T=1.52, dE=38.46, candidate was rejected
Itr 31, LL= -4523820.586812 (19.559837). Anneal status: T=1.52, dE=24.97, candidate was rejected
Itr 32, LL= -4523729.075496 (20.228768). Anneal status: T=1.52, dE=78.06, candidate was rejected
Itr 33, LL= -4523642.662055 (19.102258). Anneal status: T=1.52, dE=93.92, candidate was rejected
Itr 34, LL= -4523553.416930 (19.728597). Anneal status: T=1.52, dE=37.00, candidate was rejected
Itr 35, LL= -4523466.637361 (19.183938). Anneal status: T=1.27, dE=62.03, candidate was rejected
Itr 36, LL= -4523342.004371 (27.552539). Anneal status: T=1.27, dE=27.86, candidate was rejected
Itr 37, LL= -4523227.776645 (25.252949). Anneal status: T=1.27, dE=83.08, candidate was rejected
Itr 38, LL= -4523137.207066 (20.023219). Anneal status: T=1.27, dE=43.63, candidate was rejected
Itr 39, LL= -4523047.153262 (19.909589). Anneal status: T=1.27, dE=41.52, candidate was rejected
Itr 40, LL= -4522969.753982 (17.112198). Anneal status: T=1.01, dE=49.80, candidate was rejected
Itr 41, LL= -4522906.410431 (14.004858). Anneal status: T=1.01, dE=118.58, candidate was rejected
Itr 42, LL= -4522844.475633 (13.693584). Anneal status: T=1.01, dE=40.76, candidate was rejected
Itr 43, LL= -4522787.928728 (12.502509). Anneal status: T=1.01, dE=48.31, candidate was rejected
Itr 44, LL= -4522723.487844 (14.248045). Anneal status: T=1.01, dE=73.84, candidate was rejected
Itr 45, LL= -4522668.394501 (12.181453). Anneal status: T=0.76, dE=35.23, candidate was rejected
Itr 46, LL= -4522605.913853 (13.814996). Anneal status: T=0.76, dE=100.88, candidate was rejected
Itr 47, LL= -4522548.357387 (12.726394). Anneal status: T=0.76, dE=23.86, candidate was rejected
Itr 48, LL= -4522505.703847 (9.431307). Anneal status: T=0.76, dE=59.63, candidate was rejected
Itr 49, LL= -4522449.819061 (12.357040). Anneal status: T=0.76, dE=77.32, candidate was rejected
Itr 50, LL= -4522396.498188 (11.790263). Anneal status: T=0.51, dE=58.83, candidate was rejected
Itr 51, LL= -4522363.531188 (7.289719). Anneal status: T=0.51, dE=28.21, candidate was rejected
Itr 52, LL= -4522328.338601 (7.781901). Anneal status: T=0.51, dE=87.21, candidate was rejected
Itr 53, LL= -4522294.087019 (7.573882). Anneal status: T=0.51, dE=31.46, candidate was rejected
Itr 54, LL= -4522253.603760 (8.951930). Anneal status: T=0.51, dE=58.79, candidate was rejected
Itr 55, LL= -4522226.088729 (6.084363). Anneal status: T=0.25, dE=47.80, candidate was rejected
Itr 56, LL= -4522210.536079 (3.439158). Anneal status: T=0.25, dE=60.65, candidate was rejected
Itr 57, LL= -4522199.496063 (2.441288). Anneal status: T=0.25, dE=60.79, candidate was rejected
Itr 58, LL= -4522183.579752 (3.519595). Anneal status: T=0.25, dE=144.41, candidate was rejected
Itr 59, LL= -4522162.313581 (4.702633). Anneal status: T=0.25, dE=100.40, candidate was rejected
Itr 60, LL= -4522140.148336 (4.901471). Anneal status: T=0.00, dE=19.77, candidate was rejected
Itr 61, LL= -4522101.595492 (8.525354). Anneal status: T=0.00, dE=39.00, candidate was rejected
Itr 62, LL= -4522076.702225 (5.504800). Anneal status: T=0.00, dE=81.52, candidate was rejected
Itr 63, LL= -4522052.244296 (5.408561). Anneal status: T=0.00, dE=62.66, candidate was rejected
Itr 64, LL= -4522028.145735 (5.329120). Anneal status: T=0.00, dE=49.52, candidate was rejected
Itr 65, LL= -4521980.415715 (10.555003). Anneal status: T=0.00, dE=38.07, candidate was rejected
Itr 66, LL= -4521948.122967 (7.141284). Anneal status: T=0.00, dE=40.96, candidate was rejected
Itr 67, LL= -4521929.452238 (4.128913). Anneal status: T=0.00, dE=68.24, candidate was rejected
Itr 68, LL= -4521917.677773 (2.603859). Anneal status: T=0.00, dE=39.73, candidate was rejected
Itr 69, LL= -4521897.203486 (4.527789). Anneal status: T=0.00, dE=9.34, candidate was rejected
Itr 70, LL= -4521881.067208 (3.568475). Anneal status: T=0.00, dE=15.17, candidate was rejected
Itr 71, LL= -4521870.783201 (2.274276). Anneal status: T=0.00, dE=54.36, candidate was rejected
Itr 72, LL= -4521856.884719 (3.073613). Anneal status: T=0.00, dE=54.79, candidate was rejected
Itr 73, LL= -4521841.606691 (3.378707). Anneal status: T=0.00, dE=47.05, candidate was rejected
Itr 74, LL= -4521827.618362 (3.093503). Anneal status: T=0.00, dE=85.67, candidate was rejected
Itr 75, LL= -4521815.898747 (2.591787). Anneal status: T=0.00, dE=14.40, candidate was rejected
Itr 76, LL= -4521799.535245 (3.618790). Anneal status: T=0.00, dE=25.84, candidate was rejected
Itr 77, LL= -4521784.486433 (3.328058). Anneal status: T=0.00, dE=115.43, candidate was rejected
Itr 78, LL= -4521770.318229 (3.133321). Anneal status: T=0.00, dE=17.78, candidate was rejected
Itr 79, LL= -4521749.699807 (4.559812). Anneal status: T=0.00, dE=35.75, candidate was rejected
Itr 80, LL= -4521736.566496 (2.904475). Anneal status: T=0.00, dE=40.83, candidate was rejected
Itr 81, LL= -4521718.682099 (3.955205). Anneal status: T=0.00, dE=33.17, candidate was rejected
Itr 82, LL= -4521708.091101 (2.342251). Anneal status: T=0.00, dE=88.62, candidate was rejected
Itr 83, LL= -4521702.017627 (1.343181). Anneal status: T=0.00, dE=27.13, candidate was rejected
Itr 84, LL= -4521696.128067 (1.302510). Anneal status: T=0.00, dE=35.52, candidate was rejected
Itr 85, LL= -4521689.579744 (1.448200). Anneal status: T=0.00, dE=6.35, candidate was rejected
Itr 86, LL= -4521683.997410 (1.234568). Anneal status: T=0.00, dE=19.79, candidate was rejected
Itr 87, LL= -4521679.708445 (0.948533). Anneal status: T=0.00, dE=82.46, candidate was rejected
Itr 88, LL= -4521663.198278 (3.651335). Anneal status: T=0.00, dE=40.56, candidate was rejected
Itr 89, LL= -4521644.644731 (4.103257). Anneal status: T=0.00, dE=42.37, candidate was rejected
Itr 90, LL= -4521628.295699 (3.615727). Anneal status: T=0.00, dE=64.89, candidate was rejected
Itr 91, LL= -4521619.578244 (1.927946). Anneal status: T=0.00, dE=110.29, candidate was rejected
Itr 92, LL= -4521610.463447 (2.015826). Anneal status: T=0.00, dE=24.29, candidate was rejected
Itr 93, LL= -4521596.395603 (3.111246). Anneal status: T=0.00, dE=70.04, candidate was rejected
Itr 94, LL= -4521557.853571 (8.523988). Anneal status: T=0.00, dE=69.17, candidate was rejected
Itr 95, LL= -4521535.191768 (5.011946). Anneal status: T=0.00, dE=37.37, candidate was rejected
Itr 96, LL= -4521516.840420 (4.058654). Anneal status: T=0.00, dE=28.72, candidate was rejected
Itr 97, LL= -4521503.588145 (2.930936). Anneal status: T=0.00, dE=54.06, candidate was rejected
Itr 98, LL= -4521471.547079 (7.086374). Anneal status: T=0.00, dE=35.46, candidate was rejected
Itr 99, LL= -4521450.680916 (4.614905). Anneal status: T=0.00, dE=84.82, candidate was rejected
Itr 100, LL= -4521437.959144 (2.813648). Anneal status: T=0.00, dE=101.17, candidate was rejected
Itr 101, LL= -4521430.431867 (1.664797). Anneal status: T=0.00, dE=52.51, candidate was rejected
Itr 102, LL= -4521425.773708 (1.030240). Anneal status: T=0.00, dE=73.30, candidate was rejected
Itr 103, LL= -4521422.105546 (0.811284). Anneal status: T=0.00, dE=30.18, candidate was rejected
Itr 104, LL= -4521418.506119 (0.796083). Anneal status: T=0.00, dE=22.75, candidate was rejected
Itr 105, LL= -4521411.698373 (1.505666). Anneal status: T=0.00, dE=55.05, candidate was rejected
Itr 106, LL= -4521407.072703 (1.023059). Anneal status: T=0.00, dE=40.75, candidate was rejected
Itr 107, LL= -4521402.902669 (0.922287). Anneal status: T=0.00, dE=5.78, candidate was rejected
Itr 108, LL= -4521397.111412 (1.280854). Anneal status: T=0.00, dE=5.73, candidate was rejected
Itr 109, LL= -4521387.256589 (2.179597). Anneal status: T=0.00, dE=44.93, candidate was rejected
Itr 110, LL= -4521375.648693 (2.567331). Anneal status: T=0.00, dE=28.41, candidate was rejected
Itr 111, LL= -4521367.417924 (1.820413). Anneal status: T=0.00, dE=58.55, candidate was rejected
Itr 112, LL= -4521359.228923 (1.811178). Anneal status: T=0.00, dE=42.28, candidate was rejected
Itr 113, LL= -4521351.551716 (1.697987). Anneal status: T=0.00, dE=54.41, candidate was rejected
Itr 114, LL= -4521344.323709 (1.598638). Anneal status: T=0.00, dE=60.85, candidate was rejected
Itr 115, LL= -4521337.070736 (1.604163). Anneal status: T=0.00, dE=7.29, candidate was rejected
Itr 116, LL= -4521331.771815 (1.171981). Anneal status: T=0.00, dE=70.91, candidate was rejected
Itr 117, LL= -4521327.390709 (0.968986). Anneal status: T=0.00, dE=58.34, candidate was rejected
Itr 118, LL= -4521322.275912 (1.131260). Anneal status: T=0.00, dE=63.21, candidate was rejected
Itr 119, LL= -4521314.769734 (1.660173). Anneal status: T=0.00, dE=48.27, candidate was rejected
Itr 120, LL= -4521287.732256 (5.980003). Anneal status: T=0.00, dE=157.28, candidate was rejected
Itr 121, LL= -4521273.663432 (3.111685). Anneal status: T=0.00, dE=86.83, candidate was rejected
Itr 122, LL= -4521265.570960 (1.789866). Anneal status: T=0.00, dE=54.12, candidate was rejected
Itr 123, LL= -4521250.383726 (3.359067). Anneal status: T=0.00, dE=66.03, candidate was rejected
Itr 124, LL= -4521235.617305 (3.266004). Anneal status: T=0.00, dE=20.02, candidate was rejected
Itr 125, LL= -4521229.620323 (1.326403). Anneal status: T=0.00, dE=59.38, candidate was rejected
Itr 126, LL= -4521225.247793 (0.967111). Anneal status: T=0.00, dE=82.41, candidate was rejected
Itr 127, LL= -4521222.761907 (0.549826). Anneal status: T=0.00, dE=102.38, candidate was rejected
Itr 128, LL= -4521221.657518 (0.244268). Anneal status: T=0.00, dE=46.73, candidate was rejected
-- Annealing statistics:
Portion of times candidate was better: 0.000000
Portion of times candidate was chosen by chance: 0.000000
--
EM for 17 states, 131 emission nodes. 22 observed values.
            gibbs: 0
    nGibbsItrPcnt: 0.8000
     annealParams: {}
           maxItr: 500
      convergeEps: 1.0000e-06
           minItr: 5
       parametric: 0
        initprobs: []
      persistBias: 0
          obsVals: []

- Initalized simulated annealing with params:
                     type: 'linear'
    max_chance_accpetance: 0.2000
             min_duration: 5
        min_init_duration: 5
             max_duration: 11
              converge_th: 1.0000e-06

--
Itr 1, LL= -16501735.247469 (Inf). Anneal status: T=NaN, dE=-1450.39, collecting statistics
Itr 2, LL= -4777286.704841 (Inf). Anneal status: T=NaN, dE=-394.96, collecting statistics
Itr 3, LL= -4659246.356769 (Inf). Anneal status: T=NaN, dE=-1323.62, collecting statistics
Itr 4, LL= -4593233.413674 (14168.158977). Anneal status: T=NaN, dE=-387.93, collecting statistics
Itr 5, LL= -4563554.238475 (6461.499455). Anneal status: T=NaN, dE=46.61, collecting statistics
Itr 6, LL= -4551534.512615 (2633.851869). Anneal status: T=NaN, dE=14.15, collecting statistics
Itr 7, LL= -4545819.215004 (1255.685878). Anneal status: T=NaN, dE=13.18, collecting statistics
Itr 8, LL= -4542080.207175 (822.515734). Anneal status: T=5.62, dE=24.40, candidate was rejected
Itr 9, LL= -4539446.730768 (579.795223). Anneal status: T=5.62, dE=28.68, candidate was rejected
Itr 10, LL= -4537612.042859 (404.165533). Anneal status: T=5.62, dE=61.02, candidate was rejected
Itr 11, LL= -4536113.460783 (330.257867). Anneal status: T=5.62, dE=160.65, candidate was rejected
Itr 12, LL= -4534888.570247 (270.030842). Anneal status: T=5.62, dE=24.37, candidate was rejected
Itr 13, LL= -4533932.810032 (210.757155). Anneal status: T=5.06, dE=86.39, candidate was rejected
Itr 14, LL= -4533147.504342 (173.206292). Anneal status: T=5.06, dE=31.26, candidate was rejected
Itr 15, LL= -4532453.261388 (153.148106). Anneal status: T=5.06, dE=19.46, candidate was rejected
Itr 16, LL= -4531839.856142 (135.336254). Anneal status: T=5.06, dE=55.01, candidate was rejected
Itr 17, LL= -4531305.776312 (117.850552). Anneal status: T=5.06, dE=28.99, candidate was rejected
Itr 18, LL= -4530792.091968 (113.363425). Anneal status: T=4.50, dE=21.73, candidate was rejected
Itr 19, LL= -4530389.610286 (88.832521). Anneal status: T=4.50, dE=11.57, candidate was rejected
Itr 20, LL= -4530008.382694 (84.148964). Anneal status: T=4.50, dE=40.13, candidate was rejected
Itr 21, LL= -4529603.571765 (89.362071). Anneal status: T=4.50, dE=34.29, candidate was rejected
Itr 22, LL= -4529357.988202 (54.217452). Anneal status: T=4.50, dE=60.00, candidate was rejected
Itr 23, LL= -4529161.443189 (43.393570). Anneal status: T=3.94, dE=34.35, candidate was rejected
Itr 24, LL= -4529003.124501 (34.955408). Anneal status: T=3.94, dE=37.43, candidate was rejected
Itr 25, LL= -4528821.972117 (39.998291). Anneal status: T=3.94, dE=52.59, candidate was rejected
Itr 26, LL= -4528655.265404 (36.810172). Anneal status: T=3.94, dE=9.99, candidate was rejected
Itr 27, LL= -4528486.650717 (37.232838). Anneal status: T=3.94, dE=49.28, candidate was rejected
Itr 28, LL= -4528372.802978 (25.140350). Anneal status: T=3.37, dE=45.40, candidate was rejected
Itr 29, LL= -4528260.105292 (24.887016). Anneal status: T=3.37, dE=68.68, candidate was rejected
Itr 30, LL= -4528169.852794 (19.930944). Anneal status: T=3.37, dE=96.89, candidate was rejected
Itr 31, LL= -4528082.299814 (19.335180). Anneal status: T=3.37, dE=119.63, candidate was rejected
Itr 32, LL= -4528013.700823 (15.149678). Anneal status: T=3.37, dE=65.68, candidate was rejected
Itr 33, LL= -4527923.746401 (19.866199). Anneal status: T=2.81, dE=53.10, candidate was rejected
Itr 34, LL= -4527824.999451 (21.808439). Anneal status: T=2.81, dE=44.55, candidate was rejected
Itr 35, LL= -4527735.623742 (19.739215). Anneal status: T=2.81, dE=139.79, candidate was rejected
Itr 36, LL= -4527692.848350 (9.447414). Anneal status: T=2.81, dE=54.72, candidate was rejected
Itr 37, LL= -4527659.838901 (7.290567). Anneal status: T=2.81, dE=70.20, candidate was rejected
Itr 38, LL= -4527615.756349 (9.736277). Anneal status: T=2.25, dE=33.78, candidate was rejected
Itr 39, LL= -4527571.175078 (9.846523). Anneal status: T=2.25, dE=67.84, candidate was rejected
Itr 40, LL= -4527533.220332 (8.383026). Anneal status: T=2.25, dE=32.12, candidate was rejected
Itr 41, LL= -4527520.405476 (2.830428). Anneal status: T=2.25, dE=12.42, candidate was rejected
Itr 42, LL= -4527504.357976 (3.544434). Anneal status: T=2.25, dE=22.33, candidate was rejected
Itr 43, LL= -4527477.208122 (5.996649). Anneal status: T=1.69, dE=39.56, candidate was rejected
Itr 44, LL= -4527453.524395 (5.231109). Anneal status: T=1.69, dE=50.90, candidate was rejected
Itr 45, LL= -4527426.269183 (6.019987). Anneal status: T=1.69, dE=62.71, candidate was rejected
Itr 46, LL= -4527400.943120 (5.593921). Anneal status: T=1.69, dE=92.80, candidate was rejected
Itr 47, LL= -4527377.920644 (5.085142). Anneal status: T=1.69, dE=55.24, candidate was rejected
Itr 48, LL= -4527358.649421 (4.256597). Anneal status: T=1.12, dE=55.28, candidate was rejected
Itr 49, LL= -4527348.018984 (2.348044). Anneal status: T=1.12, dE=29.92, candidate was rejected
Itr 50, LL= -4527335.328937 (2.802976). Anneal status: T=1.12, dE=60.59, candidate was rejected
Itr 51, LL= -4527319.595730 (3.475158). Anneal status: T=1.12, dE=45.41, candidate was rejected
Itr 52, LL= -4527300.932187 (4.122427). Anneal status: T=1.12, dE=133.19, candidate was rejected
Itr 53, LL= -4527274.807752 (5.770421). Anneal status: T=0.56, dE=37.04, candidate was rejected
Itr 54, LL= -4527248.797875 (5.745151). Anneal status: T=0.56, dE=26.69, candidate was rejected
Itr 55, LL= -4527236.968324 (2.612967). Anneal status: T=0.56, dE=63.99, candidate was rejected
Itr 56, LL= -4527220.328360 (3.675523). Anneal status: T=0.56, dE=43.97, candidate was rejected
Itr 57, LL= -4527209.919212 (2.299236). Anneal status: T=0.56, dE=29.70, candidate was rejected
Itr 58, LL= -4527190.341479 (4.324459). Anneal status: T=0.00, dE=59.23, candidate was rejected
Itr 59, LL= -4527168.705820 (4.779048). Anneal status: T=0.00, dE=67.84, candidate was rejected
Itr 60, LL= -4527156.605108 (2.672909). Anneal status: T=0.00, dE=34.06, candidate was rejected
Itr 61, LL= -4527152.639564 (0.875946). Anneal status: T=0.00, dE=23.47, candidate was rejected
Itr 62, LL= -4527142.185058 (2.309289). Anneal status: T=0.00, dE=40.70, candidate was rejected
Itr 63, LL= -4527122.881379 (4.263988). Anneal status: T=0.00, dE=86.80, candidate was rejected
Itr 64, LL= -4527102.026969 (4.606548). Anneal status: T=0.00, dE=37.76, candidate was rejected
Itr 65, LL= -4527082.640979 (4.282208). Anneal status: T=0.00, dE=106.88, candidate was rejected
Itr 66, LL= -4527067.439471 (3.357904). Anneal status: T=0.00, dE=22.81, candidate was rejected
Itr 67, LL= -4527055.252748 (2.691969). Anneal status: T=0.00, dE=32.85, candidate was rejected
Itr 68, LL= -4527030.682707 (5.427378). Anneal status: T=0.00, dE=18.04, candidate was rejected
Itr 69, LL= -4527011.321477 (4.276805). Anneal status: T=0.00, dE=6.79, candidate was rejected
Itr 70, LL= -4527006.706149 (1.019509). Anneal status: T=0.00, dE=74.21, candidate was rejected
Itr 71, LL= -4527003.948226 (0.609215). Anneal status: T=0.00, dE=134.24, candidate was rejected
Itr 72, LL= -4526998.975806 (1.098391). Anneal status: T=0.00, dE=29.50, candidate was rejected
Itr 73, LL= -4526992.799349 (1.364360). Anneal status: T=0.00, dE=15.10, candidate was rejected
Itr 74, LL= -4526986.811624 (1.322672). Anneal status: T=0.00, dE=27.95, candidate was rejected
Itr 75, LL= -4526980.446013 (1.406147). Anneal status: T=0.00, dE=46.55, candidate was rejected
Itr 76, LL= -4526972.846789 (1.678652). Anneal status: T=0.00, dE=35.20, candidate was rejected
Itr 77, LL= -4526970.661891 (0.482640). Anneal status: T=0.00, dE=11.68, candidate was rejected
Itr 78, LL= -4526962.887293 (1.717395). Anneal status: T=0.00, dE=33.92, candidate was rejected
Itr 79, LL= -4526956.438919 (1.424437). Anneal status: T=0.00, dE=94.67, candidate was rejected
Itr 80, LL= -4526954.796672 (0.362771). Anneal status: T=0.00, dE=26.59, candidate was rejected
Itr 81, LL= -4526950.529618 (0.942588). Anneal status: T=0.00, dE=41.38, candidate was rejected
Itr 82, LL= -4526944.870341 (1.250130). Anneal status: T=0.00, dE=34.89, candidate was rejected
Itr 83, LL= -4526931.206850 (3.018259). Anneal status: T=0.00, dE=14.90, candidate was rejected
Itr 84, LL= -4526922.845405 (1.847045). Anneal status: T=0.00, dE=101.87, candidate was rejected
Itr 85, LL= -4526918.214064 (1.023066). Anneal status: T=0.00, dE=75.78, candidate was rejected
Itr 86, LL= -4526912.386188 (1.287383). Anneal status: T=0.00, dE=36.13, candidate was rejected
Itr 87, LL= -4526906.101257 (1.388348). Anneal status: T=0.00, dE=79.97, candidate was rejected
Itr 88, LL= -4526894.647776 (2.530090). Anneal status: T=0.00, dE=36.89, candidate was rejected
Itr 89, LL= -4526887.021260 (1.684713). Anneal status: T=0.00, dE=85.28, candidate was rejected
Itr 90, LL= -4526880.914084 (1.349089). Anneal status: T=0.00, dE=37.65, candidate was rejected
Itr 91, LL= -4526876.541964 (0.965813). Anneal status: T=0.00, dE=76.51, candidate was rejected
Itr 92, LL= -4526873.955356 (0.571389). Anneal status: T=0.00, dE=20.26, candidate was rejected
Itr 93, LL= -4526866.299667 (1.691165). Anneal status: T=0.00, dE=19.29, candidate was rejected
Itr 94, LL= -4526862.838693 (0.764541). Anneal status: T=0.00, dE=12.02, candidate was rejected
Itr 95, LL= -4526862.500066 (0.074804). Anneal status: T=0.00, dE=72.57, candidate was rejected
Itr 96, LL= -4526862.147546 (0.077873). Anneal status: T=0.00, dE=144.97, candidate was rejected
-- Annealing statistics:
Portion of times candidate was better: 0.000000
Portion of times candidate was chosen by chance: 0.000000
--
Your MATLAB session has timed out.  All license keys have been returned.
EM for 17 states, 131 emission nodes. 22 observed values.
            gibbs: 0
    nGibbsItrPcnt: 0.8000
     annealParams: {}
           maxItr: 500
      convergeEps: 1.0000e-06
           minItr: 5
       parametric: 0
        initprobs: []
      persistBias: 0
          obsVals: []

- Initalized simulated annealing with params:
                     type: 'linear'
    max_chance_accpetance: 0.2000
             min_duration: 5
        min_init_duration: 5
             max_duration: 11
              converge_th: 1.0000e-06

--
Itr 1, LL= -16523818.333798 (Inf). Anneal status: T=NaN, dE=-1904.06, collecting statistics
Itr 2, LL= -4771580.058072 (Inf). Anneal status: T=NaN, dE=-781.31, collecting statistics
Itr 3, LL= -4650208.449879 (Inf). Anneal status: T=NaN, dE=-998.38, collecting statistics
Itr 4, LL= -4582160.949256 (14633.215125). Anneal status: T=NaN, dE=-303.39, collecting statistics
Itr 5, LL= -4555902.038538 (5730.682752). Anneal status: T=NaN, dE=-135.56, collecting statistics
Itr 6, LL= -4543642.433923 (2690.928056). Anneal status: T=NaN, dE=106.58, collecting statistics
Itr 7, LL= -4537676.662447 (1312.993169). Anneal status: T=NaN, dE=19.70, collecting statistics
Itr 8, LL= -4534670.987130 (662.381994). Anneal status: T=NaN, dE=17.22, collecting statistics
Itr 9, LL= -4532915.712770 (387.078658). Anneal status: T=7.34, dE=91.77, candidate was rejected
Itr 10, LL= -4531775.563061 (251.526784). Anneal status: T=7.34, dE=30.39, candidate was rejected
Itr 11, LL= -4530958.312096 (180.337917). Anneal status: T=7.34, dE=21.11, candidate was rejected
Itr 12, LL= -4530279.376167 (149.843782). Anneal status: T=7.34, dE=24.63, candidate was rejected
Itr 13, LL= -4529679.384776 (132.440263). Anneal status: T=7.34, dE=30.28, candidate was rejected
Itr 14, LL= -4529085.372223 (131.137880). Anneal status: T=6.61, dE=30.52, candidate was rejected
Itr 15, LL= -4528527.758405 (123.118416). Anneal status: T=6.61, dE=41.16, candidate was rejected
Itr 16, LL= -4528018.381952 (112.481689). Anneal status: T=6.61, dE=81.87, candidate was rejected
Itr 17, LL= -4527585.791530 (95.536366). Anneal status: T=6.61, dE=38.73, candidate was rejected
Itr 18, LL= -4527208.918073 (83.239385). Anneal status: T=6.61, dE=64.15, candidate was rejected
Itr 19, LL= -4526850.880768 (79.085660). Anneal status: T=5.87, dE=12.74, candidate was chosen by chance
Itr 20, LL= -4526470.980407 (83.921554). Anneal status: T=5.87, dE=42.96, candidate was rejected
Itr 21, LL= -4526140.803237 (72.943618). Anneal status: T=5.87, dE=33.73, candidate was rejected
Itr 22, LL= -4525861.900319 (61.620469). Anneal status: T=5.87, dE=32.45, candidate was rejected
Itr 23, LL= -4525605.135898 (56.732712). Anneal status: T=5.87, dE=77.83, candidate was rejected
Itr 24, LL= -4525322.605863 (62.429228). Anneal status: T=5.14, dE=34.51, candidate was rejected
Itr 25, LL= -4525056.554240 (58.791747). Anneal status: T=5.14, dE=63.89, candidate was rejected
Itr 26, LL= -4524787.323166 (59.497836). Anneal status: T=5.14, dE=30.32, candidate was rejected
Itr 27, LL= -4524565.975556 (48.918898). Anneal status: T=5.14, dE=40.64, candidate was rejected
Itr 28, LL= -4524379.770508 (41.154234). Anneal status: T=5.14, dE=23.27, candidate was rejected
Itr 29, LL= -4524188.786815 (42.212127). Anneal status: T=4.41, dE=21.99, candidate was rejected
Itr 30, LL= -4523960.475533 (50.464579). Anneal status: T=4.41, dE=27.87, candidate was rejected
Itr 31, LL= -4523736.761216 (49.450988). Anneal status: T=4.41, dE=23.50, candidate was rejected
Itr 32, LL= -4523543.463595 (42.729635). Anneal status: T=4.41, dE=35.08, candidate was rejected
Itr 33, LL= -4523360.171561 (40.519570). Anneal status: T=4.41, dE=17.69, candidate was rejected
Itr 34, LL= -4523169.964246 (42.050005). Anneal status: T=3.67, dE=32.53, candidate was rejected
Itr 35, LL= -4523010.379142 (35.281695). Anneal status: T=3.67, dE=23.44, candidate was rejected
Itr 36, LL= -4522855.882956 (34.157823). Anneal status: T=3.67, dE=21.53, candidate was rejected
Itr 37, LL= -4522738.863582 (25.872895). Anneal status: T=3.67, dE=46.60, candidate was rejected
Itr 38, LL= -4522621.330749 (25.987093). Anneal status: T=3.67, dE=35.78, candidate was rejected
Itr 39, LL= -4522505.097461 (25.700424). Anneal status: T=2.94, dE=80.64, candidate was rejected
Itr 40, LL= -4522400.376048 (23.155621). Anneal status: T=2.94, dE=75.91, candidate was rejected
Itr 41, LL= -4522294.207365 (23.476179). Anneal status: T=2.94, dE=43.26, candidate was rejected
Itr 42, LL= -4522202.982720 (20.172205). Anneal status: T=2.94, dE=20.20, candidate was rejected
Itr 43, LL= -4522133.166958 (15.438441). Anneal status: T=2.94, dE=84.62, candidate was rejected
Itr 44, LL= -4522061.344940 (15.882332). Anneal status: T=2.20, dE=98.38, candidate was rejected
Itr 45, LL= -4521951.779248 (24.229148). Anneal status: T=2.20, dE=7.87, candidate was rejected
Itr 46, LL= -4521792.846584 (35.146917). Anneal status: T=2.20, dE=90.69, candidate was rejected
Itr 47, LL= -4521674.405344 (26.193425). Anneal status: T=2.20, dE=5.28, candidate was rejected
Itr 48, LL= -4521526.490050 (32.712505). Anneal status: T=2.20, dE=21.72, candidate was rejected
Itr 49, LL= -4521416.023607 (24.431228). Anneal status: T=1.47, dE=32.90, candidate was rejected
Itr 50, LL= -4521335.327162 (17.847604). Anneal status: T=1.47, dE=28.01, candidate was rejected
Itr 51, LL= -4521273.882012 (13.590045). Anneal status: T=1.47, dE=41.49, candidate was rejected
Itr 52, LL= -4521184.683364 (19.728654). Anneal status: T=1.47, dE=28.06, candidate was rejected
Itr 53, LL= -4521117.906193 (14.769839). Anneal status: T=1.47, dE=57.22, candidate was rejected
Itr 54, LL= -4521056.554900 (13.569939). Anneal status: T=0.73, dE=20.97, candidate was rejected
Itr 55, LL= -4521009.771988 (10.347783). Anneal status: T=0.73, dE=20.06, candidate was rejected
Itr 56, LL= -4520905.888334 (22.977976). Anneal status: T=0.73, dE=30.72, candidate was rejected
Itr 57, LL= -4520837.246541 (15.183194). Anneal status: T=0.73, dE=30.53, candidate was rejected
Itr 58, LL= -4520795.569890 (9.218790). Anneal status: T=0.73, dE=44.47, candidate was rejected
Itr 59, LL= -4520772.856445 (5.024214). Anneal status: T=0.00, dE=39.80, candidate was rejected
Itr 60, LL= -4520747.119184 (5.693111). Anneal status: T=0.00, dE=49.96, candidate was rejected
Itr 61, LL= -4520691.086739 (12.394510). Anneal status: T=0.00, dE=48.16, candidate was rejected
Itr 62, LL= -4520641.360973 (10.999594). Anneal status: T=0.00, dE=34.17, candidate was rejected
Itr 63, LL= -4520611.484657 (6.608867). Anneal status: T=0.00, dE=33.12, candidate was rejected
Itr 64, LL= -4520569.355964 (9.319246). Anneal status: T=0.00, dE=17.82, candidate was rejected
Itr 65, LL= -4520512.952337 (12.477107). Anneal status: T=0.00, dE=36.30, candidate was rejected
Itr 66, LL= -4520469.390316 (9.636522). Anneal status: T=0.00, dE=48.64, candidate was rejected
Itr 67, LL= -4520436.979338 (7.169826). Anneal status: T=0.00, dE=18.27, candidate was rejected
Itr 68, LL= -4520372.424595 (14.280642). Anneal status: T=0.00, dE=54.80, candidate was rejected
Itr 69, LL= -4520328.032389 (9.820475). Anneal status: T=0.00, dE=19.36, candidate was rejected
Itr 70, LL= -4520297.509729 (6.752311). Anneal status: T=0.00, dE=26.79, candidate was rejected
Itr 71, LL= -4520274.864597 (5.009655). Anneal status: T=0.00, dE=9.11, candidate was rejected
Itr 72, LL= -4520259.473073 (3.404998). Anneal status: T=0.00, dE=20.37, candidate was rejected
Itr 73, LL= -4520234.239226 (5.582389). Anneal status: T=0.00, dE=22.79, candidate was rejected
Itr 74, LL= -4520213.467919 (4.595184). Anneal status: T=0.00, dE=73.66, candidate was rejected
Itr 75, LL= -4520180.681576 (7.253273). Anneal status: T=0.00, dE=25.90, candidate was rejected
Itr 76, LL= -4520123.544965 (12.640338). Anneal status: T=0.00, dE=24.68, candidate was rejected
Itr 77, LL= -4520073.126836 (11.154149). Anneal status: T=0.00, dE=61.43, candidate was rejected
Itr 78, LL= -4520038.699439 (7.616557). Anneal status: T=0.00, dE=32.06, candidate was rejected
Itr 79, LL= -4520018.019113 (4.575254). Anneal status: T=0.00, dE=8.54, candidate was rejected
Itr 80, LL= -4520011.250828 (1.497402). Anneal status: T=0.00, dE=11.59, candidate was rejected
Itr 81, LL= -4520001.391946 (2.181163). Anneal status: T=0.00, dE=52.57, candidate was rejected
Itr 82, LL= -4519996.702344 (1.037522). Anneal status: T=0.00, dE=69.03, candidate was rejected
Itr 83, LL= -4519972.504474 (5.353515). Anneal status: T=0.00, dE=54.22, candidate was rejected
Itr 84, LL= -4519947.182198 (5.602308). Anneal status: T=0.00, dE=67.27, candidate was rejected
Itr 85, LL= -4519929.436722 (3.926036). Anneal status: T=0.00, dE=37.34, candidate was rejected
Itr 86, LL= -4519920.710210 (1.930674). Anneal status: T=0.00, dE=41.02, candidate was rejected
Itr 87, LL= -4519904.422865 (3.603458). Anneal status: T=0.00, dE=38.22, candidate was rejected
Itr 88, LL= -4519896.103703 (1.840561). Anneal status: T=0.00, dE=88.92, candidate was rejected
Itr 89, LL= -4519891.045923 (1.119004). Anneal status: T=0.00, dE=29.74, candidate was rejected
Itr 90, LL= -4519865.424911 (5.668502). Anneal status: T=0.00, dE=47.95, candidate was rejected
Itr 91, LL= -4519819.833969 (10.086792). Anneal status: T=0.00, dE=67.88, candidate was rejected
Itr 92, LL= -4519800.780192 (4.215605). Anneal status: T=0.00, dE=26.78, candidate was rejected
Itr 93, LL= -4519775.521914 (5.588361). Anneal status: T=0.00, dE=38.91, candidate was rejected
Itr 94, LL= -4519754.899415 (4.562726). Anneal status: T=0.00, dE=97.54, candidate was rejected
Itr 95, LL= -4519732.878425 (4.872165). Anneal status: T=0.00, dE=100.23, candidate was rejected
Itr 96, LL= -4519706.125726 (5.919089). Anneal status: T=0.00, dE=134.32, candidate was rejected
Itr 97, LL= -4519657.320242 (10.798375). Anneal status: T=0.00, dE=68.79, candidate was rejected
Itr 98, LL= -4519632.157955 (5.567300). Anneal status: T=0.00, dE=33.05, candidate was rejected
Itr 99, LL= -4519615.966596 (3.582451). Anneal status: T=0.00, dE=89.51, candidate was rejected
Itr 100, LL= -4519602.947370 (2.880604). Anneal status: T=0.00, dE=93.77, candidate was rejected
Itr 101, LL= -4519597.464197 (1.213198). Anneal status: T=0.00, dE=23.89, candidate was rejected
Itr 102, LL= -4519594.052024 (0.754973). Anneal status: T=0.00, dE=54.12, candidate was rejected
Itr 103, LL= -4519591.512727 (0.561842). Anneal status: T=0.00, dE=60.10, candidate was rejected
Itr 104, LL= -4519589.131148 (0.526946). Anneal status: T=0.00, dE=84.27, candidate was rejected
-- Annealing statistics:
Portion of times candidate was better: 0.000000
Portion of times candidate was chosen by chance: 0.009615
--
>> 