My SLURM_ARRAY_TASK_ID:  19

                            < M A T L A B (R) >
                  Copyright 1984-2014 The MathWorks, Inc.
                   R2014b (8.4.0.150421) 64-bit (glnxa64)
                             September 15, 2014

 
For online documentation, see http://www.mathworks.com/support
For product information, visit www.mathworks.com.
 
EM for 19 states, 131 emission nodes. 22 observed values.
            gibbs: 0
    nGibbsItrPcnt: 0.8000
     annealParams: {}
           maxItr: 500
      convergeEps: 1.0000e-06
           minItr: 5
       parametric: 0
        initprobs: []
      persistBias: 0
          obsVals: []

- Initalized simulated annealing with params:
                     type: 'linear'
    max_chance_accpetance: 0.2000
             min_duration: 5
        min_init_duration: 5
             max_duration: 11
              converge_th: 1.0000e-06

--
Itr 1, LL= -16497695.060492 (Inf). Anneal status: T=NaN, dE=157.64, collecting statistics
Itr 2, LL= -4761769.361992 (Inf). Anneal status: T=NaN, dE=-232.65, collecting statistics
Itr 3, LL= -4629109.393302 (Inf). Anneal status: T=NaN, dE=-745.67, collecting statistics
Itr 4, LL= -4563208.994238 (14236.085922). Anneal status: T=NaN, dE=-147.04, collecting statistics
Itr 5, LL= -4542059.691398 (4634.743416). Anneal status: T=NaN, dE=-45.85, collecting statistics
Itr 6, LL= -4532906.197455 (2015.273811). Anneal status: T=NaN, dE=139.05, collecting statistics
Itr 7, LL= -4528340.351224 (1007.266869). Anneal status: T=NaN, dE=-1.00, collecting statistics
Itr 8, LL= -4525730.324366 (576.376035). Anneal status: T=NaN, dE=50.64, collecting statistics
Itr 9, LL= -4524096.325594 (361.046429). Anneal status: T=17.17, dE=24.43, candidate was rejected
Itr 10, LL= -4522937.866161 (256.064272). Anneal status: T=17.17, dE=49.40, candidate was chosen by chance
Itr 11, LL= -4522013.979660 (204.266901). Anneal status: T=17.17, dE=28.69, candidate was chosen by chance
Itr 12, LL= -4521269.490349 (164.636667). Anneal status: T=17.17, dE=85.08, candidate was rejected
Itr 13, LL= -4520707.068845 (124.394599). Anneal status: T=17.17, dE=35.88, candidate was rejected
Itr 14, LL= -4520286.560065 (93.018365). Anneal status: T=15.45, dE=56.13, candidate was rejected
Itr 15, LL= -4519927.071109 (79.527913). Anneal status: T=15.45, dE=48.27, candidate was rejected
Itr 16, LL= -4519605.132711 (71.226458). Anneal status: T=15.45, dE=33.81, candidate was rejected
Itr 17, LL= -4519280.631553 (71.798564). Anneal status: T=15.45, dE=43.15, candidate was rejected
Itr 18, LL= -4518935.380856 (76.395056). Anneal status: T=15.45, dE=51.13, candidate was rejected
Itr 19, LL= -4518621.716889 (69.411032). Anneal status: T=13.74, dE=14.36, candidate was chosen by chance
Itr 20, LL= -4518328.738697 (64.837955). Anneal status: T=13.74, dE=61.27, candidate was rejected
Itr 21, LL= -4518092.046678 (52.384860). Anneal status: T=13.74, dE=9.80, candidate was rejected
Itr 22, LL= -4517865.218663 (50.204381). Anneal status: T=13.74, dE=80.16, candidate was rejected
Itr 23, LL= -4517654.143304 (46.720154). Anneal status: T=13.74, dE=36.12, candidate was rejected
Itr 24, LL= -4517465.103188 (41.844752). Anneal status: T=12.02, dE=49.31, candidate was rejected
Itr 25, LL= -4517273.759228 (42.356489). Anneal status: T=12.02, dE=67.71, candidate was rejected
Itr 26, LL= -4517109.493873 (36.363826). Anneal status: T=12.02, dE=21.94, candidate was rejected
Itr 27, LL= -4516940.670485 (37.374208). Anneal status: T=12.02, dE=87.45, candidate was rejected
Itr 28, LL= -4516765.542231 (38.771431). Anneal status: T=12.02, dE=9.01, candidate was chosen by chance
Itr 29, LL= -4516602.982000 (35.990407). Anneal status: T=10.30, dE=36.10, candidate was rejected
Itr 30, LL= -4516462.796500 (31.037818). Anneal status: T=10.30, dE=30.52, candidate was rejected
Itr 31, LL= -4516322.302901 (31.106998). Anneal status: T=10.30, dE=79.82, candidate was rejected
Itr 32, LL= -4516212.239681 (24.370099). Anneal status: T=10.30, dE=16.57, candidate was rejected
Itr 33, LL= -4516127.361882 (18.794024). Anneal status: T=10.30, dE=116.06, candidate was rejected
Itr 34, LL= -4516041.054216 (19.110990). Anneal status: T=8.59, dE=57.21, candidate was rejected
Itr 35, LL= -4515963.289545 (17.219655). Anneal status: T=8.59, dE=17.23, candidate was rejected
Itr 36, LL= -4515883.143757 (17.747219). Anneal status: T=8.59, dE=44.92, candidate was rejected
Itr 37, LL= -4515820.109642 (13.958314). Anneal status: T=8.59, dE=94.80, candidate was rejected
Itr 38, LL= -4515781.523737 (8.544606). Anneal status: T=8.59, dE=107.11, candidate was rejected
Itr 39, LL= -4515735.755028 (10.135280). Anneal status: T=6.87, dE=50.46, candidate was rejected
Itr 40, LL= -4515703.066910 (7.238714). Anneal status: T=6.87, dE=49.78, candidate was rejected
Itr 41, LL= -4515675.377926 (6.131711). Anneal status: T=6.87, dE=91.21, candidate was rejected
Itr 42, LL= -4515642.938088 (7.183829). Anneal status: T=6.87, dE=31.51, candidate was rejected
Itr 43, LL= -4515613.548700 (6.508351). Anneal status: T=6.87, dE=43.22, candidate was rejected
Itr 44, LL= -4515584.304218 (6.476303). Anneal status: T=5.15, dE=102.38, candidate was rejected
Itr 45, LL= -4515548.148984 (8.006768). Anneal status: T=5.15, dE=27.18, candidate was rejected
Itr 46, LL= -4515523.148660 (5.536498). Anneal status: T=5.15, dE=27.99, candidate was rejected
Itr 47, LL= -4515503.961911 (4.249064). Anneal status: T=5.15, dE=37.61, candidate was rejected
Itr 48, LL= -4515482.562617 (4.739071). Anneal status: T=5.15, dE=32.81, candidate was rejected
Itr 49, LL= -4515460.084049 (4.978110). Anneal status: T=3.43, dE=29.93, candidate was rejected
Itr 50, LL= -4515439.935355 (4.462157). Anneal status: T=3.43, dE=43.96, candidate was rejected
Itr 51, LL= -4515414.842995 (5.557013). Anneal status: T=3.43, dE=22.59, candidate was rejected
Itr 52, LL= -4515401.517408 (2.951132). Anneal status: T=3.43, dE=49.21, candidate was rejected
Itr 53, LL= -4515387.913207 (3.012844). Anneal status: T=3.43, dE=128.38, candidate was rejected
Itr 54, LL= -4515376.150317 (2.605068). Anneal status: T=1.72, dE=72.40, candidate was rejected
Itr 55, LL= -4515361.289144 (3.291237). Anneal status: T=1.72, dE=46.97, candidate was rejected
Itr 56, LL= -4515344.592291 (3.697789). Anneal status: T=1.72, dE=77.67, candidate was rejected
Itr 57, LL= -4515332.795171 (2.612673). Anneal status: T=1.72, dE=58.40, candidate was rejected
Itr 58, LL= -4515323.913378 (1.967030). Anneal status: T=1.72, dE=70.97, candidate was rejected
Itr 59, LL= -4515314.782434 (2.022212). Anneal status: T=0.00, dE=85.46, candidate was rejected
Itr 60, LL= -4515302.905155 (2.630443). Anneal status: T=0.00, dE=6.18, candidate was rejected
Itr 61, LL= -4515298.412691 (0.994942). Anneal status: T=0.00, dE=28.43, candidate was rejected
Itr 62, LL= -4515287.602282 (2.394174). Anneal status: T=0.00, dE=62.22, candidate was rejected
Itr 63, LL= -4515277.037501 (2.339780). Anneal status: T=0.00, dE=21.12, candidate was rejected
Itr 64, LL= -4515271.730637 (1.175313). Anneal status: T=0.00, dE=16.71, candidate was rejected
Itr 65, LL= -4515265.892872 (1.292893). Anneal status: T=0.00, dE=37.17, candidate was rejected
Itr 66, LL= -4515255.924136 (2.207785). Anneal status: T=0.00, dE=88.54, candidate was rejected
Itr 67, LL= -4515240.654308 (3.381830). Anneal status: T=0.00, dE=62.81, candidate was rejected
Itr 68, LL= -4515229.639994 (2.439364). Anneal status: T=0.00, dE=94.61, candidate was rejected
Itr 69, LL= -4515223.078774 (1.453131). Anneal status: T=0.00, dE=83.94, candidate was rejected
Itr 70, LL= -4515216.521716 (1.452211). Anneal status: T=0.00, dE=26.64, candidate was rejected
Itr 71, LL= -4515208.299224 (1.821063). Anneal status: T=0.00, dE=33.58, candidate was rejected
Itr 72, LL= -4515199.531552 (1.941809). Anneal status: T=0.00, dE=72.19, candidate was rejected
Itr 73, LL= -4515189.484475 (2.225168). Anneal status: T=0.00, dE=87.01, candidate was rejected
Itr 74, LL= -4515171.983658 (3.875987). Anneal status: T=0.00, dE=40.80, candidate was rejected
Itr 75, LL= -4515162.171726 (2.173103). Anneal status: T=0.00, dE=32.25, candidate was rejected
Itr 76, LL= -4515156.137891 (1.336350). Anneal status: T=0.00, dE=46.84, candidate was rejected
Itr 77, LL= -4515150.985310 (1.141174). Anneal status: T=0.00, dE=28.36, candidate was rejected
Itr 78, LL= -4515146.936303 (0.896760). Anneal status: T=0.00, dE=16.40, candidate was rejected
Itr 79, LL= -4515142.525360 (0.976921). Anneal status: T=0.00, dE=30.14, candidate was rejected
Itr 80, LL= -4515135.919875 (1.462963). Anneal status: T=0.00, dE=17.36, candidate was rejected
Itr 81, LL= -4515125.332960 (2.344761). Anneal status: T=0.00, dE=27.50, candidate was rejected
Itr 82, LL= -4515120.636649 (1.040129). Anneal status: T=0.00, dE=34.35, candidate was rejected
Itr 83, LL= -4515114.984547 (1.251816). Anneal status: T=0.00, dE=17.47, candidate was rejected
Itr 84, LL= -4515109.310162 (1.256753). Anneal status: T=0.00, dE=30.09, candidate was rejected
Itr 85, LL= -4515104.850301 (0.987764). Anneal status: T=0.00, dE=50.51, candidate was rejected
Itr 86, LL= -4515092.600905 (2.712981). Anneal status: T=0.00, dE=48.94, candidate was rejected
Itr 87, LL= -4515062.357503 (6.698290). Anneal status: T=0.00, dE=98.95, candidate was rejected
Itr 88, LL= -4515055.127320 (1.601347). Anneal status: T=0.00, dE=45.19, candidate was rejected
Itr 89, LL= -4515050.751868 (0.969080). Anneal status: T=0.00, dE=37.44, candidate was rejected
Itr 90, LL= -4515046.481734 (0.945756). Anneal status: T=0.00, dE=47.39, candidate was rejected
Itr 91, LL= -4515042.399095 (0.904230). Anneal status: T=0.00, dE=58.78, candidate was rejected
-- Annealing statistics:
Portion of times candidate was better: 0.000000
Portion of times candidate was chosen by chance: 0.043956
--
EM for 19 states, 131 emission nodes. 22 observed values.
            gibbs: 0
    nGibbsItrPcnt: 0.8000
     annealParams: {}
           maxItr: 500
      convergeEps: 1.0000e-06
           minItr: 5
       parametric: 0
        initprobs: []
      persistBias: 0
          obsVals: []

- Initalized simulated annealing with params:
                     type: 'linear'
    max_chance_accpetance: 0.2000
             min_duration: 5
        min_init_duration: 5
             max_duration: 11
              converge_th: 1.0000e-06

--
Itr 1, LL= -16335386.239469 (Inf). Anneal status: T=NaN, dE=-9047.17, collecting statistics
Itr 2, LL= -4766659.032216 (Inf). Anneal status: T=NaN, dE=-95.47, collecting statistics
Itr 3, LL= -4650626.536312 (Inf). Anneal status: T=NaN, dE=-295.60, collecting statistics
Itr 4, LL= -4588642.444351 (13328.116433). Anneal status: T=NaN, dE=-76.44, collecting statistics
Itr 5, LL= -4559848.605175 (6275.023501). Anneal status: T=NaN, dE=-65.98, collecting statistics
Itr 6, LL= -4547625.243612 (2680.650746). Anneal status: T=NaN, dE=6.54, collecting statistics
Itr 7, LL= -4541144.031420 (1425.186080). Anneal status: T=NaN, dE=58.29, collecting statistics
Itr 8, LL= -4536957.287667 (921.957930). Anneal status: T=NaN, dE=-0.69, collecting statistics
Itr 9, LL= -4534012.249988 (649.121755). Anneal status: T=NaN, dE=13.37, collecting statistics
Itr 10, LL= -4531985.201990 (447.075986). Anneal status: T=11.13, dE=126.13, candidate was rejected
Itr 11, LL= -4530435.035429 (342.050226). Anneal status: T=11.13, dE=34.92, candidate was rejected
Itr 12, LL= -4529173.874856 (278.375159). Anneal status: T=11.13, dE=67.61, candidate was rejected
Itr 13, LL= -4528142.232763 (227.777100). Anneal status: T=11.13, dE=74.34, candidate was rejected
Itr 14, LL= -4527298.167257 (186.404371). Anneal status: T=11.13, dE=159.29, candidate was rejected
Itr 15, LL= -4526537.390638 (168.042084). Anneal status: T=10.02, dE=74.71, candidate was rejected
Itr 16, LL= -4525905.247088 (139.652784). Anneal status: T=10.02, dE=17.74, candidate was chosen by chance
Itr 17, LL= -4525336.063579 (125.761252). Anneal status: T=10.02, dE=119.72, candidate was rejected
Itr 18, LL= -4524903.835964 (95.512821). Anneal status: T=10.02, dE=74.03, candidate was rejected
Itr 19, LL= -4524476.548050 (94.430275). Anneal status: T=10.02, dE=104.99, candidate was rejected
Itr 20, LL= -4524106.874938 (81.705167). Anneal status: T=8.90, dE=23.38, candidate was rejected
Itr 21, LL= -4523752.803030 (78.263383). Anneal status: T=8.90, dE=52.96, candidate was rejected
Itr 22, LL= -4523420.115084 (73.542468). Anneal status: T=8.90, dE=40.00, candidate was rejected
Itr 23, LL= -4523098.539284 (71.091296). Anneal status: T=8.90, dE=18.65, candidate was rejected
Itr 24, LL= -4522832.626804 (58.789893). Anneal status: T=8.90, dE=14.63, candidate was rejected
Itr 25, LL= -4522564.084059 (59.374902). Anneal status: T=7.79, dE=115.25, candidate was rejected
Itr 26, LL= -4522321.956835 (53.537599). Anneal status: T=7.79, dE=24.40, candidate was rejected
Itr 27, LL= -4522117.705957 (45.165046). Anneal status: T=7.79, dE=13.82, candidate was rejected
Itr 28, LL= -4521927.618164 (42.035127). Anneal status: T=7.79, dE=108.33, candidate was rejected
Itr 29, LL= -4521775.867299 (33.558888). Anneal status: T=7.79, dE=6.58, candidate was chosen by chance
Itr 30, LL= -4521579.758123 (43.369946). Anneal status: T=6.68, dE=37.99, candidate was rejected
Itr 31, LL= -4521359.368905 (48.741641). Anneal status: T=6.68, dE=28.28, candidate was rejected
Itr 32, LL= -4521124.213475 (52.009896). Anneal status: T=6.68, dE=40.69, candidate was rejected
Itr 33, LL= -4520878.087884 (54.439024). Anneal status: T=6.68, dE=44.07, candidate was rejected
Itr 34, LL= -4520621.303266 (56.799722). Anneal status: T=6.68, dE=73.65, candidate was rejected
Itr 35, LL= -4520371.187672 (55.327703). Anneal status: T=5.57, dE=64.24, candidate was rejected
Itr 36, LL= -4520134.220411 (52.422080). Anneal status: T=5.57, dE=103.28, candidate was rejected
Itr 37, LL= -4519923.957203 (46.517027). Anneal status: T=5.57, dE=16.33, candidate was rejected
Itr 38, LL= -4519717.229372 (45.737015). Anneal status: T=5.57, dE=21.90, candidate was rejected
Itr 39, LL= -4519547.214834 (37.616189). Anneal status: T=5.57, dE=32.65, candidate was rejected
Itr 40, LL= -4519308.255615 (52.872380). Anneal status: T=4.45, dE=38.54, candidate was rejected
Itr 41, LL= -4519130.008543 (39.441229). Anneal status: T=4.45, dE=52.96, candidate was rejected
Itr 42, LL= -4518991.716356 (30.601507). Anneal status: T=4.45, dE=38.01, candidate was rejected
Itr 43, LL= -4518859.669442 (29.220437). Anneal status: T=4.45, dE=78.72, candidate was rejected
Itr 44, LL= -4518756.901909 (22.741917). Anneal status: T=4.45, dE=54.85, candidate was rejected
Itr 45, LL= -4518677.683381 (17.531044). Anneal status: T=3.34, dE=51.49, candidate was rejected
Itr 46, LL= -4518624.219251 (11.831809). Anneal status: T=3.34, dE=96.69, candidate was rejected
Itr 47, LL= -4518555.857578 (15.128869). Anneal status: T=3.34, dE=66.79, candidate was rejected
Itr 48, LL= -4518499.786466 (12.409078). Anneal status: T=3.34, dE=33.88, candidate was rejected
Itr 49, LL= -4518451.836196 (10.611989). Anneal status: T=3.34, dE=38.59, candidate was rejected
Itr 50, LL= -4518411.364835 (8.956909). Anneal status: T=2.23, dE=47.33, candidate was rejected
Itr 51, LL= -4518371.349978 (8.855957). Anneal status: T=2.23, dE=39.32, candidate was rejected
Itr 52, LL= -4518343.824996 (6.091793). Anneal status: T=2.23, dE=73.52, candidate was rejected
Itr 53, LL= -4518307.649943 (8.006264). Anneal status: T=2.23, dE=48.12, candidate was rejected
Itr 54, LL= -4518263.282505 (9.819481). Anneal status: T=2.23, dE=70.66, candidate was rejected
Itr 55, LL= -4518235.023812 (6.254326). Anneal status: T=1.11, dE=86.47, candidate was rejected
Itr 56, LL= -4518193.164867 (9.264446). Anneal status: T=1.11, dE=83.16, candidate was rejected
Itr 57, LL= -4518161.409664 (7.028297). Anneal status: T=1.11, dE=32.08, candidate was rejected
Itr 58, LL= -4518147.798691 (3.012503). Anneal status: T=1.11, dE=62.45, candidate was rejected
Itr 59, LL= -4518130.313778 (3.869929). Anneal status: T=1.11, dE=53.74, candidate was rejected
Itr 60, LL= -4518102.043198 (6.257141). Anneal status: T=0.00, dE=49.41, candidate was rejected
Itr 61, LL= -4518080.523743 (4.762941). Anneal status: T=0.00, dE=39.44, candidate was rejected
Itr 62, LL= -4518049.962908 (6.764119). Anneal status: T=0.00, dE=21.06, candidate was rejected
Itr 63, LL= -4518019.732259 (6.691083). Anneal status: T=0.00, dE=73.49, candidate was rejected
Itr 64, LL= -4517994.340362 (5.620139). Anneal status: T=0.00, dE=53.66, candidate was rejected
Itr 65, LL= -4517971.607953 (5.031527). Anneal status: T=0.00, dE=45.90, candidate was rejected
Itr 66, LL= -4517953.783857 (3.945155). Anneal status: T=0.00, dE=27.78, candidate was rejected
Itr 67, LL= -4517938.378582 (3.409790). Anneal status: T=0.00, dE=58.32, candidate was rejected
Itr 68, LL= -4517923.784467 (3.230260). Anneal status: T=0.00, dE=8.61, candidate was rejected
Itr 69, LL= -4517896.488928 (6.041611). Anneal status: T=0.00, dE=46.11, candidate was rejected
Itr 70, LL= -4517866.756372 (6.581062). Anneal status: T=0.00, dE=53.62, candidate was rejected
Itr 71, LL= -4517843.281035 (5.196111). Anneal status: T=0.00, dE=58.96, candidate was rejected
Itr 72, LL= -4517821.866399 (4.740013). Anneal status: T=0.00, dE=19.82, candidate was rejected
Itr 73, LL= -4517795.379760 (5.862701). Anneal status: T=0.00, dE=102.16, candidate was rejected
Itr 74, LL= -4517766.841213 (6.316919). Anneal status: T=0.00, dE=62.32, candidate was rejected
Itr 75, LL= -4517741.241595 (5.666432). Anneal status: T=0.00, dE=28.60, candidate was rejected
Itr 76, LL= -4517730.656539 (2.342997). Anneal status: T=0.00, dE=67.64, candidate was rejected
Itr 77, LL= -4517719.160523 (2.544644). Anneal status: T=0.00, dE=56.26, candidate was rejected
Itr 78, LL= -4517710.870680 (1.834962). Anneal status: T=0.00, dE=63.55, candidate was rejected
Itr 79, LL= -4517702.018367 (1.959469). Anneal status: T=0.00, dE=24.97, candidate was rejected
Itr 80, LL= -4517682.667765 (4.283284). Anneal status: T=0.00, dE=34.98, candidate was rejected
Itr 81, LL= -4517650.597686 (7.098790). Anneal status: T=0.00, dE=8.64, candidate was rejected
Itr 82, LL= -4517627.984661 (5.005483). Anneal status: T=0.00, dE=61.95, candidate was rejected
Itr 83, LL= -4517616.298136 (2.586872). Anneal status: T=0.00, dE=43.73, candidate was rejected
Itr 84, LL= -4517601.515266 (3.272272). Anneal status: T=0.00, dE=52.20, candidate was rejected
Itr 85, LL= -4517588.227044 (2.941433). Anneal status: T=0.00, dE=36.99, candidate was rejected
Itr 86, LL= -4517579.579381 (1.914221). Anneal status: T=0.00, dE=1.44, candidate was rejected
Itr 87, LL= -4517555.867253 (5.248857). Anneal status: T=0.00, dE=15.27, candidate was rejected
Itr 88, LL= -4517537.355361 (4.097767). Anneal status: T=0.00, dE=27.36, candidate was rejected
Itr 89, LL= -4517524.876589 (2.762295). Anneal status: T=0.00, dE=29.43, candidate was rejected
Itr 90, LL= -4517513.281695 (2.566648). Anneal status: T=0.00, dE=63.95, candidate was rejected
Itr 91, LL= -4517502.703286 (2.341644). Anneal status: T=0.00, dE=22.25, candidate was rejected
Itr 92, LL= -4517495.495933 (1.595428). Anneal status: T=0.00, dE=76.45, candidate was rejected
Itr 93, LL= -4517481.268136 (3.149488). Anneal status: T=0.00, dE=236.57, candidate was rejected
Itr 94, LL= -4517463.869779 (3.851340). Anneal status: T=0.00, dE=26.07, candidate was rejected
Itr 95, LL= -4517460.784551 (0.682956). Anneal status: T=0.00, dE=38.58, candidate was rejected
Itr 96, LL= -4517459.808294 (0.216108). Anneal status: T=0.00, dE=97.88, candidate was rejected
Itr 97, LL= -4517458.151951 (0.366653). Anneal status: T=0.00, dE=32.65, candidate was rejected
-- Annealing statistics:
Portion of times candidate was better: 0.000000
Portion of times candidate was chosen by chance: 0.020619
--
EM for 19 states, 131 emission nodes. 22 observed values.
            gibbs: 0
    nGibbsItrPcnt: 0.8000
     annealParams: {}
           maxItr: 500
      convergeEps: 1.0000e-06
           minItr: 5
       parametric: 0
        initprobs: []
      persistBias: 0
          obsVals: []

- Initalized simulated annealing with params:
                     type: 'linear'
    max_chance_accpetance: 0.2000
             min_duration: 5
        min_init_duration: 5
             max_duration: 11
              converge_th: 1.0000e-06

--
Itr 1, LL= -16383913.802774 (Inf). Anneal status: T=NaN, dE=-33.10, collecting statistics
Itr 2, LL= -4774652.079683 (Inf). Anneal status: T=NaN, dE=-295.86, collecting statistics
Itr 3, LL= -4659273.143461 (Inf). Anneal status: T=NaN, dE=-546.22, collecting statistics
Itr 4, LL= -4586597.329273 (15598.101238). Anneal status: T=NaN, dE=-328.37, collecting statistics
Itr 5, LL= -4554915.670213 (6907.442879). Anneal status: T=NaN, dE=-8.93, collecting statistics
Itr 6, LL= -4540537.829908 (3156.554665). Anneal status: T=NaN, dE=-8.42, collecting statistics
Itr 7, LL= -4532214.505830 (1833.114135). Anneal status: T=NaN, dE=-13.62, collecting statistics
Itr 8, LL= -4527103.701110 (1127.661701). Anneal status: T=NaN, dE=86.55, collecting statistics
Itr 9, LL= -4523666.886235 (759.164159). Anneal status: T=NaN, dE=21.90, collecting statistics
Itr 10, LL= -4521327.521504 (517.139036). Anneal status: T=NaN, dE=37.44, collecting statistics
Itr 11, LL= -4519741.902875 (350.697582). Anneal status: T=12.08, dE=132.41, candidate was rejected
Itr 12, LL= -4518630.230854 (245.959182). Anneal status: T=12.08, dE=30.86, candidate was rejected
Itr 13, LL= -4517803.731676 (182.909230). Anneal status: T=12.08, dE=42.41, candidate was rejected
Itr 14, LL= -4517234.573915 (125.981073). Anneal status: T=12.08, dE=126.27, candidate was rejected
Itr 15, LL= -4516796.122543 (97.061900). Anneal status: T=12.08, dE=44.61, candidate was rejected
Itr 16, LL= -4516461.631763 (74.054877). Anneal status: T=10.87, dE=40.61, candidate was rejected
Itr 17, LL= -4516201.788768 (57.532426). Anneal status: T=10.87, dE=75.99, candidate was rejected
Itr 18, LL= -4516007.957791 (42.919025). Anneal status: T=10.87, dE=34.72, candidate was rejected
Itr 19, LL= -4515861.371950 (32.459163). Anneal status: T=10.87, dE=48.31, candidate was rejected
Itr 20, LL= -4515689.891597 (37.972900). Anneal status: T=10.87, dE=34.63, candidate was rejected
Itr 21, LL= -4515509.179210 (40.018777). Anneal status: T=9.66, dE=105.05, candidate was rejected
Itr 22, LL= -4515387.804304 (26.879561). Anneal status: T=9.66, dE=36.98, candidate was rejected
Itr 23, LL= -4515229.997507 (34.948670). Anneal status: T=9.66, dE=82.05, candidate was rejected
Itr 24, LL= -4515102.442122 (28.250031). Anneal status: T=9.66, dE=17.16, candidate was rejected
Itr 25, LL= -4515001.145973 (22.434961). Anneal status: T=9.66, dE=114.33, candidate was rejected
Itr 26, LL= -4514925.255991 (16.808408). Anneal status: T=8.45, dE=69.55, candidate was rejected
Itr 27, LL= -4514855.091274 (15.540615). Anneal status: T=8.45, dE=111.47, candidate was rejected
Itr 28, LL= -4514782.405302 (16.099292). Anneal status: T=8.45, dE=5.12, candidate was rejected
Itr 29, LL= -4514704.692188 (17.213037). Anneal status: T=8.45, dE=23.81, candidate was rejected
Itr 30, LL= -4514644.835195 (13.258230). Anneal status: T=8.45, dE=30.40, candidate was rejected
Itr 31, LL= -4514562.440433 (18.250552). Anneal status: T=7.25, dE=112.33, candidate was rejected
Itr 32, LL= -4514497.185199 (14.454387). Anneal status: T=7.25, dE=6.22, candidate was rejected
Itr 33, LL= -4514443.792553 (11.826931). Anneal status: T=7.25, dE=31.03, candidate was rejected
Itr 34, LL= -4514401.527393 (9.362208). Anneal status: T=7.25, dE=33.31, candidate was rejected
Itr 35, LL= -4514346.439742 (12.202648). Anneal status: T=7.25, dE=62.99, candidate was rejected
Itr 36, LL= -4514312.928842 (7.423201). Anneal status: T=6.04, dE=75.50, candidate was rejected
Itr 37, LL= -4514279.801086 (7.338383). Anneal status: T=6.04, dE=67.42, candidate was rejected
Itr 38, LL= -4514247.447331 (7.166980). Anneal status: T=6.04, dE=15.88, candidate was rejected
Itr 39, LL= -4514229.179805 (4.046638). Anneal status: T=6.04, dE=29.59, candidate was rejected
Itr 40, LL= -4514215.751004 (2.974772). Anneal status: T=6.04, dE=54.10, candidate was rejected
Itr 41, LL= -4514192.412199 (5.170069). Anneal status: T=4.83, dE=69.77, candidate was rejected
Itr 42, LL= -4514164.005228 (6.292813). Anneal status: T=4.83, dE=50.74, candidate was rejected
Itr 43, LL= -4514147.744074 (3.602252). Anneal status: T=4.83, dE=25.11, candidate was rejected
Itr 44, LL= -4514120.194635 (6.102910). Anneal status: T=4.83, dE=23.19, candidate was rejected
Itr 45, LL= -4514105.431082 (3.270527). Anneal status: T=4.83, dE=74.44, candidate was rejected
Itr 46, LL= -4514091.590287 (3.066121). Anneal status: T=3.62, dE=61.32, candidate was rejected
Itr 47, LL= -4514069.738113 (4.840880). Anneal status: T=3.62, dE=57.73, candidate was rejected
Itr 48, LL= -4514057.047357 (2.811378). Anneal status: T=3.62, dE=41.47, candidate was rejected
Itr 49, LL= -4514047.999715 (2.004326). Anneal status: T=3.62, dE=28.79, candidate was rejected
Itr 50, LL= -4514035.380375 (2.795571). Anneal status: T=3.62, dE=55.07, candidate was rejected
Itr 51, LL= -4514019.775870 (3.456886). Anneal status: T=2.42, dE=57.92, candidate was rejected
Itr 52, LL= -4513999.452502 (4.502277). Anneal status: T=2.42, dE=32.17, candidate was rejected
Itr 53, LL= -4513984.447860 (3.324024). Anneal status: T=2.42, dE=61.77, candidate was rejected
Itr 54, LL= -4513972.296650 (2.691904). Anneal status: T=2.42, dE=21.13, candidate was rejected
Itr 55, LL= -4513959.246446 (2.891069). Anneal status: T=2.42, dE=57.12, candidate was rejected
Itr 56, LL= -4513943.431757 (3.503507). Anneal status: T=1.21, dE=55.65, candidate was rejected
Itr 57, LL= -4513934.743329 (1.924798). Anneal status: T=1.21, dE=39.83, candidate was rejected
Itr 58, LL= -4513929.829753 (1.088535). Anneal status: T=1.21, dE=64.58, candidate was rejected
Itr 59, LL= -4513920.255981 (2.120939). Anneal status: T=1.21, dE=63.28, candidate was rejected
Itr 60, LL= -4513905.450391 (3.279985). Anneal status: T=1.21, dE=71.58, candidate was rejected
Itr 61, LL= -4513900.696285 (1.053213). Anneal status: T=0.00, dE=100.61, candidate was rejected
Itr 62, LL= -4513893.177969 (1.665592). Anneal status: T=0.00, dE=27.54, candidate was rejected
Itr 63, LL= -4513883.432050 (2.159094). Anneal status: T=0.00, dE=23.73, candidate was rejected
Itr 64, LL= -4513871.112278 (2.729307). Anneal status: T=0.00, dE=15.41, candidate was rejected
Itr 65, LL= -4513865.880616 (1.159019). Anneal status: T=0.00, dE=57.87, candidate was rejected
Itr 66, LL= -4513857.194510 (1.924316). Anneal status: T=0.00, dE=18.81, candidate was rejected
Itr 67, LL= -4513851.140537 (1.341197). Anneal status: T=0.00, dE=32.33, candidate was rejected
Itr 68, LL= -4513848.482408 (0.588883). Anneal status: T=0.00, dE=26.15, candidate was rejected
Itr 69, LL= -4513844.601598 (0.859756). Anneal status: T=0.00, dE=18.98, candidate was rejected
Itr 70, LL= -4513840.023929 (1.014140). Anneal status: T=0.00, dE=68.99, candidate was rejected
Itr 71, LL= -4513826.750031 (2.940711). Anneal status: T=0.00, dE=28.74, candidate was rejected
Itr 72, LL= -4513818.755881 (1.771036). Anneal status: T=0.00, dE=57.62, candidate was rejected
Itr 73, LL= -4513812.206852 (1.450885). Anneal status: T=0.00, dE=25.61, candidate was rejected
Itr 74, LL= -4513797.237642 (3.316312). Anneal status: T=0.00, dE=9.50, candidate was rejected
Itr 75, LL= -4513787.625988 (2.129394). Anneal status: T=0.00, dE=96.49, candidate was rejected
Itr 76, LL= -4513780.063813 (1.675350). Anneal status: T=0.00, dE=76.05, candidate was rejected
Itr 77, LL= -4513770.491802 (2.120620). Anneal status: T=0.00, dE=76.74, candidate was rejected
Itr 78, LL= -4513761.809922 (1.923421). Anneal status: T=0.00, dE=45.96, candidate was rejected
Itr 79, LL= -4513759.375397 (0.539356). Anneal status: T=0.00, dE=35.43, candidate was rejected
Itr 80, LL= -4513757.843538 (0.339376). Anneal status: T=0.00, dE=28.07, candidate was rejected
Itr 81, LL= -4513756.637908 (0.267101). Anneal status: T=0.00, dE=38.77, candidate was rejected
-- Annealing statistics:
Portion of times candidate was better: 0.000000
Portion of times candidate was chosen by chance: 0.000000
--
EM for 19 states, 131 emission nodes. 22 observed values.
            gibbs: 0
    nGibbsItrPcnt: 0.8000
     annealParams: {}
           maxItr: 500
      convergeEps: 1.0000e-06
           minItr: 5
       parametric: 0
        initprobs: []
      persistBias: 0
          obsVals: []

- Initalized simulated annealing with params:
                     type: 'linear'
    max_chance_accpetance: 0.2000
             min_duration: 5
        min_init_duration: 5
             max_duration: 11
              converge_th: 1.0000e-06

--
Itr 1, LL= -16487270.741036 (Inf). Anneal status: T=NaN, dE=-4272.45, collecting statistics
Itr 2, LL= -4755100.162705 (Inf). Anneal status: T=NaN, dE=-1572.31, collecting statistics
Itr 3, LL= -4630836.807714 (Inf). Anneal status: T=NaN, dE=-558.55, collecting statistics
Itr 4, LL= -4583694.828580 (10180.013050). Anneal status: T=NaN, dE=-75.33, collecting statistics
Itr 5, LL= -4560959.225740 (4960.103953). Anneal status: T=NaN, dE=-90.35, collecting statistics
Itr 6, LL= -4549352.194002 (2544.866368). Anneal status: T=NaN, dE=3.18, collecting statistics
Itr 7, LL= -4543019.605885 (1391.975791). Anneal status: T=NaN, dE=36.58, collecting statistics
Itr 8, LL= -4538872.961420 (912.750731). Anneal status: T=NaN, dE=13.66, collecting statistics
Itr 9, LL= -4535905.352577 (653.820644). Anneal status: T=1.62, dE=62.69, candidate was rejected
Itr 10, LL= -4533762.504872 (472.418964). Anneal status: T=1.62, dE=23.27, candidate was rejected
Itr 11, LL= -4532010.313715 (386.476167). Anneal status: T=1.62, dE=58.39, candidate was rejected
Itr 12, LL= -4530761.215693 (275.616765). Anneal status: T=1.62, dE=21.42, candidate was rejected
Itr 13, LL= -4529781.805117 (216.169100). Anneal status: T=1.62, dE=74.73, candidate was rejected
Itr 14, LL= -4528975.437303 (178.014714). Anneal status: T=1.46, dE=33.98, candidate was rejected
Itr 15, LL= -4528222.098172 (166.337650). Anneal status: T=1.46, dE=26.42, candidate was rejected
Itr 16, LL= -4527529.858278 (152.872337). Anneal status: T=1.46, dE=55.81, candidate was rejected
Itr 17, LL= -4526926.670208 (133.226746). Anneal status: T=1.46, dE=120.33, candidate was rejected
Itr 18, LL= -4526429.138085 (109.905055). Anneal status: T=1.46, dE=43.97, candidate was rejected
Itr 19, LL= -4525983.888406 (98.366652). Anneal status: T=1.29, dE=33.74, candidate was rejected
Itr 20, LL= -4525582.664356 (88.649023). Anneal status: T=1.29, dE=161.58, candidate was rejected
Itr 21, LL= -4525226.369055 (78.729155). Anneal status: T=1.29, dE=21.03, candidate was rejected
Itr 22, LL= -4524902.455935 (71.579429). Anneal status: T=1.29, dE=93.72, candidate was rejected
Itr 23, LL= -4524601.116074 (66.595880). Anneal status: T=1.29, dE=8.57, candidate was rejected
Itr 24, LL= -4524331.679692 (59.549201). Anneal status: T=1.13, dE=58.43, candidate was rejected
Itr 25, LL= -4524089.628065 (53.499974). Anneal status: T=1.13, dE=36.94, candidate was rejected
Itr 26, LL= -4523884.618114 (45.315183). Anneal status: T=1.13, dE=105.18, candidate was rejected
Itr 27, LL= -4523660.452756 (49.551520). Anneal status: T=1.13, dE=40.05, candidate was rejected
Itr 28, LL= -4523399.484251 (57.689676). Anneal status: T=1.13, dE=34.57, candidate was rejected
Itr 29, LL= -4523185.367674 (47.335323). Anneal status: T=0.97, dE=25.93, candidate was rejected
Itr 30, LL= -4522988.235118 (43.582683). Anneal status: T=0.97, dE=57.61, candidate was rejected
Itr 31, LL= -4522826.974165 (35.653631). Anneal status: T=0.97, dE=49.03, candidate was rejected
Itr 32, LL= -4522678.416988 (32.846089). Anneal status: T=0.97, dE=13.41, candidate was rejected
Itr 33, LL= -4522554.619395 (27.372628). Anneal status: T=0.97, dE=22.41, candidate was rejected
Itr 34, LL= -4522453.906028 (22.269132). Anneal status: T=0.81, dE=47.89, candidate was rejected
Itr 35, LL= -4522358.481466 (21.100173). Anneal status: T=0.81, dE=54.19, candidate was rejected
Itr 36, LL= -4522254.258443 (23.046166). Anneal status: T=0.81, dE=35.94, candidate was rejected
Itr 37, LL= -4522135.965217 (26.158022). Anneal status: T=0.81, dE=18.68, candidate was rejected
Itr 38, LL= -4522050.544361 (18.889493). Anneal status: T=0.81, dE=33.77, candidate was rejected
Itr 39, LL= -4521989.937170 (13.402590). Anneal status: T=0.65, dE=21.14, candidate was rejected
Itr 40, LL= -4521929.312647 (13.406603). Anneal status: T=0.65, dE=50.99, candidate was rejected
Itr 41, LL= -4521863.803654 (14.486956). Anneal status: T=0.65, dE=87.30, candidate was rejected
Itr 42, LL= -4521789.514484 (16.428883). Anneal status: T=0.65, dE=39.44, candidate was rejected
Itr 43, LL= -4521727.140128 (13.794175). Anneal status: T=0.65, dE=31.28, candidate was rejected
Itr 44, LL= -4521646.229104 (17.893832). Anneal status: T=0.49, dE=64.35, candidate was rejected
Itr 45, LL= -4521573.940734 (15.987180). Anneal status: T=0.49, dE=52.09, candidate was rejected
Itr 46, LL= -4521516.411142 (12.723355). Anneal status: T=0.49, dE=40.30, candidate was rejected
Itr 47, LL= -4521443.186720 (16.194660). Anneal status: T=0.49, dE=37.76, candidate was rejected
Itr 48, LL= -4521345.971974 (21.500822). Anneal status: T=0.49, dE=91.90, candidate was rejected
Itr 49, LL= -4521278.495412 (14.923999). Anneal status: T=0.32, dE=121.06, candidate was rejected
Itr 50, LL= -4521234.007654 (9.839641). Anneal status: T=0.32, dE=136.87, candidate was rejected
Itr 51, LL= -4521191.493169 (9.403292). Anneal status: T=0.32, dE=35.63, candidate was rejected
Itr 52, LL= -4521156.217416 (7.802313). Anneal status: T=0.32, dE=108.90, candidate was rejected
Itr 53, LL= -4521126.293747 (6.618588). Anneal status: T=0.32, dE=93.85, candidate was rejected
Itr 54, LL= -4521087.336345 (8.616747). Anneal status: T=0.16, dE=32.09, candidate was rejected
Itr 55, LL= -4521031.221319 (12.411843). Anneal status: T=0.16, dE=21.87, candidate was rejected
Itr 56, LL= -4520997.989908 (7.350405). Anneal status: T=0.16, dE=82.09, candidate was rejected
Itr 57, LL= -4520966.420967 (6.982737). Anneal status: T=0.16, dE=31.77, candidate was rejected
Itr 58, LL= -4520936.032346 (6.721709). Anneal status: T=0.16, dE=69.58, candidate was rejected
Itr 59, LL= -4520883.647156 (11.587244). Anneal status: T=0.00, dE=30.58, candidate was rejected
Itr 60, LL= -4520815.086199 (15.165388). Anneal status: T=0.00, dE=34.25, candidate was rejected
Itr 61, LL= -4520762.031089 (11.735740). Anneal status: T=0.00, dE=48.02, candidate was rejected
Itr 62, LL= -4520732.044487 (6.633086). Anneal status: T=0.00, dE=18.38, candidate was rejected
Itr 63, LL= -4520708.216348 (5.270858). Anneal status: T=0.00, dE=78.46, candidate was rejected
Itr 64, LL= -4520660.237410 (10.613146). Anneal status: T=0.00, dE=62.74, candidate was rejected
Itr 65, LL= -4520616.544767 (9.665102). Anneal status: T=0.00, dE=33.78, candidate was rejected
Itr 66, LL= -4520586.287270 (6.693224). Anneal status: T=0.00, dE=35.77, candidate was rejected
Itr 67, LL= -4520568.436565 (3.948759). Anneal status: T=0.00, dE=60.82, candidate was rejected
Itr 68, LL= -4520537.604503 (6.820395). Anneal status: T=0.00, dE=21.42, candidate was rejected
Itr 69, LL= -4520519.282393 (4.053082). Anneal status: T=0.00, dE=41.42, candidate was rejected
Itr 70, LL= -4520497.437077 (4.832479). Anneal status: T=0.00, dE=30.95, candidate was rejected
Itr 71, LL= -4520484.835593 (2.787632). Anneal status: T=0.00, dE=57.85, candidate was rejected
Itr 72, LL= -4520472.961983 (2.626623). Anneal status: T=0.00, dE=67.64, candidate was rejected
Itr 73, LL= -4520458.479612 (3.203729). Anneal status: T=0.00, dE=66.81, candidate was rejected
Itr 74, LL= -4520434.893958 (5.217536). Anneal status: T=0.00, dE=51.51, candidate was rejected
Itr 75, LL= -4520415.877455 (4.206786). Anneal status: T=0.00, dE=58.82, candidate was rejected
Itr 76, LL= -4520402.632608 (2.930007). Anneal status: T=0.00, dE=23.63, candidate was rejected
Itr 77, LL= -4520388.442098 (3.139214). Anneal status: T=0.00, dE=73.03, candidate was rejected
Itr 78, LL= -4520374.999968 (2.973667). Anneal status: T=0.00, dE=47.75, candidate was rejected
Itr 79, LL= -4520360.804093 (3.140420). Anneal status: T=0.00, dE=148.74, candidate was rejected
Itr 80, LL= -4520340.748618 (4.436698). Anneal status: T=0.00, dE=17.86, candidate was rejected
Itr 81, LL= -4520321.105069 (4.345590). Anneal status: T=0.00, dE=26.30, candidate was rejected
Itr 82, LL= -4520305.142161 (3.531366). Anneal status: T=0.00, dE=38.16, candidate was rejected
Itr 83, LL= -4520284.278664 (4.615506). Anneal status: T=0.00, dE=43.13, candidate was rejected
Itr 84, LL= -4520244.991458 (8.691313). Anneal status: T=0.00, dE=98.86, candidate was rejected
Itr 85, LL= -4520205.331153 (8.773928). Anneal status: T=0.00, dE=52.29, candidate was rejected
Itr 86, LL= -4520186.096485 (4.255264). Anneal status: T=0.00, dE=112.74, candidate was rejected
Itr 87, LL= -4520170.182208 (3.520713). Anneal status: T=0.00, dE=46.86, candidate was rejected
Itr 88, LL= -4520159.653775 (2.329212). Anneal status: T=0.00, dE=13.95, candidate was rejected
Itr 89, LL= -4520144.994618 (3.243062). Anneal status: T=0.00, dE=100.67, candidate was rejected
Itr 90, LL= -4520129.074335 (3.522073). Anneal status: T=0.00, dE=39.51, candidate was rejected
Itr 91, LL= -4520119.389162 (2.142676). Anneal status: T=0.00, dE=41.03, candidate was rejected
Itr 92, LL= -4520108.846927 (2.332291). Anneal status: T=0.00, dE=42.19, candidate was rejected
Itr 93, LL= -4520086.550402 (4.932741). Anneal status: T=0.00, dE=33.80, candidate was rejected
Itr 94, LL= -4520068.220907 (4.055120). Anneal status: T=0.00, dE=72.59, candidate was rejected
Itr 95, LL= -4520044.005238 (5.357368). Anneal status: T=0.00, dE=44.43, candidate was rejected
Itr 96, LL= -4520012.378172 (6.997070). Anneal status: T=0.00, dE=16.69, candidate was rejected
Itr 97, LL= -4519977.121830 (7.800054). Anneal status: T=0.00, dE=34.71, candidate was rejected
Itr 98, LL= -4519939.576488 (8.306533). Anneal status: T=0.00, dE=40.16, candidate was rejected
Itr 99, LL= -4519917.982999 (4.777384). Anneal status: T=0.00, dE=38.91, candidate was rejected
Itr 100, LL= -4519890.610563 (6.055959). Anneal status: T=0.00, dE=24.05, candidate was rejected
Itr 101, LL= -4519873.595861 (3.764406). Anneal status: T=0.00, dE=29.92, candidate was rejected
Itr 102, LL= -4519862.234217 (2.513708). Anneal status: T=0.00, dE=57.55, candidate was rejected
Itr 103, LL= -4519840.290342 (4.854988). Anneal status: T=0.00, dE=56.46, candidate was rejected
Itr 104, LL= -4519827.243993 (2.886463). Anneal status: T=0.00, dE=80.47, candidate was rejected
Itr 105, LL= -4519812.025951 (3.366952). Anneal status: T=0.00, dE=31.94, candidate was rejected
Itr 106, LL= -4519798.433858 (3.007225). Anneal status: T=0.00, dE=57.56, candidate was rejected
Itr 107, LL= -4519776.398226 (4.875357). Anneal status: T=0.00, dE=23.86, candidate was rejected
Itr 108, LL= -4519747.268523 (6.444943). Anneal status: T=0.00, dE=146.58, candidate was rejected
Itr 109, LL= -4519726.869264 (4.513363). Anneal status: T=0.00, dE=104.34, candidate was rejected
Itr 110, LL= -4519709.714970 (3.795427). Anneal status: T=0.00, dE=65.56, candidate was rejected
Itr 111, LL= -4519692.551422 (3.797489). Anneal status: T=0.00, dE=68.26, candidate was rejected
Itr 112, LL= -4519656.788197 (7.912756). Anneal status: T=0.00, dE=44.54, candidate was rejected
Itr 113, LL= -4519631.726061 (5.545141). Anneal status: T=0.00, dE=45.54, candidate was rejected
Itr 114, LL= -4519602.196254 (6.533675). Anneal status: T=0.00, dE=16.93, candidate was rejected
Itr 115, LL= -4519574.787973 (6.064313). Anneal status: T=0.00, dE=32.89, candidate was rejected
Itr 116, LL= -4519558.131901 (3.685318). Anneal status: T=0.00, dE=30.86, candidate was rejected
Itr 117, LL= -4519541.286495 (3.727224). Anneal status: T=0.00, dE=80.00, candidate was rejected
Itr 118, LL= -4519525.277047 (3.542273). Anneal status: T=0.00, dE=50.90, candidate was rejected
Itr 119, LL= -4519507.237338 (3.991505). Anneal status: T=0.00, dE=39.82, candidate was rejected
Itr 120, LL= -4519471.263716 (7.959634). Anneal status: T=0.00, dE=54.33, candidate was rejected
Itr 121, LL= -4519445.651604 (5.667059). Anneal status: T=0.00, dE=109.38, candidate was rejected
Itr 122, LL= -4519425.846433 (4.382212). Anneal status: T=0.00, dE=33.57, candidate was rejected
Itr 123, LL= -4519397.069373 (6.367415). Anneal status: T=0.00, dE=47.95, candidate was rejected
Itr 124, LL= -4519365.816801 (6.915208). Anneal status: T=0.00, dE=70.44, candidate was rejected
Itr 125, LL= -4519354.470423 (2.510613). Anneal status: T=0.00, dE=24.27, candidate was rejected
Itr 126, LL= -4519331.556875 (5.070093). Anneal status: T=0.00, dE=63.51, candidate was rejected
Itr 127, LL= -4519305.360502 (5.796515). Anneal status: T=0.00, dE=36.42, candidate was rejected
Itr 128, LL= -4519270.784007 (7.650843). Anneal status: T=0.00, dE=174.86, candidate was rejected
Itr 129, LL= -4519257.522197 (2.934502). Anneal status: T=0.00, dE=14.93, candidate was rejected
Itr 130, LL= -4519242.118094 (3.408547). Anneal status: T=0.00, dE=88.13, candidate was rejected
Itr 131, LL= -4519221.763771 (4.503924). Anneal status: T=0.00, dE=9.81, candidate was rejected
Itr 132, LL= -4519202.018882 (4.369091). Anneal status: T=0.00, dE=50.84, candidate was rejected
Itr 133, LL= -4519189.519820 (2.765768). Anneal status: T=0.00, dE=28.56, candidate was rejected
Itr 134, LL= -4519162.803673 (5.911712). Anneal status: T=0.00, dE=112.29, candidate was rejected
Itr 135, LL= -4519124.683171 (8.435302). Anneal status: T=0.00, dE=53.46, candidate was rejected
Itr 136, LL= -4519098.211271 (5.857749). Anneal status: T=0.00, dE=50.41, candidate was rejected
Itr 137, LL= -4519062.534909 (7.894575). Anneal status: T=0.00, dE=72.77, candidate was rejected
Itr 138, LL= -4519030.908908 (6.998354). Anneal status: T=0.00, dE=30.97, candidate was rejected
Itr 139, LL= -4519013.963952 (3.749688). Anneal status: T=0.00, dE=80.51, candidate was rejected
Itr 140, LL= -4518992.012010 (4.857684). Anneal status: T=0.00, dE=104.74, candidate was rejected
Itr 141, LL= -4518967.883445 (5.339369). Anneal status: T=0.00, dE=42.45, candidate was rejected
Itr 142, LL= -4518940.908598 (5.969249). Anneal status: T=0.00, dE=85.49, candidate was rejected
Itr 143, LL= -4518923.050858 (3.951753). Anneal status: T=0.00, dE=82.68, candidate was rejected
Itr 144, LL= -4518912.340381 (2.370139). Anneal status: T=0.00, dE=50.91, candidate was rejected
Itr 145, LL= -4518900.098127 (2.709115). Anneal status: T=0.00, dE=30.83, candidate was rejected
Itr 146, LL= -4518856.909009 (9.557440). Anneal status: T=0.00, dE=43.53, candidate was rejected
Itr 147, LL= -4518807.556234 (10.921518). Anneal status: T=0.00, dE=87.58, candidate was rejected
Itr 148, LL= -4518785.121932 (4.964651). Anneal status: T=0.00, dE=38.57, candidate was rejected
Itr 149, LL= -4518762.301175 (5.050197). Anneal status: T=0.00, dE=78.34, candidate was rejected
Itr 150, LL= -4518708.032005 (12.009742). Anneal status: T=0.00, dE=49.30, candidate was rejected
Itr 151, LL= -4518682.192150 (5.718416). Anneal status: T=0.00, dE=13.81, candidate was rejected
Itr 152, LL= -4518656.790393 (5.621497). Anneal status: T=0.00, dE=60.45, candidate was rejected
Itr 153, LL= -4518624.234299 (7.204817). Anneal status: T=0.00, dE=81.21, candidate was rejected
Itr 154, LL= -4518606.744769 (3.870543). Anneal status: T=0.00, dE=28.03, candidate was rejected
Itr 155, LL= -4518566.575167 (8.889820). Anneal status: T=0.00, dE=33.37, candidate was rejected
Itr 156, LL= -4518534.146577 (7.176743). Anneal status: T=0.00, dE=51.45, candidate was rejected
Itr 157, LL= -4518518.508561 (3.460860). Anneal status: T=0.00, dE=20.65, candidate was rejected
Itr 158, LL= -4518507.128508 (2.518536). Anneal status: T=0.00, dE=69.33, candidate was rejected
Itr 159, LL= -4518494.184241 (2.864722). Anneal status: T=0.00, dE=81.34, candidate was rejected
Itr 160, LL= -4518468.972592 (5.579657). Anneal status: T=0.00, dE=20.82, candidate was rejected
Itr 161, LL= -4518426.738765 (9.346933). Anneal status: T=0.00, dE=68.02, candidate was rejected
Itr 162, LL= -4518397.750906 (6.415476). Anneal status: T=0.00, dE=67.03, candidate was rejected
Itr 163, LL= -4518381.648237 (3.563801). Anneal status: T=0.00, dE=15.15, candidate was rejected
Itr 164, LL= -4518368.019268 (3.016339). Anneal status: T=0.00, dE=36.77, candidate was rejected
Itr 165, LL= -4518353.070482 (3.308448). Anneal status: T=0.00, dE=49.48, candidate was rejected
Itr 166, LL= -4518307.706008 (10.040046). Anneal status: T=0.00, dE=75.96, candidate was rejected
Itr 167, LL= -4518264.763605 (9.504090). Anneal status: T=0.00, dE=58.31, candidate was rejected
Itr 168, LL= -4518254.336333 (2.307804). Anneal status: T=0.00, dE=13.74, candidate was rejected
Itr 169, LL= -4518246.983612 (1.627337). Anneal status: T=0.00, dE=74.33, candidate was rejected
Itr 170, LL= -4518212.071489 (7.726918). Anneal status: T=0.00, dE=39.40, candidate was rejected
Itr 171, LL= -4518190.607807 (4.750481). Anneal status: T=0.00, dE=91.28, candidate was rejected
Itr 172, LL= -4518172.054453 (4.106368). Anneal status: T=0.00, dE=28.95, candidate was rejected
Itr 173, LL= -4518164.288655 (1.718792). Anneal status: T=0.00, dE=73.24, candidate was rejected
Itr 174, LL= -4518159.497886 (1.060335). Anneal status: T=0.00, dE=81.48, candidate was rejected
Itr 175, LL= -4518142.551180 (3.750798). Anneal status: T=0.00, dE=54.74, candidate was rejected
Itr 176, LL= -4518115.088858 (6.078233). Anneal status: T=0.00, dE=32.18, candidate was rejected
Itr 177, LL= -4518101.121805 (3.091345). Anneal status: T=0.00, dE=102.79, candidate was rejected
Itr 178, LL= -4518083.921415 (3.806995). Anneal status: T=0.00, dE=25.72, candidate was rejected
Itr 179, LL= -4518073.486024 (2.309694). Anneal status: T=0.00, dE=22.87, candidate was rejected
Itr 180, LL= -4518055.713595 (3.933630). Anneal status: T=0.00, dE=81.47, candidate was rejected
Itr 181, LL= -4518050.048863 (1.253799). Anneal status: T=0.00, dE=7.51, candidate was rejected
Itr 182, LL= -4518033.370441 (3.691509). Anneal status: T=0.00, dE=40.95, candidate was rejected
Itr 183, LL= -4518012.123454 (4.702707). Anneal status: T=0.00, dE=50.84, candidate was rejected
Itr 184, LL= -4517996.371709 (3.486433). Anneal status: T=0.00, dE=43.79, candidate was rejected
Itr 185, LL= -4517993.971166 (0.531329). Anneal status: T=0.00, dE=9.73, candidate was rejected
Itr 186, LL= -4517990.874372 (0.685436). Anneal status: T=0.00, dE=33.80, candidate was rejected
Itr 187, LL= -4517987.102390 (0.834880). Anneal status: T=0.00, dE=135.01, candidate was rejected
-- Annealing statistics:
Portion of times candidate was better: 0.000000
Portion of times candidate was chosen by chance: 0.000000
--
>> Your MATLAB session has timed out.  All license keys have been returned.
