My SLURM_ARRAY_TASK_ID:  5

                            < M A T L A B (R) >
                  Copyright 1984-2014 The MathWorks, Inc.
                   R2014b (8.4.0.150421) 64-bit (glnxa64)
                             September 15, 2014

 
For online documentation, see http://www.mathworks.com/support
For product information, visit www.mathworks.com.
 
EM for 5 states, 131 emission nodes. 25 observed values.
            gibbs: 0
    nGibbsItrPcnt: 0.8000
     annealParams: {}
           maxItr: 500
      convergeEps: 1.0000e-06
           minItr: 5
       parametric: 0
        initprobs: []
      persistBias: 0
          obsVals: []

- Initalized simulated annealing with params:
                     type: 'linear'
    max_chance_accpetance: 0.2000
             min_duration: 5
        min_init_duration: 5
             max_duration: 11
              converge_th: 1.0000e-06

--
Itr 1, LL= -15608764.258525 (Inf). Anneal status: T=NaN, dE=-1996.82, collecting statistics
Itr 2, LL= -4179218.978419 (Inf). Anneal status: T=NaN, dE=1378.55, collecting statistics
Itr 3, LL= -4070031.931711 (Inf). Anneal status: T=NaN, dE=-290.27, collecting statistics
Itr 4, LL= -4042958.431005 (6651.913587). Anneal status: T=NaN, dE=-11.08, collecting statistics
Itr 5, LL= -4037556.037026 (1336.247718). Anneal status: T=NaN, dE=8.32, collecting statistics
Itr 6, LL= -4036378.890782 (291.549203). Anneal status: T=NaN, dE=4.52, collecting statistics
Itr 7, LL= -4035996.582230 (94.715725). Anneal status: T=2.13, dE=5.41, candidate was rejected
Itr 8, LL= -4035818.499083 (44.123711). Anneal status: T=2.13, dE=70.43, candidate was rejected
Itr 9, LL= -4035690.689276 (31.668869). Anneal status: T=2.13, dE=39.40, candidate was rejected
Itr 10, LL= -4035568.282748 (30.330999). Anneal status: T=2.13, dE=3.63, candidate was rejected
Itr 11, LL= -4035420.202539 (36.693769). Anneal status: T=2.13, dE=117.75, candidate was rejected
Itr 12, LL= -4035221.820520 (49.160189). Anneal status: T=1.92, dE=217.21, candidate was rejected
Itr 13, LL= -4034956.326462 (65.794167). Anneal status: T=1.92, dE=4.84, candidate was rejected
Itr 14, LL= -4034623.229501 (82.552805). Anneal status: T=1.92, dE=-1.90, candidate was better
Itr 15, LL= -4034252.378194 (91.917209). Anneal status: T=1.92, dE=1.26, candidate was chosen by chance
Itr 16, LL= -4033865.636873 (95.864434). Anneal status: T=1.92, dE=36.73, candidate was rejected
Itr 17, LL= -4033536.397792 (81.618752). Anneal status: T=1.71, dE=157.27, candidate was rejected
Itr 18, LL= -4033297.535930 (59.218968). Anneal status: T=1.71, dE=6.23, candidate was rejected
Itr 19, LL= -4033138.644231 (39.394986). Anneal status: T=1.71, dE=1.37, candidate was chosen by chance
Itr 20, LL= -4033032.017309 (26.437703). Anneal status: T=1.71, dE=1.10, candidate was rejected
Itr 21, LL= -4032949.006815 (20.582652). Anneal status: T=1.71, dE=38.12, candidate was rejected
Itr 22, LL= -4032902.659627 (11.492134). Anneal status: T=1.49, dE=6.90, candidate was rejected
Itr 23, LL= -4032873.942488 (7.120712). Anneal status: T=1.49, dE=128.97, candidate was rejected
Itr 24, LL= -4032827.973914 (11.398465). Anneal status: T=1.49, dE=53.04, candidate was rejected
Itr 25, LL= -4032790.396369 (9.317914). Anneal status: T=1.49, dE=0.25, candidate was rejected
Itr 26, LL= -4032770.525884 (4.927230). Anneal status: T=1.49, dE=0.64, candidate was rejected
Itr 27, LL= -4032756.138873 (3.567525). Anneal status: T=1.28, dE=294.09, candidate was rejected
Itr 28, LL= -4032741.367298 (3.662898). Anneal status: T=1.28, dE=4.45, candidate was rejected
Itr 29, LL= -4032731.932058 (2.339659). Anneal status: T=1.28, dE=121.40, candidate was rejected
Itr 30, LL= -4032724.057409 (1.952684). Anneal status: T=1.28, dE=21.60, candidate was rejected
Itr 31, LL= -4032716.836918 (1.790475). Anneal status: T=1.28, dE=0.85, candidate was chosen by chance
Itr 32, LL= -4032705.796449 (2.737725). Anneal status: T=1.07, dE=2.36, candidate was rejected
Itr 33, LL= -4032696.699397 (2.255818). Anneal status: T=1.07, dE=5.88, candidate was rejected
Itr 34, LL= -4032687.122820 (2.374733). Anneal status: T=1.07, dE=141.38, candidate was rejected
Itr 35, LL= -4032677.851250 (2.299105). Anneal status: T=1.07, dE=29.72, candidate was rejected
Itr 36, LL= -4032671.330293 (1.617029). Anneal status: T=1.07, dE=16.40, candidate was rejected
Itr 37, LL= -4032665.155015 (1.531312). Anneal status: T=0.85, dE=252.99, candidate was rejected
Itr 38, LL= -4032657.606001 (1.871966). Anneal status: T=0.85, dE=5.86, candidate was rejected
Itr 39, LL= -4032638.672377 (4.695074). Anneal status: T=0.85, dE=44.64, candidate was rejected
Itr 40, LL= -4032625.658580 (3.227117). Anneal status: T=0.85, dE=265.76, candidate was rejected
Itr 41, LL= -4032617.868796 (1.931690). Anneal status: T=0.85, dE=0.44, candidate was chosen by chance
Itr 42, LL= -4032609.883957 (1.980063). Anneal status: T=0.64, dE=65.79, candidate was rejected
Itr 43, LL= -4032601.995141 (1.956256). Anneal status: T=0.64, dE=11.46, candidate was rejected
Itr 44, LL= -4032593.099944 (2.205821). Anneal status: T=0.64, dE=2.34, candidate was rejected
Itr 45, LL= -4032578.018395 (3.739913). Anneal status: T=0.64, dE=36.73, candidate was rejected
Itr 46, LL= -4032569.182591 (2.191106). Anneal status: T=0.64, dE=13.89, candidate was rejected
Itr 47, LL= -4032561.751796 (1.842695). Anneal status: T=0.43, dE=1.39, candidate was rejected
Itr 48, LL= -4032554.323505 (1.842077). Anneal status: T=0.43, dE=14.30, candidate was rejected
Itr 49, LL= -4032546.973402 (1.822692). Anneal status: T=0.43, dE=0.98, candidate was rejected
Itr 50, LL= -4032540.869213 (1.513730). Anneal status: T=0.43, dE=79.28, candidate was rejected
Itr 51, LL= -4032535.463215 (1.340593). Anneal status: T=0.43, dE=68.26, candidate was rejected
Itr 52, LL= -4032528.771529 (1.659424). Anneal status: T=0.21, dE=36.11, candidate was rejected
Itr 53, LL= -4032516.188443 (3.120396). Anneal status: T=0.21, dE=100.42, candidate was rejected
Itr 54, LL= -4032502.118442 (3.489137). Anneal status: T=0.21, dE=42.12, candidate was rejected
Itr 55, LL= -4032489.597690 (3.104959). Anneal status: T=0.21, dE=0.93, candidate was rejected
Itr 56, LL= -4032480.062796 (2.364518). Anneal status: T=0.21, dE=46.76, candidate was rejected
Itr 57, LL= -4032464.067670 (3.966573). Anneal status: T=0.00, dE=84.29, candidate was rejected
Itr 58, LL= -4032450.458165 (3.374985). Anneal status: T=0.00, dE=60.17, candidate was rejected
Itr 59, LL= -4032440.486458 (2.472865). Anneal status: T=0.00, dE=3.66, candidate was rejected
Itr 60, LL= -4032431.573664 (2.210273). Anneal status: T=0.00, dE=11.63, candidate was rejected
Itr 61, LL= -4032423.817668 (1.923404). Anneal status: T=0.00, dE=22.66, candidate was rejected
Itr 62, LL= -4032416.964037 (1.699631). Anneal status: T=0.00, dE=2.56, candidate was rejected
Itr 63, LL= -4032411.034781 (1.470398). Anneal status: T=0.00, dE=131.61, candidate was rejected
Itr 64, LL= -4032405.874883 (1.279606). Anneal status: T=0.00, dE=5.82, candidate was rejected
Itr 65, LL= -4032391.408637 (3.587497). Anneal status: T=0.00, dE=8.07, candidate was rejected
Itr 66, LL= -4032374.002585 (4.316558). Anneal status: T=0.00, dE=3.25, candidate was rejected
Itr 67, LL= -4032354.023672 (4.954628). Anneal status: T=0.00, dE=17.76, candidate was rejected
Itr 68, LL= -4032347.883380 (1.522756). Anneal status: T=0.00, dE=193.37, candidate was rejected
Itr 69, LL= -4032342.879393 (1.240961). Anneal status: T=0.00, dE=1.01, candidate was rejected
Itr 70, LL= -4032337.527832 (1.327159). Anneal status: T=0.00, dE=13.36, candidate was rejected
Itr 71, LL= -4032331.050351 (1.606383). Anneal status: T=0.00, dE=3.74, candidate was rejected
Itr 72, LL= -4032323.243860 (1.935975). Anneal status: T=0.00, dE=90.80, candidate was rejected
Itr 73, LL= -4032318.066479 (1.283970). Anneal status: T=0.00, dE=2.43, candidate was rejected
Itr 74, LL= -4032311.207301 (1.701051). Anneal status: T=0.00, dE=1.64, candidate was rejected
Itr 75, LL= -4032300.036142 (2.770411). Anneal status: T=0.00, dE=11.25, candidate was rejected
Itr 76, LL= -4032286.228929 (3.424153). Anneal status: T=0.00, dE=97.80, candidate was rejected
Itr 77, LL= -4032274.464327 (2.917601). Anneal status: T=0.00, dE=192.93, candidate was rejected
Itr 78, LL= -4032262.056430 (3.077146). Anneal status: T=0.00, dE=3.71, candidate was rejected
Itr 79, LL= -4032248.683393 (3.316510). Anneal status: T=0.00, dE=205.91, candidate was rejected
Itr 80, LL= -4032237.791321 (2.701240). Anneal status: T=0.00, dE=1.50, candidate was rejected
Itr 81, LL= -4032225.003129 (3.171487). Anneal status: T=0.00, dE=0.88, candidate was rejected
Itr 82, LL= -4032200.605075 (6.050767). Anneal status: T=0.00, dE=167.06, candidate was rejected
Itr 83, LL= -4032177.139812 (5.819468). Anneal status: T=0.00, dE=84.22, candidate was rejected
Itr 84, LL= -4032147.876780 (7.257378). Anneal status: T=0.00, dE=0.88, candidate was rejected
Itr 85, LL= -4032092.486454 (13.737176). Anneal status: T=0.00, dE=2.53, candidate was rejected
Itr 86, LL= -4032028.214051 (15.940210). Anneal status: T=0.00, dE=67.62, candidate was rejected
Itr 87, LL= -4031952.292694 (18.829570). Anneal status: T=0.00, dE=45.10, candidate was rejected
Itr 88, LL= -4031867.369914 (21.062447). Anneal status: T=0.00, dE=56.15, candidate was rejected
Itr 89, LL= -4031782.456922 (21.060463). Anneal status: T=0.00, dE=52.57, candidate was rejected
Itr 90, LL= -4031698.054354 (20.934306). Anneal status: T=0.00, dE=95.79, candidate was rejected
Itr 91, LL= -4031609.778108 (21.895550). Anneal status: T=0.00, dE=220.54, candidate was rejected
Itr 92, LL= -4031514.255081 (23.693520). Anneal status: T=0.00, dE=224.07, candidate was rejected
Itr 93, LL= -4031414.178891 (24.823474). Anneal status: T=0.00, dE=211.91, candidate was rejected
Itr 94, LL= -4031307.950155 (26.350241). Anneal status: T=0.00, dE=1.15, candidate was rejected
Itr 95, LL= -4031212.621145 (23.647167). Anneal status: T=0.00, dE=112.24, candidate was rejected
Itr 96, LL= -4031137.311450 (18.681648). Anneal status: T=0.00, dE=101.00, candidate was rejected
Itr 97, LL= -4031046.102931 (22.626002). Anneal status: T=0.00, dE=4.82, candidate was rejected
Itr 98, LL= -4030973.373384 (18.042350). Anneal status: T=0.00, dE=47.57, candidate was rejected
Itr 99, LL= -4030917.286505 (13.913979). Anneal status: T=0.00, dE=20.85, candidate was rejected
Itr 100, LL= -4030877.549133 (9.858146). Anneal status: T=0.00, dE=337.03, candidate was rejected
Itr 101, LL= -4030849.277360 (7.013801). Anneal status: T=0.00, dE=3.27, candidate was rejected
Itr 102, LL= -4030765.390846 (20.811127). Anneal status: T=0.00, dE=125.46, candidate was rejected
Itr 103, LL= -4030690.884640 (18.484382). Anneal status: T=0.00, dE=5.42, candidate was rejected
Itr 104, LL= -4030661.390499 (7.317391). Anneal status: T=0.00, dE=1.36, candidate was rejected
Itr 105, LL= -4030613.789366 (11.809757). Anneal status: T=0.00, dE=27.14, candidate was rejected
Itr 106, LL= -4030568.871042 (11.144289). Anneal status: T=0.00, dE=2.34, candidate was rejected
Itr 107, LL= -4030554.826262 (3.484565). Anneal status: T=0.00, dE=21.86, candidate was rejected
Itr 108, LL= -4030518.882694 (8.917772). Anneal status: T=0.00, dE=7.91, candidate was rejected
Itr 109, LL= -4030482.896190 (8.928504). Anneal status: T=0.00, dE=162.56, candidate was rejected
Itr 110, LL= -4030471.012504 (2.948452). Anneal status: T=0.00, dE=2.83, candidate was rejected
Itr 111, LL= -4030439.895500 (7.720439). Anneal status: T=0.00, dE=1.26, candidate was rejected
Itr 112, LL= -4030389.135414 (12.594180). Anneal status: T=0.00, dE=105.52, candidate was rejected
Itr 113, LL= -4030332.302954 (14.100986). Anneal status: T=0.00, dE=48.83, candidate was rejected
Itr 114, LL= -4030324.372745 (1.967631). Anneal status: T=0.00, dE=1.62, candidate was rejected
Itr 115, LL= -4030288.265593 (8.958870). Anneal status: T=0.00, dE=128.88, candidate was rejected
Itr 116, LL= -4030260.610403 (6.861839). Anneal status: T=0.00, dE=18.08, candidate was rejected
Itr 117, LL= -4030203.984030 (14.050301). Anneal status: T=0.00, dE=15.67, candidate was rejected
Itr 118, LL= -4030086.311346 (29.197699). Anneal status: T=0.00, dE=112.24, candidate was rejected
Itr 119, LL= -4030035.823652 (12.527695). Anneal status: T=0.00, dE=1.68, candidate was rejected
Itr 120, LL= -4029970.040974 (16.323100). Anneal status: T=0.00, dE=49.66, candidate was rejected
Itr 121, LL= -4029963.720302 (1.568417). Anneal status: T=0.00, dE=91.82, candidate was rejected
Itr 122, LL= -4029958.083298 (1.398773). Anneal status: T=0.00, dE=2.16, candidate was rejected
Itr 123, LL= -4029926.117508 (7.932040). Anneal status: T=0.00, dE=40.80, candidate was rejected
Itr 124, LL= -4029896.127522 (7.441820). Anneal status: T=0.00, dE=1.35, candidate was rejected
Itr 125, LL= -4029886.052419 (2.500090). Anneal status: T=0.00, dE=222.13, candidate was rejected
Itr 126, LL= -4029882.109361 (0.978454). Anneal status: T=0.00, dE=7.35, candidate was rejected
Itr 127, LL= -4029878.514338 (0.892091). Anneal status: T=0.00, dE=1.65, candidate was rejected
Itr 128, LL= -4029860.490595 (4.472528). Anneal status: T=0.00, dE=51.67, candidate was rejected
Itr 129, LL= -4029841.739846 (4.652952). Anneal status: T=0.00, dE=81.42, candidate was rejected
Itr 130, LL= -4029828.409014 (3.308029). Anneal status: T=0.00, dE=24.18, candidate was rejected
Itr 131, LL= -4029816.063854 (3.063446). Anneal status: T=0.00, dE=84.98, candidate was rejected
Itr 132, LL= -4029813.607204 (0.609618). Anneal status: T=0.00, dE=5.05, candidate was rejected
Itr 133, LL= -4029814.399715 (-0.196662). Anneal status: T=0.00, dE=2.17, candidate was rejected
Itr 134, LL= -4029815.235706 (-0.207452). Anneal status: T=0.00, dE=0.81, candidate was rejected
-- Annealing statistics:
Portion of times candidate was better: 0.007463
Portion of times candidate was chosen by chance: 0.029851
--
EM for 5 states, 131 emission nodes. 25 observed values.
            gibbs: 0
    nGibbsItrPcnt: 0.8000
     annealParams: {}
           maxItr: 500
      convergeEps: 1.0000e-06
           minItr: 5
       parametric: 0
        initprobs: []
      persistBias: 0
          obsVals: []

- Initalized simulated annealing with params:
                     type: 'linear'
    max_chance_accpetance: 0.2000
             min_duration: 5
        min_init_duration: 5
             max_duration: 11
              converge_th: 1.0000e-06

--
Itr 1, LL= -15652244.475432 (Inf). Anneal status: T=NaN, dE=-987.77, collecting statistics
Itr 2, LL= -4200840.800033 (Inf). Anneal status: T=NaN, dE=16.10, collecting statistics
Itr 3, LL= -4097963.818060 (Inf). Anneal status: T=NaN, dE=-1102.71, collecting statistics
Itr 4, LL= -4060812.920078 (9065.696925). Anneal status: T=NaN, dE=-66.20, collecting statistics
Itr 5, LL= -4048186.010819 (3109.453577). Anneal status: T=NaN, dE=476.60, collecting statistics
Itr 6, LL= -4040708.467448 (1847.134334). Anneal status: T=NaN, dE=-5.78, collecting statistics
Itr 7, LL= -4036304.743192 (1089.839639). Anneal status: T=NaN, dE=3.71, collecting statistics
Itr 8, LL= -4033914.876235 (592.092795). Anneal status: T=15.52, dE=83.81, candidate was rejected
Itr 9, LL= -4032536.092573 (341.797907). Anneal status: T=15.52, dE=1.34, candidate was chosen by chance
Itr 10, LL= -4031720.589646 (202.230782). Anneal status: T=15.52, dE=-0.90, candidate was better
Itr 11, LL= -4031163.235435 (138.242271). Anneal status: T=15.52, dE=10.16, candidate was chosen by chance
Itr 12, LL= -4030777.823132 (95.608210). Anneal status: T=15.52, dE=16.66, candidate was rejected
Itr 13, LL= -4030566.108303 (52.524559). Anneal status: T=13.97, dE=61.18, candidate was rejected
Itr 14, LL= -4030444.886806 (30.075551). Anneal status: T=13.97, dE=2.80, candidate was chosen by chance
Itr 15, LL= -4030344.820614 (24.827580). Anneal status: T=13.97, dE=137.64, candidate was rejected
Itr 16, LL= -4030289.716269 (13.672365). Anneal status: T=13.97, dE=12.30, candidate was chosen by chance
Itr 17, LL= -4030233.465626 (13.956972). Anneal status: T=13.97, dE=8.38, candidate was rejected
Itr 18, LL= -4030214.577911 (4.686507). Anneal status: T=12.42, dE=20.79, candidate was chosen by chance
Itr 19, LL= -4030167.815458 (11.602968). Anneal status: T=12.42, dE=18.32, candidate was rejected
Itr 20, LL= -4030150.689330 (4.249483). Anneal status: T=12.42, dE=127.32, candidate was rejected
Itr 21, LL= -4030122.175437 (7.075143). Anneal status: T=12.42, dE=47.02, candidate was rejected
Itr 22, LL= -4030100.983551 (5.258373). Anneal status: T=12.42, dE=78.26, candidate was rejected
Itr 23, LL= -4030084.757506 (4.026213). Anneal status: T=10.86, dE=0.15, candidate was chosen by chance
Itr 24, LL= -4030079.476728 (1.310339). Anneal status: T=10.86, dE=6.99, candidate was chosen by chance
Itr 25, LL= -4030065.531956 (3.460173). Anneal status: T=10.86, dE=1.04, candidate was chosen by chance
Itr 26, LL= -4030057.609334 (1.965879). Anneal status: T=10.86, dE=183.18, candidate was rejected
Itr 27, LL= -4030038.983375 (4.621760). Anneal status: T=10.86, dE=49.02, candidate was rejected
Itr 28, LL= -4030025.545610 (3.334401). Anneal status: T=9.31, dE=1.02, candidate was rejected
Itr 29, LL= -4030010.295317 (3.784168). Anneal status: T=9.31, dE=30.66, candidate was rejected
Itr 30, LL= -4030007.656069 (0.654899). Anneal status: T=9.31, dE=39.13, candidate was rejected
Itr 31, LL= -4030004.055182 (0.893518). Anneal status: T=9.31, dE=27.38, candidate was rejected
Itr 32, LL= -4030001.368481 (0.666675). Anneal status: T=9.31, dE=115.09, candidate was rejected
-- Annealing statistics:
Portion of times candidate was better: 0.031250
Portion of times candidate was chosen by chance: 0.250000
--
EM for 5 states, 131 emission nodes. 25 observed values.
            gibbs: 0
    nGibbsItrPcnt: 0.8000
     annealParams: {}
           maxItr: 500
      convergeEps: 1.0000e-06
           minItr: 5
       parametric: 0
        initprobs: []
      persistBias: 0
          obsVals: []

- Initalized simulated annealing with params:
                     type: 'linear'
    max_chance_accpetance: 0.2000
             min_duration: 5
        min_init_duration: 5
             max_duration: 11
              converge_th: 1.0000e-06

--
Itr 1, LL= -15545149.664895 (Inf). Anneal status: T=NaN, dE=-686.07, collecting statistics
Itr 2, LL= -4183167.499280 (Inf). Anneal status: T=NaN, dE=-522.86, collecting statistics
Itr 3, LL= -4080531.822907 (Inf). Anneal status: T=NaN, dE=604.29, collecting statistics
Itr 4, LL= -4054005.439679 (6500.717156). Anneal status: T=NaN, dE=-136.17, collecting statistics
Itr 5, LL= -4044171.703871 (2425.683920). Anneal status: T=NaN, dE=274.92, collecting statistics
Itr 6, LL= -4040496.327471 (908.808199). Anneal status: T=NaN, dE=118.85, collecting statistics
Itr 7, LL= -4038909.726804 (392.674696). Anneal status: T=5.80, dE=39.15, candidate was rejected
Itr 8, LL= -4038065.104134 (209.121453). Anneal status: T=5.80, dE=79.78, candidate was rejected
Itr 9, LL= -4037494.082702 (141.409665). Anneal status: T=5.80, dE=47.01, candidate was rejected
Itr 10, LL= -4037075.299809 (103.723469). Anneal status: T=5.80, dE=0.22, candidate was chosen by chance
Itr 11, LL= -4036755.495315 (79.216876). Anneal status: T=5.80, dE=9.10, candidate was rejected
Itr 12, LL= -4036478.262329 (68.677180). Anneal status: T=5.22, dE=33.08, candidate was rejected
Itr 13, LL= -4036204.670354 (67.779871). Anneal status: T=5.22, dE=157.29, candidate was rejected
Itr 14, LL= -4035900.438837 (75.375642). Anneal status: T=5.22, dE=-0.30, candidate was better
Itr 15, LL= -4035548.463164 (87.211188). Anneal status: T=5.22, dE=7.06, candidate was chosen by chance
Itr 16, LL= -4035121.100255 (105.899585). Anneal status: T=5.22, dE=-0.17, candidate was better
Itr 17, LL= -4034622.384434 (123.593768). Anneal status: T=4.64, dE=0.01, candidate was chosen by chance
Itr 18, LL= -4034105.451556 (128.124228). Anneal status: T=4.64, dE=29.27, candidate was rejected
Itr 19, LL= -4033593.254251 (126.966762). Anneal status: T=4.64, dE=105.89, candidate was rejected
Itr 20, LL= -4033099.755076 (122.347283). Anneal status: T=4.64, dE=213.19, candidate was rejected
Itr 21, LL= -4032655.915515 (110.049240). Anneal status: T=4.64, dE=34.97, candidate was rejected
Itr 22, LL= -4032270.918817 (95.469761). Anneal status: T=4.06, dE=5.45, candidate was rejected
Itr 23, LL= -4031947.184780 (80.285785). Anneal status: T=4.06, dE=27.69, candidate was rejected
Itr 24, LL= -4031650.289400 (73.635731). Anneal status: T=4.06, dE=14.29, candidate was rejected
Itr 25, LL= -4031364.799935 (70.812061). Anneal status: T=4.06, dE=27.32, candidate was rejected
Itr 26, LL= -4031106.828708 (63.991040). Anneal status: T=4.06, dE=0.55, candidate was chosen by chance
Itr 27, LL= -4030862.262791 (60.669669). Anneal status: T=3.48, dE=0.16, candidate was chosen by chance
Itr 28, LL= -4030628.377968 (58.023522). Anneal status: T=3.48, dE=1.82, candidate was rejected
Itr 29, LL= -4030375.047435 (62.851374). Anneal status: T=3.48, dE=73.50, candidate was rejected
Itr 30, LL= -4030162.179386 (52.815941). Anneal status: T=3.48, dE=12.98, candidate was rejected
Itr 31, LL= -4029988.671058 (43.052443). Anneal status: T=3.48, dE=224.79, candidate was rejected
Itr 32, LL= -4029853.885084 (33.445745). Anneal status: T=2.90, dE=114.61, candidate was rejected
Itr 33, LL= -4029755.929864 (24.307387). Anneal status: T=2.90, dE=84.21, candidate was rejected
Itr 34, LL= -4029670.511388 (21.196935). Anneal status: T=2.90, dE=7.02, candidate was rejected
Itr 35, LL= -4029595.247646 (18.677394). Anneal status: T=2.90, dE=77.58, candidate was rejected
Itr 36, LL= -4029542.280236 (13.144598). Anneal status: T=2.90, dE=62.74, candidate was rejected
Itr 37, LL= -4029510.509853 (7.884365). Anneal status: T=2.32, dE=41.99, candidate was rejected
Itr 38, LL= -4029483.362609 (6.737107). Anneal status: T=2.32, dE=59.99, candidate was rejected
Itr 39, LL= -4029446.281250 (9.202510). Anneal status: T=2.32, dE=68.86, candidate was rejected
Itr 40, LL= -4029413.971145 (8.018498). Anneal status: T=2.32, dE=41.36, candidate was rejected
Itr 41, LL= -4029393.912309 (4.978102). Anneal status: T=2.32, dE=96.45, candidate was rejected
Itr 42, LL= -4029376.326919 (4.364277). Anneal status: T=1.74, dE=3.10, candidate was rejected
Itr 43, LL= -4029365.383730 (2.715852). Anneal status: T=1.74, dE=37.15, candidate was rejected
Itr 44, LL= -4029359.210939 (1.531951). Anneal status: T=1.74, dE=80.92, candidate was rejected
Itr 45, LL= -4029354.580291 (1.149227). Anneal status: T=1.74, dE=120.91, candidate was rejected
Itr 46, LL= -4029345.242931 (2.317334). Anneal status: T=1.74, dE=55.43, candidate was rejected
Itr 47, LL= -4029337.245047 (1.984909). Anneal status: T=1.16, dE=11.55, candidate was rejected
Itr 48, LL= -4029327.705869 (2.367431). Anneal status: T=1.16, dE=72.73, candidate was rejected
Itr 49, LL= -4029319.547768 (2.024680). Anneal status: T=1.16, dE=5.00, candidate was rejected
Itr 50, LL= -4029311.932189 (1.890041). Anneal status: T=1.16, dE=8.95, candidate was rejected
Itr 51, LL= -4029308.906456 (0.750930). Anneal status: T=1.16, dE=78.03, candidate was rejected
Itr 52, LL= -4029306.732084 (0.539639). Anneal status: T=0.58, dE=4.79, candidate was rejected
Itr 53, LL= -4029302.008692 (1.172259). Anneal status: T=0.58, dE=40.63, candidate was rejected
Itr 54, LL= -4029296.392817 (1.393759). Anneal status: T=0.58, dE=179.93, candidate was rejected
Itr 55, LL= -4029291.403825 (1.238180). Anneal status: T=0.58, dE=244.48, candidate was rejected
Itr 56, LL= -4029278.047130 (3.314899). Anneal status: T=0.58, dE=11.68, candidate was rejected
Itr 57, LL= -4029276.599084 (0.359381). Anneal status: T=0.00, dE=2.24, candidate was rejected
Itr 58, LL= -4029273.572703 (0.751098). Anneal status: T=0.00, dE=73.97, candidate was rejected
Itr 59, LL= -4029270.017504 (0.882342). Anneal status: T=0.00, dE=1.32, candidate was rejected
-- Annealing statistics:
Portion of times candidate was better: 0.033898
Portion of times candidate was chosen by chance: 0.084746
--
EM for 5 states, 131 emission nodes. 25 observed values.
            gibbs: 0
    nGibbsItrPcnt: 0.8000
     annealParams: {}
           maxItr: 500
      convergeEps: 1.0000e-06
           minItr: 5
       parametric: 0
        initprobs: []
      persistBias: 0
          obsVals: []

- Initalized simulated annealing with params:
                     type: 'linear'
    max_chance_accpetance: 0.2000
             min_duration: 5
        min_init_duration: 5
             max_duration: 11
              converge_th: 1.0000e-06

--
Itr 1, LL= -15511878.565793 (Inf). Anneal status: T=NaN, dE=1606.54, collecting statistics
Itr 2, LL= -4197555.987911 (Inf). Anneal status: T=NaN, dE=-401.23, collecting statistics
Itr 3, LL= -4091358.003429 (Inf). Anneal status: T=NaN, dE=116.04, collecting statistics
Itr 4, LL= -4050219.342170 (10055.013818). Anneal status: T=NaN, dE=-311.70, collecting statistics
Itr 5, LL= -4042529.918150 (1898.520394). Anneal status: T=NaN, dE=-4.83, collecting statistics
Itr 6, LL= -4040324.806955 (545.478015). Anneal status: T=NaN, dE=32.70, collecting statistics
Itr 7, LL= -4039310.689690 (250.998945). Anneal status: T=24.24, dE=40.03, candidate was chosen by chance
Itr 8, LL= -4038167.863639 (282.926009). Anneal status: T=24.24, dE=-6.78, candidate was better
Itr 9, LL= -4036663.907328 (372.435313). Anneal status: T=24.24, dE=-4.25, candidate was better
Itr 10, LL= -4034811.560680 (458.880573). Anneal status: T=24.24, dE=-1.02, candidate was better
Itr 11, LL= -4033147.598726 (412.401404). Anneal status: T=24.24, dE=2.23, candidate was chosen by chance
Itr 12, LL= -4032005.484555 (283.181843). Anneal status: T=21.82, dE=5.12, candidate was rejected
Itr 13, LL= -4031326.122998 (168.492220). Anneal status: T=9.40, dE=-0.14, candidate was better
Itr 14, LL= -4030969.291979 (88.514550). Anneal status: T=9.40, dE=1.10, candidate was chosen by chance
Itr 15, LL= -4030768.203089 (49.885989). Anneal status: T=9.40, dE=13.02, candidate was rejected
Itr 16, LL= -4030627.477255 (34.912907). Anneal status: T=9.40, dE=80.53, candidate was rejected
Itr 17, LL= -4030547.888009 (19.746118). Anneal status: T=9.40, dE=23.73, candidate was rejected
Itr 18, LL= -4030491.817801 (13.911312). Anneal status: T=8.46, dE=37.42, candidate was rejected
Itr 19, LL= -4030443.144158 (12.076353). Anneal status: T=5.77, dE=84.25, candidate was rejected
Itr 20, LL= -4030409.563291 (8.331805). Anneal status: T=5.77, dE=1.77, candidate was chosen by chance
Itr 21, LL= -4030391.263182 (4.540508). Anneal status: T=5.77, dE=52.66, candidate was rejected
Itr 22, LL= -4030381.521100 (2.417155). Anneal status: T=5.77, dE=123.63, candidate was rejected
Itr 23, LL= -4030374.362595 (1.776136). Anneal status: T=5.77, dE=14.21, candidate was rejected
Itr 24, LL= -4030373.380887 (0.243578). Anneal status: T=5.20, dE=2.20, candidate was chosen by chance
Itr 25, LL= -4030369.865316 (0.872269). Anneal status: T=4.86, dE=24.07, candidate was rejected
Itr 26, LL= -4030374.158901 (-1.065308). Anneal status: T=4.86, dE=12.52, candidate was chosen by chance
Itr 27, LL= -4030360.116620 (3.484113). Anneal status: T=4.86, dE=4.07, candidate was rejected
Itr 28, LL= -4030357.936504 (0.540923). Anneal status: T=4.86, dE=46.64, candidate was rejected
Itr 29, LL= -4030355.461613 (0.614062). Anneal status: T=4.86, dE=19.67, candidate was rejected
Itr 30, LL= -4030359.204576 (-0.928693). Anneal status: T=4.37, dE=4.48, candidate was chosen by chance
-- Annealing statistics:
Portion of times candidate was better: 0.133333
Portion of times candidate was chosen by chance: 0.233333
--
EM for 5 states, 131 emission nodes. 25 observed values.
            gibbs: 0
    nGibbsItrPcnt: 0.8000
     annealParams: {}
           maxItr: 500
      convergeEps: 1.0000e-06
           minItr: 5
       parametric: 0
        initprobs: []
      persistBias: 0
          obsVals: []

- Initalized simulated annealing with params:
                     type: 'linear'
    max_chance_accpetance: 0.2000
             min_duration: 5
        min_init_duration: 5
             max_duration: 11
              converge_th: 1.0000e-06

--
Itr 1, LL= -15488598.752579 (Inf). Anneal status: T=NaN, dE=-2678.12, collecting statistics
Itr 2, LL= -4207772.622496 (Inf). Anneal status: T=NaN, dE=-254.76, collecting statistics
Itr 3, LL= -4120027.926277 (Inf). Anneal status: T=NaN, dE=-71.95, collecting statistics
Itr 4, LL= -4066652.847494 (12955.028397). Anneal status: T=NaN, dE=80.23, collecting statistics
Itr 5, LL= -4048406.910490 (4486.721067). Anneal status: T=NaN, dE=-123.50, collecting statistics
Itr 6, LL= -4044483.952651 (969.012732). Anneal status: T=NaN, dE=399.34, collecting statistics
Itr 7, LL= -4042576.171960 (471.699409). Anneal status: T=NaN, dE=82.48, collecting statistics
Itr 8, LL= -4040955.447294 (400.913822). Anneal status: T=25.28, dE=43.20, candidate was rejected
Itr 9, LL= -4039429.065048 (377.728056). Anneal status: T=25.28, dE=161.78, candidate was rejected
Itr 10, LL= -4038111.826819 (326.095151). Anneal status: T=25.28, dE=32.40, candidate was chosen by chance
Itr 11, LL= -4036939.771605 (290.248330). Anneal status: T=25.28, dE=0.87, candidate was chosen by chance
Itr 12, LL= -4036220.345816 (178.210682). Anneal status: T=25.28, dE=19.72, candidate was rejected
Itr 13, LL= -4035756.961257 (114.806556). Anneal status: T=22.75, dE=116.96, candidate was rejected
Itr 14, LL= -4035422.544828 (82.863372). Anneal status: T=22.75, dE=52.79, candidate was rejected
Itr 15, LL= -4035180.861011 (59.890585). Anneal status: T=22.75, dE=53.85, candidate was rejected
Itr 16, LL= -4035015.885381 (40.884321). Anneal status: T=22.75, dE=37.69, candidate was rejected
Itr 17, LL= -4034959.485254 (13.977672). Anneal status: T=22.75, dE=37.35, candidate was chosen by chance
Itr 18, LL= -4034862.699658 (23.986758). Anneal status: T=20.22, dE=50.27, candidate was rejected
Itr 19, LL= -4034830.013603 (8.100909). Anneal status: T=20.22, dE=12.77, candidate was chosen by chance
Itr 20, LL= -4034776.722367 (13.207802). Anneal status: T=20.22, dE=4.80, candidate was chosen by chance
Itr 21, LL= -4034745.267594 (7.795914). Anneal status: T=20.22, dE=1.01, candidate was chosen by chance
Itr 22, LL= -4034723.676282 (5.351344). Anneal status: T=20.22, dE=136.11, candidate was rejected
Itr 23, LL= -4034700.249976 (5.806174). Anneal status: T=17.69, dE=17.02, candidate was rejected
Itr 24, LL= -4034676.203993 (5.959794). Anneal status: T=17.69, dE=15.58, candidate was rejected
Itr 25, LL= -4034665.705197 (2.602141). Anneal status: T=17.69, dE=99.84, candidate was rejected
Itr 26, LL= -4034656.719830 (2.227041). Anneal status: T=17.69, dE=4.03, candidate was chosen by chance
Itr 27, LL= -4034647.880382 (2.190880). Anneal status: T=17.69, dE=1.77, candidate was chosen by chance
Itr 28, LL= -4034633.611820 (3.536507). Anneal status: T=15.17, dE=86.17, candidate was rejected
Itr 29, LL= -4034623.758803 (2.442109). Anneal status: T=15.17, dE=171.27, candidate was rejected
Itr 30, LL= -4034623.347527 (0.101937). Anneal status: T=15.17, dE=3.78, candidate was chosen by chance
Itr 31, LL= -4034617.988327 (1.328302). Anneal status: T=15.17, dE=88.80, candidate was rejected
Itr 32, LL= -4034617.098384 (0.220577). Anneal status: T=15.17, dE=7.71, candidate was rejected
Itr 33, LL= -4034616.082671 (0.251750). Anneal status: T=12.64, dE=266.68, candidate was rejected
Itr 34, LL= -4034614.176291 (0.472506). Anneal status: T=12.64, dE=1.51, candidate was chosen by chance
-- Annealing statistics:
Portion of times candidate was better: 0.000000
Portion of times candidate was chosen by chance: 0.294118
--
>> 