My SLURM_ARRAY_TASK_ID:  9

                            < M A T L A B (R) >
                  Copyright 1984-2014 The MathWorks, Inc.
                   R2014b (8.4.0.150421) 64-bit (glnxa64)
                             September 15, 2014

 
For online documentation, see http://www.mathworks.com/support
For product information, visit www.mathworks.com.
 
EM for 9 states, 131 emission nodes. 22 observed values.
            gibbs: 0
    nGibbsItrPcnt: 0.8000
     annealParams: {}
           maxItr: 500
      convergeEps: 1.0000e-06
           minItr: 5
       parametric: 0
        initprobs: []
      persistBias: 0
          obsVals: []

- Initalized simulated annealing with params:
                     type: 'linear'
    max_chance_accpetance: 0.2000
             min_duration: 5
        min_init_duration: 5
             max_duration: 11
              converge_th: 1.0000e-06

--
Itr 1, LL= -16414157.134641 (Inf). Anneal status: T=NaN, dE=-326.15, collecting statistics
Itr 2, LL= -4777622.690434 (Inf). Anneal status: T=NaN, dE=-297.38, collecting statistics
Itr 3, LL= -4679789.948507 (Inf). Anneal status: T=NaN, dE=-368.74, collecting statistics
Itr 4, LL= -4625444.396414 (11612.818672). Anneal status: T=NaN, dE=-79.63, collecting statistics
Itr 5, LL= -4601008.340431 (5282.963947). Anneal status: T=NaN, dE=-28.51, collecting statistics
Itr 6, LL= -4588272.403356 (2768.075199). Anneal status: T=NaN, dE=18.59, collecting statistics
Itr 7, LL= -4580285.581511 (1740.703503). Anneal status: T=NaN, dE=213.18, collecting statistics
Itr 8, LL= -4575017.411674 (1150.183704). Anneal status: T=NaN, dE=157.12, collecting statistics
Itr 9, LL= -4571533.316249 (761.548014). Anneal status: T=9.08, dE=41.33, candidate was rejected
Itr 10, LL= -4569479.627783 (449.234059). Anneal status: T=9.08, dE=206.42, candidate was rejected
Itr 11, LL= -4568154.424083 (290.011950). Anneal status: T=9.08, dE=189.66, candidate was rejected
Itr 12, LL= -4567342.991632 (177.628069). Anneal status: T=9.08, dE=49.17, candidate was rejected
Itr 13, LL= -4566786.715630 (121.794226). Anneal status: T=9.08, dE=64.23, candidate was rejected
Itr 14, LL= -4566413.028976 (81.827043). Anneal status: T=8.17, dE=11.92, candidate was chosen by chance
Itr 15, LL= -4566140.705742 (59.636137). Anneal status: T=8.17, dE=45.07, candidate was rejected
Itr 16, LL= -4565909.429636 (50.650236). Anneal status: T=8.17, dE=15.09, candidate was chosen by chance
Itr 17, LL= -4565691.433994 (47.744189). Anneal status: T=8.17, dE=52.25, candidate was rejected
Itr 18, LL= -4565557.459162 (29.343821). Anneal status: T=8.17, dE=34.70, candidate was rejected
Itr 19, LL= -4565461.015978 (21.124076). Anneal status: T=7.27, dE=72.44, candidate was rejected
Itr 20, LL= -4565358.846267 (22.378838). Anneal status: T=7.27, dE=85.01, candidate was rejected
Itr 21, LL= -4565285.835198 (15.992405). Anneal status: T=7.27, dE=38.27, candidate was rejected
Itr 22, LL= -4565228.491306 (12.560855). Anneal status: T=7.27, dE=25.97, candidate was rejected
Itr 23, LL= -4565160.033644 (14.995451). Anneal status: T=7.27, dE=8.49, candidate was rejected
Itr 24, LL= -4565070.817744 (19.542776). Anneal status: T=6.36, dE=37.83, candidate was rejected
Itr 25, LL= -4564999.969393 (15.519661). Anneal status: T=6.36, dE=94.38, candidate was rejected
Itr 26, LL= -4564947.901143 (11.405970). Anneal status: T=6.36, dE=30.47, candidate was rejected
Itr 27, LL= -4564893.681506 (11.877384). Anneal status: T=6.36, dE=32.07, candidate was rejected
Itr 28, LL= -4564841.870558 (11.349870). Anneal status: T=6.36, dE=98.15, candidate was rejected
Itr 29, LL= -4564800.461210 (9.071365). Anneal status: T=5.45, dE=74.36, candidate was rejected
Itr 30, LL= -4564752.186715 (10.575379). Anneal status: T=5.45, dE=19.88, candidate was rejected
Itr 31, LL= -4564716.325750 (7.856060). Anneal status: T=5.45, dE=91.66, candidate was rejected
Itr 32, LL= -4564712.615392 (0.812834). Anneal status: T=5.45, dE=25.57, candidate was chosen by chance
Itr 33, LL= -4564661.009633 (11.305369). Anneal status: T=5.45, dE=25.37, candidate was rejected
Itr 34, LL= -4564620.477897 (8.879462). Anneal status: T=4.54, dE=80.81, candidate was rejected
Itr 35, LL= -4564601.145368 (4.235298). Anneal status: T=4.54, dE=13.93, candidate was rejected
Itr 36, LL= -4564585.249863 (3.482343). Anneal status: T=4.54, dE=142.77, candidate was rejected
Itr 37, LL= -4564566.422399 (4.124682). Anneal status: T=4.54, dE=16.50, candidate was rejected
Itr 38, LL= -4564545.017251 (4.689416). Anneal status: T=4.54, dE=27.35, candidate was rejected
Itr 39, LL= -4564521.913501 (5.061567). Anneal status: T=3.63, dE=38.69, candidate was rejected
Itr 40, LL= -4564492.014985 (6.550197). Anneal status: T=3.63, dE=77.86, candidate was rejected
Itr 41, LL= -4564461.753653 (6.629726). Anneal status: T=3.63, dE=16.68, candidate was rejected
Itr 42, LL= -4564433.054978 (6.287417). Anneal status: T=3.63, dE=27.78, candidate was rejected
Itr 43, LL= -4564416.584108 (3.608525). Anneal status: T=3.63, dE=17.76, candidate was rejected
Itr 44, LL= -4564403.897794 (2.779394). Anneal status: T=2.72, dE=37.92, candidate was rejected
Itr 45, LL= -4564391.494579 (2.717379). Anneal status: T=2.72, dE=61.62, candidate was rejected
Itr 46, LL= -4564378.290013 (2.892952). Anneal status: T=2.72, dE=21.52, candidate was rejected
Itr 47, LL= -4564367.776110 (2.303469). Anneal status: T=2.72, dE=26.25, candidate was rejected
Itr 48, LL= -4564356.210212 (2.533954). Anneal status: T=2.72, dE=20.58, candidate was rejected
Itr 49, LL= -4564334.914124 (4.665737). Anneal status: T=1.82, dE=21.08, candidate was rejected
Itr 50, LL= -4564326.891146 (1.757754). Anneal status: T=1.82, dE=11.83, candidate was rejected
Itr 51, LL= -4564322.658600 (0.927310). Anneal status: T=1.82, dE=82.42, candidate was rejected
Itr 52, LL= -4564317.620012 (1.103907). Anneal status: T=1.82, dE=181.58, candidate was rejected
Itr 53, LL= -4564310.450685 (1.570734). Anneal status: T=1.82, dE=62.64, candidate was rejected
Itr 54, LL= -4564303.170563 (1.595010). Anneal status: T=0.91, dE=11.47, candidate was rejected
Itr 55, LL= -4564296.717118 (1.413895). Anneal status: T=0.91, dE=57.24, candidate was rejected
Itr 56, LL= -4564289.740298 (1.528564). Anneal status: T=0.91, dE=131.83, candidate was rejected
Itr 57, LL= -4564284.941202 (1.051444). Anneal status: T=0.91, dE=40.95, candidate was rejected
Itr 58, LL= -4564279.899837 (1.104525). Anneal status: T=0.91, dE=65.24, candidate was rejected
Itr 59, LL= -4564275.183608 (1.033291). Anneal status: T=0.00, dE=90.98, candidate was rejected
Itr 60, LL= -4564272.686457 (0.547108). Anneal status: T=0.00, dE=21.25, candidate was rejected
Itr 61, LL= -4564268.485204 (0.920465). Anneal status: T=0.00, dE=195.42, candidate was rejected
Itr 62, LL= -4564256.957948 (2.525543). Anneal status: T=0.00, dE=203.80, candidate was rejected
Itr 63, LL= -4564250.476243 (1.420101). Anneal status: T=0.00, dE=145.72, candidate was rejected
Itr 64, LL= -4564247.874580 (0.570009). Anneal status: T=0.00, dE=36.80, candidate was rejected
Itr 65, LL= -4564245.346470 (0.553894). Anneal status: T=0.00, dE=101.85, candidate was rejected
Itr 66, LL= -4564241.700069 (0.798906). Anneal status: T=0.00, dE=11.31, candidate was rejected
-- Annealing statistics:
Portion of times candidate was better: 0.000000
Portion of times candidate was chosen by chance: 0.045455
--
EM for 9 states, 131 emission nodes. 22 observed values.
            gibbs: 0
    nGibbsItrPcnt: 0.8000
     annealParams: {}
           maxItr: 500
      convergeEps: 1.0000e-06
           minItr: 5
       parametric: 0
        initprobs: []
      persistBias: 0
          obsVals: []

- Initalized simulated annealing with params:
                     type: 'linear'
    max_chance_accpetance: 0.2000
             min_duration: 5
        min_init_duration: 5
             max_duration: 11
              converge_th: 1.0000e-06

--
Itr 1, LL= -16475073.034489 (Inf). Anneal status: T=NaN, dE=57.42, collecting statistics
Itr 2, LL= -4772111.200116 (Inf). Anneal status: T=NaN, dE=-656.51, collecting statistics
Itr 3, LL= -4657820.025329 (Inf). Anneal status: T=NaN, dE=-457.87, collecting statistics
Itr 4, LL= -4619901.194943 (8140.896424). Anneal status: T=NaN, dE=120.88, collecting statistics
Itr 5, LL= -4609666.626524 (2215.321927). Anneal status: T=NaN, dE=32.43, collecting statistics
Itr 6, LL= -4603194.352766 (1404.065474). Anneal status: T=NaN, dE=-6.10, collecting statistics
Itr 7, LL= -4598203.346119 (1084.248516). Anneal status: T=2.60, dE=4.57, candidate was rejected
Itr 8, LL= -4594076.900075 (897.403993). Anneal status: T=2.60, dE=63.09, candidate was rejected
Itr 9, LL= -4590606.120726 (755.490042). Anneal status: T=2.60, dE=119.53, candidate was rejected
Itr 10, LL= -4587548.252023 (666.114370). Anneal status: T=2.60, dE=1.69, candidate was chosen by chance
Itr 11, LL= -4585101.877268 (533.264093). Anneal status: T=2.60, dE=47.13, candidate was rejected
Itr 12, LL= -4583294.161452 (394.258593). Anneal status: T=2.34, dE=88.96, candidate was rejected
Itr 13, LL= -4581770.305851 (332.480427). Anneal status: T=2.34, dE=11.01, candidate was rejected
Itr 14, LL= -4580513.370271 (274.334045). Anneal status: T=2.34, dE=24.93, candidate was rejected
Itr 15, LL= -4579519.692263 (216.935947). Anneal status: T=2.34, dE=21.09, candidate was rejected
Itr 16, LL= -4578730.998543 (172.221930). Anneal status: T=2.34, dE=173.82, candidate was rejected
Itr 17, LL= -4578131.549946 (130.920248). Anneal status: T=2.08, dE=15.61, candidate was rejected
Itr 18, LL= -4577669.286285 (100.972123). Anneal status: T=2.08, dE=46.56, candidate was rejected
Itr 19, LL= -4577293.766212 (82.033028). Anneal status: T=2.08, dE=119.91, candidate was rejected
Itr 20, LL= -4576928.852917 (79.722498). Anneal status: T=2.08, dE=57.78, candidate was rejected
Itr 21, LL= -4576614.885167 (68.597909). Anneal status: T=2.08, dE=18.14, candidate was rejected
Itr 22, LL= -4576355.891815 (56.590593). Anneal status: T=1.82, dE=19.40, candidate was rejected
Itr 23, LL= -4576138.578137 (47.486184). Anneal status: T=1.82, dE=39.53, candidate was rejected
Itr 24, LL= -4575914.248204 (49.021665). Anneal status: T=1.82, dE=103.00, candidate was rejected
Itr 25, LL= -4575745.610601 (36.853314). Anneal status: T=1.82, dE=152.57, candidate was rejected
Itr 26, LL= -4575648.406074 (21.243429). Anneal status: T=1.82, dE=240.36, candidate was rejected
Itr 27, LL= -4575564.781052 (18.276103). Anneal status: T=1.56, dE=137.14, candidate was rejected
Itr 28, LL= -4575483.837266 (17.690447). Anneal status: T=1.56, dE=197.04, candidate was rejected
Itr 29, LL= -4575429.887763 (11.790994). Anneal status: T=1.56, dE=11.20, candidate was rejected
Itr 30, LL= -4575390.273474 (8.658048). Anneal status: T=1.56, dE=87.17, candidate was rejected
Itr 31, LL= -4575348.761781 (9.072820). Anneal status: T=1.56, dE=62.66, candidate was rejected
Itr 32, LL= -4575326.383211 (4.891118). Anneal status: T=1.30, dE=52.29, candidate was rejected
Itr 33, LL= -4575290.224892 (7.902894). Anneal status: T=1.30, dE=129.24, candidate was rejected
Itr 34, LL= -4575244.137568 (10.073093). Anneal status: T=1.30, dE=22.86, candidate was rejected
Itr 35, LL= -4575212.856321 (6.837066). Anneal status: T=1.30, dE=3.30, candidate was rejected
Itr 36, LL= -4575197.851313 (3.279631). Anneal status: T=1.30, dE=26.86, candidate was rejected
Itr 37, LL= -4575173.829417 (5.250461). Anneal status: T=1.04, dE=42.37, candidate was rejected
Itr 38, LL= -4575141.837670 (6.992466). Anneal status: T=1.04, dE=20.00, candidate was rejected
Itr 39, LL= -4575127.662336 (3.098338). Anneal status: T=1.04, dE=31.58, candidate was rejected
Itr 40, LL= -4575117.204086 (2.285892). Anneal status: T=1.04, dE=84.02, candidate was rejected
Itr 41, LL= -4575101.857151 (3.354435). Anneal status: T=1.04, dE=20.24, candidate was rejected
Itr 42, LL= -4575081.291082 (4.495216). Anneal status: T=0.78, dE=100.20, candidate was rejected
Itr 43, LL= -4575067.370487 (3.042699). Anneal status: T=0.78, dE=9.19, candidate was rejected
Itr 44, LL= -4575056.173080 (2.447485). Anneal status: T=0.78, dE=26.03, candidate was rejected
Itr 45, LL= -4575042.743663 (2.935356). Anneal status: T=0.78, dE=187.44, candidate was rejected
Itr 46, LL= -4575028.110329 (3.198513). Anneal status: T=0.78, dE=29.57, candidate was rejected
Itr 47, LL= -4575017.338286 (2.354530). Anneal status: T=0.52, dE=28.65, candidate was rejected
Itr 48, LL= -4575006.613133 (2.344287). Anneal status: T=0.52, dE=54.15, candidate was rejected
Itr 49, LL= -4574987.302554 (4.220886). Anneal status: T=0.52, dE=92.92, candidate was rejected
Itr 50, LL= -4574977.668901 (2.105722). Anneal status: T=0.52, dE=9.23, candidate was rejected
Itr 51, LL= -4574969.139503 (1.864358). Anneal status: T=0.52, dE=1.76, candidate was rejected
Itr 52, LL= -4574956.494301 (2.763997). Anneal status: T=0.26, dE=42.03, candidate was rejected
Itr 53, LL= -4574942.610751 (3.034685). Anneal status: T=0.26, dE=1.52, candidate was rejected
Itr 54, LL= -4574938.359140 (0.929325). Anneal status: T=0.26, dE=48.68, candidate was rejected
Itr 55, LL= -4574934.901944 (0.755682). Anneal status: T=0.26, dE=95.50, candidate was rejected
Itr 56, LL= -4574927.463600 (1.625891). Anneal status: T=0.26, dE=55.16, candidate was rejected
Itr 57, LL= -4574920.384259 (1.547422). Anneal status: T=0.00, dE=7.41, candidate was rejected
Itr 58, LL= -4574913.117510 (1.588388). Anneal status: T=0.00, dE=19.96, candidate was rejected
Itr 59, LL= -4574908.167338 (1.082025). Anneal status: T=0.00, dE=14.39, candidate was rejected
Itr 60, LL= -4574903.229788 (1.079268). Anneal status: T=0.00, dE=83.47, candidate was rejected
Itr 61, LL= -4574900.585542 (0.577990). Anneal status: T=0.00, dE=30.81, candidate was rejected
Itr 62, LL= -4574896.353506 (0.925055). Anneal status: T=0.00, dE=69.11, candidate was rejected
Itr 63, LL= -4574888.359996 (1.747255). Anneal status: T=0.00, dE=60.89, candidate was rejected
Itr 64, LL= -4574879.497339 (1.937240). Anneal status: T=0.00, dE=10.25, candidate was rejected
Itr 65, LL= -4574875.314721 (0.914257). Anneal status: T=0.00, dE=44.20, candidate was rejected
Itr 66, LL= -4574872.586743 (0.596296). Anneal status: T=0.00, dE=158.82, candidate was rejected
Itr 67, LL= -4574871.274597 (0.286816). Anneal status: T=0.00, dE=16.79, candidate was rejected
-- Annealing statistics:
Portion of times candidate was better: 0.000000
Portion of times candidate was chosen by chance: 0.014925
--
EM for 9 states, 131 emission nodes. 22 observed values.
            gibbs: 0
    nGibbsItrPcnt: 0.8000
     annealParams: {}
           maxItr: 500
      convergeEps: 1.0000e-06
           minItr: 5
       parametric: 0
        initprobs: []
      persistBias: 0
          obsVals: []

- Initalized simulated annealing with params:
                     type: 'linear'
    max_chance_accpetance: 0.2000
             min_duration: 5
        min_init_duration: 5
             max_duration: 11
              converge_th: 1.0000e-06

--
Itr 1, LL= -16573159.042638 (Inf). Anneal status: T=NaN, dE=98.65, collecting statistics
Itr 2, LL= -4787128.769271 (Inf). Anneal status: T=NaN, dE=-1454.11, collecting statistics
Itr 3, LL= -4710997.490317 (Inf). Anneal status: T=NaN, dE=-1068.43, collecting statistics
Itr 4, LL= -4645916.971361 (13814.594274). Anneal status: T=NaN, dE=91.81, collecting statistics
Itr 5, LL= -4613480.810918 (6981.648756). Anneal status: T=NaN, dE=283.47, collecting statistics
Itr 6, LL= -4599438.359196 (3043.786741). Anneal status: T=22.38, dE=68.13, candidate was rejected
Itr 7, LL= -4592187.970401 (1576.363945). Anneal status: T=22.38, dE=145.11, candidate was rejected
Itr 8, LL= -4587661.043885 (985.788592). Anneal status: T=22.38, dE=70.04, candidate was rejected
Itr 9, LL= -4584636.568335 (659.263080). Anneal status: T=22.38, dE=8.73, candidate was rejected
Itr 10, LL= -4582798.062795 (401.014456). Anneal status: T=22.38, dE=45.11, candidate was rejected
Itr 11, LL= -4581634.272504 (253.947539). Anneal status: T=20.14, dE=118.68, candidate was rejected
Itr 12, LL= -4580868.608270 (167.115965). Anneal status: T=20.14, dE=18.31, candidate was chosen by chance
Itr 13, LL= -4580283.051232 (127.826639). Anneal status: T=20.14, dE=27.57, candidate was rejected
Itr 14, LL= -4579776.716287 (110.546649). Anneal status: T=20.14, dE=227.15, candidate was rejected
Itr 15, LL= -4579329.312218 (97.691241). Anneal status: T=20.14, dE=4.19, candidate was chosen by chance
Itr 16, LL= -4578921.802149 (88.989029). Anneal status: T=17.90, dE=50.83, candidate was rejected
Itr 17, LL= -4578581.542735 (74.309942). Anneal status: T=17.90, dE=89.77, candidate was rejected
Itr 18, LL= -4578287.086381 (64.311698). Anneal status: T=17.90, dE=18.46, candidate was rejected
Itr 19, LL= -4578052.158271 (51.313538). Anneal status: T=17.90, dE=7.16, candidate was chosen by chance
Itr 20, LL= -4577834.830189 (47.471736). Anneal status: T=17.90, dE=21.58, candidate was rejected
Itr 21, LL= -4577655.129434 (39.254530). Anneal status: T=15.66, dE=10.55, candidate was rejected
Itr 22, LL= -4577502.157842 (33.417020). Anneal status: T=15.66, dE=145.83, candidate was rejected
Itr 23, LL= -4577355.989361 (31.931930). Anneal status: T=15.66, dE=72.61, candidate was rejected
Itr 24, LL= -4577236.348453 (26.137558). Anneal status: T=15.66, dE=36.21, candidate was rejected
Itr 25, LL= -4577118.347169 (25.780029). Anneal status: T=15.66, dE=24.24, candidate was rejected
Itr 26, LL= -4577001.730282 (25.478233). Anneal status: T=13.43, dE=22.26, candidate was rejected
Itr 27, LL= -4576879.664774 (26.669317). Anneal status: T=13.43, dE=0.71, candidate was chosen by chance
Itr 28, LL= -4576763.943983 (25.283774). Anneal status: T=13.43, dE=58.89, candidate was rejected
Itr 29, LL= -4576652.336645 (24.385644). Anneal status: T=13.43, dE=46.73, candidate was rejected
Itr 30, LL= -4576553.134473 (21.675706). Anneal status: T=13.43, dE=54.11, candidate was rejected
Itr 31, LL= -4576403.578588 (32.678717). Anneal status: T=11.19, dE=44.84, candidate was rejected
Itr 32, LL= -4576301.916038 (22.214507). Anneal status: T=11.19, dE=176.46, candidate was rejected
Itr 33, LL= -4576219.627211 (17.981512). Anneal status: T=11.19, dE=32.48, candidate was rejected
Itr 34, LL= -4576152.435776 (14.682738). Anneal status: T=11.19, dE=37.70, candidate was rejected
Itr 35, LL= -4576087.835656 (14.116689). Anneal status: T=11.19, dE=39.61, candidate was rejected
Itr 36, LL= -4576047.627037 (8.786680). Anneal status: T=8.95, dE=55.52, candidate was rejected
Itr 37, LL= -4576006.372949 (9.015223). Anneal status: T=8.95, dE=15.11, candidate was rejected
Itr 38, LL= -4575974.599638 (6.943459). Anneal status: T=8.95, dE=14.92, candidate was rejected
Itr 39, LL= -4575937.245944 (8.163003). Anneal status: T=8.95, dE=13.84, candidate was rejected
Itr 40, LL= -4575907.461618 (6.508902). Anneal status: T=8.95, dE=143.17, candidate was rejected
Itr 41, LL= -4575886.913306 (4.490544). Anneal status: T=6.71, dE=145.13, candidate was rejected
Itr 42, LL= -4575871.114533 (3.452614). Anneal status: T=6.71, dE=120.48, candidate was rejected
Itr 43, LL= -4575855.977696 (3.307968). Anneal status: T=6.71, dE=63.57, candidate was rejected
Itr 44, LL= -4575841.054620 (3.261264). Anneal status: T=6.71, dE=68.53, candidate was rejected
Itr 45, LL= -4575826.031548 (3.283128). Anneal status: T=6.71, dE=35.98, candidate was rejected
Itr 46, LL= -4575785.511253 (8.855296). Anneal status: T=4.48, dE=108.13, candidate was rejected
Itr 47, LL= -4575762.869392 (4.948191). Anneal status: T=4.48, dE=33.00, candidate was rejected
Itr 48, LL= -4575740.562654 (4.874977). Anneal status: T=4.48, dE=80.83, candidate was rejected
Itr 49, LL= -4575713.196686 (5.980664). Anneal status: T=4.48, dE=99.62, candidate was rejected
Itr 50, LL= -4575698.313760 (3.252591). Anneal status: T=4.48, dE=83.94, candidate was rejected
Itr 51, LL= -4575675.734575 (4.934588). Anneal status: T=2.24, dE=11.25, candidate was rejected
Itr 52, LL= -4575659.179004 (3.618170). Anneal status: T=2.24, dE=9.06, candidate was rejected
Itr 53, LL= -4575650.498841 (1.897030). Anneal status: T=2.24, dE=66.30, candidate was rejected
Itr 54, LL= -4575647.212564 (0.718210). Anneal status: T=2.24, dE=16.23, candidate was rejected
Itr 55, LL= -4575642.288225 (1.076206). Anneal status: T=2.24, dE=97.07, candidate was rejected
Itr 56, LL= -4575632.992271 (2.031617). Anneal status: T=0.00, dE=15.52, candidate was rejected
Itr 57, LL= -4575630.196120 (0.611096). Anneal status: T=0.00, dE=82.45, candidate was rejected
Itr 58, LL= -4575627.768441 (0.530567). Anneal status: T=0.00, dE=10.78, candidate was rejected
Itr 59, LL= -4575624.540583 (0.705446). Anneal status: T=0.00, dE=70.84, candidate was rejected
-- Annealing statistics:
Portion of times candidate was better: 0.000000
Portion of times candidate was chosen by chance: 0.067797
--
EM for 9 states, 131 emission nodes. 22 observed values.
            gibbs: 0
    nGibbsItrPcnt: 0.8000
     annealParams: {}
           maxItr: 500
      convergeEps: 1.0000e-06
           minItr: 5
       parametric: 0
        initprobs: []
      persistBias: 0
          obsVals: []

- Initalized simulated annealing with params:
                     type: 'linear'
    max_chance_accpetance: 0.2000
             min_duration: 5
        min_init_duration: 5
             max_duration: 11
              converge_th: 1.0000e-06

--
Itr 1, LL= -16615134.076815 (Inf). Anneal status: T=NaN, dE=257.22, collecting statistics
Itr 2, LL= -4761884.049467 (Inf). Anneal status: T=NaN, dE=-591.59, collecting statistics
Itr 3, LL= -4675728.734316 (Inf). Anneal status: T=NaN, dE=275.75, collecting statistics
Itr 4, LL= -4635473.274302 (8609.451553). Anneal status: T=NaN, dE=-531.65, collecting statistics
Itr 5, LL= -4613991.289897 (4634.259143). Anneal status: T=NaN, dE=-149.16, collecting statistics
Itr 6, LL= -4602779.309297 (2429.996048). Anneal status: T=NaN, dE=53.29, collecting statistics
Itr 7, LL= -4595167.224463 (1653.801828). Anneal status: T=24.72, dE=59.31, candidate was rejected
Itr 8, LL= -4588617.883028 (1425.267268). Anneal status: T=24.72, dE=89.14, candidate was rejected
Itr 9, LL= -4583429.636422 (1130.677415). Anneal status: T=24.72, dE=44.12, candidate was rejected
Itr 10, LL= -4579594.758123 (836.683140). Anneal status: T=24.72, dE=16.14, candidate was chosen by chance
Itr 11, LL= -4577205.415484 (521.736696). Anneal status: T=24.72, dE=28.38, candidate was rejected
Itr 12, LL= -4575602.519275 (350.191015). Anneal status: T=22.25, dE=25.89, candidate was chosen by chance
Itr 13, LL= -4574429.576761 (256.347117). Anneal status: T=22.25, dE=102.56, candidate was rejected
Itr 14, LL= -4573508.675833 (201.314921). Anneal status: T=22.25, dE=111.40, candidate was rejected
Itr 15, LL= -4572848.017956 (144.453181). Anneal status: T=22.25, dE=167.52, candidate was rejected
Itr 16, LL= -4572353.264372 (108.193752). Anneal status: T=22.25, dE=11.70, candidate was rejected
Itr 17, LL= -4571878.218255 (103.895322). Anneal status: T=19.77, dE=6.25, candidate was chosen by chance
Itr 18, LL= -4571438.456946 (96.188325). Anneal status: T=19.77, dE=159.85, candidate was rejected
Itr 19, LL= -4571098.183768 (74.434597). Anneal status: T=19.77, dE=156.32, candidate was rejected
Itr 20, LL= -4570847.235322 (54.898940). Anneal status: T=19.77, dE=100.76, candidate was rejected
Itr 21, LL= -4570625.825023 (48.439663). Anneal status: T=19.77, dE=114.80, candidate was rejected
Itr 22, LL= -4570420.126516 (45.004451). Anneal status: T=17.30, dE=8.79, candidate was chosen by chance
Itr 23, LL= -4570257.291845 (35.627944). Anneal status: T=17.30, dE=44.89, candidate was rejected
Itr 24, LL= -4570070.559458 (40.858178). Anneal status: T=17.30, dE=78.37, candidate was rejected
Itr 25, LL= -4569939.847162 (28.601811). Anneal status: T=17.30, dE=19.19, candidate was rejected
Itr 26, LL= -4569830.824089 (23.856566). Anneal status: T=17.30, dE=26.56, candidate was rejected
Itr 27, LL= -4569758.116515 (15.910343). Anneal status: T=14.83, dE=11.86, candidate was chosen by chance
Itr 28, LL= -4569684.093001 (16.198563). Anneal status: T=14.83, dE=24.63, candidate was chosen by chance
Itr 29, LL= -4569602.784345 (17.793058). Anneal status: T=14.83, dE=39.09, candidate was rejected
Itr 30, LL= -4569540.809534 (13.562407). Anneal status: T=14.83, dE=83.92, candidate was rejected
Itr 31, LL= -4569477.613689 (13.829802). Anneal status: T=14.83, dE=23.26, candidate was rejected
Itr 32, LL= -4569421.061345 (12.376107). Anneal status: T=12.36, dE=32.19, candidate was rejected
Itr 33, LL= -4569371.209016 (10.909988). Anneal status: T=12.36, dE=141.08, candidate was rejected
Itr 34, LL= -4569338.021810 (7.262970). Anneal status: T=12.36, dE=69.09, candidate was rejected
Itr 35, LL= -4569306.990642 (6.791173). Anneal status: T=12.36, dE=76.04, candidate was rejected
Itr 36, LL= -4569269.350306 (8.237647). Anneal status: T=12.36, dE=82.63, candidate was rejected
Itr 37, LL= -4569211.505992 (12.659423). Anneal status: T=9.89, dE=31.27, candidate was rejected
Itr 38, LL= -4569180.041638 (6.886167). Anneal status: T=9.89, dE=85.86, candidate was rejected
Itr 39, LL= -4569135.622480 (9.721472). Anneal status: T=9.89, dE=56.92, candidate was rejected
Itr 40, LL= -4569096.728979 (8.512223). Anneal status: T=9.89, dE=104.40, candidate was rejected
Itr 41, LL= -4569094.374325 (0.515344). Anneal status: T=9.89, dE=24.22, candidate was chosen by chance
Itr 42, LL= -4569045.285516 (10.743663). Anneal status: T=7.42, dE=38.32, candidate was rejected
Itr 43, LL= -4569012.918906 (7.083889). Anneal status: T=7.42, dE=53.34, candidate was rejected
Itr 44, LL= -4568985.652248 (5.967735). Anneal status: T=7.42, dE=132.45, candidate was rejected
Itr 45, LL= -4568967.880294 (3.889693). Anneal status: T=7.42, dE=31.28, candidate was rejected
Itr 46, LL= -4568926.746276 (9.002913). Anneal status: T=7.42, dE=42.96, candidate was rejected
Itr 47, LL= -4568904.303366 (4.912075). Anneal status: T=4.94, dE=37.83, candidate was rejected
Itr 48, LL= -4568882.510860 (4.769745). Anneal status: T=4.94, dE=69.63, candidate was rejected
Itr 49, LL= -4568858.213020 (5.318114). Anneal status: T=4.94, dE=12.57, candidate was rejected
Itr 50, LL= -4568839.708994 (4.050033). Anneal status: T=4.94, dE=76.79, candidate was rejected
Itr 51, LL= -4568820.575033 (4.187926). Anneal status: T=4.94, dE=20.95, candidate was rejected
Itr 52, LL= -4568804.669953 (3.481222). Anneal status: T=2.47, dE=51.42, candidate was rejected
Itr 53, LL= -4568790.192640 (3.168731). Anneal status: T=2.47, dE=8.60, candidate was rejected
Itr 54, LL= -4568774.559828 (3.421652). Anneal status: T=2.47, dE=88.62, candidate was rejected
Itr 55, LL= -4568743.916610 (6.707098). Anneal status: T=2.47, dE=132.62, candidate was rejected
Itr 56, LL= -4568724.274707 (4.299191). Anneal status: T=2.47, dE=169.24, candidate was rejected
Itr 57, LL= -4568708.670633 (3.415411). Anneal status: T=0.00, dE=8.68, candidate was rejected
Itr 58, LL= -4568689.392626 (4.219575). Anneal status: T=0.00, dE=48.81, candidate was rejected
Itr 59, LL= -4568675.555949 (3.028588). Anneal status: T=0.00, dE=162.59, candidate was rejected
Itr 60, LL= -4568658.430186 (3.748518). Anneal status: T=0.00, dE=32.69, candidate was rejected
Itr 61, LL= -4568621.804398 (8.016749). Anneal status: T=0.00, dE=27.64, candidate was rejected
Itr 62, LL= -4568602.203402 (4.290352). Anneal status: T=0.00, dE=68.22, candidate was rejected
Itr 63, LL= -4568586.393501 (3.460556). Anneal status: T=0.00, dE=3.65, candidate was rejected
Itr 64, LL= -4568572.548474 (3.030484). Anneal status: T=0.00, dE=94.37, candidate was rejected
Itr 65, LL= -4568560.507236 (2.635667). Anneal status: T=0.00, dE=19.08, candidate was rejected
Itr 66, LL= -4568547.695268 (2.804378). Anneal status: T=0.00, dE=25.67, candidate was rejected
Itr 67, LL= -4568534.420087 (2.905777). Anneal status: T=0.00, dE=125.03, candidate was rejected
Itr 68, LL= -4568524.762681 (2.113896). Anneal status: T=0.00, dE=45.31, candidate was rejected
Itr 69, LL= -4568517.060106 (1.686009). Anneal status: T=0.00, dE=21.72, candidate was rejected
Itr 70, LL= -4568509.521978 (1.650016). Anneal status: T=0.00, dE=40.14, candidate was rejected
Itr 71, LL= -4568492.624112 (3.698770). Anneal status: T=0.00, dE=43.23, candidate was rejected
Itr 72, LL= -4568467.110135 (5.584769). Anneal status: T=0.00, dE=18.55, candidate was rejected
Itr 73, LL= -4568450.125667 (3.717761). Anneal status: T=0.00, dE=50.77, candidate was rejected
Itr 74, LL= -4568438.401397 (2.566356). Anneal status: T=0.00, dE=14.03, candidate was rejected
Itr 75, LL= -4568428.043444 (2.267285). Anneal status: T=0.00, dE=35.86, candidate was rejected
Itr 76, LL= -4568412.369761 (3.430870). Anneal status: T=0.00, dE=14.83, candidate was rejected
Itr 77, LL= -4568403.889805 (1.856215). Anneal status: T=0.00, dE=9.04, candidate was rejected
Itr 78, LL= -4568390.372705 (2.958823). Anneal status: T=0.00, dE=24.64, candidate was rejected
Itr 79, LL= -4568377.576377 (2.801059). Anneal status: T=0.00, dE=11.64, candidate was rejected
Itr 80, LL= -4568366.176606 (2.495365). Anneal status: T=0.00, dE=24.03, candidate was rejected
Itr 81, LL= -4568359.828072 (1.389673). Anneal status: T=0.00, dE=125.02, candidate was rejected
Itr 82, LL= -4568354.140339 (1.245027). Anneal status: T=0.00, dE=79.04, candidate was rejected
Itr 83, LL= -4568348.803578 (1.168202). Anneal status: T=0.00, dE=31.62, candidate was rejected
Itr 84, LL= -4568343.826903 (1.089382). Anneal status: T=0.00, dE=162.15, candidate was rejected
Itr 85, LL= -4568339.186917 (1.015682). Anneal status: T=0.00, dE=96.73, candidate was rejected
Itr 86, LL= -4568334.653689 (0.992314). Anneal status: T=0.00, dE=7.36, candidate was rejected
Itr 87, LL= -4568324.971831 (2.119341). Anneal status: T=0.00, dE=29.72, candidate was rejected
Itr 88, LL= -4568306.277009 (4.092271). Anneal status: T=0.00, dE=86.31, candidate was rejected
Itr 89, LL= -4568301.318666 (1.085379). Anneal status: T=0.00, dE=22.85, candidate was rejected
Itr 90, LL= -4568296.412140 (1.074037). Anneal status: T=0.00, dE=24.61, candidate was rejected
Itr 91, LL= -4568288.750106 (1.677219). Anneal status: T=0.00, dE=42.97, candidate was rejected
Itr 92, LL= -4568283.495254 (1.150289). Anneal status: T=0.00, dE=20.90, candidate was rejected
Itr 93, LL= -4568279.001559 (0.983673). Anneal status: T=0.00, dE=109.06, candidate was rejected
Itr 94, LL= -4568268.451014 (2.309523). Anneal status: T=0.00, dE=15.80, candidate was rejected
Itr 95, LL= -4568257.557605 (2.384582). Anneal status: T=0.00, dE=83.78, candidate was rejected
Itr 96, LL= -4568250.748559 (1.490513). Anneal status: T=0.00, dE=116.99, candidate was rejected
Itr 97, LL= -4568245.919977 (1.056987). Anneal status: T=0.00, dE=136.29, candidate was rejected
Itr 98, LL= -4568242.548665 (0.737988). Anneal status: T=0.00, dE=6.79, candidate was rejected
Itr 99, LL= -4568239.581429 (0.649536). Anneal status: T=0.00, dE=32.47, candidate was rejected
Itr 100, LL= -4568236.909646 (0.584860). Anneal status: T=0.00, dE=15.49, candidate was rejected
-- Annealing statistics:
Portion of times candidate was better: 0.000000
Portion of times candidate was chosen by chance: 0.070000
--
>> 