My SLURM_ARRAY_TASK_ID:  10

                            < M A T L A B (R) >
                  Copyright 1984-2014 The MathWorks, Inc.
                   R2014b (8.4.0.150421) 64-bit (glnxa64)
                             September 15, 2014

 
For online documentation, see http://www.mathworks.com/support
For product information, visit www.mathworks.com.
 
EM for 10 states, 131 emission nodes. 22 observed values.
            gibbs: 0
    nGibbsItrPcnt: 0.8000
     annealParams: {}
           maxItr: 500
      convergeEps: 1.0000e-06
           minItr: 5
       parametric: 0
        initprobs: []
      persistBias: 0
          obsVals: []

- Initalized simulated annealing with params:
                     type: 'linear'
    max_chance_accpetance: 0.2000
             min_duration: 5
        min_init_duration: 5
             max_duration: 11
              converge_th: 1.0000e-06

--
Itr 1, LL= -16702120.257070 (Inf). Anneal status: T=NaN, dE=-914.85, collecting statistics
Itr 2, LL= -4775389.059404 (Inf). Anneal status: T=NaN, dE=344.82, collecting statistics
Itr 3, LL= -4660330.239552 (Inf). Anneal status: T=NaN, dE=-254.24, collecting statistics
Itr 4, LL= -4610065.463293 (10785.668327). Anneal status: T=NaN, dE=-130.82, collecting statistics
Itr 5, LL= -4588212.821752 (4740.202002). Anneal status: T=NaN, dE=62.69, collecting statistics
Itr 6, LL= -4577945.288987 (2237.806563). Anneal status: T=NaN, dE=-42.77, collecting statistics
Itr 7, LL= -4572960.223133 (1088.930850). Anneal status: T=NaN, dE=42.88, collecting statistics
Itr 8, LL= -4570008.531330 (645.466319). Anneal status: T=NaN, dE=-1.31, collecting statistics
Itr 9, LL= -4567790.486185 (485.348141). Anneal status: T=16.40, dE=6.88, candidate was rejected
Itr 10, LL= -4566181.147235 (352.323285). Anneal status: T=16.40, dE=-2.45, candidate was better
Itr 11, LL= -4565044.777332 (248.866584). Anneal status: T=16.40, dE=41.66, candidate was rejected
Itr 12, LL= -4564218.802639 (180.934631). Anneal status: T=16.40, dE=7.84, candidate was rejected
Itr 13, LL= -4563663.100025 (121.751966). Anneal status: T=16.40, dE=28.37, candidate was rejected
Itr 14, LL= -4563272.074216 (85.682444). Anneal status: T=14.76, dE=181.54, candidate was rejected
Itr 15, LL= -4563008.119411 (57.843320). Anneal status: T=14.76, dE=53.56, candidate was rejected
Itr 16, LL= -4562811.593700 (43.069332). Anneal status: T=14.76, dE=127.61, candidate was rejected
Itr 17, LL= -4562656.968839 (33.888066). Anneal status: T=14.76, dE=97.38, candidate was rejected
Itr 18, LL= -4562518.383450 (30.373835). Anneal status: T=14.76, dE=23.98, candidate was rejected
Itr 19, LL= -4562427.364302 (19.949322). Anneal status: T=13.12, dE=30.98, candidate was rejected
Itr 20, LL= -4562340.718113 (18.991248). Anneal status: T=13.12, dE=44.83, candidate was rejected
Itr 21, LL= -4562266.294264 (16.312646). Anneal status: T=13.12, dE=5.69, candidate was chosen by chance
Itr 22, LL= -4562178.234418 (19.301777). Anneal status: T=13.12, dE=45.54, candidate was rejected
Itr 23, LL= -4562094.924955 (18.260896). Anneal status: T=13.12, dE=26.04, candidate was rejected
Itr 24, LL= -4562010.740825 (18.452955). Anneal status: T=11.48, dE=6.52, candidate was rejected
Itr 25, LL= -4561928.355886 (18.058909). Anneal status: T=11.48, dE=52.09, candidate was rejected
Itr 26, LL= -4561843.398004 (18.623239). Anneal status: T=11.48, dE=3.14, candidate was chosen by chance
Itr 27, LL= -4561743.617337 (21.872883). Anneal status: T=11.48, dE=29.33, candidate was rejected
Itr 28, LL= -4561634.134598 (24.000196). Anneal status: T=11.48, dE=24.89, candidate was rejected
Itr 29, LL= -4561517.750442 (25.513698). Anneal status: T=9.84, dE=44.43, candidate was rejected
Itr 30, LL= -4561396.796512 (26.516159). Anneal status: T=9.84, dE=28.83, candidate was rejected
Itr 31, LL= -4561283.306456 (24.880549). Anneal status: T=9.84, dE=17.48, candidate was rejected
Itr 32, LL= -4561196.933850 (18.936032). Anneal status: T=9.84, dE=23.35, candidate was chosen by chance
Itr 33, LL= -4561059.177211 (30.201862). Anneal status: T=9.84, dE=111.29, candidate was rejected
Itr 34, LL= -4560929.930712 (28.336949). Anneal status: T=8.20, dE=56.64, candidate was rejected
Itr 35, LL= -4560808.487291 (26.626899). Anneal status: T=8.20, dE=86.00, candidate was rejected
Itr 36, LL= -4560708.374422 (21.950685). Anneal status: T=8.20, dE=89.89, candidate was rejected
Itr 37, LL= -4560614.792569 (20.519148). Anneal status: T=8.20, dE=4.77, candidate was rejected
Itr 38, LL= -4560542.710814 (15.805271). Anneal status: T=8.20, dE=18.39, candidate was chosen by chance
Itr 39, LL= -4560450.535699 (20.211436). Anneal status: T=6.56, dE=48.45, candidate was rejected
Itr 40, LL= -4560368.471890 (17.994671). Anneal status: T=6.56, dE=191.30, candidate was rejected
Itr 41, LL= -4560283.353772 (18.664746). Anneal status: T=6.56, dE=146.06, candidate was rejected
Itr 42, LL= -4560194.616369 (19.458748). Anneal status: T=6.56, dE=103.95, candidate was rejected
Itr 43, LL= -4560119.354709 (16.504046). Anneal status: T=6.56, dE=114.22, candidate was rejected
Itr 44, LL= -4560053.020556 (14.546583). Anneal status: T=4.92, dE=50.52, candidate was rejected
Itr 45, LL= -4559992.620839 (13.245398). Anneal status: T=4.92, dE=9.24, candidate was rejected
Itr 46, LL= -4559938.746045 (11.814667). Anneal status: T=4.92, dE=51.78, candidate was rejected
Itr 47, LL= -4559889.041642 (10.900235). Anneal status: T=4.92, dE=50.65, candidate was rejected
Itr 48, LL= -4559836.983983 (11.416431). Anneal status: T=4.92, dE=40.80, candidate was rejected
Itr 49, LL= -4559777.269626 (13.095722). Anneal status: T=3.28, dE=15.16, candidate was rejected
Itr 50, LL= -4559687.173288 (19.758934). Anneal status: T=3.28, dE=35.14, candidate was rejected
Itr 51, LL= -4559633.623693 (11.744138). Anneal status: T=3.28, dE=15.04, candidate was chosen by chance
Itr 52, LL= -4559569.355954 (14.094935). Anneal status: T=3.28, dE=23.14, candidate was rejected
Itr 53, LL= -4559521.084541 (10.586836). Anneal status: T=3.28, dE=53.70, candidate was rejected
Itr 54, LL= -4559467.017659 (11.858018). Anneal status: T=1.64, dE=34.61, candidate was rejected
Itr 55, LL= -4559419.724630 (10.372491). Anneal status: T=1.64, dE=136.06, candidate was rejected
Itr 56, LL= -4559379.194804 (8.889251). Anneal status: T=1.64, dE=24.66, candidate was rejected
Itr 57, LL= -4559337.565675 (9.130438). Anneal status: T=1.64, dE=10.21, candidate was rejected
Itr 58, LL= -4559282.449309 (12.088678). Anneal status: T=1.64, dE=111.13, candidate was rejected
Itr 59, LL= -4559220.645681 (13.555560). Anneal status: T=0.00, dE=44.41, candidate was rejected
Itr 60, LL= -4559154.678686 (14.468919). Anneal status: T=0.00, dE=75.22, candidate was rejected
Itr 61, LL= -4559069.798522 (18.617522). Anneal status: T=0.00, dE=71.63, candidate was rejected
Itr 62, LL= -4558965.195632 (22.943911). Anneal status: T=0.00, dE=31.23, candidate was rejected
Itr 63, LL= -4558844.436904 (26.488188). Anneal status: T=0.00, dE=125.05, candidate was rejected
Itr 64, LL= -4558738.495173 (23.238725). Anneal status: T=0.00, dE=46.18, candidate was rejected
Itr 65, LL= -4558618.865049 (26.241936). Anneal status: T=0.00, dE=34.61, candidate was rejected
Itr 66, LL= -4558508.066338 (24.305324). Anneal status: T=0.00, dE=62.03, candidate was rejected
Itr 67, LL= -4558392.677223 (25.312912). Anneal status: T=0.00, dE=53.25, candidate was rejected
Itr 68, LL= -4558289.632314 (22.605536). Anneal status: T=0.00, dE=43.11, candidate was rejected
Itr 69, LL= -4558194.536730 (20.862120). Anneal status: T=0.00, dE=28.90, candidate was rejected
Itr 70, LL= -4558094.834323 (21.873223). Anneal status: T=0.00, dE=11.77, candidate was rejected
Itr 71, LL= -4557987.392642 (23.571620). Anneal status: T=0.00, dE=25.81, candidate was rejected
Itr 72, LL= -4557889.563051 (21.463331). Anneal status: T=0.00, dE=4.85, candidate was rejected
Itr 73, LL= -4557820.151143 (15.228958). Anneal status: T=0.00, dE=12.60, candidate was rejected
Itr 74, LL= -4557752.265202 (14.894388). Anneal status: T=0.00, dE=9.43, candidate was rejected
Itr 75, LL= -4557699.783019 (11.514927). Anneal status: T=0.00, dE=84.59, candidate was rejected
Itr 76, LL= -4557649.672320 (10.994734). Anneal status: T=0.00, dE=113.83, candidate was rejected
Itr 77, LL= -4557579.275874 (15.445778). Anneal status: T=0.00, dE=75.48, candidate was rejected
Itr 78, LL= -4557539.887318 (8.642429). Anneal status: T=0.00, dE=39.58, candidate was rejected
Itr 79, LL= -4557519.399263 (4.495420). Anneal status: T=0.00, dE=94.14, candidate was rejected
Itr 80, LL= -4557502.119443 (3.791497). Anneal status: T=0.00, dE=55.47, candidate was rejected
Itr 81, LL= -4557480.216945 (4.805812). Anneal status: T=0.00, dE=53.81, candidate was rejected
Itr 82, LL= -4557465.107061 (3.315403). Anneal status: T=0.00, dE=143.67, candidate was rejected
Itr 83, LL= -4557446.600311 (4.060755). Anneal status: T=0.00, dE=95.53, candidate was rejected
Itr 84, LL= -4557427.903006 (4.102584). Anneal status: T=0.00, dE=81.45, candidate was rejected
Itr 85, LL= -4557411.701130 (3.555048). Anneal status: T=0.00, dE=19.55, candidate was rejected
Itr 86, LL= -4557393.761692 (3.936322). Anneal status: T=0.00, dE=70.82, candidate was rejected
Itr 87, LL= -4557355.527475 (8.389492). Anneal status: T=0.00, dE=23.75, candidate was rejected
Itr 88, LL= -4557330.542451 (5.482351). Anneal status: T=0.00, dE=13.98, candidate was rejected
Itr 89, LL= -4557319.669943 (2.385719). Anneal status: T=0.00, dE=11.80, candidate was rejected
Itr 90, LL= -4557297.120285 (4.948009). Anneal status: T=0.00, dE=4.35, candidate was rejected
Itr 91, LL= -4557280.067304 (3.741907). Anneal status: T=0.00, dE=8.85, candidate was rejected
Itr 92, LL= -4557274.658205 (1.186914). Anneal status: T=0.00, dE=90.44, candidate was rejected
Itr 93, LL= -4557263.581829 (2.430482). Anneal status: T=0.00, dE=50.97, candidate was rejected
Itr 94, LL= -4557240.758875 (5.008039). Anneal status: T=0.00, dE=50.81, candidate was rejected
Itr 95, LL= -4557236.147044 (1.011979). Anneal status: T=0.00, dE=18.50, candidate was rejected
Itr 96, LL= -4557232.357848 (0.831468). Anneal status: T=0.00, dE=90.08, candidate was rejected
Itr 97, LL= -4557227.443604 (1.078339). Anneal status: T=0.00, dE=48.92, candidate was rejected
Itr 98, LL= -4557224.724784 (0.596595). Anneal status: T=0.00, dE=68.69, candidate was rejected
Itr 99, LL= -4557211.976321 (2.797418). Anneal status: T=0.00, dE=25.43, candidate was rejected
Itr 100, LL= -4557198.637002 (2.927079). Anneal status: T=0.00, dE=53.01, candidate was rejected
Itr 101, LL= -4557188.807168 (2.156990). Anneal status: T=0.00, dE=25.34, candidate was rejected
Itr 102, LL= -4557186.147865 (0.583540). Anneal status: T=0.00, dE=38.40, candidate was rejected
Itr 103, LL= -4557184.148698 (0.438685). Anneal status: T=0.00, dE=12.61, candidate was rejected
Itr 104, LL= -4557180.150994 (0.877231). Anneal status: T=0.00, dE=70.59, candidate was rejected
-- Annealing statistics:
Portion of times candidate was better: 0.009615
Portion of times candidate was chosen by chance: 0.048077
--
EM for 10 states, 131 emission nodes. 22 observed values.
            gibbs: 0
    nGibbsItrPcnt: 0.8000
     annealParams: {}
           maxItr: 500
      convergeEps: 1.0000e-06
           minItr: 5
       parametric: 0
        initprobs: []
      persistBias: 0
          obsVals: []

- Initalized simulated annealing with params:
                     type: 'linear'
    max_chance_accpetance: 0.2000
             min_duration: 5
        min_init_duration: 5
             max_duration: 11
              converge_th: 1.0000e-06

--
Itr 1, LL= -16527889.678871 (Inf). Anneal status: T=NaN, dE=-1455.08, collecting statistics
Itr 2, LL= -4773618.571831 (Inf). Anneal status: T=NaN, dE=-1274.10, collecting statistics
Itr 3, LL= -4666448.314583 (Inf). Anneal status: T=NaN, dE=412.39, collecting statistics
Itr 4, LL= -4610606.196524 (11966.728075). Anneal status: T=NaN, dE=26.36, collecting statistics
Itr 5, LL= -4592723.222444 (3878.660054). Anneal status: T=NaN, dE=-30.23, collecting statistics
Itr 6, LL= -4585329.657791 (1609.843288). Anneal status: T=NaN, dE=86.29, collecting statistics
Itr 7, LL= -4581714.876894 (788.336100). Anneal status: T=22.10, dE=55.97, candidate was rejected
Itr 8, LL= -4579729.717868 (433.278604). Anneal status: T=22.10, dE=66.69, candidate was chosen by chance
Itr 9, LL= -4578562.692309 (254.824112). Anneal status: T=22.10, dE=24.99, candidate was rejected
Itr 10, LL= -4577928.725377 (138.464181). Anneal status: T=22.10, dE=34.69, candidate was chosen by chance
Itr 11, LL= -4577416.494628 (111.891377). Anneal status: T=22.10, dE=38.26, candidate was rejected
Itr 12, LL= -4577049.628987 (80.146878). Anneal status: T=19.89, dE=7.95, candidate was rejected
Itr 13, LL= -4576760.593143 (63.148943). Anneal status: T=19.89, dE=12.13, candidate was chosen by chance
Itr 14, LL= -4576458.694853 (65.963313). Anneal status: T=19.89, dE=21.66, candidate was rejected
Itr 15, LL= -4576249.430813 (45.726195). Anneal status: T=19.89, dE=11.91, candidate was chosen by chance
Itr 16, LL= -4576062.871148 (40.766935). Anneal status: T=19.89, dE=12.90, candidate was chosen by chance
Itr 17, LL= -4575874.659947 (41.129505). Anneal status: T=17.68, dE=28.10, candidate was rejected
Itr 18, LL= -4575676.334311 (43.341579). Anneal status: T=17.68, dE=7.28, candidate was chosen by chance
Itr 19, LL= -4575487.405900 (41.289724). Anneal status: T=17.68, dE=58.87, candidate was rejected
Itr 20, LL= -4575323.455457 (35.832345). Anneal status: T=17.68, dE=28.35, candidate was rejected
Itr 21, LL= -4575143.912663 (39.241552). Anneal status: T=17.68, dE=95.84, candidate was rejected
Itr 22, LL= -4574970.356206 (37.934644). Anneal status: T=15.47, dE=9.25, candidate was chosen by chance
Itr 23, LL= -4574768.535697 (44.114058). Anneal status: T=15.47, dE=140.98, candidate was rejected
Itr 24, LL= -4574564.006968 (44.707995). Anneal status: T=15.47, dE=90.90, candidate was rejected
Itr 25, LL= -4574343.327338 (48.240582). Anneal status: T=15.47, dE=51.42, candidate was rejected
Itr 26, LL= -4574077.897924 (58.025687). Anneal status: T=15.47, dE=6.02, candidate was chosen by chance
Itr 27, LL= -4573758.936583 (69.732381). Anneal status: T=13.26, dE=73.15, candidate was rejected
Itr 28, LL= -4573441.899973 (69.316423). Anneal status: T=13.26, dE=105.22, candidate was rejected
Itr 29, LL= -4573141.675290 (65.645238). Anneal status: T=13.26, dE=59.45, candidate was rejected
Itr 30, LL= -4572827.225964 (68.760023). Anneal status: T=13.26, dE=34.96, candidate was rejected
Itr 31, LL= -4572436.522087 (85.440332). Anneal status: T=13.26, dE=83.95, candidate was rejected
Itr 32, LL= -4571976.449870 (100.618612). Anneal status: T=11.05, dE=20.54, candidate was rejected
Itr 33, LL= -4571517.813940 (100.314587). Anneal status: T=11.05, dE=34.59, candidate was rejected
Itr 34, LL= -4571049.353249 (102.473776). Anneal status: T=11.05, dE=16.63, candidate was rejected
Itr 35, LL= -4570642.772596 (88.946896). Anneal status: T=11.05, dE=8.75, candidate was chosen by chance
Itr 36, LL= -4570276.202246 (80.201050). Anneal status: T=11.05, dE=14.98, candidate was rejected
Itr 37, LL= -4569905.051952 (81.209598). Anneal status: T=8.84, dE=73.68, candidate was rejected
Itr 38, LL= -4569542.375903 (79.361834). Anneal status: T=8.84, dE=53.78, candidate was rejected
Itr 39, LL= -4569185.128213 (78.180190). Anneal status: T=8.84, dE=21.38, candidate was rejected
Itr 40, LL= -4568838.422245 (75.879169). Anneal status: T=8.84, dE=43.00, candidate was rejected
Itr 41, LL= -4568486.559135 (77.013691). Anneal status: T=8.84, dE=35.88, candidate was rejected
Itr 42, LL= -4568120.293790 (80.172140). Anneal status: T=6.63, dE=15.90, candidate was rejected
Itr 43, LL= -4567768.919976 (76.918687). Anneal status: T=6.63, dE=200.70, candidate was rejected
Itr 44, LL= -4567450.659933 (69.675163). Anneal status: T=6.63, dE=19.72, candidate was rejected
Itr 45, LL= -4567254.194634 (43.014214). Anneal status: T=6.63, dE=144.56, candidate was rejected
Itr 46, LL= -4567005.843241 (54.376521). Anneal status: T=6.63, dE=91.23, candidate was rejected
Itr 47, LL= -4566856.274119 (32.749930). Anneal status: T=4.42, dE=29.84, candidate was rejected
Itr 48, LL= -4566740.676720 (25.312248). Anneal status: T=4.42, dE=14.56, candidate was rejected
Itr 49, LL= -4566645.769841 (20.782192). Anneal status: T=4.42, dE=20.98, candidate was rejected
Itr 50, LL= -4566527.547276 (25.888271). Anneal status: T=4.42, dE=92.57, candidate was rejected
Itr 51, LL= -4566418.525169 (23.874181). Anneal status: T=4.42, dE=24.32, candidate was rejected
Itr 52, LL= -4566353.066002 (14.334903). Anneal status: T=2.21, dE=20.58, candidate was rejected
Itr 53, LL= -4566282.942159 (15.356641). Anneal status: T=2.21, dE=53.16, candidate was rejected
Itr 54, LL= -4566236.112232 (10.255590). Anneal status: T=2.21, dE=12.66, candidate was rejected
Itr 55, LL= -4566201.433349 (7.594632). Anneal status: T=2.21, dE=54.27, candidate was rejected
Itr 56, LL= -4566161.693722 (8.702995). Anneal status: T=2.21, dE=22.46, candidate was rejected
Itr 57, LL= -4566125.950179 (7.827919). Anneal status: T=0.00, dE=69.41, candidate was rejected
Itr 58, LL= -4566112.488103 (2.948249). Anneal status: T=0.00, dE=19.55, candidate was rejected
Itr 59, LL= -4566080.706180 (6.960390). Anneal status: T=0.00, dE=15.39, candidate was rejected
Itr 60, LL= -4566048.486011 (7.056417). Anneal status: T=0.00, dE=39.17, candidate was rejected
Itr 61, LL= -4565998.043962 (11.047200). Anneal status: T=0.00, dE=1.66, candidate was rejected
Itr 62, LL= -4565955.025860 (9.421402). Anneal status: T=0.00, dE=10.30, candidate was rejected
Itr 63, LL= -4565934.232744 (4.553947). Anneal status: T=0.00, dE=20.94, candidate was rejected
Itr 64, LL= -4565914.671096 (4.284260). Anneal status: T=0.00, dE=6.48, candidate was rejected
Itr 65, LL= -4565898.875965 (3.459357). Anneal status: T=0.00, dE=36.21, candidate was rejected
Itr 66, LL= -4565868.104166 (6.739483). Anneal status: T=0.00, dE=57.39, candidate was rejected
Itr 67, LL= -4565838.699824 (6.440033). Anneal status: T=0.00, dE=21.05, candidate was rejected
Itr 68, LL= -4565791.646560 (10.305503). Anneal status: T=0.00, dE=21.12, candidate was rejected
Itr 69, LL= -4565751.704353 (8.748145). Anneal status: T=0.00, dE=14.43, candidate was rejected
Itr 70, LL= -4565729.821417 (4.792844). Anneal status: T=0.00, dE=39.92, candidate was rejected
Itr 71, LL= -4565727.837863 (0.434444). Anneal status: T=0.00, dE=13.63, candidate was rejected
Itr 72, LL= -4565726.644805 (0.261307). Anneal status: T=0.00, dE=84.71, candidate was rejected
Itr 73, LL= -4565725.639212 (0.220248). Anneal status: T=0.00, dE=19.88, candidate was rejected
-- Annealing statistics:
Portion of times candidate was better: 0.000000
Portion of times candidate was chosen by chance: 0.123288
--
EM for 10 states, 131 emission nodes. 22 observed values.
            gibbs: 0
    nGibbsItrPcnt: 0.8000
     annealParams: {}
           maxItr: 500
      convergeEps: 1.0000e-06
           minItr: 5
       parametric: 0
        initprobs: []
      persistBias: 0
          obsVals: []

- Initalized simulated annealing with params:
                     type: 'linear'
    max_chance_accpetance: 0.2000
             min_duration: 5
        min_init_duration: 5
             max_duration: 11
              converge_th: 1.0000e-06

--
Itr 1, LL= -16442947.318331 (Inf). Anneal status: T=NaN, dE=-3494.09, collecting statistics
Itr 2, LL= -4789386.716533 (Inf). Anneal status: T=NaN, dE=-253.45, collecting statistics
Itr 3, LL= -4682874.233790 (Inf). Anneal status: T=NaN, dE=-859.89, collecting statistics
Itr 4, LL= -4616646.143312 (14142.615661). Anneal status: T=NaN, dE=-238.47, collecting statistics
Itr 5, LL= -4588980.929938 (5992.491630). Anneal status: T=NaN, dE=90.09, collecting statistics
Itr 6, LL= -4578438.191817 (2297.402905). Anneal status: T=NaN, dE=1.92, collecting statistics
Itr 7, LL= -4573540.857177 (1069.651797). Anneal status: T=NaN, dE=224.77, collecting statistics
Itr 8, LL= -4570322.534685 (703.682900). Anneal status: T=17.31, dE=21.38, candidate was chosen by chance
Itr 9, LL= -4567306.397771 (659.939619). Anneal status: T=17.31, dE=130.46, candidate was rejected
Itr 10, LL= -4564243.846473 (670.537737). Anneal status: T=17.31, dE=-1.49, candidate was better
Itr 11, LL= -4561935.699787 (505.701878). Anneal status: T=17.31, dE=167.47, candidate was rejected
Itr 12, LL= -4560551.923580 (303.330932). Anneal status: T=17.31, dE=54.31, candidate was rejected
Itr 13, LL= -4559724.489812 (181.432814). Anneal status: T=15.58, dE=14.00, candidate was rejected
Itr 14, LL= -4559138.935303 (128.418835). Anneal status: T=15.58, dE=60.56, candidate was rejected
Itr 15, LL= -4558653.539013 (106.466659). Anneal status: T=15.58, dE=61.82, candidate was rejected
Itr 16, LL= -4558262.472446 (85.785542). Anneal status: T=15.58, dE=106.64, candidate was rejected
Itr 17, LL= -4557968.664315 (64.456168). Anneal status: T=15.58, dE=51.85, candidate was rejected
Itr 18, LL= -4557728.096508 (52.779610). Anneal status: T=13.85, dE=17.38, candidate was chosen by chance
Itr 19, LL= -4557528.446688 (43.804680). Anneal status: T=13.85, dE=24.90, candidate was chosen by chance
Itr 20, LL= -4557306.936115 (48.603223). Anneal status: T=13.85, dE=41.01, candidate was rejected
Itr 21, LL= -4557153.415410 (33.686716). Anneal status: T=13.85, dE=111.47, candidate was rejected
Itr 22, LL= -4557023.067192 (28.602991). Anneal status: T=13.85, dE=84.47, candidate was rejected
Itr 23, LL= -4556888.992851 (29.421475). Anneal status: T=12.12, dE=35.20, candidate was rejected
Itr 24, LL= -4556774.611063 (25.100850). Anneal status: T=12.12, dE=78.94, candidate was rejected
Itr 25, LL= -4556692.764325 (17.961551). Anneal status: T=12.12, dE=10.68, candidate was chosen by chance
Itr 26, LL= -4556602.681760 (19.769287). Anneal status: T=12.12, dE=168.84, candidate was rejected
Itr 27, LL= -4556523.921780 (17.284803). Anneal status: T=12.12, dE=49.49, candidate was rejected
Itr 28, LL= -4556456.858494 (14.718081). Anneal status: T=10.39, dE=63.95, candidate was rejected
Itr 29, LL= -4556384.897904 (15.793102). Anneal status: T=10.39, dE=46.46, candidate was rejected
Itr 30, LL= -4556335.298856 (10.885614). Anneal status: T=10.39, dE=104.17, candidate was rejected
Itr 31, LL= -4556285.380041 (10.955913). Anneal status: T=10.39, dE=110.27, candidate was rejected
Itr 32, LL= -4556240.487691 (9.852840). Anneal status: T=10.39, dE=26.15, candidate was rejected
Itr 33, LL= -4556200.291544 (8.822218). Anneal status: T=8.66, dE=156.76, candidate was rejected
Itr 34, LL= -4556164.518665 (7.851472). Anneal status: T=8.66, dE=44.96, candidate was rejected
Itr 35, LL= -4556125.086698 (8.654641). Anneal status: T=8.66, dE=105.76, candidate was rejected
Itr 36, LL= -4556103.536333 (4.729977). Anneal status: T=8.66, dE=24.59, candidate was rejected
Itr 37, LL= -4556082.953912 (4.517549). Anneal status: T=8.66, dE=34.24, candidate was rejected
Itr 38, LL= -4556047.508708 (7.779754). Anneal status: T=6.93, dE=112.35, candidate was rejected
Itr 39, LL= -4556012.480630 (7.688260). Anneal status: T=6.93, dE=25.40, candidate was rejected
Itr 40, LL= -4555994.810602 (3.878398). Anneal status: T=6.93, dE=19.54, candidate was rejected
Itr 41, LL= -4555974.907465 (4.368560). Anneal status: T=6.93, dE=36.92, candidate was rejected
Itr 42, LL= -4555962.148726 (2.800441). Anneal status: T=6.93, dE=17.54, candidate was rejected
Itr 43, LL= -4555948.762217 (2.938240). Anneal status: T=5.19, dE=85.63, candidate was rejected
Itr 44, LL= -4555937.916001 (2.380671). Anneal status: T=5.19, dE=106.82, candidate was rejected
Itr 45, LL= -4555928.122505 (2.149611). Anneal status: T=5.19, dE=45.49, candidate was rejected
Itr 46, LL= -4555918.219956 (2.173552). Anneal status: T=5.19, dE=93.69, candidate was rejected
Itr 47, LL= -4555909.793921 (1.849470). Anneal status: T=5.19, dE=94.11, candidate was rejected
Itr 48, LL= -4555896.125938 (3.000056). Anneal status: T=3.46, dE=11.76, candidate was rejected
Itr 49, LL= -4555878.641078 (3.837853). Anneal status: T=3.46, dE=44.75, candidate was rejected
Itr 50, LL= -4555868.159878 (2.300588). Anneal status: T=3.46, dE=26.26, candidate was rejected
Itr 51, LL= -4555861.115287 (1.546268). Anneal status: T=3.46, dE=23.29, candidate was rejected
Itr 52, LL= -4555853.321841 (1.710642). Anneal status: T=3.46, dE=75.26, candidate was rejected
Itr 53, LL= -4555844.149673 (2.013271). Anneal status: T=1.73, dE=67.38, candidate was rejected
Itr 54, LL= -4555834.461668 (2.126501). Anneal status: T=1.73, dE=164.64, candidate was rejected
Itr 55, LL= -4555829.260582 (1.141632). Anneal status: T=1.73, dE=47.52, candidate was rejected
Itr 56, LL= -4555826.613623 (0.581005). Anneal status: T=1.73, dE=44.51, candidate was rejected
Itr 57, LL= -4555821.692717 (1.080135). Anneal status: T=1.73, dE=54.96, candidate was rejected
Itr 58, LL= -4555816.266624 (1.191024). Anneal status: T=0.00, dE=14.29, candidate was rejected
Itr 59, LL= -4555813.579185 (0.589892). Anneal status: T=0.00, dE=31.66, candidate was rejected
Itr 60, LL= -4555811.357539 (0.487651). Anneal status: T=0.00, dE=29.00, candidate was rejected
Itr 61, LL= -4555809.724307 (0.358494). Anneal status: T=0.00, dE=97.30, candidate was rejected
-- Annealing statistics:
Portion of times candidate was better: 0.016393
Portion of times candidate was chosen by chance: 0.065574
--
EM for 10 states, 131 emission nodes. 22 observed values.
            gibbs: 0
    nGibbsItrPcnt: 0.8000
     annealParams: {}
           maxItr: 500
      convergeEps: 1.0000e-06
           minItr: 5
       parametric: 0
        initprobs: []
      persistBias: 0
          obsVals: []

- Initalized simulated annealing with params:
                     type: 'linear'
    max_chance_accpetance: 0.2000
             min_duration: 5
        min_init_duration: 5
             max_duration: 11
              converge_th: 1.0000e-06

--
Itr 1, LL= -16501734.212069 (Inf). Anneal status: T=NaN, dE=-2038.67, collecting statistics
Itr 2, LL= -4790082.052606 (Inf). Anneal status: T=NaN, dE=-796.35, collecting statistics
Itr 3, LL= -4690847.930628 (Inf). Anneal status: T=NaN, dE=-671.17, collecting statistics
Itr 4, LL= -4618259.764546 (15474.423208). Anneal status: T=NaN, dE=-250.46, collecting statistics
Itr 5, LL= -4595117.967272 (5010.934519). Anneal status: T=NaN, dE=113.41, collecting statistics
Itr 6, LL= -4584674.982590 (2272.626025). Anneal status: T=NaN, dE=34.51, collecting statistics
Itr 7, LL= -4578783.639584 (1285.007777). Anneal status: T=NaN, dE=159.93, collecting statistics
Itr 8, LL= -4575041.966435 (817.176229). Anneal status: T=19.51, dE=50.00, candidate was rejected
Itr 9, LL= -4572523.054066 (550.576888). Anneal status: T=19.51, dE=87.25, candidate was rejected
Itr 10, LL= -4570597.515963 (421.110638). Anneal status: T=19.51, dE=42.73, candidate was chosen by chance
Itr 11, LL= -4569018.089530 (345.562353). Anneal status: T=19.51, dE=154.79, candidate was rejected
Itr 12, LL= -4567521.286674 (327.598365). Anneal status: T=19.51, dE=33.31, candidate was rejected
Itr 13, LL= -4566222.120748 (284.435659). Anneal status: T=17.56, dE=25.78, candidate was rejected
Itr 14, LL= -4565359.908901 (188.823895). Anneal status: T=17.56, dE=14.51, candidate was rejected
Itr 15, LL= -4564822.040331 (117.815152). Anneal status: T=17.56, dE=70.37, candidate was rejected
Itr 16, LL= -4564444.499320 (82.706622). Anneal status: T=17.56, dE=27.02, candidate was chosen by chance
Itr 17, LL= -4564115.410415 (72.098347). Anneal status: T=17.56, dE=36.79, candidate was rejected
Itr 18, LL= -4563913.738692 (44.186377). Anneal status: T=15.60, dE=21.17, candidate was rejected
Itr 19, LL= -4563752.497254 (35.329642). Anneal status: T=15.60, dE=30.16, candidate was rejected
Itr 20, LL= -4563623.351216 (28.298213). Anneal status: T=15.60, dE=78.93, candidate was rejected
Itr 21, LL= -4563529.584555 (20.546538). Anneal status: T=15.60, dE=53.07, candidate was rejected
Itr 22, LL= -4563430.687884 (21.671092). Anneal status: T=15.60, dE=84.81, candidate was rejected
Itr 23, LL= -4563318.737162 (24.532141). Anneal status: T=13.65, dE=84.80, candidate was rejected
Itr 24, LL= -4563200.571849 (25.894600). Anneal status: T=13.65, dE=33.50, candidate was rejected
Itr 25, LL= -4563072.824860 (27.995041). Anneal status: T=13.65, dE=73.08, candidate was rejected
Itr 26, LL= -4562891.902470 (39.649244). Anneal status: T=13.65, dE=33.84, candidate was rejected
Itr 27, LL= -4562637.601221 (55.732473). Anneal status: T=13.65, dE=81.76, candidate was rejected
Itr 28, LL= -4562322.110265 (69.146617). Anneal status: T=11.70, dE=43.53, candidate was rejected
Itr 29, LL= -4561901.545348 (92.182206). Anneal status: T=11.70, dE=139.22, candidate was rejected
Itr 30, LL= -4561405.615412 (108.711232). Anneal status: T=11.70, dE=35.49, candidate was rejected
Itr 31, LL= -4560853.908669 (120.951038). Anneal status: T=11.70, dE=16.22, candidate was rejected
Itr 32, LL= -4560403.459866 (98.764137). Anneal status: T=11.70, dE=52.49, candidate was rejected
Itr 33, LL= -4560066.998011 (73.778967). Anneal status: T=9.75, dE=63.14, candidate was rejected
Itr 34, LL= -4559760.203554 (67.278498). Anneal status: T=9.75, dE=18.81, candidate was rejected
Itr 35, LL= -4559536.264819 (49.111954). Anneal status: T=9.75, dE=49.79, candidate was rejected
Itr 36, LL= -4559304.935065 (50.735369). Anneal status: T=9.75, dE=47.41, candidate was rejected
Itr 37, LL= -4559074.961374 (50.440515). Anneal status: T=9.75, dE=18.93, candidate was rejected
Itr 38, LL= -4558904.229430 (37.448813). Anneal status: T=7.80, dE=33.18, candidate was rejected
Itr 39, LL= -4558734.175238 (37.301550). Anneal status: T=7.80, dE=11.36, candidate was chosen by chance
Itr 40, LL= -4558546.576524 (41.151492). Anneal status: T=7.80, dE=15.94, candidate was rejected
Itr 41, LL= -4558361.845831 (40.524033). Anneal status: T=7.80, dE=34.10, candidate was rejected
Itr 42, LL= -4558178.253109 (40.276031). Anneal status: T=7.80, dE=10.69, candidate was rejected
Itr 43, LL= -4557980.132428 (43.464882). Anneal status: T=5.85, dE=66.69, candidate was rejected
Itr 44, LL= -4557768.976826 (46.326573). Anneal status: T=5.85, dE=69.43, candidate was rejected
Itr 45, LL= -4557587.733692 (39.765757). Anneal status: T=5.85, dE=38.14, candidate was rejected
Itr 46, LL= -4557462.132199 (27.558766). Anneal status: T=5.85, dE=20.82, candidate was rejected
Itr 47, LL= -4557390.266604 (15.768775). Anneal status: T=5.85, dE=99.19, candidate was rejected
Itr 48, LL= -4557274.945829 (25.304125). Anneal status: T=3.90, dE=33.73, candidate was rejected
Itr 49, LL= -4557142.030956 (29.165428). Anneal status: T=3.90, dE=78.52, candidate was rejected
Itr 50, LL= -4557084.067791 (12.719192). Anneal status: T=3.90, dE=104.97, candidate was rejected
Itr 51, LL= -4557041.714393 (9.293969). Anneal status: T=3.90, dE=99.35, candidate was rejected
Itr 52, LL= -4556971.724707 (15.358579). Anneal status: T=3.90, dE=27.34, candidate was rejected
Itr 53, LL= -4556913.190320 (12.845019). Anneal status: T=1.95, dE=12.47, candidate was rejected
Itr 54, LL= -4556865.194517 (10.532525). Anneal status: T=1.95, dE=21.76, candidate was rejected
Itr 55, LL= -4556821.774742 (9.528431). Anneal status: T=1.95, dE=33.45, candidate was rejected
Itr 56, LL= -4556785.694070 (7.917947). Anneal status: T=1.95, dE=85.46, candidate was rejected
Itr 57, LL= -4556729.892691 (12.245777). Anneal status: T=1.95, dE=83.54, candidate was rejected
Itr 58, LL= -4556702.330564 (6.048664). Anneal status: T=0.00, dE=31.15, candidate was rejected
Itr 59, LL= -4556688.214219 (3.097930). Anneal status: T=0.00, dE=71.88, candidate was rejected
Itr 60, LL= -4556666.315071 (4.805935). Anneal status: T=0.00, dE=124.87, candidate was rejected
Itr 61, LL= -4556647.623177 (4.102098). Anneal status: T=0.00, dE=99.16, candidate was rejected
Itr 62, LL= -4556632.461078 (3.327468). Anneal status: T=0.00, dE=35.28, candidate was rejected
Itr 63, LL= -4556617.956275 (3.183229). Anneal status: T=0.00, dE=36.88, candidate was rejected
Itr 64, LL= -4556584.620942 (7.315806). Anneal status: T=0.00, dE=84.30, candidate was rejected
Itr 65, LL= -4556549.887279 (7.622741). Anneal status: T=0.00, dE=18.07, candidate was rejected
Itr 66, LL= -4556524.077013 (5.664432). Anneal status: T=0.00, dE=18.51, candidate was rejected
Itr 67, LL= -4556507.066966 (3.733119). Anneal status: T=0.00, dE=70.24, candidate was rejected
Itr 68, LL= -4556484.102019 (5.040033). Anneal status: T=0.00, dE=62.45, candidate was rejected
Itr 69, LL= -4556470.789773 (2.921605). Anneal status: T=0.00, dE=84.61, candidate was rejected
Itr 70, LL= -4556443.604702 (5.966256). Anneal status: T=0.00, dE=31.21, candidate was rejected
Itr 71, LL= -4556438.477089 (1.125354). Anneal status: T=0.00, dE=32.60, candidate was rejected
Itr 72, LL= -4556436.035565 (0.535840). Anneal status: T=0.00, dE=32.49, candidate was rejected
Itr 73, LL= -4556428.770079 (1.594555). Anneal status: T=0.00, dE=190.76, candidate was rejected
Itr 74, LL= -4556422.390085 (1.400218). Anneal status: T=0.00, dE=22.22, candidate was rejected
Itr 75, LL= -4556419.157636 (0.709427). Anneal status: T=0.00, dE=40.50, candidate was rejected
Itr 76, LL= -4556403.503471 (3.435629). Anneal status: T=0.00, dE=17.82, candidate was rejected
Itr 77, LL= -4556380.878664 (4.965497). Anneal status: T=0.00, dE=18.39, candidate was rejected
Itr 78, LL= -4556374.845827 (1.324041). Anneal status: T=0.00, dE=38.22, candidate was rejected
Itr 79, LL= -4556372.110705 (0.600285). Anneal status: T=0.00, dE=72.25, candidate was rejected
Itr 80, LL= -4556367.272299 (1.061899). Anneal status: T=0.00, dE=7.76, candidate was rejected
Itr 81, LL= -4556364.110781 (0.693868). Anneal status: T=0.00, dE=126.01, candidate was rejected
Itr 82, LL= -4556363.275062 (0.183418). Anneal status: T=0.00, dE=34.79, candidate was rejected
Itr 83, LL= -4556362.429732 (0.185527). Anneal status: T=0.00, dE=170.93, candidate was rejected
-- Annealing statistics:
Portion of times candidate was better: 0.000000
Portion of times candidate was chosen by chance: 0.036145
--
>> 