My SLURM_ARRAY_TASK_ID:  12

                            < M A T L A B (R) >
                  Copyright 1984-2014 The MathWorks, Inc.
                   R2014b (8.4.0.150421) 64-bit (glnxa64)
                             September 15, 2014

 
For online documentation, see http://www.mathworks.com/support
For product information, visit www.mathworks.com.
 
EM for 12 states, 131 emission nodes. 22 observed values.
            gibbs: 0
    nGibbsItrPcnt: 0.8000
     annealParams: {}
           maxItr: 500
      convergeEps: 1.0000e-06
           minItr: 5
       parametric: 0
        initprobs: []
      persistBias: 0
          obsVals: []

- Initalized simulated annealing with params:
                     type: 'linear'
    max_chance_accpetance: 0.2000
             min_duration: 5
        min_init_duration: 5
             max_duration: 11
              converge_th: 1.0000e-06

--
Itr 1, LL= -16558348.181630 (Inf). Anneal status: T=NaN, dE=658.83, collecting statistics
Itr 2, LL= -4782343.536712 (Inf). Anneal status: T=NaN, dE=-71.44, collecting statistics
Itr 3, LL= -4678741.154602 (Inf). Anneal status: T=NaN, dE=-2183.69, collecting statistics
Itr 4, LL= -4618125.135978 (12955.625588). Anneal status: T=NaN, dE=-359.30, collecting statistics
Itr 5, LL= -4592453.925607 (5558.794882). Anneal status: T=NaN, dE=-22.14, collecting statistics
Itr 6, LL= -4583021.598554 (2053.875163). Anneal status: T=NaN, dE=17.28, collecting statistics
Itr 7, LL= -4578446.841123 (998.196786). Anneal status: T=NaN, dE=11.92, collecting statistics
Itr 8, LL= -4576029.611623 (527.958407). Anneal status: T=8.56, dE=37.84, candidate was rejected
Itr 9, LL= -4574777.696336 (273.581116). Anneal status: T=8.56, dE=46.86, candidate was rejected
Itr 10, LL= -4574021.946304 (165.199291). Anneal status: T=8.56, dE=5.10, candidate was rejected
Itr 11, LL= -4573474.569304 (119.670829). Anneal status: T=8.56, dE=28.05, candidate was rejected
Itr 12, LL= -4573058.582174 (90.956476). Anneal status: T=8.56, dE=18.06, candidate was rejected
Itr 13, LL= -4572716.028932 (74.906813). Anneal status: T=7.71, dE=14.31, candidate was rejected
Itr 14, LL= -4572427.288217 (63.144248). Anneal status: T=7.71, dE=61.63, candidate was rejected
Itr 15, LL= -4572210.206441 (47.476266). Anneal status: T=7.71, dE=10.15, candidate was rejected
Itr 16, LL= -4572015.509391 (42.582699). Anneal status: T=7.71, dE=5.03, candidate was rejected
Itr 17, LL= -4571853.205313 (35.499459). Anneal status: T=7.71, dE=17.27, candidate was chosen by chance
Itr 18, LL= -4571677.700325 (38.388150). Anneal status: T=6.85, dE=3.85, candidate was chosen by chance
Itr 19, LL= -4571544.092008 (29.225227). Anneal status: T=6.85, dE=57.84, candidate was rejected
Itr 20, LL= -4571411.661368 (28.968471). Anneal status: T=6.85, dE=27.87, candidate was rejected
Itr 21, LL= -4571295.902415 (25.322365). Anneal status: T=6.85, dE=12.11, candidate was rejected
Itr 22, LL= -4571200.540184 (20.861093). Anneal status: T=6.85, dE=12.76, candidate was rejected
Itr 23, LL= -4571102.656636 (21.413094). Anneal status: T=5.99, dE=37.54, candidate was rejected
Itr 24, LL= -4571002.779622 (21.849655). Anneal status: T=5.99, dE=50.18, candidate was rejected
Itr 25, LL= -4570895.372876 (23.497414). Anneal status: T=5.99, dE=19.50, candidate was rejected
Itr 26, LL= -4570775.303020 (26.268345). Anneal status: T=5.99, dE=13.75, candidate was rejected
Itr 27, LL= -4570649.748212 (27.469040). Anneal status: T=5.99, dE=164.63, candidate was rejected
Itr 28, LL= -4570517.757647 (28.877856). Anneal status: T=5.14, dE=18.58, candidate was rejected
Itr 29, LL= -4570358.171726 (34.916377). Anneal status: T=5.14, dE=54.66, candidate was rejected
Itr 30, LL= -4570179.759011 (39.036922). Anneal status: T=5.14, dE=28.73, candidate was rejected
Itr 31, LL= -4569990.948289 (41.313631). Anneal status: T=5.14, dE=47.72, candidate was rejected
Itr 32, LL= -4569805.515978 (40.576078). Anneal status: T=5.14, dE=33.36, candidate was rejected
Itr 33, LL= -4569636.664951 (36.949281). Anneal status: T=4.28, dE=108.84, candidate was rejected
Itr 34, LL= -4569458.098726 (39.076679). Anneal status: T=4.28, dE=95.06, candidate was rejected
Itr 35, LL= -4569243.155978 (47.039002). Anneal status: T=4.28, dE=31.72, candidate was rejected
Itr 36, LL= -4568919.631356 (70.804860). Anneal status: T=4.28, dE=61.83, candidate was rejected
Itr 37, LL= -4568647.345193 (59.595306). Anneal status: T=4.28, dE=27.64, candidate was rejected
Itr 38, LL= -4568457.388831 (41.578250). Anneal status: T=3.43, dE=7.29, candidate was chosen by chance
Itr 39, LL= -4568308.107130 (32.676610). Anneal status: T=3.43, dE=15.48, candidate was rejected
Itr 40, LL= -4568206.887483 (22.156922). Anneal status: T=3.43, dE=43.78, candidate was rejected
Itr 41, LL= -4568137.649669 (15.156453). Anneal status: T=3.43, dE=71.69, candidate was rejected
Itr 42, LL= -4568068.416443 (15.155679). Anneal status: T=3.43, dE=7.01, candidate was rejected
Itr 43, LL= -4568018.426206 (10.943408). Anneal status: T=2.57, dE=6.95, candidate was rejected
Itr 44, LL= -4567978.597523 (8.719028). Anneal status: T=2.57, dE=55.20, candidate was rejected
Itr 45, LL= -4567932.917139 (10.000131). Anneal status: T=2.57, dE=36.85, candidate was rejected
Itr 46, LL= -4567893.092611 (8.718282). Anneal status: T=2.57, dE=21.07, candidate was rejected
Itr 47, LL= -4567859.067825 (7.448683). Anneal status: T=2.57, dE=19.32, candidate was rejected
Itr 48, LL= -4567813.065323 (10.070911). Anneal status: T=1.71, dE=1.03, candidate was rejected
Itr 49, LL= -4567769.545079 (9.527589). Anneal status: T=1.71, dE=5.36, candidate was chosen by chance
Itr 50, LL= -4567719.591635 (10.936069). Anneal status: T=1.71, dE=25.13, candidate was rejected
Itr 51, LL= -4567683.357162 (7.932727). Anneal status: T=1.71, dE=17.03, candidate was rejected
Itr 52, LL= -4567636.583142 (10.240206). Anneal status: T=1.71, dE=4.51, candidate was rejected
Itr 53, LL= -4567569.247175 (14.741971). Anneal status: T=0.86, dE=18.00, candidate was rejected
Itr 54, LL= -4567504.314787 (14.215961). Anneal status: T=0.86, dE=77.75, candidate was rejected
Itr 55, LL= -4567433.200548 (15.569605). Anneal status: T=0.86, dE=28.49, candidate was rejected
Itr 56, LL= -4567381.522655 (11.314428). Anneal status: T=0.86, dE=17.59, candidate was rejected
Itr 57, LL= -4567320.627925 (13.332525). Anneal status: T=0.86, dE=55.16, candidate was rejected
Itr 58, LL= -4567266.198064 (11.917241). Anneal status: T=0.00, dE=8.39, candidate was rejected
Itr 59, LL= -4567214.620242 (11.292931). Anneal status: T=0.00, dE=7.90, candidate was rejected
Itr 60, LL= -4567157.021042 (12.611450). Anneal status: T=0.00, dE=18.42, candidate was rejected
Itr 61, LL= -4567085.201125 (15.725301). Anneal status: T=0.00, dE=38.54, candidate was rejected
Itr 62, LL= -4567031.109414 (11.843815). Anneal status: T=0.00, dE=15.85, candidate was rejected
Itr 63, LL= -4566981.634032 (10.833161). Anneal status: T=0.00, dE=7.76, candidate was rejected
Itr 64, LL= -4566923.652677 (12.695771). Anneal status: T=0.00, dE=8.87, candidate was rejected
Itr 65, LL= -4566862.601842 (13.368044). Anneal status: T=0.00, dE=6.12, candidate was rejected
Itr 66, LL= -4566801.286911 (13.426051). Anneal status: T=0.00, dE=58.79, candidate was rejected
Itr 67, LL= -4566741.350063 (13.124470). Anneal status: T=0.00, dE=239.99, candidate was rejected
Itr 68, LL= -4566695.456082 (10.049613). Anneal status: T=0.00, dE=14.01, candidate was rejected
Itr 69, LL= -4566607.303313 (19.303404). Anneal status: T=0.00, dE=2.05, candidate was rejected
Itr 70, LL= -4566514.268964 (20.372750). Anneal status: T=0.00, dE=6.32, candidate was rejected
Itr 71, LL= -4566467.651950 (10.208446). Anneal status: T=0.00, dE=17.16, candidate was rejected
Itr 72, LL= -4566428.341358 (8.608534). Anneal status: T=0.00, dE=68.26, candidate was rejected
Itr 73, LL= -4566357.532657 (15.506364). Anneal status: T=0.00, dE=22.88, candidate was rejected
Itr 74, LL= -4566270.119150 (19.142940). Anneal status: T=0.00, dE=30.74, candidate was rejected
Itr 75, LL= -4566226.019686 (9.657656). Anneal status: T=0.00, dE=100.45, candidate was rejected
Itr 76, LL= -4566185.485055 (8.877053). Anneal status: T=0.00, dE=14.29, candidate was rejected
Itr 77, LL= -4566146.259089 (8.590533). Anneal status: T=0.00, dE=23.14, candidate was rejected
Itr 78, LL= -4566116.331451 (6.554244). Anneal status: T=0.00, dE=60.52, candidate was rejected
Itr 79, LL= -4566079.534843 (8.058623). Anneal status: T=0.00, dE=3.96, candidate was rejected
Itr 80, LL= -4566052.398628 (5.943001). Anneal status: T=0.00, dE=13.05, candidate was rejected
Itr 81, LL= -4566024.524304 (6.104688). Anneal status: T=0.00, dE=15.53, candidate was rejected
Itr 82, LL= -4565983.151192 (9.061080). Anneal status: T=0.00, dE=33.60, candidate was rejected
Itr 83, LL= -4565935.832248 (10.363364). Anneal status: T=0.00, dE=53.11, candidate was rejected
Itr 84, LL= -4565890.377726 (9.955138). Anneal status: T=0.00, dE=14.08, candidate was rejected
Itr 85, LL= -4565848.990114 (9.064521). Anneal status: T=0.00, dE=8.32, candidate was rejected
Itr 86, LL= -4565782.358040 (14.593578). Anneal status: T=0.00, dE=40.75, candidate was rejected
Itr 87, LL= -4565767.534991 (3.246552). Anneal status: T=0.00, dE=74.74, candidate was rejected
Itr 88, LL= -4565757.377560 (2.224693). Anneal status: T=0.00, dE=21.62, candidate was rejected
Itr 89, LL= -4565747.584491 (2.144895). Anneal status: T=0.00, dE=33.12, candidate was rejected
Itr 90, LL= -4565733.553301 (3.073142). Anneal status: T=0.00, dE=70.49, candidate was rejected
Itr 91, LL= -4565725.675425 (1.725435). Anneal status: T=0.00, dE=34.64, candidate was rejected
Itr 92, LL= -4565719.014327 (1.458935). Anneal status: T=0.00, dE=9.40, candidate was rejected
Itr 93, LL= -4565702.099499 (3.704746). Anneal status: T=0.00, dE=40.79, candidate was rejected
Itr 94, LL= -4565666.772501 (7.737473). Anneal status: T=0.00, dE=59.24, candidate was rejected
Itr 95, LL= -4565612.133386 (11.967390). Anneal status: T=0.00, dE=5.29, candidate was rejected
Itr 96, LL= -4565578.216867 (7.428690). Anneal status: T=0.00, dE=96.96, candidate was rejected
Itr 97, LL= -4565521.786795 (12.359896). Anneal status: T=0.00, dE=6.72, candidate was rejected
Itr 98, LL= -4565511.426033 (2.269349). Anneal status: T=0.00, dE=19.26, candidate was rejected
Itr 99, LL= -4565498.958047 (2.730907). Anneal status: T=0.00, dE=36.83, candidate was rejected
Itr 100, LL= -4565493.096754 (1.283823). Anneal status: T=0.00, dE=73.75, candidate was rejected
Itr 101, LL= -4565488.636949 (0.976851). Anneal status: T=0.00, dE=56.31, candidate was rejected
Itr 102, LL= -4565482.184480 (1.413314). Anneal status: T=0.00, dE=27.26, candidate was rejected
Itr 103, LL= -4565471.960903 (2.239320). Anneal status: T=0.00, dE=58.43, candidate was rejected
Itr 104, LL= -4565443.263355 (6.285779). Anneal status: T=0.00, dE=4.43, candidate was rejected
Itr 105, LL= -4565433.361005 (2.168979). Anneal status: T=0.00, dE=14.58, candidate was rejected
Itr 106, LL= -4565431.588287 (0.388291). Anneal status: T=0.00, dE=25.30, candidate was rejected
Itr 107, LL= -4565430.718259 (0.190569). Anneal status: T=0.00, dE=25.20, candidate was rejected
Itr 108, LL= -4565430.027382 (0.151328). Anneal status: T=0.00, dE=22.35, candidate was rejected
-- Annealing statistics:
Portion of times candidate was better: 0.000000
Portion of times candidate was chosen by chance: 0.037037
--
EM for 12 states, 131 emission nodes. 22 observed values.
            gibbs: 0
    nGibbsItrPcnt: 0.8000
     annealParams: {}
           maxItr: 500
      convergeEps: 1.0000e-06
           minItr: 5
       parametric: 0
        initprobs: []
      persistBias: 0
          obsVals: []

- Initalized simulated annealing with params:
                     type: 'linear'
    max_chance_accpetance: 0.2000
             min_duration: 5
        min_init_duration: 5
             max_duration: 11
              converge_th: 1.0000e-06

--
Itr 1, LL= -16376182.273303 (Inf). Anneal status: T=NaN, dE=-1032.90, collecting statistics
Itr 2, LL= -4789310.805695 (Inf). Anneal status: T=NaN, dE=-301.49, collecting statistics
Itr 3, LL= -4686142.476791 (Inf). Anneal status: T=NaN, dE=-502.26, collecting statistics
Itr 4, LL= -4606695.894776 (16953.513985). Anneal status: T=NaN, dE=-129.90, collecting statistics
Itr 5, LL= -4576413.798090 (6573.495924). Anneal status: T=NaN, dE=-73.73, collecting statistics
Itr 6, LL= -4563681.615325 (2782.131015). Anneal status: T=NaN, dE=89.84, collecting statistics
Itr 7, LL= -4557320.793763 (1393.791701). Anneal status: T=NaN, dE=107.54, collecting statistics
Itr 8, LL= -4553487.158089 (841.203823). Anneal status: T=NaN, dE=62.84, collecting statistics
Itr 9, LL= -4551078.825739 (528.898461). Anneal status: T=28.57, dE=41.02, candidate was rejected
Itr 10, LL= -4549391.188208 (370.821424). Anneal status: T=28.57, dE=69.13, candidate was rejected
Itr 11, LL= -4548236.865132 (253.731330). Anneal status: T=28.57, dE=42.55, candidate was chosen by chance
Itr 12, LL= -4547303.222945 (205.275630). Anneal status: T=28.57, dE=74.93, candidate was rejected
Itr 13, LL= -4546628.815851 (148.309242). Anneal status: T=28.57, dE=41.28, candidate was rejected
Itr 14, LL= -4546079.330231 (120.855615). Anneal status: T=25.71, dE=42.43, candidate was rejected
Itr 15, LL= -4545711.026503 (81.015684). Anneal status: T=25.71, dE=87.15, candidate was rejected
Itr 16, LL= -4545433.699424 (61.008515). Anneal status: T=25.71, dE=30.37, candidate was rejected
Itr 17, LL= -4545226.000613 (45.693948). Anneal status: T=25.71, dE=37.67, candidate was chosen by chance
Itr 18, LL= -4544953.460805 (59.961772). Anneal status: T=25.71, dE=15.73, candidate was rejected
Itr 19, LL= -4544742.717426 (46.368655). Anneal status: T=22.85, dE=16.37, candidate was rejected
Itr 20, LL= -4544555.072986 (41.288243). Anneal status: T=22.85, dE=74.17, candidate was rejected
Itr 21, LL= -4544431.815067 (27.122109). Anneal status: T=22.85, dE=23.33, candidate was chosen by chance
Itr 22, LL= -4544275.401445 (34.418741). Anneal status: T=22.85, dE=51.63, candidate was rejected
Itr 23, LL= -4544156.128064 (26.246953). Anneal status: T=22.85, dE=43.69, candidate was rejected
Itr 24, LL= -4544054.287203 (22.411391). Anneal status: T=20.00, dE=27.15, candidate was rejected
Itr 25, LL= -4543946.307910 (23.762765). Anneal status: T=20.00, dE=34.41, candidate was rejected
Itr 26, LL= -4543827.877741 (26.063285). Anneal status: T=20.00, dE=185.53, candidate was rejected
Itr 27, LL= -4543743.969846 (18.466345). Anneal status: T=20.00, dE=32.24, candidate was rejected
Itr 28, LL= -4543679.087110 (14.279576). Anneal status: T=20.00, dE=7.33, candidate was rejected
Itr 29, LL= -4543605.825746 (16.123798). Anneal status: T=17.14, dE=47.35, candidate was rejected
Itr 30, LL= -4543549.654775 (12.362642). Anneal status: T=17.14, dE=112.06, candidate was rejected
Itr 31, LL= -4543513.165451 (8.031017). Anneal status: T=17.14, dE=53.03, candidate was rejected
Itr 32, LL= -4543477.403849 (7.870914). Anneal status: T=17.14, dE=233.30, candidate was rejected
Itr 33, LL= -4543426.147091 (11.281394). Anneal status: T=17.14, dE=108.05, candidate was rejected
Itr 34, LL= -4543382.306377 (9.649263). Anneal status: T=14.28, dE=36.66, candidate was rejected
Itr 35, LL= -4543345.588560 (8.081604). Anneal status: T=14.28, dE=28.46, candidate was rejected
Itr 36, LL= -4543308.797127 (8.097872). Anneal status: T=14.28, dE=17.86, candidate was rejected
Itr 37, LL= -4543281.058668 (6.105343). Anneal status: T=14.28, dE=88.97, candidate was rejected
Itr 38, LL= -4543260.405330 (4.545908). Anneal status: T=14.28, dE=51.31, candidate was rejected
Itr 39, LL= -4543240.359040 (4.412314). Anneal status: T=11.43, dE=11.10, candidate was chosen by chance
Itr 40, LL= -4543202.737867 (8.280692). Anneal status: T=11.43, dE=9.08, candidate was chosen by chance
Itr 41, LL= -4543168.945543 (7.437996). Anneal status: T=11.43, dE=47.98, candidate was rejected
Itr 42, LL= -4543153.080298 (3.492110). Anneal status: T=11.43, dE=39.58, candidate was rejected
Itr 43, LL= -4543127.281456 (5.678621). Anneal status: T=11.43, dE=24.73, candidate was rejected
Itr 44, LL= -4543100.030051 (5.998380). Anneal status: T=8.57, dE=143.17, candidate was rejected
Itr 45, LL= -4543085.424591 (3.214866). Anneal status: T=8.57, dE=30.03, candidate was rejected
Itr 46, LL= -4543063.323226 (4.864836). Anneal status: T=8.57, dE=33.29, candidate was rejected
Itr 47, LL= -4543048.249629 (3.317937). Anneal status: T=8.57, dE=56.60, candidate was rejected
Itr 48, LL= -4543032.012175 (3.574132). Anneal status: T=8.57, dE=26.76, candidate was rejected
Itr 49, LL= -4543011.202940 (4.580473). Anneal status: T=5.71, dE=81.46, candidate was rejected
Itr 50, LL= -4542993.222117 (3.957909). Anneal status: T=5.71, dE=47.76, candidate was rejected
Itr 51, LL= -4542977.489069 (3.463146). Anneal status: T=5.71, dE=27.93, candidate was rejected
Itr 52, LL= -4542963.920921 (2.986620). Anneal status: T=5.71, dE=23.84, candidate was rejected
Itr 53, LL= -4542942.956737 (4.614649). Anneal status: T=5.71, dE=17.09, candidate was rejected
Itr 54, LL= -4542933.192355 (2.149352). Anneal status: T=2.86, dE=20.01, candidate was rejected
Itr 55, LL= -4542927.359444 (1.283953). Anneal status: T=2.86, dE=47.46, candidate was rejected
Itr 56, LL= -4542918.758863 (1.893180). Anneal status: T=2.86, dE=53.01, candidate was rejected
Itr 57, LL= -4542913.481844 (1.161592). Anneal status: T=2.86, dE=58.28, candidate was rejected
Itr 58, LL= -4542905.147538 (1.834573). Anneal status: T=2.86, dE=49.95, candidate was rejected
Itr 59, LL= -4542893.895346 (2.476871). Anneal status: T=0.00, dE=186.28, candidate was rejected
Itr 60, LL= -4542884.608522 (2.044253). Anneal status: T=0.00, dE=80.95, candidate was rejected
Itr 61, LL= -4542878.987898 (1.237237). Anneal status: T=0.00, dE=9.26, candidate was rejected
Itr 62, LL= -4542870.415507 (1.886995). Anneal status: T=0.00, dE=87.77, candidate was rejected
Itr 63, LL= -4542863.176348 (1.593521). Anneal status: T=0.00, dE=69.22, candidate was rejected
Itr 64, LL= -4542860.186248 (0.658197). Anneal status: T=0.00, dE=48.20, candidate was rejected
Itr 65, LL= -4542856.348689 (0.844745). Anneal status: T=0.00, dE=20.64, candidate was rejected
Itr 66, LL= -4542849.890110 (1.421700). Anneal status: T=0.00, dE=50.08, candidate was rejected
Itr 67, LL= -4542811.962238 (8.348916). Anneal status: T=0.00, dE=17.87, candidate was rejected
Itr 68, LL= -4542803.918068 (1.770747). Anneal status: T=0.00, dE=32.66, candidate was rejected
Itr 69, LL= -4542800.377254 (0.779434). Anneal status: T=0.00, dE=47.84, candidate was rejected
Itr 70, LL= -4542792.583851 (1.715550). Anneal status: T=0.00, dE=47.07, candidate was rejected
Itr 71, LL= -4542788.960000 (0.797714). Anneal status: T=0.00, dE=33.85, candidate was rejected
Itr 72, LL= -4542785.603974 (0.738759). Anneal status: T=0.00, dE=33.44, candidate was rejected
Itr 73, LL= -4542782.150124 (0.760293). Anneal status: T=0.00, dE=44.56, candidate was rejected
-- Annealing statistics:
Portion of times candidate was better: 0.000000
Portion of times candidate was chosen by chance: 0.068493
--
EM for 12 states, 131 emission nodes. 22 observed values.
            gibbs: 0
    nGibbsItrPcnt: 0.8000
     annealParams: {}
           maxItr: 500
      convergeEps: 1.0000e-06
           minItr: 5
       parametric: 0
        initprobs: []
      persistBias: 0
          obsVals: []

- Initalized simulated annealing with params:
                     type: 'linear'
    max_chance_accpetance: 0.2000
             min_duration: 5
        min_init_duration: 5
             max_duration: 11
              converge_th: 1.0000e-06

--
Itr 1, LL= -16556287.766879 (Inf). Anneal status: T=NaN, dE=-345.54, collecting statistics
Itr 2, LL= -4775017.549711 (Inf). Anneal status: T=NaN, dE=-63.95, collecting statistics
Itr 3, LL= -4653076.375934 (Inf). Anneal status: T=NaN, dE=-901.44, collecting statistics
Itr 4, LL= -4591467.686872 (13240.420764). Anneal status: T=NaN, dE=-414.46, collecting statistics
Itr 5, LL= -4570172.811472 (4637.923395). Anneal status: T=NaN, dE=26.34, collecting statistics
Itr 6, LL= -4561914.327660 (1807.039723). Anneal status: T=NaN, dE=-34.66, collecting statistics
Itr 7, LL= -4558018.217177 (854.051655). Anneal status: T=NaN, dE=144.16, collecting statistics
Itr 8, LL= -4555769.909285 (493.264350). Anneal status: T=NaN, dE=25.45, collecting statistics
Itr 9, LL= -4554252.949962 (332.975403). Anneal status: T=8.04, dE=24.96, candidate was rejected
Itr 10, LL= -4553142.756538 (243.770699). Anneal status: T=8.04, dE=40.66, candidate was chosen by chance
Itr 11, LL= -4552153.970383 (217.165639). Anneal status: T=8.04, dE=67.16, candidate was rejected
Itr 12, LL= -4551315.339650 (184.227234). Anneal status: T=8.04, dE=41.57, candidate was rejected
Itr 13, LL= -4550611.037135 (154.747026). Anneal status: T=8.04, dE=48.52, candidate was rejected
Itr 14, LL= -4550011.281863 (131.796646). Anneal status: T=7.24, dE=102.72, candidate was rejected
Itr 15, LL= -4549534.519150 (104.782754). Anneal status: T=7.24, dE=13.10, candidate was chosen by chance
Itr 16, LL= -4549108.370226 (93.668687). Anneal status: T=7.24, dE=30.56, candidate was rejected
Itr 17, LL= -4548764.226269 (75.650859). Anneal status: T=7.24, dE=8.76, candidate was rejected
Itr 18, LL= -4548457.071063 (67.524978). Anneal status: T=7.24, dE=83.65, candidate was rejected
Itr 19, LL= -4548177.605574 (61.441822). Anneal status: T=6.44, dE=137.17, candidate was rejected
Itr 20, LL= -4547909.107818 (59.034140). Anneal status: T=6.44, dE=14.75, candidate was rejected
Itr 21, LL= -4547700.534830 (45.861292). Anneal status: T=6.44, dE=56.53, candidate was rejected
Itr 22, LL= -4547513.306503 (41.169889). Anneal status: T=6.44, dE=38.95, candidate was rejected
Itr 23, LL= -4547327.779554 (40.797450). Anneal status: T=6.44, dE=23.91, candidate was rejected
Itr 24, LL= -4547130.404511 (43.404622). Anneal status: T=5.63, dE=61.69, candidate was rejected
Itr 25, LL= -4546954.533076 (38.677456). Anneal status: T=5.63, dE=17.45, candidate was chosen by chance
Itr 26, LL= -4546737.514660 (47.728301). Anneal status: T=5.63, dE=73.67, candidate was rejected
Itr 27, LL= -4546523.638675 (47.039440). Anneal status: T=5.63, dE=49.48, candidate was rejected
Itr 28, LL= -4546343.803406 (39.554456). Anneal status: T=5.63, dE=23.45, candidate was rejected
Itr 29, LL= -4546189.112927 (34.025249). Anneal status: T=4.83, dE=122.97, candidate was rejected
Itr 30, LL= -4546057.292513 (28.995805). Anneal status: T=4.83, dE=28.80, candidate was rejected
Itr 31, LL= -4545935.659793 (26.755650). Anneal status: T=4.83, dE=73.97, candidate was rejected
Itr 32, LL= -4545805.916155 (28.540580). Anneal status: T=4.83, dE=24.26, candidate was rejected
Itr 33, LL= -4545703.358953 (22.560840). Anneal status: T=4.83, dE=44.13, candidate was rejected
Itr 34, LL= -4545597.970380 (23.184217). Anneal status: T=4.02, dE=35.49, candidate was rejected
Itr 35, LL= -4545516.996653 (17.813658). Anneal status: T=4.02, dE=31.10, candidate was rejected
Itr 36, LL= -4545450.560647 (14.615721). Anneal status: T=4.02, dE=24.89, candidate was rejected
Itr 37, LL= -4545399.820324 (11.162881). Anneal status: T=4.02, dE=75.20, candidate was rejected
Itr 38, LL= -4545338.657653 (13.455950). Anneal status: T=4.02, dE=116.74, candidate was rejected
Itr 39, LL= -4545284.938462 (11.818523). Anneal status: T=3.22, dE=18.06, candidate was rejected
Itr 40, LL= -4545229.395040 (12.220009). Anneal status: T=3.22, dE=85.10, candidate was rejected
Itr 41, LL= -4545192.261354 (8.169816). Anneal status: T=3.22, dE=12.52, candidate was rejected
Itr 42, LL= -4545157.878856 (7.564586). Anneal status: T=3.22, dE=52.29, candidate was rejected
Itr 43, LL= -4545120.612943 (8.199036). Anneal status: T=3.22, dE=49.48, candidate was rejected
Itr 44, LL= -4545089.875682 (6.762694). Anneal status: T=2.41, dE=86.32, candidate was rejected
Itr 45, LL= -4545062.737939 (5.970783). Anneal status: T=2.41, dE=52.76, candidate was rejected
Itr 46, LL= -4545031.416339 (6.891346). Anneal status: T=2.41, dE=29.95, candidate was rejected
Itr 47, LL= -4545001.973155 (6.478104). Anneal status: T=2.41, dE=55.06, candidate was rejected
Itr 48, LL= -4544969.811833 (7.076195). Anneal status: T=2.41, dE=92.04, candidate was rejected
Itr 49, LL= -4544944.547077 (5.558839). Anneal status: T=1.61, dE=44.67, candidate was rejected
Itr 50, LL= -4544918.948034 (5.632421). Anneal status: T=1.61, dE=27.66, candidate was rejected
Itr 51, LL= -4544891.926641 (5.945407). Anneal status: T=1.61, dE=64.58, candidate was rejected
Itr 52, LL= -4544871.830899 (4.421611). Anneal status: T=1.61, dE=32.10, candidate was rejected
Itr 53, LL= -4544850.616709 (4.667720). Anneal status: T=1.61, dE=129.09, candidate was rejected
Itr 54, LL= -4544827.835867 (5.012451). Anneal status: T=0.80, dE=120.36, candidate was rejected
Itr 55, LL= -4544800.516989 (6.010982). Anneal status: T=0.80, dE=11.73, candidate was rejected
Itr 56, LL= -4544773.096628 (6.033348). Anneal status: T=0.80, dE=59.46, candidate was rejected
Itr 57, LL= -4544744.865809 (6.211711). Anneal status: T=0.80, dE=9.54, candidate was rejected
Itr 58, LL= -4544716.621623 (6.214691). Anneal status: T=0.80, dE=17.76, candidate was rejected
Itr 59, LL= -4544688.331653 (6.224804). Anneal status: T=0.00, dE=58.38, candidate was rejected
Itr 60, LL= -4544658.890333 (6.478182). Anneal status: T=0.00, dE=29.81, candidate was rejected
Itr 61, LL= -4544627.007764 (7.015393). Anneal status: T=0.00, dE=18.72, candidate was rejected
Itr 62, LL= -4544591.727254 (7.763125). Anneal status: T=0.00, dE=70.84, candidate was rejected
Itr 63, LL= -4544558.001844 (7.420999). Anneal status: T=0.00, dE=35.62, candidate was rejected
Itr 64, LL= -4544526.984270 (6.825213). Anneal status: T=0.00, dE=73.19, candidate was rejected
Itr 65, LL= -4544486.261088 (8.960928). Anneal status: T=0.00, dE=76.89, candidate was rejected
Itr 66, LL= -4544454.798872 (6.923162). Anneal status: T=0.00, dE=41.67, candidate was rejected
Itr 67, LL= -4544422.037720 (7.209039). Anneal status: T=0.00, dE=23.13, candidate was rejected
Itr 68, LL= -4544391.437354 (6.733610). Anneal status: T=0.00, dE=39.40, candidate was rejected
Itr 69, LL= -4544357.774210 (7.407624). Anneal status: T=0.00, dE=21.90, candidate was rejected
Itr 70, LL= -4544319.774030 (8.362057). Anneal status: T=0.00, dE=22.24, candidate was rejected
Itr 71, LL= -4544288.258461 (6.935156). Anneal status: T=0.00, dE=40.92, candidate was rejected
Itr 72, LL= -4544254.805978 (7.361435). Anneal status: T=0.00, dE=31.71, candidate was rejected
Itr 73, LL= -4544222.687869 (7.067849). Anneal status: T=0.00, dE=20.46, candidate was rejected
Itr 74, LL= -4544190.081257 (7.175399). Anneal status: T=0.00, dE=21.56, candidate was rejected
Itr 75, LL= -4544163.970787 (5.745902). Anneal status: T=0.00, dE=54.08, candidate was rejected
Itr 76, LL= -4544139.206759 (5.449633). Anneal status: T=0.00, dE=163.50, candidate was rejected
Itr 77, LL= -4544114.173076 (5.509004). Anneal status: T=0.00, dE=33.90, candidate was rejected
Itr 78, LL= -4544084.899272 (6.442137). Anneal status: T=0.00, dE=49.25, candidate was rejected
Itr 79, LL= -4544045.742370 (8.617115). Anneal status: T=0.00, dE=9.92, candidate was rejected
Itr 80, LL= -4544023.565410 (4.880444). Anneal status: T=0.00, dE=99.62, candidate was rejected
Itr 81, LL= -4544002.156190 (4.711512). Anneal status: T=0.00, dE=46.90, candidate was rejected
Itr 82, LL= -4543985.260660 (3.718205). Anneal status: T=0.00, dE=43.57, candidate was rejected
Itr 83, LL= -4543970.563532 (3.234414). Anneal status: T=0.00, dE=22.14, candidate was rejected
Itr 84, LL= -4543958.728542 (2.604548). Anneal status: T=0.00, dE=52.68, candidate was rejected
Itr 85, LL= -4543949.789243 (1.967293). Anneal status: T=0.00, dE=23.91, candidate was rejected
Itr 86, LL= -4543940.591340 (2.024209). Anneal status: T=0.00, dE=16.68, candidate was rejected
Itr 87, LL= -4543932.502862 (1.780058). Anneal status: T=0.00, dE=10.91, candidate was rejected
Itr 88, LL= -4543922.286901 (2.248264). Anneal status: T=0.00, dE=29.80, candidate was rejected
Itr 89, LL= -4543913.234505 (1.992199). Anneal status: T=0.00, dE=66.49, candidate was rejected
Itr 90, LL= -4543907.368904 (1.290870). Anneal status: T=0.00, dE=19.80, candidate was rejected
Itr 91, LL= -4543903.698142 (0.807843). Anneal status: T=0.00, dE=55.36, candidate was rejected
Itr 92, LL= -4543899.294462 (0.969140). Anneal status: T=0.00, dE=48.07, candidate was rejected
Itr 93, LL= -4543895.427671 (0.850985). Anneal status: T=0.00, dE=35.33, candidate was rejected
-- Annealing statistics:
Portion of times candidate was better: 0.000000
Portion of times candidate was chosen by chance: 0.032258
--
EM for 12 states, 131 emission nodes. 22 observed values.
            gibbs: 0
    nGibbsItrPcnt: 0.8000
     annealParams: {}
           maxItr: 500
      convergeEps: 1.0000e-06
           minItr: 5
       parametric: 0
        initprobs: []
      persistBias: 0
          obsVals: []

- Initalized simulated annealing with params:
                     type: 'linear'
    max_chance_accpetance: 0.2000
             min_duration: 5
        min_init_duration: 5
             max_duration: 11
              converge_th: 1.0000e-06

--
Itr 1, LL= -16466453.073149 (Inf). Anneal status: T=NaN, dE=244.79, collecting statistics
Itr 2, LL= -4774467.749391 (Inf). Anneal status: T=NaN, dE=-248.95, collecting statistics
Itr 3, LL= -4668824.615462 (Inf). Anneal status: T=NaN, dE=-60.70, collecting statistics
Itr 4, LL= -4609804.345706 (12641.355077). Anneal status: T=NaN, dE=14.00, collecting statistics
Itr 5, LL= -4581709.743110 (6094.532542). Anneal status: T=NaN, dE=-43.14, collecting statistics
Itr 6, LL= -4568347.616617 (2916.406155). Anneal status: T=NaN, dE=-1.21, collecting statistics
Itr 7, LL= -4562984.885997 (1173.888476). Anneal status: T=NaN, dE=51.91, collecting statistics
Itr 8, LL= -4559863.470907 (684.073072). Anneal status: T=10.24, dE=7.26, candidate was rejected
Itr 9, LL= -4557851.819477 (441.164838). Anneal status: T=10.24, dE=85.46, candidate was rejected
Itr 10, LL= -4556404.709487 (317.498253). Anneal status: T=10.24, dE=10.47, candidate was rejected
Itr 11, LL= -4555327.516318 (236.412970). Anneal status: T=10.24, dE=16.78, candidate was chosen by chance
Itr 12, LL= -4554438.908227 (195.070077). Anneal status: T=10.24, dE=33.34, candidate was rejected
Itr 13, LL= -4553693.086231 (163.757163). Anneal status: T=9.21, dE=43.67, candidate was rejected
Itr 14, LL= -4553029.421844 (145.742011). Anneal status: T=9.21, dE=56.27, candidate was rejected
Itr 15, LL= -4552495.448838 (117.278620). Anneal status: T=9.21, dE=47.50, candidate was rejected
Itr 16, LL= -4552060.589776 (95.521032). Anneal status: T=9.21, dE=48.17, candidate was rejected
Itr 17, LL= -4551688.160149 (81.815613). Anneal status: T=9.21, dE=47.36, candidate was rejected
Itr 18, LL= -4551319.909557 (80.904179). Anneal status: T=8.19, dE=21.70, candidate was rejected
Itr 19, LL= -4551019.654113 (65.971070). Anneal status: T=8.19, dE=43.36, candidate was rejected
Itr 20, LL= -4550789.577135 (50.555039). Anneal status: T=8.19, dE=22.41, candidate was rejected
Itr 21, LL= -4550607.600683 (39.987885). Anneal status: T=8.19, dE=37.62, candidate was rejected
Itr 22, LL= -4550405.568529 (44.396743). Anneal status: T=8.19, dE=45.99, candidate was rejected
Itr 23, LL= -4550249.822163 (34.226920). Anneal status: T=7.17, dE=23.79, candidate was rejected
Itr 24, LL= -4550147.113510 (22.572091). Anneal status: T=7.17, dE=171.33, candidate was rejected
Itr 25, LL= -4550074.676529 (15.919701). Anneal status: T=7.17, dE=68.81, candidate was rejected
Itr 26, LL= -4550011.963888 (13.782772). Anneal status: T=7.17, dE=11.77, candidate was rejected
Itr 27, LL= -4549967.521229 (9.767592). Anneal status: T=7.17, dE=30.52, candidate was rejected
Itr 28, LL= -4549910.306029 (12.574859). Anneal status: T=6.14, dE=6.23, candidate was rejected
Itr 29, LL= -4549823.448174 (19.090015). Anneal status: T=6.14, dE=27.43, candidate was rejected
Itr 30, LL= -4549774.448749 (10.769522). Anneal status: T=6.14, dE=60.81, candidate was rejected
Itr 31, LL= -4549744.507010 (6.580928). Anneal status: T=6.14, dE=21.54, candidate was rejected
Itr 32, LL= -4549719.915339 (5.405066). Anneal status: T=6.14, dE=13.28, candidate was rejected
Itr 33, LL= -4549693.768132 (5.746993). Anneal status: T=5.12, dE=21.70, candidate was rejected
Itr 34, LL= -4549663.296456 (6.697522). Anneal status: T=5.12, dE=10.76, candidate was rejected
Itr 35, LL= -4549619.866119 (9.545835). Anneal status: T=5.12, dE=48.57, candidate was rejected
Itr 36, LL= -4549591.851206 (6.157638). Anneal status: T=5.12, dE=76.26, candidate was rejected
Itr 37, LL= -4549575.005783 (3.702623). Anneal status: T=5.12, dE=25.02, candidate was rejected
Itr 38, LL= -4549555.570250 (4.271945). Anneal status: T=4.10, dE=54.21, candidate was rejected
Itr 39, LL= -4549540.657521 (3.277843). Anneal status: T=4.10, dE=159.04, candidate was rejected
Itr 40, LL= -4549520.928146 (4.336564). Anneal status: T=4.10, dE=58.96, candidate was rejected
Itr 41, LL= -4549504.852044 (3.533581). Anneal status: T=4.10, dE=42.90, candidate was rejected
Itr 42, LL= -4549484.843490 (4.397963). Anneal status: T=4.10, dE=9.46, candidate was rejected
Itr 43, LL= -4549465.678770 (4.212503). Anneal status: T=3.07, dE=43.86, candidate was rejected
Itr 44, LL= -4549452.399915 (2.918772). Anneal status: T=3.07, dE=19.66, candidate was rejected
Itr 45, LL= -4549443.315742 (1.996762). Anneal status: T=3.07, dE=146.66, candidate was rejected
Itr 46, LL= -4549434.831888 (1.864811). Anneal status: T=3.07, dE=118.25, candidate was rejected
Itr 47, LL= -4549427.859708 (1.532538). Anneal status: T=3.07, dE=83.65, candidate was rejected
Itr 48, LL= -4549417.866256 (2.196639). Anneal status: T=2.05, dE=20.65, candidate was rejected
Itr 49, LL= -4549408.385858 (2.083871). Anneal status: T=2.05, dE=23.74, candidate was rejected
Itr 50, LL= -4549397.215217 (2.455405). Anneal status: T=2.05, dE=35.86, candidate was rejected
Itr 51, LL= -4549390.278544 (1.524745). Anneal status: T=2.05, dE=46.48, candidate was rejected
Itr 52, LL= -4549384.902489 (1.181709). Anneal status: T=2.05, dE=21.34, candidate was rejected
Itr 53, LL= -4549381.249437 (0.802977). Anneal status: T=1.02, dE=14.25, candidate was rejected
Itr 54, LL= -4549376.495162 (1.045038). Anneal status: T=1.02, dE=70.26, candidate was rejected
Itr 55, LL= -4549373.811350 (0.589930). Anneal status: T=1.02, dE=28.51, candidate was rejected
Itr 56, LL= -4549372.171758 (0.360399). Anneal status: T=1.02, dE=80.62, candidate was rejected
Itr 57, LL= -4549370.337412 (0.403209). Anneal status: T=1.02, dE=28.07, candidate was rejected
-- Annealing statistics:
Portion of times candidate was better: 0.000000
Portion of times candidate was chosen by chance: 0.017544
--
>> 