My SLURM_ARRAY_TASK_ID:  4

                            < M A T L A B (R) >
                  Copyright 1984-2014 The MathWorks, Inc.
                   R2014b (8.4.0.150421) 64-bit (glnxa64)
                             September 15, 2014

 
For online documentation, see http://www.mathworks.com/support
For product information, visit www.mathworks.com.
 
EM for 4 states, 131 emission nodes. 22 observed values.
            gibbs: 0
    nGibbsItrPcnt: 0.8000
     annealParams: {}
           maxItr: 500
      convergeEps: 1.0000e-06
           minItr: 5
       parametric: 0
        initprobs: []
      persistBias: 0
          obsVals: []

- Initalized simulated annealing with params:
                     type: 'linear'
    max_chance_accpetance: 0.2000
             min_duration: 5
        min_init_duration: 5
             max_duration: 11
              converge_th: 1.0000e-06

--
Itr 1, LL= -16860477.834704 (Inf). Anneal status: T=NaN, dE=147.54, collecting statistics
Itr 2, LL= -4785052.744774 (Inf). Anneal status: T=NaN, dE=758.52, collecting statistics
Itr 3, LL= -4694623.269677 (Inf). Anneal status: T=NaN, dE=-210.56, collecting statistics
Itr 4, LL= -4660348.349316 (7300.888355). Anneal status: T=NaN, dE=-228.27, collecting statistics
Itr 5, LL= -4653234.601397 (1526.441241). Anneal status: T=NaN, dE=124.29, collecting statistics
Itr 6, LL= -4651571.818977 (357.339047). Anneal status: T=NaN, dE=-9.00, collecting statistics
Itr 7, LL= -4650982.187380 (126.759646). Anneal status: T=42.23, dE=7.26, candidate was chosen by chance
Itr 8, LL= -4650713.616770 (57.744923). Anneal status: T=42.23, dE=11.09, candidate was rejected
Itr 9, LL= -4650557.071029 (33.660585). Anneal status: T=42.23, dE=2.64, candidate was rejected
Itr 10, LL= -4650462.857320 (20.258586). Anneal status: T=42.23, dE=287.57, candidate was rejected
Itr 11, LL= -4650387.547812 (16.193981). Anneal status: T=42.23, dE=31.94, candidate was rejected
Itr 12, LL= -4650336.553331 (10.965641). Anneal status: T=38.00, dE=2.37, candidate was chosen by chance
Itr 13, LL= -4650291.373719 (9.715342). Anneal status: T=38.00, dE=57.04, candidate was rejected
Itr 14, LL= -4650253.652903 (8.111495). Anneal status: T=38.00, dE=199.80, candidate was rejected
Itr 15, LL= -4650214.256262 (8.471934). Anneal status: T=38.00, dE=206.29, candidate was rejected
Itr 16, LL= -4650170.507448 (9.407914). Anneal status: T=38.00, dE=355.09, candidate was rejected
Itr 17, LL= -4650125.770542 (9.620487). Anneal status: T=33.78, dE=4.08, candidate was chosen by chance
Itr 18, LL= -4650084.484243 (8.878534). Anneal status: T=33.78, dE=8.14, candidate was chosen by chance
Itr 19, LL= -4650032.737772 (11.128071). Anneal status: T=33.78, dE=333.23, candidate was rejected
Itr 20, LL= -4649991.796143 (8.804589). Anneal status: T=33.78, dE=55.17, candidate was rejected
Itr 21, LL= -4649965.546222 (5.645154). Anneal status: T=33.78, dE=6.72, candidate was chosen by chance
Itr 22, LL= -4649933.307008 (6.933216). Anneal status: T=29.56, dE=182.85, candidate was rejected
Itr 23, LL= -4649922.624398 (2.297368). Anneal status: T=29.56, dE=12.25, candidate was chosen by chance
Itr 24, LL= -4649898.423680 (5.204542). Anneal status: T=29.56, dE=8.18, candidate was chosen by chance
Itr 25, LL= -4649878.445617 (4.296451). Anneal status: T=29.56, dE=3.68, candidate was chosen by chance
Itr 26, LL= -4649909.137614 (-6.600602). Anneal status: T=29.56, dE=47.09, candidate was chosen by chance
Itr 27, LL= -4649857.267325 (11.155119). Anneal status: T=25.34, dE=7.51, candidate was chosen by chance
Itr 28, LL= -4649842.370187 (3.203784). Anneal status: T=25.34, dE=121.39, candidate was rejected
Itr 29, LL= -4649836.187654 (1.329622). Anneal status: T=25.34, dE=0.34, candidate was chosen by chance
Itr 30, LL= -4649830.795804 (1.159579). Anneal status: T=25.34, dE=136.16, candidate was rejected
Itr 31, LL= -4649826.500372 (0.923782). Anneal status: T=25.34, dE=13.46, candidate was rejected
Itr 32, LL= -4649822.989068 (0.755147). Anneal status: T=21.11, dE=317.41, candidate was rejected
Itr 33, LL= -4649820.114453 (0.618220). Anneal status: T=21.11, dE=92.18, candidate was rejected
-- Annealing statistics:
Portion of times candidate was better: 0.000000
Portion of times candidate was chosen by chance: 0.333333
--
EM for 4 states, 131 emission nodes. 22 observed values.
            gibbs: 0
    nGibbsItrPcnt: 0.8000
     annealParams: {}
           maxItr: 500
      convergeEps: 1.0000e-06
           minItr: 5
       parametric: 0
        initprobs: []
      persistBias: 0
          obsVals: []

- Initalized simulated annealing with params:
                     type: 'linear'
    max_chance_accpetance: 0.2000
             min_duration: 5
        min_init_duration: 5
             max_duration: 11
              converge_th: 1.0000e-06

--
Itr 1, LL= -16728435.777885 (Inf). Anneal status: T=NaN, dE=490.69, collecting statistics
Itr 2, LL= -4792559.692872 (Inf). Anneal status: T=NaN, dE=411.16, collecting statistics
Itr 3, LL= -4713335.340748 (Inf). Anneal status: T=NaN, dE=-87.83, collecting statistics
Itr 4, LL= -4674123.594943 (8319.320178). Anneal status: T=NaN, dE=455.14, collecting statistics
Itr 5, LL= -4662692.123791 (2445.692956). Anneal status: T=186.28, dE=255.97, candidate was rejected
Itr 6, LL= -4657151.352143 (1188.320288). Anneal status: T=186.28, dE=166.65, candidate was chosen by chance
Itr 7, LL= -4653968.878790 (683.351927). Anneal status: T=186.28, dE=-4.14, candidate was better
Itr 8, LL= -4652297.897118 (359.044445). Anneal status: T=186.28, dE=6.89, candidate was chosen by chance
Itr 9, LL= -4651389.503670 (195.256939). Anneal status: T=186.28, dE=1.24, candidate was chosen by chance
Itr 10, LL= -4650809.057230 (124.789902). Anneal status: T=167.66, dE=0.92, candidate was chosen by chance
Itr 11, LL= -4650407.024911 (86.443523). Anneal status: T=167.66, dE=258.39, candidate was rejected
Itr 12, LL= -4650087.303437 (68.751288). Anneal status: T=167.66, dE=10.34, candidate was chosen by chance
Itr 13, LL= -4649842.393888 (52.667731). Anneal status: T=167.66, dE=18.27, candidate was chosen by chance
Itr 14, LL= -4649617.658093 (48.331917). Anneal status: T=167.66, dE=5.39, candidate was chosen by chance
Itr 15, LL= -4649443.203360 (37.520232). Anneal status: T=149.03, dE=1.95, candidate was chosen by chance
Itr 16, LL= -4649310.647984 (28.509946). Anneal status: T=149.03, dE=7.60, candidate was chosen by chance
Itr 17, LL= -4649196.131983 (24.630749). Anneal status: T=149.03, dE=6.60, candidate was chosen by chance
Itr 18, LL= -4649103.166397 (19.996056). Anneal status: T=149.03, dE=138.10, candidate was rejected
Itr 19, LL= -4649038.789955 (13.847067). Anneal status: T=149.03, dE=8.34, candidate was chosen by chance
Itr 20, LL= -4648975.652027 (13.580856). Anneal status: T=130.40, dE=12.20, candidate was chosen by chance
Itr 21, LL= -4649160.902927 (-39.847681). Anneal status: T=130.40, dE=240.58, candidate was chosen by chance
Itr 22, LL= -4648883.069154 (59.759982). Anneal status: T=130.40, dE=228.68, candidate was rejected
Itr 23, LL= -4648934.297979 (-11.019599). Anneal status: T=130.40, dE=85.19, candidate was chosen by chance
Itr 24, LL= -4648839.126004 (20.471783). Anneal status: T=130.40, dE=10.38, candidate was chosen by chance
Itr 25, LL= -4648814.322182 (5.335487). Anneal status: T=111.77, dE=1.34, candidate was chosen by chance
Itr 26, LL= -4648795.253151 (4.101913). Anneal status: T=111.77, dE=279.91, candidate was rejected
Itr 27, LL= -4648790.368783 (1.050674). Anneal status: T=111.77, dE=3.20, candidate was chosen by chance
Itr 28, LL= -4648792.810390 (-0.525213). Anneal status: T=111.77, dE=10.46, candidate was chosen by chance
Itr 29, LL= -4648782.292716 (2.262453). Anneal status: T=111.77, dE=3.82, candidate was chosen by chance
Itr 30, LL= -4648773.760746 (1.835313). Anneal status: T=93.14, dE=10.15, candidate was rejected
Itr 31, LL= -4648781.758904 (-1.720488). Anneal status: T=93.14, dE=10.42, candidate was chosen by chance
Itr 32, LL= -4648768.331936 (2.888277). Anneal status: T=93.14, dE=74.83, candidate was rejected
Itr 33, LL= -4648773.004334 (-1.005083). Anneal status: T=93.14, dE=9.31, candidate was chosen by chance
Itr 34, LL= -4648777.983620 (-1.071097). Anneal status: T=93.14, dE=18.43, candidate was chosen by chance
Itr 35, LL= -4648754.300508 (5.094481). Anneal status: T=74.51, dE=230.13, candidate was rejected
Itr 36, LL= -4648757.479734 (-0.683888). Anneal status: T=74.51, dE=4.86, candidate was chosen by chance
Itr 37, LL= -4648754.375698 (0.667713). Anneal status: T=74.51, dE=1.23, candidate was chosen by chance
Itr 38, LL= -4648760.511014 (-1.319776). Anneal status: T=74.51, dE=7.69, candidate was chosen by chance
Itr 39, LL= -4648752.463491 (1.731112). Anneal status: T=74.51, dE=102.01, candidate was rejected
Itr 40, LL= -4648806.565443 (-11.637951). Anneal status: T=55.89, dE=56.69, candidate was chosen by chance
Itr 41, LL= -4648753.651648 (11.382232). Anneal status: T=55.89, dE=42.82, candidate was rejected
Itr 42, LL= -4648749.509170 (0.891094). Anneal status: T=55.89, dE=142.97, candidate was rejected
Itr 43, LL= -4648757.553992 (-1.730535). Anneal status: T=55.89, dE=9.10, candidate was chosen by chance
Itr 44, LL= -4648794.956035 (-8.045600). Anneal status: T=55.89, dE=45.74, candidate was chosen by chance
Itr 45, LL= -4648750.133321 (9.641792). Anneal status: T=37.26, dE=0.75, candidate was chosen by chance
Itr 46, LL= -4648747.756656 (0.511248). Anneal status: T=37.26, dE=195.50, candidate was rejected
Itr 47, LL= -4648753.305023 (-1.193519). Anneal status: T=37.26, dE=6.49, candidate was chosen by chance
Itr 48, LL= -4648747.500931 (1.248526). Anneal status: T=37.26, dE=0.94, candidate was chosen by chance
Itr 49, LL= -4648744.991352 (0.539840). Anneal status: T=37.26, dE=124.09, candidate was rejected
Itr 50, LL= -4648743.881182 (0.238811). Anneal status: T=18.63, dE=131.07, candidate was rejected
Itr 51, LL= -4648743.703407 (0.038242). Anneal status: T=18.63, dE=146.97, candidate was rejected
-- Annealing statistics:
Portion of times candidate was better: 0.019608
Portion of times candidate was chosen by chance: 0.607843
--
EM for 4 states, 131 emission nodes. 22 observed values.
            gibbs: 0
    nGibbsItrPcnt: 0.8000
     annealParams: {}
           maxItr: 500
      convergeEps: 1.0000e-06
           minItr: 5
       parametric: 0
        initprobs: []
      persistBias: 0
          obsVals: []

- Initalized simulated annealing with params:
                     type: 'linear'
    max_chance_accpetance: 0.2000
             min_duration: 5
        min_init_duration: 5
             max_duration: 11
              converge_th: 1.0000e-06

--
Itr 1, LL= -16520894.173656 (Inf). Anneal status: T=NaN, dE=-8823.45, collecting statistics
Itr 2, LL= -4793402.112572 (Inf). Anneal status: T=NaN, dE=56.70, collecting statistics
Itr 3, LL= -4725521.469791 (Inf). Anneal status: T=NaN, dE=76.88, collecting statistics
Itr 4, LL= -4687311.165616 (8085.944465). Anneal status: T=NaN, dE=-361.34, collecting statistics
Itr 5, LL= -4671163.895436 (3444.889748). Anneal status: T=NaN, dE=165.35, collecting statistics
Itr 6, LL= -4663798.809014 (1576.713339). Anneal status: T=16.33, dE=359.95, candidate was rejected
Itr 7, LL= -4658511.929222 (1133.599456). Anneal status: T=16.33, dE=24.47, candidate was rejected
Itr 8, LL= -4654090.087049 (949.196275). Anneal status: T=16.33, dE=129.78, candidate was rejected
Itr 9, LL= -4650811.996455 (704.346184). Anneal status: T=16.33, dE=8.98, candidate was rejected
Itr 10, LL= -4648783.972181 (436.058107). Anneal status: T=16.33, dE=252.43, candidate was rejected
Itr 11, LL= -4647494.524935 (277.373019). Anneal status: T=14.69, dE=0.63, candidate was chosen by chance
Itr 12, LL= -4646739.353737 (162.489960). Anneal status: T=14.69, dE=88.49, candidate was rejected
Itr 13, LL= -4646222.761048 (111.173158). Anneal status: T=14.69, dE=13.27, candidate was rejected
Itr 14, LL= -4645947.102984 (59.329498). Anneal status: T=14.69, dE=66.21, candidate was rejected
Itr 15, LL= -4645753.036311 (41.771176). Anneal status: T=14.69, dE=41.80, candidate was rejected
Itr 16, LL= -4645598.155418 (33.338168). Anneal status: T=13.06, dE=91.52, candidate was rejected
Itr 17, LL= -4645504.093693 (20.247495). Anneal status: T=13.06, dE=10.49, candidate was chosen by chance
Itr 18, LL= -4645417.115906 (18.723003). Anneal status: T=13.06, dE=0.95, candidate was chosen by chance
Itr 19, LL= -4645362.930101 (11.664357). Anneal status: T=13.06, dE=8.64, candidate was chosen by chance
Itr 20, LL= -4645314.001868 (10.532704). Anneal status: T=13.06, dE=120.42, candidate was rejected
Itr 21, LL= -4645286.623994 (5.893654). Anneal status: T=11.43, dE=13.28, candidate was rejected
Itr 22, LL= -4645248.794505 (8.143628). Anneal status: T=11.43, dE=45.77, candidate was rejected
Itr 23, LL= -4645214.719893 (7.335369). Anneal status: T=11.43, dE=10.43, candidate was rejected
Itr 24, LL= -4645198.988230 (3.386638). Anneal status: T=11.43, dE=9.58, candidate was rejected
Itr 25, LL= -4645182.678361 (3.511124). Anneal status: T=11.43, dE=103.85, candidate was rejected
Itr 26, LL= -4645169.649713 (2.804765). Anneal status: T=9.80, dE=2.75, candidate was chosen by chance
Itr 27, LL= -4645150.401111 (4.143789). Anneal status: T=9.80, dE=334.71, candidate was rejected
Itr 28, LL= -4645145.351646 (1.087040). Anneal status: T=9.80, dE=114.34, candidate was rejected
Itr 29, LL= -4645139.565856 (1.245556). Anneal status: T=9.80, dE=164.48, candidate was rejected
Itr 30, LL= -4645131.823768 (1.666707). Anneal status: T=9.80, dE=278.01, candidate was rejected
Itr 31, LL= -4645128.305126 (0.757490). Anneal status: T=8.16, dE=107.65, candidate was rejected
Itr 32, LL= -4645122.500791 (1.249553). Anneal status: T=8.16, dE=4.51, candidate was rejected
Itr 33, LL= -4645117.862292 (0.998574). Anneal status: T=8.16, dE=104.45, candidate was rejected
Itr 34, LL= -4645116.074295 (0.384920). Anneal status: T=8.16, dE=268.47, candidate was rejected
Itr 35, LL= -4645105.179805 (2.345364). Anneal status: T=8.16, dE=19.24, candidate was rejected
Itr 36, LL= -4645094.390345 (2.322759). Anneal status: T=6.53, dE=183.45, candidate was rejected
Itr 37, LL= -4645081.218347 (2.835679). Anneal status: T=6.53, dE=17.34, candidate was rejected
Itr 38, LL= -4645079.539598 (0.361404). Anneal status: T=6.53, dE=264.82, candidate was rejected
Itr 39, LL= -4645077.840296 (0.365828). Anneal status: T=6.53, dE=60.18, candidate was rejected
Itr 40, LL= -4645075.827507 (0.433317). Anneal status: T=6.53, dE=7.33, candidate was rejected
-- Annealing statistics:
Portion of times candidate was better: 0.000000
Portion of times candidate was chosen by chance: 0.125000
--
EM for 4 states, 131 emission nodes. 22 observed values.
            gibbs: 0
    nGibbsItrPcnt: 0.8000
     annealParams: {}
           maxItr: 500
      convergeEps: 1.0000e-06
           minItr: 5
       parametric: 0
        initprobs: []
      persistBias: 0
          obsVals: []

- Initalized simulated annealing with params:
                     type: 'linear'
    max_chance_accpetance: 0.2000
             min_duration: 5
        min_init_duration: 5
             max_duration: 11
              converge_th: 1.0000e-06

--
Itr 1, LL= -16795151.586551 (Inf). Anneal status: T=NaN, dE=-1756.00, collecting statistics
Itr 2, LL= -4803276.372090 (Inf). Anneal status: T=NaN, dE=-216.34, collecting statistics
Itr 3, LL= -4749901.053770 (Inf). Anneal status: T=NaN, dE=871.62, collecting statistics
Itr 4, LL= -4686598.593332 (13327.111391). Anneal status: T=NaN, dE=-386.63, collecting statistics
Itr 5, LL= -4673989.497452 (2690.457830). Anneal status: T=NaN, dE=212.60, collecting statistics
Itr 6, LL= -4669855.722127 (884.421184). Anneal status: T=NaN, dE=177.12, collecting statistics
Itr 7, LL= -4667629.168904 (476.792722). Anneal status: T=60.54, dE=64.24, candidate was rejected
Itr 8, LL= -4665131.928661 (535.012563). Anneal status: T=60.54, dE=309.28, candidate was rejected
Itr 9, LL= -4661040.174854 (877.092839). Anneal status: T=60.54, dE=-0.31, candidate was better
Itr 10, LL= -4655776.916114 (1129.202612). Anneal status: T=60.54, dE=190.79, candidate was rejected
Itr 11, LL= -4651854.888379 (842.400271). Anneal status: T=60.54, dE=22.67, candidate was rejected
Itr 12, LL= -4649870.994378 (426.473750). Anneal status: T=54.48, dE=-0.03, candidate was better
Itr 13, LL= -4648994.605065 (188.476049). Anneal status: T=37.19, dE=65.41, candidate was rejected
Itr 14, LL= -4648528.062188 (100.353499). Anneal status: T=37.19, dE=95.11, candidate was rejected
Itr 15, LL= -4648270.417637 (55.424975). Anneal status: T=37.19, dE=17.56, candidate was chosen by chance
Itr 16, LL= -4648114.329002 (33.579938). Anneal status: T=37.19, dE=266.77, candidate was rejected
Itr 17, LL= -4648009.530773 (22.546397). Anneal status: T=37.19, dE=-0.24, candidate was better
Itr 18, LL= -4647961.394276 (10.356368). Anneal status: T=33.47, dE=31.58, candidate was chosen by chance
Itr 19, LL= -4647871.250005 (19.394367). Anneal status: T=28.83, dE=288.23, candidate was rejected
Itr 20, LL= -4647832.742463 (8.284985). Anneal status: T=28.83, dE=56.71, candidate was rejected
Itr 21, LL= -4647813.665256 (4.104538). Anneal status: T=28.83, dE=4.53, candidate was chosen by chance
Itr 22, LL= -4647809.436070 (0.909930). Anneal status: T=28.83, dE=37.42, candidate was chosen by chance
Itr 23, LL= -4647731.523613 (16.763264). Anneal status: T=28.83, dE=203.22, candidate was rejected
Itr 24, LL= -4647687.676706 (9.434045). Anneal status: T=25.95, dE=5.69, candidate was rejected
Itr 25, LL= -4647668.037846 (4.225512). Anneal status: T=25.95, dE=116.11, candidate was rejected
Itr 26, LL= -4647657.122580 (2.348547). Anneal status: T=25.95, dE=130.00, candidate was rejected
Itr 27, LL= -4647653.291997 (0.824196). Anneal status: T=25.95, dE=13.21, candidate was chosen by chance
Itr 28, LL= -4647635.972208 (3.726567). Anneal status: T=25.95, dE=15.20, candidate was chosen by chance
Itr 29, LL= -4647609.876885 (5.614752). Anneal status: T=23.06, dE=136.29, candidate was rejected
Itr 30, LL= -4647612.440467 (-0.551591). Anneal status: T=23.06, dE=14.80, candidate was chosen by chance
Itr 31, LL= -4647595.689003 (3.604316). Anneal status: T=23.06, dE=4.53, candidate was chosen by chance
Itr 32, LL= -4647583.849248 (2.547501). Anneal status: T=23.06, dE=38.85, candidate was rejected
Itr 33, LL= -4647577.502793 (1.365539). Anneal status: T=23.06, dE=178.14, candidate was rejected
Itr 34, LL= -4647577.022388 (0.103367). Anneal status: T=20.18, dE=5.78, candidate was chosen by chance
Itr 35, LL= -4647569.530576 (1.611982). Anneal status: T=20.18, dE=164.44, candidate was rejected
Itr 36, LL= -4647573.730145 (-0.903605). Anneal status: T=20.18, dE=5.65, candidate was chosen by chance
Itr 37, LL= -4647577.986929 (-0.915915). Anneal status: T=20.18, dE=11.38, candidate was chosen by chance
Itr 38, LL= -4647561.836565 (3.475007). Anneal status: T=20.18, dE=4.41, candidate was rejected
Itr 39, LL= -4647558.077103 (0.808911). Anneal status: T=17.30, dE=87.52, candidate was rejected
Itr 40, LL= -4647566.501117 (-1.812568). Anneal status: T=17.30, dE=9.21, candidate was chosen by chance
Itr 41, LL= -4647566.218995 (0.060703). Anneal status: T=17.30, dE=8.99, candidate was chosen by chance
Itr 42, LL= -4647556.925497 (1.999648). Anneal status: T=17.30, dE=29.17, candidate was rejected
Itr 43, LL= -4647556.221248 (0.151531). Anneal status: T=17.30, dE=130.57, candidate was rejected
Itr 44, LL= -4647555.734600 (0.104711). Anneal status: T=14.42, dE=17.19, candidate was rejected
Itr 45, LL= -4647563.460652 (-1.662390). Anneal status: T=14.42, dE=8.20, candidate was chosen by chance
Itr 46, LL= -4647554.821214 (1.858918). Anneal status: T=14.42, dE=14.66, candidate was rejected
Itr 47, LL= -4647553.141574 (0.361403). Anneal status: T=14.42, dE=215.56, candidate was rejected
Itr 48, LL= -4647557.459890 (-0.929159). Anneal status: T=14.42, dE=9.01, candidate was chosen by chance
Itr 49, LL= -4647545.080520 (2.663629). Anneal status: T=11.53, dE=12.33, candidate was rejected
Itr 50, LL= -4647545.068607 (0.002563). Anneal status: T=11.53, dE=0.81, candidate was chosen by chance
Itr 51, LL= -4647543.800008 (0.272961). Anneal status: T=11.53, dE=6.37, candidate was rejected
Itr 52, LL= -4647542.981474 (0.176122). Anneal status: T=11.53, dE=40.64, candidate was rejected
-- Annealing statistics:
Portion of times candidate was better: 0.057692
Portion of times candidate was chosen by chance: 0.307692
--
>> 